[2024-07-02T15:44:56.214+0000] {taskinstance.py:1957} INFO - Dependencies all met for dep_context=non-requeueable deps ti=<TaskInstance: pipeline.check_report manual__2024-07-02T15:42:47.623707+00:00 [queued]>
[2024-07-02T15:44:56.222+0000] {taskinstance.py:1957} INFO - Dependencies all met for dep_context=requeueable deps ti=<TaskInstance: pipeline.check_report manual__2024-07-02T15:42:47.623707+00:00 [queued]>
[2024-07-02T15:44:56.222+0000] {taskinstance.py:2171} INFO - Starting attempt 1 of 1
[2024-07-02T15:44:56.242+0000] {taskinstance.py:2192} INFO - Executing <Task(_PythonExternalDecoratedOperator): check_report> on 2024-07-02 15:42:47.623707+00:00
[2024-07-02T15:44:56.248+0000] {standard_task_runner.py:60} INFO - Started process 1682 to run task
[2024-07-02T15:44:56.251+0000] {standard_task_runner.py:87} INFO - Running: ['***', 'tasks', 'run', 'pipeline', 'check_report', 'manual__2024-07-02T15:42:47.623707+00:00', '--job-id', '44', '--raw', '--subdir', 'DAGS_FOLDER/pipeline.py', '--cfg-path', '/tmp/tmpoeeyp2_v']
[2024-07-02T15:44:56.255+0000] {standard_task_runner.py:88} INFO - Job 44: Subtask check_report
[2024-07-02T15:44:56.296+0000] {task_command.py:423} INFO - Running <TaskInstance: pipeline.check_report manual__2024-07-02T15:42:47.623707+00:00 [running]> on host e21b7712e0d7
[2024-07-02T15:44:56.369+0000] {taskinstance.py:2481} INFO - Exporting env vars: AIRFLOW_CTX_DAG_OWNER='***' AIRFLOW_CTX_DAG_ID='pipeline' AIRFLOW_CTX_TASK_ID='check_report' AIRFLOW_CTX_EXECUTION_DATE='2024-07-02T15:42:47.623707+00:00' AIRFLOW_CTX_TRY_NUMBER='1' AIRFLOW_CTX_DAG_RUN_ID='manual__2024-07-02T15:42:47.623707+00:00'
[2024-07-02T15:44:56.407+0000] {python.py:903} WARNING - When checking for Airflow installed in virtual environment got Command '['/opt/airflow/soda_venv/bin/python', '-c', 'from airflow import __version__; print(__version__)']' returned non-zero exit status 1.
[2024-07-02T15:44:56.408+0000] {python.py:904} WARNING - This means that Airflow is not properly installed by  /opt/***/soda_venv/bin/python. Airflow context keys will not be available. Please Install Airflow 2.8.0 in your environment to access them.
[2024-07-02T15:44:56.618+0000] {process_utils.py:182} INFO - Executing cmd: /opt/***/soda_venv/bin/python /tmp/venv-callfv0_ggby/script.py /tmp/venv-callfv0_ggby/script.in /tmp/venv-callfv0_ggby/script.out /tmp/venv-callfv0_ggby/string_args.txt /tmp/venv-callfv0_ggby/termination.log
[2024-07-02T15:44:56.631+0000] {process_utils.py:186} INFO - Output:
[2024-07-02T15:44:59.496+0000] {process_utils.py:190} INFO - Running Soda Scan ...
[2024-07-02T15:44:59.496+0000] {process_utils.py:190} INFO - INFO   | Soda Core 3.0.45
[2024-07-02T15:44:59.497+0000] {process_utils.py:190} INFO - DEBUG  | Reading configuration file "/opt/***/dossier/soda/configuration/configuration.yml"
[2024-07-02T15:44:59.497+0000] {process_utils.py:190} INFO - DEBUG  | Reading SodaCL file "/opt/***/dossier/soda/checks/report/report_product_invoices.yml"
[2024-07-02T15:44:59.497+0000] {process_utils.py:190} INFO - DEBUG  | Reading SodaCL file "/opt/***/dossier/soda/checks/report/report_year_invoices.yml"
[2024-07-02T15:44:59.498+0000] {process_utils.py:190} INFO - DEBUG  | Reading SodaCL file "/opt/***/dossier/soda/checks/report/report_customer_invoices.yml"
[2024-07-02T15:44:59.498+0000] {process_utils.py:190} INFO - DEBUG  | Scan execution starts
[2024-07-02T15:44:59.498+0000] {process_utils.py:190} INFO - DEBUG  | Postgres connection properties: host="postgres", port="None", database="***", user="***", options="-c search_path=public", connection_timeout="None"
[2024-07-02T15:44:59.499+0000] {process_utils.py:190} INFO - DEBUG  | Query bdpostgres.report_product_invoices.aggregation[0]:
[2024-07-02T15:44:59.499+0000] {process_utils.py:190} INFO - SELECT
[2024-07-02T15:44:59.499+0000] {process_utils.py:190} INFO -   COUNT(CASE WHEN stock_code IS NULL THEN 1 END),
[2024-07-02T15:44:59.499+0000] {process_utils.py:190} INFO -   MIN(total_quantity_sold)
[2024-07-02T15:44:59.499+0000] {process_utils.py:190} INFO - FROM public.report_product_invoices
[2024-07-02T15:44:59.500+0000] {process_utils.py:190} INFO - DEBUG  | Query bdpostgres.report_year_invoices.aggregation[0]:
[2024-07-02T15:44:59.500+0000] {process_utils.py:190} INFO - SELECT
[2024-07-02T15:44:59.500+0000] {process_utils.py:190} INFO -   MIN(num_invoices)
[2024-07-02T15:44:59.500+0000] {process_utils.py:190} INFO - FROM public.report_year_invoices
[2024-07-02T15:44:59.500+0000] {process_utils.py:190} INFO - DEBUG  | Query bdpostgres.report_customer_invoices.aggregation[0]:
[2024-07-02T15:44:59.501+0000] {process_utils.py:190} INFO - SELECT
[2024-07-02T15:44:59.501+0000] {process_utils.py:190} INFO -   COUNT(CASE WHEN country IS NULL THEN 1 END),
[2024-07-02T15:44:59.501+0000] {process_utils.py:190} INFO -   MIN(total_invoices)
[2024-07-02T15:44:59.501+0000] {process_utils.py:190} INFO - FROM public.report_customer_invoices
[2024-07-02T15:44:59.501+0000] {process_utils.py:190} INFO - INFO   | Scan summary:
[2024-07-02T15:44:59.502+0000] {process_utils.py:190} INFO - DEBUG  | 3/3 queries OK
[2024-07-02T15:44:59.502+0000] {process_utils.py:190} INFO - DEBUG  |   bdpostgres.report_product_invoices.aggregation[0] [OK] 0:00:00.000824
[2024-07-02T15:44:59.502+0000] {process_utils.py:190} INFO - DEBUG  |   bdpostgres.report_year_invoices.aggregation[0] [OK] 0:00:00.000302
[2024-07-02T15:44:59.502+0000] {process_utils.py:190} INFO - DEBUG  |   bdpostgres.report_customer_invoices.aggregation[0] [OK] 0:00:00.000247
[2024-07-02T15:44:59.503+0000] {process_utils.py:190} INFO - INFO   | 5/5 checks PASSED:
[2024-07-02T15:44:59.503+0000] {process_utils.py:190} INFO - INFO   |     report_product_invoices in bdpostgres
[2024-07-02T15:44:59.503+0000] {process_utils.py:190} INFO - INFO   |       All products have a stock code [/opt/***/dossier/soda/checks/report/report_product_invoices.yml] [PASSED]
[2024-07-02T15:44:59.503+0000] {process_utils.py:190} INFO - INFO   |         check_value: 0
[2024-07-02T15:44:59.503+0000] {process_utils.py:190} INFO - INFO   |       min(total_quantity_sold) fail when <= 0 [/opt/***/dossier/soda/checks/report/report_product_invoices.yml] [PASSED]
[2024-07-02T15:44:59.504+0000] {process_utils.py:190} INFO - INFO   |         check_value: 331480
[2024-07-02T15:44:59.504+0000] {process_utils.py:190} INFO - INFO   |     report_year_invoices in bdpostgres
[2024-07-02T15:44:59.504+0000] {process_utils.py:190} INFO - INFO   |       min(num_invoices) fail when < 0 [/opt/***/dossier/soda/checks/report/report_year_invoices.yml] [PASSED]
[2024-07-02T15:44:59.504+0000] {process_utils.py:190} INFO - INFO   |         check_value: 18532
[2024-07-02T15:44:59.505+0000] {process_utils.py:190} INFO - INFO   |     report_customer_invoices in bdpostgres
[2024-07-02T15:44:59.505+0000] {process_utils.py:190} INFO - INFO   |       All customers have a country [/opt/***/dossier/soda/checks/report/report_customer_invoices.yml] [PASSED]
[2024-07-02T15:44:59.505+0000] {process_utils.py:190} INFO - INFO   |         check_value: 0
[2024-07-02T15:44:59.505+0000] {process_utils.py:190} INFO - INFO   |       min(total_invoices) fail when <= 0 [/opt/***/dossier/soda/checks/report/report_customer_invoices.yml] [PASSED]
[2024-07-02T15:44:59.506+0000] {process_utils.py:190} INFO - INFO   |         check_value: 32100
[2024-07-02T15:44:59.506+0000] {process_utils.py:190} INFO - INFO   | All is good. No failures. No warnings. No errors.
[2024-07-02T15:44:59.506+0000] {process_utils.py:190} INFO - INFO   | Sending results to Soda Cloud
[2024-07-02T15:44:59.506+0000] {process_utils.py:190} INFO - INFO   | Soda Cloud Trace: 5468285993284091355
[2024-07-02T15:44:59.556+0000] {python.py:201} INFO - Done. Returned value was: None
[2024-07-02T15:44:59.568+0000] {taskinstance.py:1138} INFO - Marking task as SUCCESS. dag_id=pipeline, task_id=check_report, execution_date=20240702T154247, start_date=20240702T154456, end_date=20240702T154459
[2024-07-02T15:44:59.593+0000] {local_task_job_runner.py:234} INFO - Task exited with return code 0
[2024-07-02T15:44:59.613+0000] {taskinstance.py:3281} INFO - 0 downstream tasks scheduled from follow-on schedule check
