[2024-07-02T09:27:09.885+0000] {taskinstance.py:1957} INFO - Dependencies all met for dep_context=non-requeueable deps ti=<TaskInstance: pipeline.cde_la_table manual__2024-07-02T09:27:04.190758+00:00 [queued]>
[2024-07-02T09:27:09.910+0000] {taskinstance.py:1957} INFO - Dependencies all met for dep_context=requeueable deps ti=<TaskInstance: pipeline.cde_la_table manual__2024-07-02T09:27:04.190758+00:00 [queued]>
[2024-07-02T09:27:09.911+0000] {taskinstance.py:2171} INFO - Starting attempt 1 of 1
[2024-07-02T09:27:09.958+0000] {taskinstance.py:2192} INFO - Executing <Task(PostgresOperator): cde_la_table> on 2024-07-02 09:27:04.190758+00:00
[2024-07-02T09:27:09.981+0000] {standard_task_runner.py:60} INFO - Started process 90 to run task
[2024-07-02T09:27:09.995+0000] {standard_task_runner.py:87} INFO - Running: ['***', 'tasks', 'run', 'pipeline', 'cde_la_table', 'manual__2024-07-02T09:27:04.190758+00:00', '--job-id', '5', '--raw', '--subdir', 'DAGS_FOLDER/pipeline.py', '--cfg-path', '/tmp/tmprh4_gvd4']
[2024-07-02T09:27:10.001+0000] {standard_task_runner.py:88} INFO - Job 5: Subtask cde_la_table
[2024-07-02T09:27:10.143+0000] {task_command.py:423} INFO - Running <TaskInstance: pipeline.cde_la_table manual__2024-07-02T09:27:04.190758+00:00 [running]> on host f675adcd3008
[2024-07-02T09:27:10.344+0000] {taskinstance.py:2481} INFO - Exporting env vars: AIRFLOW_CTX_DAG_OWNER='***' AIRFLOW_CTX_DAG_ID='pipeline' AIRFLOW_CTX_TASK_ID='cde_la_table' AIRFLOW_CTX_EXECUTION_DATE='2024-07-02T09:27:04.190758+00:00' AIRFLOW_CTX_TRY_NUMBER='1' AIRFLOW_CTX_DAG_RUN_ID='manual__2024-07-02T09:27:04.190758+00:00'
[2024-07-02T09:27:10.347+0000] {sql.py:276} INFO - Executing: 
            CREATE TABLE IF NOT EXISTS products (
                InvoiceNo TEXT ,
                StockCode TEXT ,
                Description TEXT ,
                Quantity INTEGER ,
                InvoiceDate TIMESTAMP ,
                UnitPrice REAL ,
                CustomerID REAL  ,
                Country TEXT 
            );
[2024-07-02T09:27:10.368+0000] {base.py:83} INFO - Using connection ID 'postgres' for task execution.
[2024-07-02T09:27:10.394+0000] {base.py:83} INFO - Using connection ID 'postgres' for task execution.
[2024-07-02T09:27:10.407+0000] {sql.py:432} INFO - Running statement: 
            CREATE TABLE IF NOT EXISTS products (
                InvoiceNo TEXT ,
                StockCode TEXT ,
                Description TEXT ,
                Quantity INTEGER ,
                InvoiceDate TIMESTAMP ,
                UnitPrice REAL ,
                CustomerID REAL  ,
                Country TEXT 
            );, parameters: None
[2024-07-02T09:27:10.429+0000] {taskinstance.py:1138} INFO - Marking task as SUCCESS. dag_id=pipeline, task_id=cde_la_table, execution_date=20240702T092704, start_date=20240702T092709, end_date=20240702T092710
[2024-07-02T09:27:10.497+0000] {local_task_job_runner.py:234} INFO - Task exited with return code 0
[2024-07-02T09:27:10.546+0000] {taskinstance.py:3281} INFO - 0 downstream tasks scheduled from follow-on schedule check
