[2024-07-02T15:43:15.469+0000] {taskinstance.py:1957} INFO - Dependencies all met for dep_context=non-requeueable deps ti=<TaskInstance: pipeline.transform.fct_invoices_run manual__2024-07-02T15:42:47.623707+00:00 [queued]>
[2024-07-02T15:43:15.480+0000] {taskinstance.py:1957} INFO - Dependencies all met for dep_context=requeueable deps ti=<TaskInstance: pipeline.transform.fct_invoices_run manual__2024-07-02T15:42:47.623707+00:00 [queued]>
[2024-07-02T15:43:15.480+0000] {taskinstance.py:2171} INFO - Starting attempt 1 of 1
[2024-07-02T15:43:15.494+0000] {taskinstance.py:2192} INFO - Executing <Task(DbtRunLocalOperator): transform.fct_invoices_run> on 2024-07-02 15:42:47.623707+00:00
[2024-07-02T15:43:15.501+0000] {standard_task_runner.py:60} INFO - Started process 1572 to run task
[2024-07-02T15:43:15.504+0000] {standard_task_runner.py:87} INFO - Running: ['***', 'tasks', 'run', 'pipeline', 'transform.fct_invoices_run', 'manual__2024-07-02T15:42:47.623707+00:00', '--job-id', '39', '--raw', '--subdir', 'DAGS_FOLDER/pipeline.py', '--cfg-path', '/tmp/tmpnmscti8p']
[2024-07-02T15:43:15.509+0000] {standard_task_runner.py:88} INFO - Job 39: Subtask transform.fct_invoices_run
[2024-07-02T15:43:15.554+0000] {task_command.py:423} INFO - Running <TaskInstance: pipeline.transform.fct_invoices_run manual__2024-07-02T15:42:47.623707+00:00 [running]> on host e21b7712e0d7
[2024-07-02T15:43:15.638+0000] {taskinstance.py:2481} INFO - Exporting env vars: AIRFLOW_CTX_DAG_OWNER='***' AIRFLOW_CTX_DAG_ID='pipeline' AIRFLOW_CTX_TASK_ID='transform.fct_invoices_run' AIRFLOW_CTX_EXECUTION_DATE='2024-07-02T15:42:47.623707+00:00' AIRFLOW_CTX_TRY_NUMBER='1' AIRFLOW_CTX_DAG_RUN_ID='manual__2024-07-02T15:42:47.623707+00:00'
[2024-07-02T15:43:15.640+0000] {log.py:232} WARNING - [[34m2024-07-02T15:43:15.640+0000[0m] {[34mlocal.py:[0m174} INFO[0m - [35m(astronomer-cosmos)[0m - Could not import dbtRunner. Falling back to subprocess for invoking dbt.[0m
[2024-07-02T15:43:15.640+0000] {log.py:232} WARNING - [[34m2024-07-02T15:43:15.640+0000[0m] {[34mlocal.py:[0m174} INFO[0m - [35m(astronomer-cosmos)[0m - Could not import dbtRunner. Falling back to subprocess for invoking dbt.[0m
[2024-07-02T15:43:15.640+0000] {local.py:174} INFO - Could not import dbtRunner. Falling back to subprocess for invoking dbt.
[2024-07-02T15:43:15.641+0000] {log.py:232} WARNING - [[34m2024-07-02T15:43:15.641+0000[0m] {[34mlocal.py:[0m292} INFO[0m - [35m(astronomer-cosmos)[0m - Cloning project to writable temp directory /tmp/tmpgepn2n2p from /opt/***/dossier/dbt[0m
[2024-07-02T15:43:15.641+0000] {log.py:232} WARNING - [[34m2024-07-02T15:43:15.641+0000[0m] {[34mlocal.py:[0m292} INFO[0m - [35m(astronomer-cosmos)[0m - Cloning project to writable temp directory /tmp/tmpgepn2n2p from /opt/***/dossier/dbt[0m
[2024-07-02T15:43:15.641+0000] {local.py:292} INFO - Cloning project to writable temp directory /tmp/tmpgepn2n2p from /opt/airflow/dossier/dbt
[2024-07-02T15:43:15.642+0000] {log.py:232} WARNING - [[34m2024-07-02T15:43:15.642+0000[0m] {[34mlocal.py:[0m303} INFO[0m - [35m(astronomer-cosmos)[0m - Partial parse is enabled and the latest partial parse file is /tmp/cosmos/pipeline__transform/target/partial_parse.msgpack[0m
[2024-07-02T15:43:15.643+0000] {log.py:232} WARNING - [[34m2024-07-02T15:43:15.642+0000[0m] {[34mlocal.py:[0m303} INFO[0m - [35m(astronomer-cosmos)[0m - Partial parse is enabled and the latest partial parse file is /tmp/cosmos/pipeline__transform/target/partial_parse.msgpack[0m
[2024-07-02T15:43:15.642+0000] {local.py:303} INFO - Partial parse is enabled and the latest partial parse file is /tmp/cosmos/pipeline__transform/target/partial_parse.msgpack
[2024-07-02T15:43:15.653+0000] {log.py:232} WARNING - [[34m2024-07-02T15:43:15.653+0000[0m] {[34mconfig.py:[0m288} INFO[0m - [35m(astronomer-cosmos)[0m - Using user-supplied profiles.yml at /opt/***/dossier/dbt/profiles.yml[0m
[2024-07-02T15:43:15.653+0000] {log.py:232} WARNING - [[34m2024-07-02T15:43:15.653+0000[0m] {[34mconfig.py:[0m288} INFO[0m - [35m(astronomer-cosmos)[0m - Using user-supplied profiles.yml at /opt/***/dossier/dbt/profiles.yml[0m
[2024-07-02T15:43:15.653+0000] {config.py:288} INFO - Using user-supplied profiles.yml at /opt/***/dossier/dbt/profiles.yml
[2024-07-02T15:43:15.654+0000] {log.py:232} WARNING - [[34m2024-07-02T15:43:15.653+0000[0m] {[34mlocal.py:[0m247} INFO[0m - [35m(astronomer-cosmos)[0m - Trying to run the command:
 ['/opt/***/dbt_env/bin/dbt', 'run', '--models', 'fct_invoices', '--project-dir', '/tmp/tmpgepn2n2p', '--profiles-dir', '/opt/***/dossier/dbt', '--profile', '***', '--target', 'dev']
From /tmp/tmpgepn2n2p[0m
[2024-07-02T15:43:15.654+0000] {log.py:232} WARNING - [[34m2024-07-02T15:43:15.653+0000[0m] {[34mlocal.py:[0m247} INFO[0m - [35m(astronomer-cosmos)[0m - Trying to run the command:
 ['/opt/***/dbt_env/bin/dbt', 'run', '--models', 'fct_invoices', '--project-dir', '/tmp/tmpgepn2n2p', '--profiles-dir', '/opt/***/dossier/dbt', '--profile', '***', '--target', 'dev']
From /tmp/tmpgepn2n2p[0m
[2024-07-02T15:43:15.653+0000] {local.py:247} INFO - Trying to run the command:
 ['/opt/***/dbt_env/bin/dbt', 'run', '--models', 'fct_invoices', '--project-dir', '/tmp/tmpgepn2n2p', '--profiles-dir', '/opt/***/dossier/dbt', '--profile', '***', '--target', 'dev']
From /tmp/tmpgepn2n2p
[2024-07-02T15:43:15.655+0000] {log.py:232} WARNING - [[34m2024-07-02T15:43:15.654+0000[0m] {[34msubprocess.py:[0m60} INFO[0m - [35m(astronomer-cosmos)[0m - Tmp dir root location: 
 /tmp[0m
[2024-07-02T15:43:15.655+0000] {log.py:232} WARNING - [[34m2024-07-02T15:43:15.654+0000[0m] {[34msubprocess.py:[0m60} INFO[0m - [35m(astronomer-cosmos)[0m - Tmp dir root location: 
 /tmp[0m
[2024-07-02T15:43:15.654+0000] {subprocess.py:60} INFO - Tmp dir root location: 
 /tmp
[2024-07-02T15:43:15.655+0000] {log.py:232} WARNING - [[34m2024-07-02T15:43:15.655+0000[0m] {[34msubprocess.py:[0m73} INFO[0m - [35m(astronomer-cosmos)[0m - Running command: ['/opt/***/dbt_env/bin/dbt', 'run', '--models', 'fct_invoices', '--project-dir', '/tmp/tmpgepn2n2p', '--profiles-dir', '/opt/***/dossier/dbt', '--profile', '***', '--target', 'dev'][0m
[2024-07-02T15:43:15.655+0000] {log.py:232} WARNING - [[34m2024-07-02T15:43:15.655+0000[0m] {[34msubprocess.py:[0m73} INFO[0m - [35m(astronomer-cosmos)[0m - Running command: ['/opt/***/dbt_env/bin/dbt', 'run', '--models', 'fct_invoices', '--project-dir', '/tmp/tmpgepn2n2p', '--profiles-dir', '/opt/***/dossier/dbt', '--profile', '***', '--target', 'dev'][0m
[2024-07-02T15:43:15.655+0000] {subprocess.py:73} INFO - Running command: ['/opt/***/dbt_env/bin/dbt', 'run', '--models', 'fct_invoices', '--project-dir', '/tmp/tmpgepn2n2p', '--profiles-dir', '/opt/***/dossier/dbt', '--profile', '***', '--target', 'dev']
[2024-07-02T15:43:15.670+0000] {log.py:232} WARNING - [[34m2024-07-02T15:43:15.670+0000[0m] {[34msubprocess.py:[0m84} INFO[0m - [35m(astronomer-cosmos)[0m - Command output:[0m
[2024-07-02T15:43:15.671+0000] {log.py:232} WARNING - [[34m2024-07-02T15:43:15.670+0000[0m] {[34msubprocess.py:[0m84} INFO[0m - [35m(astronomer-cosmos)[0m - Command output:[0m
[2024-07-02T15:43:15.670+0000] {subprocess.py:84} INFO - Command output:
[2024-07-02T15:43:17.640+0000] {log.py:232} WARNING - [[34m2024-07-02T15:43:17.640+0000[0m] {[34msubprocess.py:[0m94} INFO[0m - [35m(astronomer-cosmos)[0m - [0m15:43:17  Running with dbt=1.8.3[0m
[2024-07-02T15:43:17.641+0000] {log.py:232} WARNING - [[34m2024-07-02T15:43:17.640+0000[0m] {[34msubprocess.py:[0m94} INFO[0m - [35m(astronomer-cosmos)[0m - [0m15:43:17  Running with dbt=1.8.3[0m
[2024-07-02T15:43:17.640+0000] {subprocess.py:94} INFO - [0m15:43:17  Running with dbt=1.8.3
[2024-07-02T15:43:17.929+0000] {log.py:232} WARNING - [[34m2024-07-02T15:43:17.929+0000[0m] {[34msubprocess.py:[0m94} INFO[0m - [35m(astronomer-cosmos)[0m - [0m15:43:17  Registered adapter: postgres=1.8.2[0m
[2024-07-02T15:43:17.929+0000] {log.py:232} WARNING - [[34m2024-07-02T15:43:17.929+0000[0m] {[34msubprocess.py:[0m94} INFO[0m - [35m(astronomer-cosmos)[0m - [0m15:43:17  Registered adapter: postgres=1.8.2[0m
[2024-07-02T15:43:17.929+0000] {subprocess.py:94} INFO - [0m15:43:17  Registered adapter: postgres=1.8.2
[2024-07-02T15:43:18.378+0000] {log.py:232} WARNING - [[34m2024-07-02T15:43:18.378+0000[0m] {[34msubprocess.py:[0m94} INFO[0m - [35m(astronomer-cosmos)[0m - [0m15:43:18  Found 7 models, 2 sources, 529 macros[0m
[2024-07-02T15:43:18.378+0000] {log.py:232} WARNING - [[34m2024-07-02T15:43:18.378+0000[0m] {[34msubprocess.py:[0m94} INFO[0m - [35m(astronomer-cosmos)[0m - [0m15:43:18  Found 7 models, 2 sources, 529 macros[0m
[2024-07-02T15:43:18.378+0000] {subprocess.py:94} INFO - [0m15:43:18  Found 7 models, 2 sources, 529 macros
[2024-07-02T15:43:18.380+0000] {log.py:232} WARNING - [[34m2024-07-02T15:43:18.380+0000[0m] {[34msubprocess.py:[0m94} INFO[0m - [35m(astronomer-cosmos)[0m - [0m15:43:18[0m
[2024-07-02T15:43:18.380+0000] {log.py:232} WARNING - [[34m2024-07-02T15:43:18.380+0000[0m] {[34msubprocess.py:[0m94} INFO[0m - [35m(astronomer-cosmos)[0m - [0m15:43:18[0m
[2024-07-02T15:43:18.380+0000] {subprocess.py:94} INFO - [0m15:43:18
[2024-07-02T15:43:18.540+0000] {log.py:232} WARNING - [[34m2024-07-02T15:43:18.540+0000[0m] {[34msubprocess.py:[0m94} INFO[0m - [35m(astronomer-cosmos)[0m - [0m15:43:18  Concurrency: 1 threads (target='dev')[0m
[2024-07-02T15:43:18.541+0000] {log.py:232} WARNING - [[34m2024-07-02T15:43:18.540+0000[0m] {[34msubprocess.py:[0m94} INFO[0m - [35m(astronomer-cosmos)[0m - [0m15:43:18  Concurrency: 1 threads (target='dev')[0m
[2024-07-02T15:43:18.540+0000] {subprocess.py:94} INFO - [0m15:43:18  Concurrency: 1 threads (target='dev')
[2024-07-02T15:43:18.541+0000] {log.py:232} WARNING - [[34m2024-07-02T15:43:18.541+0000[0m] {[34msubprocess.py:[0m94} INFO[0m - [35m(astronomer-cosmos)[0m - [0m15:43:18[0m
[2024-07-02T15:43:18.541+0000] {log.py:232} WARNING - [[34m2024-07-02T15:43:18.541+0000[0m] {[34msubprocess.py:[0m94} INFO[0m - [35m(astronomer-cosmos)[0m - [0m15:43:18[0m
[2024-07-02T15:43:18.541+0000] {subprocess.py:94} INFO - [0m15:43:18
[2024-07-02T15:43:18.551+0000] {log.py:232} WARNING - [[34m2024-07-02T15:43:18.551+0000[0m] {[34msubprocess.py:[0m94} INFO[0m - [35m(astronomer-cosmos)[0m - [0m15:43:18  1 of 1 START sql table model public.fct_invoices ............................... [RUN][0m
[2024-07-02T15:43:18.552+0000] {log.py:232} WARNING - [[34m2024-07-02T15:43:18.551+0000[0m] {[34msubprocess.py:[0m94} INFO[0m - [35m(astronomer-cosmos)[0m - [0m15:43:18  1 of 1 START sql table model public.fct_invoices ............................... [RUN][0m
[2024-07-02T15:43:18.551+0000] {subprocess.py:94} INFO - [0m15:43:18  1 of 1 START sql table model public.fct_invoices ............................... [RUN]
[2024-07-02T15:44:02.332+0000] {log.py:232} WARNING - [[34m2024-07-02T15:44:02.332+0000[0m] {[34msubprocess.py:[0m94} INFO[0m - [35m(astronomer-cosmos)[0m - [0m15:44:02  1 of 1 OK created sql table model public.fct_invoices .......................... [[32mSELECT 7821296[0m in 43.78s][0m
[2024-07-02T15:44:02.333+0000] {log.py:232} WARNING - [[34m2024-07-02T15:44:02.332+0000[0m] {[34msubprocess.py:[0m94} INFO[0m - [35m(astronomer-cosmos)[0m - [0m15:44:02  1 of 1 OK created sql table model public.fct_invoices .......................... [[32mSELECT 7821296[0m in 43.78s][0m
[2024-07-02T15:44:02.332+0000] {subprocess.py:94} INFO - [0m15:44:02  1 of 1 OK created sql table model public.fct_invoices .......................... [[32mSELECT 7821296[0m in 43.78s]
[2024-07-02T15:44:02.347+0000] {log.py:232} WARNING - [[34m2024-07-02T15:44:02.347+0000[0m] {[34msubprocess.py:[0m94} INFO[0m - [35m(astronomer-cosmos)[0m - [0m15:44:02[0m
[2024-07-02T15:44:02.347+0000] {log.py:232} WARNING - [[34m2024-07-02T15:44:02.347+0000[0m] {[34msubprocess.py:[0m94} INFO[0m - [35m(astronomer-cosmos)[0m - [0m15:44:02[0m
[2024-07-02T15:44:02.347+0000] {subprocess.py:94} INFO - [0m15:44:02
[2024-07-02T15:44:02.347+0000] {log.py:232} WARNING - [[34m2024-07-02T15:44:02.347+0000[0m] {[34msubprocess.py:[0m94} INFO[0m - [35m(astronomer-cosmos)[0m - [0m15:44:02  Finished running 1 table model in 0 hours 0 minutes and 43.97 seconds (43.97s).[0m
[2024-07-02T15:44:02.348+0000] {log.py:232} WARNING - [[34m2024-07-02T15:44:02.347+0000[0m] {[34msubprocess.py:[0m94} INFO[0m - [35m(astronomer-cosmos)[0m - [0m15:44:02  Finished running 1 table model in 0 hours 0 minutes and 43.97 seconds (43.97s).[0m
[2024-07-02T15:44:02.347+0000] {subprocess.py:94} INFO - [0m15:44:02  Finished running 1 table model in 0 hours 0 minutes and 43.97 seconds (43.97s).
[2024-07-02T15:44:02.454+0000] {log.py:232} WARNING - [[34m2024-07-02T15:44:02.454+0000[0m] {[34msubprocess.py:[0m94} INFO[0m - [35m(astronomer-cosmos)[0m - [0m15:44:02[0m
[2024-07-02T15:44:02.454+0000] {log.py:232} WARNING - [[34m2024-07-02T15:44:02.454+0000[0m] {[34msubprocess.py:[0m94} INFO[0m - [35m(astronomer-cosmos)[0m - [0m15:44:02[0m
[2024-07-02T15:44:02.454+0000] {subprocess.py:94} INFO - [0m15:44:02
[2024-07-02T15:44:02.455+0000] {log.py:232} WARNING - [[34m2024-07-02T15:44:02.454+0000[0m] {[34msubprocess.py:[0m94} INFO[0m - [35m(astronomer-cosmos)[0m - [0m15:44:02  [32mCompleted successfully[0m[0m
[2024-07-02T15:44:02.455+0000] {log.py:232} WARNING - [[34m2024-07-02T15:44:02.454+0000[0m] {[34msubprocess.py:[0m94} INFO[0m - [35m(astronomer-cosmos)[0m - [0m15:44:02  [32mCompleted successfully[0m[0m
[2024-07-02T15:44:02.454+0000] {subprocess.py:94} INFO - [0m15:44:02  [32mCompleted successfully[0m
[2024-07-02T15:44:02.455+0000] {log.py:232} WARNING - [[34m2024-07-02T15:44:02.455+0000[0m] {[34msubprocess.py:[0m94} INFO[0m - [35m(astronomer-cosmos)[0m - [0m15:44:02[0m
[2024-07-02T15:44:02.455+0000] {log.py:232} WARNING - [[34m2024-07-02T15:44:02.455+0000[0m] {[34msubprocess.py:[0m94} INFO[0m - [35m(astronomer-cosmos)[0m - [0m15:44:02[0m
[2024-07-02T15:44:02.455+0000] {subprocess.py:94} INFO - [0m15:44:02
[2024-07-02T15:44:02.455+0000] {log.py:232} WARNING - [[34m2024-07-02T15:44:02.455+0000[0m] {[34msubprocess.py:[0m94} INFO[0m - [35m(astronomer-cosmos)[0m - [0m15:44:02  Done. PASS=1 WARN=0 ERROR=0 SKIP=0 TOTAL=1[0m
[2024-07-02T15:44:02.456+0000] {log.py:232} WARNING - [[34m2024-07-02T15:44:02.455+0000[0m] {[34msubprocess.py:[0m94} INFO[0m - [35m(astronomer-cosmos)[0m - [0m15:44:02  Done. PASS=1 WARN=0 ERROR=0 SKIP=0 TOTAL=1[0m
[2024-07-02T15:44:02.455+0000] {subprocess.py:94} INFO - [0m15:44:02  Done. PASS=1 WARN=0 ERROR=0 SKIP=0 TOTAL=1
[2024-07-02T15:44:03.825+0000] {log.py:232} WARNING - [[34m2024-07-02T15:44:03.825+0000[0m] {[34msubprocess.py:[0m98} INFO[0m - [35m(astronomer-cosmos)[0m - Command exited with return code 0[0m
[2024-07-02T15:44:03.826+0000] {log.py:232} WARNING - [[34m2024-07-02T15:44:03.825+0000[0m] {[34msubprocess.py:[0m98} INFO[0m - [35m(astronomer-cosmos)[0m - Command exited with return code 0[0m
[2024-07-02T15:44:03.825+0000] {subprocess.py:98} INFO - Command exited with return code 0
[2024-07-02T15:44:03.826+0000] {log.py:232} WARNING - [[34m2024-07-02T15:44:03.826+0000[0m] {[34mlocal.py:[0m254} INFO[0m - [35m(astronomer-cosmos)[0m - [0m15:44:02  Done. PASS=1 WARN=0 ERROR=0 SKIP=0 TOTAL=1[0m
[2024-07-02T15:44:03.827+0000] {log.py:232} WARNING - [[34m2024-07-02T15:44:03.826+0000[0m] {[34mlocal.py:[0m254} INFO[0m - [35m(astronomer-cosmos)[0m - [0m15:44:02  Done. PASS=1 WARN=0 ERROR=0 SKIP=0 TOTAL=1[0m
[2024-07-02T15:44:03.826+0000] {local.py:254} INFO - [0m15:44:02  Done. PASS=1 WARN=0 ERROR=0 SKIP=0 TOTAL=1
[2024-07-02T15:44:03.841+0000] {local.py:138} WARNING - Artifact schema version: https://schemas.getdbt.com/dbt/manifest/v12.json is above dbt-ol supported version 7. This might cause errors.
[2024-07-02T15:44:03.842+0000] {local.py:138} WARNING - Artifact schema version: https://schemas.getdbt.com/dbt/run-results/v6.json is above dbt-ol supported version 5. This might cause errors.
[2024-07-02T15:44:03.849+0000] {log.py:232} WARNING - [[34m2024-07-02T15:44:03.849+0000[0m] {[34mlocal.py:[0m349} INFO[0m - [35m(astronomer-cosmos)[0m - Inlets: [Dataset(uri='postgres://postgres:5432/***.public.dim_customer', extra=None), Dataset(uri='postgres://postgres:5432/***.public.dim_datetime', extra=None), Dataset(uri='postgres://postgres:5432/***.public.dim_product', extra=None)][0m
[2024-07-02T15:44:03.849+0000] {log.py:232} WARNING - [[34m2024-07-02T15:44:03.849+0000[0m] {[34mlocal.py:[0m349} INFO[0m - [35m(astronomer-cosmos)[0m - Inlets: [Dataset(uri='postgres://postgres:5432/***.public.dim_customer', extra=None), Dataset(uri='postgres://postgres:5432/***.public.dim_datetime', extra=None), Dataset(uri='postgres://postgres:5432/***.public.dim_product', extra=None)][0m
[2024-07-02T15:44:03.849+0000] {local.py:349} INFO - Inlets: [Dataset(uri='postgres://postgres:5432/airflow.public.dim_customer', extra=None), Dataset(uri='postgres://postgres:5432/airflow.public.dim_datetime', extra=None), Dataset(uri='postgres://postgres:5432/airflow.public.dim_product', extra=None)]
[2024-07-02T15:44:03.850+0000] {log.py:232} WARNING - [[34m2024-07-02T15:44:03.850+0000[0m] {[34mlocal.py:[0m350} INFO[0m - [35m(astronomer-cosmos)[0m - Outlets: [Dataset(uri='postgres://postgres:5432/***.public.fct_invoices', extra=None)][0m
[2024-07-02T15:44:03.850+0000] {log.py:232} WARNING - [[34m2024-07-02T15:44:03.850+0000[0m] {[34mlocal.py:[0m350} INFO[0m - [35m(astronomer-cosmos)[0m - Outlets: [Dataset(uri='postgres://postgres:5432/***.public.fct_invoices', extra=None)][0m
[2024-07-02T15:44:03.850+0000] {local.py:350} INFO - Outlets: [Dataset(uri='postgres://postgres:5432/airflow.public.fct_invoices', extra=None)]
[2024-07-02T15:44:03.851+0000] {dag.py:3033} INFO - Sync 1 DAGs
[2024-07-02T15:44:03.883+0000] {dag.py:3820} INFO - Setting next_dagrun for pipeline to 2024-07-02T00:00:00+00:00, run_after=2024-07-03T00:00:00+00:00
[2024-07-02T15:44:03.918+0000] {warnings.py:109} WARNING - /home/***/.local/lib/python3.8/site-packages/***/models/baseoperator.py:1476: RemovedInAirflow3Warning: Passing 'execution_date' to 'TaskInstance.xcom_push()' is deprecated.
  context["ti"].xcom_push(key=key, value=value, execution_date=execution_date)

[2024-07-02T15:44:03.951+0000] {taskinstance.py:1138} INFO - Marking task as SUCCESS. dag_id=pipeline, task_id=transform.fct_invoices_run, execution_date=20240702T154247, start_date=20240702T154315, end_date=20240702T154403
[2024-07-02T15:44:04.005+0000] {local_task_job_runner.py:234} INFO - Task exited with return code 0
[2024-07-02T15:44:04.033+0000] {taskinstance.py:3281} INFO - 1 downstream tasks scheduled from follow-on schedule check
