[2024-07-02T09:27:09.895+0000] {taskinstance.py:1957} INFO - Dependencies all met for dep_context=non-requeueable deps ti=<TaskInstance: pipeline.copie_data manual__2024-07-02T09:27:04.190758+00:00 [queued]>
[2024-07-02T09:27:09.925+0000] {taskinstance.py:1957} INFO - Dependencies all met for dep_context=requeueable deps ti=<TaskInstance: pipeline.copie_data manual__2024-07-02T09:27:04.190758+00:00 [queued]>
[2024-07-02T09:27:09.926+0000] {taskinstance.py:2171} INFO - Starting attempt 1 of 1
[2024-07-02T09:27:09.966+0000] {taskinstance.py:2192} INFO - Executing <Task(PythonOperator): copie_data> on 2024-07-02 09:27:04.190758+00:00
[2024-07-02T09:27:09.981+0000] {standard_task_runner.py:60} INFO - Started process 89 to run task
[2024-07-02T09:27:09.994+0000] {standard_task_runner.py:87} INFO - Running: ['***', 'tasks', 'run', 'pipeline', 'copie_data', 'manual__2024-07-02T09:27:04.190758+00:00', '--job-id', '6', '--raw', '--subdir', 'DAGS_FOLDER/pipeline.py', '--cfg-path', '/tmp/tmpamzzwnaf']
[2024-07-02T09:27:10.000+0000] {standard_task_runner.py:88} INFO - Job 6: Subtask copie_data
[2024-07-02T09:27:10.141+0000] {task_command.py:423} INFO - Running <TaskInstance: pipeline.copie_data manual__2024-07-02T09:27:04.190758+00:00 [running]> on host f675adcd3008
[2024-07-02T09:27:10.376+0000] {taskinstance.py:2481} INFO - Exporting env vars: AIRFLOW_CTX_DAG_OWNER='***' AIRFLOW_CTX_DAG_ID='pipeline' AIRFLOW_CTX_TASK_ID='copie_data' AIRFLOW_CTX_EXECUTION_DATE='2024-07-02T09:27:04.190758+00:00' AIRFLOW_CTX_TRY_NUMBER='1' AIRFLOW_CTX_DAG_RUN_ID='manual__2024-07-02T09:27:04.190758+00:00'
[2024-07-02T09:27:10.379+0000] {postgres.py:172} INFO - Running copy expert: 
    COPY products (InvoiceNo, StockCode, Description, Quantity,InvoiceDate, UnitPrice, CustomerID, Country)
    FROM stdin
    WITH DELIMITER ','
    CSV HEADER
    , filename: /opt/***/dossier/data/online_retail.csv
[2024-07-02T09:27:10.397+0000] {base.py:83} INFO - Using connection ID 'postgres' for task execution.
[2024-07-02T09:27:12.657+0000] {python.py:201} INFO - Done. Returned value was: None
[2024-07-02T09:27:12.674+0000] {taskinstance.py:1138} INFO - Marking task as SUCCESS. dag_id=pipeline, task_id=copie_data, execution_date=20240702T092704, start_date=20240702T092709, end_date=20240702T092712
[2024-07-02T09:27:12.748+0000] {local_task_job_runner.py:234} INFO - Task exited with return code 0
[2024-07-02T09:27:12.776+0000] {taskinstance.py:3281} INFO - 0 downstream tasks scheduled from follow-on schedule check
