[2024-07-02T09:03:58.217+0000] {processor.py:161} INFO - Started process (PID=41) to work on /home/airflow/.local/lib/python3.8/site-packages/airflow/example_dags/example_params_trigger_ui.py
[2024-07-02T09:03:58.219+0000] {processor.py:830} INFO - Processing file /home/airflow/.local/lib/python3.8/site-packages/airflow/example_dags/example_params_trigger_ui.py for tasks to queue
[2024-07-02T09:03:58.222+0000] {logging_mixin.py:188} INFO - [2024-07-02T09:03:58.222+0000] {dagbag.py:538} INFO - Filling up the DagBag from /home/airflow/.local/lib/python3.8/site-packages/airflow/example_dags/example_params_trigger_ui.py
[2024-07-02T09:03:58.274+0000] {processor.py:840} INFO - DAG(s) 'example_params_trigger_ui' retrieved from /home/airflow/.local/lib/python3.8/site-packages/airflow/example_dags/example_params_trigger_ui.py
[2024-07-02T09:03:58.549+0000] {logging_mixin.py:188} INFO - [2024-07-02T09:03:58.547+0000] {override.py:1769} INFO - Created Permission View: can edit on DAG:example_params_trigger_ui
[2024-07-02T09:03:58.572+0000] {logging_mixin.py:188} INFO - [2024-07-02T09:03:58.571+0000] {override.py:1769} INFO - Created Permission View: can delete on DAG:example_params_trigger_ui
[2024-07-02T09:03:58.586+0000] {logging_mixin.py:188} INFO - [2024-07-02T09:03:58.585+0000] {override.py:1769} INFO - Created Permission View: can read on DAG:example_params_trigger_ui
[2024-07-02T09:03:58.586+0000] {logging_mixin.py:188} INFO - [2024-07-02T09:03:58.586+0000] {dag.py:3033} INFO - Sync 1 DAGs
[2024-07-02T09:03:58.616+0000] {logging_mixin.py:188} INFO - [2024-07-02T09:03:58.616+0000] {dag.py:3055} INFO - Creating ORM DAG for example_params_trigger_ui
[2024-07-02T09:03:58.617+0000] {logging_mixin.py:188} INFO - [2024-07-02T09:03:58.617+0000] {dag.py:3820} INFO - Setting next_dagrun for example_params_trigger_ui to None, run_after=None
[2024-07-02T09:03:58.656+0000] {processor.py:183} INFO - Processing /home/airflow/.local/lib/python3.8/site-packages/airflow/example_dags/example_params_trigger_ui.py took 0.444 seconds
[2024-07-02T09:04:29.229+0000] {processor.py:161} INFO - Started process (PID=95) to work on /home/airflow/.local/lib/python3.8/site-packages/airflow/example_dags/example_params_trigger_ui.py
[2024-07-02T09:04:29.232+0000] {processor.py:830} INFO - Processing file /home/airflow/.local/lib/python3.8/site-packages/airflow/example_dags/example_params_trigger_ui.py for tasks to queue
[2024-07-02T09:04:29.235+0000] {logging_mixin.py:188} INFO - [2024-07-02T09:04:29.234+0000] {dagbag.py:538} INFO - Filling up the DagBag from /home/airflow/.local/lib/python3.8/site-packages/airflow/example_dags/example_params_trigger_ui.py
[2024-07-02T09:04:29.255+0000] {processor.py:840} INFO - DAG(s) 'example_params_trigger_ui' retrieved from /home/airflow/.local/lib/python3.8/site-packages/airflow/example_dags/example_params_trigger_ui.py
[2024-07-02T09:04:29.336+0000] {logging_mixin.py:188} INFO - [2024-07-02T09:04:29.336+0000] {dag.py:3033} INFO - Sync 1 DAGs
[2024-07-02T09:04:29.348+0000] {logging_mixin.py:188} INFO - [2024-07-02T09:04:29.348+0000] {dag.py:3820} INFO - Setting next_dagrun for example_params_trigger_ui to None, run_after=None
[2024-07-02T09:04:29.370+0000] {processor.py:183} INFO - Processing /home/airflow/.local/lib/python3.8/site-packages/airflow/example_dags/example_params_trigger_ui.py took 0.145 seconds
[2024-07-02T09:04:59.660+0000] {processor.py:161} INFO - Started process (PID=151) to work on /home/airflow/.local/lib/python3.8/site-packages/airflow/example_dags/example_params_trigger_ui.py
[2024-07-02T09:04:59.664+0000] {processor.py:830} INFO - Processing file /home/airflow/.local/lib/python3.8/site-packages/airflow/example_dags/example_params_trigger_ui.py for tasks to queue
[2024-07-02T09:04:59.666+0000] {logging_mixin.py:188} INFO - [2024-07-02T09:04:59.666+0000] {dagbag.py:538} INFO - Filling up the DagBag from /home/airflow/.local/lib/python3.8/site-packages/airflow/example_dags/example_params_trigger_ui.py
[2024-07-02T09:04:59.685+0000] {processor.py:840} INFO - DAG(s) 'example_params_trigger_ui' retrieved from /home/airflow/.local/lib/python3.8/site-packages/airflow/example_dags/example_params_trigger_ui.py
[2024-07-02T09:04:59.759+0000] {logging_mixin.py:188} INFO - [2024-07-02T09:04:59.759+0000] {dag.py:3033} INFO - Sync 1 DAGs
[2024-07-02T09:04:59.773+0000] {logging_mixin.py:188} INFO - [2024-07-02T09:04:59.773+0000] {dag.py:3820} INFO - Setting next_dagrun for example_params_trigger_ui to None, run_after=None
[2024-07-02T09:04:59.800+0000] {processor.py:183} INFO - Processing /home/airflow/.local/lib/python3.8/site-packages/airflow/example_dags/example_params_trigger_ui.py took 0.144 seconds
[2024-07-02T09:05:29.930+0000] {processor.py:161} INFO - Started process (PID=206) to work on /home/airflow/.local/lib/python3.8/site-packages/airflow/example_dags/example_params_trigger_ui.py
[2024-07-02T09:05:29.931+0000] {processor.py:830} INFO - Processing file /home/airflow/.local/lib/python3.8/site-packages/airflow/example_dags/example_params_trigger_ui.py for tasks to queue
[2024-07-02T09:05:29.934+0000] {logging_mixin.py:188} INFO - [2024-07-02T09:05:29.933+0000] {dagbag.py:538} INFO - Filling up the DagBag from /home/airflow/.local/lib/python3.8/site-packages/airflow/example_dags/example_params_trigger_ui.py
[2024-07-02T09:05:29.949+0000] {processor.py:840} INFO - DAG(s) 'example_params_trigger_ui' retrieved from /home/airflow/.local/lib/python3.8/site-packages/airflow/example_dags/example_params_trigger_ui.py
[2024-07-02T09:05:30.004+0000] {logging_mixin.py:188} INFO - [2024-07-02T09:05:30.004+0000] {dag.py:3033} INFO - Sync 1 DAGs
[2024-07-02T09:05:30.016+0000] {logging_mixin.py:188} INFO - [2024-07-02T09:05:30.016+0000] {dag.py:3820} INFO - Setting next_dagrun for example_params_trigger_ui to None, run_after=None
[2024-07-02T09:05:30.032+0000] {processor.py:183} INFO - Processing /home/airflow/.local/lib/python3.8/site-packages/airflow/example_dags/example_params_trigger_ui.py took 0.107 seconds
[2024-07-02T09:06:00.137+0000] {processor.py:161} INFO - Started process (PID=262) to work on /home/airflow/.local/lib/python3.8/site-packages/airflow/example_dags/example_params_trigger_ui.py
[2024-07-02T09:06:00.138+0000] {processor.py:830} INFO - Processing file /home/airflow/.local/lib/python3.8/site-packages/airflow/example_dags/example_params_trigger_ui.py for tasks to queue
[2024-07-02T09:06:00.140+0000] {logging_mixin.py:188} INFO - [2024-07-02T09:06:00.139+0000] {dagbag.py:538} INFO - Filling up the DagBag from /home/airflow/.local/lib/python3.8/site-packages/airflow/example_dags/example_params_trigger_ui.py
[2024-07-02T09:06:00.151+0000] {processor.py:840} INFO - DAG(s) 'example_params_trigger_ui' retrieved from /home/airflow/.local/lib/python3.8/site-packages/airflow/example_dags/example_params_trigger_ui.py
[2024-07-02T09:06:00.223+0000] {logging_mixin.py:188} INFO - [2024-07-02T09:06:00.223+0000] {dag.py:3033} INFO - Sync 1 DAGs
[2024-07-02T09:06:00.237+0000] {logging_mixin.py:188} INFO - [2024-07-02T09:06:00.237+0000] {dag.py:3820} INFO - Setting next_dagrun for example_params_trigger_ui to None, run_after=None
[2024-07-02T09:06:00.259+0000] {processor.py:183} INFO - Processing /home/airflow/.local/lib/python3.8/site-packages/airflow/example_dags/example_params_trigger_ui.py took 0.125 seconds
[2024-07-02T09:06:30.621+0000] {processor.py:161} INFO - Started process (PID=315) to work on /home/airflow/.local/lib/python3.8/site-packages/airflow/example_dags/example_params_trigger_ui.py
[2024-07-02T09:06:30.625+0000] {processor.py:830} INFO - Processing file /home/airflow/.local/lib/python3.8/site-packages/airflow/example_dags/example_params_trigger_ui.py for tasks to queue
[2024-07-02T09:06:30.627+0000] {logging_mixin.py:188} INFO - [2024-07-02T09:06:30.626+0000] {dagbag.py:538} INFO - Filling up the DagBag from /home/airflow/.local/lib/python3.8/site-packages/airflow/example_dags/example_params_trigger_ui.py
[2024-07-02T09:06:30.639+0000] {processor.py:840} INFO - DAG(s) 'example_params_trigger_ui' retrieved from /home/airflow/.local/lib/python3.8/site-packages/airflow/example_dags/example_params_trigger_ui.py
[2024-07-02T09:06:30.688+0000] {logging_mixin.py:188} INFO - [2024-07-02T09:06:30.688+0000] {dag.py:3033} INFO - Sync 1 DAGs
[2024-07-02T09:06:30.699+0000] {logging_mixin.py:188} INFO - [2024-07-02T09:06:30.698+0000] {dag.py:3820} INFO - Setting next_dagrun for example_params_trigger_ui to None, run_after=None
[2024-07-02T09:06:30.715+0000] {processor.py:183} INFO - Processing /home/airflow/.local/lib/python3.8/site-packages/airflow/example_dags/example_params_trigger_ui.py took 0.097 seconds
[2024-07-02T09:07:00.917+0000] {processor.py:161} INFO - Started process (PID=370) to work on /home/airflow/.local/lib/python3.8/site-packages/airflow/example_dags/example_params_trigger_ui.py
[2024-07-02T09:07:00.925+0000] {processor.py:830} INFO - Processing file /home/airflow/.local/lib/python3.8/site-packages/airflow/example_dags/example_params_trigger_ui.py for tasks to queue
[2024-07-02T09:07:00.929+0000] {logging_mixin.py:188} INFO - [2024-07-02T09:07:00.928+0000] {dagbag.py:538} INFO - Filling up the DagBag from /home/airflow/.local/lib/python3.8/site-packages/airflow/example_dags/example_params_trigger_ui.py
[2024-07-02T09:07:00.950+0000] {processor.py:840} INFO - DAG(s) 'example_params_trigger_ui' retrieved from /home/airflow/.local/lib/python3.8/site-packages/airflow/example_dags/example_params_trigger_ui.py
[2024-07-02T09:07:01.017+0000] {logging_mixin.py:188} INFO - [2024-07-02T09:07:01.017+0000] {dag.py:3033} INFO - Sync 1 DAGs
[2024-07-02T09:07:01.036+0000] {logging_mixin.py:188} INFO - [2024-07-02T09:07:01.036+0000] {dag.py:3820} INFO - Setting next_dagrun for example_params_trigger_ui to None, run_after=None
[2024-07-02T09:07:01.097+0000] {processor.py:183} INFO - Processing /home/airflow/.local/lib/python3.8/site-packages/airflow/example_dags/example_params_trigger_ui.py took 0.183 seconds
[2024-07-02T09:07:31.604+0000] {processor.py:161} INFO - Started process (PID=425) to work on /home/airflow/.local/lib/python3.8/site-packages/airflow/example_dags/example_params_trigger_ui.py
[2024-07-02T09:07:31.605+0000] {processor.py:830} INFO - Processing file /home/airflow/.local/lib/python3.8/site-packages/airflow/example_dags/example_params_trigger_ui.py for tasks to queue
[2024-07-02T09:07:31.606+0000] {logging_mixin.py:188} INFO - [2024-07-02T09:07:31.606+0000] {dagbag.py:538} INFO - Filling up the DagBag from /home/airflow/.local/lib/python3.8/site-packages/airflow/example_dags/example_params_trigger_ui.py
[2024-07-02T09:07:31.618+0000] {processor.py:840} INFO - DAG(s) 'example_params_trigger_ui' retrieved from /home/airflow/.local/lib/python3.8/site-packages/airflow/example_dags/example_params_trigger_ui.py
[2024-07-02T09:07:31.686+0000] {logging_mixin.py:188} INFO - [2024-07-02T09:07:31.686+0000] {dag.py:3033} INFO - Sync 1 DAGs
[2024-07-02T09:07:31.699+0000] {logging_mixin.py:188} INFO - [2024-07-02T09:07:31.698+0000] {dag.py:3820} INFO - Setting next_dagrun for example_params_trigger_ui to None, run_after=None
[2024-07-02T09:07:31.720+0000] {processor.py:183} INFO - Processing /home/airflow/.local/lib/python3.8/site-packages/airflow/example_dags/example_params_trigger_ui.py took 0.118 seconds
[2024-07-02T09:08:02.213+0000] {processor.py:161} INFO - Started process (PID=480) to work on /home/airflow/.local/lib/python3.8/site-packages/airflow/example_dags/example_params_trigger_ui.py
[2024-07-02T09:08:02.214+0000] {processor.py:830} INFO - Processing file /home/airflow/.local/lib/python3.8/site-packages/airflow/example_dags/example_params_trigger_ui.py for tasks to queue
[2024-07-02T09:08:02.215+0000] {logging_mixin.py:188} INFO - [2024-07-02T09:08:02.215+0000] {dagbag.py:538} INFO - Filling up the DagBag from /home/airflow/.local/lib/python3.8/site-packages/airflow/example_dags/example_params_trigger_ui.py
[2024-07-02T09:08:02.227+0000] {processor.py:840} INFO - DAG(s) 'example_params_trigger_ui' retrieved from /home/airflow/.local/lib/python3.8/site-packages/airflow/example_dags/example_params_trigger_ui.py
[2024-07-02T09:08:02.283+0000] {logging_mixin.py:188} INFO - [2024-07-02T09:08:02.283+0000] {dag.py:3033} INFO - Sync 1 DAGs
[2024-07-02T09:08:02.298+0000] {logging_mixin.py:188} INFO - [2024-07-02T09:08:02.298+0000] {dag.py:3820} INFO - Setting next_dagrun for example_params_trigger_ui to None, run_after=None
[2024-07-02T09:08:02.325+0000] {processor.py:183} INFO - Processing /home/airflow/.local/lib/python3.8/site-packages/airflow/example_dags/example_params_trigger_ui.py took 0.115 seconds
[2024-07-02T09:08:32.838+0000] {processor.py:161} INFO - Started process (PID=535) to work on /home/airflow/.local/lib/python3.8/site-packages/airflow/example_dags/example_params_trigger_ui.py
[2024-07-02T09:08:32.839+0000] {processor.py:830} INFO - Processing file /home/airflow/.local/lib/python3.8/site-packages/airflow/example_dags/example_params_trigger_ui.py for tasks to queue
[2024-07-02T09:08:32.842+0000] {logging_mixin.py:188} INFO - [2024-07-02T09:08:32.842+0000] {dagbag.py:538} INFO - Filling up the DagBag from /home/airflow/.local/lib/python3.8/site-packages/airflow/example_dags/example_params_trigger_ui.py
[2024-07-02T09:08:32.858+0000] {processor.py:840} INFO - DAG(s) 'example_params_trigger_ui' retrieved from /home/airflow/.local/lib/python3.8/site-packages/airflow/example_dags/example_params_trigger_ui.py
[2024-07-02T09:08:32.913+0000] {logging_mixin.py:188} INFO - [2024-07-02T09:08:32.913+0000] {dag.py:3033} INFO - Sync 1 DAGs
[2024-07-02T09:08:32.927+0000] {logging_mixin.py:188} INFO - [2024-07-02T09:08:32.927+0000] {dag.py:3820} INFO - Setting next_dagrun for example_params_trigger_ui to None, run_after=None
[2024-07-02T09:08:32.944+0000] {processor.py:183} INFO - Processing /home/airflow/.local/lib/python3.8/site-packages/airflow/example_dags/example_params_trigger_ui.py took 0.112 seconds
[2024-07-02T09:09:03.375+0000] {processor.py:161} INFO - Started process (PID=590) to work on /home/airflow/.local/lib/python3.8/site-packages/airflow/example_dags/example_params_trigger_ui.py
[2024-07-02T09:09:03.376+0000] {processor.py:830} INFO - Processing file /home/airflow/.local/lib/python3.8/site-packages/airflow/example_dags/example_params_trigger_ui.py for tasks to queue
[2024-07-02T09:09:03.378+0000] {logging_mixin.py:188} INFO - [2024-07-02T09:09:03.378+0000] {dagbag.py:538} INFO - Filling up the DagBag from /home/airflow/.local/lib/python3.8/site-packages/airflow/example_dags/example_params_trigger_ui.py
[2024-07-02T09:09:03.395+0000] {processor.py:840} INFO - DAG(s) 'example_params_trigger_ui' retrieved from /home/airflow/.local/lib/python3.8/site-packages/airflow/example_dags/example_params_trigger_ui.py
[2024-07-02T09:09:03.451+0000] {logging_mixin.py:188} INFO - [2024-07-02T09:09:03.451+0000] {dag.py:3033} INFO - Sync 1 DAGs
[2024-07-02T09:09:03.463+0000] {logging_mixin.py:188} INFO - [2024-07-02T09:09:03.462+0000] {dag.py:3820} INFO - Setting next_dagrun for example_params_trigger_ui to None, run_after=None
[2024-07-02T09:09:03.481+0000] {processor.py:183} INFO - Processing /home/airflow/.local/lib/python3.8/site-packages/airflow/example_dags/example_params_trigger_ui.py took 0.110 seconds
[2024-07-02T09:09:33.941+0000] {processor.py:161} INFO - Started process (PID=645) to work on /home/airflow/.local/lib/python3.8/site-packages/airflow/example_dags/example_params_trigger_ui.py
[2024-07-02T09:09:33.942+0000] {processor.py:830} INFO - Processing file /home/airflow/.local/lib/python3.8/site-packages/airflow/example_dags/example_params_trigger_ui.py for tasks to queue
[2024-07-02T09:09:33.945+0000] {logging_mixin.py:188} INFO - [2024-07-02T09:09:33.944+0000] {dagbag.py:538} INFO - Filling up the DagBag from /home/airflow/.local/lib/python3.8/site-packages/airflow/example_dags/example_params_trigger_ui.py
[2024-07-02T09:09:33.960+0000] {processor.py:840} INFO - DAG(s) 'example_params_trigger_ui' retrieved from /home/airflow/.local/lib/python3.8/site-packages/airflow/example_dags/example_params_trigger_ui.py
[2024-07-02T09:09:34.029+0000] {logging_mixin.py:188} INFO - [2024-07-02T09:09:34.029+0000] {dag.py:3033} INFO - Sync 1 DAGs
[2024-07-02T09:09:34.040+0000] {logging_mixin.py:188} INFO - [2024-07-02T09:09:34.040+0000] {dag.py:3820} INFO - Setting next_dagrun for example_params_trigger_ui to None, run_after=None
[2024-07-02T09:09:34.061+0000] {processor.py:183} INFO - Processing /home/airflow/.local/lib/python3.8/site-packages/airflow/example_dags/example_params_trigger_ui.py took 0.123 seconds
[2024-07-02T09:10:04.278+0000] {processor.py:161} INFO - Started process (PID=700) to work on /home/airflow/.local/lib/python3.8/site-packages/airflow/example_dags/example_params_trigger_ui.py
[2024-07-02T09:10:04.279+0000] {processor.py:830} INFO - Processing file /home/airflow/.local/lib/python3.8/site-packages/airflow/example_dags/example_params_trigger_ui.py for tasks to queue
[2024-07-02T09:10:04.282+0000] {logging_mixin.py:188} INFO - [2024-07-02T09:10:04.282+0000] {dagbag.py:538} INFO - Filling up the DagBag from /home/airflow/.local/lib/python3.8/site-packages/airflow/example_dags/example_params_trigger_ui.py
[2024-07-02T09:10:04.300+0000] {processor.py:840} INFO - DAG(s) 'example_params_trigger_ui' retrieved from /home/airflow/.local/lib/python3.8/site-packages/airflow/example_dags/example_params_trigger_ui.py
[2024-07-02T09:10:04.350+0000] {logging_mixin.py:188} INFO - [2024-07-02T09:10:04.350+0000] {dag.py:3033} INFO - Sync 1 DAGs
[2024-07-02T09:10:04.364+0000] {logging_mixin.py:188} INFO - [2024-07-02T09:10:04.364+0000] {dag.py:3820} INFO - Setting next_dagrun for example_params_trigger_ui to None, run_after=None
[2024-07-02T09:10:04.380+0000] {processor.py:183} INFO - Processing /home/airflow/.local/lib/python3.8/site-packages/airflow/example_dags/example_params_trigger_ui.py took 0.107 seconds
[2024-07-02T09:10:34.973+0000] {processor.py:161} INFO - Started process (PID=755) to work on /home/airflow/.local/lib/python3.8/site-packages/airflow/example_dags/example_params_trigger_ui.py
[2024-07-02T09:10:34.976+0000] {processor.py:830} INFO - Processing file /home/airflow/.local/lib/python3.8/site-packages/airflow/example_dags/example_params_trigger_ui.py for tasks to queue
[2024-07-02T09:10:34.979+0000] {logging_mixin.py:188} INFO - [2024-07-02T09:10:34.978+0000] {dagbag.py:538} INFO - Filling up the DagBag from /home/airflow/.local/lib/python3.8/site-packages/airflow/example_dags/example_params_trigger_ui.py
[2024-07-02T09:10:34.993+0000] {processor.py:840} INFO - DAG(s) 'example_params_trigger_ui' retrieved from /home/airflow/.local/lib/python3.8/site-packages/airflow/example_dags/example_params_trigger_ui.py
[2024-07-02T09:10:35.047+0000] {logging_mixin.py:188} INFO - [2024-07-02T09:10:35.047+0000] {dag.py:3033} INFO - Sync 1 DAGs
[2024-07-02T09:10:35.059+0000] {logging_mixin.py:188} INFO - [2024-07-02T09:10:35.059+0000] {dag.py:3820} INFO - Setting next_dagrun for example_params_trigger_ui to None, run_after=None
[2024-07-02T09:10:35.075+0000] {processor.py:183} INFO - Processing /home/airflow/.local/lib/python3.8/site-packages/airflow/example_dags/example_params_trigger_ui.py took 0.105 seconds
[2024-07-02T09:11:05.476+0000] {processor.py:161} INFO - Started process (PID=810) to work on /home/airflow/.local/lib/python3.8/site-packages/airflow/example_dags/example_params_trigger_ui.py
[2024-07-02T09:11:05.480+0000] {processor.py:830} INFO - Processing file /home/airflow/.local/lib/python3.8/site-packages/airflow/example_dags/example_params_trigger_ui.py for tasks to queue
[2024-07-02T09:11:05.483+0000] {logging_mixin.py:188} INFO - [2024-07-02T09:11:05.482+0000] {dagbag.py:538} INFO - Filling up the DagBag from /home/airflow/.local/lib/python3.8/site-packages/airflow/example_dags/example_params_trigger_ui.py
[2024-07-02T09:11:05.504+0000] {processor.py:840} INFO - DAG(s) 'example_params_trigger_ui' retrieved from /home/airflow/.local/lib/python3.8/site-packages/airflow/example_dags/example_params_trigger_ui.py
[2024-07-02T09:11:05.577+0000] {logging_mixin.py:188} INFO - [2024-07-02T09:11:05.577+0000] {dag.py:3033} INFO - Sync 1 DAGs
[2024-07-02T09:11:05.592+0000] {logging_mixin.py:188} INFO - [2024-07-02T09:11:05.592+0000] {dag.py:3820} INFO - Setting next_dagrun for example_params_trigger_ui to None, run_after=None
[2024-07-02T09:11:05.621+0000] {processor.py:183} INFO - Processing /home/airflow/.local/lib/python3.8/site-packages/airflow/example_dags/example_params_trigger_ui.py took 0.149 seconds
[2024-07-02T09:11:35.960+0000] {processor.py:161} INFO - Started process (PID=865) to work on /home/airflow/.local/lib/python3.8/site-packages/airflow/example_dags/example_params_trigger_ui.py
[2024-07-02T09:11:35.967+0000] {processor.py:830} INFO - Processing file /home/airflow/.local/lib/python3.8/site-packages/airflow/example_dags/example_params_trigger_ui.py for tasks to queue
[2024-07-02T09:11:35.969+0000] {logging_mixin.py:188} INFO - [2024-07-02T09:11:35.969+0000] {dagbag.py:538} INFO - Filling up the DagBag from /home/airflow/.local/lib/python3.8/site-packages/airflow/example_dags/example_params_trigger_ui.py
[2024-07-02T09:11:36.007+0000] {processor.py:840} INFO - DAG(s) 'example_params_trigger_ui' retrieved from /home/airflow/.local/lib/python3.8/site-packages/airflow/example_dags/example_params_trigger_ui.py
[2024-07-02T09:11:36.123+0000] {logging_mixin.py:188} INFO - [2024-07-02T09:11:36.123+0000] {dag.py:3033} INFO - Sync 1 DAGs
[2024-07-02T09:11:36.141+0000] {logging_mixin.py:188} INFO - [2024-07-02T09:11:36.140+0000] {dag.py:3820} INFO - Setting next_dagrun for example_params_trigger_ui to None, run_after=None
[2024-07-02T09:11:36.170+0000] {processor.py:183} INFO - Processing /home/airflow/.local/lib/python3.8/site-packages/airflow/example_dags/example_params_trigger_ui.py took 0.220 seconds
[2024-07-02T09:12:06.422+0000] {processor.py:161} INFO - Started process (PID=920) to work on /home/airflow/.local/lib/python3.8/site-packages/airflow/example_dags/example_params_trigger_ui.py
[2024-07-02T09:12:06.426+0000] {processor.py:830} INFO - Processing file /home/airflow/.local/lib/python3.8/site-packages/airflow/example_dags/example_params_trigger_ui.py for tasks to queue
[2024-07-02T09:12:06.428+0000] {logging_mixin.py:188} INFO - [2024-07-02T09:12:06.428+0000] {dagbag.py:538} INFO - Filling up the DagBag from /home/airflow/.local/lib/python3.8/site-packages/airflow/example_dags/example_params_trigger_ui.py
[2024-07-02T09:12:06.444+0000] {processor.py:840} INFO - DAG(s) 'example_params_trigger_ui' retrieved from /home/airflow/.local/lib/python3.8/site-packages/airflow/example_dags/example_params_trigger_ui.py
[2024-07-02T09:12:06.501+0000] {logging_mixin.py:188} INFO - [2024-07-02T09:12:06.501+0000] {dag.py:3033} INFO - Sync 1 DAGs
[2024-07-02T09:12:06.513+0000] {logging_mixin.py:188} INFO - [2024-07-02T09:12:06.513+0000] {dag.py:3820} INFO - Setting next_dagrun for example_params_trigger_ui to None, run_after=None
[2024-07-02T09:12:06.531+0000] {processor.py:183} INFO - Processing /home/airflow/.local/lib/python3.8/site-packages/airflow/example_dags/example_params_trigger_ui.py took 0.116 seconds
[2024-07-02T09:12:36.549+0000] {processor.py:161} INFO - Started process (PID=975) to work on /home/airflow/.local/lib/python3.8/site-packages/airflow/example_dags/example_params_trigger_ui.py
[2024-07-02T09:12:36.553+0000] {processor.py:830} INFO - Processing file /home/airflow/.local/lib/python3.8/site-packages/airflow/example_dags/example_params_trigger_ui.py for tasks to queue
[2024-07-02T09:12:36.555+0000] {logging_mixin.py:188} INFO - [2024-07-02T09:12:36.554+0000] {dagbag.py:538} INFO - Filling up the DagBag from /home/airflow/.local/lib/python3.8/site-packages/airflow/example_dags/example_params_trigger_ui.py
[2024-07-02T09:12:36.567+0000] {processor.py:840} INFO - DAG(s) 'example_params_trigger_ui' retrieved from /home/airflow/.local/lib/python3.8/site-packages/airflow/example_dags/example_params_trigger_ui.py
[2024-07-02T09:12:36.623+0000] {logging_mixin.py:188} INFO - [2024-07-02T09:12:36.623+0000] {dag.py:3033} INFO - Sync 1 DAGs
[2024-07-02T09:12:36.634+0000] {logging_mixin.py:188} INFO - [2024-07-02T09:12:36.633+0000] {dag.py:3820} INFO - Setting next_dagrun for example_params_trigger_ui to None, run_after=None
[2024-07-02T09:12:36.650+0000] {processor.py:183} INFO - Processing /home/airflow/.local/lib/python3.8/site-packages/airflow/example_dags/example_params_trigger_ui.py took 0.103 seconds
[2024-07-02T09:13:07.322+0000] {processor.py:161} INFO - Started process (PID=1030) to work on /home/airflow/.local/lib/python3.8/site-packages/airflow/example_dags/example_params_trigger_ui.py
[2024-07-02T09:13:07.326+0000] {processor.py:830} INFO - Processing file /home/airflow/.local/lib/python3.8/site-packages/airflow/example_dags/example_params_trigger_ui.py for tasks to queue
[2024-07-02T09:13:07.328+0000] {logging_mixin.py:188} INFO - [2024-07-02T09:13:07.327+0000] {dagbag.py:538} INFO - Filling up the DagBag from /home/airflow/.local/lib/python3.8/site-packages/airflow/example_dags/example_params_trigger_ui.py
[2024-07-02T09:13:07.338+0000] {processor.py:840} INFO - DAG(s) 'example_params_trigger_ui' retrieved from /home/airflow/.local/lib/python3.8/site-packages/airflow/example_dags/example_params_trigger_ui.py
[2024-07-02T09:13:07.418+0000] {logging_mixin.py:188} INFO - [2024-07-02T09:13:07.418+0000] {dag.py:3033} INFO - Sync 1 DAGs
[2024-07-02T09:13:07.430+0000] {logging_mixin.py:188} INFO - [2024-07-02T09:13:07.429+0000] {dag.py:3820} INFO - Setting next_dagrun for example_params_trigger_ui to None, run_after=None
[2024-07-02T09:13:07.449+0000] {processor.py:183} INFO - Processing /home/airflow/.local/lib/python3.8/site-packages/airflow/example_dags/example_params_trigger_ui.py took 0.128 seconds
[2024-07-02T09:13:37.811+0000] {processor.py:161} INFO - Started process (PID=1085) to work on /home/airflow/.local/lib/python3.8/site-packages/airflow/example_dags/example_params_trigger_ui.py
[2024-07-02T09:13:37.813+0000] {processor.py:830} INFO - Processing file /home/airflow/.local/lib/python3.8/site-packages/airflow/example_dags/example_params_trigger_ui.py for tasks to queue
[2024-07-02T09:13:37.815+0000] {logging_mixin.py:188} INFO - [2024-07-02T09:13:37.815+0000] {dagbag.py:538} INFO - Filling up the DagBag from /home/airflow/.local/lib/python3.8/site-packages/airflow/example_dags/example_params_trigger_ui.py
[2024-07-02T09:13:37.831+0000] {processor.py:840} INFO - DAG(s) 'example_params_trigger_ui' retrieved from /home/airflow/.local/lib/python3.8/site-packages/airflow/example_dags/example_params_trigger_ui.py
[2024-07-02T09:13:37.883+0000] {logging_mixin.py:188} INFO - [2024-07-02T09:13:37.883+0000] {dag.py:3033} INFO - Sync 1 DAGs
[2024-07-02T09:13:37.893+0000] {logging_mixin.py:188} INFO - [2024-07-02T09:13:37.893+0000] {dag.py:3820} INFO - Setting next_dagrun for example_params_trigger_ui to None, run_after=None
[2024-07-02T09:13:37.910+0000] {processor.py:183} INFO - Processing /home/airflow/.local/lib/python3.8/site-packages/airflow/example_dags/example_params_trigger_ui.py took 0.104 seconds
[2024-07-02T09:14:08.387+0000] {processor.py:161} INFO - Started process (PID=1140) to work on /home/airflow/.local/lib/python3.8/site-packages/airflow/example_dags/example_params_trigger_ui.py
[2024-07-02T09:14:08.388+0000] {processor.py:830} INFO - Processing file /home/airflow/.local/lib/python3.8/site-packages/airflow/example_dags/example_params_trigger_ui.py for tasks to queue
[2024-07-02T09:14:08.390+0000] {logging_mixin.py:188} INFO - [2024-07-02T09:14:08.390+0000] {dagbag.py:538} INFO - Filling up the DagBag from /home/airflow/.local/lib/python3.8/site-packages/airflow/example_dags/example_params_trigger_ui.py
[2024-07-02T09:14:08.401+0000] {processor.py:840} INFO - DAG(s) 'example_params_trigger_ui' retrieved from /home/airflow/.local/lib/python3.8/site-packages/airflow/example_dags/example_params_trigger_ui.py
[2024-07-02T09:14:08.468+0000] {logging_mixin.py:188} INFO - [2024-07-02T09:14:08.468+0000] {dag.py:3033} INFO - Sync 1 DAGs
[2024-07-02T09:14:08.478+0000] {logging_mixin.py:188} INFO - [2024-07-02T09:14:08.478+0000] {dag.py:3820} INFO - Setting next_dagrun for example_params_trigger_ui to None, run_after=None
[2024-07-02T09:14:08.495+0000] {processor.py:183} INFO - Processing /home/airflow/.local/lib/python3.8/site-packages/airflow/example_dags/example_params_trigger_ui.py took 0.111 seconds
[2024-07-02T09:14:38.785+0000] {processor.py:161} INFO - Started process (PID=1195) to work on /home/airflow/.local/lib/python3.8/site-packages/airflow/example_dags/example_params_trigger_ui.py
[2024-07-02T09:14:38.788+0000] {processor.py:830} INFO - Processing file /home/airflow/.local/lib/python3.8/site-packages/airflow/example_dags/example_params_trigger_ui.py for tasks to queue
[2024-07-02T09:14:38.790+0000] {logging_mixin.py:188} INFO - [2024-07-02T09:14:38.790+0000] {dagbag.py:538} INFO - Filling up the DagBag from /home/airflow/.local/lib/python3.8/site-packages/airflow/example_dags/example_params_trigger_ui.py
[2024-07-02T09:14:38.802+0000] {processor.py:840} INFO - DAG(s) 'example_params_trigger_ui' retrieved from /home/airflow/.local/lib/python3.8/site-packages/airflow/example_dags/example_params_trigger_ui.py
[2024-07-02T09:14:38.852+0000] {logging_mixin.py:188} INFO - [2024-07-02T09:14:38.852+0000] {dag.py:3033} INFO - Sync 1 DAGs
[2024-07-02T09:14:38.864+0000] {logging_mixin.py:188} INFO - [2024-07-02T09:14:38.864+0000] {dag.py:3820} INFO - Setting next_dagrun for example_params_trigger_ui to None, run_after=None
[2024-07-02T09:14:38.881+0000] {processor.py:183} INFO - Processing /home/airflow/.local/lib/python3.8/site-packages/airflow/example_dags/example_params_trigger_ui.py took 0.098 seconds
[2024-07-02T09:15:09.377+0000] {processor.py:161} INFO - Started process (PID=1250) to work on /home/airflow/.local/lib/python3.8/site-packages/airflow/example_dags/example_params_trigger_ui.py
[2024-07-02T09:15:09.381+0000] {processor.py:830} INFO - Processing file /home/airflow/.local/lib/python3.8/site-packages/airflow/example_dags/example_params_trigger_ui.py for tasks to queue
[2024-07-02T09:15:09.382+0000] {logging_mixin.py:188} INFO - [2024-07-02T09:15:09.382+0000] {dagbag.py:538} INFO - Filling up the DagBag from /home/airflow/.local/lib/python3.8/site-packages/airflow/example_dags/example_params_trigger_ui.py
[2024-07-02T09:15:09.394+0000] {processor.py:840} INFO - DAG(s) 'example_params_trigger_ui' retrieved from /home/airflow/.local/lib/python3.8/site-packages/airflow/example_dags/example_params_trigger_ui.py
[2024-07-02T09:15:09.445+0000] {logging_mixin.py:188} INFO - [2024-07-02T09:15:09.445+0000] {dag.py:3033} INFO - Sync 1 DAGs
[2024-07-02T09:15:09.456+0000] {logging_mixin.py:188} INFO - [2024-07-02T09:15:09.456+0000] {dag.py:3820} INFO - Setting next_dagrun for example_params_trigger_ui to None, run_after=None
[2024-07-02T09:15:09.472+0000] {processor.py:183} INFO - Processing /home/airflow/.local/lib/python3.8/site-packages/airflow/example_dags/example_params_trigger_ui.py took 0.097 seconds
[2024-07-02T09:15:39.782+0000] {processor.py:161} INFO - Started process (PID=1305) to work on /home/airflow/.local/lib/python3.8/site-packages/airflow/example_dags/example_params_trigger_ui.py
[2024-07-02T09:15:39.783+0000] {processor.py:830} INFO - Processing file /home/airflow/.local/lib/python3.8/site-packages/airflow/example_dags/example_params_trigger_ui.py for tasks to queue
[2024-07-02T09:15:39.785+0000] {logging_mixin.py:188} INFO - [2024-07-02T09:15:39.784+0000] {dagbag.py:538} INFO - Filling up the DagBag from /home/airflow/.local/lib/python3.8/site-packages/airflow/example_dags/example_params_trigger_ui.py
[2024-07-02T09:15:39.799+0000] {processor.py:840} INFO - DAG(s) 'example_params_trigger_ui' retrieved from /home/airflow/.local/lib/python3.8/site-packages/airflow/example_dags/example_params_trigger_ui.py
[2024-07-02T09:15:39.854+0000] {logging_mixin.py:188} INFO - [2024-07-02T09:15:39.854+0000] {dag.py:3033} INFO - Sync 1 DAGs
[2024-07-02T09:15:39.866+0000] {logging_mixin.py:188} INFO - [2024-07-02T09:15:39.866+0000] {dag.py:3820} INFO - Setting next_dagrun for example_params_trigger_ui to None, run_after=None
[2024-07-02T09:15:39.882+0000] {processor.py:183} INFO - Processing /home/airflow/.local/lib/python3.8/site-packages/airflow/example_dags/example_params_trigger_ui.py took 0.104 seconds
[2024-07-02T09:16:10.390+0000] {processor.py:161} INFO - Started process (PID=1359) to work on /home/airflow/.local/lib/python3.8/site-packages/airflow/example_dags/example_params_trigger_ui.py
[2024-07-02T09:16:10.394+0000] {processor.py:830} INFO - Processing file /home/airflow/.local/lib/python3.8/site-packages/airflow/example_dags/example_params_trigger_ui.py for tasks to queue
[2024-07-02T09:16:10.397+0000] {logging_mixin.py:188} INFO - [2024-07-02T09:16:10.396+0000] {dagbag.py:538} INFO - Filling up the DagBag from /home/airflow/.local/lib/python3.8/site-packages/airflow/example_dags/example_params_trigger_ui.py
[2024-07-02T09:16:10.412+0000] {processor.py:840} INFO - DAG(s) 'example_params_trigger_ui' retrieved from /home/airflow/.local/lib/python3.8/site-packages/airflow/example_dags/example_params_trigger_ui.py
[2024-07-02T09:16:10.468+0000] {logging_mixin.py:188} INFO - [2024-07-02T09:16:10.468+0000] {dag.py:3033} INFO - Sync 1 DAGs
[2024-07-02T09:16:10.479+0000] {logging_mixin.py:188} INFO - [2024-07-02T09:16:10.479+0000] {dag.py:3820} INFO - Setting next_dagrun for example_params_trigger_ui to None, run_after=None
[2024-07-02T09:16:10.496+0000] {processor.py:183} INFO - Processing /home/airflow/.local/lib/python3.8/site-packages/airflow/example_dags/example_params_trigger_ui.py took 0.112 seconds
[2024-07-02T09:16:41.018+0000] {processor.py:161} INFO - Started process (PID=1414) to work on /home/airflow/.local/lib/python3.8/site-packages/airflow/example_dags/example_params_trigger_ui.py
[2024-07-02T09:16:41.022+0000] {processor.py:830} INFO - Processing file /home/airflow/.local/lib/python3.8/site-packages/airflow/example_dags/example_params_trigger_ui.py for tasks to queue
[2024-07-02T09:16:41.025+0000] {logging_mixin.py:188} INFO - [2024-07-02T09:16:41.024+0000] {dagbag.py:538} INFO - Filling up the DagBag from /home/airflow/.local/lib/python3.8/site-packages/airflow/example_dags/example_params_trigger_ui.py
[2024-07-02T09:16:41.044+0000] {processor.py:840} INFO - DAG(s) 'example_params_trigger_ui' retrieved from /home/airflow/.local/lib/python3.8/site-packages/airflow/example_dags/example_params_trigger_ui.py
[2024-07-02T09:16:41.100+0000] {logging_mixin.py:188} INFO - [2024-07-02T09:16:41.100+0000] {dag.py:3033} INFO - Sync 1 DAGs
[2024-07-02T09:16:41.111+0000] {logging_mixin.py:188} INFO - [2024-07-02T09:16:41.111+0000] {dag.py:3820} INFO - Setting next_dagrun for example_params_trigger_ui to None, run_after=None
[2024-07-02T09:16:41.136+0000] {processor.py:183} INFO - Processing /home/airflow/.local/lib/python3.8/site-packages/airflow/example_dags/example_params_trigger_ui.py took 0.122 seconds
[2024-07-02T09:17:11.545+0000] {processor.py:161} INFO - Started process (PID=1469) to work on /home/airflow/.local/lib/python3.8/site-packages/airflow/example_dags/example_params_trigger_ui.py
[2024-07-02T09:17:11.550+0000] {processor.py:830} INFO - Processing file /home/airflow/.local/lib/python3.8/site-packages/airflow/example_dags/example_params_trigger_ui.py for tasks to queue
[2024-07-02T09:17:11.552+0000] {logging_mixin.py:188} INFO - [2024-07-02T09:17:11.552+0000] {dagbag.py:538} INFO - Filling up the DagBag from /home/airflow/.local/lib/python3.8/site-packages/airflow/example_dags/example_params_trigger_ui.py
[2024-07-02T09:17:11.571+0000] {processor.py:840} INFO - DAG(s) 'example_params_trigger_ui' retrieved from /home/airflow/.local/lib/python3.8/site-packages/airflow/example_dags/example_params_trigger_ui.py
[2024-07-02T09:17:11.633+0000] {logging_mixin.py:188} INFO - [2024-07-02T09:17:11.633+0000] {dag.py:3033} INFO - Sync 1 DAGs
[2024-07-02T09:17:11.645+0000] {logging_mixin.py:188} INFO - [2024-07-02T09:17:11.644+0000] {dag.py:3820} INFO - Setting next_dagrun for example_params_trigger_ui to None, run_after=None
[2024-07-02T09:17:11.662+0000] {processor.py:183} INFO - Processing /home/airflow/.local/lib/python3.8/site-packages/airflow/example_dags/example_params_trigger_ui.py took 0.125 seconds
[2024-07-02T09:17:41.979+0000] {processor.py:161} INFO - Started process (PID=1525) to work on /home/airflow/.local/lib/python3.8/site-packages/airflow/example_dags/example_params_trigger_ui.py
[2024-07-02T09:17:41.984+0000] {processor.py:830} INFO - Processing file /home/airflow/.local/lib/python3.8/site-packages/airflow/example_dags/example_params_trigger_ui.py for tasks to queue
[2024-07-02T09:17:41.989+0000] {logging_mixin.py:188} INFO - [2024-07-02T09:17:41.988+0000] {dagbag.py:538} INFO - Filling up the DagBag from /home/airflow/.local/lib/python3.8/site-packages/airflow/example_dags/example_params_trigger_ui.py
[2024-07-02T09:17:42.011+0000] {processor.py:840} INFO - DAG(s) 'example_params_trigger_ui' retrieved from /home/airflow/.local/lib/python3.8/site-packages/airflow/example_dags/example_params_trigger_ui.py
[2024-07-02T09:17:42.068+0000] {logging_mixin.py:188} INFO - [2024-07-02T09:17:42.068+0000] {dag.py:3033} INFO - Sync 1 DAGs
[2024-07-02T09:17:42.080+0000] {logging_mixin.py:188} INFO - [2024-07-02T09:17:42.080+0000] {dag.py:3820} INFO - Setting next_dagrun for example_params_trigger_ui to None, run_after=None
[2024-07-02T09:17:42.100+0000] {processor.py:183} INFO - Processing /home/airflow/.local/lib/python3.8/site-packages/airflow/example_dags/example_params_trigger_ui.py took 0.130 seconds
[2024-07-02T09:18:12.469+0000] {processor.py:161} INFO - Started process (PID=1580) to work on /home/airflow/.local/lib/python3.8/site-packages/airflow/example_dags/example_params_trigger_ui.py
[2024-07-02T09:18:12.474+0000] {processor.py:830} INFO - Processing file /home/airflow/.local/lib/python3.8/site-packages/airflow/example_dags/example_params_trigger_ui.py for tasks to queue
[2024-07-02T09:18:12.476+0000] {logging_mixin.py:188} INFO - [2024-07-02T09:18:12.476+0000] {dagbag.py:538} INFO - Filling up the DagBag from /home/airflow/.local/lib/python3.8/site-packages/airflow/example_dags/example_params_trigger_ui.py
[2024-07-02T09:18:12.493+0000] {processor.py:840} INFO - DAG(s) 'example_params_trigger_ui' retrieved from /home/airflow/.local/lib/python3.8/site-packages/airflow/example_dags/example_params_trigger_ui.py
[2024-07-02T09:18:12.547+0000] {logging_mixin.py:188} INFO - [2024-07-02T09:18:12.547+0000] {dag.py:3033} INFO - Sync 1 DAGs
[2024-07-02T09:18:12.559+0000] {logging_mixin.py:188} INFO - [2024-07-02T09:18:12.559+0000] {dag.py:3820} INFO - Setting next_dagrun for example_params_trigger_ui to None, run_after=None
[2024-07-02T09:18:12.575+0000] {processor.py:183} INFO - Processing /home/airflow/.local/lib/python3.8/site-packages/airflow/example_dags/example_params_trigger_ui.py took 0.114 seconds
[2024-07-02T09:18:42.886+0000] {processor.py:161} INFO - Started process (PID=1635) to work on /home/airflow/.local/lib/python3.8/site-packages/airflow/example_dags/example_params_trigger_ui.py
[2024-07-02T09:18:42.890+0000] {processor.py:830} INFO - Processing file /home/airflow/.local/lib/python3.8/site-packages/airflow/example_dags/example_params_trigger_ui.py for tasks to queue
[2024-07-02T09:18:42.892+0000] {logging_mixin.py:188} INFO - [2024-07-02T09:18:42.892+0000] {dagbag.py:538} INFO - Filling up the DagBag from /home/airflow/.local/lib/python3.8/site-packages/airflow/example_dags/example_params_trigger_ui.py
[2024-07-02T09:18:42.908+0000] {processor.py:840} INFO - DAG(s) 'example_params_trigger_ui' retrieved from /home/airflow/.local/lib/python3.8/site-packages/airflow/example_dags/example_params_trigger_ui.py
[2024-07-02T09:18:42.963+0000] {logging_mixin.py:188} INFO - [2024-07-02T09:18:42.963+0000] {dag.py:3033} INFO - Sync 1 DAGs
[2024-07-02T09:18:42.975+0000] {logging_mixin.py:188} INFO - [2024-07-02T09:18:42.975+0000] {dag.py:3820} INFO - Setting next_dagrun for example_params_trigger_ui to None, run_after=None
[2024-07-02T09:18:42.991+0000] {processor.py:183} INFO - Processing /home/airflow/.local/lib/python3.8/site-packages/airflow/example_dags/example_params_trigger_ui.py took 0.109 seconds
[2024-07-02T09:19:13.312+0000] {processor.py:161} INFO - Started process (PID=1690) to work on /home/airflow/.local/lib/python3.8/site-packages/airflow/example_dags/example_params_trigger_ui.py
[2024-07-02T09:19:13.315+0000] {processor.py:830} INFO - Processing file /home/airflow/.local/lib/python3.8/site-packages/airflow/example_dags/example_params_trigger_ui.py for tasks to queue
[2024-07-02T09:19:13.317+0000] {logging_mixin.py:188} INFO - [2024-07-02T09:19:13.317+0000] {dagbag.py:538} INFO - Filling up the DagBag from /home/airflow/.local/lib/python3.8/site-packages/airflow/example_dags/example_params_trigger_ui.py
[2024-07-02T09:19:13.328+0000] {processor.py:840} INFO - DAG(s) 'example_params_trigger_ui' retrieved from /home/airflow/.local/lib/python3.8/site-packages/airflow/example_dags/example_params_trigger_ui.py
[2024-07-02T09:19:13.378+0000] {logging_mixin.py:188} INFO - [2024-07-02T09:19:13.378+0000] {dag.py:3033} INFO - Sync 1 DAGs
[2024-07-02T09:19:13.389+0000] {logging_mixin.py:188} INFO - [2024-07-02T09:19:13.389+0000] {dag.py:3820} INFO - Setting next_dagrun for example_params_trigger_ui to None, run_after=None
[2024-07-02T09:19:13.406+0000] {processor.py:183} INFO - Processing /home/airflow/.local/lib/python3.8/site-packages/airflow/example_dags/example_params_trigger_ui.py took 0.096 seconds
[2024-07-02T09:19:43.603+0000] {processor.py:161} INFO - Started process (PID=1744) to work on /home/airflow/.local/lib/python3.8/site-packages/airflow/example_dags/example_params_trigger_ui.py
[2024-07-02T09:19:43.607+0000] {processor.py:830} INFO - Processing file /home/airflow/.local/lib/python3.8/site-packages/airflow/example_dags/example_params_trigger_ui.py for tasks to queue
[2024-07-02T09:19:43.609+0000] {logging_mixin.py:188} INFO - [2024-07-02T09:19:43.609+0000] {dagbag.py:538} INFO - Filling up the DagBag from /home/airflow/.local/lib/python3.8/site-packages/airflow/example_dags/example_params_trigger_ui.py
[2024-07-02T09:19:43.625+0000] {processor.py:840} INFO - DAG(s) 'example_params_trigger_ui' retrieved from /home/airflow/.local/lib/python3.8/site-packages/airflow/example_dags/example_params_trigger_ui.py
[2024-07-02T09:19:43.680+0000] {logging_mixin.py:188} INFO - [2024-07-02T09:19:43.680+0000] {dag.py:3033} INFO - Sync 1 DAGs
[2024-07-02T09:19:43.691+0000] {logging_mixin.py:188} INFO - [2024-07-02T09:19:43.691+0000] {dag.py:3820} INFO - Setting next_dagrun for example_params_trigger_ui to None, run_after=None
[2024-07-02T09:19:43.707+0000] {processor.py:183} INFO - Processing /home/airflow/.local/lib/python3.8/site-packages/airflow/example_dags/example_params_trigger_ui.py took 0.107 seconds
[2024-07-02T09:20:14.276+0000] {processor.py:161} INFO - Started process (PID=1798) to work on /home/airflow/.local/lib/python3.8/site-packages/airflow/example_dags/example_params_trigger_ui.py
[2024-07-02T09:20:14.280+0000] {processor.py:830} INFO - Processing file /home/airflow/.local/lib/python3.8/site-packages/airflow/example_dags/example_params_trigger_ui.py for tasks to queue
[2024-07-02T09:20:14.282+0000] {logging_mixin.py:188} INFO - [2024-07-02T09:20:14.282+0000] {dagbag.py:538} INFO - Filling up the DagBag from /home/airflow/.local/lib/python3.8/site-packages/airflow/example_dags/example_params_trigger_ui.py
[2024-07-02T09:20:14.296+0000] {processor.py:840} INFO - DAG(s) 'example_params_trigger_ui' retrieved from /home/airflow/.local/lib/python3.8/site-packages/airflow/example_dags/example_params_trigger_ui.py
[2024-07-02T09:20:14.351+0000] {logging_mixin.py:188} INFO - [2024-07-02T09:20:14.350+0000] {dag.py:3033} INFO - Sync 1 DAGs
[2024-07-02T09:20:14.364+0000] {logging_mixin.py:188} INFO - [2024-07-02T09:20:14.364+0000] {dag.py:3820} INFO - Setting next_dagrun for example_params_trigger_ui to None, run_after=None
[2024-07-02T09:20:14.381+0000] {processor.py:183} INFO - Processing /home/airflow/.local/lib/python3.8/site-packages/airflow/example_dags/example_params_trigger_ui.py took 0.109 seconds
[2024-07-02T09:20:44.741+0000] {processor.py:161} INFO - Started process (PID=1853) to work on /home/airflow/.local/lib/python3.8/site-packages/airflow/example_dags/example_params_trigger_ui.py
[2024-07-02T09:20:44.745+0000] {processor.py:830} INFO - Processing file /home/airflow/.local/lib/python3.8/site-packages/airflow/example_dags/example_params_trigger_ui.py for tasks to queue
[2024-07-02T09:20:44.748+0000] {logging_mixin.py:188} INFO - [2024-07-02T09:20:44.747+0000] {dagbag.py:538} INFO - Filling up the DagBag from /home/airflow/.local/lib/python3.8/site-packages/airflow/example_dags/example_params_trigger_ui.py
[2024-07-02T09:20:44.765+0000] {processor.py:840} INFO - DAG(s) 'example_params_trigger_ui' retrieved from /home/airflow/.local/lib/python3.8/site-packages/airflow/example_dags/example_params_trigger_ui.py
[2024-07-02T09:20:44.825+0000] {logging_mixin.py:188} INFO - [2024-07-02T09:20:44.824+0000] {dag.py:3033} INFO - Sync 1 DAGs
[2024-07-02T09:20:44.837+0000] {logging_mixin.py:188} INFO - [2024-07-02T09:20:44.837+0000] {dag.py:3820} INFO - Setting next_dagrun for example_params_trigger_ui to None, run_after=None
[2024-07-02T09:20:44.860+0000] {processor.py:183} INFO - Processing /home/airflow/.local/lib/python3.8/site-packages/airflow/example_dags/example_params_trigger_ui.py took 0.124 seconds
[2024-07-02T09:21:14.905+0000] {processor.py:161} INFO - Started process (PID=1908) to work on /home/airflow/.local/lib/python3.8/site-packages/airflow/example_dags/example_params_trigger_ui.py
[2024-07-02T09:21:14.909+0000] {processor.py:830} INFO - Processing file /home/airflow/.local/lib/python3.8/site-packages/airflow/example_dags/example_params_trigger_ui.py for tasks to queue
[2024-07-02T09:21:14.910+0000] {logging_mixin.py:188} INFO - [2024-07-02T09:21:14.910+0000] {dagbag.py:538} INFO - Filling up the DagBag from /home/airflow/.local/lib/python3.8/site-packages/airflow/example_dags/example_params_trigger_ui.py
[2024-07-02T09:21:14.921+0000] {processor.py:840} INFO - DAG(s) 'example_params_trigger_ui' retrieved from /home/airflow/.local/lib/python3.8/site-packages/airflow/example_dags/example_params_trigger_ui.py
[2024-07-02T09:21:14.969+0000] {logging_mixin.py:188} INFO - [2024-07-02T09:21:14.969+0000] {dag.py:3033} INFO - Sync 1 DAGs
[2024-07-02T09:21:14.980+0000] {logging_mixin.py:188} INFO - [2024-07-02T09:21:14.980+0000] {dag.py:3820} INFO - Setting next_dagrun for example_params_trigger_ui to None, run_after=None
[2024-07-02T09:21:14.997+0000] {processor.py:183} INFO - Processing /home/airflow/.local/lib/python3.8/site-packages/airflow/example_dags/example_params_trigger_ui.py took 0.094 seconds
[2024-07-02T09:21:45.326+0000] {processor.py:161} INFO - Started process (PID=1962) to work on /home/airflow/.local/lib/python3.8/site-packages/airflow/example_dags/example_params_trigger_ui.py
[2024-07-02T09:21:45.330+0000] {processor.py:830} INFO - Processing file /home/airflow/.local/lib/python3.8/site-packages/airflow/example_dags/example_params_trigger_ui.py for tasks to queue
[2024-07-02T09:21:45.332+0000] {logging_mixin.py:188} INFO - [2024-07-02T09:21:45.332+0000] {dagbag.py:538} INFO - Filling up the DagBag from /home/airflow/.local/lib/python3.8/site-packages/airflow/example_dags/example_params_trigger_ui.py
[2024-07-02T09:21:45.349+0000] {processor.py:840} INFO - DAG(s) 'example_params_trigger_ui' retrieved from /home/airflow/.local/lib/python3.8/site-packages/airflow/example_dags/example_params_trigger_ui.py
[2024-07-02T09:21:45.401+0000] {logging_mixin.py:188} INFO - [2024-07-02T09:21:45.401+0000] {dag.py:3033} INFO - Sync 1 DAGs
[2024-07-02T09:21:45.413+0000] {logging_mixin.py:188} INFO - [2024-07-02T09:21:45.412+0000] {dag.py:3820} INFO - Setting next_dagrun for example_params_trigger_ui to None, run_after=None
[2024-07-02T09:21:45.429+0000] {processor.py:183} INFO - Processing /home/airflow/.local/lib/python3.8/site-packages/airflow/example_dags/example_params_trigger_ui.py took 0.107 seconds
[2024-07-02T09:22:15.480+0000] {processor.py:161} INFO - Started process (PID=2017) to work on /home/airflow/.local/lib/python3.8/site-packages/airflow/example_dags/example_params_trigger_ui.py
[2024-07-02T09:22:15.482+0000] {processor.py:830} INFO - Processing file /home/airflow/.local/lib/python3.8/site-packages/airflow/example_dags/example_params_trigger_ui.py for tasks to queue
[2024-07-02T09:22:15.486+0000] {logging_mixin.py:188} INFO - [2024-07-02T09:22:15.485+0000] {dagbag.py:538} INFO - Filling up the DagBag from /home/airflow/.local/lib/python3.8/site-packages/airflow/example_dags/example_params_trigger_ui.py
[2024-07-02T09:22:15.506+0000] {processor.py:840} INFO - DAG(s) 'example_params_trigger_ui' retrieved from /home/airflow/.local/lib/python3.8/site-packages/airflow/example_dags/example_params_trigger_ui.py
[2024-07-02T09:22:15.560+0000] {logging_mixin.py:188} INFO - [2024-07-02T09:22:15.559+0000] {dag.py:3033} INFO - Sync 1 DAGs
[2024-07-02T09:22:15.570+0000] {logging_mixin.py:188} INFO - [2024-07-02T09:22:15.570+0000] {dag.py:3820} INFO - Setting next_dagrun for example_params_trigger_ui to None, run_after=None
[2024-07-02T09:22:15.588+0000] {processor.py:183} INFO - Processing /home/airflow/.local/lib/python3.8/site-packages/airflow/example_dags/example_params_trigger_ui.py took 0.114 seconds
[2024-07-02T09:22:45.995+0000] {processor.py:161} INFO - Started process (PID=2072) to work on /home/airflow/.local/lib/python3.8/site-packages/airflow/example_dags/example_params_trigger_ui.py
[2024-07-02T09:22:45.995+0000] {processor.py:830} INFO - Processing file /home/airflow/.local/lib/python3.8/site-packages/airflow/example_dags/example_params_trigger_ui.py for tasks to queue
[2024-07-02T09:22:45.997+0000] {logging_mixin.py:188} INFO - [2024-07-02T09:22:45.997+0000] {dagbag.py:538} INFO - Filling up the DagBag from /home/airflow/.local/lib/python3.8/site-packages/airflow/example_dags/example_params_trigger_ui.py
[2024-07-02T09:22:46.009+0000] {processor.py:840} INFO - DAG(s) 'example_params_trigger_ui' retrieved from /home/airflow/.local/lib/python3.8/site-packages/airflow/example_dags/example_params_trigger_ui.py
[2024-07-02T09:22:46.089+0000] {logging_mixin.py:188} INFO - [2024-07-02T09:22:46.088+0000] {dag.py:3033} INFO - Sync 1 DAGs
[2024-07-02T09:22:46.103+0000] {logging_mixin.py:188} INFO - [2024-07-02T09:22:46.103+0000] {dag.py:3820} INFO - Setting next_dagrun for example_params_trigger_ui to None, run_after=None
[2024-07-02T09:22:46.123+0000] {processor.py:183} INFO - Processing /home/airflow/.local/lib/python3.8/site-packages/airflow/example_dags/example_params_trigger_ui.py took 0.131 seconds
[2024-07-02T09:23:16.205+0000] {processor.py:161} INFO - Started process (PID=2128) to work on /home/airflow/.local/lib/python3.8/site-packages/airflow/example_dags/example_params_trigger_ui.py
[2024-07-02T09:23:16.206+0000] {processor.py:830} INFO - Processing file /home/airflow/.local/lib/python3.8/site-packages/airflow/example_dags/example_params_trigger_ui.py for tasks to queue
[2024-07-02T09:23:16.208+0000] {logging_mixin.py:188} INFO - [2024-07-02T09:23:16.207+0000] {dagbag.py:538} INFO - Filling up the DagBag from /home/airflow/.local/lib/python3.8/site-packages/airflow/example_dags/example_params_trigger_ui.py
[2024-07-02T09:23:16.220+0000] {processor.py:840} INFO - DAG(s) 'example_params_trigger_ui' retrieved from /home/airflow/.local/lib/python3.8/site-packages/airflow/example_dags/example_params_trigger_ui.py
[2024-07-02T09:23:16.298+0000] {logging_mixin.py:188} INFO - [2024-07-02T09:23:16.298+0000] {dag.py:3033} INFO - Sync 1 DAGs
[2024-07-02T09:23:16.315+0000] {logging_mixin.py:188} INFO - [2024-07-02T09:23:16.314+0000] {dag.py:3820} INFO - Setting next_dagrun for example_params_trigger_ui to None, run_after=None
[2024-07-02T09:23:16.342+0000] {processor.py:183} INFO - Processing /home/airflow/.local/lib/python3.8/site-packages/airflow/example_dags/example_params_trigger_ui.py took 0.139 seconds
[2024-07-02T09:23:46.481+0000] {processor.py:161} INFO - Started process (PID=2182) to work on /home/airflow/.local/lib/python3.8/site-packages/airflow/example_dags/example_params_trigger_ui.py
[2024-07-02T09:23:46.482+0000] {processor.py:830} INFO - Processing file /home/airflow/.local/lib/python3.8/site-packages/airflow/example_dags/example_params_trigger_ui.py for tasks to queue
[2024-07-02T09:23:46.484+0000] {logging_mixin.py:188} INFO - [2024-07-02T09:23:46.483+0000] {dagbag.py:538} INFO - Filling up the DagBag from /home/airflow/.local/lib/python3.8/site-packages/airflow/example_dags/example_params_trigger_ui.py
[2024-07-02T09:23:46.497+0000] {processor.py:840} INFO - DAG(s) 'example_params_trigger_ui' retrieved from /home/airflow/.local/lib/python3.8/site-packages/airflow/example_dags/example_params_trigger_ui.py
[2024-07-02T09:23:46.570+0000] {logging_mixin.py:188} INFO - [2024-07-02T09:23:46.570+0000] {dag.py:3033} INFO - Sync 1 DAGs
[2024-07-02T09:23:46.581+0000] {logging_mixin.py:188} INFO - [2024-07-02T09:23:46.581+0000] {dag.py:3820} INFO - Setting next_dagrun for example_params_trigger_ui to None, run_after=None
[2024-07-02T09:23:46.600+0000] {processor.py:183} INFO - Processing /home/airflow/.local/lib/python3.8/site-packages/airflow/example_dags/example_params_trigger_ui.py took 0.122 seconds
