[2024-07-02T09:04:04.390+0000] {processor.py:161} INFO - Started process (PID=75) to work on /home/airflow/.local/lib/python3.8/site-packages/airflow/example_dags/example_python_operator.py
[2024-07-02T09:04:04.391+0000] {processor.py:830} INFO - Processing file /home/airflow/.local/lib/python3.8/site-packages/airflow/example_dags/example_python_operator.py for tasks to queue
[2024-07-02T09:04:04.393+0000] {logging_mixin.py:188} INFO - [2024-07-02T09:04:04.393+0000] {dagbag.py:538} INFO - Filling up the DagBag from /home/airflow/.local/lib/python3.8/site-packages/airflow/example_dags/example_python_operator.py
[2024-07-02T09:04:04.410+0000] {processor.py:840} INFO - DAG(s) 'example_python_operator' retrieved from /home/airflow/.local/lib/python3.8/site-packages/airflow/example_dags/example_python_operator.py
[2024-07-02T09:04:04.540+0000] {logging_mixin.py:188} INFO - [2024-07-02T09:04:04.538+0000] {override.py:1769} INFO - Created Permission View: can edit on DAG:example_python_operator
[2024-07-02T09:04:04.558+0000] {logging_mixin.py:188} INFO - [2024-07-02T09:04:04.558+0000] {override.py:1769} INFO - Created Permission View: can delete on DAG:example_python_operator
[2024-07-02T09:04:04.571+0000] {logging_mixin.py:188} INFO - [2024-07-02T09:04:04.570+0000] {override.py:1769} INFO - Created Permission View: can read on DAG:example_python_operator
[2024-07-02T09:04:04.571+0000] {logging_mixin.py:188} INFO - [2024-07-02T09:04:04.571+0000] {dag.py:3033} INFO - Sync 1 DAGs
[2024-07-02T09:04:04.596+0000] {logging_mixin.py:188} INFO - [2024-07-02T09:04:04.596+0000] {dag.py:3055} INFO - Creating ORM DAG for example_python_operator
[2024-07-02T09:04:04.597+0000] {logging_mixin.py:188} INFO - [2024-07-02T09:04:04.597+0000] {dag.py:3820} INFO - Setting next_dagrun for example_python_operator to None, run_after=None
[2024-07-02T09:04:04.632+0000] {processor.py:183} INFO - Processing /home/airflow/.local/lib/python3.8/site-packages/airflow/example_dags/example_python_operator.py took 0.245 seconds
[2024-07-02T09:04:35.586+0000] {processor.py:161} INFO - Started process (PID=129) to work on /home/airflow/.local/lib/python3.8/site-packages/airflow/example_dags/example_python_operator.py
[2024-07-02T09:04:35.587+0000] {processor.py:830} INFO - Processing file /home/airflow/.local/lib/python3.8/site-packages/airflow/example_dags/example_python_operator.py for tasks to queue
[2024-07-02T09:04:35.590+0000] {logging_mixin.py:188} INFO - [2024-07-02T09:04:35.589+0000] {dagbag.py:538} INFO - Filling up the DagBag from /home/airflow/.local/lib/python3.8/site-packages/airflow/example_dags/example_python_operator.py
[2024-07-02T09:04:35.605+0000] {processor.py:840} INFO - DAG(s) 'example_python_operator' retrieved from /home/airflow/.local/lib/python3.8/site-packages/airflow/example_dags/example_python_operator.py
[2024-07-02T09:04:35.638+0000] {logging_mixin.py:188} INFO - [2024-07-02T09:04:35.637+0000] {dag.py:3033} INFO - Sync 1 DAGs
[2024-07-02T09:04:35.654+0000] {logging_mixin.py:188} INFO - [2024-07-02T09:04:35.653+0000] {dag.py:3820} INFO - Setting next_dagrun for example_python_operator to None, run_after=None
[2024-07-02T09:04:35.676+0000] {processor.py:183} INFO - Processing /home/airflow/.local/lib/python3.8/site-packages/airflow/example_dags/example_python_operator.py took 0.094 seconds
[2024-07-02T09:05:05.751+0000] {processor.py:161} INFO - Started process (PID=184) to work on /home/airflow/.local/lib/python3.8/site-packages/airflow/example_dags/example_python_operator.py
[2024-07-02T09:05:05.755+0000] {processor.py:830} INFO - Processing file /home/airflow/.local/lib/python3.8/site-packages/airflow/example_dags/example_python_operator.py for tasks to queue
[2024-07-02T09:05:05.758+0000] {logging_mixin.py:188} INFO - [2024-07-02T09:05:05.758+0000] {dagbag.py:538} INFO - Filling up the DagBag from /home/airflow/.local/lib/python3.8/site-packages/airflow/example_dags/example_python_operator.py
[2024-07-02T09:05:05.778+0000] {processor.py:840} INFO - DAG(s) 'example_python_operator' retrieved from /home/airflow/.local/lib/python3.8/site-packages/airflow/example_dags/example_python_operator.py
[2024-07-02T09:05:05.812+0000] {logging_mixin.py:188} INFO - [2024-07-02T09:05:05.811+0000] {dag.py:3033} INFO - Sync 1 DAGs
[2024-07-02T09:05:05.828+0000] {logging_mixin.py:188} INFO - [2024-07-02T09:05:05.827+0000] {dag.py:3820} INFO - Setting next_dagrun for example_python_operator to None, run_after=None
[2024-07-02T09:05:05.844+0000] {processor.py:183} INFO - Processing /home/airflow/.local/lib/python3.8/site-packages/airflow/example_dags/example_python_operator.py took 0.095 seconds
[2024-07-02T09:05:35.908+0000] {processor.py:161} INFO - Started process (PID=239) to work on /home/airflow/.local/lib/python3.8/site-packages/airflow/example_dags/example_python_operator.py
[2024-07-02T09:05:35.913+0000] {processor.py:830} INFO - Processing file /home/airflow/.local/lib/python3.8/site-packages/airflow/example_dags/example_python_operator.py for tasks to queue
[2024-07-02T09:05:35.917+0000] {logging_mixin.py:188} INFO - [2024-07-02T09:05:35.917+0000] {dagbag.py:538} INFO - Filling up the DagBag from /home/airflow/.local/lib/python3.8/site-packages/airflow/example_dags/example_python_operator.py
[2024-07-02T09:05:35.938+0000] {processor.py:840} INFO - DAG(s) 'example_python_operator' retrieved from /home/airflow/.local/lib/python3.8/site-packages/airflow/example_dags/example_python_operator.py
[2024-07-02T09:05:35.962+0000] {logging_mixin.py:188} INFO - [2024-07-02T09:05:35.962+0000] {dag.py:3033} INFO - Sync 1 DAGs
[2024-07-02T09:05:35.975+0000] {logging_mixin.py:188} INFO - [2024-07-02T09:05:35.975+0000] {dag.py:3820} INFO - Setting next_dagrun for example_python_operator to None, run_after=None
[2024-07-02T09:05:35.993+0000] {processor.py:183} INFO - Processing /home/airflow/.local/lib/python3.8/site-packages/airflow/example_dags/example_python_operator.py took 0.093 seconds
[2024-07-02T09:06:06.819+0000] {processor.py:161} INFO - Started process (PID=295) to work on /home/airflow/.local/lib/python3.8/site-packages/airflow/example_dags/example_python_operator.py
[2024-07-02T09:06:06.820+0000] {processor.py:830} INFO - Processing file /home/airflow/.local/lib/python3.8/site-packages/airflow/example_dags/example_python_operator.py for tasks to queue
[2024-07-02T09:06:06.822+0000] {logging_mixin.py:188} INFO - [2024-07-02T09:06:06.822+0000] {dagbag.py:538} INFO - Filling up the DagBag from /home/airflow/.local/lib/python3.8/site-packages/airflow/example_dags/example_python_operator.py
[2024-07-02T09:06:06.834+0000] {processor.py:840} INFO - DAG(s) 'example_python_operator' retrieved from /home/airflow/.local/lib/python3.8/site-packages/airflow/example_dags/example_python_operator.py
[2024-07-02T09:06:06.859+0000] {logging_mixin.py:188} INFO - [2024-07-02T09:06:06.859+0000] {dag.py:3033} INFO - Sync 1 DAGs
[2024-07-02T09:06:06.871+0000] {logging_mixin.py:188} INFO - [2024-07-02T09:06:06.871+0000] {dag.py:3820} INFO - Setting next_dagrun for example_python_operator to None, run_after=None
[2024-07-02T09:06:06.888+0000] {processor.py:183} INFO - Processing /home/airflow/.local/lib/python3.8/site-packages/airflow/example_dags/example_python_operator.py took 0.073 seconds
[2024-07-02T09:06:37.570+0000] {processor.py:161} INFO - Started process (PID=349) to work on /home/airflow/.local/lib/python3.8/site-packages/airflow/example_dags/example_python_operator.py
[2024-07-02T09:06:37.571+0000] {processor.py:830} INFO - Processing file /home/airflow/.local/lib/python3.8/site-packages/airflow/example_dags/example_python_operator.py for tasks to queue
[2024-07-02T09:06:37.573+0000] {logging_mixin.py:188} INFO - [2024-07-02T09:06:37.573+0000] {dagbag.py:538} INFO - Filling up the DagBag from /home/airflow/.local/lib/python3.8/site-packages/airflow/example_dags/example_python_operator.py
[2024-07-02T09:06:37.586+0000] {processor.py:840} INFO - DAG(s) 'example_python_operator' retrieved from /home/airflow/.local/lib/python3.8/site-packages/airflow/example_dags/example_python_operator.py
[2024-07-02T09:06:37.608+0000] {logging_mixin.py:188} INFO - [2024-07-02T09:06:37.608+0000] {dag.py:3033} INFO - Sync 1 DAGs
[2024-07-02T09:06:37.621+0000] {logging_mixin.py:188} INFO - [2024-07-02T09:06:37.621+0000] {dag.py:3820} INFO - Setting next_dagrun for example_python_operator to None, run_after=None
[2024-07-02T09:06:37.639+0000] {processor.py:183} INFO - Processing /home/airflow/.local/lib/python3.8/site-packages/airflow/example_dags/example_python_operator.py took 0.073 seconds
[2024-07-02T09:07:07.862+0000] {processor.py:161} INFO - Started process (PID=404) to work on /home/airflow/.local/lib/python3.8/site-packages/airflow/example_dags/example_python_operator.py
[2024-07-02T09:07:07.863+0000] {processor.py:830} INFO - Processing file /home/airflow/.local/lib/python3.8/site-packages/airflow/example_dags/example_python_operator.py for tasks to queue
[2024-07-02T09:07:07.865+0000] {logging_mixin.py:188} INFO - [2024-07-02T09:07:07.865+0000] {dagbag.py:538} INFO - Filling up the DagBag from /home/airflow/.local/lib/python3.8/site-packages/airflow/example_dags/example_python_operator.py
[2024-07-02T09:07:07.877+0000] {processor.py:840} INFO - DAG(s) 'example_python_operator' retrieved from /home/airflow/.local/lib/python3.8/site-packages/airflow/example_dags/example_python_operator.py
[2024-07-02T09:07:07.900+0000] {logging_mixin.py:188} INFO - [2024-07-02T09:07:07.900+0000] {dag.py:3033} INFO - Sync 1 DAGs
[2024-07-02T09:07:07.912+0000] {logging_mixin.py:188} INFO - [2024-07-02T09:07:07.911+0000] {dag.py:3820} INFO - Setting next_dagrun for example_python_operator to None, run_after=None
[2024-07-02T09:07:07.927+0000] {processor.py:183} INFO - Processing /home/airflow/.local/lib/python3.8/site-packages/airflow/example_dags/example_python_operator.py took 0.069 seconds
[2024-07-02T09:07:38.370+0000] {processor.py:161} INFO - Started process (PID=459) to work on /home/airflow/.local/lib/python3.8/site-packages/airflow/example_dags/example_python_operator.py
[2024-07-02T09:07:38.371+0000] {processor.py:830} INFO - Processing file /home/airflow/.local/lib/python3.8/site-packages/airflow/example_dags/example_python_operator.py for tasks to queue
[2024-07-02T09:07:38.373+0000] {logging_mixin.py:188} INFO - [2024-07-02T09:07:38.373+0000] {dagbag.py:538} INFO - Filling up the DagBag from /home/airflow/.local/lib/python3.8/site-packages/airflow/example_dags/example_python_operator.py
[2024-07-02T09:07:38.386+0000] {processor.py:840} INFO - DAG(s) 'example_python_operator' retrieved from /home/airflow/.local/lib/python3.8/site-packages/airflow/example_dags/example_python_operator.py
[2024-07-02T09:07:38.410+0000] {logging_mixin.py:188} INFO - [2024-07-02T09:07:38.410+0000] {dag.py:3033} INFO - Sync 1 DAGs
[2024-07-02T09:07:38.422+0000] {logging_mixin.py:188} INFO - [2024-07-02T09:07:38.422+0000] {dag.py:3820} INFO - Setting next_dagrun for example_python_operator to None, run_after=None
[2024-07-02T09:07:38.438+0000] {processor.py:183} INFO - Processing /home/airflow/.local/lib/python3.8/site-packages/airflow/example_dags/example_python_operator.py took 0.071 seconds
[2024-07-02T09:08:09.029+0000] {processor.py:161} INFO - Started process (PID=514) to work on /home/airflow/.local/lib/python3.8/site-packages/airflow/example_dags/example_python_operator.py
[2024-07-02T09:08:09.032+0000] {processor.py:830} INFO - Processing file /home/airflow/.local/lib/python3.8/site-packages/airflow/example_dags/example_python_operator.py for tasks to queue
[2024-07-02T09:08:09.035+0000] {logging_mixin.py:188} INFO - [2024-07-02T09:08:09.034+0000] {dagbag.py:538} INFO - Filling up the DagBag from /home/airflow/.local/lib/python3.8/site-packages/airflow/example_dags/example_python_operator.py
[2024-07-02T09:08:09.047+0000] {processor.py:840} INFO - DAG(s) 'example_python_operator' retrieved from /home/airflow/.local/lib/python3.8/site-packages/airflow/example_dags/example_python_operator.py
[2024-07-02T09:08:09.069+0000] {logging_mixin.py:188} INFO - [2024-07-02T09:08:09.069+0000] {dag.py:3033} INFO - Sync 1 DAGs
[2024-07-02T09:08:09.082+0000] {logging_mixin.py:188} INFO - [2024-07-02T09:08:09.081+0000] {dag.py:3820} INFO - Setting next_dagrun for example_python_operator to None, run_after=None
[2024-07-02T09:08:09.098+0000] {processor.py:183} INFO - Processing /home/airflow/.local/lib/python3.8/site-packages/airflow/example_dags/example_python_operator.py took 0.072 seconds
[2024-07-02T09:08:39.578+0000] {processor.py:161} INFO - Started process (PID=569) to work on /home/airflow/.local/lib/python3.8/site-packages/airflow/example_dags/example_python_operator.py
[2024-07-02T09:08:39.578+0000] {processor.py:830} INFO - Processing file /home/airflow/.local/lib/python3.8/site-packages/airflow/example_dags/example_python_operator.py for tasks to queue
[2024-07-02T09:08:39.580+0000] {logging_mixin.py:188} INFO - [2024-07-02T09:08:39.580+0000] {dagbag.py:538} INFO - Filling up the DagBag from /home/airflow/.local/lib/python3.8/site-packages/airflow/example_dags/example_python_operator.py
[2024-07-02T09:08:39.588+0000] {processor.py:840} INFO - DAG(s) 'example_python_operator' retrieved from /home/airflow/.local/lib/python3.8/site-packages/airflow/example_dags/example_python_operator.py
[2024-07-02T09:08:39.607+0000] {logging_mixin.py:188} INFO - [2024-07-02T09:08:39.607+0000] {dag.py:3033} INFO - Sync 1 DAGs
[2024-07-02T09:08:39.617+0000] {logging_mixin.py:188} INFO - [2024-07-02T09:08:39.617+0000] {dag.py:3820} INFO - Setting next_dagrun for example_python_operator to None, run_after=None
[2024-07-02T09:08:39.635+0000] {processor.py:183} INFO - Processing /home/airflow/.local/lib/python3.8/site-packages/airflow/example_dags/example_python_operator.py took 0.060 seconds
[2024-07-02T09:09:10.139+0000] {processor.py:161} INFO - Started process (PID=624) to work on /home/airflow/.local/lib/python3.8/site-packages/airflow/example_dags/example_python_operator.py
[2024-07-02T09:09:10.140+0000] {processor.py:830} INFO - Processing file /home/airflow/.local/lib/python3.8/site-packages/airflow/example_dags/example_python_operator.py for tasks to queue
[2024-07-02T09:09:10.142+0000] {logging_mixin.py:188} INFO - [2024-07-02T09:09:10.141+0000] {dagbag.py:538} INFO - Filling up the DagBag from /home/airflow/.local/lib/python3.8/site-packages/airflow/example_dags/example_python_operator.py
[2024-07-02T09:09:10.150+0000] {processor.py:840} INFO - DAG(s) 'example_python_operator' retrieved from /home/airflow/.local/lib/python3.8/site-packages/airflow/example_dags/example_python_operator.py
[2024-07-02T09:09:10.170+0000] {logging_mixin.py:188} INFO - [2024-07-02T09:09:10.170+0000] {dag.py:3033} INFO - Sync 1 DAGs
[2024-07-02T09:09:10.182+0000] {logging_mixin.py:188} INFO - [2024-07-02T09:09:10.182+0000] {dag.py:3820} INFO - Setting next_dagrun for example_python_operator to None, run_after=None
[2024-07-02T09:09:10.200+0000] {processor.py:183} INFO - Processing /home/airflow/.local/lib/python3.8/site-packages/airflow/example_dags/example_python_operator.py took 0.063 seconds
[2024-07-02T09:09:41.091+0000] {processor.py:161} INFO - Started process (PID=679) to work on /home/airflow/.local/lib/python3.8/site-packages/airflow/example_dags/example_python_operator.py
[2024-07-02T09:09:41.092+0000] {processor.py:830} INFO - Processing file /home/airflow/.local/lib/python3.8/site-packages/airflow/example_dags/example_python_operator.py for tasks to queue
[2024-07-02T09:09:41.094+0000] {logging_mixin.py:188} INFO - [2024-07-02T09:09:41.094+0000] {dagbag.py:538} INFO - Filling up the DagBag from /home/airflow/.local/lib/python3.8/site-packages/airflow/example_dags/example_python_operator.py
[2024-07-02T09:09:41.105+0000] {processor.py:840} INFO - DAG(s) 'example_python_operator' retrieved from /home/airflow/.local/lib/python3.8/site-packages/airflow/example_dags/example_python_operator.py
[2024-07-02T09:09:41.128+0000] {logging_mixin.py:188} INFO - [2024-07-02T09:09:41.128+0000] {dag.py:3033} INFO - Sync 1 DAGs
[2024-07-02T09:09:41.140+0000] {logging_mixin.py:188} INFO - [2024-07-02T09:09:41.140+0000] {dag.py:3820} INFO - Setting next_dagrun for example_python_operator to None, run_after=None
[2024-07-02T09:09:41.156+0000] {processor.py:183} INFO - Processing /home/airflow/.local/lib/python3.8/site-packages/airflow/example_dags/example_python_operator.py took 0.068 seconds
[2024-07-02T09:10:12.107+0000] {processor.py:161} INFO - Started process (PID=734) to work on /home/airflow/.local/lib/python3.8/site-packages/airflow/example_dags/example_python_operator.py
[2024-07-02T09:10:12.108+0000] {processor.py:830} INFO - Processing file /home/airflow/.local/lib/python3.8/site-packages/airflow/example_dags/example_python_operator.py for tasks to queue
[2024-07-02T09:10:12.110+0000] {logging_mixin.py:188} INFO - [2024-07-02T09:10:12.110+0000] {dagbag.py:538} INFO - Filling up the DagBag from /home/airflow/.local/lib/python3.8/site-packages/airflow/example_dags/example_python_operator.py
[2024-07-02T09:10:12.123+0000] {processor.py:840} INFO - DAG(s) 'example_python_operator' retrieved from /home/airflow/.local/lib/python3.8/site-packages/airflow/example_dags/example_python_operator.py
[2024-07-02T09:10:12.147+0000] {logging_mixin.py:188} INFO - [2024-07-02T09:10:12.147+0000] {dag.py:3033} INFO - Sync 1 DAGs
[2024-07-02T09:10:12.159+0000] {logging_mixin.py:188} INFO - [2024-07-02T09:10:12.158+0000] {dag.py:3820} INFO - Setting next_dagrun for example_python_operator to None, run_after=None
[2024-07-02T09:10:12.175+0000] {processor.py:183} INFO - Processing /home/airflow/.local/lib/python3.8/site-packages/airflow/example_dags/example_python_operator.py took 0.072 seconds
[2024-07-02T09:10:42.675+0000] {processor.py:161} INFO - Started process (PID=789) to work on /home/airflow/.local/lib/python3.8/site-packages/airflow/example_dags/example_python_operator.py
[2024-07-02T09:10:42.675+0000] {processor.py:830} INFO - Processing file /home/airflow/.local/lib/python3.8/site-packages/airflow/example_dags/example_python_operator.py for tasks to queue
[2024-07-02T09:10:42.677+0000] {logging_mixin.py:188} INFO - [2024-07-02T09:10:42.677+0000] {dagbag.py:538} INFO - Filling up the DagBag from /home/airflow/.local/lib/python3.8/site-packages/airflow/example_dags/example_python_operator.py
[2024-07-02T09:10:42.685+0000] {processor.py:840} INFO - DAG(s) 'example_python_operator' retrieved from /home/airflow/.local/lib/python3.8/site-packages/airflow/example_dags/example_python_operator.py
[2024-07-02T09:10:42.704+0000] {logging_mixin.py:188} INFO - [2024-07-02T09:10:42.704+0000] {dag.py:3033} INFO - Sync 1 DAGs
[2024-07-02T09:10:42.715+0000] {logging_mixin.py:188} INFO - [2024-07-02T09:10:42.715+0000] {dag.py:3820} INFO - Setting next_dagrun for example_python_operator to None, run_after=None
[2024-07-02T09:10:42.730+0000] {processor.py:183} INFO - Processing /home/airflow/.local/lib/python3.8/site-packages/airflow/example_dags/example_python_operator.py took 0.058 seconds
[2024-07-02T09:11:13.234+0000] {processor.py:161} INFO - Started process (PID=844) to work on /home/airflow/.local/lib/python3.8/site-packages/airflow/example_dags/example_python_operator.py
[2024-07-02T09:11:13.235+0000] {processor.py:830} INFO - Processing file /home/airflow/.local/lib/python3.8/site-packages/airflow/example_dags/example_python_operator.py for tasks to queue
[2024-07-02T09:11:13.237+0000] {logging_mixin.py:188} INFO - [2024-07-02T09:11:13.236+0000] {dagbag.py:538} INFO - Filling up the DagBag from /home/airflow/.local/lib/python3.8/site-packages/airflow/example_dags/example_python_operator.py
[2024-07-02T09:11:13.248+0000] {processor.py:840} INFO - DAG(s) 'example_python_operator' retrieved from /home/airflow/.local/lib/python3.8/site-packages/airflow/example_dags/example_python_operator.py
[2024-07-02T09:11:13.269+0000] {logging_mixin.py:188} INFO - [2024-07-02T09:11:13.269+0000] {dag.py:3033} INFO - Sync 1 DAGs
[2024-07-02T09:11:13.282+0000] {logging_mixin.py:188} INFO - [2024-07-02T09:11:13.282+0000] {dag.py:3820} INFO - Setting next_dagrun for example_python_operator to None, run_after=None
[2024-07-02T09:11:13.299+0000] {processor.py:183} INFO - Processing /home/airflow/.local/lib/python3.8/site-packages/airflow/example_dags/example_python_operator.py took 0.068 seconds
[2024-07-02T09:11:44.062+0000] {processor.py:161} INFO - Started process (PID=899) to work on /home/airflow/.local/lib/python3.8/site-packages/airflow/example_dags/example_python_operator.py
[2024-07-02T09:11:44.068+0000] {processor.py:830} INFO - Processing file /home/airflow/.local/lib/python3.8/site-packages/airflow/example_dags/example_python_operator.py for tasks to queue
[2024-07-02T09:11:44.072+0000] {logging_mixin.py:188} INFO - [2024-07-02T09:11:44.071+0000] {dagbag.py:538} INFO - Filling up the DagBag from /home/airflow/.local/lib/python3.8/site-packages/airflow/example_dags/example_python_operator.py
[2024-07-02T09:11:44.095+0000] {processor.py:840} INFO - DAG(s) 'example_python_operator' retrieved from /home/airflow/.local/lib/python3.8/site-packages/airflow/example_dags/example_python_operator.py
[2024-07-02T09:11:44.148+0000] {logging_mixin.py:188} INFO - [2024-07-02T09:11:44.148+0000] {dag.py:3033} INFO - Sync 1 DAGs
[2024-07-02T09:11:44.198+0000] {logging_mixin.py:188} INFO - [2024-07-02T09:11:44.198+0000] {dag.py:3820} INFO - Setting next_dagrun for example_python_operator to None, run_after=None
[2024-07-02T09:11:44.284+0000] {processor.py:183} INFO - Processing /home/airflow/.local/lib/python3.8/site-packages/airflow/example_dags/example_python_operator.py took 0.229 seconds
[2024-07-02T09:12:15.244+0000] {processor.py:161} INFO - Started process (PID=954) to work on /home/airflow/.local/lib/python3.8/site-packages/airflow/example_dags/example_python_operator.py
[2024-07-02T09:12:15.245+0000] {processor.py:830} INFO - Processing file /home/airflow/.local/lib/python3.8/site-packages/airflow/example_dags/example_python_operator.py for tasks to queue
[2024-07-02T09:12:15.246+0000] {logging_mixin.py:188} INFO - [2024-07-02T09:12:15.246+0000] {dagbag.py:538} INFO - Filling up the DagBag from /home/airflow/.local/lib/python3.8/site-packages/airflow/example_dags/example_python_operator.py
[2024-07-02T09:12:15.256+0000] {processor.py:840} INFO - DAG(s) 'example_python_operator' retrieved from /home/airflow/.local/lib/python3.8/site-packages/airflow/example_dags/example_python_operator.py
[2024-07-02T09:12:15.276+0000] {logging_mixin.py:188} INFO - [2024-07-02T09:12:15.276+0000] {dag.py:3033} INFO - Sync 1 DAGs
[2024-07-02T09:12:15.289+0000] {logging_mixin.py:188} INFO - [2024-07-02T09:12:15.288+0000] {dag.py:3820} INFO - Setting next_dagrun for example_python_operator to None, run_after=None
[2024-07-02T09:12:15.309+0000] {processor.py:183} INFO - Processing /home/airflow/.local/lib/python3.8/site-packages/airflow/example_dags/example_python_operator.py took 0.068 seconds
[2024-07-02T09:12:45.574+0000] {processor.py:161} INFO - Started process (PID=1009) to work on /home/airflow/.local/lib/python3.8/site-packages/airflow/example_dags/example_python_operator.py
[2024-07-02T09:12:45.575+0000] {processor.py:830} INFO - Processing file /home/airflow/.local/lib/python3.8/site-packages/airflow/example_dags/example_python_operator.py for tasks to queue
[2024-07-02T09:12:45.577+0000] {logging_mixin.py:188} INFO - [2024-07-02T09:12:45.576+0000] {dagbag.py:538} INFO - Filling up the DagBag from /home/airflow/.local/lib/python3.8/site-packages/airflow/example_dags/example_python_operator.py
[2024-07-02T09:12:45.585+0000] {processor.py:840} INFO - DAG(s) 'example_python_operator' retrieved from /home/airflow/.local/lib/python3.8/site-packages/airflow/example_dags/example_python_operator.py
[2024-07-02T09:12:45.618+0000] {logging_mixin.py:188} INFO - [2024-07-02T09:12:45.617+0000] {dag.py:3033} INFO - Sync 1 DAGs
[2024-07-02T09:12:45.632+0000] {logging_mixin.py:188} INFO - [2024-07-02T09:12:45.632+0000] {dag.py:3820} INFO - Setting next_dagrun for example_python_operator to None, run_after=None
[2024-07-02T09:12:45.652+0000] {processor.py:183} INFO - Processing /home/airflow/.local/lib/python3.8/site-packages/airflow/example_dags/example_python_operator.py took 0.080 seconds
[2024-07-02T09:13:16.056+0000] {processor.py:161} INFO - Started process (PID=1064) to work on /home/airflow/.local/lib/python3.8/site-packages/airflow/example_dags/example_python_operator.py
[2024-07-02T09:13:16.057+0000] {processor.py:830} INFO - Processing file /home/airflow/.local/lib/python3.8/site-packages/airflow/example_dags/example_python_operator.py for tasks to queue
[2024-07-02T09:13:16.060+0000] {logging_mixin.py:188} INFO - [2024-07-02T09:13:16.060+0000] {dagbag.py:538} INFO - Filling up the DagBag from /home/airflow/.local/lib/python3.8/site-packages/airflow/example_dags/example_python_operator.py
[2024-07-02T09:13:16.073+0000] {processor.py:840} INFO - DAG(s) 'example_python_operator' retrieved from /home/airflow/.local/lib/python3.8/site-packages/airflow/example_dags/example_python_operator.py
[2024-07-02T09:13:16.095+0000] {logging_mixin.py:188} INFO - [2024-07-02T09:13:16.095+0000] {dag.py:3033} INFO - Sync 1 DAGs
[2024-07-02T09:13:16.107+0000] {logging_mixin.py:188} INFO - [2024-07-02T09:13:16.107+0000] {dag.py:3820} INFO - Setting next_dagrun for example_python_operator to None, run_after=None
[2024-07-02T09:13:16.124+0000] {processor.py:183} INFO - Processing /home/airflow/.local/lib/python3.8/site-packages/airflow/example_dags/example_python_operator.py took 0.072 seconds
[2024-07-02T09:13:46.593+0000] {processor.py:161} INFO - Started process (PID=1119) to work on /home/airflow/.local/lib/python3.8/site-packages/airflow/example_dags/example_python_operator.py
[2024-07-02T09:13:46.594+0000] {processor.py:830} INFO - Processing file /home/airflow/.local/lib/python3.8/site-packages/airflow/example_dags/example_python_operator.py for tasks to queue
[2024-07-02T09:13:46.596+0000] {logging_mixin.py:188} INFO - [2024-07-02T09:13:46.595+0000] {dagbag.py:538} INFO - Filling up the DagBag from /home/airflow/.local/lib/python3.8/site-packages/airflow/example_dags/example_python_operator.py
[2024-07-02T09:13:46.607+0000] {processor.py:840} INFO - DAG(s) 'example_python_operator' retrieved from /home/airflow/.local/lib/python3.8/site-packages/airflow/example_dags/example_python_operator.py
[2024-07-02T09:13:46.632+0000] {logging_mixin.py:188} INFO - [2024-07-02T09:13:46.632+0000] {dag.py:3033} INFO - Sync 1 DAGs
[2024-07-02T09:13:46.645+0000] {logging_mixin.py:188} INFO - [2024-07-02T09:13:46.645+0000] {dag.py:3820} INFO - Setting next_dagrun for example_python_operator to None, run_after=None
[2024-07-02T09:13:46.663+0000] {processor.py:183} INFO - Processing /home/airflow/.local/lib/python3.8/site-packages/airflow/example_dags/example_python_operator.py took 0.074 seconds
[2024-07-02T09:14:17.044+0000] {processor.py:161} INFO - Started process (PID=1174) to work on /home/airflow/.local/lib/python3.8/site-packages/airflow/example_dags/example_python_operator.py
[2024-07-02T09:14:17.045+0000] {processor.py:830} INFO - Processing file /home/airflow/.local/lib/python3.8/site-packages/airflow/example_dags/example_python_operator.py for tasks to queue
[2024-07-02T09:14:17.047+0000] {logging_mixin.py:188} INFO - [2024-07-02T09:14:17.046+0000] {dagbag.py:538} INFO - Filling up the DagBag from /home/airflow/.local/lib/python3.8/site-packages/airflow/example_dags/example_python_operator.py
[2024-07-02T09:14:17.055+0000] {processor.py:840} INFO - DAG(s) 'example_python_operator' retrieved from /home/airflow/.local/lib/python3.8/site-packages/airflow/example_dags/example_python_operator.py
[2024-07-02T09:14:17.080+0000] {logging_mixin.py:188} INFO - [2024-07-02T09:14:17.080+0000] {dag.py:3033} INFO - Sync 1 DAGs
[2024-07-02T09:14:17.094+0000] {logging_mixin.py:188} INFO - [2024-07-02T09:14:17.094+0000] {dag.py:3820} INFO - Setting next_dagrun for example_python_operator to None, run_after=None
[2024-07-02T09:14:17.114+0000] {processor.py:183} INFO - Processing /home/airflow/.local/lib/python3.8/site-packages/airflow/example_dags/example_python_operator.py took 0.072 seconds
[2024-07-02T09:14:47.554+0000] {processor.py:161} INFO - Started process (PID=1229) to work on /home/airflow/.local/lib/python3.8/site-packages/airflow/example_dags/example_python_operator.py
[2024-07-02T09:14:47.555+0000] {processor.py:830} INFO - Processing file /home/airflow/.local/lib/python3.8/site-packages/airflow/example_dags/example_python_operator.py for tasks to queue
[2024-07-02T09:14:47.556+0000] {logging_mixin.py:188} INFO - [2024-07-02T09:14:47.556+0000] {dagbag.py:538} INFO - Filling up the DagBag from /home/airflow/.local/lib/python3.8/site-packages/airflow/example_dags/example_python_operator.py
[2024-07-02T09:14:47.565+0000] {processor.py:840} INFO - DAG(s) 'example_python_operator' retrieved from /home/airflow/.local/lib/python3.8/site-packages/airflow/example_dags/example_python_operator.py
[2024-07-02T09:14:47.584+0000] {logging_mixin.py:188} INFO - [2024-07-02T09:14:47.583+0000] {dag.py:3033} INFO - Sync 1 DAGs
[2024-07-02T09:14:47.594+0000] {logging_mixin.py:188} INFO - [2024-07-02T09:14:47.594+0000] {dag.py:3820} INFO - Setting next_dagrun for example_python_operator to None, run_after=None
[2024-07-02T09:14:47.613+0000] {processor.py:183} INFO - Processing /home/airflow/.local/lib/python3.8/site-packages/airflow/example_dags/example_python_operator.py took 0.062 seconds
[2024-07-02T09:15:18.039+0000] {processor.py:161} INFO - Started process (PID=1284) to work on /home/airflow/.local/lib/python3.8/site-packages/airflow/example_dags/example_python_operator.py
[2024-07-02T09:15:18.040+0000] {processor.py:830} INFO - Processing file /home/airflow/.local/lib/python3.8/site-packages/airflow/example_dags/example_python_operator.py for tasks to queue
[2024-07-02T09:15:18.042+0000] {logging_mixin.py:188} INFO - [2024-07-02T09:15:18.041+0000] {dagbag.py:538} INFO - Filling up the DagBag from /home/airflow/.local/lib/python3.8/site-packages/airflow/example_dags/example_python_operator.py
[2024-07-02T09:15:18.053+0000] {processor.py:840} INFO - DAG(s) 'example_python_operator' retrieved from /home/airflow/.local/lib/python3.8/site-packages/airflow/example_dags/example_python_operator.py
[2024-07-02T09:15:18.076+0000] {logging_mixin.py:188} INFO - [2024-07-02T09:15:18.076+0000] {dag.py:3033} INFO - Sync 1 DAGs
[2024-07-02T09:15:18.091+0000] {logging_mixin.py:188} INFO - [2024-07-02T09:15:18.091+0000] {dag.py:3820} INFO - Setting next_dagrun for example_python_operator to None, run_after=None
[2024-07-02T09:15:18.115+0000] {processor.py:183} INFO - Processing /home/airflow/.local/lib/python3.8/site-packages/airflow/example_dags/example_python_operator.py took 0.078 seconds
[2024-07-02T09:15:48.524+0000] {processor.py:161} INFO - Started process (PID=1339) to work on /home/airflow/.local/lib/python3.8/site-packages/airflow/example_dags/example_python_operator.py
[2024-07-02T09:15:48.525+0000] {processor.py:830} INFO - Processing file /home/airflow/.local/lib/python3.8/site-packages/airflow/example_dags/example_python_operator.py for tasks to queue
[2024-07-02T09:15:48.526+0000] {logging_mixin.py:188} INFO - [2024-07-02T09:15:48.526+0000] {dagbag.py:538} INFO - Filling up the DagBag from /home/airflow/.local/lib/python3.8/site-packages/airflow/example_dags/example_python_operator.py
[2024-07-02T09:15:48.535+0000] {processor.py:840} INFO - DAG(s) 'example_python_operator' retrieved from /home/airflow/.local/lib/python3.8/site-packages/airflow/example_dags/example_python_operator.py
[2024-07-02T09:15:48.558+0000] {logging_mixin.py:188} INFO - [2024-07-02T09:15:48.558+0000] {dag.py:3033} INFO - Sync 1 DAGs
[2024-07-02T09:15:48.572+0000] {logging_mixin.py:188} INFO - [2024-07-02T09:15:48.572+0000] {dag.py:3820} INFO - Setting next_dagrun for example_python_operator to None, run_after=None
[2024-07-02T09:15:48.598+0000] {processor.py:183} INFO - Processing /home/airflow/.local/lib/python3.8/site-packages/airflow/example_dags/example_python_operator.py took 0.076 seconds
[2024-07-02T09:16:19.249+0000] {processor.py:161} INFO - Started process (PID=1393) to work on /home/airflow/.local/lib/python3.8/site-packages/airflow/example_dags/example_python_operator.py
[2024-07-02T09:16:19.253+0000] {processor.py:830} INFO - Processing file /home/airflow/.local/lib/python3.8/site-packages/airflow/example_dags/example_python_operator.py for tasks to queue
[2024-07-02T09:16:19.254+0000] {logging_mixin.py:188} INFO - [2024-07-02T09:16:19.254+0000] {dagbag.py:538} INFO - Filling up the DagBag from /home/airflow/.local/lib/python3.8/site-packages/airflow/example_dags/example_python_operator.py
[2024-07-02T09:16:19.264+0000] {processor.py:840} INFO - DAG(s) 'example_python_operator' retrieved from /home/airflow/.local/lib/python3.8/site-packages/airflow/example_dags/example_python_operator.py
[2024-07-02T09:16:19.284+0000] {logging_mixin.py:188} INFO - [2024-07-02T09:16:19.284+0000] {dag.py:3033} INFO - Sync 1 DAGs
[2024-07-02T09:16:19.298+0000] {logging_mixin.py:188} INFO - [2024-07-02T09:16:19.298+0000] {dag.py:3820} INFO - Setting next_dagrun for example_python_operator to None, run_after=None
[2024-07-02T09:16:19.319+0000] {processor.py:183} INFO - Processing /home/airflow/.local/lib/python3.8/site-packages/airflow/example_dags/example_python_operator.py took 0.072 seconds
[2024-07-02T09:16:49.715+0000] {processor.py:161} INFO - Started process (PID=1448) to work on /home/airflow/.local/lib/python3.8/site-packages/airflow/example_dags/example_python_operator.py
[2024-07-02T09:16:49.716+0000] {processor.py:830} INFO - Processing file /home/airflow/.local/lib/python3.8/site-packages/airflow/example_dags/example_python_operator.py for tasks to queue
[2024-07-02T09:16:49.719+0000] {logging_mixin.py:188} INFO - [2024-07-02T09:16:49.719+0000] {dagbag.py:538} INFO - Filling up the DagBag from /home/airflow/.local/lib/python3.8/site-packages/airflow/example_dags/example_python_operator.py
[2024-07-02T09:16:49.736+0000] {processor.py:840} INFO - DAG(s) 'example_python_operator' retrieved from /home/airflow/.local/lib/python3.8/site-packages/airflow/example_dags/example_python_operator.py
[2024-07-02T09:16:49.761+0000] {logging_mixin.py:188} INFO - [2024-07-02T09:16:49.761+0000] {dag.py:3033} INFO - Sync 1 DAGs
[2024-07-02T09:16:49.775+0000] {logging_mixin.py:188} INFO - [2024-07-02T09:16:49.775+0000] {dag.py:3820} INFO - Setting next_dagrun for example_python_operator to None, run_after=None
[2024-07-02T09:16:49.799+0000] {processor.py:183} INFO - Processing /home/airflow/.local/lib/python3.8/site-packages/airflow/example_dags/example_python_operator.py took 0.088 seconds
[2024-07-02T09:17:20.244+0000] {processor.py:161} INFO - Started process (PID=1503) to work on /home/airflow/.local/lib/python3.8/site-packages/airflow/example_dags/example_python_operator.py
[2024-07-02T09:17:20.245+0000] {processor.py:830} INFO - Processing file /home/airflow/.local/lib/python3.8/site-packages/airflow/example_dags/example_python_operator.py for tasks to queue
[2024-07-02T09:17:20.247+0000] {logging_mixin.py:188} INFO - [2024-07-02T09:17:20.246+0000] {dagbag.py:538} INFO - Filling up the DagBag from /home/airflow/.local/lib/python3.8/site-packages/airflow/example_dags/example_python_operator.py
[2024-07-02T09:17:20.256+0000] {processor.py:840} INFO - DAG(s) 'example_python_operator' retrieved from /home/airflow/.local/lib/python3.8/site-packages/airflow/example_dags/example_python_operator.py
[2024-07-02T09:17:20.277+0000] {logging_mixin.py:188} INFO - [2024-07-02T09:17:20.277+0000] {dag.py:3033} INFO - Sync 1 DAGs
[2024-07-02T09:17:20.288+0000] {logging_mixin.py:188} INFO - [2024-07-02T09:17:20.288+0000] {dag.py:3820} INFO - Setting next_dagrun for example_python_operator to None, run_after=None
[2024-07-02T09:17:20.304+0000] {processor.py:183} INFO - Processing /home/airflow/.local/lib/python3.8/site-packages/airflow/example_dags/example_python_operator.py took 0.063 seconds
[2024-07-02T09:17:50.559+0000] {processor.py:161} INFO - Started process (PID=1559) to work on /home/airflow/.local/lib/python3.8/site-packages/airflow/example_dags/example_python_operator.py
[2024-07-02T09:17:50.560+0000] {processor.py:830} INFO - Processing file /home/airflow/.local/lib/python3.8/site-packages/airflow/example_dags/example_python_operator.py for tasks to queue
[2024-07-02T09:17:50.562+0000] {logging_mixin.py:188} INFO - [2024-07-02T09:17:50.561+0000] {dagbag.py:538} INFO - Filling up the DagBag from /home/airflow/.local/lib/python3.8/site-packages/airflow/example_dags/example_python_operator.py
[2024-07-02T09:17:50.571+0000] {processor.py:840} INFO - DAG(s) 'example_python_operator' retrieved from /home/airflow/.local/lib/python3.8/site-packages/airflow/example_dags/example_python_operator.py
[2024-07-02T09:17:50.591+0000] {logging_mixin.py:188} INFO - [2024-07-02T09:17:50.591+0000] {dag.py:3033} INFO - Sync 1 DAGs
[2024-07-02T09:17:50.602+0000] {logging_mixin.py:188} INFO - [2024-07-02T09:17:50.601+0000] {dag.py:3820} INFO - Setting next_dagrun for example_python_operator to None, run_after=None
[2024-07-02T09:17:50.619+0000] {processor.py:183} INFO - Processing /home/airflow/.local/lib/python3.8/site-packages/airflow/example_dags/example_python_operator.py took 0.062 seconds
[2024-07-02T09:18:21.178+0000] {processor.py:161} INFO - Started process (PID=1614) to work on /home/airflow/.local/lib/python3.8/site-packages/airflow/example_dags/example_python_operator.py
[2024-07-02T09:18:21.179+0000] {processor.py:830} INFO - Processing file /home/airflow/.local/lib/python3.8/site-packages/airflow/example_dags/example_python_operator.py for tasks to queue
[2024-07-02T09:18:21.180+0000] {logging_mixin.py:188} INFO - [2024-07-02T09:18:21.180+0000] {dagbag.py:538} INFO - Filling up the DagBag from /home/airflow/.local/lib/python3.8/site-packages/airflow/example_dags/example_python_operator.py
[2024-07-02T09:18:21.191+0000] {processor.py:840} INFO - DAG(s) 'example_python_operator' retrieved from /home/airflow/.local/lib/python3.8/site-packages/airflow/example_dags/example_python_operator.py
[2024-07-02T09:18:21.211+0000] {logging_mixin.py:188} INFO - [2024-07-02T09:18:21.210+0000] {dag.py:3033} INFO - Sync 1 DAGs
[2024-07-02T09:18:21.221+0000] {logging_mixin.py:188} INFO - [2024-07-02T09:18:21.221+0000] {dag.py:3820} INFO - Setting next_dagrun for example_python_operator to None, run_after=None
[2024-07-02T09:18:21.236+0000] {processor.py:183} INFO - Processing /home/airflow/.local/lib/python3.8/site-packages/airflow/example_dags/example_python_operator.py took 0.061 seconds
[2024-07-02T09:18:51.692+0000] {processor.py:161} INFO - Started process (PID=1669) to work on /home/airflow/.local/lib/python3.8/site-packages/airflow/example_dags/example_python_operator.py
[2024-07-02T09:18:51.696+0000] {processor.py:830} INFO - Processing file /home/airflow/.local/lib/python3.8/site-packages/airflow/example_dags/example_python_operator.py for tasks to queue
[2024-07-02T09:18:51.699+0000] {logging_mixin.py:188} INFO - [2024-07-02T09:18:51.698+0000] {dagbag.py:538} INFO - Filling up the DagBag from /home/airflow/.local/lib/python3.8/site-packages/airflow/example_dags/example_python_operator.py
[2024-07-02T09:18:51.708+0000] {processor.py:840} INFO - DAG(s) 'example_python_operator' retrieved from /home/airflow/.local/lib/python3.8/site-packages/airflow/example_dags/example_python_operator.py
[2024-07-02T09:18:51.732+0000] {logging_mixin.py:188} INFO - [2024-07-02T09:18:51.732+0000] {dag.py:3033} INFO - Sync 1 DAGs
[2024-07-02T09:18:51.743+0000] {logging_mixin.py:188} INFO - [2024-07-02T09:18:51.743+0000] {dag.py:3820} INFO - Setting next_dagrun for example_python_operator to None, run_after=None
[2024-07-02T09:18:51.759+0000] {processor.py:183} INFO - Processing /home/airflow/.local/lib/python3.8/site-packages/airflow/example_dags/example_python_operator.py took 0.070 seconds
[2024-07-02T09:19:22.129+0000] {processor.py:161} INFO - Started process (PID=1724) to work on /home/airflow/.local/lib/python3.8/site-packages/airflow/example_dags/example_python_operator.py
[2024-07-02T09:19:22.130+0000] {processor.py:830} INFO - Processing file /home/airflow/.local/lib/python3.8/site-packages/airflow/example_dags/example_python_operator.py for tasks to queue
[2024-07-02T09:19:22.133+0000] {logging_mixin.py:188} INFO - [2024-07-02T09:19:22.133+0000] {dagbag.py:538} INFO - Filling up the DagBag from /home/airflow/.local/lib/python3.8/site-packages/airflow/example_dags/example_python_operator.py
[2024-07-02T09:19:22.149+0000] {processor.py:840} INFO - DAG(s) 'example_python_operator' retrieved from /home/airflow/.local/lib/python3.8/site-packages/airflow/example_dags/example_python_operator.py
[2024-07-02T09:19:22.184+0000] {logging_mixin.py:188} INFO - [2024-07-02T09:19:22.183+0000] {dag.py:3033} INFO - Sync 1 DAGs
[2024-07-02T09:19:22.205+0000] {logging_mixin.py:188} INFO - [2024-07-02T09:19:22.205+0000] {dag.py:3820} INFO - Setting next_dagrun for example_python_operator to None, run_after=None
[2024-07-02T09:19:22.240+0000] {processor.py:183} INFO - Processing /home/airflow/.local/lib/python3.8/site-packages/airflow/example_dags/example_python_operator.py took 0.115 seconds
[2024-07-02T09:19:52.396+0000] {processor.py:161} INFO - Started process (PID=1778) to work on /home/airflow/.local/lib/python3.8/site-packages/airflow/example_dags/example_python_operator.py
[2024-07-02T09:19:52.397+0000] {processor.py:830} INFO - Processing file /home/airflow/.local/lib/python3.8/site-packages/airflow/example_dags/example_python_operator.py for tasks to queue
[2024-07-02T09:19:52.399+0000] {logging_mixin.py:188} INFO - [2024-07-02T09:19:52.399+0000] {dagbag.py:538} INFO - Filling up the DagBag from /home/airflow/.local/lib/python3.8/site-packages/airflow/example_dags/example_python_operator.py
[2024-07-02T09:19:52.408+0000] {processor.py:840} INFO - DAG(s) 'example_python_operator' retrieved from /home/airflow/.local/lib/python3.8/site-packages/airflow/example_dags/example_python_operator.py
[2024-07-02T09:19:52.427+0000] {logging_mixin.py:188} INFO - [2024-07-02T09:19:52.427+0000] {dag.py:3033} INFO - Sync 1 DAGs
[2024-07-02T09:19:52.438+0000] {logging_mixin.py:188} INFO - [2024-07-02T09:19:52.438+0000] {dag.py:3820} INFO - Setting next_dagrun for example_python_operator to None, run_after=None
[2024-07-02T09:19:52.455+0000] {processor.py:183} INFO - Processing /home/airflow/.local/lib/python3.8/site-packages/airflow/example_dags/example_python_operator.py took 0.062 seconds
[2024-07-02T09:20:22.992+0000] {processor.py:161} INFO - Started process (PID=1832) to work on /home/airflow/.local/lib/python3.8/site-packages/airflow/example_dags/example_python_operator.py
[2024-07-02T09:20:22.992+0000] {processor.py:830} INFO - Processing file /home/airflow/.local/lib/python3.8/site-packages/airflow/example_dags/example_python_operator.py for tasks to queue
[2024-07-02T09:20:22.994+0000] {logging_mixin.py:188} INFO - [2024-07-02T09:20:22.994+0000] {dagbag.py:538} INFO - Filling up the DagBag from /home/airflow/.local/lib/python3.8/site-packages/airflow/example_dags/example_python_operator.py
[2024-07-02T09:20:23.004+0000] {processor.py:840} INFO - DAG(s) 'example_python_operator' retrieved from /home/airflow/.local/lib/python3.8/site-packages/airflow/example_dags/example_python_operator.py
[2024-07-02T09:20:23.024+0000] {logging_mixin.py:188} INFO - [2024-07-02T09:20:23.023+0000] {dag.py:3033} INFO - Sync 1 DAGs
[2024-07-02T09:20:23.035+0000] {logging_mixin.py:188} INFO - [2024-07-02T09:20:23.035+0000] {dag.py:3820} INFO - Setting next_dagrun for example_python_operator to None, run_after=None
[2024-07-02T09:20:23.052+0000] {processor.py:183} INFO - Processing /home/airflow/.local/lib/python3.8/site-packages/airflow/example_dags/example_python_operator.py took 0.064 seconds
[2024-07-02T09:20:53.737+0000] {processor.py:161} INFO - Started process (PID=1887) to work on /home/airflow/.local/lib/python3.8/site-packages/airflow/example_dags/example_python_operator.py
[2024-07-02T09:20:53.738+0000] {processor.py:830} INFO - Processing file /home/airflow/.local/lib/python3.8/site-packages/airflow/example_dags/example_python_operator.py for tasks to queue
[2024-07-02T09:20:53.740+0000] {logging_mixin.py:188} INFO - [2024-07-02T09:20:53.740+0000] {dagbag.py:538} INFO - Filling up the DagBag from /home/airflow/.local/lib/python3.8/site-packages/airflow/example_dags/example_python_operator.py
[2024-07-02T09:20:53.749+0000] {processor.py:840} INFO - DAG(s) 'example_python_operator' retrieved from /home/airflow/.local/lib/python3.8/site-packages/airflow/example_dags/example_python_operator.py
[2024-07-02T09:20:53.768+0000] {logging_mixin.py:188} INFO - [2024-07-02T09:20:53.768+0000] {dag.py:3033} INFO - Sync 1 DAGs
[2024-07-02T09:20:53.780+0000] {logging_mixin.py:188} INFO - [2024-07-02T09:20:53.780+0000] {dag.py:3820} INFO - Setting next_dagrun for example_python_operator to None, run_after=None
[2024-07-02T09:20:53.798+0000] {processor.py:183} INFO - Processing /home/airflow/.local/lib/python3.8/site-packages/airflow/example_dags/example_python_operator.py took 0.063 seconds
[2024-07-02T09:21:23.861+0000] {processor.py:161} INFO - Started process (PID=1942) to work on /home/airflow/.local/lib/python3.8/site-packages/airflow/example_dags/example_python_operator.py
[2024-07-02T09:21:23.862+0000] {processor.py:830} INFO - Processing file /home/airflow/.local/lib/python3.8/site-packages/airflow/example_dags/example_python_operator.py for tasks to queue
[2024-07-02T09:21:23.864+0000] {logging_mixin.py:188} INFO - [2024-07-02T09:21:23.864+0000] {dagbag.py:538} INFO - Filling up the DagBag from /home/airflow/.local/lib/python3.8/site-packages/airflow/example_dags/example_python_operator.py
[2024-07-02T09:21:23.878+0000] {processor.py:840} INFO - DAG(s) 'example_python_operator' retrieved from /home/airflow/.local/lib/python3.8/site-packages/airflow/example_dags/example_python_operator.py
[2024-07-02T09:21:23.905+0000] {logging_mixin.py:188} INFO - [2024-07-02T09:21:23.904+0000] {dag.py:3033} INFO - Sync 1 DAGs
[2024-07-02T09:21:23.920+0000] {logging_mixin.py:188} INFO - [2024-07-02T09:21:23.920+0000] {dag.py:3820} INFO - Setting next_dagrun for example_python_operator to None, run_after=None
[2024-07-02T09:21:23.944+0000] {processor.py:183} INFO - Processing /home/airflow/.local/lib/python3.8/site-packages/airflow/example_dags/example_python_operator.py took 0.087 seconds
[2024-07-02T09:21:54.540+0000] {processor.py:161} INFO - Started process (PID=1996) to work on /home/airflow/.local/lib/python3.8/site-packages/airflow/example_dags/example_python_operator.py
[2024-07-02T09:21:54.541+0000] {processor.py:830} INFO - Processing file /home/airflow/.local/lib/python3.8/site-packages/airflow/example_dags/example_python_operator.py for tasks to queue
[2024-07-02T09:21:54.543+0000] {logging_mixin.py:188} INFO - [2024-07-02T09:21:54.543+0000] {dagbag.py:538} INFO - Filling up the DagBag from /home/airflow/.local/lib/python3.8/site-packages/airflow/example_dags/example_python_operator.py
[2024-07-02T09:21:54.556+0000] {processor.py:840} INFO - DAG(s) 'example_python_operator' retrieved from /home/airflow/.local/lib/python3.8/site-packages/airflow/example_dags/example_python_operator.py
[2024-07-02T09:21:54.583+0000] {logging_mixin.py:188} INFO - [2024-07-02T09:21:54.582+0000] {dag.py:3033} INFO - Sync 1 DAGs
[2024-07-02T09:21:54.602+0000] {logging_mixin.py:188} INFO - [2024-07-02T09:21:54.601+0000] {dag.py:3820} INFO - Setting next_dagrun for example_python_operator to None, run_after=None
[2024-07-02T09:21:54.634+0000] {processor.py:183} INFO - Processing /home/airflow/.local/lib/python3.8/site-packages/airflow/example_dags/example_python_operator.py took 0.097 seconds
[2024-07-02T09:22:24.749+0000] {processor.py:161} INFO - Started process (PID=2051) to work on /home/airflow/.local/lib/python3.8/site-packages/airflow/example_dags/example_python_operator.py
[2024-07-02T09:22:24.753+0000] {processor.py:830} INFO - Processing file /home/airflow/.local/lib/python3.8/site-packages/airflow/example_dags/example_python_operator.py for tasks to queue
[2024-07-02T09:22:24.755+0000] {logging_mixin.py:188} INFO - [2024-07-02T09:22:24.754+0000] {dagbag.py:538} INFO - Filling up the DagBag from /home/airflow/.local/lib/python3.8/site-packages/airflow/example_dags/example_python_operator.py
[2024-07-02T09:22:24.764+0000] {processor.py:840} INFO - DAG(s) 'example_python_operator' retrieved from /home/airflow/.local/lib/python3.8/site-packages/airflow/example_dags/example_python_operator.py
[2024-07-02T09:22:24.783+0000] {logging_mixin.py:188} INFO - [2024-07-02T09:22:24.783+0000] {dag.py:3033} INFO - Sync 1 DAGs
[2024-07-02T09:22:24.794+0000] {logging_mixin.py:188} INFO - [2024-07-02T09:22:24.794+0000] {dag.py:3820} INFO - Setting next_dagrun for example_python_operator to None, run_after=None
[2024-07-02T09:22:24.813+0000] {processor.py:183} INFO - Processing /home/airflow/.local/lib/python3.8/site-packages/airflow/example_dags/example_python_operator.py took 0.073 seconds
[2024-07-02T09:22:55.013+0000] {processor.py:161} INFO - Started process (PID=2107) to work on /home/airflow/.local/lib/python3.8/site-packages/airflow/example_dags/example_python_operator.py
[2024-07-02T09:22:55.016+0000] {processor.py:830} INFO - Processing file /home/airflow/.local/lib/python3.8/site-packages/airflow/example_dags/example_python_operator.py for tasks to queue
[2024-07-02T09:22:55.018+0000] {logging_mixin.py:188} INFO - [2024-07-02T09:22:55.018+0000] {dagbag.py:538} INFO - Filling up the DagBag from /home/airflow/.local/lib/python3.8/site-packages/airflow/example_dags/example_python_operator.py
[2024-07-02T09:22:55.027+0000] {processor.py:840} INFO - DAG(s) 'example_python_operator' retrieved from /home/airflow/.local/lib/python3.8/site-packages/airflow/example_dags/example_python_operator.py
[2024-07-02T09:22:55.049+0000] {logging_mixin.py:188} INFO - [2024-07-02T09:22:55.049+0000] {dag.py:3033} INFO - Sync 1 DAGs
[2024-07-02T09:22:55.066+0000] {logging_mixin.py:188} INFO - [2024-07-02T09:22:55.066+0000] {dag.py:3820} INFO - Setting next_dagrun for example_python_operator to None, run_after=None
[2024-07-02T09:22:55.084+0000] {processor.py:183} INFO - Processing /home/airflow/.local/lib/python3.8/site-packages/airflow/example_dags/example_python_operator.py took 0.074 seconds
[2024-07-02T09:23:25.404+0000] {processor.py:161} INFO - Started process (PID=2161) to work on /home/airflow/.local/lib/python3.8/site-packages/airflow/example_dags/example_python_operator.py
[2024-07-02T09:23:25.408+0000] {processor.py:830} INFO - Processing file /home/airflow/.local/lib/python3.8/site-packages/airflow/example_dags/example_python_operator.py for tasks to queue
[2024-07-02T09:23:25.411+0000] {logging_mixin.py:188} INFO - [2024-07-02T09:23:25.410+0000] {dagbag.py:538} INFO - Filling up the DagBag from /home/airflow/.local/lib/python3.8/site-packages/airflow/example_dags/example_python_operator.py
[2024-07-02T09:23:25.433+0000] {processor.py:840} INFO - DAG(s) 'example_python_operator' retrieved from /home/airflow/.local/lib/python3.8/site-packages/airflow/example_dags/example_python_operator.py
[2024-07-02T09:23:25.476+0000] {logging_mixin.py:188} INFO - [2024-07-02T09:23:25.476+0000] {dag.py:3033} INFO - Sync 1 DAGs
[2024-07-02T09:23:25.504+0000] {logging_mixin.py:188} INFO - [2024-07-02T09:23:25.504+0000] {dag.py:3820} INFO - Setting next_dagrun for example_python_operator to None, run_after=None
[2024-07-02T09:23:25.544+0000] {processor.py:183} INFO - Processing /home/airflow/.local/lib/python3.8/site-packages/airflow/example_dags/example_python_operator.py took 0.145 seconds
[2024-07-02T09:23:55.585+0000] {processor.py:161} INFO - Started process (PID=2215) to work on /home/airflow/.local/lib/python3.8/site-packages/airflow/example_dags/example_python_operator.py
[2024-07-02T09:23:55.586+0000] {processor.py:830} INFO - Processing file /home/airflow/.local/lib/python3.8/site-packages/airflow/example_dags/example_python_operator.py for tasks to queue
[2024-07-02T09:23:55.588+0000] {logging_mixin.py:188} INFO - [2024-07-02T09:23:55.587+0000] {dagbag.py:538} INFO - Filling up the DagBag from /home/airflow/.local/lib/python3.8/site-packages/airflow/example_dags/example_python_operator.py
[2024-07-02T09:23:55.598+0000] {processor.py:840} INFO - DAG(s) 'example_python_operator' retrieved from /home/airflow/.local/lib/python3.8/site-packages/airflow/example_dags/example_python_operator.py
[2024-07-02T09:23:55.620+0000] {logging_mixin.py:188} INFO - [2024-07-02T09:23:55.620+0000] {dag.py:3033} INFO - Sync 1 DAGs
[2024-07-02T09:23:55.632+0000] {logging_mixin.py:188} INFO - [2024-07-02T09:23:55.631+0000] {dag.py:3820} INFO - Setting next_dagrun for example_python_operator to None, run_after=None
[2024-07-02T09:23:55.652+0000] {processor.py:183} INFO - Processing /home/airflow/.local/lib/python3.8/site-packages/airflow/example_dags/example_python_operator.py took 0.070 seconds
