[2024-07-02T09:04:02.357+0000] {processor.py:161} INFO - Started process (PID=63) to work on /home/airflow/.local/lib/python3.8/site-packages/airflow/example_dags/example_branch_day_of_week_operator.py
[2024-07-02T09:04:02.358+0000] {processor.py:830} INFO - Processing file /home/airflow/.local/lib/python3.8/site-packages/airflow/example_dags/example_branch_day_of_week_operator.py for tasks to queue
[2024-07-02T09:04:02.361+0000] {logging_mixin.py:188} INFO - [2024-07-02T09:04:02.361+0000] {dagbag.py:538} INFO - Filling up the DagBag from /home/airflow/.local/lib/python3.8/site-packages/airflow/example_dags/example_branch_day_of_week_operator.py
[2024-07-02T09:04:02.375+0000] {processor.py:840} INFO - DAG(s) 'example_weekday_branch_operator' retrieved from /home/airflow/.local/lib/python3.8/site-packages/airflow/example_dags/example_branch_day_of_week_operator.py
[2024-07-02T09:04:02.521+0000] {logging_mixin.py:188} INFO - [2024-07-02T09:04:02.519+0000] {override.py:1769} INFO - Created Permission View: can edit on DAG:example_weekday_branch_operator
[2024-07-02T09:04:02.541+0000] {logging_mixin.py:188} INFO - [2024-07-02T09:04:02.540+0000] {override.py:1769} INFO - Created Permission View: can delete on DAG:example_weekday_branch_operator
[2024-07-02T09:04:02.554+0000] {logging_mixin.py:188} INFO - [2024-07-02T09:04:02.554+0000] {override.py:1769} INFO - Created Permission View: can read on DAG:example_weekday_branch_operator
[2024-07-02T09:04:02.555+0000] {logging_mixin.py:188} INFO - [2024-07-02T09:04:02.555+0000] {dag.py:3033} INFO - Sync 1 DAGs
[2024-07-02T09:04:02.582+0000] {logging_mixin.py:188} INFO - [2024-07-02T09:04:02.581+0000] {dag.py:3055} INFO - Creating ORM DAG for example_weekday_branch_operator
[2024-07-02T09:04:02.606+0000] {logging_mixin.py:188} INFO - [2024-07-02T09:04:02.606+0000] {dag.py:3820} INFO - Setting next_dagrun for example_weekday_branch_operator to 2024-07-01T00:00:00+00:00, run_after=2024-07-02T00:00:00+00:00
[2024-07-02T09:04:02.637+0000] {processor.py:183} INFO - Processing /home/airflow/.local/lib/python3.8/site-packages/airflow/example_dags/example_branch_day_of_week_operator.py took 0.285 seconds
[2024-07-02T09:04:32.732+0000] {processor.py:161} INFO - Started process (PID=117) to work on /home/airflow/.local/lib/python3.8/site-packages/airflow/example_dags/example_branch_day_of_week_operator.py
[2024-07-02T09:04:32.734+0000] {processor.py:830} INFO - Processing file /home/airflow/.local/lib/python3.8/site-packages/airflow/example_dags/example_branch_day_of_week_operator.py for tasks to queue
[2024-07-02T09:04:32.738+0000] {logging_mixin.py:188} INFO - [2024-07-02T09:04:32.737+0000] {dagbag.py:538} INFO - Filling up the DagBag from /home/airflow/.local/lib/python3.8/site-packages/airflow/example_dags/example_branch_day_of_week_operator.py
[2024-07-02T09:04:32.752+0000] {processor.py:840} INFO - DAG(s) 'example_weekday_branch_operator' retrieved from /home/airflow/.local/lib/python3.8/site-packages/airflow/example_dags/example_branch_day_of_week_operator.py
[2024-07-02T09:04:32.780+0000] {logging_mixin.py:188} INFO - [2024-07-02T09:04:32.779+0000] {dag.py:3033} INFO - Sync 1 DAGs
[2024-07-02T09:04:32.810+0000] {logging_mixin.py:188} INFO - [2024-07-02T09:04:32.810+0000] {dag.py:3820} INFO - Setting next_dagrun for example_weekday_branch_operator to 2024-07-01T00:00:00+00:00, run_after=2024-07-02T00:00:00+00:00
[2024-07-02T09:04:32.837+0000] {processor.py:183} INFO - Processing /home/airflow/.local/lib/python3.8/site-packages/airflow/example_dags/example_branch_day_of_week_operator.py took 0.109 seconds
[2024-07-02T09:05:02.944+0000] {processor.py:161} INFO - Started process (PID=173) to work on /home/airflow/.local/lib/python3.8/site-packages/airflow/example_dags/example_branch_day_of_week_operator.py
[2024-07-02T09:05:02.944+0000] {processor.py:830} INFO - Processing file /home/airflow/.local/lib/python3.8/site-packages/airflow/example_dags/example_branch_day_of_week_operator.py for tasks to queue
[2024-07-02T09:05:02.946+0000] {logging_mixin.py:188} INFO - [2024-07-02T09:05:02.946+0000] {dagbag.py:538} INFO - Filling up the DagBag from /home/airflow/.local/lib/python3.8/site-packages/airflow/example_dags/example_branch_day_of_week_operator.py
[2024-07-02T09:05:02.953+0000] {processor.py:840} INFO - DAG(s) 'example_weekday_branch_operator' retrieved from /home/airflow/.local/lib/python3.8/site-packages/airflow/example_dags/example_branch_day_of_week_operator.py
[2024-07-02T09:05:02.973+0000] {logging_mixin.py:188} INFO - [2024-07-02T09:05:02.973+0000] {dag.py:3033} INFO - Sync 1 DAGs
[2024-07-02T09:05:02.999+0000] {logging_mixin.py:188} INFO - [2024-07-02T09:05:02.999+0000] {dag.py:3820} INFO - Setting next_dagrun for example_weekday_branch_operator to 2024-07-01T00:00:00+00:00, run_after=2024-07-02T00:00:00+00:00
[2024-07-02T09:05:03.016+0000] {processor.py:183} INFO - Processing /home/airflow/.local/lib/python3.8/site-packages/airflow/example_dags/example_branch_day_of_week_operator.py took 0.076 seconds
[2024-07-02T09:05:33.193+0000] {processor.py:161} INFO - Started process (PID=228) to work on /home/airflow/.local/lib/python3.8/site-packages/airflow/example_dags/example_branch_day_of_week_operator.py
[2024-07-02T09:05:33.194+0000] {processor.py:830} INFO - Processing file /home/airflow/.local/lib/python3.8/site-packages/airflow/example_dags/example_branch_day_of_week_operator.py for tasks to queue
[2024-07-02T09:05:33.196+0000] {logging_mixin.py:188} INFO - [2024-07-02T09:05:33.196+0000] {dagbag.py:538} INFO - Filling up the DagBag from /home/airflow/.local/lib/python3.8/site-packages/airflow/example_dags/example_branch_day_of_week_operator.py
[2024-07-02T09:05:33.205+0000] {processor.py:840} INFO - DAG(s) 'example_weekday_branch_operator' retrieved from /home/airflow/.local/lib/python3.8/site-packages/airflow/example_dags/example_branch_day_of_week_operator.py
[2024-07-02T09:05:33.236+0000] {logging_mixin.py:188} INFO - [2024-07-02T09:05:33.235+0000] {dag.py:3033} INFO - Sync 1 DAGs
[2024-07-02T09:05:33.265+0000] {logging_mixin.py:188} INFO - [2024-07-02T09:05:33.265+0000] {dag.py:3820} INFO - Setting next_dagrun for example_weekday_branch_operator to 2024-07-01T00:00:00+00:00, run_after=2024-07-02T00:00:00+00:00
[2024-07-02T09:05:33.294+0000] {processor.py:183} INFO - Processing /home/airflow/.local/lib/python3.8/site-packages/airflow/example_dags/example_branch_day_of_week_operator.py took 0.103 seconds
[2024-07-02T09:06:04.201+0000] {processor.py:161} INFO - Started process (PID=283) to work on /home/airflow/.local/lib/python3.8/site-packages/airflow/example_dags/example_branch_day_of_week_operator.py
[2024-07-02T09:06:04.202+0000] {processor.py:830} INFO - Processing file /home/airflow/.local/lib/python3.8/site-packages/airflow/example_dags/example_branch_day_of_week_operator.py for tasks to queue
[2024-07-02T09:06:04.203+0000] {logging_mixin.py:188} INFO - [2024-07-02T09:06:04.203+0000] {dagbag.py:538} INFO - Filling up the DagBag from /home/airflow/.local/lib/python3.8/site-packages/airflow/example_dags/example_branch_day_of_week_operator.py
[2024-07-02T09:06:04.210+0000] {processor.py:840} INFO - DAG(s) 'example_weekday_branch_operator' retrieved from /home/airflow/.local/lib/python3.8/site-packages/airflow/example_dags/example_branch_day_of_week_operator.py
[2024-07-02T09:06:04.232+0000] {logging_mixin.py:188} INFO - [2024-07-02T09:06:04.232+0000] {dag.py:3033} INFO - Sync 1 DAGs
[2024-07-02T09:06:04.261+0000] {logging_mixin.py:188} INFO - [2024-07-02T09:06:04.261+0000] {dag.py:3820} INFO - Setting next_dagrun for example_weekday_branch_operator to 2024-07-01T00:00:00+00:00, run_after=2024-07-02T00:00:00+00:00
[2024-07-02T09:06:04.283+0000] {processor.py:183} INFO - Processing /home/airflow/.local/lib/python3.8/site-packages/airflow/example_dags/example_branch_day_of_week_operator.py took 0.084 seconds
[2024-07-02T09:06:34.610+0000] {processor.py:161} INFO - Started process (PID=337) to work on /home/airflow/.local/lib/python3.8/site-packages/airflow/example_dags/example_branch_day_of_week_operator.py
[2024-07-02T09:06:34.696+0000] {processor.py:830} INFO - Processing file /home/airflow/.local/lib/python3.8/site-packages/airflow/example_dags/example_branch_day_of_week_operator.py for tasks to queue
[2024-07-02T09:06:34.699+0000] {logging_mixin.py:188} INFO - [2024-07-02T09:06:34.699+0000] {dagbag.py:538} INFO - Filling up the DagBag from /home/airflow/.local/lib/python3.8/site-packages/airflow/example_dags/example_branch_day_of_week_operator.py
[2024-07-02T09:06:34.712+0000] {processor.py:840} INFO - DAG(s) 'example_weekday_branch_operator' retrieved from /home/airflow/.local/lib/python3.8/site-packages/airflow/example_dags/example_branch_day_of_week_operator.py
[2024-07-02T09:06:34.739+0000] {logging_mixin.py:188} INFO - [2024-07-02T09:06:34.739+0000] {dag.py:3033} INFO - Sync 1 DAGs
[2024-07-02T09:06:34.766+0000] {logging_mixin.py:188} INFO - [2024-07-02T09:06:34.766+0000] {dag.py:3820} INFO - Setting next_dagrun for example_weekday_branch_operator to 2024-07-01T00:00:00+00:00, run_after=2024-07-02T00:00:00+00:00
[2024-07-02T09:06:34.791+0000] {processor.py:183} INFO - Processing /home/airflow/.local/lib/python3.8/site-packages/airflow/example_dags/example_branch_day_of_week_operator.py took 0.185 seconds
[2024-07-02T09:07:05.185+0000] {processor.py:161} INFO - Started process (PID=392) to work on /home/airflow/.local/lib/python3.8/site-packages/airflow/example_dags/example_branch_day_of_week_operator.py
[2024-07-02T09:07:05.186+0000] {processor.py:830} INFO - Processing file /home/airflow/.local/lib/python3.8/site-packages/airflow/example_dags/example_branch_day_of_week_operator.py for tasks to queue
[2024-07-02T09:07:05.188+0000] {logging_mixin.py:188} INFO - [2024-07-02T09:07:05.188+0000] {dagbag.py:538} INFO - Filling up the DagBag from /home/airflow/.local/lib/python3.8/site-packages/airflow/example_dags/example_branch_day_of_week_operator.py
[2024-07-02T09:07:05.194+0000] {processor.py:840} INFO - DAG(s) 'example_weekday_branch_operator' retrieved from /home/airflow/.local/lib/python3.8/site-packages/airflow/example_dags/example_branch_day_of_week_operator.py
[2024-07-02T09:07:05.218+0000] {logging_mixin.py:188} INFO - [2024-07-02T09:07:05.218+0000] {dag.py:3033} INFO - Sync 1 DAGs
[2024-07-02T09:07:05.246+0000] {logging_mixin.py:188} INFO - [2024-07-02T09:07:05.246+0000] {dag.py:3820} INFO - Setting next_dagrun for example_weekday_branch_operator to 2024-07-01T00:00:00+00:00, run_after=2024-07-02T00:00:00+00:00
[2024-07-02T09:07:05.272+0000] {processor.py:183} INFO - Processing /home/airflow/.local/lib/python3.8/site-packages/airflow/example_dags/example_branch_day_of_week_operator.py took 0.089 seconds
[2024-07-02T09:07:35.751+0000] {processor.py:161} INFO - Started process (PID=447) to work on /home/airflow/.local/lib/python3.8/site-packages/airflow/example_dags/example_branch_day_of_week_operator.py
[2024-07-02T09:07:35.751+0000] {processor.py:830} INFO - Processing file /home/airflow/.local/lib/python3.8/site-packages/airflow/example_dags/example_branch_day_of_week_operator.py for tasks to queue
[2024-07-02T09:07:35.753+0000] {logging_mixin.py:188} INFO - [2024-07-02T09:07:35.753+0000] {dagbag.py:538} INFO - Filling up the DagBag from /home/airflow/.local/lib/python3.8/site-packages/airflow/example_dags/example_branch_day_of_week_operator.py
[2024-07-02T09:07:35.759+0000] {processor.py:840} INFO - DAG(s) 'example_weekday_branch_operator' retrieved from /home/airflow/.local/lib/python3.8/site-packages/airflow/example_dags/example_branch_day_of_week_operator.py
[2024-07-02T09:07:35.776+0000] {logging_mixin.py:188} INFO - [2024-07-02T09:07:35.776+0000] {dag.py:3033} INFO - Sync 1 DAGs
[2024-07-02T09:07:35.796+0000] {logging_mixin.py:188} INFO - [2024-07-02T09:07:35.795+0000] {dag.py:3820} INFO - Setting next_dagrun for example_weekday_branch_operator to 2024-07-01T00:00:00+00:00, run_after=2024-07-02T00:00:00+00:00
[2024-07-02T09:07:35.811+0000] {processor.py:183} INFO - Processing /home/airflow/.local/lib/python3.8/site-packages/airflow/example_dags/example_branch_day_of_week_operator.py took 0.063 seconds
[2024-07-02T09:08:06.326+0000] {processor.py:161} INFO - Started process (PID=502) to work on /home/airflow/.local/lib/python3.8/site-packages/airflow/example_dags/example_branch_day_of_week_operator.py
[2024-07-02T09:08:06.327+0000] {processor.py:830} INFO - Processing file /home/airflow/.local/lib/python3.8/site-packages/airflow/example_dags/example_branch_day_of_week_operator.py for tasks to queue
[2024-07-02T09:08:06.329+0000] {logging_mixin.py:188} INFO - [2024-07-02T09:08:06.329+0000] {dagbag.py:538} INFO - Filling up the DagBag from /home/airflow/.local/lib/python3.8/site-packages/airflow/example_dags/example_branch_day_of_week_operator.py
[2024-07-02T09:08:06.337+0000] {processor.py:840} INFO - DAG(s) 'example_weekday_branch_operator' retrieved from /home/airflow/.local/lib/python3.8/site-packages/airflow/example_dags/example_branch_day_of_week_operator.py
[2024-07-02T09:08:06.365+0000] {logging_mixin.py:188} INFO - [2024-07-02T09:08:06.365+0000] {dag.py:3033} INFO - Sync 1 DAGs
[2024-07-02T09:08:06.396+0000] {logging_mixin.py:188} INFO - [2024-07-02T09:08:06.396+0000] {dag.py:3820} INFO - Setting next_dagrun for example_weekday_branch_operator to 2024-07-01T00:00:00+00:00, run_after=2024-07-02T00:00:00+00:00
[2024-07-02T09:08:06.416+0000] {processor.py:183} INFO - Processing /home/airflow/.local/lib/python3.8/site-packages/airflow/example_dags/example_branch_day_of_week_operator.py took 0.093 seconds
[2024-07-02T09:08:36.887+0000] {processor.py:161} INFO - Started process (PID=557) to work on /home/airflow/.local/lib/python3.8/site-packages/airflow/example_dags/example_branch_day_of_week_operator.py
[2024-07-02T09:08:36.889+0000] {processor.py:830} INFO - Processing file /home/airflow/.local/lib/python3.8/site-packages/airflow/example_dags/example_branch_day_of_week_operator.py for tasks to queue
[2024-07-02T09:08:36.892+0000] {logging_mixin.py:188} INFO - [2024-07-02T09:08:36.891+0000] {dagbag.py:538} INFO - Filling up the DagBag from /home/airflow/.local/lib/python3.8/site-packages/airflow/example_dags/example_branch_day_of_week_operator.py
[2024-07-02T09:08:36.904+0000] {processor.py:840} INFO - DAG(s) 'example_weekday_branch_operator' retrieved from /home/airflow/.local/lib/python3.8/site-packages/airflow/example_dags/example_branch_day_of_week_operator.py
[2024-07-02T09:08:36.926+0000] {logging_mixin.py:188} INFO - [2024-07-02T09:08:36.926+0000] {dag.py:3033} INFO - Sync 1 DAGs
[2024-07-02T09:08:36.950+0000] {logging_mixin.py:188} INFO - [2024-07-02T09:08:36.949+0000] {dag.py:3820} INFO - Setting next_dagrun for example_weekday_branch_operator to 2024-07-01T00:00:00+00:00, run_after=2024-07-02T00:00:00+00:00
[2024-07-02T09:08:36.967+0000] {processor.py:183} INFO - Processing /home/airflow/.local/lib/python3.8/site-packages/airflow/example_dags/example_branch_day_of_week_operator.py took 0.085 seconds
[2024-07-02T09:09:07.494+0000] {processor.py:161} INFO - Started process (PID=612) to work on /home/airflow/.local/lib/python3.8/site-packages/airflow/example_dags/example_branch_day_of_week_operator.py
[2024-07-02T09:09:07.495+0000] {processor.py:830} INFO - Processing file /home/airflow/.local/lib/python3.8/site-packages/airflow/example_dags/example_branch_day_of_week_operator.py for tasks to queue
[2024-07-02T09:09:07.497+0000] {logging_mixin.py:188} INFO - [2024-07-02T09:09:07.497+0000] {dagbag.py:538} INFO - Filling up the DagBag from /home/airflow/.local/lib/python3.8/site-packages/airflow/example_dags/example_branch_day_of_week_operator.py
[2024-07-02T09:09:07.505+0000] {processor.py:840} INFO - DAG(s) 'example_weekday_branch_operator' retrieved from /home/airflow/.local/lib/python3.8/site-packages/airflow/example_dags/example_branch_day_of_week_operator.py
[2024-07-02T09:09:07.529+0000] {logging_mixin.py:188} INFO - [2024-07-02T09:09:07.529+0000] {dag.py:3033} INFO - Sync 1 DAGs
[2024-07-02T09:09:07.553+0000] {logging_mixin.py:188} INFO - [2024-07-02T09:09:07.553+0000] {dag.py:3820} INFO - Setting next_dagrun for example_weekday_branch_operator to 2024-07-01T00:00:00+00:00, run_after=2024-07-02T00:00:00+00:00
[2024-07-02T09:09:07.570+0000] {processor.py:183} INFO - Processing /home/airflow/.local/lib/python3.8/site-packages/airflow/example_dags/example_branch_day_of_week_operator.py took 0.080 seconds
[2024-07-02T09:09:38.437+0000] {processor.py:161} INFO - Started process (PID=667) to work on /home/airflow/.local/lib/python3.8/site-packages/airflow/example_dags/example_branch_day_of_week_operator.py
[2024-07-02T09:09:38.438+0000] {processor.py:830} INFO - Processing file /home/airflow/.local/lib/python3.8/site-packages/airflow/example_dags/example_branch_day_of_week_operator.py for tasks to queue
[2024-07-02T09:09:38.441+0000] {logging_mixin.py:188} INFO - [2024-07-02T09:09:38.441+0000] {dagbag.py:538} INFO - Filling up the DagBag from /home/airflow/.local/lib/python3.8/site-packages/airflow/example_dags/example_branch_day_of_week_operator.py
[2024-07-02T09:09:38.456+0000] {processor.py:840} INFO - DAG(s) 'example_weekday_branch_operator' retrieved from /home/airflow/.local/lib/python3.8/site-packages/airflow/example_dags/example_branch_day_of_week_operator.py
[2024-07-02T09:09:38.481+0000] {logging_mixin.py:188} INFO - [2024-07-02T09:09:38.481+0000] {dag.py:3033} INFO - Sync 1 DAGs
[2024-07-02T09:09:38.510+0000] {logging_mixin.py:188} INFO - [2024-07-02T09:09:38.509+0000] {dag.py:3820} INFO - Setting next_dagrun for example_weekday_branch_operator to 2024-07-01T00:00:00+00:00, run_after=2024-07-02T00:00:00+00:00
[2024-07-02T09:09:38.530+0000] {processor.py:183} INFO - Processing /home/airflow/.local/lib/python3.8/site-packages/airflow/example_dags/example_branch_day_of_week_operator.py took 0.097 seconds
[2024-07-02T09:10:09.451+0000] {processor.py:161} INFO - Started process (PID=722) to work on /home/airflow/.local/lib/python3.8/site-packages/airflow/example_dags/example_branch_day_of_week_operator.py
[2024-07-02T09:10:09.451+0000] {processor.py:830} INFO - Processing file /home/airflow/.local/lib/python3.8/site-packages/airflow/example_dags/example_branch_day_of_week_operator.py for tasks to queue
[2024-07-02T09:10:09.453+0000] {logging_mixin.py:188} INFO - [2024-07-02T09:10:09.453+0000] {dagbag.py:538} INFO - Filling up the DagBag from /home/airflow/.local/lib/python3.8/site-packages/airflow/example_dags/example_branch_day_of_week_operator.py
[2024-07-02T09:10:09.459+0000] {processor.py:840} INFO - DAG(s) 'example_weekday_branch_operator' retrieved from /home/airflow/.local/lib/python3.8/site-packages/airflow/example_dags/example_branch_day_of_week_operator.py
[2024-07-02T09:10:09.482+0000] {logging_mixin.py:188} INFO - [2024-07-02T09:10:09.482+0000] {dag.py:3033} INFO - Sync 1 DAGs
[2024-07-02T09:10:09.514+0000] {logging_mixin.py:188} INFO - [2024-07-02T09:10:09.513+0000] {dag.py:3820} INFO - Setting next_dagrun for example_weekday_branch_operator to 2024-07-01T00:00:00+00:00, run_after=2024-07-02T00:00:00+00:00
[2024-07-02T09:10:09.535+0000] {processor.py:183} INFO - Processing /home/airflow/.local/lib/python3.8/site-packages/airflow/example_dags/example_branch_day_of_week_operator.py took 0.087 seconds
[2024-07-02T09:10:40.056+0000] {processor.py:161} INFO - Started process (PID=777) to work on /home/airflow/.local/lib/python3.8/site-packages/airflow/example_dags/example_branch_day_of_week_operator.py
[2024-07-02T09:10:40.057+0000] {processor.py:830} INFO - Processing file /home/airflow/.local/lib/python3.8/site-packages/airflow/example_dags/example_branch_day_of_week_operator.py for tasks to queue
[2024-07-02T09:10:40.060+0000] {logging_mixin.py:188} INFO - [2024-07-02T09:10:40.060+0000] {dagbag.py:538} INFO - Filling up the DagBag from /home/airflow/.local/lib/python3.8/site-packages/airflow/example_dags/example_branch_day_of_week_operator.py
[2024-07-02T09:10:40.069+0000] {processor.py:840} INFO - DAG(s) 'example_weekday_branch_operator' retrieved from /home/airflow/.local/lib/python3.8/site-packages/airflow/example_dags/example_branch_day_of_week_operator.py
[2024-07-02T09:10:40.096+0000] {logging_mixin.py:188} INFO - [2024-07-02T09:10:40.096+0000] {dag.py:3033} INFO - Sync 1 DAGs
[2024-07-02T09:10:40.119+0000] {logging_mixin.py:188} INFO - [2024-07-02T09:10:40.119+0000] {dag.py:3820} INFO - Setting next_dagrun for example_weekday_branch_operator to 2024-07-01T00:00:00+00:00, run_after=2024-07-02T00:00:00+00:00
[2024-07-02T09:10:40.139+0000] {processor.py:183} INFO - Processing /home/airflow/.local/lib/python3.8/site-packages/airflow/example_dags/example_branch_day_of_week_operator.py took 0.087 seconds
[2024-07-02T09:11:10.610+0000] {processor.py:161} INFO - Started process (PID=832) to work on /home/airflow/.local/lib/python3.8/site-packages/airflow/example_dags/example_branch_day_of_week_operator.py
[2024-07-02T09:11:10.611+0000] {processor.py:830} INFO - Processing file /home/airflow/.local/lib/python3.8/site-packages/airflow/example_dags/example_branch_day_of_week_operator.py for tasks to queue
[2024-07-02T09:11:10.612+0000] {logging_mixin.py:188} INFO - [2024-07-02T09:11:10.612+0000] {dagbag.py:538} INFO - Filling up the DagBag from /home/airflow/.local/lib/python3.8/site-packages/airflow/example_dags/example_branch_day_of_week_operator.py
[2024-07-02T09:11:10.618+0000] {processor.py:840} INFO - DAG(s) 'example_weekday_branch_operator' retrieved from /home/airflow/.local/lib/python3.8/site-packages/airflow/example_dags/example_branch_day_of_week_operator.py
[2024-07-02T09:11:10.634+0000] {logging_mixin.py:188} INFO - [2024-07-02T09:11:10.633+0000] {dag.py:3033} INFO - Sync 1 DAGs
[2024-07-02T09:11:10.653+0000] {logging_mixin.py:188} INFO - [2024-07-02T09:11:10.653+0000] {dag.py:3820} INFO - Setting next_dagrun for example_weekday_branch_operator to 2024-07-01T00:00:00+00:00, run_after=2024-07-02T00:00:00+00:00
[2024-07-02T09:11:10.669+0000] {processor.py:183} INFO - Processing /home/airflow/.local/lib/python3.8/site-packages/airflow/example_dags/example_branch_day_of_week_operator.py took 0.061 seconds
[2024-07-02T09:11:41.365+0000] {processor.py:161} INFO - Started process (PID=887) to work on /home/airflow/.local/lib/python3.8/site-packages/airflow/example_dags/example_branch_day_of_week_operator.py
[2024-07-02T09:11:41.368+0000] {processor.py:830} INFO - Processing file /home/airflow/.local/lib/python3.8/site-packages/airflow/example_dags/example_branch_day_of_week_operator.py for tasks to queue
[2024-07-02T09:11:41.372+0000] {logging_mixin.py:188} INFO - [2024-07-02T09:11:41.372+0000] {dagbag.py:538} INFO - Filling up the DagBag from /home/airflow/.local/lib/python3.8/site-packages/airflow/example_dags/example_branch_day_of_week_operator.py
[2024-07-02T09:11:41.405+0000] {processor.py:840} INFO - DAG(s) 'example_weekday_branch_operator' retrieved from /home/airflow/.local/lib/python3.8/site-packages/airflow/example_dags/example_branch_day_of_week_operator.py
[2024-07-02T09:11:41.472+0000] {logging_mixin.py:188} INFO - [2024-07-02T09:11:41.472+0000] {dag.py:3033} INFO - Sync 1 DAGs
[2024-07-02T09:11:41.536+0000] {logging_mixin.py:188} INFO - [2024-07-02T09:11:41.535+0000] {dag.py:3820} INFO - Setting next_dagrun for example_weekday_branch_operator to 2024-07-01T00:00:00+00:00, run_after=2024-07-02T00:00:00+00:00
[2024-07-02T09:11:41.581+0000] {processor.py:183} INFO - Processing /home/airflow/.local/lib/python3.8/site-packages/airflow/example_dags/example_branch_day_of_week_operator.py took 0.223 seconds
[2024-07-02T09:12:12.543+0000] {processor.py:161} INFO - Started process (PID=942) to work on /home/airflow/.local/lib/python3.8/site-packages/airflow/example_dags/example_branch_day_of_week_operator.py
[2024-07-02T09:12:12.543+0000] {processor.py:830} INFO - Processing file /home/airflow/.local/lib/python3.8/site-packages/airflow/example_dags/example_branch_day_of_week_operator.py for tasks to queue
[2024-07-02T09:12:12.545+0000] {logging_mixin.py:188} INFO - [2024-07-02T09:12:12.545+0000] {dagbag.py:538} INFO - Filling up the DagBag from /home/airflow/.local/lib/python3.8/site-packages/airflow/example_dags/example_branch_day_of_week_operator.py
[2024-07-02T09:12:12.551+0000] {processor.py:840} INFO - DAG(s) 'example_weekday_branch_operator' retrieved from /home/airflow/.local/lib/python3.8/site-packages/airflow/example_dags/example_branch_day_of_week_operator.py
[2024-07-02T09:12:12.568+0000] {logging_mixin.py:188} INFO - [2024-07-02T09:12:12.567+0000] {dag.py:3033} INFO - Sync 1 DAGs
[2024-07-02T09:12:12.591+0000] {logging_mixin.py:188} INFO - [2024-07-02T09:12:12.590+0000] {dag.py:3820} INFO - Setting next_dagrun for example_weekday_branch_operator to 2024-07-01T00:00:00+00:00, run_after=2024-07-02T00:00:00+00:00
[2024-07-02T09:12:12.611+0000] {processor.py:183} INFO - Processing /home/airflow/.local/lib/python3.8/site-packages/airflow/example_dags/example_branch_day_of_week_operator.py took 0.071 seconds
[2024-07-02T09:12:42.744+0000] {processor.py:161} INFO - Started process (PID=997) to work on /home/airflow/.local/lib/python3.8/site-packages/airflow/example_dags/example_branch_day_of_week_operator.py
[2024-07-02T09:12:42.745+0000] {processor.py:830} INFO - Processing file /home/airflow/.local/lib/python3.8/site-packages/airflow/example_dags/example_branch_day_of_week_operator.py for tasks to queue
[2024-07-02T09:12:42.747+0000] {logging_mixin.py:188} INFO - [2024-07-02T09:12:42.746+0000] {dagbag.py:538} INFO - Filling up the DagBag from /home/airflow/.local/lib/python3.8/site-packages/airflow/example_dags/example_branch_day_of_week_operator.py
[2024-07-02T09:12:42.755+0000] {processor.py:840} INFO - DAG(s) 'example_weekday_branch_operator' retrieved from /home/airflow/.local/lib/python3.8/site-packages/airflow/example_dags/example_branch_day_of_week_operator.py
[2024-07-02T09:12:42.775+0000] {logging_mixin.py:188} INFO - [2024-07-02T09:12:42.775+0000] {dag.py:3033} INFO - Sync 1 DAGs
[2024-07-02T09:12:42.796+0000] {logging_mixin.py:188} INFO - [2024-07-02T09:12:42.796+0000] {dag.py:3820} INFO - Setting next_dagrun for example_weekday_branch_operator to 2024-07-01T00:00:00+00:00, run_after=2024-07-02T00:00:00+00:00
[2024-07-02T09:12:42.813+0000] {processor.py:183} INFO - Processing /home/airflow/.local/lib/python3.8/site-packages/airflow/example_dags/example_branch_day_of_week_operator.py took 0.073 seconds
[2024-07-02T09:13:13.369+0000] {processor.py:161} INFO - Started process (PID=1052) to work on /home/airflow/.local/lib/python3.8/site-packages/airflow/example_dags/example_branch_day_of_week_operator.py
[2024-07-02T09:13:13.370+0000] {processor.py:830} INFO - Processing file /home/airflow/.local/lib/python3.8/site-packages/airflow/example_dags/example_branch_day_of_week_operator.py for tasks to queue
[2024-07-02T09:13:13.372+0000] {logging_mixin.py:188} INFO - [2024-07-02T09:13:13.372+0000] {dagbag.py:538} INFO - Filling up the DagBag from /home/airflow/.local/lib/python3.8/site-packages/airflow/example_dags/example_branch_day_of_week_operator.py
[2024-07-02T09:13:13.379+0000] {processor.py:840} INFO - DAG(s) 'example_weekday_branch_operator' retrieved from /home/airflow/.local/lib/python3.8/site-packages/airflow/example_dags/example_branch_day_of_week_operator.py
[2024-07-02T09:13:13.399+0000] {logging_mixin.py:188} INFO - [2024-07-02T09:13:13.399+0000] {dag.py:3033} INFO - Sync 1 DAGs
[2024-07-02T09:13:13.420+0000] {logging_mixin.py:188} INFO - [2024-07-02T09:13:13.420+0000] {dag.py:3820} INFO - Setting next_dagrun for example_weekday_branch_operator to 2024-07-01T00:00:00+00:00, run_after=2024-07-02T00:00:00+00:00
[2024-07-02T09:13:13.440+0000] {processor.py:183} INFO - Processing /home/airflow/.local/lib/python3.8/site-packages/airflow/example_dags/example_branch_day_of_week_operator.py took 0.074 seconds
[2024-07-02T09:13:43.958+0000] {processor.py:161} INFO - Started process (PID=1107) to work on /home/airflow/.local/lib/python3.8/site-packages/airflow/example_dags/example_branch_day_of_week_operator.py
[2024-07-02T09:13:43.959+0000] {processor.py:830} INFO - Processing file /home/airflow/.local/lib/python3.8/site-packages/airflow/example_dags/example_branch_day_of_week_operator.py for tasks to queue
[2024-07-02T09:13:43.961+0000] {logging_mixin.py:188} INFO - [2024-07-02T09:13:43.961+0000] {dagbag.py:538} INFO - Filling up the DagBag from /home/airflow/.local/lib/python3.8/site-packages/airflow/example_dags/example_branch_day_of_week_operator.py
[2024-07-02T09:13:43.969+0000] {processor.py:840} INFO - DAG(s) 'example_weekday_branch_operator' retrieved from /home/airflow/.local/lib/python3.8/site-packages/airflow/example_dags/example_branch_day_of_week_operator.py
[2024-07-02T09:13:43.991+0000] {logging_mixin.py:188} INFO - [2024-07-02T09:13:43.991+0000] {dag.py:3033} INFO - Sync 1 DAGs
[2024-07-02T09:13:44.014+0000] {logging_mixin.py:188} INFO - [2024-07-02T09:13:44.014+0000] {dag.py:3820} INFO - Setting next_dagrun for example_weekday_branch_operator to 2024-07-01T00:00:00+00:00, run_after=2024-07-02T00:00:00+00:00
[2024-07-02T09:13:44.031+0000] {processor.py:183} INFO - Processing /home/airflow/.local/lib/python3.8/site-packages/airflow/example_dags/example_branch_day_of_week_operator.py took 0.077 seconds
[2024-07-02T09:14:14.430+0000] {processor.py:161} INFO - Started process (PID=1162) to work on /home/airflow/.local/lib/python3.8/site-packages/airflow/example_dags/example_branch_day_of_week_operator.py
[2024-07-02T09:14:14.430+0000] {processor.py:830} INFO - Processing file /home/airflow/.local/lib/python3.8/site-packages/airflow/example_dags/example_branch_day_of_week_operator.py for tasks to queue
[2024-07-02T09:14:14.432+0000] {logging_mixin.py:188} INFO - [2024-07-02T09:14:14.432+0000] {dagbag.py:538} INFO - Filling up the DagBag from /home/airflow/.local/lib/python3.8/site-packages/airflow/example_dags/example_branch_day_of_week_operator.py
[2024-07-02T09:14:14.440+0000] {processor.py:840} INFO - DAG(s) 'example_weekday_branch_operator' retrieved from /home/airflow/.local/lib/python3.8/site-packages/airflow/example_dags/example_branch_day_of_week_operator.py
[2024-07-02T09:14:14.460+0000] {logging_mixin.py:188} INFO - [2024-07-02T09:14:14.459+0000] {dag.py:3033} INFO - Sync 1 DAGs
[2024-07-02T09:14:14.481+0000] {logging_mixin.py:188} INFO - [2024-07-02T09:14:14.481+0000] {dag.py:3820} INFO - Setting next_dagrun for example_weekday_branch_operator to 2024-07-01T00:00:00+00:00, run_after=2024-07-02T00:00:00+00:00
[2024-07-02T09:14:14.498+0000] {processor.py:183} INFO - Processing /home/airflow/.local/lib/python3.8/site-packages/airflow/example_dags/example_branch_day_of_week_operator.py took 0.073 seconds
[2024-07-02T09:14:44.931+0000] {processor.py:161} INFO - Started process (PID=1217) to work on /home/airflow/.local/lib/python3.8/site-packages/airflow/example_dags/example_branch_day_of_week_operator.py
[2024-07-02T09:14:44.932+0000] {processor.py:830} INFO - Processing file /home/airflow/.local/lib/python3.8/site-packages/airflow/example_dags/example_branch_day_of_week_operator.py for tasks to queue
[2024-07-02T09:14:44.934+0000] {logging_mixin.py:188} INFO - [2024-07-02T09:14:44.934+0000] {dagbag.py:538} INFO - Filling up the DagBag from /home/airflow/.local/lib/python3.8/site-packages/airflow/example_dags/example_branch_day_of_week_operator.py
[2024-07-02T09:14:44.944+0000] {processor.py:840} INFO - DAG(s) 'example_weekday_branch_operator' retrieved from /home/airflow/.local/lib/python3.8/site-packages/airflow/example_dags/example_branch_day_of_week_operator.py
[2024-07-02T09:14:44.966+0000] {logging_mixin.py:188} INFO - [2024-07-02T09:14:44.966+0000] {dag.py:3033} INFO - Sync 1 DAGs
[2024-07-02T09:14:44.989+0000] {logging_mixin.py:188} INFO - [2024-07-02T09:14:44.989+0000] {dag.py:3820} INFO - Setting next_dagrun for example_weekday_branch_operator to 2024-07-01T00:00:00+00:00, run_after=2024-07-02T00:00:00+00:00
[2024-07-02T09:14:45.006+0000] {processor.py:183} INFO - Processing /home/airflow/.local/lib/python3.8/site-packages/airflow/example_dags/example_branch_day_of_week_operator.py took 0.080 seconds
[2024-07-02T09:15:15.397+0000] {processor.py:161} INFO - Started process (PID=1272) to work on /home/airflow/.local/lib/python3.8/site-packages/airflow/example_dags/example_branch_day_of_week_operator.py
[2024-07-02T09:15:15.398+0000] {processor.py:830} INFO - Processing file /home/airflow/.local/lib/python3.8/site-packages/airflow/example_dags/example_branch_day_of_week_operator.py for tasks to queue
[2024-07-02T09:15:15.400+0000] {logging_mixin.py:188} INFO - [2024-07-02T09:15:15.399+0000] {dagbag.py:538} INFO - Filling up the DagBag from /home/airflow/.local/lib/python3.8/site-packages/airflow/example_dags/example_branch_day_of_week_operator.py
[2024-07-02T09:15:15.406+0000] {processor.py:840} INFO - DAG(s) 'example_weekday_branch_operator' retrieved from /home/airflow/.local/lib/python3.8/site-packages/airflow/example_dags/example_branch_day_of_week_operator.py
[2024-07-02T09:15:15.424+0000] {logging_mixin.py:188} INFO - [2024-07-02T09:15:15.424+0000] {dag.py:3033} INFO - Sync 1 DAGs
[2024-07-02T09:15:15.444+0000] {logging_mixin.py:188} INFO - [2024-07-02T09:15:15.444+0000] {dag.py:3820} INFO - Setting next_dagrun for example_weekday_branch_operator to 2024-07-01T00:00:00+00:00, run_after=2024-07-02T00:00:00+00:00
[2024-07-02T09:15:15.463+0000] {processor.py:183} INFO - Processing /home/airflow/.local/lib/python3.8/site-packages/airflow/example_dags/example_branch_day_of_week_operator.py took 0.068 seconds
[2024-07-02T09:15:45.809+0000] {processor.py:161} INFO - Started process (PID=1327) to work on /home/airflow/.local/lib/python3.8/site-packages/airflow/example_dags/example_branch_day_of_week_operator.py
[2024-07-02T09:15:45.810+0000] {processor.py:830} INFO - Processing file /home/airflow/.local/lib/python3.8/site-packages/airflow/example_dags/example_branch_day_of_week_operator.py for tasks to queue
[2024-07-02T09:15:45.813+0000] {logging_mixin.py:188} INFO - [2024-07-02T09:15:45.813+0000] {dagbag.py:538} INFO - Filling up the DagBag from /home/airflow/.local/lib/python3.8/site-packages/airflow/example_dags/example_branch_day_of_week_operator.py
[2024-07-02T09:15:45.822+0000] {processor.py:840} INFO - DAG(s) 'example_weekday_branch_operator' retrieved from /home/airflow/.local/lib/python3.8/site-packages/airflow/example_dags/example_branch_day_of_week_operator.py
[2024-07-02T09:15:45.843+0000] {logging_mixin.py:188} INFO - [2024-07-02T09:15:45.842+0000] {dag.py:3033} INFO - Sync 1 DAGs
[2024-07-02T09:15:45.864+0000] {logging_mixin.py:188} INFO - [2024-07-02T09:15:45.864+0000] {dag.py:3820} INFO - Setting next_dagrun for example_weekday_branch_operator to 2024-07-01T00:00:00+00:00, run_after=2024-07-02T00:00:00+00:00
[2024-07-02T09:15:45.883+0000] {processor.py:183} INFO - Processing /home/airflow/.local/lib/python3.8/site-packages/airflow/example_dags/example_branch_day_of_week_operator.py took 0.079 seconds
[2024-07-02T09:16:16.486+0000] {processor.py:161} INFO - Started process (PID=1381) to work on /home/airflow/.local/lib/python3.8/site-packages/airflow/example_dags/example_branch_day_of_week_operator.py
[2024-07-02T09:16:16.487+0000] {processor.py:830} INFO - Processing file /home/airflow/.local/lib/python3.8/site-packages/airflow/example_dags/example_branch_day_of_week_operator.py for tasks to queue
[2024-07-02T09:16:16.489+0000] {logging_mixin.py:188} INFO - [2024-07-02T09:16:16.489+0000] {dagbag.py:538} INFO - Filling up the DagBag from /home/airflow/.local/lib/python3.8/site-packages/airflow/example_dags/example_branch_day_of_week_operator.py
[2024-07-02T09:16:16.498+0000] {processor.py:840} INFO - DAG(s) 'example_weekday_branch_operator' retrieved from /home/airflow/.local/lib/python3.8/site-packages/airflow/example_dags/example_branch_day_of_week_operator.py
[2024-07-02T09:16:16.522+0000] {logging_mixin.py:188} INFO - [2024-07-02T09:16:16.522+0000] {dag.py:3033} INFO - Sync 1 DAGs
[2024-07-02T09:16:16.545+0000] {logging_mixin.py:188} INFO - [2024-07-02T09:16:16.545+0000] {dag.py:3820} INFO - Setting next_dagrun for example_weekday_branch_operator to 2024-07-01T00:00:00+00:00, run_after=2024-07-02T00:00:00+00:00
[2024-07-02T09:16:16.563+0000] {processor.py:183} INFO - Processing /home/airflow/.local/lib/python3.8/site-packages/airflow/example_dags/example_branch_day_of_week_operator.py took 0.081 seconds
[2024-07-02T09:16:47.053+0000] {processor.py:161} INFO - Started process (PID=1436) to work on /home/airflow/.local/lib/python3.8/site-packages/airflow/example_dags/example_branch_day_of_week_operator.py
[2024-07-02T09:16:47.054+0000] {processor.py:830} INFO - Processing file /home/airflow/.local/lib/python3.8/site-packages/airflow/example_dags/example_branch_day_of_week_operator.py for tasks to queue
[2024-07-02T09:16:47.056+0000] {logging_mixin.py:188} INFO - [2024-07-02T09:16:47.056+0000] {dagbag.py:538} INFO - Filling up the DagBag from /home/airflow/.local/lib/python3.8/site-packages/airflow/example_dags/example_branch_day_of_week_operator.py
[2024-07-02T09:16:47.064+0000] {processor.py:840} INFO - DAG(s) 'example_weekday_branch_operator' retrieved from /home/airflow/.local/lib/python3.8/site-packages/airflow/example_dags/example_branch_day_of_week_operator.py
[2024-07-02T09:16:47.087+0000] {logging_mixin.py:188} INFO - [2024-07-02T09:16:47.087+0000] {dag.py:3033} INFO - Sync 1 DAGs
[2024-07-02T09:16:47.114+0000] {logging_mixin.py:188} INFO - [2024-07-02T09:16:47.113+0000] {dag.py:3820} INFO - Setting next_dagrun for example_weekday_branch_operator to 2024-07-01T00:00:00+00:00, run_after=2024-07-02T00:00:00+00:00
[2024-07-02T09:16:47.130+0000] {processor.py:183} INFO - Processing /home/airflow/.local/lib/python3.8/site-packages/airflow/example_dags/example_branch_day_of_week_operator.py took 0.081 seconds
[2024-07-02T09:17:17.668+0000] {processor.py:161} INFO - Started process (PID=1491) to work on /home/airflow/.local/lib/python3.8/site-packages/airflow/example_dags/example_branch_day_of_week_operator.py
[2024-07-02T09:17:17.669+0000] {processor.py:830} INFO - Processing file /home/airflow/.local/lib/python3.8/site-packages/airflow/example_dags/example_branch_day_of_week_operator.py for tasks to queue
[2024-07-02T09:17:17.672+0000] {logging_mixin.py:188} INFO - [2024-07-02T09:17:17.671+0000] {dagbag.py:538} INFO - Filling up the DagBag from /home/airflow/.local/lib/python3.8/site-packages/airflow/example_dags/example_branch_day_of_week_operator.py
[2024-07-02T09:17:17.680+0000] {processor.py:840} INFO - DAG(s) 'example_weekday_branch_operator' retrieved from /home/airflow/.local/lib/python3.8/site-packages/airflow/example_dags/example_branch_day_of_week_operator.py
[2024-07-02T09:17:17.705+0000] {logging_mixin.py:188} INFO - [2024-07-02T09:17:17.704+0000] {dag.py:3033} INFO - Sync 1 DAGs
[2024-07-02T09:17:17.734+0000] {logging_mixin.py:188} INFO - [2024-07-02T09:17:17.733+0000] {dag.py:3820} INFO - Setting next_dagrun for example_weekday_branch_operator to 2024-07-01T00:00:00+00:00, run_after=2024-07-02T00:00:00+00:00
[2024-07-02T09:17:17.758+0000] {processor.py:183} INFO - Processing /home/airflow/.local/lib/python3.8/site-packages/airflow/example_dags/example_branch_day_of_week_operator.py took 0.093 seconds
[2024-07-02T09:17:47.995+0000] {processor.py:161} INFO - Started process (PID=1547) to work on /home/airflow/.local/lib/python3.8/site-packages/airflow/example_dags/example_branch_day_of_week_operator.py
[2024-07-02T09:17:47.995+0000] {processor.py:830} INFO - Processing file /home/airflow/.local/lib/python3.8/site-packages/airflow/example_dags/example_branch_day_of_week_operator.py for tasks to queue
[2024-07-02T09:17:47.997+0000] {logging_mixin.py:188} INFO - [2024-07-02T09:17:47.997+0000] {dagbag.py:538} INFO - Filling up the DagBag from /home/airflow/.local/lib/python3.8/site-packages/airflow/example_dags/example_branch_day_of_week_operator.py
[2024-07-02T09:17:48.004+0000] {processor.py:840} INFO - DAG(s) 'example_weekday_branch_operator' retrieved from /home/airflow/.local/lib/python3.8/site-packages/airflow/example_dags/example_branch_day_of_week_operator.py
[2024-07-02T09:17:48.021+0000] {logging_mixin.py:188} INFO - [2024-07-02T09:17:48.021+0000] {dag.py:3033} INFO - Sync 1 DAGs
[2024-07-02T09:17:48.040+0000] {logging_mixin.py:188} INFO - [2024-07-02T09:17:48.040+0000] {dag.py:3820} INFO - Setting next_dagrun for example_weekday_branch_operator to 2024-07-01T00:00:00+00:00, run_after=2024-07-02T00:00:00+00:00
[2024-07-02T09:17:48.057+0000] {processor.py:183} INFO - Processing /home/airflow/.local/lib/python3.8/site-packages/airflow/example_dags/example_branch_day_of_week_operator.py took 0.065 seconds
[2024-07-02T09:18:18.546+0000] {processor.py:161} INFO - Started process (PID=1602) to work on /home/airflow/.local/lib/python3.8/site-packages/airflow/example_dags/example_branch_day_of_week_operator.py
[2024-07-02T09:18:18.547+0000] {processor.py:830} INFO - Processing file /home/airflow/.local/lib/python3.8/site-packages/airflow/example_dags/example_branch_day_of_week_operator.py for tasks to queue
[2024-07-02T09:18:18.548+0000] {logging_mixin.py:188} INFO - [2024-07-02T09:18:18.548+0000] {dagbag.py:538} INFO - Filling up the DagBag from /home/airflow/.local/lib/python3.8/site-packages/airflow/example_dags/example_branch_day_of_week_operator.py
[2024-07-02T09:18:18.554+0000] {processor.py:840} INFO - DAG(s) 'example_weekday_branch_operator' retrieved from /home/airflow/.local/lib/python3.8/site-packages/airflow/example_dags/example_branch_day_of_week_operator.py
[2024-07-02T09:18:18.572+0000] {logging_mixin.py:188} INFO - [2024-07-02T09:18:18.572+0000] {dag.py:3033} INFO - Sync 1 DAGs
[2024-07-02T09:18:18.593+0000] {logging_mixin.py:188} INFO - [2024-07-02T09:18:18.593+0000] {dag.py:3820} INFO - Setting next_dagrun for example_weekday_branch_operator to 2024-07-01T00:00:00+00:00, run_after=2024-07-02T00:00:00+00:00
[2024-07-02T09:18:18.610+0000] {processor.py:183} INFO - Processing /home/airflow/.local/lib/python3.8/site-packages/airflow/example_dags/example_branch_day_of_week_operator.py took 0.066 seconds
[2024-07-02T09:18:49.042+0000] {processor.py:161} INFO - Started process (PID=1657) to work on /home/airflow/.local/lib/python3.8/site-packages/airflow/example_dags/example_branch_day_of_week_operator.py
[2024-07-02T09:18:49.043+0000] {processor.py:830} INFO - Processing file /home/airflow/.local/lib/python3.8/site-packages/airflow/example_dags/example_branch_day_of_week_operator.py for tasks to queue
[2024-07-02T09:18:49.045+0000] {logging_mixin.py:188} INFO - [2024-07-02T09:18:49.045+0000] {dagbag.py:538} INFO - Filling up the DagBag from /home/airflow/.local/lib/python3.8/site-packages/airflow/example_dags/example_branch_day_of_week_operator.py
[2024-07-02T09:18:49.053+0000] {processor.py:840} INFO - DAG(s) 'example_weekday_branch_operator' retrieved from /home/airflow/.local/lib/python3.8/site-packages/airflow/example_dags/example_branch_day_of_week_operator.py
[2024-07-02T09:18:49.075+0000] {logging_mixin.py:188} INFO - [2024-07-02T09:18:49.075+0000] {dag.py:3033} INFO - Sync 1 DAGs
[2024-07-02T09:18:49.098+0000] {logging_mixin.py:188} INFO - [2024-07-02T09:18:49.098+0000] {dag.py:3820} INFO - Setting next_dagrun for example_weekday_branch_operator to 2024-07-01T00:00:00+00:00, run_after=2024-07-02T00:00:00+00:00
[2024-07-02T09:18:49.116+0000] {processor.py:183} INFO - Processing /home/airflow/.local/lib/python3.8/site-packages/airflow/example_dags/example_branch_day_of_week_operator.py took 0.077 seconds
[2024-07-02T09:19:19.427+0000] {processor.py:161} INFO - Started process (PID=1712) to work on /home/airflow/.local/lib/python3.8/site-packages/airflow/example_dags/example_branch_day_of_week_operator.py
[2024-07-02T09:19:19.427+0000] {processor.py:830} INFO - Processing file /home/airflow/.local/lib/python3.8/site-packages/airflow/example_dags/example_branch_day_of_week_operator.py for tasks to queue
[2024-07-02T09:19:19.429+0000] {logging_mixin.py:188} INFO - [2024-07-02T09:19:19.429+0000] {dagbag.py:538} INFO - Filling up the DagBag from /home/airflow/.local/lib/python3.8/site-packages/airflow/example_dags/example_branch_day_of_week_operator.py
[2024-07-02T09:19:19.437+0000] {processor.py:840} INFO - DAG(s) 'example_weekday_branch_operator' retrieved from /home/airflow/.local/lib/python3.8/site-packages/airflow/example_dags/example_branch_day_of_week_operator.py
[2024-07-02T09:19:19.459+0000] {logging_mixin.py:188} INFO - [2024-07-02T09:19:19.458+0000] {dag.py:3033} INFO - Sync 1 DAGs
[2024-07-02T09:19:19.484+0000] {logging_mixin.py:188} INFO - [2024-07-02T09:19:19.484+0000] {dag.py:3820} INFO - Setting next_dagrun for example_weekday_branch_operator to 2024-07-01T00:00:00+00:00, run_after=2024-07-02T00:00:00+00:00
[2024-07-02T09:19:19.504+0000] {processor.py:183} INFO - Processing /home/airflow/.local/lib/python3.8/site-packages/airflow/example_dags/example_branch_day_of_week_operator.py took 0.080 seconds
[2024-07-02T09:19:49.778+0000] {processor.py:161} INFO - Started process (PID=1766) to work on /home/airflow/.local/lib/python3.8/site-packages/airflow/example_dags/example_branch_day_of_week_operator.py
[2024-07-02T09:19:49.781+0000] {processor.py:830} INFO - Processing file /home/airflow/.local/lib/python3.8/site-packages/airflow/example_dags/example_branch_day_of_week_operator.py for tasks to queue
[2024-07-02T09:19:49.783+0000] {logging_mixin.py:188} INFO - [2024-07-02T09:19:49.783+0000] {dagbag.py:538} INFO - Filling up the DagBag from /home/airflow/.local/lib/python3.8/site-packages/airflow/example_dags/example_branch_day_of_week_operator.py
[2024-07-02T09:19:49.791+0000] {processor.py:840} INFO - DAG(s) 'example_weekday_branch_operator' retrieved from /home/airflow/.local/lib/python3.8/site-packages/airflow/example_dags/example_branch_day_of_week_operator.py
[2024-07-02T09:19:49.813+0000] {logging_mixin.py:188} INFO - [2024-07-02T09:19:49.813+0000] {dag.py:3033} INFO - Sync 1 DAGs
[2024-07-02T09:19:49.837+0000] {logging_mixin.py:188} INFO - [2024-07-02T09:19:49.837+0000] {dag.py:3820} INFO - Setting next_dagrun for example_weekday_branch_operator to 2024-07-01T00:00:00+00:00, run_after=2024-07-02T00:00:00+00:00
[2024-07-02T09:19:49.854+0000] {processor.py:183} INFO - Processing /home/airflow/.local/lib/python3.8/site-packages/airflow/example_dags/example_branch_day_of_week_operator.py took 0.080 seconds
[2024-07-02T09:20:20.348+0000] {processor.py:161} INFO - Started process (PID=1820) to work on /home/airflow/.local/lib/python3.8/site-packages/airflow/example_dags/example_branch_day_of_week_operator.py
[2024-07-02T09:20:20.349+0000] {processor.py:830} INFO - Processing file /home/airflow/.local/lib/python3.8/site-packages/airflow/example_dags/example_branch_day_of_week_operator.py for tasks to queue
[2024-07-02T09:20:20.352+0000] {logging_mixin.py:188} INFO - [2024-07-02T09:20:20.352+0000] {dagbag.py:538} INFO - Filling up the DagBag from /home/airflow/.local/lib/python3.8/site-packages/airflow/example_dags/example_branch_day_of_week_operator.py
[2024-07-02T09:20:20.361+0000] {processor.py:840} INFO - DAG(s) 'example_weekday_branch_operator' retrieved from /home/airflow/.local/lib/python3.8/site-packages/airflow/example_dags/example_branch_day_of_week_operator.py
[2024-07-02T09:20:20.385+0000] {logging_mixin.py:188} INFO - [2024-07-02T09:20:20.384+0000] {dag.py:3033} INFO - Sync 1 DAGs
[2024-07-02T09:20:20.414+0000] {logging_mixin.py:188} INFO - [2024-07-02T09:20:20.414+0000] {dag.py:3820} INFO - Setting next_dagrun for example_weekday_branch_operator to 2024-07-01T00:00:00+00:00, run_after=2024-07-02T00:00:00+00:00
[2024-07-02T09:20:20.442+0000] {processor.py:183} INFO - Processing /home/airflow/.local/lib/python3.8/site-packages/airflow/example_dags/example_branch_day_of_week_operator.py took 0.097 seconds
[2024-07-02T09:20:50.893+0000] {processor.py:161} INFO - Started process (PID=1875) to work on /home/airflow/.local/lib/python3.8/site-packages/airflow/example_dags/example_branch_day_of_week_operator.py
[2024-07-02T09:20:50.894+0000] {processor.py:830} INFO - Processing file /home/airflow/.local/lib/python3.8/site-packages/airflow/example_dags/example_branch_day_of_week_operator.py for tasks to queue
[2024-07-02T09:20:50.897+0000] {logging_mixin.py:188} INFO - [2024-07-02T09:20:50.897+0000] {dagbag.py:538} INFO - Filling up the DagBag from /home/airflow/.local/lib/python3.8/site-packages/airflow/example_dags/example_branch_day_of_week_operator.py
[2024-07-02T09:20:50.906+0000] {processor.py:840} INFO - DAG(s) 'example_weekday_branch_operator' retrieved from /home/airflow/.local/lib/python3.8/site-packages/airflow/example_dags/example_branch_day_of_week_operator.py
[2024-07-02T09:20:50.936+0000] {logging_mixin.py:188} INFO - [2024-07-02T09:20:50.935+0000] {dag.py:3033} INFO - Sync 1 DAGs
[2024-07-02T09:20:50.967+0000] {logging_mixin.py:188} INFO - [2024-07-02T09:20:50.967+0000] {dag.py:3820} INFO - Setting next_dagrun for example_weekday_branch_operator to 2024-07-01T00:00:00+00:00, run_after=2024-07-02T00:00:00+00:00
[2024-07-02T09:20:50.997+0000] {processor.py:183} INFO - Processing /home/airflow/.local/lib/python3.8/site-packages/airflow/example_dags/example_branch_day_of_week_operator.py took 0.108 seconds
[2024-07-02T09:21:21.117+0000] {processor.py:161} INFO - Started process (PID=1930) to work on /home/airflow/.local/lib/python3.8/site-packages/airflow/example_dags/example_branch_day_of_week_operator.py
[2024-07-02T09:21:21.118+0000] {processor.py:830} INFO - Processing file /home/airflow/.local/lib/python3.8/site-packages/airflow/example_dags/example_branch_day_of_week_operator.py for tasks to queue
[2024-07-02T09:21:21.119+0000] {logging_mixin.py:188} INFO - [2024-07-02T09:21:21.119+0000] {dagbag.py:538} INFO - Filling up the DagBag from /home/airflow/.local/lib/python3.8/site-packages/airflow/example_dags/example_branch_day_of_week_operator.py
[2024-07-02T09:21:21.126+0000] {processor.py:840} INFO - DAG(s) 'example_weekday_branch_operator' retrieved from /home/airflow/.local/lib/python3.8/site-packages/airflow/example_dags/example_branch_day_of_week_operator.py
[2024-07-02T09:21:21.152+0000] {logging_mixin.py:188} INFO - [2024-07-02T09:21:21.152+0000] {dag.py:3033} INFO - Sync 1 DAGs
[2024-07-02T09:21:21.181+0000] {logging_mixin.py:188} INFO - [2024-07-02T09:21:21.181+0000] {dag.py:3820} INFO - Setting next_dagrun for example_weekday_branch_operator to 2024-07-01T00:00:00+00:00, run_after=2024-07-02T00:00:00+00:00
[2024-07-02T09:21:21.198+0000] {processor.py:183} INFO - Processing /home/airflow/.local/lib/python3.8/site-packages/airflow/example_dags/example_branch_day_of_week_operator.py took 0.084 seconds
[2024-07-02T09:21:51.576+0000] {processor.py:161} INFO - Started process (PID=1984) to work on /home/airflow/.local/lib/python3.8/site-packages/airflow/example_dags/example_branch_day_of_week_operator.py
[2024-07-02T09:21:51.577+0000] {processor.py:830} INFO - Processing file /home/airflow/.local/lib/python3.8/site-packages/airflow/example_dags/example_branch_day_of_week_operator.py for tasks to queue
[2024-07-02T09:21:51.581+0000] {logging_mixin.py:188} INFO - [2024-07-02T09:21:51.580+0000] {dagbag.py:538} INFO - Filling up the DagBag from /home/airflow/.local/lib/python3.8/site-packages/airflow/example_dags/example_branch_day_of_week_operator.py
[2024-07-02T09:21:51.594+0000] {processor.py:840} INFO - DAG(s) 'example_weekday_branch_operator' retrieved from /home/airflow/.local/lib/python3.8/site-packages/airflow/example_dags/example_branch_day_of_week_operator.py
[2024-07-02T09:21:51.627+0000] {logging_mixin.py:188} INFO - [2024-07-02T09:21:51.627+0000] {dag.py:3033} INFO - Sync 1 DAGs
[2024-07-02T09:21:51.671+0000] {logging_mixin.py:188} INFO - [2024-07-02T09:21:51.671+0000] {dag.py:3820} INFO - Setting next_dagrun for example_weekday_branch_operator to 2024-07-01T00:00:00+00:00, run_after=2024-07-02T00:00:00+00:00
[2024-07-02T09:21:51.701+0000] {processor.py:183} INFO - Processing /home/airflow/.local/lib/python3.8/site-packages/airflow/example_dags/example_branch_day_of_week_operator.py took 0.130 seconds
[2024-07-02T09:22:21.752+0000] {processor.py:161} INFO - Started process (PID=2038) to work on /home/airflow/.local/lib/python3.8/site-packages/airflow/example_dags/example_branch_day_of_week_operator.py
[2024-07-02T09:22:21.753+0000] {processor.py:830} INFO - Processing file /home/airflow/.local/lib/python3.8/site-packages/airflow/example_dags/example_branch_day_of_week_operator.py for tasks to queue
[2024-07-02T09:22:21.755+0000] {logging_mixin.py:188} INFO - [2024-07-02T09:22:21.755+0000] {dagbag.py:538} INFO - Filling up the DagBag from /home/airflow/.local/lib/python3.8/site-packages/airflow/example_dags/example_branch_day_of_week_operator.py
[2024-07-02T09:22:21.763+0000] {processor.py:840} INFO - DAG(s) 'example_weekday_branch_operator' retrieved from /home/airflow/.local/lib/python3.8/site-packages/airflow/example_dags/example_branch_day_of_week_operator.py
[2024-07-02T09:22:21.783+0000] {logging_mixin.py:188} INFO - [2024-07-02T09:22:21.783+0000] {dag.py:3033} INFO - Sync 1 DAGs
[2024-07-02T09:22:21.804+0000] {logging_mixin.py:188} INFO - [2024-07-02T09:22:21.804+0000] {dag.py:3820} INFO - Setting next_dagrun for example_weekday_branch_operator to 2024-07-01T00:00:00+00:00, run_after=2024-07-02T00:00:00+00:00
[2024-07-02T09:22:21.822+0000] {processor.py:183} INFO - Processing /home/airflow/.local/lib/python3.8/site-packages/airflow/example_dags/example_branch_day_of_week_operator.py took 0.073 seconds
[2024-07-02T09:22:52.205+0000] {processor.py:161} INFO - Started process (PID=2094) to work on /home/airflow/.local/lib/python3.8/site-packages/airflow/example_dags/example_branch_day_of_week_operator.py
[2024-07-02T09:22:52.206+0000] {processor.py:830} INFO - Processing file /home/airflow/.local/lib/python3.8/site-packages/airflow/example_dags/example_branch_day_of_week_operator.py for tasks to queue
[2024-07-02T09:22:52.208+0000] {logging_mixin.py:188} INFO - [2024-07-02T09:22:52.208+0000] {dagbag.py:538} INFO - Filling up the DagBag from /home/airflow/.local/lib/python3.8/site-packages/airflow/example_dags/example_branch_day_of_week_operator.py
[2024-07-02T09:22:52.216+0000] {processor.py:840} INFO - DAG(s) 'example_weekday_branch_operator' retrieved from /home/airflow/.local/lib/python3.8/site-packages/airflow/example_dags/example_branch_day_of_week_operator.py
[2024-07-02T09:22:52.237+0000] {logging_mixin.py:188} INFO - [2024-07-02T09:22:52.237+0000] {dag.py:3033} INFO - Sync 1 DAGs
[2024-07-02T09:22:52.261+0000] {logging_mixin.py:188} INFO - [2024-07-02T09:22:52.260+0000] {dag.py:3820} INFO - Setting next_dagrun for example_weekday_branch_operator to 2024-07-01T00:00:00+00:00, run_after=2024-07-02T00:00:00+00:00
[2024-07-02T09:22:52.277+0000] {processor.py:183} INFO - Processing /home/airflow/.local/lib/python3.8/site-packages/airflow/example_dags/example_branch_day_of_week_operator.py took 0.075 seconds
[2024-07-02T09:23:22.414+0000] {processor.py:161} INFO - Started process (PID=2149) to work on /home/airflow/.local/lib/python3.8/site-packages/airflow/example_dags/example_branch_day_of_week_operator.py
[2024-07-02T09:23:22.415+0000] {processor.py:830} INFO - Processing file /home/airflow/.local/lib/python3.8/site-packages/airflow/example_dags/example_branch_day_of_week_operator.py for tasks to queue
[2024-07-02T09:23:22.417+0000] {logging_mixin.py:188} INFO - [2024-07-02T09:23:22.417+0000] {dagbag.py:538} INFO - Filling up the DagBag from /home/airflow/.local/lib/python3.8/site-packages/airflow/example_dags/example_branch_day_of_week_operator.py
[2024-07-02T09:23:22.428+0000] {processor.py:840} INFO - DAG(s) 'example_weekday_branch_operator' retrieved from /home/airflow/.local/lib/python3.8/site-packages/airflow/example_dags/example_branch_day_of_week_operator.py
[2024-07-02T09:23:22.458+0000] {logging_mixin.py:188} INFO - [2024-07-02T09:23:22.457+0000] {dag.py:3033} INFO - Sync 1 DAGs
[2024-07-02T09:23:22.487+0000] {logging_mixin.py:188} INFO - [2024-07-02T09:23:22.487+0000] {dag.py:3820} INFO - Setting next_dagrun for example_weekday_branch_operator to 2024-07-01T00:00:00+00:00, run_after=2024-07-02T00:00:00+00:00
[2024-07-02T09:23:22.510+0000] {processor.py:183} INFO - Processing /home/airflow/.local/lib/python3.8/site-packages/airflow/example_dags/example_branch_day_of_week_operator.py took 0.100 seconds
[2024-07-02T09:23:53.001+0000] {processor.py:161} INFO - Started process (PID=2204) to work on /home/airflow/.local/lib/python3.8/site-packages/airflow/example_dags/example_branch_day_of_week_operator.py
[2024-07-02T09:23:53.002+0000] {processor.py:830} INFO - Processing file /home/airflow/.local/lib/python3.8/site-packages/airflow/example_dags/example_branch_day_of_week_operator.py for tasks to queue
[2024-07-02T09:23:53.003+0000] {logging_mixin.py:188} INFO - [2024-07-02T09:23:53.003+0000] {dagbag.py:538} INFO - Filling up the DagBag from /home/airflow/.local/lib/python3.8/site-packages/airflow/example_dags/example_branch_day_of_week_operator.py
[2024-07-02T09:23:53.010+0000] {processor.py:840} INFO - DAG(s) 'example_weekday_branch_operator' retrieved from /home/airflow/.local/lib/python3.8/site-packages/airflow/example_dags/example_branch_day_of_week_operator.py
[2024-07-02T09:23:53.028+0000] {logging_mixin.py:188} INFO - [2024-07-02T09:23:53.028+0000] {dag.py:3033} INFO - Sync 1 DAGs
[2024-07-02T09:23:53.048+0000] {logging_mixin.py:188} INFO - [2024-07-02T09:23:53.048+0000] {dag.py:3820} INFO - Setting next_dagrun for example_weekday_branch_operator to 2024-07-01T00:00:00+00:00, run_after=2024-07-02T00:00:00+00:00
[2024-07-02T09:23:53.064+0000] {processor.py:183} INFO - Processing /home/airflow/.local/lib/python3.8/site-packages/airflow/example_dags/example_branch_day_of_week_operator.py took 0.066 seconds
