[2024-07-02T09:04:00.961+0000] {processor.py:161} INFO - Started process (PID=56) to work on /home/airflow/.local/lib/python3.8/site-packages/airflow/example_dags/example_branch_labels.py
[2024-07-02T09:04:00.962+0000] {processor.py:830} INFO - Processing file /home/airflow/.local/lib/python3.8/site-packages/airflow/example_dags/example_branch_labels.py for tasks to queue
[2024-07-02T09:04:00.969+0000] {logging_mixin.py:188} INFO - [2024-07-02T09:04:00.969+0000] {dagbag.py:538} INFO - Filling up the DagBag from /home/airflow/.local/lib/python3.8/site-packages/airflow/example_dags/example_branch_labels.py
[2024-07-02T09:04:00.989+0000] {processor.py:840} INFO - DAG(s) 'example_branch_labels' retrieved from /home/airflow/.local/lib/python3.8/site-packages/airflow/example_dags/example_branch_labels.py
[2024-07-02T09:04:01.164+0000] {logging_mixin.py:188} INFO - [2024-07-02T09:04:01.162+0000] {override.py:1769} INFO - Created Permission View: can edit on DAG:example_branch_labels
[2024-07-02T09:04:01.186+0000] {logging_mixin.py:188} INFO - [2024-07-02T09:04:01.185+0000] {override.py:1769} INFO - Created Permission View: can delete on DAG:example_branch_labels
[2024-07-02T09:04:01.199+0000] {logging_mixin.py:188} INFO - [2024-07-02T09:04:01.198+0000] {override.py:1769} INFO - Created Permission View: can read on DAG:example_branch_labels
[2024-07-02T09:04:01.200+0000] {logging_mixin.py:188} INFO - [2024-07-02T09:04:01.200+0000] {dag.py:3033} INFO - Sync 1 DAGs
[2024-07-02T09:04:01.227+0000] {logging_mixin.py:188} INFO - [2024-07-02T09:04:01.227+0000] {dag.py:3055} INFO - Creating ORM DAG for example_branch_labels
[2024-07-02T09:04:01.254+0000] {logging_mixin.py:188} INFO - [2024-07-02T09:04:01.254+0000] {dag.py:3820} INFO - Setting next_dagrun for example_branch_labels to 2024-07-01T00:00:00+00:00, run_after=2024-07-02T00:00:00+00:00
[2024-07-02T09:04:01.286+0000] {processor.py:183} INFO - Processing /home/airflow/.local/lib/python3.8/site-packages/airflow/example_dags/example_branch_labels.py took 0.332 seconds
[2024-07-02T09:04:32.049+0000] {processor.py:161} INFO - Started process (PID=110) to work on /home/airflow/.local/lib/python3.8/site-packages/airflow/example_dags/example_branch_labels.py
[2024-07-02T09:04:32.050+0000] {processor.py:830} INFO - Processing file /home/airflow/.local/lib/python3.8/site-packages/airflow/example_dags/example_branch_labels.py for tasks to queue
[2024-07-02T09:04:32.053+0000] {logging_mixin.py:188} INFO - [2024-07-02T09:04:32.052+0000] {dagbag.py:538} INFO - Filling up the DagBag from /home/airflow/.local/lib/python3.8/site-packages/airflow/example_dags/example_branch_labels.py
[2024-07-02T09:04:32.061+0000] {processor.py:840} INFO - DAG(s) 'example_branch_labels' retrieved from /home/airflow/.local/lib/python3.8/site-packages/airflow/example_dags/example_branch_labels.py
[2024-07-02T09:04:32.086+0000] {logging_mixin.py:188} INFO - [2024-07-02T09:04:32.086+0000] {dag.py:3033} INFO - Sync 1 DAGs
[2024-07-02T09:04:32.118+0000] {logging_mixin.py:188} INFO - [2024-07-02T09:04:32.118+0000] {dag.py:3820} INFO - Setting next_dagrun for example_branch_labels to 2024-07-01T00:00:00+00:00, run_after=2024-07-02T00:00:00+00:00
[2024-07-02T09:04:32.138+0000] {processor.py:183} INFO - Processing /home/airflow/.local/lib/python3.8/site-packages/airflow/example_dags/example_branch_labels.py took 0.092 seconds
[2024-07-02T09:05:02.541+0000] {processor.py:161} INFO - Started process (PID=166) to work on /home/airflow/.local/lib/python3.8/site-packages/airflow/example_dags/example_branch_labels.py
[2024-07-02T09:05:02.542+0000] {processor.py:830} INFO - Processing file /home/airflow/.local/lib/python3.8/site-packages/airflow/example_dags/example_branch_labels.py for tasks to queue
[2024-07-02T09:05:02.544+0000] {logging_mixin.py:188} INFO - [2024-07-02T09:05:02.544+0000] {dagbag.py:538} INFO - Filling up the DagBag from /home/airflow/.local/lib/python3.8/site-packages/airflow/example_dags/example_branch_labels.py
[2024-07-02T09:05:02.553+0000] {processor.py:840} INFO - DAG(s) 'example_branch_labels' retrieved from /home/airflow/.local/lib/python3.8/site-packages/airflow/example_dags/example_branch_labels.py
[2024-07-02T09:05:02.579+0000] {logging_mixin.py:188} INFO - [2024-07-02T09:05:02.578+0000] {dag.py:3033} INFO - Sync 1 DAGs
[2024-07-02T09:05:02.604+0000] {logging_mixin.py:188} INFO - [2024-07-02T09:05:02.604+0000] {dag.py:3820} INFO - Setting next_dagrun for example_branch_labels to 2024-07-01T00:00:00+00:00, run_after=2024-07-02T00:00:00+00:00
[2024-07-02T09:05:02.621+0000] {processor.py:183} INFO - Processing /home/airflow/.local/lib/python3.8/site-packages/airflow/example_dags/example_branch_labels.py took 0.084 seconds
[2024-07-02T09:05:32.675+0000] {processor.py:161} INFO - Started process (PID=221) to work on /home/airflow/.local/lib/python3.8/site-packages/airflow/example_dags/example_branch_labels.py
[2024-07-02T09:05:32.676+0000] {processor.py:830} INFO - Processing file /home/airflow/.local/lib/python3.8/site-packages/airflow/example_dags/example_branch_labels.py for tasks to queue
[2024-07-02T09:05:32.677+0000] {logging_mixin.py:188} INFO - [2024-07-02T09:05:32.677+0000] {dagbag.py:538} INFO - Filling up the DagBag from /home/airflow/.local/lib/python3.8/site-packages/airflow/example_dags/example_branch_labels.py
[2024-07-02T09:05:32.685+0000] {processor.py:840} INFO - DAG(s) 'example_branch_labels' retrieved from /home/airflow/.local/lib/python3.8/site-packages/airflow/example_dags/example_branch_labels.py
[2024-07-02T09:05:32.707+0000] {logging_mixin.py:188} INFO - [2024-07-02T09:05:32.707+0000] {dag.py:3033} INFO - Sync 1 DAGs
[2024-07-02T09:05:32.728+0000] {logging_mixin.py:188} INFO - [2024-07-02T09:05:32.728+0000] {dag.py:3820} INFO - Setting next_dagrun for example_branch_labels to 2024-07-01T00:00:00+00:00, run_after=2024-07-02T00:00:00+00:00
[2024-07-02T09:05:32.744+0000] {processor.py:183} INFO - Processing /home/airflow/.local/lib/python3.8/site-packages/airflow/example_dags/example_branch_labels.py took 0.073 seconds
[2024-07-02T09:06:02.885+0000] {processor.py:161} INFO - Started process (PID=276) to work on /home/airflow/.local/lib/python3.8/site-packages/airflow/example_dags/example_branch_labels.py
[2024-07-02T09:06:02.886+0000] {processor.py:830} INFO - Processing file /home/airflow/.local/lib/python3.8/site-packages/airflow/example_dags/example_branch_labels.py for tasks to queue
[2024-07-02T09:06:02.888+0000] {logging_mixin.py:188} INFO - [2024-07-02T09:06:02.888+0000] {dagbag.py:538} INFO - Filling up the DagBag from /home/airflow/.local/lib/python3.8/site-packages/airflow/example_dags/example_branch_labels.py
[2024-07-02T09:06:02.896+0000] {processor.py:840} INFO - DAG(s) 'example_branch_labels' retrieved from /home/airflow/.local/lib/python3.8/site-packages/airflow/example_dags/example_branch_labels.py
[2024-07-02T09:06:02.918+0000] {logging_mixin.py:188} INFO - [2024-07-02T09:06:02.917+0000] {dag.py:3033} INFO - Sync 1 DAGs
[2024-07-02T09:06:02.939+0000] {logging_mixin.py:188} INFO - [2024-07-02T09:06:02.938+0000] {dag.py:3820} INFO - Setting next_dagrun for example_branch_labels to 2024-07-01T00:00:00+00:00, run_after=2024-07-02T00:00:00+00:00
[2024-07-02T09:06:02.954+0000] {processor.py:183} INFO - Processing /home/airflow/.local/lib/python3.8/site-packages/airflow/example_dags/example_branch_labels.py took 0.072 seconds
[2024-07-02T09:06:33.260+0000] {processor.py:161} INFO - Started process (PID=330) to work on /home/airflow/.local/lib/python3.8/site-packages/airflow/example_dags/example_branch_labels.py
[2024-07-02T09:06:33.261+0000] {processor.py:830} INFO - Processing file /home/airflow/.local/lib/python3.8/site-packages/airflow/example_dags/example_branch_labels.py for tasks to queue
[2024-07-02T09:06:33.263+0000] {logging_mixin.py:188} INFO - [2024-07-02T09:06:33.263+0000] {dagbag.py:538} INFO - Filling up the DagBag from /home/airflow/.local/lib/python3.8/site-packages/airflow/example_dags/example_branch_labels.py
[2024-07-02T09:06:33.271+0000] {processor.py:840} INFO - DAG(s) 'example_branch_labels' retrieved from /home/airflow/.local/lib/python3.8/site-packages/airflow/example_dags/example_branch_labels.py
[2024-07-02T09:06:33.294+0000] {logging_mixin.py:188} INFO - [2024-07-02T09:06:33.294+0000] {dag.py:3033} INFO - Sync 1 DAGs
[2024-07-02T09:06:33.315+0000] {logging_mixin.py:188} INFO - [2024-07-02T09:06:33.315+0000] {dag.py:3820} INFO - Setting next_dagrun for example_branch_labels to 2024-07-01T00:00:00+00:00, run_after=2024-07-02T00:00:00+00:00
[2024-07-02T09:06:33.331+0000] {processor.py:183} INFO - Processing /home/airflow/.local/lib/python3.8/site-packages/airflow/example_dags/example_branch_labels.py took 0.074 seconds
[2024-07-02T09:07:03.843+0000] {processor.py:161} INFO - Started process (PID=385) to work on /home/airflow/.local/lib/python3.8/site-packages/airflow/example_dags/example_branch_labels.py
[2024-07-02T09:07:03.844+0000] {processor.py:830} INFO - Processing file /home/airflow/.local/lib/python3.8/site-packages/airflow/example_dags/example_branch_labels.py for tasks to queue
[2024-07-02T09:07:03.846+0000] {logging_mixin.py:188} INFO - [2024-07-02T09:07:03.846+0000] {dagbag.py:538} INFO - Filling up the DagBag from /home/airflow/.local/lib/python3.8/site-packages/airflow/example_dags/example_branch_labels.py
[2024-07-02T09:07:03.854+0000] {processor.py:840} INFO - DAG(s) 'example_branch_labels' retrieved from /home/airflow/.local/lib/python3.8/site-packages/airflow/example_dags/example_branch_labels.py
[2024-07-02T09:07:03.877+0000] {logging_mixin.py:188} INFO - [2024-07-02T09:07:03.877+0000] {dag.py:3033} INFO - Sync 1 DAGs
[2024-07-02T09:07:03.899+0000] {logging_mixin.py:188} INFO - [2024-07-02T09:07:03.899+0000] {dag.py:3820} INFO - Setting next_dagrun for example_branch_labels to 2024-07-01T00:00:00+00:00, run_after=2024-07-02T00:00:00+00:00
[2024-07-02T09:07:03.916+0000] {processor.py:183} INFO - Processing /home/airflow/.local/lib/python3.8/site-packages/airflow/example_dags/example_branch_labels.py took 0.076 seconds
[2024-07-02T09:07:34.430+0000] {processor.py:161} INFO - Started process (PID=440) to work on /home/airflow/.local/lib/python3.8/site-packages/airflow/example_dags/example_branch_labels.py
[2024-07-02T09:07:34.430+0000] {processor.py:830} INFO - Processing file /home/airflow/.local/lib/python3.8/site-packages/airflow/example_dags/example_branch_labels.py for tasks to queue
[2024-07-02T09:07:34.432+0000] {logging_mixin.py:188} INFO - [2024-07-02T09:07:34.432+0000] {dagbag.py:538} INFO - Filling up the DagBag from /home/airflow/.local/lib/python3.8/site-packages/airflow/example_dags/example_branch_labels.py
[2024-07-02T09:07:34.441+0000] {processor.py:840} INFO - DAG(s) 'example_branch_labels' retrieved from /home/airflow/.local/lib/python3.8/site-packages/airflow/example_dags/example_branch_labels.py
[2024-07-02T09:07:34.464+0000] {logging_mixin.py:188} INFO - [2024-07-02T09:07:34.464+0000] {dag.py:3033} INFO - Sync 1 DAGs
[2024-07-02T09:07:34.485+0000] {logging_mixin.py:188} INFO - [2024-07-02T09:07:34.485+0000] {dag.py:3820} INFO - Setting next_dagrun for example_branch_labels to 2024-07-01T00:00:00+00:00, run_after=2024-07-02T00:00:00+00:00
[2024-07-02T09:07:34.502+0000] {processor.py:183} INFO - Processing /home/airflow/.local/lib/python3.8/site-packages/airflow/example_dags/example_branch_labels.py took 0.076 seconds
[2024-07-02T09:08:04.969+0000] {processor.py:161} INFO - Started process (PID=495) to work on /home/airflow/.local/lib/python3.8/site-packages/airflow/example_dags/example_branch_labels.py
[2024-07-02T09:08:04.970+0000] {processor.py:830} INFO - Processing file /home/airflow/.local/lib/python3.8/site-packages/airflow/example_dags/example_branch_labels.py for tasks to queue
[2024-07-02T09:08:04.973+0000] {logging_mixin.py:188} INFO - [2024-07-02T09:08:04.972+0000] {dagbag.py:538} INFO - Filling up the DagBag from /home/airflow/.local/lib/python3.8/site-packages/airflow/example_dags/example_branch_labels.py
[2024-07-02T09:08:04.982+0000] {processor.py:840} INFO - DAG(s) 'example_branch_labels' retrieved from /home/airflow/.local/lib/python3.8/site-packages/airflow/example_dags/example_branch_labels.py
[2024-07-02T09:08:05.006+0000] {logging_mixin.py:188} INFO - [2024-07-02T09:08:05.006+0000] {dag.py:3033} INFO - Sync 1 DAGs
[2024-07-02T09:08:05.030+0000] {logging_mixin.py:188} INFO - [2024-07-02T09:08:05.029+0000] {dag.py:3820} INFO - Setting next_dagrun for example_branch_labels to 2024-07-01T00:00:00+00:00, run_after=2024-07-02T00:00:00+00:00
[2024-07-02T09:08:05.046+0000] {processor.py:183} INFO - Processing /home/airflow/.local/lib/python3.8/site-packages/airflow/example_dags/example_branch_labels.py took 0.082 seconds
[2024-07-02T09:08:35.554+0000] {processor.py:161} INFO - Started process (PID=550) to work on /home/airflow/.local/lib/python3.8/site-packages/airflow/example_dags/example_branch_labels.py
[2024-07-02T09:08:35.555+0000] {processor.py:830} INFO - Processing file /home/airflow/.local/lib/python3.8/site-packages/airflow/example_dags/example_branch_labels.py for tasks to queue
[2024-07-02T09:08:35.557+0000] {logging_mixin.py:188} INFO - [2024-07-02T09:08:35.557+0000] {dagbag.py:538} INFO - Filling up the DagBag from /home/airflow/.local/lib/python3.8/site-packages/airflow/example_dags/example_branch_labels.py
[2024-07-02T09:08:35.563+0000] {processor.py:840} INFO - DAG(s) 'example_branch_labels' retrieved from /home/airflow/.local/lib/python3.8/site-packages/airflow/example_dags/example_branch_labels.py
[2024-07-02T09:08:35.580+0000] {logging_mixin.py:188} INFO - [2024-07-02T09:08:35.580+0000] {dag.py:3033} INFO - Sync 1 DAGs
[2024-07-02T09:08:35.602+0000] {logging_mixin.py:188} INFO - [2024-07-02T09:08:35.601+0000] {dag.py:3820} INFO - Setting next_dagrun for example_branch_labels to 2024-07-01T00:00:00+00:00, run_after=2024-07-02T00:00:00+00:00
[2024-07-02T09:08:35.618+0000] {processor.py:183} INFO - Processing /home/airflow/.local/lib/python3.8/site-packages/airflow/example_dags/example_branch_labels.py took 0.066 seconds
[2024-07-02T09:09:06.131+0000] {processor.py:161} INFO - Started process (PID=605) to work on /home/airflow/.local/lib/python3.8/site-packages/airflow/example_dags/example_branch_labels.py
[2024-07-02T09:09:06.131+0000] {processor.py:830} INFO - Processing file /home/airflow/.local/lib/python3.8/site-packages/airflow/example_dags/example_branch_labels.py for tasks to queue
[2024-07-02T09:09:06.133+0000] {logging_mixin.py:188} INFO - [2024-07-02T09:09:06.133+0000] {dagbag.py:538} INFO - Filling up the DagBag from /home/airflow/.local/lib/python3.8/site-packages/airflow/example_dags/example_branch_labels.py
[2024-07-02T09:09:06.139+0000] {processor.py:840} INFO - DAG(s) 'example_branch_labels' retrieved from /home/airflow/.local/lib/python3.8/site-packages/airflow/example_dags/example_branch_labels.py
[2024-07-02T09:09:06.158+0000] {logging_mixin.py:188} INFO - [2024-07-02T09:09:06.158+0000] {dag.py:3033} INFO - Sync 1 DAGs
[2024-07-02T09:09:06.178+0000] {logging_mixin.py:188} INFO - [2024-07-02T09:09:06.178+0000] {dag.py:3820} INFO - Setting next_dagrun for example_branch_labels to 2024-07-01T00:00:00+00:00, run_after=2024-07-02T00:00:00+00:00
[2024-07-02T09:09:06.194+0000] {processor.py:183} INFO - Processing /home/airflow/.local/lib/python3.8/site-packages/airflow/example_dags/example_branch_labels.py took 0.066 seconds
[2024-07-02T09:09:36.771+0000] {processor.py:161} INFO - Started process (PID=660) to work on /home/airflow/.local/lib/python3.8/site-packages/airflow/example_dags/example_branch_labels.py
[2024-07-02T09:09:36.772+0000] {processor.py:830} INFO - Processing file /home/airflow/.local/lib/python3.8/site-packages/airflow/example_dags/example_branch_labels.py for tasks to queue
[2024-07-02T09:09:36.774+0000] {logging_mixin.py:188} INFO - [2024-07-02T09:09:36.774+0000] {dagbag.py:538} INFO - Filling up the DagBag from /home/airflow/.local/lib/python3.8/site-packages/airflow/example_dags/example_branch_labels.py
[2024-07-02T09:09:36.782+0000] {processor.py:840} INFO - DAG(s) 'example_branch_labels' retrieved from /home/airflow/.local/lib/python3.8/site-packages/airflow/example_dags/example_branch_labels.py
[2024-07-02T09:09:36.811+0000] {logging_mixin.py:188} INFO - [2024-07-02T09:09:36.810+0000] {dag.py:3033} INFO - Sync 1 DAGs
[2024-07-02T09:09:36.841+0000] {logging_mixin.py:188} INFO - [2024-07-02T09:09:36.841+0000] {dag.py:3820} INFO - Setting next_dagrun for example_branch_labels to 2024-07-01T00:00:00+00:00, run_after=2024-07-02T00:00:00+00:00
[2024-07-02T09:09:36.863+0000] {processor.py:183} INFO - Processing /home/airflow/.local/lib/python3.8/site-packages/airflow/example_dags/example_branch_labels.py took 0.096 seconds
[2024-07-02T09:10:07.069+0000] {processor.py:161} INFO - Started process (PID=715) to work on /home/airflow/.local/lib/python3.8/site-packages/airflow/example_dags/example_branch_labels.py
[2024-07-02T09:10:07.070+0000] {processor.py:830} INFO - Processing file /home/airflow/.local/lib/python3.8/site-packages/airflow/example_dags/example_branch_labels.py for tasks to queue
[2024-07-02T09:10:07.072+0000] {logging_mixin.py:188} INFO - [2024-07-02T09:10:07.072+0000] {dagbag.py:538} INFO - Filling up the DagBag from /home/airflow/.local/lib/python3.8/site-packages/airflow/example_dags/example_branch_labels.py
[2024-07-02T09:10:07.081+0000] {processor.py:840} INFO - DAG(s) 'example_branch_labels' retrieved from /home/airflow/.local/lib/python3.8/site-packages/airflow/example_dags/example_branch_labels.py
[2024-07-02T09:10:07.106+0000] {logging_mixin.py:188} INFO - [2024-07-02T09:10:07.106+0000] {dag.py:3033} INFO - Sync 1 DAGs
[2024-07-02T09:10:07.135+0000] {logging_mixin.py:188} INFO - [2024-07-02T09:10:07.135+0000] {dag.py:3820} INFO - Setting next_dagrun for example_branch_labels to 2024-07-01T00:00:00+00:00, run_after=2024-07-02T00:00:00+00:00
[2024-07-02T09:10:07.157+0000] {processor.py:183} INFO - Processing /home/airflow/.local/lib/python3.8/site-packages/airflow/example_dags/example_branch_labels.py took 0.092 seconds
[2024-07-02T09:10:37.706+0000] {processor.py:161} INFO - Started process (PID=770) to work on /home/airflow/.local/lib/python3.8/site-packages/airflow/example_dags/example_branch_labels.py
[2024-07-02T09:10:37.707+0000] {processor.py:830} INFO - Processing file /home/airflow/.local/lib/python3.8/site-packages/airflow/example_dags/example_branch_labels.py for tasks to queue
[2024-07-02T09:10:37.709+0000] {logging_mixin.py:188} INFO - [2024-07-02T09:10:37.708+0000] {dagbag.py:538} INFO - Filling up the DagBag from /home/airflow/.local/lib/python3.8/site-packages/airflow/example_dags/example_branch_labels.py
[2024-07-02T09:10:37.716+0000] {processor.py:840} INFO - DAG(s) 'example_branch_labels' retrieved from /home/airflow/.local/lib/python3.8/site-packages/airflow/example_dags/example_branch_labels.py
[2024-07-02T09:10:37.737+0000] {logging_mixin.py:188} INFO - [2024-07-02T09:10:37.737+0000] {dag.py:3033} INFO - Sync 1 DAGs
[2024-07-02T09:10:37.758+0000] {logging_mixin.py:188} INFO - [2024-07-02T09:10:37.758+0000] {dag.py:3820} INFO - Setting next_dagrun for example_branch_labels to 2024-07-01T00:00:00+00:00, run_after=2024-07-02T00:00:00+00:00
[2024-07-02T09:10:37.775+0000] {processor.py:183} INFO - Processing /home/airflow/.local/lib/python3.8/site-packages/airflow/example_dags/example_branch_labels.py took 0.071 seconds
[2024-07-02T09:11:08.266+0000] {processor.py:161} INFO - Started process (PID=825) to work on /home/airflow/.local/lib/python3.8/site-packages/airflow/example_dags/example_branch_labels.py
[2024-07-02T09:11:08.267+0000] {processor.py:830} INFO - Processing file /home/airflow/.local/lib/python3.8/site-packages/airflow/example_dags/example_branch_labels.py for tasks to queue
[2024-07-02T09:11:08.269+0000] {logging_mixin.py:188} INFO - [2024-07-02T09:11:08.269+0000] {dagbag.py:538} INFO - Filling up the DagBag from /home/airflow/.local/lib/python3.8/site-packages/airflow/example_dags/example_branch_labels.py
[2024-07-02T09:11:08.277+0000] {processor.py:840} INFO - DAG(s) 'example_branch_labels' retrieved from /home/airflow/.local/lib/python3.8/site-packages/airflow/example_dags/example_branch_labels.py
[2024-07-02T09:11:08.300+0000] {logging_mixin.py:188} INFO - [2024-07-02T09:11:08.299+0000] {dag.py:3033} INFO - Sync 1 DAGs
[2024-07-02T09:11:08.321+0000] {logging_mixin.py:188} INFO - [2024-07-02T09:11:08.320+0000] {dag.py:3820} INFO - Setting next_dagrun for example_branch_labels to 2024-07-01T00:00:00+00:00, run_after=2024-07-02T00:00:00+00:00
[2024-07-02T09:11:08.336+0000] {processor.py:183} INFO - Processing /home/airflow/.local/lib/python3.8/site-packages/airflow/example_dags/example_branch_labels.py took 0.074 seconds
[2024-07-02T09:11:38.588+0000] {processor.py:161} INFO - Started process (PID=880) to work on /home/airflow/.local/lib/python3.8/site-packages/airflow/example_dags/example_branch_labels.py
[2024-07-02T09:11:38.590+0000] {processor.py:830} INFO - Processing file /home/airflow/.local/lib/python3.8/site-packages/airflow/example_dags/example_branch_labels.py for tasks to queue
[2024-07-02T09:11:38.596+0000] {logging_mixin.py:188} INFO - [2024-07-02T09:11:38.595+0000] {dagbag.py:538} INFO - Filling up the DagBag from /home/airflow/.local/lib/python3.8/site-packages/airflow/example_dags/example_branch_labels.py
[2024-07-02T09:11:38.614+0000] {processor.py:840} INFO - DAG(s) 'example_branch_labels' retrieved from /home/airflow/.local/lib/python3.8/site-packages/airflow/example_dags/example_branch_labels.py
[2024-07-02T09:11:38.667+0000] {logging_mixin.py:188} INFO - [2024-07-02T09:11:38.666+0000] {dag.py:3033} INFO - Sync 1 DAGs
[2024-07-02T09:11:38.724+0000] {logging_mixin.py:188} INFO - [2024-07-02T09:11:38.724+0000] {dag.py:3820} INFO - Setting next_dagrun for example_branch_labels to 2024-07-01T00:00:00+00:00, run_after=2024-07-02T00:00:00+00:00
[2024-07-02T09:11:38.765+0000] {processor.py:183} INFO - Processing /home/airflow/.local/lib/python3.8/site-packages/airflow/example_dags/example_branch_labels.py took 0.183 seconds
[2024-07-02T09:12:09.229+0000] {processor.py:161} INFO - Started process (PID=935) to work on /home/airflow/.local/lib/python3.8/site-packages/airflow/example_dags/example_branch_labels.py
[2024-07-02T09:12:09.230+0000] {processor.py:830} INFO - Processing file /home/airflow/.local/lib/python3.8/site-packages/airflow/example_dags/example_branch_labels.py for tasks to queue
[2024-07-02T09:12:09.231+0000] {logging_mixin.py:188} INFO - [2024-07-02T09:12:09.231+0000] {dagbag.py:538} INFO - Filling up the DagBag from /home/airflow/.local/lib/python3.8/site-packages/airflow/example_dags/example_branch_labels.py
[2024-07-02T09:12:09.238+0000] {processor.py:840} INFO - DAG(s) 'example_branch_labels' retrieved from /home/airflow/.local/lib/python3.8/site-packages/airflow/example_dags/example_branch_labels.py
[2024-07-02T09:12:09.258+0000] {logging_mixin.py:188} INFO - [2024-07-02T09:12:09.257+0000] {dag.py:3033} INFO - Sync 1 DAGs
[2024-07-02T09:12:09.279+0000] {logging_mixin.py:188} INFO - [2024-07-02T09:12:09.278+0000] {dag.py:3820} INFO - Setting next_dagrun for example_branch_labels to 2024-07-01T00:00:00+00:00, run_after=2024-07-02T00:00:00+00:00
[2024-07-02T09:12:09.297+0000] {processor.py:183} INFO - Processing /home/airflow/.local/lib/python3.8/site-packages/airflow/example_dags/example_branch_labels.py took 0.071 seconds
[2024-07-02T09:12:39.392+0000] {processor.py:161} INFO - Started process (PID=990) to work on /home/airflow/.local/lib/python3.8/site-packages/airflow/example_dags/example_branch_labels.py
[2024-07-02T09:12:39.395+0000] {processor.py:830} INFO - Processing file /home/airflow/.local/lib/python3.8/site-packages/airflow/example_dags/example_branch_labels.py for tasks to queue
[2024-07-02T09:12:39.396+0000] {logging_mixin.py:188} INFO - [2024-07-02T09:12:39.396+0000] {dagbag.py:538} INFO - Filling up the DagBag from /home/airflow/.local/lib/python3.8/site-packages/airflow/example_dags/example_branch_labels.py
[2024-07-02T09:12:39.403+0000] {processor.py:840} INFO - DAG(s) 'example_branch_labels' retrieved from /home/airflow/.local/lib/python3.8/site-packages/airflow/example_dags/example_branch_labels.py
[2024-07-02T09:12:39.420+0000] {logging_mixin.py:188} INFO - [2024-07-02T09:12:39.420+0000] {dag.py:3033} INFO - Sync 1 DAGs
[2024-07-02T09:12:39.439+0000] {logging_mixin.py:188} INFO - [2024-07-02T09:12:39.438+0000] {dag.py:3820} INFO - Setting next_dagrun for example_branch_labels to 2024-07-01T00:00:00+00:00, run_after=2024-07-02T00:00:00+00:00
[2024-07-02T09:12:39.453+0000] {processor.py:183} INFO - Processing /home/airflow/.local/lib/python3.8/site-packages/airflow/example_dags/example_branch_labels.py took 0.064 seconds
[2024-07-02T09:13:10.038+0000] {processor.py:161} INFO - Started process (PID=1045) to work on /home/airflow/.local/lib/python3.8/site-packages/airflow/example_dags/example_branch_labels.py
[2024-07-02T09:13:10.038+0000] {processor.py:830} INFO - Processing file /home/airflow/.local/lib/python3.8/site-packages/airflow/example_dags/example_branch_labels.py for tasks to queue
[2024-07-02T09:13:10.040+0000] {logging_mixin.py:188} INFO - [2024-07-02T09:13:10.040+0000] {dagbag.py:538} INFO - Filling up the DagBag from /home/airflow/.local/lib/python3.8/site-packages/airflow/example_dags/example_branch_labels.py
[2024-07-02T09:13:10.046+0000] {processor.py:840} INFO - DAG(s) 'example_branch_labels' retrieved from /home/airflow/.local/lib/python3.8/site-packages/airflow/example_dags/example_branch_labels.py
[2024-07-02T09:13:10.068+0000] {logging_mixin.py:188} INFO - [2024-07-02T09:13:10.067+0000] {dag.py:3033} INFO - Sync 1 DAGs
[2024-07-02T09:13:10.092+0000] {logging_mixin.py:188} INFO - [2024-07-02T09:13:10.092+0000] {dag.py:3820} INFO - Setting next_dagrun for example_branch_labels to 2024-07-01T00:00:00+00:00, run_after=2024-07-02T00:00:00+00:00
[2024-07-02T09:13:10.111+0000] {processor.py:183} INFO - Processing /home/airflow/.local/lib/python3.8/site-packages/airflow/example_dags/example_branch_labels.py took 0.076 seconds
[2024-07-02T09:13:40.581+0000] {processor.py:161} INFO - Started process (PID=1100) to work on /home/airflow/.local/lib/python3.8/site-packages/airflow/example_dags/example_branch_labels.py
[2024-07-02T09:13:40.582+0000] {processor.py:830} INFO - Processing file /home/airflow/.local/lib/python3.8/site-packages/airflow/example_dags/example_branch_labels.py for tasks to queue
[2024-07-02T09:13:40.583+0000] {logging_mixin.py:188} INFO - [2024-07-02T09:13:40.583+0000] {dagbag.py:538} INFO - Filling up the DagBag from /home/airflow/.local/lib/python3.8/site-packages/airflow/example_dags/example_branch_labels.py
[2024-07-02T09:13:40.590+0000] {processor.py:840} INFO - DAG(s) 'example_branch_labels' retrieved from /home/airflow/.local/lib/python3.8/site-packages/airflow/example_dags/example_branch_labels.py
[2024-07-02T09:13:40.614+0000] {logging_mixin.py:188} INFO - [2024-07-02T09:13:40.613+0000] {dag.py:3033} INFO - Sync 1 DAGs
[2024-07-02T09:13:40.650+0000] {logging_mixin.py:188} INFO - [2024-07-02T09:13:40.649+0000] {dag.py:3820} INFO - Setting next_dagrun for example_branch_labels to 2024-07-01T00:00:00+00:00, run_after=2024-07-02T00:00:00+00:00
[2024-07-02T09:13:40.675+0000] {processor.py:183} INFO - Processing /home/airflow/.local/lib/python3.8/site-packages/airflow/example_dags/example_branch_labels.py took 0.096 seconds
[2024-07-02T09:14:11.054+0000] {processor.py:161} INFO - Started process (PID=1155) to work on /home/airflow/.local/lib/python3.8/site-packages/airflow/example_dags/example_branch_labels.py
[2024-07-02T09:14:11.055+0000] {processor.py:830} INFO - Processing file /home/airflow/.local/lib/python3.8/site-packages/airflow/example_dags/example_branch_labels.py for tasks to queue
[2024-07-02T09:14:11.057+0000] {logging_mixin.py:188} INFO - [2024-07-02T09:14:11.056+0000] {dagbag.py:538} INFO - Filling up the DagBag from /home/airflow/.local/lib/python3.8/site-packages/airflow/example_dags/example_branch_labels.py
[2024-07-02T09:14:11.063+0000] {processor.py:840} INFO - DAG(s) 'example_branch_labels' retrieved from /home/airflow/.local/lib/python3.8/site-packages/airflow/example_dags/example_branch_labels.py
[2024-07-02T09:14:11.084+0000] {logging_mixin.py:188} INFO - [2024-07-02T09:14:11.084+0000] {dag.py:3033} INFO - Sync 1 DAGs
[2024-07-02T09:14:11.109+0000] {logging_mixin.py:188} INFO - [2024-07-02T09:14:11.108+0000] {dag.py:3820} INFO - Setting next_dagrun for example_branch_labels to 2024-07-01T00:00:00+00:00, run_after=2024-07-02T00:00:00+00:00
[2024-07-02T09:14:11.130+0000] {processor.py:183} INFO - Processing /home/airflow/.local/lib/python3.8/site-packages/airflow/example_dags/example_branch_labels.py took 0.078 seconds
[2024-07-02T09:14:41.598+0000] {processor.py:161} INFO - Started process (PID=1210) to work on /home/airflow/.local/lib/python3.8/site-packages/airflow/example_dags/example_branch_labels.py
[2024-07-02T09:14:41.599+0000] {processor.py:830} INFO - Processing file /home/airflow/.local/lib/python3.8/site-packages/airflow/example_dags/example_branch_labels.py for tasks to queue
[2024-07-02T09:14:41.600+0000] {logging_mixin.py:188} INFO - [2024-07-02T09:14:41.600+0000] {dagbag.py:538} INFO - Filling up the DagBag from /home/airflow/.local/lib/python3.8/site-packages/airflow/example_dags/example_branch_labels.py
[2024-07-02T09:14:41.607+0000] {processor.py:840} INFO - DAG(s) 'example_branch_labels' retrieved from /home/airflow/.local/lib/python3.8/site-packages/airflow/example_dags/example_branch_labels.py
[2024-07-02T09:14:41.627+0000] {logging_mixin.py:188} INFO - [2024-07-02T09:14:41.627+0000] {dag.py:3033} INFO - Sync 1 DAGs
[2024-07-02T09:14:41.648+0000] {logging_mixin.py:188} INFO - [2024-07-02T09:14:41.648+0000] {dag.py:3820} INFO - Setting next_dagrun for example_branch_labels to 2024-07-01T00:00:00+00:00, run_after=2024-07-02T00:00:00+00:00
[2024-07-02T09:14:41.671+0000] {processor.py:183} INFO - Processing /home/airflow/.local/lib/python3.8/site-packages/airflow/example_dags/example_branch_labels.py took 0.075 seconds
[2024-07-02T09:15:12.092+0000] {processor.py:161} INFO - Started process (PID=1265) to work on /home/airflow/.local/lib/python3.8/site-packages/airflow/example_dags/example_branch_labels.py
[2024-07-02T09:15:12.095+0000] {processor.py:830} INFO - Processing file /home/airflow/.local/lib/python3.8/site-packages/airflow/example_dags/example_branch_labels.py for tasks to queue
[2024-07-02T09:15:12.096+0000] {logging_mixin.py:188} INFO - [2024-07-02T09:15:12.096+0000] {dagbag.py:538} INFO - Filling up the DagBag from /home/airflow/.local/lib/python3.8/site-packages/airflow/example_dags/example_branch_labels.py
[2024-07-02T09:15:12.103+0000] {processor.py:840} INFO - DAG(s) 'example_branch_labels' retrieved from /home/airflow/.local/lib/python3.8/site-packages/airflow/example_dags/example_branch_labels.py
[2024-07-02T09:15:12.121+0000] {logging_mixin.py:188} INFO - [2024-07-02T09:15:12.121+0000] {dag.py:3033} INFO - Sync 1 DAGs
[2024-07-02T09:15:12.142+0000] {logging_mixin.py:188} INFO - [2024-07-02T09:15:12.142+0000] {dag.py:3820} INFO - Setting next_dagrun for example_branch_labels to 2024-07-01T00:00:00+00:00, run_after=2024-07-02T00:00:00+00:00
[2024-07-02T09:15:12.158+0000] {processor.py:183} INFO - Processing /home/airflow/.local/lib/python3.8/site-packages/airflow/example_dags/example_branch_labels.py took 0.069 seconds
[2024-07-02T09:15:42.488+0000] {processor.py:161} INFO - Started process (PID=1320) to work on /home/airflow/.local/lib/python3.8/site-packages/airflow/example_dags/example_branch_labels.py
[2024-07-02T09:15:42.488+0000] {processor.py:830} INFO - Processing file /home/airflow/.local/lib/python3.8/site-packages/airflow/example_dags/example_branch_labels.py for tasks to queue
[2024-07-02T09:15:42.490+0000] {logging_mixin.py:188} INFO - [2024-07-02T09:15:42.490+0000] {dagbag.py:538} INFO - Filling up the DagBag from /home/airflow/.local/lib/python3.8/site-packages/airflow/example_dags/example_branch_labels.py
[2024-07-02T09:15:42.497+0000] {processor.py:840} INFO - DAG(s) 'example_branch_labels' retrieved from /home/airflow/.local/lib/python3.8/site-packages/airflow/example_dags/example_branch_labels.py
[2024-07-02T09:15:42.520+0000] {logging_mixin.py:188} INFO - [2024-07-02T09:15:42.520+0000] {dag.py:3033} INFO - Sync 1 DAGs
[2024-07-02T09:15:42.547+0000] {logging_mixin.py:188} INFO - [2024-07-02T09:15:42.547+0000] {dag.py:3820} INFO - Setting next_dagrun for example_branch_labels to 2024-07-01T00:00:00+00:00, run_after=2024-07-02T00:00:00+00:00
[2024-07-02T09:15:42.567+0000] {processor.py:183} INFO - Processing /home/airflow/.local/lib/python3.8/site-packages/airflow/example_dags/example_branch_labels.py took 0.083 seconds
[2024-07-02T09:16:13.161+0000] {processor.py:161} INFO - Started process (PID=1374) to work on /home/airflow/.local/lib/python3.8/site-packages/airflow/example_dags/example_branch_labels.py
[2024-07-02T09:16:13.164+0000] {processor.py:830} INFO - Processing file /home/airflow/.local/lib/python3.8/site-packages/airflow/example_dags/example_branch_labels.py for tasks to queue
[2024-07-02T09:16:13.166+0000] {logging_mixin.py:188} INFO - [2024-07-02T09:16:13.166+0000] {dagbag.py:538} INFO - Filling up the DagBag from /home/airflow/.local/lib/python3.8/site-packages/airflow/example_dags/example_branch_labels.py
[2024-07-02T09:16:13.174+0000] {processor.py:840} INFO - DAG(s) 'example_branch_labels' retrieved from /home/airflow/.local/lib/python3.8/site-packages/airflow/example_dags/example_branch_labels.py
[2024-07-02T09:16:13.200+0000] {logging_mixin.py:188} INFO - [2024-07-02T09:16:13.200+0000] {dag.py:3033} INFO - Sync 1 DAGs
[2024-07-02T09:16:13.220+0000] {logging_mixin.py:188} INFO - [2024-07-02T09:16:13.220+0000] {dag.py:3820} INFO - Setting next_dagrun for example_branch_labels to 2024-07-01T00:00:00+00:00, run_after=2024-07-02T00:00:00+00:00
[2024-07-02T09:16:13.236+0000] {processor.py:183} INFO - Processing /home/airflow/.local/lib/python3.8/site-packages/airflow/example_dags/example_branch_labels.py took 0.078 seconds
[2024-07-02T09:16:43.729+0000] {processor.py:161} INFO - Started process (PID=1429) to work on /home/airflow/.local/lib/python3.8/site-packages/airflow/example_dags/example_branch_labels.py
[2024-07-02T09:16:43.730+0000] {processor.py:830} INFO - Processing file /home/airflow/.local/lib/python3.8/site-packages/airflow/example_dags/example_branch_labels.py for tasks to queue
[2024-07-02T09:16:43.732+0000] {logging_mixin.py:188} INFO - [2024-07-02T09:16:43.731+0000] {dagbag.py:538} INFO - Filling up the DagBag from /home/airflow/.local/lib/python3.8/site-packages/airflow/example_dags/example_branch_labels.py
[2024-07-02T09:16:43.738+0000] {processor.py:840} INFO - DAG(s) 'example_branch_labels' retrieved from /home/airflow/.local/lib/python3.8/site-packages/airflow/example_dags/example_branch_labels.py
[2024-07-02T09:16:43.757+0000] {logging_mixin.py:188} INFO - [2024-07-02T09:16:43.757+0000] {dag.py:3033} INFO - Sync 1 DAGs
[2024-07-02T09:16:43.778+0000] {logging_mixin.py:188} INFO - [2024-07-02T09:16:43.777+0000] {dag.py:3820} INFO - Setting next_dagrun for example_branch_labels to 2024-07-01T00:00:00+00:00, run_after=2024-07-02T00:00:00+00:00
[2024-07-02T09:16:43.795+0000] {processor.py:183} INFO - Processing /home/airflow/.local/lib/python3.8/site-packages/airflow/example_dags/example_branch_labels.py took 0.069 seconds
[2024-07-02T09:17:14.332+0000] {processor.py:161} INFO - Started process (PID=1484) to work on /home/airflow/.local/lib/python3.8/site-packages/airflow/example_dags/example_branch_labels.py
[2024-07-02T09:17:14.333+0000] {processor.py:830} INFO - Processing file /home/airflow/.local/lib/python3.8/site-packages/airflow/example_dags/example_branch_labels.py for tasks to queue
[2024-07-02T09:17:14.335+0000] {logging_mixin.py:188} INFO - [2024-07-02T09:17:14.334+0000] {dagbag.py:538} INFO - Filling up the DagBag from /home/airflow/.local/lib/python3.8/site-packages/airflow/example_dags/example_branch_labels.py
[2024-07-02T09:17:14.342+0000] {processor.py:840} INFO - DAG(s) 'example_branch_labels' retrieved from /home/airflow/.local/lib/python3.8/site-packages/airflow/example_dags/example_branch_labels.py
[2024-07-02T09:17:14.362+0000] {logging_mixin.py:188} INFO - [2024-07-02T09:17:14.362+0000] {dag.py:3033} INFO - Sync 1 DAGs
[2024-07-02T09:17:14.383+0000] {logging_mixin.py:188} INFO - [2024-07-02T09:17:14.383+0000] {dag.py:3820} INFO - Setting next_dagrun for example_branch_labels to 2024-07-01T00:00:00+00:00, run_after=2024-07-02T00:00:00+00:00
[2024-07-02T09:17:14.401+0000] {processor.py:183} INFO - Processing /home/airflow/.local/lib/python3.8/site-packages/airflow/example_dags/example_branch_labels.py took 0.071 seconds
[2024-07-02T09:17:44.665+0000] {processor.py:161} INFO - Started process (PID=1540) to work on /home/airflow/.local/lib/python3.8/site-packages/airflow/example_dags/example_branch_labels.py
[2024-07-02T09:17:44.666+0000] {processor.py:830} INFO - Processing file /home/airflow/.local/lib/python3.8/site-packages/airflow/example_dags/example_branch_labels.py for tasks to queue
[2024-07-02T09:17:44.668+0000] {logging_mixin.py:188} INFO - [2024-07-02T09:17:44.668+0000] {dagbag.py:538} INFO - Filling up the DagBag from /home/airflow/.local/lib/python3.8/site-packages/airflow/example_dags/example_branch_labels.py
[2024-07-02T09:17:44.674+0000] {processor.py:840} INFO - DAG(s) 'example_branch_labels' retrieved from /home/airflow/.local/lib/python3.8/site-packages/airflow/example_dags/example_branch_labels.py
[2024-07-02T09:17:44.692+0000] {logging_mixin.py:188} INFO - [2024-07-02T09:17:44.692+0000] {dag.py:3033} INFO - Sync 1 DAGs
[2024-07-02T09:17:44.712+0000] {logging_mixin.py:188} INFO - [2024-07-02T09:17:44.712+0000] {dag.py:3820} INFO - Setting next_dagrun for example_branch_labels to 2024-07-01T00:00:00+00:00, run_after=2024-07-02T00:00:00+00:00
[2024-07-02T09:17:44.729+0000] {processor.py:183} INFO - Processing /home/airflow/.local/lib/python3.8/site-packages/airflow/example_dags/example_branch_labels.py took 0.066 seconds
[2024-07-02T09:18:15.189+0000] {processor.py:161} INFO - Started process (PID=1595) to work on /home/airflow/.local/lib/python3.8/site-packages/airflow/example_dags/example_branch_labels.py
[2024-07-02T09:18:15.194+0000] {processor.py:830} INFO - Processing file /home/airflow/.local/lib/python3.8/site-packages/airflow/example_dags/example_branch_labels.py for tasks to queue
[2024-07-02T09:18:15.196+0000] {logging_mixin.py:188} INFO - [2024-07-02T09:18:15.196+0000] {dagbag.py:538} INFO - Filling up the DagBag from /home/airflow/.local/lib/python3.8/site-packages/airflow/example_dags/example_branch_labels.py
[2024-07-02T09:18:15.203+0000] {processor.py:840} INFO - DAG(s) 'example_branch_labels' retrieved from /home/airflow/.local/lib/python3.8/site-packages/airflow/example_dags/example_branch_labels.py
[2024-07-02T09:18:15.225+0000] {logging_mixin.py:188} INFO - [2024-07-02T09:18:15.225+0000] {dag.py:3033} INFO - Sync 1 DAGs
[2024-07-02T09:18:15.252+0000] {logging_mixin.py:188} INFO - [2024-07-02T09:18:15.252+0000] {dag.py:3820} INFO - Setting next_dagrun for example_branch_labels to 2024-07-01T00:00:00+00:00, run_after=2024-07-02T00:00:00+00:00
[2024-07-02T09:18:15.269+0000] {processor.py:183} INFO - Processing /home/airflow/.local/lib/python3.8/site-packages/airflow/example_dags/example_branch_labels.py took 0.082 seconds
[2024-07-02T09:18:45.728+0000] {processor.py:161} INFO - Started process (PID=1650) to work on /home/airflow/.local/lib/python3.8/site-packages/airflow/example_dags/example_branch_labels.py
[2024-07-02T09:18:45.729+0000] {processor.py:830} INFO - Processing file /home/airflow/.local/lib/python3.8/site-packages/airflow/example_dags/example_branch_labels.py for tasks to queue
[2024-07-02T09:18:45.730+0000] {logging_mixin.py:188} INFO - [2024-07-02T09:18:45.730+0000] {dagbag.py:538} INFO - Filling up the DagBag from /home/airflow/.local/lib/python3.8/site-packages/airflow/example_dags/example_branch_labels.py
[2024-07-02T09:18:45.737+0000] {processor.py:840} INFO - DAG(s) 'example_branch_labels' retrieved from /home/airflow/.local/lib/python3.8/site-packages/airflow/example_dags/example_branch_labels.py
[2024-07-02T09:18:45.758+0000] {logging_mixin.py:188} INFO - [2024-07-02T09:18:45.758+0000] {dag.py:3033} INFO - Sync 1 DAGs
[2024-07-02T09:18:45.779+0000] {logging_mixin.py:188} INFO - [2024-07-02T09:18:45.779+0000] {dag.py:3820} INFO - Setting next_dagrun for example_branch_labels to 2024-07-01T00:00:00+00:00, run_after=2024-07-02T00:00:00+00:00
[2024-07-02T09:18:45.798+0000] {processor.py:183} INFO - Processing /home/airflow/.local/lib/python3.8/site-packages/airflow/example_dags/example_branch_labels.py took 0.073 seconds
[2024-07-02T09:19:16.078+0000] {processor.py:161} INFO - Started process (PID=1705) to work on /home/airflow/.local/lib/python3.8/site-packages/airflow/example_dags/example_branch_labels.py
[2024-07-02T09:19:16.079+0000] {processor.py:830} INFO - Processing file /home/airflow/.local/lib/python3.8/site-packages/airflow/example_dags/example_branch_labels.py for tasks to queue
[2024-07-02T09:19:16.081+0000] {logging_mixin.py:188} INFO - [2024-07-02T09:19:16.081+0000] {dagbag.py:538} INFO - Filling up the DagBag from /home/airflow/.local/lib/python3.8/site-packages/airflow/example_dags/example_branch_labels.py
[2024-07-02T09:19:16.088+0000] {processor.py:840} INFO - DAG(s) 'example_branch_labels' retrieved from /home/airflow/.local/lib/python3.8/site-packages/airflow/example_dags/example_branch_labels.py
[2024-07-02T09:19:16.110+0000] {logging_mixin.py:188} INFO - [2024-07-02T09:19:16.110+0000] {dag.py:3033} INFO - Sync 1 DAGs
[2024-07-02T09:19:16.132+0000] {logging_mixin.py:188} INFO - [2024-07-02T09:19:16.132+0000] {dag.py:3820} INFO - Setting next_dagrun for example_branch_labels to 2024-07-01T00:00:00+00:00, run_after=2024-07-02T00:00:00+00:00
[2024-07-02T09:19:16.148+0000] {processor.py:183} INFO - Processing /home/airflow/.local/lib/python3.8/site-packages/airflow/example_dags/example_branch_labels.py took 0.072 seconds
[2024-07-02T09:19:46.325+0000] {processor.py:161} INFO - Started process (PID=1759) to work on /home/airflow/.local/lib/python3.8/site-packages/airflow/example_dags/example_branch_labels.py
[2024-07-02T09:19:46.326+0000] {processor.py:830} INFO - Processing file /home/airflow/.local/lib/python3.8/site-packages/airflow/example_dags/example_branch_labels.py for tasks to queue
[2024-07-02T09:19:46.329+0000] {logging_mixin.py:188} INFO - [2024-07-02T09:19:46.329+0000] {dagbag.py:538} INFO - Filling up the DagBag from /home/airflow/.local/lib/python3.8/site-packages/airflow/example_dags/example_branch_labels.py
[2024-07-02T09:19:46.343+0000] {processor.py:840} INFO - DAG(s) 'example_branch_labels' retrieved from /home/airflow/.local/lib/python3.8/site-packages/airflow/example_dags/example_branch_labels.py
[2024-07-02T09:19:46.372+0000] {logging_mixin.py:188} INFO - [2024-07-02T09:19:46.372+0000] {dag.py:3033} INFO - Sync 1 DAGs
[2024-07-02T09:19:46.400+0000] {logging_mixin.py:188} INFO - [2024-07-02T09:19:46.400+0000] {dag.py:3820} INFO - Setting next_dagrun for example_branch_labels to 2024-07-01T00:00:00+00:00, run_after=2024-07-02T00:00:00+00:00
[2024-07-02T09:19:46.422+0000] {processor.py:183} INFO - Processing /home/airflow/.local/lib/python3.8/site-packages/airflow/example_dags/example_branch_labels.py took 0.101 seconds
[2024-07-02T09:20:16.927+0000] {processor.py:161} INFO - Started process (PID=1813) to work on /home/airflow/.local/lib/python3.8/site-packages/airflow/example_dags/example_branch_labels.py
[2024-07-02T09:20:16.928+0000] {processor.py:830} INFO - Processing file /home/airflow/.local/lib/python3.8/site-packages/airflow/example_dags/example_branch_labels.py for tasks to queue
[2024-07-02T09:20:16.929+0000] {logging_mixin.py:188} INFO - [2024-07-02T09:20:16.929+0000] {dagbag.py:538} INFO - Filling up the DagBag from /home/airflow/.local/lib/python3.8/site-packages/airflow/example_dags/example_branch_labels.py
[2024-07-02T09:20:16.936+0000] {processor.py:840} INFO - DAG(s) 'example_branch_labels' retrieved from /home/airflow/.local/lib/python3.8/site-packages/airflow/example_dags/example_branch_labels.py
[2024-07-02T09:20:16.954+0000] {logging_mixin.py:188} INFO - [2024-07-02T09:20:16.954+0000] {dag.py:3033} INFO - Sync 1 DAGs
[2024-07-02T09:20:16.975+0000] {logging_mixin.py:188} INFO - [2024-07-02T09:20:16.975+0000] {dag.py:3820} INFO - Setting next_dagrun for example_branch_labels to 2024-07-01T00:00:00+00:00, run_after=2024-07-02T00:00:00+00:00
[2024-07-02T09:20:16.996+0000] {processor.py:183} INFO - Processing /home/airflow/.local/lib/python3.8/site-packages/airflow/example_dags/example_branch_labels.py took 0.072 seconds
[2024-07-02T09:20:47.560+0000] {processor.py:161} INFO - Started process (PID=1868) to work on /home/airflow/.local/lib/python3.8/site-packages/airflow/example_dags/example_branch_labels.py
[2024-07-02T09:20:47.561+0000] {processor.py:830} INFO - Processing file /home/airflow/.local/lib/python3.8/site-packages/airflow/example_dags/example_branch_labels.py for tasks to queue
[2024-07-02T09:20:47.563+0000] {logging_mixin.py:188} INFO - [2024-07-02T09:20:47.563+0000] {dagbag.py:538} INFO - Filling up the DagBag from /home/airflow/.local/lib/python3.8/site-packages/airflow/example_dags/example_branch_labels.py
[2024-07-02T09:20:47.570+0000] {processor.py:840} INFO - DAG(s) 'example_branch_labels' retrieved from /home/airflow/.local/lib/python3.8/site-packages/airflow/example_dags/example_branch_labels.py
[2024-07-02T09:20:47.591+0000] {logging_mixin.py:188} INFO - [2024-07-02T09:20:47.591+0000] {dag.py:3033} INFO - Sync 1 DAGs
[2024-07-02T09:20:47.612+0000] {logging_mixin.py:188} INFO - [2024-07-02T09:20:47.612+0000] {dag.py:3820} INFO - Setting next_dagrun for example_branch_labels to 2024-07-01T00:00:00+00:00, run_after=2024-07-02T00:00:00+00:00
[2024-07-02T09:20:47.630+0000] {processor.py:183} INFO - Processing /home/airflow/.local/lib/python3.8/site-packages/airflow/example_dags/example_branch_labels.py took 0.072 seconds
[2024-07-02T09:21:18.709+0000] {processor.py:161} INFO - Started process (PID=1923) to work on /home/airflow/.local/lib/python3.8/site-packages/airflow/example_dags/example_branch_labels.py
[2024-07-02T09:21:18.710+0000] {processor.py:830} INFO - Processing file /home/airflow/.local/lib/python3.8/site-packages/airflow/example_dags/example_branch_labels.py for tasks to queue
[2024-07-02T09:21:18.712+0000] {logging_mixin.py:188} INFO - [2024-07-02T09:21:18.711+0000] {dagbag.py:538} INFO - Filling up the DagBag from /home/airflow/.local/lib/python3.8/site-packages/airflow/example_dags/example_branch_labels.py
[2024-07-02T09:21:18.719+0000] {processor.py:840} INFO - DAG(s) 'example_branch_labels' retrieved from /home/airflow/.local/lib/python3.8/site-packages/airflow/example_dags/example_branch_labels.py
[2024-07-02T09:21:18.739+0000] {logging_mixin.py:188} INFO - [2024-07-02T09:21:18.738+0000] {dag.py:3033} INFO - Sync 1 DAGs
[2024-07-02T09:21:18.759+0000] {logging_mixin.py:188} INFO - [2024-07-02T09:21:18.759+0000] {dag.py:3820} INFO - Setting next_dagrun for example_branch_labels to 2024-07-01T00:00:00+00:00, run_after=2024-07-02T00:00:00+00:00
[2024-07-02T09:21:18.780+0000] {processor.py:183} INFO - Processing /home/airflow/.local/lib/python3.8/site-packages/airflow/example_dags/example_branch_labels.py took 0.073 seconds
[2024-07-02T09:21:49.086+0000] {processor.py:161} INFO - Started process (PID=1977) to work on /home/airflow/.local/lib/python3.8/site-packages/airflow/example_dags/example_branch_labels.py
[2024-07-02T09:21:49.090+0000] {processor.py:830} INFO - Processing file /home/airflow/.local/lib/python3.8/site-packages/airflow/example_dags/example_branch_labels.py for tasks to queue
[2024-07-02T09:21:49.092+0000] {logging_mixin.py:188} INFO - [2024-07-02T09:21:49.092+0000] {dagbag.py:538} INFO - Filling up the DagBag from /home/airflow/.local/lib/python3.8/site-packages/airflow/example_dags/example_branch_labels.py
[2024-07-02T09:21:49.101+0000] {processor.py:840} INFO - DAG(s) 'example_branch_labels' retrieved from /home/airflow/.local/lib/python3.8/site-packages/airflow/example_dags/example_branch_labels.py
[2024-07-02T09:21:49.128+0000] {logging_mixin.py:188} INFO - [2024-07-02T09:21:49.128+0000] {dag.py:3033} INFO - Sync 1 DAGs
[2024-07-02T09:21:49.156+0000] {logging_mixin.py:188} INFO - [2024-07-02T09:21:49.156+0000] {dag.py:3820} INFO - Setting next_dagrun for example_branch_labels to 2024-07-01T00:00:00+00:00, run_after=2024-07-02T00:00:00+00:00
[2024-07-02T09:21:49.178+0000] {processor.py:183} INFO - Processing /home/airflow/.local/lib/python3.8/site-packages/airflow/example_dags/example_branch_labels.py took 0.096 seconds
[2024-07-02T09:22:19.311+0000] {processor.py:161} INFO - Started process (PID=2032) to work on /home/airflow/.local/lib/python3.8/site-packages/airflow/example_dags/example_branch_labels.py
[2024-07-02T09:22:19.312+0000] {processor.py:830} INFO - Processing file /home/airflow/.local/lib/python3.8/site-packages/airflow/example_dags/example_branch_labels.py for tasks to queue
[2024-07-02T09:22:19.314+0000] {logging_mixin.py:188} INFO - [2024-07-02T09:22:19.314+0000] {dagbag.py:538} INFO - Filling up the DagBag from /home/airflow/.local/lib/python3.8/site-packages/airflow/example_dags/example_branch_labels.py
[2024-07-02T09:22:19.322+0000] {processor.py:840} INFO - DAG(s) 'example_branch_labels' retrieved from /home/airflow/.local/lib/python3.8/site-packages/airflow/example_dags/example_branch_labels.py
[2024-07-02T09:22:19.345+0000] {logging_mixin.py:188} INFO - [2024-07-02T09:22:19.345+0000] {dag.py:3033} INFO - Sync 1 DAGs
[2024-07-02T09:22:19.371+0000] {logging_mixin.py:188} INFO - [2024-07-02T09:22:19.371+0000] {dag.py:3820} INFO - Setting next_dagrun for example_branch_labels to 2024-07-01T00:00:00+00:00, run_after=2024-07-02T00:00:00+00:00
[2024-07-02T09:22:19.392+0000] {processor.py:183} INFO - Processing /home/airflow/.local/lib/python3.8/site-packages/airflow/example_dags/example_branch_labels.py took 0.084 seconds
[2024-07-02T09:22:49.865+0000] {processor.py:161} INFO - Started process (PID=2087) to work on /home/airflow/.local/lib/python3.8/site-packages/airflow/example_dags/example_branch_labels.py
[2024-07-02T09:22:49.866+0000] {processor.py:830} INFO - Processing file /home/airflow/.local/lib/python3.8/site-packages/airflow/example_dags/example_branch_labels.py for tasks to queue
[2024-07-02T09:22:49.867+0000] {logging_mixin.py:188} INFO - [2024-07-02T09:22:49.867+0000] {dagbag.py:538} INFO - Filling up the DagBag from /home/airflow/.local/lib/python3.8/site-packages/airflow/example_dags/example_branch_labels.py
[2024-07-02T09:22:49.874+0000] {processor.py:840} INFO - DAG(s) 'example_branch_labels' retrieved from /home/airflow/.local/lib/python3.8/site-packages/airflow/example_dags/example_branch_labels.py
[2024-07-02T09:22:49.894+0000] {logging_mixin.py:188} INFO - [2024-07-02T09:22:49.894+0000] {dag.py:3033} INFO - Sync 1 DAGs
[2024-07-02T09:22:49.916+0000] {logging_mixin.py:188} INFO - [2024-07-02T09:22:49.915+0000] {dag.py:3820} INFO - Setting next_dagrun for example_branch_labels to 2024-07-01T00:00:00+00:00, run_after=2024-07-02T00:00:00+00:00
[2024-07-02T09:22:49.934+0000] {processor.py:183} INFO - Processing /home/airflow/.local/lib/python3.8/site-packages/airflow/example_dags/example_branch_labels.py took 0.071 seconds
[2024-07-02T09:23:20.004+0000] {processor.py:161} INFO - Started process (PID=2142) to work on /home/airflow/.local/lib/python3.8/site-packages/airflow/example_dags/example_branch_labels.py
[2024-07-02T09:23:20.005+0000] {processor.py:830} INFO - Processing file /home/airflow/.local/lib/python3.8/site-packages/airflow/example_dags/example_branch_labels.py for tasks to queue
[2024-07-02T09:23:20.006+0000] {logging_mixin.py:188} INFO - [2024-07-02T09:23:20.006+0000] {dagbag.py:538} INFO - Filling up the DagBag from /home/airflow/.local/lib/python3.8/site-packages/airflow/example_dags/example_branch_labels.py
[2024-07-02T09:23:20.013+0000] {processor.py:840} INFO - DAG(s) 'example_branch_labels' retrieved from /home/airflow/.local/lib/python3.8/site-packages/airflow/example_dags/example_branch_labels.py
[2024-07-02T09:23:20.032+0000] {logging_mixin.py:188} INFO - [2024-07-02T09:23:20.031+0000] {dag.py:3033} INFO - Sync 1 DAGs
[2024-07-02T09:23:20.052+0000] {logging_mixin.py:188} INFO - [2024-07-02T09:23:20.051+0000] {dag.py:3820} INFO - Setting next_dagrun for example_branch_labels to 2024-07-01T00:00:00+00:00, run_after=2024-07-02T00:00:00+00:00
[2024-07-02T09:23:20.071+0000] {processor.py:183} INFO - Processing /home/airflow/.local/lib/python3.8/site-packages/airflow/example_dags/example_branch_labels.py took 0.069 seconds
[2024-07-02T09:23:50.599+0000] {processor.py:161} INFO - Started process (PID=2197) to work on /home/airflow/.local/lib/python3.8/site-packages/airflow/example_dags/example_branch_labels.py
[2024-07-02T09:23:50.600+0000] {processor.py:830} INFO - Processing file /home/airflow/.local/lib/python3.8/site-packages/airflow/example_dags/example_branch_labels.py for tasks to queue
[2024-07-02T09:23:50.602+0000] {logging_mixin.py:188} INFO - [2024-07-02T09:23:50.601+0000] {dagbag.py:538} INFO - Filling up the DagBag from /home/airflow/.local/lib/python3.8/site-packages/airflow/example_dags/example_branch_labels.py
[2024-07-02T09:23:50.608+0000] {processor.py:840} INFO - DAG(s) 'example_branch_labels' retrieved from /home/airflow/.local/lib/python3.8/site-packages/airflow/example_dags/example_branch_labels.py
[2024-07-02T09:23:50.629+0000] {logging_mixin.py:188} INFO - [2024-07-02T09:23:50.628+0000] {dag.py:3033} INFO - Sync 1 DAGs
[2024-07-02T09:23:50.650+0000] {logging_mixin.py:188} INFO - [2024-07-02T09:23:50.650+0000] {dag.py:3820} INFO - Setting next_dagrun for example_branch_labels to 2024-07-01T00:00:00+00:00, run_after=2024-07-02T00:00:00+00:00
[2024-07-02T09:23:50.667+0000] {processor.py:183} INFO - Processing /home/airflow/.local/lib/python3.8/site-packages/airflow/example_dags/example_branch_labels.py took 0.070 seconds
