[2024-07-02T09:04:05.175+0000] {processor.py:161} INFO - Started process (PID=80) to work on /home/airflow/.local/lib/python3.8/site-packages/airflow/example_dags/example_short_circuit_operator.py
[2024-07-02T09:04:05.177+0000] {processor.py:830} INFO - Processing file /home/airflow/.local/lib/python3.8/site-packages/airflow/example_dags/example_short_circuit_operator.py for tasks to queue
[2024-07-02T09:04:05.182+0000] {logging_mixin.py:188} INFO - [2024-07-02T09:04:05.182+0000] {dagbag.py:538} INFO - Filling up the DagBag from /home/airflow/.local/lib/python3.8/site-packages/airflow/example_dags/example_short_circuit_operator.py
[2024-07-02T09:04:05.199+0000] {processor.py:840} INFO - DAG(s) 'example_short_circuit_operator' retrieved from /home/airflow/.local/lib/python3.8/site-packages/airflow/example_dags/example_short_circuit_operator.py
[2024-07-02T09:04:05.319+0000] {logging_mixin.py:188} INFO - [2024-07-02T09:04:05.318+0000] {override.py:1769} INFO - Created Permission View: can edit on DAG:example_short_circuit_operator
[2024-07-02T09:04:05.334+0000] {logging_mixin.py:188} INFO - [2024-07-02T09:04:05.333+0000] {override.py:1769} INFO - Created Permission View: can delete on DAG:example_short_circuit_operator
[2024-07-02T09:04:05.344+0000] {logging_mixin.py:188} INFO - [2024-07-02T09:04:05.343+0000] {override.py:1769} INFO - Created Permission View: can read on DAG:example_short_circuit_operator
[2024-07-02T09:04:05.344+0000] {logging_mixin.py:188} INFO - [2024-07-02T09:04:05.344+0000] {dag.py:3033} INFO - Sync 1 DAGs
[2024-07-02T09:04:05.361+0000] {logging_mixin.py:188} INFO - [2024-07-02T09:04:05.361+0000] {dag.py:3055} INFO - Creating ORM DAG for example_short_circuit_operator
[2024-07-02T09:04:05.375+0000] {logging_mixin.py:188} INFO - [2024-07-02T09:04:05.375+0000] {dag.py:3820} INFO - Setting next_dagrun for example_short_circuit_operator to 2024-07-01T00:00:00+00:00, run_after=2024-07-02T00:00:00+00:00
[2024-07-02T09:04:05.402+0000] {processor.py:183} INFO - Processing /home/airflow/.local/lib/python3.8/site-packages/airflow/example_dags/example_short_circuit_operator.py took 0.234 seconds
[2024-07-02T09:04:35.948+0000] {processor.py:161} INFO - Started process (PID=134) to work on /home/airflow/.local/lib/python3.8/site-packages/airflow/example_dags/example_short_circuit_operator.py
[2024-07-02T09:04:35.949+0000] {processor.py:830} INFO - Processing file /home/airflow/.local/lib/python3.8/site-packages/airflow/example_dags/example_short_circuit_operator.py for tasks to queue
[2024-07-02T09:04:35.952+0000] {logging_mixin.py:188} INFO - [2024-07-02T09:04:35.951+0000] {dagbag.py:538} INFO - Filling up the DagBag from /home/airflow/.local/lib/python3.8/site-packages/airflow/example_dags/example_short_circuit_operator.py
[2024-07-02T09:04:35.962+0000] {processor.py:840} INFO - DAG(s) 'example_short_circuit_operator' retrieved from /home/airflow/.local/lib/python3.8/site-packages/airflow/example_dags/example_short_circuit_operator.py
[2024-07-02T09:04:35.996+0000] {logging_mixin.py:188} INFO - [2024-07-02T09:04:35.996+0000] {dag.py:3033} INFO - Sync 1 DAGs
[2024-07-02T09:04:36.031+0000] {logging_mixin.py:188} INFO - [2024-07-02T09:04:36.030+0000] {dag.py:3820} INFO - Setting next_dagrun for example_short_circuit_operator to 2024-07-01T00:00:00+00:00, run_after=2024-07-02T00:00:00+00:00
[2024-07-02T09:04:36.065+0000] {processor.py:183} INFO - Processing /home/airflow/.local/lib/python3.8/site-packages/airflow/example_dags/example_short_circuit_operator.py took 0.121 seconds
[2024-07-02T09:05:06.158+0000] {processor.py:161} INFO - Started process (PID=190) to work on /home/airflow/.local/lib/python3.8/site-packages/airflow/example_dags/example_short_circuit_operator.py
[2024-07-02T09:05:06.158+0000] {processor.py:830} INFO - Processing file /home/airflow/.local/lib/python3.8/site-packages/airflow/example_dags/example_short_circuit_operator.py for tasks to queue
[2024-07-02T09:05:06.160+0000] {logging_mixin.py:188} INFO - [2024-07-02T09:05:06.160+0000] {dagbag.py:538} INFO - Filling up the DagBag from /home/airflow/.local/lib/python3.8/site-packages/airflow/example_dags/example_short_circuit_operator.py
[2024-07-02T09:05:06.166+0000] {processor.py:840} INFO - DAG(s) 'example_short_circuit_operator' retrieved from /home/airflow/.local/lib/python3.8/site-packages/airflow/example_dags/example_short_circuit_operator.py
[2024-07-02T09:05:06.190+0000] {logging_mixin.py:188} INFO - [2024-07-02T09:05:06.189+0000] {dag.py:3033} INFO - Sync 1 DAGs
[2024-07-02T09:05:06.210+0000] {logging_mixin.py:188} INFO - [2024-07-02T09:05:06.210+0000] {dag.py:3820} INFO - Setting next_dagrun for example_short_circuit_operator to 2024-07-01T00:00:00+00:00, run_after=2024-07-02T00:00:00+00:00
[2024-07-02T09:05:06.226+0000] {processor.py:183} INFO - Processing /home/airflow/.local/lib/python3.8/site-packages/airflow/example_dags/example_short_circuit_operator.py took 0.071 seconds
[2024-07-02T09:05:36.267+0000] {processor.py:161} INFO - Started process (PID=245) to work on /home/airflow/.local/lib/python3.8/site-packages/airflow/example_dags/example_short_circuit_operator.py
[2024-07-02T09:05:36.268+0000] {processor.py:830} INFO - Processing file /home/airflow/.local/lib/python3.8/site-packages/airflow/example_dags/example_short_circuit_operator.py for tasks to queue
[2024-07-02T09:05:36.269+0000] {logging_mixin.py:188} INFO - [2024-07-02T09:05:36.269+0000] {dagbag.py:538} INFO - Filling up the DagBag from /home/airflow/.local/lib/python3.8/site-packages/airflow/example_dags/example_short_circuit_operator.py
[2024-07-02T09:05:36.276+0000] {processor.py:840} INFO - DAG(s) 'example_short_circuit_operator' retrieved from /home/airflow/.local/lib/python3.8/site-packages/airflow/example_dags/example_short_circuit_operator.py
[2024-07-02T09:05:36.298+0000] {logging_mixin.py:188} INFO - [2024-07-02T09:05:36.298+0000] {dag.py:3033} INFO - Sync 1 DAGs
[2024-07-02T09:05:36.317+0000] {logging_mixin.py:188} INFO - [2024-07-02T09:05:36.317+0000] {dag.py:3820} INFO - Setting next_dagrun for example_short_circuit_operator to 2024-07-01T00:00:00+00:00, run_after=2024-07-02T00:00:00+00:00
[2024-07-02T09:05:36.335+0000] {processor.py:183} INFO - Processing /home/airflow/.local/lib/python3.8/site-packages/airflow/example_dags/example_short_circuit_operator.py took 0.071 seconds
[2024-07-02T09:06:07.071+0000] {processor.py:161} INFO - Started process (PID=300) to work on /home/airflow/.local/lib/python3.8/site-packages/airflow/example_dags/example_short_circuit_operator.py
[2024-07-02T09:06:07.072+0000] {processor.py:830} INFO - Processing file /home/airflow/.local/lib/python3.8/site-packages/airflow/example_dags/example_short_circuit_operator.py for tasks to queue
[2024-07-02T09:06:07.074+0000] {logging_mixin.py:188} INFO - [2024-07-02T09:06:07.074+0000] {dagbag.py:538} INFO - Filling up the DagBag from /home/airflow/.local/lib/python3.8/site-packages/airflow/example_dags/example_short_circuit_operator.py
[2024-07-02T09:06:07.081+0000] {processor.py:840} INFO - DAG(s) 'example_short_circuit_operator' retrieved from /home/airflow/.local/lib/python3.8/site-packages/airflow/example_dags/example_short_circuit_operator.py
[2024-07-02T09:06:07.103+0000] {logging_mixin.py:188} INFO - [2024-07-02T09:06:07.103+0000] {dag.py:3033} INFO - Sync 1 DAGs
[2024-07-02T09:06:07.124+0000] {logging_mixin.py:188} INFO - [2024-07-02T09:06:07.124+0000] {dag.py:3820} INFO - Setting next_dagrun for example_short_circuit_operator to 2024-07-01T00:00:00+00:00, run_after=2024-07-02T00:00:00+00:00
[2024-07-02T09:06:07.141+0000] {processor.py:183} INFO - Processing /home/airflow/.local/lib/python3.8/site-packages/airflow/example_dags/example_short_circuit_operator.py took 0.072 seconds
[2024-07-02T09:06:38.179+0000] {processor.py:161} INFO - Started process (PID=354) to work on /home/airflow/.local/lib/python3.8/site-packages/airflow/example_dags/example_short_circuit_operator.py
[2024-07-02T09:06:38.179+0000] {processor.py:830} INFO - Processing file /home/airflow/.local/lib/python3.8/site-packages/airflow/example_dags/example_short_circuit_operator.py for tasks to queue
[2024-07-02T09:06:38.181+0000] {logging_mixin.py:188} INFO - [2024-07-02T09:06:38.181+0000] {dagbag.py:538} INFO - Filling up the DagBag from /home/airflow/.local/lib/python3.8/site-packages/airflow/example_dags/example_short_circuit_operator.py
[2024-07-02T09:06:38.190+0000] {processor.py:840} INFO - DAG(s) 'example_short_circuit_operator' retrieved from /home/airflow/.local/lib/python3.8/site-packages/airflow/example_dags/example_short_circuit_operator.py
[2024-07-02T09:06:38.212+0000] {logging_mixin.py:188} INFO - [2024-07-02T09:06:38.212+0000] {dag.py:3033} INFO - Sync 1 DAGs
[2024-07-02T09:06:38.232+0000] {logging_mixin.py:188} INFO - [2024-07-02T09:06:38.232+0000] {dag.py:3820} INFO - Setting next_dagrun for example_short_circuit_operator to 2024-07-01T00:00:00+00:00, run_after=2024-07-02T00:00:00+00:00
[2024-07-02T09:06:38.249+0000] {processor.py:183} INFO - Processing /home/airflow/.local/lib/python3.8/site-packages/airflow/example_dags/example_short_circuit_operator.py took 0.075 seconds
[2024-07-02T09:07:09.119+0000] {processor.py:161} INFO - Started process (PID=409) to work on /home/airflow/.local/lib/python3.8/site-packages/airflow/example_dags/example_short_circuit_operator.py
[2024-07-02T09:07:09.120+0000] {processor.py:830} INFO - Processing file /home/airflow/.local/lib/python3.8/site-packages/airflow/example_dags/example_short_circuit_operator.py for tasks to queue
[2024-07-02T09:07:09.122+0000] {logging_mixin.py:188} INFO - [2024-07-02T09:07:09.121+0000] {dagbag.py:538} INFO - Filling up the DagBag from /home/airflow/.local/lib/python3.8/site-packages/airflow/example_dags/example_short_circuit_operator.py
[2024-07-02T09:07:09.128+0000] {processor.py:840} INFO - DAG(s) 'example_short_circuit_operator' retrieved from /home/airflow/.local/lib/python3.8/site-packages/airflow/example_dags/example_short_circuit_operator.py
[2024-07-02T09:07:09.148+0000] {logging_mixin.py:188} INFO - [2024-07-02T09:07:09.148+0000] {dag.py:3033} INFO - Sync 1 DAGs
[2024-07-02T09:07:09.168+0000] {logging_mixin.py:188} INFO - [2024-07-02T09:07:09.167+0000] {dag.py:3820} INFO - Setting next_dagrun for example_short_circuit_operator to 2024-07-01T00:00:00+00:00, run_after=2024-07-02T00:00:00+00:00
[2024-07-02T09:07:09.187+0000] {processor.py:183} INFO - Processing /home/airflow/.local/lib/python3.8/site-packages/airflow/example_dags/example_short_circuit_operator.py took 0.070 seconds
[2024-07-02T09:07:39.652+0000] {processor.py:161} INFO - Started process (PID=464) to work on /home/airflow/.local/lib/python3.8/site-packages/airflow/example_dags/example_short_circuit_operator.py
[2024-07-02T09:07:39.652+0000] {processor.py:830} INFO - Processing file /home/airflow/.local/lib/python3.8/site-packages/airflow/example_dags/example_short_circuit_operator.py for tasks to queue
[2024-07-02T09:07:39.654+0000] {logging_mixin.py:188} INFO - [2024-07-02T09:07:39.654+0000] {dagbag.py:538} INFO - Filling up the DagBag from /home/airflow/.local/lib/python3.8/site-packages/airflow/example_dags/example_short_circuit_operator.py
[2024-07-02T09:07:39.661+0000] {processor.py:840} INFO - DAG(s) 'example_short_circuit_operator' retrieved from /home/airflow/.local/lib/python3.8/site-packages/airflow/example_dags/example_short_circuit_operator.py
[2024-07-02T09:07:39.683+0000] {logging_mixin.py:188} INFO - [2024-07-02T09:07:39.682+0000] {dag.py:3033} INFO - Sync 1 DAGs
[2024-07-02T09:07:39.710+0000] {logging_mixin.py:188} INFO - [2024-07-02T09:07:39.710+0000] {dag.py:3820} INFO - Setting next_dagrun for example_short_circuit_operator to 2024-07-01T00:00:00+00:00, run_after=2024-07-02T00:00:00+00:00
[2024-07-02T09:07:39.731+0000] {processor.py:183} INFO - Processing /home/airflow/.local/lib/python3.8/site-packages/airflow/example_dags/example_short_circuit_operator.py took 0.082 seconds
[2024-07-02T09:08:10.315+0000] {processor.py:161} INFO - Started process (PID=519) to work on /home/airflow/.local/lib/python3.8/site-packages/airflow/example_dags/example_short_circuit_operator.py
[2024-07-02T09:08:10.316+0000] {processor.py:830} INFO - Processing file /home/airflow/.local/lib/python3.8/site-packages/airflow/example_dags/example_short_circuit_operator.py for tasks to queue
[2024-07-02T09:08:10.318+0000] {logging_mixin.py:188} INFO - [2024-07-02T09:08:10.317+0000] {dagbag.py:538} INFO - Filling up the DagBag from /home/airflow/.local/lib/python3.8/site-packages/airflow/example_dags/example_short_circuit_operator.py
[2024-07-02T09:08:10.325+0000] {processor.py:840} INFO - DAG(s) 'example_short_circuit_operator' retrieved from /home/airflow/.local/lib/python3.8/site-packages/airflow/example_dags/example_short_circuit_operator.py
[2024-07-02T09:08:10.348+0000] {logging_mixin.py:188} INFO - [2024-07-02T09:08:10.348+0000] {dag.py:3033} INFO - Sync 1 DAGs
[2024-07-02T09:08:10.372+0000] {logging_mixin.py:188} INFO - [2024-07-02T09:08:10.372+0000] {dag.py:3820} INFO - Setting next_dagrun for example_short_circuit_operator to 2024-07-01T00:00:00+00:00, run_after=2024-07-02T00:00:00+00:00
[2024-07-02T09:08:10.389+0000] {processor.py:183} INFO - Processing /home/airflow/.local/lib/python3.8/site-packages/airflow/example_dags/example_short_circuit_operator.py took 0.077 seconds
[2024-07-02T09:08:40.846+0000] {processor.py:161} INFO - Started process (PID=574) to work on /home/airflow/.local/lib/python3.8/site-packages/airflow/example_dags/example_short_circuit_operator.py
[2024-07-02T09:08:40.847+0000] {processor.py:830} INFO - Processing file /home/airflow/.local/lib/python3.8/site-packages/airflow/example_dags/example_short_circuit_operator.py for tasks to queue
[2024-07-02T09:08:40.848+0000] {logging_mixin.py:188} INFO - [2024-07-02T09:08:40.848+0000] {dagbag.py:538} INFO - Filling up the DagBag from /home/airflow/.local/lib/python3.8/site-packages/airflow/example_dags/example_short_circuit_operator.py
[2024-07-02T09:08:40.855+0000] {processor.py:840} INFO - DAG(s) 'example_short_circuit_operator' retrieved from /home/airflow/.local/lib/python3.8/site-packages/airflow/example_dags/example_short_circuit_operator.py
[2024-07-02T09:08:40.877+0000] {logging_mixin.py:188} INFO - [2024-07-02T09:08:40.877+0000] {dag.py:3033} INFO - Sync 1 DAGs
[2024-07-02T09:08:40.898+0000] {logging_mixin.py:188} INFO - [2024-07-02T09:08:40.898+0000] {dag.py:3820} INFO - Setting next_dagrun for example_short_circuit_operator to 2024-07-01T00:00:00+00:00, run_after=2024-07-02T00:00:00+00:00
[2024-07-02T09:08:40.917+0000] {processor.py:183} INFO - Processing /home/airflow/.local/lib/python3.8/site-packages/airflow/example_dags/example_short_circuit_operator.py took 0.074 seconds
[2024-07-02T09:09:11.424+0000] {processor.py:161} INFO - Started process (PID=629) to work on /home/airflow/.local/lib/python3.8/site-packages/airflow/example_dags/example_short_circuit_operator.py
[2024-07-02T09:09:11.425+0000] {processor.py:830} INFO - Processing file /home/airflow/.local/lib/python3.8/site-packages/airflow/example_dags/example_short_circuit_operator.py for tasks to queue
[2024-07-02T09:09:11.428+0000] {logging_mixin.py:188} INFO - [2024-07-02T09:09:11.427+0000] {dagbag.py:538} INFO - Filling up the DagBag from /home/airflow/.local/lib/python3.8/site-packages/airflow/example_dags/example_short_circuit_operator.py
[2024-07-02T09:09:11.437+0000] {processor.py:840} INFO - DAG(s) 'example_short_circuit_operator' retrieved from /home/airflow/.local/lib/python3.8/site-packages/airflow/example_dags/example_short_circuit_operator.py
[2024-07-02T09:09:11.464+0000] {logging_mixin.py:188} INFO - [2024-07-02T09:09:11.464+0000] {dag.py:3033} INFO - Sync 1 DAGs
[2024-07-02T09:09:11.491+0000] {logging_mixin.py:188} INFO - [2024-07-02T09:09:11.490+0000] {dag.py:3820} INFO - Setting next_dagrun for example_short_circuit_operator to 2024-07-01T00:00:00+00:00, run_after=2024-07-02T00:00:00+00:00
[2024-07-02T09:09:11.513+0000] {processor.py:183} INFO - Processing /home/airflow/.local/lib/python3.8/site-packages/airflow/example_dags/example_short_circuit_operator.py took 0.093 seconds
[2024-07-02T09:09:42.411+0000] {processor.py:161} INFO - Started process (PID=684) to work on /home/airflow/.local/lib/python3.8/site-packages/airflow/example_dags/example_short_circuit_operator.py
[2024-07-02T09:09:42.412+0000] {processor.py:830} INFO - Processing file /home/airflow/.local/lib/python3.8/site-packages/airflow/example_dags/example_short_circuit_operator.py for tasks to queue
[2024-07-02T09:09:42.414+0000] {logging_mixin.py:188} INFO - [2024-07-02T09:09:42.414+0000] {dagbag.py:538} INFO - Filling up the DagBag from /home/airflow/.local/lib/python3.8/site-packages/airflow/example_dags/example_short_circuit_operator.py
[2024-07-02T09:09:42.422+0000] {processor.py:840} INFO - DAG(s) 'example_short_circuit_operator' retrieved from /home/airflow/.local/lib/python3.8/site-packages/airflow/example_dags/example_short_circuit_operator.py
[2024-07-02T09:09:42.450+0000] {logging_mixin.py:188} INFO - [2024-07-02T09:09:42.449+0000] {dag.py:3033} INFO - Sync 1 DAGs
[2024-07-02T09:09:42.480+0000] {logging_mixin.py:188} INFO - [2024-07-02T09:09:42.480+0000] {dag.py:3820} INFO - Setting next_dagrun for example_short_circuit_operator to 2024-07-01T00:00:00+00:00, run_after=2024-07-02T00:00:00+00:00
[2024-07-02T09:09:42.501+0000] {processor.py:183} INFO - Processing /home/airflow/.local/lib/python3.8/site-packages/airflow/example_dags/example_short_circuit_operator.py took 0.093 seconds
[2024-07-02T09:10:13.412+0000] {processor.py:161} INFO - Started process (PID=739) to work on /home/airflow/.local/lib/python3.8/site-packages/airflow/example_dags/example_short_circuit_operator.py
[2024-07-02T09:10:13.413+0000] {processor.py:830} INFO - Processing file /home/airflow/.local/lib/python3.8/site-packages/airflow/example_dags/example_short_circuit_operator.py for tasks to queue
[2024-07-02T09:10:13.414+0000] {logging_mixin.py:188} INFO - [2024-07-02T09:10:13.414+0000] {dagbag.py:538} INFO - Filling up the DagBag from /home/airflow/.local/lib/python3.8/site-packages/airflow/example_dags/example_short_circuit_operator.py
[2024-07-02T09:10:13.425+0000] {processor.py:840} INFO - DAG(s) 'example_short_circuit_operator' retrieved from /home/airflow/.local/lib/python3.8/site-packages/airflow/example_dags/example_short_circuit_operator.py
[2024-07-02T09:10:13.449+0000] {logging_mixin.py:188} INFO - [2024-07-02T09:10:13.448+0000] {dag.py:3033} INFO - Sync 1 DAGs
[2024-07-02T09:10:13.471+0000] {logging_mixin.py:188} INFO - [2024-07-02T09:10:13.471+0000] {dag.py:3820} INFO - Setting next_dagrun for example_short_circuit_operator to 2024-07-01T00:00:00+00:00, run_after=2024-07-02T00:00:00+00:00
[2024-07-02T09:10:13.490+0000] {processor.py:183} INFO - Processing /home/airflow/.local/lib/python3.8/site-packages/airflow/example_dags/example_short_circuit_operator.py took 0.080 seconds
[2024-07-02T09:10:43.946+0000] {processor.py:161} INFO - Started process (PID=794) to work on /home/airflow/.local/lib/python3.8/site-packages/airflow/example_dags/example_short_circuit_operator.py
[2024-07-02T09:10:43.946+0000] {processor.py:830} INFO - Processing file /home/airflow/.local/lib/python3.8/site-packages/airflow/example_dags/example_short_circuit_operator.py for tasks to queue
[2024-07-02T09:10:43.948+0000] {logging_mixin.py:188} INFO - [2024-07-02T09:10:43.948+0000] {dagbag.py:538} INFO - Filling up the DagBag from /home/airflow/.local/lib/python3.8/site-packages/airflow/example_dags/example_short_circuit_operator.py
[2024-07-02T09:10:43.955+0000] {processor.py:840} INFO - DAG(s) 'example_short_circuit_operator' retrieved from /home/airflow/.local/lib/python3.8/site-packages/airflow/example_dags/example_short_circuit_operator.py
[2024-07-02T09:10:43.977+0000] {logging_mixin.py:188} INFO - [2024-07-02T09:10:43.977+0000] {dag.py:3033} INFO - Sync 1 DAGs
[2024-07-02T09:10:44.001+0000] {logging_mixin.py:188} INFO - [2024-07-02T09:10:44.000+0000] {dag.py:3820} INFO - Setting next_dagrun for example_short_circuit_operator to 2024-07-01T00:00:00+00:00, run_after=2024-07-02T00:00:00+00:00
[2024-07-02T09:10:44.018+0000] {processor.py:183} INFO - Processing /home/airflow/.local/lib/python3.8/site-packages/airflow/example_dags/example_short_circuit_operator.py took 0.076 seconds
[2024-07-02T09:11:14.479+0000] {processor.py:161} INFO - Started process (PID=849) to work on /home/airflow/.local/lib/python3.8/site-packages/airflow/example_dags/example_short_circuit_operator.py
[2024-07-02T09:11:14.480+0000] {processor.py:830} INFO - Processing file /home/airflow/.local/lib/python3.8/site-packages/airflow/example_dags/example_short_circuit_operator.py for tasks to queue
[2024-07-02T09:11:14.481+0000] {logging_mixin.py:188} INFO - [2024-07-02T09:11:14.481+0000] {dagbag.py:538} INFO - Filling up the DagBag from /home/airflow/.local/lib/python3.8/site-packages/airflow/example_dags/example_short_circuit_operator.py
[2024-07-02T09:11:14.488+0000] {processor.py:840} INFO - DAG(s) 'example_short_circuit_operator' retrieved from /home/airflow/.local/lib/python3.8/site-packages/airflow/example_dags/example_short_circuit_operator.py
[2024-07-02T09:11:14.512+0000] {logging_mixin.py:188} INFO - [2024-07-02T09:11:14.512+0000] {dag.py:3033} INFO - Sync 1 DAGs
[2024-07-02T09:11:14.536+0000] {logging_mixin.py:188} INFO - [2024-07-02T09:11:14.536+0000] {dag.py:3820} INFO - Setting next_dagrun for example_short_circuit_operator to 2024-07-01T00:00:00+00:00, run_after=2024-07-02T00:00:00+00:00
[2024-07-02T09:11:14.559+0000] {processor.py:183} INFO - Processing /home/airflow/.local/lib/python3.8/site-packages/airflow/example_dags/example_short_circuit_operator.py took 0.083 seconds
[2024-07-02T09:11:45.120+0000] {processor.py:161} INFO - Started process (PID=904) to work on /home/airflow/.local/lib/python3.8/site-packages/airflow/example_dags/example_short_circuit_operator.py
[2024-07-02T09:11:45.122+0000] {processor.py:830} INFO - Processing file /home/airflow/.local/lib/python3.8/site-packages/airflow/example_dags/example_short_circuit_operator.py for tasks to queue
[2024-07-02T09:11:45.126+0000] {logging_mixin.py:188} INFO - [2024-07-02T09:11:45.126+0000] {dagbag.py:538} INFO - Filling up the DagBag from /home/airflow/.local/lib/python3.8/site-packages/airflow/example_dags/example_short_circuit_operator.py
[2024-07-02T09:11:45.145+0000] {processor.py:840} INFO - DAG(s) 'example_short_circuit_operator' retrieved from /home/airflow/.local/lib/python3.8/site-packages/airflow/example_dags/example_short_circuit_operator.py
[2024-07-02T09:11:45.220+0000] {logging_mixin.py:188} INFO - [2024-07-02T09:11:45.220+0000] {dag.py:3033} INFO - Sync 1 DAGs
[2024-07-02T09:11:45.288+0000] {logging_mixin.py:188} INFO - [2024-07-02T09:11:45.287+0000] {dag.py:3820} INFO - Setting next_dagrun for example_short_circuit_operator to 2024-07-01T00:00:00+00:00, run_after=2024-07-02T00:00:00+00:00
[2024-07-02T09:11:45.333+0000] {processor.py:183} INFO - Processing /home/airflow/.local/lib/python3.8/site-packages/airflow/example_dags/example_short_circuit_operator.py took 0.224 seconds
[2024-07-02T09:12:15.536+0000] {processor.py:161} INFO - Started process (PID=959) to work on /home/airflow/.local/lib/python3.8/site-packages/airflow/example_dags/example_short_circuit_operator.py
[2024-07-02T09:12:15.537+0000] {processor.py:830} INFO - Processing file /home/airflow/.local/lib/python3.8/site-packages/airflow/example_dags/example_short_circuit_operator.py for tasks to queue
[2024-07-02T09:12:15.539+0000] {logging_mixin.py:188} INFO - [2024-07-02T09:12:15.539+0000] {dagbag.py:538} INFO - Filling up the DagBag from /home/airflow/.local/lib/python3.8/site-packages/airflow/example_dags/example_short_circuit_operator.py
[2024-07-02T09:12:15.548+0000] {processor.py:840} INFO - DAG(s) 'example_short_circuit_operator' retrieved from /home/airflow/.local/lib/python3.8/site-packages/airflow/example_dags/example_short_circuit_operator.py
[2024-07-02T09:12:15.574+0000] {logging_mixin.py:188} INFO - [2024-07-02T09:12:15.574+0000] {dag.py:3033} INFO - Sync 1 DAGs
[2024-07-02T09:12:15.608+0000] {logging_mixin.py:188} INFO - [2024-07-02T09:12:15.607+0000] {dag.py:3820} INFO - Setting next_dagrun for example_short_circuit_operator to 2024-07-01T00:00:00+00:00, run_after=2024-07-02T00:00:00+00:00
[2024-07-02T09:12:15.631+0000] {processor.py:183} INFO - Processing /home/airflow/.local/lib/python3.8/site-packages/airflow/example_dags/example_short_circuit_operator.py took 0.098 seconds
[2024-07-02T09:12:45.846+0000] {processor.py:161} INFO - Started process (PID=1014) to work on /home/airflow/.local/lib/python3.8/site-packages/airflow/example_dags/example_short_circuit_operator.py
[2024-07-02T09:12:45.847+0000] {processor.py:830} INFO - Processing file /home/airflow/.local/lib/python3.8/site-packages/airflow/example_dags/example_short_circuit_operator.py for tasks to queue
[2024-07-02T09:12:45.848+0000] {logging_mixin.py:188} INFO - [2024-07-02T09:12:45.848+0000] {dagbag.py:538} INFO - Filling up the DagBag from /home/airflow/.local/lib/python3.8/site-packages/airflow/example_dags/example_short_circuit_operator.py
[2024-07-02T09:12:45.855+0000] {processor.py:840} INFO - DAG(s) 'example_short_circuit_operator' retrieved from /home/airflow/.local/lib/python3.8/site-packages/airflow/example_dags/example_short_circuit_operator.py
[2024-07-02T09:12:45.880+0000] {logging_mixin.py:188} INFO - [2024-07-02T09:12:45.879+0000] {dag.py:3033} INFO - Sync 1 DAGs
[2024-07-02T09:12:45.900+0000] {logging_mixin.py:188} INFO - [2024-07-02T09:12:45.900+0000] {dag.py:3820} INFO - Setting next_dagrun for example_short_circuit_operator to 2024-07-01T00:00:00+00:00, run_after=2024-07-02T00:00:00+00:00
[2024-07-02T09:12:45.919+0000] {processor.py:183} INFO - Processing /home/airflow/.local/lib/python3.8/site-packages/airflow/example_dags/example_short_circuit_operator.py took 0.075 seconds
[2024-07-02T09:13:16.330+0000] {processor.py:161} INFO - Started process (PID=1069) to work on /home/airflow/.local/lib/python3.8/site-packages/airflow/example_dags/example_short_circuit_operator.py
[2024-07-02T09:13:16.330+0000] {processor.py:830} INFO - Processing file /home/airflow/.local/lib/python3.8/site-packages/airflow/example_dags/example_short_circuit_operator.py for tasks to queue
[2024-07-02T09:13:16.332+0000] {logging_mixin.py:188} INFO - [2024-07-02T09:13:16.332+0000] {dagbag.py:538} INFO - Filling up the DagBag from /home/airflow/.local/lib/python3.8/site-packages/airflow/example_dags/example_short_circuit_operator.py
[2024-07-02T09:13:16.339+0000] {processor.py:840} INFO - DAG(s) 'example_short_circuit_operator' retrieved from /home/airflow/.local/lib/python3.8/site-packages/airflow/example_dags/example_short_circuit_operator.py
[2024-07-02T09:13:16.361+0000] {logging_mixin.py:188} INFO - [2024-07-02T09:13:16.361+0000] {dag.py:3033} INFO - Sync 1 DAGs
[2024-07-02T09:13:16.384+0000] {logging_mixin.py:188} INFO - [2024-07-02T09:13:16.384+0000] {dag.py:3820} INFO - Setting next_dagrun for example_short_circuit_operator to 2024-07-01T00:00:00+00:00, run_after=2024-07-02T00:00:00+00:00
[2024-07-02T09:13:16.405+0000] {processor.py:183} INFO - Processing /home/airflow/.local/lib/python3.8/site-packages/airflow/example_dags/example_short_circuit_operator.py took 0.078 seconds
[2024-07-02T09:13:46.852+0000] {processor.py:161} INFO - Started process (PID=1124) to work on /home/airflow/.local/lib/python3.8/site-packages/airflow/example_dags/example_short_circuit_operator.py
[2024-07-02T09:13:46.853+0000] {processor.py:830} INFO - Processing file /home/airflow/.local/lib/python3.8/site-packages/airflow/example_dags/example_short_circuit_operator.py for tasks to queue
[2024-07-02T09:13:46.855+0000] {logging_mixin.py:188} INFO - [2024-07-02T09:13:46.854+0000] {dagbag.py:538} INFO - Filling up the DagBag from /home/airflow/.local/lib/python3.8/site-packages/airflow/example_dags/example_short_circuit_operator.py
[2024-07-02T09:13:46.862+0000] {processor.py:840} INFO - DAG(s) 'example_short_circuit_operator' retrieved from /home/airflow/.local/lib/python3.8/site-packages/airflow/example_dags/example_short_circuit_operator.py
[2024-07-02T09:13:46.884+0000] {logging_mixin.py:188} INFO - [2024-07-02T09:13:46.884+0000] {dag.py:3033} INFO - Sync 1 DAGs
[2024-07-02T09:13:46.904+0000] {logging_mixin.py:188} INFO - [2024-07-02T09:13:46.904+0000] {dag.py:3820} INFO - Setting next_dagrun for example_short_circuit_operator to 2024-07-01T00:00:00+00:00, run_after=2024-07-02T00:00:00+00:00
[2024-07-02T09:13:46.923+0000] {processor.py:183} INFO - Processing /home/airflow/.local/lib/python3.8/site-packages/airflow/example_dags/example_short_circuit_operator.py took 0.074 seconds
[2024-07-02T09:14:17.304+0000] {processor.py:161} INFO - Started process (PID=1179) to work on /home/airflow/.local/lib/python3.8/site-packages/airflow/example_dags/example_short_circuit_operator.py
[2024-07-02T09:14:17.304+0000] {processor.py:830} INFO - Processing file /home/airflow/.local/lib/python3.8/site-packages/airflow/example_dags/example_short_circuit_operator.py for tasks to queue
[2024-07-02T09:14:17.306+0000] {logging_mixin.py:188} INFO - [2024-07-02T09:14:17.306+0000] {dagbag.py:538} INFO - Filling up the DagBag from /home/airflow/.local/lib/python3.8/site-packages/airflow/example_dags/example_short_circuit_operator.py
[2024-07-02T09:14:17.313+0000] {processor.py:840} INFO - DAG(s) 'example_short_circuit_operator' retrieved from /home/airflow/.local/lib/python3.8/site-packages/airflow/example_dags/example_short_circuit_operator.py
[2024-07-02T09:14:17.334+0000] {logging_mixin.py:188} INFO - [2024-07-02T09:14:17.333+0000] {dag.py:3033} INFO - Sync 1 DAGs
[2024-07-02T09:14:17.353+0000] {logging_mixin.py:188} INFO - [2024-07-02T09:14:17.353+0000] {dag.py:3820} INFO - Setting next_dagrun for example_short_circuit_operator to 2024-07-01T00:00:00+00:00, run_after=2024-07-02T00:00:00+00:00
[2024-07-02T09:14:17.371+0000] {processor.py:183} INFO - Processing /home/airflow/.local/lib/python3.8/site-packages/airflow/example_dags/example_short_circuit_operator.py took 0.070 seconds
[2024-07-02T09:14:47.894+0000] {processor.py:161} INFO - Started process (PID=1234) to work on /home/airflow/.local/lib/python3.8/site-packages/airflow/example_dags/example_short_circuit_operator.py
[2024-07-02T09:14:47.897+0000] {processor.py:830} INFO - Processing file /home/airflow/.local/lib/python3.8/site-packages/airflow/example_dags/example_short_circuit_operator.py for tasks to queue
[2024-07-02T09:14:47.899+0000] {logging_mixin.py:188} INFO - [2024-07-02T09:14:47.899+0000] {dagbag.py:538} INFO - Filling up the DagBag from /home/airflow/.local/lib/python3.8/site-packages/airflow/example_dags/example_short_circuit_operator.py
[2024-07-02T09:14:47.905+0000] {processor.py:840} INFO - DAG(s) 'example_short_circuit_operator' retrieved from /home/airflow/.local/lib/python3.8/site-packages/airflow/example_dags/example_short_circuit_operator.py
[2024-07-02T09:14:47.927+0000] {logging_mixin.py:188} INFO - [2024-07-02T09:14:47.927+0000] {dag.py:3033} INFO - Sync 1 DAGs
[2024-07-02T09:14:47.946+0000] {logging_mixin.py:188} INFO - [2024-07-02T09:14:47.946+0000] {dag.py:3820} INFO - Setting next_dagrun for example_short_circuit_operator to 2024-07-01T00:00:00+00:00, run_after=2024-07-02T00:00:00+00:00
[2024-07-02T09:14:47.962+0000] {processor.py:183} INFO - Processing /home/airflow/.local/lib/python3.8/site-packages/airflow/example_dags/example_short_circuit_operator.py took 0.071 seconds
[2024-07-02T09:15:18.272+0000] {processor.py:161} INFO - Started process (PID=1289) to work on /home/airflow/.local/lib/python3.8/site-packages/airflow/example_dags/example_short_circuit_operator.py
[2024-07-02T09:15:18.273+0000] {processor.py:830} INFO - Processing file /home/airflow/.local/lib/python3.8/site-packages/airflow/example_dags/example_short_circuit_operator.py for tasks to queue
[2024-07-02T09:15:18.274+0000] {logging_mixin.py:188} INFO - [2024-07-02T09:15:18.274+0000] {dagbag.py:538} INFO - Filling up the DagBag from /home/airflow/.local/lib/python3.8/site-packages/airflow/example_dags/example_short_circuit_operator.py
[2024-07-02T09:15:18.281+0000] {processor.py:840} INFO - DAG(s) 'example_short_circuit_operator' retrieved from /home/airflow/.local/lib/python3.8/site-packages/airflow/example_dags/example_short_circuit_operator.py
[2024-07-02T09:15:18.306+0000] {logging_mixin.py:188} INFO - [2024-07-02T09:15:18.305+0000] {dag.py:3033} INFO - Sync 1 DAGs
[2024-07-02T09:15:18.328+0000] {logging_mixin.py:188} INFO - [2024-07-02T09:15:18.328+0000] {dag.py:3820} INFO - Setting next_dagrun for example_short_circuit_operator to 2024-07-01T00:00:00+00:00, run_after=2024-07-02T00:00:00+00:00
[2024-07-02T09:15:18.352+0000] {processor.py:183} INFO - Processing /home/airflow/.local/lib/python3.8/site-packages/airflow/example_dags/example_short_circuit_operator.py took 0.082 seconds
[2024-07-02T09:15:48.845+0000] {processor.py:161} INFO - Started process (PID=1344) to work on /home/airflow/.local/lib/python3.8/site-packages/airflow/example_dags/example_short_circuit_operator.py
[2024-07-02T09:15:48.845+0000] {processor.py:830} INFO - Processing file /home/airflow/.local/lib/python3.8/site-packages/airflow/example_dags/example_short_circuit_operator.py for tasks to queue
[2024-07-02T09:15:48.847+0000] {logging_mixin.py:188} INFO - [2024-07-02T09:15:48.847+0000] {dagbag.py:538} INFO - Filling up the DagBag from /home/airflow/.local/lib/python3.8/site-packages/airflow/example_dags/example_short_circuit_operator.py
[2024-07-02T09:15:48.855+0000] {processor.py:840} INFO - DAG(s) 'example_short_circuit_operator' retrieved from /home/airflow/.local/lib/python3.8/site-packages/airflow/example_dags/example_short_circuit_operator.py
[2024-07-02T09:15:48.879+0000] {logging_mixin.py:188} INFO - [2024-07-02T09:15:48.878+0000] {dag.py:3033} INFO - Sync 1 DAGs
[2024-07-02T09:15:48.901+0000] {logging_mixin.py:188} INFO - [2024-07-02T09:15:48.901+0000] {dag.py:3820} INFO - Setting next_dagrun for example_short_circuit_operator to 2024-07-01T00:00:00+00:00, run_after=2024-07-02T00:00:00+00:00
[2024-07-02T09:15:48.921+0000] {processor.py:183} INFO - Processing /home/airflow/.local/lib/python3.8/site-packages/airflow/example_dags/example_short_circuit_operator.py took 0.079 seconds
[2024-07-02T09:16:19.497+0000] {processor.py:161} INFO - Started process (PID=1398) to work on /home/airflow/.local/lib/python3.8/site-packages/airflow/example_dags/example_short_circuit_operator.py
[2024-07-02T09:16:19.497+0000] {processor.py:830} INFO - Processing file /home/airflow/.local/lib/python3.8/site-packages/airflow/example_dags/example_short_circuit_operator.py for tasks to queue
[2024-07-02T09:16:19.499+0000] {logging_mixin.py:188} INFO - [2024-07-02T09:16:19.499+0000] {dagbag.py:538} INFO - Filling up the DagBag from /home/airflow/.local/lib/python3.8/site-packages/airflow/example_dags/example_short_circuit_operator.py
[2024-07-02T09:16:19.507+0000] {processor.py:840} INFO - DAG(s) 'example_short_circuit_operator' retrieved from /home/airflow/.local/lib/python3.8/site-packages/airflow/example_dags/example_short_circuit_operator.py
[2024-07-02T09:16:19.531+0000] {logging_mixin.py:188} INFO - [2024-07-02T09:16:19.531+0000] {dag.py:3033} INFO - Sync 1 DAGs
[2024-07-02T09:16:19.557+0000] {logging_mixin.py:188} INFO - [2024-07-02T09:16:19.557+0000] {dag.py:3820} INFO - Setting next_dagrun for example_short_circuit_operator to 2024-07-01T00:00:00+00:00, run_after=2024-07-02T00:00:00+00:00
[2024-07-02T09:16:19.576+0000] {processor.py:183} INFO - Processing /home/airflow/.local/lib/python3.8/site-packages/airflow/example_dags/example_short_circuit_operator.py took 0.083 seconds
[2024-07-02T09:16:50.070+0000] {processor.py:161} INFO - Started process (PID=1453) to work on /home/airflow/.local/lib/python3.8/site-packages/airflow/example_dags/example_short_circuit_operator.py
[2024-07-02T09:16:50.070+0000] {processor.py:830} INFO - Processing file /home/airflow/.local/lib/python3.8/site-packages/airflow/example_dags/example_short_circuit_operator.py for tasks to queue
[2024-07-02T09:16:50.072+0000] {logging_mixin.py:188} INFO - [2024-07-02T09:16:50.072+0000] {dagbag.py:538} INFO - Filling up the DagBag from /home/airflow/.local/lib/python3.8/site-packages/airflow/example_dags/example_short_circuit_operator.py
[2024-07-02T09:16:50.079+0000] {processor.py:840} INFO - DAG(s) 'example_short_circuit_operator' retrieved from /home/airflow/.local/lib/python3.8/site-packages/airflow/example_dags/example_short_circuit_operator.py
[2024-07-02T09:16:50.101+0000] {logging_mixin.py:188} INFO - [2024-07-02T09:16:50.101+0000] {dag.py:3033} INFO - Sync 1 DAGs
[2024-07-02T09:16:50.120+0000] {logging_mixin.py:188} INFO - [2024-07-02T09:16:50.120+0000] {dag.py:3820} INFO - Setting next_dagrun for example_short_circuit_operator to 2024-07-01T00:00:00+00:00, run_after=2024-07-02T00:00:00+00:00
[2024-07-02T09:16:50.137+0000] {processor.py:183} INFO - Processing /home/airflow/.local/lib/python3.8/site-packages/airflow/example_dags/example_short_circuit_operator.py took 0.070 seconds
[2024-07-02T09:17:20.497+0000] {processor.py:161} INFO - Started process (PID=1508) to work on /home/airflow/.local/lib/python3.8/site-packages/airflow/example_dags/example_short_circuit_operator.py
[2024-07-02T09:17:20.498+0000] {processor.py:830} INFO - Processing file /home/airflow/.local/lib/python3.8/site-packages/airflow/example_dags/example_short_circuit_operator.py for tasks to queue
[2024-07-02T09:17:20.500+0000] {logging_mixin.py:188} INFO - [2024-07-02T09:17:20.500+0000] {dagbag.py:538} INFO - Filling up the DagBag from /home/airflow/.local/lib/python3.8/site-packages/airflow/example_dags/example_short_circuit_operator.py
[2024-07-02T09:17:20.507+0000] {processor.py:840} INFO - DAG(s) 'example_short_circuit_operator' retrieved from /home/airflow/.local/lib/python3.8/site-packages/airflow/example_dags/example_short_circuit_operator.py
[2024-07-02T09:17:20.529+0000] {logging_mixin.py:188} INFO - [2024-07-02T09:17:20.529+0000] {dag.py:3033} INFO - Sync 1 DAGs
[2024-07-02T09:17:20.550+0000] {logging_mixin.py:188} INFO - [2024-07-02T09:17:20.550+0000] {dag.py:3820} INFO - Setting next_dagrun for example_short_circuit_operator to 2024-07-01T00:00:00+00:00, run_after=2024-07-02T00:00:00+00:00
[2024-07-02T09:17:20.566+0000] {processor.py:183} INFO - Processing /home/airflow/.local/lib/python3.8/site-packages/airflow/example_dags/example_short_circuit_operator.py took 0.073 seconds
[2024-07-02T09:17:50.805+0000] {processor.py:161} INFO - Started process (PID=1564) to work on /home/airflow/.local/lib/python3.8/site-packages/airflow/example_dags/example_short_circuit_operator.py
[2024-07-02T09:17:50.806+0000] {processor.py:830} INFO - Processing file /home/airflow/.local/lib/python3.8/site-packages/airflow/example_dags/example_short_circuit_operator.py for tasks to queue
[2024-07-02T09:17:50.807+0000] {logging_mixin.py:188} INFO - [2024-07-02T09:17:50.807+0000] {dagbag.py:538} INFO - Filling up the DagBag from /home/airflow/.local/lib/python3.8/site-packages/airflow/example_dags/example_short_circuit_operator.py
[2024-07-02T09:17:50.814+0000] {processor.py:840} INFO - DAG(s) 'example_short_circuit_operator' retrieved from /home/airflow/.local/lib/python3.8/site-packages/airflow/example_dags/example_short_circuit_operator.py
[2024-07-02T09:17:50.838+0000] {logging_mixin.py:188} INFO - [2024-07-02T09:17:50.838+0000] {dag.py:3033} INFO - Sync 1 DAGs
[2024-07-02T09:17:50.859+0000] {logging_mixin.py:188} INFO - [2024-07-02T09:17:50.859+0000] {dag.py:3820} INFO - Setting next_dagrun for example_short_circuit_operator to 2024-07-01T00:00:00+00:00, run_after=2024-07-02T00:00:00+00:00
[2024-07-02T09:17:50.876+0000] {processor.py:183} INFO - Processing /home/airflow/.local/lib/python3.8/site-packages/airflow/example_dags/example_short_circuit_operator.py took 0.073 seconds
[2024-07-02T09:18:21.424+0000] {processor.py:161} INFO - Started process (PID=1619) to work on /home/airflow/.local/lib/python3.8/site-packages/airflow/example_dags/example_short_circuit_operator.py
[2024-07-02T09:18:21.425+0000] {processor.py:830} INFO - Processing file /home/airflow/.local/lib/python3.8/site-packages/airflow/example_dags/example_short_circuit_operator.py for tasks to queue
[2024-07-02T09:18:21.426+0000] {logging_mixin.py:188} INFO - [2024-07-02T09:18:21.426+0000] {dagbag.py:538} INFO - Filling up the DagBag from /home/airflow/.local/lib/python3.8/site-packages/airflow/example_dags/example_short_circuit_operator.py
[2024-07-02T09:18:21.433+0000] {processor.py:840} INFO - DAG(s) 'example_short_circuit_operator' retrieved from /home/airflow/.local/lib/python3.8/site-packages/airflow/example_dags/example_short_circuit_operator.py
[2024-07-02T09:18:21.458+0000] {logging_mixin.py:188} INFO - [2024-07-02T09:18:21.458+0000] {dag.py:3033} INFO - Sync 1 DAGs
[2024-07-02T09:18:21.478+0000] {logging_mixin.py:188} INFO - [2024-07-02T09:18:21.478+0000] {dag.py:3820} INFO - Setting next_dagrun for example_short_circuit_operator to 2024-07-01T00:00:00+00:00, run_after=2024-07-02T00:00:00+00:00
[2024-07-02T09:18:21.496+0000] {processor.py:183} INFO - Processing /home/airflow/.local/lib/python3.8/site-packages/airflow/example_dags/example_short_circuit_operator.py took 0.075 seconds
[2024-07-02T09:18:51.998+0000] {processor.py:161} INFO - Started process (PID=1674) to work on /home/airflow/.local/lib/python3.8/site-packages/airflow/example_dags/example_short_circuit_operator.py
[2024-07-02T09:18:51.999+0000] {processor.py:830} INFO - Processing file /home/airflow/.local/lib/python3.8/site-packages/airflow/example_dags/example_short_circuit_operator.py for tasks to queue
[2024-07-02T09:18:52.001+0000] {logging_mixin.py:188} INFO - [2024-07-02T09:18:52.000+0000] {dagbag.py:538} INFO - Filling up the DagBag from /home/airflow/.local/lib/python3.8/site-packages/airflow/example_dags/example_short_circuit_operator.py
[2024-07-02T09:18:52.009+0000] {processor.py:840} INFO - DAG(s) 'example_short_circuit_operator' retrieved from /home/airflow/.local/lib/python3.8/site-packages/airflow/example_dags/example_short_circuit_operator.py
[2024-07-02T09:18:52.038+0000] {logging_mixin.py:188} INFO - [2024-07-02T09:18:52.038+0000] {dag.py:3033} INFO - Sync 1 DAGs
[2024-07-02T09:18:52.062+0000] {logging_mixin.py:188} INFO - [2024-07-02T09:18:52.062+0000] {dag.py:3820} INFO - Setting next_dagrun for example_short_circuit_operator to 2024-07-01T00:00:00+00:00, run_after=2024-07-02T00:00:00+00:00
[2024-07-02T09:18:52.082+0000] {processor.py:183} INFO - Processing /home/airflow/.local/lib/python3.8/site-packages/airflow/example_dags/example_short_circuit_operator.py took 0.087 seconds
[2024-07-02T09:19:22.536+0000] {processor.py:161} INFO - Started process (PID=1729) to work on /home/airflow/.local/lib/python3.8/site-packages/airflow/example_dags/example_short_circuit_operator.py
[2024-07-02T09:19:22.540+0000] {processor.py:830} INFO - Processing file /home/airflow/.local/lib/python3.8/site-packages/airflow/example_dags/example_short_circuit_operator.py for tasks to queue
[2024-07-02T09:19:22.542+0000] {logging_mixin.py:188} INFO - [2024-07-02T09:19:22.542+0000] {dagbag.py:538} INFO - Filling up the DagBag from /home/airflow/.local/lib/python3.8/site-packages/airflow/example_dags/example_short_circuit_operator.py
[2024-07-02T09:19:22.552+0000] {processor.py:840} INFO - DAG(s) 'example_short_circuit_operator' retrieved from /home/airflow/.local/lib/python3.8/site-packages/airflow/example_dags/example_short_circuit_operator.py
[2024-07-02T09:19:22.594+0000] {logging_mixin.py:188} INFO - [2024-07-02T09:19:22.593+0000] {dag.py:3033} INFO - Sync 1 DAGs
[2024-07-02T09:19:22.641+0000] {logging_mixin.py:188} INFO - [2024-07-02T09:19:22.641+0000] {dag.py:3820} INFO - Setting next_dagrun for example_short_circuit_operator to 2024-07-01T00:00:00+00:00, run_after=2024-07-02T00:00:00+00:00
[2024-07-02T09:19:22.671+0000] {processor.py:183} INFO - Processing /home/airflow/.local/lib/python3.8/site-packages/airflow/example_dags/example_short_circuit_operator.py took 0.138 seconds
[2024-07-02T09:19:52.734+0000] {processor.py:161} INFO - Started process (PID=1783) to work on /home/airflow/.local/lib/python3.8/site-packages/airflow/example_dags/example_short_circuit_operator.py
[2024-07-02T09:19:52.735+0000] {processor.py:830} INFO - Processing file /home/airflow/.local/lib/python3.8/site-packages/airflow/example_dags/example_short_circuit_operator.py for tasks to queue
[2024-07-02T09:19:52.737+0000] {logging_mixin.py:188} INFO - [2024-07-02T09:19:52.736+0000] {dagbag.py:538} INFO - Filling up the DagBag from /home/airflow/.local/lib/python3.8/site-packages/airflow/example_dags/example_short_circuit_operator.py
[2024-07-02T09:19:52.743+0000] {processor.py:840} INFO - DAG(s) 'example_short_circuit_operator' retrieved from /home/airflow/.local/lib/python3.8/site-packages/airflow/example_dags/example_short_circuit_operator.py
[2024-07-02T09:19:52.762+0000] {logging_mixin.py:188} INFO - [2024-07-02T09:19:52.762+0000] {dag.py:3033} INFO - Sync 1 DAGs
[2024-07-02T09:19:52.782+0000] {logging_mixin.py:188} INFO - [2024-07-02T09:19:52.782+0000] {dag.py:3820} INFO - Setting next_dagrun for example_short_circuit_operator to 2024-07-01T00:00:00+00:00, run_after=2024-07-02T00:00:00+00:00
[2024-07-02T09:19:52.797+0000] {processor.py:183} INFO - Processing /home/airflow/.local/lib/python3.8/site-packages/airflow/example_dags/example_short_circuit_operator.py took 0.065 seconds
[2024-07-02T09:20:23.250+0000] {processor.py:161} INFO - Started process (PID=1837) to work on /home/airflow/.local/lib/python3.8/site-packages/airflow/example_dags/example_short_circuit_operator.py
[2024-07-02T09:20:23.251+0000] {processor.py:830} INFO - Processing file /home/airflow/.local/lib/python3.8/site-packages/airflow/example_dags/example_short_circuit_operator.py for tasks to queue
[2024-07-02T09:20:23.253+0000] {logging_mixin.py:188} INFO - [2024-07-02T09:20:23.252+0000] {dagbag.py:538} INFO - Filling up the DagBag from /home/airflow/.local/lib/python3.8/site-packages/airflow/example_dags/example_short_circuit_operator.py
[2024-07-02T09:20:23.259+0000] {processor.py:840} INFO - DAG(s) 'example_short_circuit_operator' retrieved from /home/airflow/.local/lib/python3.8/site-packages/airflow/example_dags/example_short_circuit_operator.py
[2024-07-02T09:20:23.286+0000] {logging_mixin.py:188} INFO - [2024-07-02T09:20:23.286+0000] {dag.py:3033} INFO - Sync 1 DAGs
[2024-07-02T09:20:23.307+0000] {logging_mixin.py:188} INFO - [2024-07-02T09:20:23.307+0000] {dag.py:3820} INFO - Setting next_dagrun for example_short_circuit_operator to 2024-07-01T00:00:00+00:00, run_after=2024-07-02T00:00:00+00:00
[2024-07-02T09:20:23.326+0000] {processor.py:183} INFO - Processing /home/airflow/.local/lib/python3.8/site-packages/airflow/example_dags/example_short_circuit_operator.py took 0.079 seconds
[2024-07-02T09:20:53.949+0000] {processor.py:161} INFO - Started process (PID=1892) to work on /home/airflow/.local/lib/python3.8/site-packages/airflow/example_dags/example_short_circuit_operator.py
[2024-07-02T09:20:53.950+0000] {processor.py:830} INFO - Processing file /home/airflow/.local/lib/python3.8/site-packages/airflow/example_dags/example_short_circuit_operator.py for tasks to queue
[2024-07-02T09:20:53.952+0000] {logging_mixin.py:188} INFO - [2024-07-02T09:20:53.952+0000] {dagbag.py:538} INFO - Filling up the DagBag from /home/airflow/.local/lib/python3.8/site-packages/airflow/example_dags/example_short_circuit_operator.py
[2024-07-02T09:20:53.959+0000] {processor.py:840} INFO - DAG(s) 'example_short_circuit_operator' retrieved from /home/airflow/.local/lib/python3.8/site-packages/airflow/example_dags/example_short_circuit_operator.py
[2024-07-02T09:20:53.983+0000] {logging_mixin.py:188} INFO - [2024-07-02T09:20:53.983+0000] {dag.py:3033} INFO - Sync 1 DAGs
[2024-07-02T09:20:54.012+0000] {logging_mixin.py:188} INFO - [2024-07-02T09:20:54.012+0000] {dag.py:3820} INFO - Setting next_dagrun for example_short_circuit_operator to 2024-07-01T00:00:00+00:00, run_after=2024-07-02T00:00:00+00:00
[2024-07-02T09:20:54.040+0000] {processor.py:183} INFO - Processing /home/airflow/.local/lib/python3.8/site-packages/airflow/example_dags/example_short_circuit_operator.py took 0.094 seconds
[2024-07-02T09:21:24.237+0000] {processor.py:161} INFO - Started process (PID=1947) to work on /home/airflow/.local/lib/python3.8/site-packages/airflow/example_dags/example_short_circuit_operator.py
[2024-07-02T09:21:24.238+0000] {processor.py:830} INFO - Processing file /home/airflow/.local/lib/python3.8/site-packages/airflow/example_dags/example_short_circuit_operator.py for tasks to queue
[2024-07-02T09:21:24.241+0000] {logging_mixin.py:188} INFO - [2024-07-02T09:21:24.241+0000] {dagbag.py:538} INFO - Filling up the DagBag from /home/airflow/.local/lib/python3.8/site-packages/airflow/example_dags/example_short_circuit_operator.py
[2024-07-02T09:21:24.250+0000] {processor.py:840} INFO - DAG(s) 'example_short_circuit_operator' retrieved from /home/airflow/.local/lib/python3.8/site-packages/airflow/example_dags/example_short_circuit_operator.py
[2024-07-02T09:21:24.283+0000] {logging_mixin.py:188} INFO - [2024-07-02T09:21:24.283+0000] {dag.py:3033} INFO - Sync 1 DAGs
[2024-07-02T09:21:24.313+0000] {logging_mixin.py:188} INFO - [2024-07-02T09:21:24.313+0000] {dag.py:3820} INFO - Setting next_dagrun for example_short_circuit_operator to 2024-07-01T00:00:00+00:00, run_after=2024-07-02T00:00:00+00:00
[2024-07-02T09:21:24.336+0000] {processor.py:183} INFO - Processing /home/airflow/.local/lib/python3.8/site-packages/airflow/example_dags/example_short_circuit_operator.py took 0.102 seconds
[2024-07-02T09:21:54.866+0000] {processor.py:161} INFO - Started process (PID=2001) to work on /home/airflow/.local/lib/python3.8/site-packages/airflow/example_dags/example_short_circuit_operator.py
[2024-07-02T09:21:54.866+0000] {processor.py:830} INFO - Processing file /home/airflow/.local/lib/python3.8/site-packages/airflow/example_dags/example_short_circuit_operator.py for tasks to queue
[2024-07-02T09:21:54.869+0000] {logging_mixin.py:188} INFO - [2024-07-02T09:21:54.869+0000] {dagbag.py:538} INFO - Filling up the DagBag from /home/airflow/.local/lib/python3.8/site-packages/airflow/example_dags/example_short_circuit_operator.py
[2024-07-02T09:21:54.879+0000] {processor.py:840} INFO - DAG(s) 'example_short_circuit_operator' retrieved from /home/airflow/.local/lib/python3.8/site-packages/airflow/example_dags/example_short_circuit_operator.py
[2024-07-02T09:21:54.921+0000] {logging_mixin.py:188} INFO - [2024-07-02T09:21:54.921+0000] {dag.py:3033} INFO - Sync 1 DAGs
[2024-07-02T09:21:54.954+0000] {logging_mixin.py:188} INFO - [2024-07-02T09:21:54.953+0000] {dag.py:3820} INFO - Setting next_dagrun for example_short_circuit_operator to 2024-07-01T00:00:00+00:00, run_after=2024-07-02T00:00:00+00:00
[2024-07-02T09:21:54.983+0000] {processor.py:183} INFO - Processing /home/airflow/.local/lib/python3.8/site-packages/airflow/example_dags/example_short_circuit_operator.py took 0.122 seconds
[2024-07-02T09:22:25.072+0000] {processor.py:161} INFO - Started process (PID=2056) to work on /home/airflow/.local/lib/python3.8/site-packages/airflow/example_dags/example_short_circuit_operator.py
[2024-07-02T09:22:25.073+0000] {processor.py:830} INFO - Processing file /home/airflow/.local/lib/python3.8/site-packages/airflow/example_dags/example_short_circuit_operator.py for tasks to queue
[2024-07-02T09:22:25.075+0000] {logging_mixin.py:188} INFO - [2024-07-02T09:22:25.075+0000] {dagbag.py:538} INFO - Filling up the DagBag from /home/airflow/.local/lib/python3.8/site-packages/airflow/example_dags/example_short_circuit_operator.py
[2024-07-02T09:22:25.082+0000] {processor.py:840} INFO - DAG(s) 'example_short_circuit_operator' retrieved from /home/airflow/.local/lib/python3.8/site-packages/airflow/example_dags/example_short_circuit_operator.py
[2024-07-02T09:22:25.107+0000] {logging_mixin.py:188} INFO - [2024-07-02T09:22:25.107+0000] {dag.py:3033} INFO - Sync 1 DAGs
[2024-07-02T09:22:25.128+0000] {logging_mixin.py:188} INFO - [2024-07-02T09:22:25.127+0000] {dag.py:3820} INFO - Setting next_dagrun for example_short_circuit_operator to 2024-07-01T00:00:00+00:00, run_after=2024-07-02T00:00:00+00:00
[2024-07-02T09:22:25.142+0000] {processor.py:183} INFO - Processing /home/airflow/.local/lib/python3.8/site-packages/airflow/example_dags/example_short_circuit_operator.py took 0.073 seconds
[2024-07-02T09:22:55.197+0000] {processor.py:161} INFO - Started process (PID=2111) to work on /home/airflow/.local/lib/python3.8/site-packages/airflow/example_dags/example_short_circuit_operator.py
[2024-07-02T09:22:55.198+0000] {processor.py:830} INFO - Processing file /home/airflow/.local/lib/python3.8/site-packages/airflow/example_dags/example_short_circuit_operator.py for tasks to queue
[2024-07-02T09:22:55.200+0000] {logging_mixin.py:188} INFO - [2024-07-02T09:22:55.199+0000] {dagbag.py:538} INFO - Filling up the DagBag from /home/airflow/.local/lib/python3.8/site-packages/airflow/example_dags/example_short_circuit_operator.py
[2024-07-02T09:22:55.206+0000] {processor.py:840} INFO - DAG(s) 'example_short_circuit_operator' retrieved from /home/airflow/.local/lib/python3.8/site-packages/airflow/example_dags/example_short_circuit_operator.py
[2024-07-02T09:22:55.234+0000] {logging_mixin.py:188} INFO - [2024-07-02T09:22:55.234+0000] {dag.py:3033} INFO - Sync 1 DAGs
[2024-07-02T09:22:55.254+0000] {logging_mixin.py:188} INFO - [2024-07-02T09:22:55.254+0000] {dag.py:3820} INFO - Setting next_dagrun for example_short_circuit_operator to 2024-07-01T00:00:00+00:00, run_after=2024-07-02T00:00:00+00:00
[2024-07-02T09:22:55.274+0000] {processor.py:183} INFO - Processing /home/airflow/.local/lib/python3.8/site-packages/airflow/example_dags/example_short_circuit_operator.py took 0.079 seconds
[2024-07-02T09:23:25.878+0000] {processor.py:161} INFO - Started process (PID=2166) to work on /home/airflow/.local/lib/python3.8/site-packages/airflow/example_dags/example_short_circuit_operator.py
[2024-07-02T09:23:25.879+0000] {processor.py:830} INFO - Processing file /home/airflow/.local/lib/python3.8/site-packages/airflow/example_dags/example_short_circuit_operator.py for tasks to queue
[2024-07-02T09:23:25.882+0000] {logging_mixin.py:188} INFO - [2024-07-02T09:23:25.881+0000] {dagbag.py:538} INFO - Filling up the DagBag from /home/airflow/.local/lib/python3.8/site-packages/airflow/example_dags/example_short_circuit_operator.py
[2024-07-02T09:23:25.894+0000] {processor.py:840} INFO - DAG(s) 'example_short_circuit_operator' retrieved from /home/airflow/.local/lib/python3.8/site-packages/airflow/example_dags/example_short_circuit_operator.py
[2024-07-02T09:23:25.936+0000] {logging_mixin.py:188} INFO - [2024-07-02T09:23:25.936+0000] {dag.py:3033} INFO - Sync 1 DAGs
[2024-07-02T09:23:25.972+0000] {logging_mixin.py:188} INFO - [2024-07-02T09:23:25.972+0000] {dag.py:3820} INFO - Setting next_dagrun for example_short_circuit_operator to 2024-07-01T00:00:00+00:00, run_after=2024-07-02T00:00:00+00:00
[2024-07-02T09:23:26.000+0000] {processor.py:183} INFO - Processing /home/airflow/.local/lib/python3.8/site-packages/airflow/example_dags/example_short_circuit_operator.py took 0.126 seconds
[2024-07-02T09:23:56.043+0000] {processor.py:161} INFO - Started process (PID=2221) to work on /home/airflow/.local/lib/python3.8/site-packages/airflow/example_dags/example_short_circuit_operator.py
[2024-07-02T09:23:56.044+0000] {processor.py:830} INFO - Processing file /home/airflow/.local/lib/python3.8/site-packages/airflow/example_dags/example_short_circuit_operator.py for tasks to queue
[2024-07-02T09:23:56.045+0000] {logging_mixin.py:188} INFO - [2024-07-02T09:23:56.045+0000] {dagbag.py:538} INFO - Filling up the DagBag from /home/airflow/.local/lib/python3.8/site-packages/airflow/example_dags/example_short_circuit_operator.py
[2024-07-02T09:23:56.052+0000] {processor.py:840} INFO - DAG(s) 'example_short_circuit_operator' retrieved from /home/airflow/.local/lib/python3.8/site-packages/airflow/example_dags/example_short_circuit_operator.py
[2024-07-02T09:23:56.075+0000] {logging_mixin.py:188} INFO - [2024-07-02T09:23:56.075+0000] {dag.py:3033} INFO - Sync 1 DAGs
[2024-07-02T09:23:56.097+0000] {logging_mixin.py:188} INFO - [2024-07-02T09:23:56.097+0000] {dag.py:3820} INFO - Setting next_dagrun for example_short_circuit_operator to 2024-07-01T00:00:00+00:00, run_after=2024-07-02T00:00:00+00:00
[2024-07-02T09:23:56.117+0000] {processor.py:183} INFO - Processing /home/airflow/.local/lib/python3.8/site-packages/airflow/example_dags/example_short_circuit_operator.py took 0.076 seconds
