[2024-07-02T09:03:59.777+0000] {processor.py:161} INFO - Started process (PID=49) to work on /home/airflow/.local/lib/python3.8/site-packages/airflow/example_dags/example_local_kubernetes_executor.py
[2024-07-02T09:03:59.778+0000] {processor.py:830} INFO - Processing file /home/airflow/.local/lib/python3.8/site-packages/airflow/example_dags/example_local_kubernetes_executor.py for tasks to queue
[2024-07-02T09:03:59.781+0000] {logging_mixin.py:188} INFO - [2024-07-02T09:03:59.780+0000] {dagbag.py:538} INFO - Filling up the DagBag from /home/airflow/.local/lib/python3.8/site-packages/airflow/example_dags/example_local_kubernetes_executor.py
[2024-07-02T09:03:59.795+0000] {processor.py:840} INFO - DAG(s) 'example_local_kubernetes_executor' retrieved from /home/airflow/.local/lib/python3.8/site-packages/airflow/example_dags/example_local_kubernetes_executor.py
[2024-07-02T09:03:59.921+0000] {logging_mixin.py:188} INFO - [2024-07-02T09:03:59.918+0000] {override.py:1769} INFO - Created Permission View: can edit on DAG:example_local_kubernetes_executor
[2024-07-02T09:03:59.942+0000] {logging_mixin.py:188} INFO - [2024-07-02T09:03:59.941+0000] {override.py:1769} INFO - Created Permission View: can delete on DAG:example_local_kubernetes_executor
[2024-07-02T09:03:59.954+0000] {logging_mixin.py:188} INFO - [2024-07-02T09:03:59.954+0000] {override.py:1769} INFO - Created Permission View: can read on DAG:example_local_kubernetes_executor
[2024-07-02T09:03:59.955+0000] {logging_mixin.py:188} INFO - [2024-07-02T09:03:59.955+0000] {dag.py:3033} INFO - Sync 1 DAGs
[2024-07-02T09:03:59.981+0000] {logging_mixin.py:188} INFO - [2024-07-02T09:03:59.980+0000] {dag.py:3055} INFO - Creating ORM DAG for example_local_kubernetes_executor
[2024-07-02T09:03:59.982+0000] {logging_mixin.py:188} INFO - [2024-07-02T09:03:59.981+0000] {dag.py:3820} INFO - Setting next_dagrun for example_local_kubernetes_executor to None, run_after=None
[2024-07-02T09:04:00.014+0000] {processor.py:183} INFO - Processing /home/airflow/.local/lib/python3.8/site-packages/airflow/example_dags/example_local_kubernetes_executor.py took 0.241 seconds
[2024-07-02T09:04:30.678+0000] {processor.py:161} INFO - Started process (PID=103) to work on /home/airflow/.local/lib/python3.8/site-packages/airflow/example_dags/example_local_kubernetes_executor.py
[2024-07-02T09:04:30.678+0000] {processor.py:830} INFO - Processing file /home/airflow/.local/lib/python3.8/site-packages/airflow/example_dags/example_local_kubernetes_executor.py for tasks to queue
[2024-07-02T09:04:30.680+0000] {logging_mixin.py:188} INFO - [2024-07-02T09:04:30.680+0000] {dagbag.py:538} INFO - Filling up the DagBag from /home/airflow/.local/lib/python3.8/site-packages/airflow/example_dags/example_local_kubernetes_executor.py
[2024-07-02T09:04:30.687+0000] {processor.py:840} INFO - DAG(s) 'example_local_kubernetes_executor' retrieved from /home/airflow/.local/lib/python3.8/site-packages/airflow/example_dags/example_local_kubernetes_executor.py
[2024-07-02T09:04:30.706+0000] {logging_mixin.py:188} INFO - [2024-07-02T09:04:30.705+0000] {dag.py:3033} INFO - Sync 1 DAGs
[2024-07-02T09:04:30.718+0000] {logging_mixin.py:188} INFO - [2024-07-02T09:04:30.718+0000] {dag.py:3820} INFO - Setting next_dagrun for example_local_kubernetes_executor to None, run_after=None
[2024-07-02T09:04:30.739+0000] {processor.py:183} INFO - Processing /home/airflow/.local/lib/python3.8/site-packages/airflow/example_dags/example_local_kubernetes_executor.py took 0.064 seconds
[2024-07-02T09:05:01.141+0000] {processor.py:161} INFO - Started process (PID=159) to work on /home/airflow/.local/lib/python3.8/site-packages/airflow/example_dags/example_local_kubernetes_executor.py
[2024-07-02T09:05:01.145+0000] {processor.py:830} INFO - Processing file /home/airflow/.local/lib/python3.8/site-packages/airflow/example_dags/example_local_kubernetes_executor.py for tasks to queue
[2024-07-02T09:05:01.147+0000] {logging_mixin.py:188} INFO - [2024-07-02T09:05:01.147+0000] {dagbag.py:538} INFO - Filling up the DagBag from /home/airflow/.local/lib/python3.8/site-packages/airflow/example_dags/example_local_kubernetes_executor.py
[2024-07-02T09:05:01.158+0000] {processor.py:840} INFO - DAG(s) 'example_local_kubernetes_executor' retrieved from /home/airflow/.local/lib/python3.8/site-packages/airflow/example_dags/example_local_kubernetes_executor.py
[2024-07-02T09:05:01.179+0000] {logging_mixin.py:188} INFO - [2024-07-02T09:05:01.179+0000] {dag.py:3033} INFO - Sync 1 DAGs
[2024-07-02T09:05:01.191+0000] {logging_mixin.py:188} INFO - [2024-07-02T09:05:01.191+0000] {dag.py:3820} INFO - Setting next_dagrun for example_local_kubernetes_executor to None, run_after=None
[2024-07-02T09:05:01.208+0000] {processor.py:183} INFO - Processing /home/airflow/.local/lib/python3.8/site-packages/airflow/example_dags/example_local_kubernetes_executor.py took 0.070 seconds
[2024-07-02T09:05:31.318+0000] {processor.py:161} INFO - Started process (PID=214) to work on /home/airflow/.local/lib/python3.8/site-packages/airflow/example_dags/example_local_kubernetes_executor.py
[2024-07-02T09:05:31.319+0000] {processor.py:830} INFO - Processing file /home/airflow/.local/lib/python3.8/site-packages/airflow/example_dags/example_local_kubernetes_executor.py for tasks to queue
[2024-07-02T09:05:31.320+0000] {logging_mixin.py:188} INFO - [2024-07-02T09:05:31.320+0000] {dagbag.py:538} INFO - Filling up the DagBag from /home/airflow/.local/lib/python3.8/site-packages/airflow/example_dags/example_local_kubernetes_executor.py
[2024-07-02T09:05:31.327+0000] {processor.py:840} INFO - DAG(s) 'example_local_kubernetes_executor' retrieved from /home/airflow/.local/lib/python3.8/site-packages/airflow/example_dags/example_local_kubernetes_executor.py
[2024-07-02T09:05:31.348+0000] {logging_mixin.py:188} INFO - [2024-07-02T09:05:31.348+0000] {dag.py:3033} INFO - Sync 1 DAGs
[2024-07-02T09:05:31.360+0000] {logging_mixin.py:188} INFO - [2024-07-02T09:05:31.360+0000] {dag.py:3820} INFO - Setting next_dagrun for example_local_kubernetes_executor to None, run_after=None
[2024-07-02T09:05:31.377+0000] {processor.py:183} INFO - Processing /home/airflow/.local/lib/python3.8/site-packages/airflow/example_dags/example_local_kubernetes_executor.py took 0.062 seconds
[2024-07-02T09:06:01.512+0000] {processor.py:161} INFO - Started process (PID=269) to work on /home/airflow/.local/lib/python3.8/site-packages/airflow/example_dags/example_local_kubernetes_executor.py
[2024-07-02T09:06:01.513+0000] {processor.py:830} INFO - Processing file /home/airflow/.local/lib/python3.8/site-packages/airflow/example_dags/example_local_kubernetes_executor.py for tasks to queue
[2024-07-02T09:06:01.515+0000] {logging_mixin.py:188} INFO - [2024-07-02T09:06:01.514+0000] {dagbag.py:538} INFO - Filling up the DagBag from /home/airflow/.local/lib/python3.8/site-packages/airflow/example_dags/example_local_kubernetes_executor.py
[2024-07-02T09:06:01.522+0000] {processor.py:840} INFO - DAG(s) 'example_local_kubernetes_executor' retrieved from /home/airflow/.local/lib/python3.8/site-packages/airflow/example_dags/example_local_kubernetes_executor.py
[2024-07-02T09:06:01.542+0000] {logging_mixin.py:188} INFO - [2024-07-02T09:06:01.542+0000] {dag.py:3033} INFO - Sync 1 DAGs
[2024-07-02T09:06:01.555+0000] {logging_mixin.py:188} INFO - [2024-07-02T09:06:01.555+0000] {dag.py:3820} INFO - Setting next_dagrun for example_local_kubernetes_executor to None, run_after=None
[2024-07-02T09:06:01.572+0000] {processor.py:183} INFO - Processing /home/airflow/.local/lib/python3.8/site-packages/airflow/example_dags/example_local_kubernetes_executor.py took 0.062 seconds
[2024-07-02T09:06:32.026+0000] {processor.py:161} INFO - Started process (PID=323) to work on /home/airflow/.local/lib/python3.8/site-packages/airflow/example_dags/example_local_kubernetes_executor.py
[2024-07-02T09:06:32.028+0000] {processor.py:830} INFO - Processing file /home/airflow/.local/lib/python3.8/site-packages/airflow/example_dags/example_local_kubernetes_executor.py for tasks to queue
[2024-07-02T09:06:32.030+0000] {logging_mixin.py:188} INFO - [2024-07-02T09:06:32.030+0000] {dagbag.py:538} INFO - Filling up the DagBag from /home/airflow/.local/lib/python3.8/site-packages/airflow/example_dags/example_local_kubernetes_executor.py
[2024-07-02T09:06:32.040+0000] {processor.py:840} INFO - DAG(s) 'example_local_kubernetes_executor' retrieved from /home/airflow/.local/lib/python3.8/site-packages/airflow/example_dags/example_local_kubernetes_executor.py
[2024-07-02T09:06:32.061+0000] {logging_mixin.py:188} INFO - [2024-07-02T09:06:32.061+0000] {dag.py:3033} INFO - Sync 1 DAGs
[2024-07-02T09:06:32.074+0000] {logging_mixin.py:188} INFO - [2024-07-02T09:06:32.074+0000] {dag.py:3820} INFO - Setting next_dagrun for example_local_kubernetes_executor to None, run_after=None
[2024-07-02T09:06:32.090+0000] {processor.py:183} INFO - Processing /home/airflow/.local/lib/python3.8/site-packages/airflow/example_dags/example_local_kubernetes_executor.py took 0.067 seconds
[2024-07-02T09:07:02.458+0000] {processor.py:161} INFO - Started process (PID=378) to work on /home/airflow/.local/lib/python3.8/site-packages/airflow/example_dags/example_local_kubernetes_executor.py
[2024-07-02T09:07:02.463+0000] {processor.py:830} INFO - Processing file /home/airflow/.local/lib/python3.8/site-packages/airflow/example_dags/example_local_kubernetes_executor.py for tasks to queue
[2024-07-02T09:07:02.465+0000] {logging_mixin.py:188} INFO - [2024-07-02T09:07:02.465+0000] {dagbag.py:538} INFO - Filling up the DagBag from /home/airflow/.local/lib/python3.8/site-packages/airflow/example_dags/example_local_kubernetes_executor.py
[2024-07-02T09:07:02.472+0000] {processor.py:840} INFO - DAG(s) 'example_local_kubernetes_executor' retrieved from /home/airflow/.local/lib/python3.8/site-packages/airflow/example_dags/example_local_kubernetes_executor.py
[2024-07-02T09:07:02.495+0000] {logging_mixin.py:188} INFO - [2024-07-02T09:07:02.494+0000] {dag.py:3033} INFO - Sync 1 DAGs
[2024-07-02T09:07:02.506+0000] {logging_mixin.py:188} INFO - [2024-07-02T09:07:02.506+0000] {dag.py:3820} INFO - Setting next_dagrun for example_local_kubernetes_executor to None, run_after=None
[2024-07-02T09:07:02.530+0000] {processor.py:183} INFO - Processing /home/airflow/.local/lib/python3.8/site-packages/airflow/example_dags/example_local_kubernetes_executor.py took 0.075 seconds
[2024-07-02T09:07:33.054+0000] {processor.py:161} INFO - Started process (PID=433) to work on /home/airflow/.local/lib/python3.8/site-packages/airflow/example_dags/example_local_kubernetes_executor.py
[2024-07-02T09:07:33.055+0000] {processor.py:830} INFO - Processing file /home/airflow/.local/lib/python3.8/site-packages/airflow/example_dags/example_local_kubernetes_executor.py for tasks to queue
[2024-07-02T09:07:33.057+0000] {logging_mixin.py:188} INFO - [2024-07-02T09:07:33.056+0000] {dagbag.py:538} INFO - Filling up the DagBag from /home/airflow/.local/lib/python3.8/site-packages/airflow/example_dags/example_local_kubernetes_executor.py
[2024-07-02T09:07:33.064+0000] {processor.py:840} INFO - DAG(s) 'example_local_kubernetes_executor' retrieved from /home/airflow/.local/lib/python3.8/site-packages/airflow/example_dags/example_local_kubernetes_executor.py
[2024-07-02T09:07:33.084+0000] {logging_mixin.py:188} INFO - [2024-07-02T09:07:33.084+0000] {dag.py:3033} INFO - Sync 1 DAGs
[2024-07-02T09:07:33.097+0000] {logging_mixin.py:188} INFO - [2024-07-02T09:07:33.097+0000] {dag.py:3820} INFO - Setting next_dagrun for example_local_kubernetes_executor to None, run_after=None
[2024-07-02T09:07:33.114+0000] {processor.py:183} INFO - Processing /home/airflow/.local/lib/python3.8/site-packages/airflow/example_dags/example_local_kubernetes_executor.py took 0.062 seconds
[2024-07-02T09:08:03.606+0000] {processor.py:161} INFO - Started process (PID=488) to work on /home/airflow/.local/lib/python3.8/site-packages/airflow/example_dags/example_local_kubernetes_executor.py
[2024-07-02T09:08:03.607+0000] {processor.py:830} INFO - Processing file /home/airflow/.local/lib/python3.8/site-packages/airflow/example_dags/example_local_kubernetes_executor.py for tasks to queue
[2024-07-02T09:08:03.608+0000] {logging_mixin.py:188} INFO - [2024-07-02T09:08:03.608+0000] {dagbag.py:538} INFO - Filling up the DagBag from /home/airflow/.local/lib/python3.8/site-packages/airflow/example_dags/example_local_kubernetes_executor.py
[2024-07-02T09:08:03.615+0000] {processor.py:840} INFO - DAG(s) 'example_local_kubernetes_executor' retrieved from /home/airflow/.local/lib/python3.8/site-packages/airflow/example_dags/example_local_kubernetes_executor.py
[2024-07-02T09:08:03.634+0000] {logging_mixin.py:188} INFO - [2024-07-02T09:08:03.634+0000] {dag.py:3033} INFO - Sync 1 DAGs
[2024-07-02T09:08:03.647+0000] {logging_mixin.py:188} INFO - [2024-07-02T09:08:03.647+0000] {dag.py:3820} INFO - Setting next_dagrun for example_local_kubernetes_executor to None, run_after=None
[2024-07-02T09:08:03.665+0000] {processor.py:183} INFO - Processing /home/airflow/.local/lib/python3.8/site-packages/airflow/example_dags/example_local_kubernetes_executor.py took 0.062 seconds
[2024-07-02T09:08:34.214+0000] {processor.py:161} INFO - Started process (PID=543) to work on /home/airflow/.local/lib/python3.8/site-packages/airflow/example_dags/example_local_kubernetes_executor.py
[2024-07-02T09:08:34.214+0000] {processor.py:830} INFO - Processing file /home/airflow/.local/lib/python3.8/site-packages/airflow/example_dags/example_local_kubernetes_executor.py for tasks to queue
[2024-07-02T09:08:34.216+0000] {logging_mixin.py:188} INFO - [2024-07-02T09:08:34.216+0000] {dagbag.py:538} INFO - Filling up the DagBag from /home/airflow/.local/lib/python3.8/site-packages/airflow/example_dags/example_local_kubernetes_executor.py
[2024-07-02T09:08:34.221+0000] {processor.py:840} INFO - DAG(s) 'example_local_kubernetes_executor' retrieved from /home/airflow/.local/lib/python3.8/site-packages/airflow/example_dags/example_local_kubernetes_executor.py
[2024-07-02T09:08:34.238+0000] {logging_mixin.py:188} INFO - [2024-07-02T09:08:34.238+0000] {dag.py:3033} INFO - Sync 1 DAGs
[2024-07-02T09:08:34.249+0000] {logging_mixin.py:188} INFO - [2024-07-02T09:08:34.248+0000] {dag.py:3820} INFO - Setting next_dagrun for example_local_kubernetes_executor to None, run_after=None
[2024-07-02T09:08:34.265+0000] {processor.py:183} INFO - Processing /home/airflow/.local/lib/python3.8/site-packages/airflow/example_dags/example_local_kubernetes_executor.py took 0.053 seconds
[2024-07-02T09:09:04.816+0000] {processor.py:161} INFO - Started process (PID=598) to work on /home/airflow/.local/lib/python3.8/site-packages/airflow/example_dags/example_local_kubernetes_executor.py
[2024-07-02T09:09:04.819+0000] {processor.py:830} INFO - Processing file /home/airflow/.local/lib/python3.8/site-packages/airflow/example_dags/example_local_kubernetes_executor.py for tasks to queue
[2024-07-02T09:09:04.821+0000] {logging_mixin.py:188} INFO - [2024-07-02T09:09:04.821+0000] {dagbag.py:538} INFO - Filling up the DagBag from /home/airflow/.local/lib/python3.8/site-packages/airflow/example_dags/example_local_kubernetes_executor.py
[2024-07-02T09:09:04.829+0000] {processor.py:840} INFO - DAG(s) 'example_local_kubernetes_executor' retrieved from /home/airflow/.local/lib/python3.8/site-packages/airflow/example_dags/example_local_kubernetes_executor.py
[2024-07-02T09:09:04.852+0000] {logging_mixin.py:188} INFO - [2024-07-02T09:09:04.852+0000] {dag.py:3033} INFO - Sync 1 DAGs
[2024-07-02T09:09:04.866+0000] {logging_mixin.py:188} INFO - [2024-07-02T09:09:04.866+0000] {dag.py:3820} INFO - Setting next_dagrun for example_local_kubernetes_executor to None, run_after=None
[2024-07-02T09:09:04.884+0000] {processor.py:183} INFO - Processing /home/airflow/.local/lib/python3.8/site-packages/airflow/example_dags/example_local_kubernetes_executor.py took 0.071 seconds
[2024-07-02T09:09:35.394+0000] {processor.py:161} INFO - Started process (PID=653) to work on /home/airflow/.local/lib/python3.8/site-packages/airflow/example_dags/example_local_kubernetes_executor.py
[2024-07-02T09:09:35.395+0000] {processor.py:830} INFO - Processing file /home/airflow/.local/lib/python3.8/site-packages/airflow/example_dags/example_local_kubernetes_executor.py for tasks to queue
[2024-07-02T09:09:35.397+0000] {logging_mixin.py:188} INFO - [2024-07-02T09:09:35.397+0000] {dagbag.py:538} INFO - Filling up the DagBag from /home/airflow/.local/lib/python3.8/site-packages/airflow/example_dags/example_local_kubernetes_executor.py
[2024-07-02T09:09:35.406+0000] {processor.py:840} INFO - DAG(s) 'example_local_kubernetes_executor' retrieved from /home/airflow/.local/lib/python3.8/site-packages/airflow/example_dags/example_local_kubernetes_executor.py
[2024-07-02T09:09:35.426+0000] {logging_mixin.py:188} INFO - [2024-07-02T09:09:35.426+0000] {dag.py:3033} INFO - Sync 1 DAGs
[2024-07-02T09:09:35.438+0000] {logging_mixin.py:188} INFO - [2024-07-02T09:09:35.438+0000] {dag.py:3820} INFO - Setting next_dagrun for example_local_kubernetes_executor to None, run_after=None
[2024-07-02T09:09:35.455+0000] {processor.py:183} INFO - Processing /home/airflow/.local/lib/python3.8/site-packages/airflow/example_dags/example_local_kubernetes_executor.py took 0.065 seconds
[2024-07-02T09:10:05.715+0000] {processor.py:161} INFO - Started process (PID=708) to work on /home/airflow/.local/lib/python3.8/site-packages/airflow/example_dags/example_local_kubernetes_executor.py
[2024-07-02T09:10:05.718+0000] {processor.py:830} INFO - Processing file /home/airflow/.local/lib/python3.8/site-packages/airflow/example_dags/example_local_kubernetes_executor.py for tasks to queue
[2024-07-02T09:10:05.720+0000] {logging_mixin.py:188} INFO - [2024-07-02T09:10:05.720+0000] {dagbag.py:538} INFO - Filling up the DagBag from /home/airflow/.local/lib/python3.8/site-packages/airflow/example_dags/example_local_kubernetes_executor.py
[2024-07-02T09:10:05.728+0000] {processor.py:840} INFO - DAG(s) 'example_local_kubernetes_executor' retrieved from /home/airflow/.local/lib/python3.8/site-packages/airflow/example_dags/example_local_kubernetes_executor.py
[2024-07-02T09:10:05.749+0000] {logging_mixin.py:188} INFO - [2024-07-02T09:10:05.749+0000] {dag.py:3033} INFO - Sync 1 DAGs
[2024-07-02T09:10:05.760+0000] {logging_mixin.py:188} INFO - [2024-07-02T09:10:05.760+0000] {dag.py:3820} INFO - Setting next_dagrun for example_local_kubernetes_executor to None, run_after=None
[2024-07-02T09:10:05.777+0000] {processor.py:183} INFO - Processing /home/airflow/.local/lib/python3.8/site-packages/airflow/example_dags/example_local_kubernetes_executor.py took 0.065 seconds
[2024-07-02T09:10:36.363+0000] {processor.py:161} INFO - Started process (PID=763) to work on /home/airflow/.local/lib/python3.8/site-packages/airflow/example_dags/example_local_kubernetes_executor.py
[2024-07-02T09:10:36.364+0000] {processor.py:830} INFO - Processing file /home/airflow/.local/lib/python3.8/site-packages/airflow/example_dags/example_local_kubernetes_executor.py for tasks to queue
[2024-07-02T09:10:36.365+0000] {logging_mixin.py:188} INFO - [2024-07-02T09:10:36.365+0000] {dagbag.py:538} INFO - Filling up the DagBag from /home/airflow/.local/lib/python3.8/site-packages/airflow/example_dags/example_local_kubernetes_executor.py
[2024-07-02T09:10:36.372+0000] {processor.py:840} INFO - DAG(s) 'example_local_kubernetes_executor' retrieved from /home/airflow/.local/lib/python3.8/site-packages/airflow/example_dags/example_local_kubernetes_executor.py
[2024-07-02T09:10:36.392+0000] {logging_mixin.py:188} INFO - [2024-07-02T09:10:36.391+0000] {dag.py:3033} INFO - Sync 1 DAGs
[2024-07-02T09:10:36.404+0000] {logging_mixin.py:188} INFO - [2024-07-02T09:10:36.403+0000] {dag.py:3820} INFO - Setting next_dagrun for example_local_kubernetes_executor to None, run_after=None
[2024-07-02T09:10:36.419+0000] {processor.py:183} INFO - Processing /home/airflow/.local/lib/python3.8/site-packages/airflow/example_dags/example_local_kubernetes_executor.py took 0.059 seconds
[2024-07-02T09:11:06.921+0000] {processor.py:161} INFO - Started process (PID=818) to work on /home/airflow/.local/lib/python3.8/site-packages/airflow/example_dags/example_local_kubernetes_executor.py
[2024-07-02T09:11:06.922+0000] {processor.py:830} INFO - Processing file /home/airflow/.local/lib/python3.8/site-packages/airflow/example_dags/example_local_kubernetes_executor.py for tasks to queue
[2024-07-02T09:11:06.924+0000] {logging_mixin.py:188} INFO - [2024-07-02T09:11:06.924+0000] {dagbag.py:538} INFO - Filling up the DagBag from /home/airflow/.local/lib/python3.8/site-packages/airflow/example_dags/example_local_kubernetes_executor.py
[2024-07-02T09:11:06.930+0000] {processor.py:840} INFO - DAG(s) 'example_local_kubernetes_executor' retrieved from /home/airflow/.local/lib/python3.8/site-packages/airflow/example_dags/example_local_kubernetes_executor.py
[2024-07-02T09:11:06.948+0000] {logging_mixin.py:188} INFO - [2024-07-02T09:11:06.947+0000] {dag.py:3033} INFO - Sync 1 DAGs
[2024-07-02T09:11:06.960+0000] {logging_mixin.py:188} INFO - [2024-07-02T09:11:06.960+0000] {dag.py:3820} INFO - Setting next_dagrun for example_local_kubernetes_executor to None, run_after=None
[2024-07-02T09:11:06.976+0000] {processor.py:183} INFO - Processing /home/airflow/.local/lib/python3.8/site-packages/airflow/example_dags/example_local_kubernetes_executor.py took 0.057 seconds
[2024-07-02T09:11:37.689+0000] {processor.py:161} INFO - Started process (PID=873) to work on /home/airflow/.local/lib/python3.8/site-packages/airflow/example_dags/example_local_kubernetes_executor.py
[2024-07-02T09:11:37.693+0000] {processor.py:830} INFO - Processing file /home/airflow/.local/lib/python3.8/site-packages/airflow/example_dags/example_local_kubernetes_executor.py for tasks to queue
[2024-07-02T09:11:37.697+0000] {logging_mixin.py:188} INFO - [2024-07-02T09:11:37.696+0000] {dagbag.py:538} INFO - Filling up the DagBag from /home/airflow/.local/lib/python3.8/site-packages/airflow/example_dags/example_local_kubernetes_executor.py
[2024-07-02T09:11:37.713+0000] {processor.py:840} INFO - DAG(s) 'example_local_kubernetes_executor' retrieved from /home/airflow/.local/lib/python3.8/site-packages/airflow/example_dags/example_local_kubernetes_executor.py
[2024-07-02T09:11:37.765+0000] {logging_mixin.py:188} INFO - [2024-07-02T09:11:37.765+0000] {dag.py:3033} INFO - Sync 1 DAGs
[2024-07-02T09:11:37.803+0000] {logging_mixin.py:188} INFO - [2024-07-02T09:11:37.802+0000] {dag.py:3820} INFO - Setting next_dagrun for example_local_kubernetes_executor to None, run_after=None
[2024-07-02T09:11:37.848+0000] {processor.py:183} INFO - Processing /home/airflow/.local/lib/python3.8/site-packages/airflow/example_dags/example_local_kubernetes_executor.py took 0.166 seconds
[2024-07-02T09:12:08.819+0000] {processor.py:161} INFO - Started process (PID=928) to work on /home/airflow/.local/lib/python3.8/site-packages/airflow/example_dags/example_local_kubernetes_executor.py
[2024-07-02T09:12:08.823+0000] {processor.py:830} INFO - Processing file /home/airflow/.local/lib/python3.8/site-packages/airflow/example_dags/example_local_kubernetes_executor.py for tasks to queue
[2024-07-02T09:12:08.825+0000] {logging_mixin.py:188} INFO - [2024-07-02T09:12:08.825+0000] {dagbag.py:538} INFO - Filling up the DagBag from /home/airflow/.local/lib/python3.8/site-packages/airflow/example_dags/example_local_kubernetes_executor.py
[2024-07-02T09:12:08.834+0000] {processor.py:840} INFO - DAG(s) 'example_local_kubernetes_executor' retrieved from /home/airflow/.local/lib/python3.8/site-packages/airflow/example_dags/example_local_kubernetes_executor.py
[2024-07-02T09:12:08.864+0000] {logging_mixin.py:188} INFO - [2024-07-02T09:12:08.863+0000] {dag.py:3033} INFO - Sync 1 DAGs
[2024-07-02T09:12:08.878+0000] {logging_mixin.py:188} INFO - [2024-07-02T09:12:08.878+0000] {dag.py:3820} INFO - Setting next_dagrun for example_local_kubernetes_executor to None, run_after=None
[2024-07-02T09:12:08.897+0000] {processor.py:183} INFO - Processing /home/airflow/.local/lib/python3.8/site-packages/airflow/example_dags/example_local_kubernetes_executor.py took 0.082 seconds
[2024-07-02T09:12:38.943+0000] {processor.py:161} INFO - Started process (PID=983) to work on /home/airflow/.local/lib/python3.8/site-packages/airflow/example_dags/example_local_kubernetes_executor.py
[2024-07-02T09:12:38.946+0000] {processor.py:830} INFO - Processing file /home/airflow/.local/lib/python3.8/site-packages/airflow/example_dags/example_local_kubernetes_executor.py for tasks to queue
[2024-07-02T09:12:38.948+0000] {logging_mixin.py:188} INFO - [2024-07-02T09:12:38.948+0000] {dagbag.py:538} INFO - Filling up the DagBag from /home/airflow/.local/lib/python3.8/site-packages/airflow/example_dags/example_local_kubernetes_executor.py
[2024-07-02T09:12:38.955+0000] {processor.py:840} INFO - DAG(s) 'example_local_kubernetes_executor' retrieved from /home/airflow/.local/lib/python3.8/site-packages/airflow/example_dags/example_local_kubernetes_executor.py
[2024-07-02T09:12:38.972+0000] {logging_mixin.py:188} INFO - [2024-07-02T09:12:38.972+0000] {dag.py:3033} INFO - Sync 1 DAGs
[2024-07-02T09:12:38.982+0000] {logging_mixin.py:188} INFO - [2024-07-02T09:12:38.982+0000] {dag.py:3820} INFO - Setting next_dagrun for example_local_kubernetes_executor to None, run_after=None
[2024-07-02T09:12:38.999+0000] {processor.py:183} INFO - Processing /home/airflow/.local/lib/python3.8/site-packages/airflow/example_dags/example_local_kubernetes_executor.py took 0.058 seconds
[2024-07-02T09:13:09.725+0000] {processor.py:161} INFO - Started process (PID=1038) to work on /home/airflow/.local/lib/python3.8/site-packages/airflow/example_dags/example_local_kubernetes_executor.py
[2024-07-02T09:13:09.728+0000] {processor.py:830} INFO - Processing file /home/airflow/.local/lib/python3.8/site-packages/airflow/example_dags/example_local_kubernetes_executor.py for tasks to queue
[2024-07-02T09:13:09.730+0000] {logging_mixin.py:188} INFO - [2024-07-02T09:13:09.730+0000] {dagbag.py:538} INFO - Filling up the DagBag from /home/airflow/.local/lib/python3.8/site-packages/airflow/example_dags/example_local_kubernetes_executor.py
[2024-07-02T09:13:09.738+0000] {processor.py:840} INFO - DAG(s) 'example_local_kubernetes_executor' retrieved from /home/airflow/.local/lib/python3.8/site-packages/airflow/example_dags/example_local_kubernetes_executor.py
[2024-07-02T09:13:09.756+0000] {logging_mixin.py:188} INFO - [2024-07-02T09:13:09.756+0000] {dag.py:3033} INFO - Sync 1 DAGs
[2024-07-02T09:13:09.767+0000] {logging_mixin.py:188} INFO - [2024-07-02T09:13:09.767+0000] {dag.py:3820} INFO - Setting next_dagrun for example_local_kubernetes_executor to None, run_after=None
[2024-07-02T09:13:09.784+0000] {processor.py:183} INFO - Processing /home/airflow/.local/lib/python3.8/site-packages/airflow/example_dags/example_local_kubernetes_executor.py took 0.061 seconds
[2024-07-02T09:13:40.220+0000] {processor.py:161} INFO - Started process (PID=1093) to work on /home/airflow/.local/lib/python3.8/site-packages/airflow/example_dags/example_local_kubernetes_executor.py
[2024-07-02T09:13:40.224+0000] {processor.py:830} INFO - Processing file /home/airflow/.local/lib/python3.8/site-packages/airflow/example_dags/example_local_kubernetes_executor.py for tasks to queue
[2024-07-02T09:13:40.227+0000] {logging_mixin.py:188} INFO - [2024-07-02T09:13:40.226+0000] {dagbag.py:538} INFO - Filling up the DagBag from /home/airflow/.local/lib/python3.8/site-packages/airflow/example_dags/example_local_kubernetes_executor.py
[2024-07-02T09:13:40.238+0000] {processor.py:840} INFO - DAG(s) 'example_local_kubernetes_executor' retrieved from /home/airflow/.local/lib/python3.8/site-packages/airflow/example_dags/example_local_kubernetes_executor.py
[2024-07-02T09:13:40.269+0000] {logging_mixin.py:188} INFO - [2024-07-02T09:13:40.269+0000] {dag.py:3033} INFO - Sync 1 DAGs
[2024-07-02T09:13:40.292+0000] {logging_mixin.py:188} INFO - [2024-07-02T09:13:40.292+0000] {dag.py:3820} INFO - Setting next_dagrun for example_local_kubernetes_executor to None, run_after=None
[2024-07-02T09:13:40.322+0000] {processor.py:183} INFO - Processing /home/airflow/.local/lib/python3.8/site-packages/airflow/example_dags/example_local_kubernetes_executor.py took 0.106 seconds
[2024-07-02T09:14:10.788+0000] {processor.py:161} INFO - Started process (PID=1148) to work on /home/airflow/.local/lib/python3.8/site-packages/airflow/example_dags/example_local_kubernetes_executor.py
[2024-07-02T09:14:10.789+0000] {processor.py:830} INFO - Processing file /home/airflow/.local/lib/python3.8/site-packages/airflow/example_dags/example_local_kubernetes_executor.py for tasks to queue
[2024-07-02T09:14:10.790+0000] {logging_mixin.py:188} INFO - [2024-07-02T09:14:10.790+0000] {dagbag.py:538} INFO - Filling up the DagBag from /home/airflow/.local/lib/python3.8/site-packages/airflow/example_dags/example_local_kubernetes_executor.py
[2024-07-02T09:14:10.797+0000] {processor.py:840} INFO - DAG(s) 'example_local_kubernetes_executor' retrieved from /home/airflow/.local/lib/python3.8/site-packages/airflow/example_dags/example_local_kubernetes_executor.py
[2024-07-02T09:14:10.815+0000] {logging_mixin.py:188} INFO - [2024-07-02T09:14:10.815+0000] {dag.py:3033} INFO - Sync 1 DAGs
[2024-07-02T09:14:10.826+0000] {logging_mixin.py:188} INFO - [2024-07-02T09:14:10.826+0000] {dag.py:3820} INFO - Setting next_dagrun for example_local_kubernetes_executor to None, run_after=None
[2024-07-02T09:14:10.845+0000] {processor.py:183} INFO - Processing /home/airflow/.local/lib/python3.8/site-packages/airflow/example_dags/example_local_kubernetes_executor.py took 0.059 seconds
[2024-07-02T09:14:41.210+0000] {processor.py:161} INFO - Started process (PID=1203) to work on /home/airflow/.local/lib/python3.8/site-packages/airflow/example_dags/example_local_kubernetes_executor.py
[2024-07-02T09:14:41.214+0000] {processor.py:830} INFO - Processing file /home/airflow/.local/lib/python3.8/site-packages/airflow/example_dags/example_local_kubernetes_executor.py for tasks to queue
[2024-07-02T09:14:41.216+0000] {logging_mixin.py:188} INFO - [2024-07-02T09:14:41.216+0000] {dagbag.py:538} INFO - Filling up the DagBag from /home/airflow/.local/lib/python3.8/site-packages/airflow/example_dags/example_local_kubernetes_executor.py
[2024-07-02T09:14:41.225+0000] {processor.py:840} INFO - DAG(s) 'example_local_kubernetes_executor' retrieved from /home/airflow/.local/lib/python3.8/site-packages/airflow/example_dags/example_local_kubernetes_executor.py
[2024-07-02T09:14:41.253+0000] {logging_mixin.py:188} INFO - [2024-07-02T09:14:41.253+0000] {dag.py:3033} INFO - Sync 1 DAGs
[2024-07-02T09:14:41.271+0000] {logging_mixin.py:188} INFO - [2024-07-02T09:14:41.270+0000] {dag.py:3820} INFO - Setting next_dagrun for example_local_kubernetes_executor to None, run_after=None
[2024-07-02T09:14:41.288+0000] {processor.py:183} INFO - Processing /home/airflow/.local/lib/python3.8/site-packages/airflow/example_dags/example_local_kubernetes_executor.py took 0.081 seconds
[2024-07-02T09:15:11.789+0000] {processor.py:161} INFO - Started process (PID=1258) to work on /home/airflow/.local/lib/python3.8/site-packages/airflow/example_dags/example_local_kubernetes_executor.py
[2024-07-02T09:15:11.792+0000] {processor.py:830} INFO - Processing file /home/airflow/.local/lib/python3.8/site-packages/airflow/example_dags/example_local_kubernetes_executor.py for tasks to queue
[2024-07-02T09:15:11.794+0000] {logging_mixin.py:188} INFO - [2024-07-02T09:15:11.794+0000] {dagbag.py:538} INFO - Filling up the DagBag from /home/airflow/.local/lib/python3.8/site-packages/airflow/example_dags/example_local_kubernetes_executor.py
[2024-07-02T09:15:11.803+0000] {processor.py:840} INFO - DAG(s) 'example_local_kubernetes_executor' retrieved from /home/airflow/.local/lib/python3.8/site-packages/airflow/example_dags/example_local_kubernetes_executor.py
[2024-07-02T09:15:11.825+0000] {logging_mixin.py:188} INFO - [2024-07-02T09:15:11.825+0000] {dag.py:3033} INFO - Sync 1 DAGs
[2024-07-02T09:15:11.838+0000] {logging_mixin.py:188} INFO - [2024-07-02T09:15:11.838+0000] {dag.py:3820} INFO - Setting next_dagrun for example_local_kubernetes_executor to None, run_after=None
[2024-07-02T09:15:11.857+0000] {processor.py:183} INFO - Processing /home/airflow/.local/lib/python3.8/site-packages/airflow/example_dags/example_local_kubernetes_executor.py took 0.071 seconds
[2024-07-02T09:15:42.208+0000] {processor.py:161} INFO - Started process (PID=1313) to work on /home/airflow/.local/lib/python3.8/site-packages/airflow/example_dags/example_local_kubernetes_executor.py
[2024-07-02T09:15:42.212+0000] {processor.py:830} INFO - Processing file /home/airflow/.local/lib/python3.8/site-packages/airflow/example_dags/example_local_kubernetes_executor.py for tasks to queue
[2024-07-02T09:15:42.214+0000] {logging_mixin.py:188} INFO - [2024-07-02T09:15:42.214+0000] {dagbag.py:538} INFO - Filling up the DagBag from /home/airflow/.local/lib/python3.8/site-packages/airflow/example_dags/example_local_kubernetes_executor.py
[2024-07-02T09:15:42.222+0000] {processor.py:840} INFO - DAG(s) 'example_local_kubernetes_executor' retrieved from /home/airflow/.local/lib/python3.8/site-packages/airflow/example_dags/example_local_kubernetes_executor.py
[2024-07-02T09:15:42.242+0000] {logging_mixin.py:188} INFO - [2024-07-02T09:15:42.242+0000] {dag.py:3033} INFO - Sync 1 DAGs
[2024-07-02T09:15:42.254+0000] {logging_mixin.py:188} INFO - [2024-07-02T09:15:42.253+0000] {dag.py:3820} INFO - Setting next_dagrun for example_local_kubernetes_executor to None, run_after=None
[2024-07-02T09:15:42.273+0000] {processor.py:183} INFO - Processing /home/airflow/.local/lib/python3.8/site-packages/airflow/example_dags/example_local_kubernetes_executor.py took 0.068 seconds
[2024-07-02T09:16:12.843+0000] {processor.py:161} INFO - Started process (PID=1367) to work on /home/airflow/.local/lib/python3.8/site-packages/airflow/example_dags/example_local_kubernetes_executor.py
[2024-07-02T09:16:12.848+0000] {processor.py:830} INFO - Processing file /home/airflow/.local/lib/python3.8/site-packages/airflow/example_dags/example_local_kubernetes_executor.py for tasks to queue
[2024-07-02T09:16:12.850+0000] {logging_mixin.py:188} INFO - [2024-07-02T09:16:12.850+0000] {dagbag.py:538} INFO - Filling up the DagBag from /home/airflow/.local/lib/python3.8/site-packages/airflow/example_dags/example_local_kubernetes_executor.py
[2024-07-02T09:16:12.859+0000] {processor.py:840} INFO - DAG(s) 'example_local_kubernetes_executor' retrieved from /home/airflow/.local/lib/python3.8/site-packages/airflow/example_dags/example_local_kubernetes_executor.py
[2024-07-02T09:16:12.888+0000] {logging_mixin.py:188} INFO - [2024-07-02T09:16:12.888+0000] {dag.py:3033} INFO - Sync 1 DAGs
[2024-07-02T09:16:12.908+0000] {logging_mixin.py:188} INFO - [2024-07-02T09:16:12.908+0000] {dag.py:3820} INFO - Setting next_dagrun for example_local_kubernetes_executor to None, run_after=None
[2024-07-02T09:16:12.929+0000] {processor.py:183} INFO - Processing /home/airflow/.local/lib/python3.8/site-packages/airflow/example_dags/example_local_kubernetes_executor.py took 0.091 seconds
[2024-07-02T09:16:43.447+0000] {processor.py:161} INFO - Started process (PID=1422) to work on /home/airflow/.local/lib/python3.8/site-packages/airflow/example_dags/example_local_kubernetes_executor.py
[2024-07-02T09:16:43.451+0000] {processor.py:830} INFO - Processing file /home/airflow/.local/lib/python3.8/site-packages/airflow/example_dags/example_local_kubernetes_executor.py for tasks to queue
[2024-07-02T09:16:43.454+0000] {logging_mixin.py:188} INFO - [2024-07-02T09:16:43.454+0000] {dagbag.py:538} INFO - Filling up the DagBag from /home/airflow/.local/lib/python3.8/site-packages/airflow/example_dags/example_local_kubernetes_executor.py
[2024-07-02T09:16:43.463+0000] {processor.py:840} INFO - DAG(s) 'example_local_kubernetes_executor' retrieved from /home/airflow/.local/lib/python3.8/site-packages/airflow/example_dags/example_local_kubernetes_executor.py
[2024-07-02T09:16:43.485+0000] {logging_mixin.py:188} INFO - [2024-07-02T09:16:43.485+0000] {dag.py:3033} INFO - Sync 1 DAGs
[2024-07-02T09:16:43.498+0000] {logging_mixin.py:188} INFO - [2024-07-02T09:16:43.498+0000] {dag.py:3820} INFO - Setting next_dagrun for example_local_kubernetes_executor to None, run_after=None
[2024-07-02T09:16:43.515+0000] {processor.py:183} INFO - Processing /home/airflow/.local/lib/python3.8/site-packages/airflow/example_dags/example_local_kubernetes_executor.py took 0.071 seconds
[2024-07-02T09:17:13.950+0000] {processor.py:161} INFO - Started process (PID=1477) to work on /home/airflow/.local/lib/python3.8/site-packages/airflow/example_dags/example_local_kubernetes_executor.py
[2024-07-02T09:17:13.954+0000] {processor.py:830} INFO - Processing file /home/airflow/.local/lib/python3.8/site-packages/airflow/example_dags/example_local_kubernetes_executor.py for tasks to queue
[2024-07-02T09:17:13.957+0000] {logging_mixin.py:188} INFO - [2024-07-02T09:17:13.956+0000] {dagbag.py:538} INFO - Filling up the DagBag from /home/airflow/.local/lib/python3.8/site-packages/airflow/example_dags/example_local_kubernetes_executor.py
[2024-07-02T09:17:13.965+0000] {processor.py:840} INFO - DAG(s) 'example_local_kubernetes_executor' retrieved from /home/airflow/.local/lib/python3.8/site-packages/airflow/example_dags/example_local_kubernetes_executor.py
[2024-07-02T09:17:13.988+0000] {logging_mixin.py:188} INFO - [2024-07-02T09:17:13.987+0000] {dag.py:3033} INFO - Sync 1 DAGs
[2024-07-02T09:17:14.000+0000] {logging_mixin.py:188} INFO - [2024-07-02T09:17:14.000+0000] {dag.py:3820} INFO - Setting next_dagrun for example_local_kubernetes_executor to None, run_after=None
[2024-07-02T09:17:14.019+0000] {processor.py:183} INFO - Processing /home/airflow/.local/lib/python3.8/site-packages/airflow/example_dags/example_local_kubernetes_executor.py took 0.073 seconds
[2024-07-02T09:17:44.389+0000] {processor.py:161} INFO - Started process (PID=1533) to work on /home/airflow/.local/lib/python3.8/site-packages/airflow/example_dags/example_local_kubernetes_executor.py
[2024-07-02T09:17:44.393+0000] {processor.py:830} INFO - Processing file /home/airflow/.local/lib/python3.8/site-packages/airflow/example_dags/example_local_kubernetes_executor.py for tasks to queue
[2024-07-02T09:17:44.395+0000] {logging_mixin.py:188} INFO - [2024-07-02T09:17:44.395+0000] {dagbag.py:538} INFO - Filling up the DagBag from /home/airflow/.local/lib/python3.8/site-packages/airflow/example_dags/example_local_kubernetes_executor.py
[2024-07-02T09:17:44.404+0000] {processor.py:840} INFO - DAG(s) 'example_local_kubernetes_executor' retrieved from /home/airflow/.local/lib/python3.8/site-packages/airflow/example_dags/example_local_kubernetes_executor.py
[2024-07-02T09:17:44.426+0000] {logging_mixin.py:188} INFO - [2024-07-02T09:17:44.426+0000] {dag.py:3033} INFO - Sync 1 DAGs
[2024-07-02T09:17:44.438+0000] {logging_mixin.py:188} INFO - [2024-07-02T09:17:44.438+0000] {dag.py:3820} INFO - Setting next_dagrun for example_local_kubernetes_executor to None, run_after=None
[2024-07-02T09:17:44.456+0000] {processor.py:183} INFO - Processing /home/airflow/.local/lib/python3.8/site-packages/airflow/example_dags/example_local_kubernetes_executor.py took 0.070 seconds
[2024-07-02T09:18:14.857+0000] {processor.py:161} INFO - Started process (PID=1588) to work on /home/airflow/.local/lib/python3.8/site-packages/airflow/example_dags/example_local_kubernetes_executor.py
[2024-07-02T09:18:14.861+0000] {processor.py:830} INFO - Processing file /home/airflow/.local/lib/python3.8/site-packages/airflow/example_dags/example_local_kubernetes_executor.py for tasks to queue
[2024-07-02T09:18:14.863+0000] {logging_mixin.py:188} INFO - [2024-07-02T09:18:14.863+0000] {dagbag.py:538} INFO - Filling up the DagBag from /home/airflow/.local/lib/python3.8/site-packages/airflow/example_dags/example_local_kubernetes_executor.py
[2024-07-02T09:18:14.872+0000] {processor.py:840} INFO - DAG(s) 'example_local_kubernetes_executor' retrieved from /home/airflow/.local/lib/python3.8/site-packages/airflow/example_dags/example_local_kubernetes_executor.py
[2024-07-02T09:18:14.893+0000] {logging_mixin.py:188} INFO - [2024-07-02T09:18:14.892+0000] {dag.py:3033} INFO - Sync 1 DAGs
[2024-07-02T09:18:14.905+0000] {logging_mixin.py:188} INFO - [2024-07-02T09:18:14.905+0000] {dag.py:3820} INFO - Setting next_dagrun for example_local_kubernetes_executor to None, run_after=None
[2024-07-02T09:18:14.922+0000] {processor.py:183} INFO - Processing /home/airflow/.local/lib/python3.8/site-packages/airflow/example_dags/example_local_kubernetes_executor.py took 0.068 seconds
[2024-07-02T09:18:45.334+0000] {processor.py:161} INFO - Started process (PID=1643) to work on /home/airflow/.local/lib/python3.8/site-packages/airflow/example_dags/example_local_kubernetes_executor.py
[2024-07-02T09:18:45.338+0000] {processor.py:830} INFO - Processing file /home/airflow/.local/lib/python3.8/site-packages/airflow/example_dags/example_local_kubernetes_executor.py for tasks to queue
[2024-07-02T09:18:45.340+0000] {logging_mixin.py:188} INFO - [2024-07-02T09:18:45.340+0000] {dagbag.py:538} INFO - Filling up the DagBag from /home/airflow/.local/lib/python3.8/site-packages/airflow/example_dags/example_local_kubernetes_executor.py
[2024-07-02T09:18:45.349+0000] {processor.py:840} INFO - DAG(s) 'example_local_kubernetes_executor' retrieved from /home/airflow/.local/lib/python3.8/site-packages/airflow/example_dags/example_local_kubernetes_executor.py
[2024-07-02T09:18:45.376+0000] {logging_mixin.py:188} INFO - [2024-07-02T09:18:45.376+0000] {dag.py:3033} INFO - Sync 1 DAGs
[2024-07-02T09:18:45.394+0000] {logging_mixin.py:188} INFO - [2024-07-02T09:18:45.393+0000] {dag.py:3820} INFO - Setting next_dagrun for example_local_kubernetes_executor to None, run_after=None
[2024-07-02T09:18:45.412+0000] {processor.py:183} INFO - Processing /home/airflow/.local/lib/python3.8/site-packages/airflow/example_dags/example_local_kubernetes_executor.py took 0.081 seconds
[2024-07-02T09:19:15.765+0000] {processor.py:161} INFO - Started process (PID=1698) to work on /home/airflow/.local/lib/python3.8/site-packages/airflow/example_dags/example_local_kubernetes_executor.py
[2024-07-02T09:19:15.769+0000] {processor.py:830} INFO - Processing file /home/airflow/.local/lib/python3.8/site-packages/airflow/example_dags/example_local_kubernetes_executor.py for tasks to queue
[2024-07-02T09:19:15.773+0000] {logging_mixin.py:188} INFO - [2024-07-02T09:19:15.773+0000] {dagbag.py:538} INFO - Filling up the DagBag from /home/airflow/.local/lib/python3.8/site-packages/airflow/example_dags/example_local_kubernetes_executor.py
[2024-07-02T09:19:15.786+0000] {processor.py:840} INFO - DAG(s) 'example_local_kubernetes_executor' retrieved from /home/airflow/.local/lib/python3.8/site-packages/airflow/example_dags/example_local_kubernetes_executor.py
[2024-07-02T09:19:15.810+0000] {logging_mixin.py:188} INFO - [2024-07-02T09:19:15.810+0000] {dag.py:3033} INFO - Sync 1 DAGs
[2024-07-02T09:19:15.825+0000] {logging_mixin.py:188} INFO - [2024-07-02T09:19:15.825+0000] {dag.py:3820} INFO - Setting next_dagrun for example_local_kubernetes_executor to None, run_after=None
[2024-07-02T09:19:15.843+0000] {processor.py:183} INFO - Processing /home/airflow/.local/lib/python3.8/site-packages/airflow/example_dags/example_local_kubernetes_executor.py took 0.087 seconds
[2024-07-02T09:19:45.981+0000] {processor.py:161} INFO - Started process (PID=1752) to work on /home/airflow/.local/lib/python3.8/site-packages/airflow/example_dags/example_local_kubernetes_executor.py
[2024-07-02T09:19:45.984+0000] {processor.py:830} INFO - Processing file /home/airflow/.local/lib/python3.8/site-packages/airflow/example_dags/example_local_kubernetes_executor.py for tasks to queue
[2024-07-02T09:19:45.987+0000] {logging_mixin.py:188} INFO - [2024-07-02T09:19:45.986+0000] {dagbag.py:538} INFO - Filling up the DagBag from /home/airflow/.local/lib/python3.8/site-packages/airflow/example_dags/example_local_kubernetes_executor.py
[2024-07-02T09:19:45.996+0000] {processor.py:840} INFO - DAG(s) 'example_local_kubernetes_executor' retrieved from /home/airflow/.local/lib/python3.8/site-packages/airflow/example_dags/example_local_kubernetes_executor.py
[2024-07-02T09:19:46.013+0000] {logging_mixin.py:188} INFO - [2024-07-02T09:19:46.012+0000] {dag.py:3033} INFO - Sync 1 DAGs
[2024-07-02T09:19:46.023+0000] {logging_mixin.py:188} INFO - [2024-07-02T09:19:46.023+0000] {dag.py:3820} INFO - Setting next_dagrun for example_local_kubernetes_executor to None, run_after=None
[2024-07-02T09:19:46.042+0000] {processor.py:183} INFO - Processing /home/airflow/.local/lib/python3.8/site-packages/airflow/example_dags/example_local_kubernetes_executor.py took 0.064 seconds
[2024-07-02T09:20:16.635+0000] {processor.py:161} INFO - Started process (PID=1806) to work on /home/airflow/.local/lib/python3.8/site-packages/airflow/example_dags/example_local_kubernetes_executor.py
[2024-07-02T09:20:16.635+0000] {processor.py:830} INFO - Processing file /home/airflow/.local/lib/python3.8/site-packages/airflow/example_dags/example_local_kubernetes_executor.py for tasks to queue
[2024-07-02T09:20:16.637+0000] {logging_mixin.py:188} INFO - [2024-07-02T09:20:16.637+0000] {dagbag.py:538} INFO - Filling up the DagBag from /home/airflow/.local/lib/python3.8/site-packages/airflow/example_dags/example_local_kubernetes_executor.py
[2024-07-02T09:20:16.643+0000] {processor.py:840} INFO - DAG(s) 'example_local_kubernetes_executor' retrieved from /home/airflow/.local/lib/python3.8/site-packages/airflow/example_dags/example_local_kubernetes_executor.py
[2024-07-02T09:20:16.663+0000] {logging_mixin.py:188} INFO - [2024-07-02T09:20:16.663+0000] {dag.py:3033} INFO - Sync 1 DAGs
[2024-07-02T09:20:16.678+0000] {logging_mixin.py:188} INFO - [2024-07-02T09:20:16.678+0000] {dag.py:3820} INFO - Setting next_dagrun for example_local_kubernetes_executor to None, run_after=None
[2024-07-02T09:20:16.696+0000] {processor.py:183} INFO - Processing /home/airflow/.local/lib/python3.8/site-packages/airflow/example_dags/example_local_kubernetes_executor.py took 0.063 seconds
[2024-07-02T09:20:47.183+0000] {processor.py:161} INFO - Started process (PID=1861) to work on /home/airflow/.local/lib/python3.8/site-packages/airflow/example_dags/example_local_kubernetes_executor.py
[2024-07-02T09:20:47.187+0000] {processor.py:830} INFO - Processing file /home/airflow/.local/lib/python3.8/site-packages/airflow/example_dags/example_local_kubernetes_executor.py for tasks to queue
[2024-07-02T09:20:47.190+0000] {logging_mixin.py:188} INFO - [2024-07-02T09:20:47.190+0000] {dagbag.py:538} INFO - Filling up the DagBag from /home/airflow/.local/lib/python3.8/site-packages/airflow/example_dags/example_local_kubernetes_executor.py
[2024-07-02T09:20:47.200+0000] {processor.py:840} INFO - DAG(s) 'example_local_kubernetes_executor' retrieved from /home/airflow/.local/lib/python3.8/site-packages/airflow/example_dags/example_local_kubernetes_executor.py
[2024-07-02T09:20:47.223+0000] {logging_mixin.py:188} INFO - [2024-07-02T09:20:47.223+0000] {dag.py:3033} INFO - Sync 1 DAGs
[2024-07-02T09:20:47.238+0000] {logging_mixin.py:188} INFO - [2024-07-02T09:20:47.238+0000] {dag.py:3820} INFO - Setting next_dagrun for example_local_kubernetes_executor to None, run_after=None
[2024-07-02T09:20:47.258+0000] {processor.py:183} INFO - Processing /home/airflow/.local/lib/python3.8/site-packages/airflow/example_dags/example_local_kubernetes_executor.py took 0.080 seconds
[2024-07-02T09:21:18.297+0000] {processor.py:161} INFO - Started process (PID=1916) to work on /home/airflow/.local/lib/python3.8/site-packages/airflow/example_dags/example_local_kubernetes_executor.py
[2024-07-02T09:21:18.300+0000] {processor.py:830} INFO - Processing file /home/airflow/.local/lib/python3.8/site-packages/airflow/example_dags/example_local_kubernetes_executor.py for tasks to queue
[2024-07-02T09:21:18.303+0000] {logging_mixin.py:188} INFO - [2024-07-02T09:21:18.303+0000] {dagbag.py:538} INFO - Filling up the DagBag from /home/airflow/.local/lib/python3.8/site-packages/airflow/example_dags/example_local_kubernetes_executor.py
[2024-07-02T09:21:18.313+0000] {processor.py:840} INFO - DAG(s) 'example_local_kubernetes_executor' retrieved from /home/airflow/.local/lib/python3.8/site-packages/airflow/example_dags/example_local_kubernetes_executor.py
[2024-07-02T09:21:18.335+0000] {logging_mixin.py:188} INFO - [2024-07-02T09:21:18.334+0000] {dag.py:3033} INFO - Sync 1 DAGs
[2024-07-02T09:21:18.347+0000] {logging_mixin.py:188} INFO - [2024-07-02T09:21:18.346+0000] {dag.py:3820} INFO - Setting next_dagrun for example_local_kubernetes_executor to None, run_after=None
[2024-07-02T09:21:18.365+0000] {processor.py:183} INFO - Processing /home/airflow/.local/lib/python3.8/site-packages/airflow/example_dags/example_local_kubernetes_executor.py took 0.074 seconds
[2024-07-02T09:21:48.755+0000] {processor.py:161} INFO - Started process (PID=1970) to work on /home/airflow/.local/lib/python3.8/site-packages/airflow/example_dags/example_local_kubernetes_executor.py
[2024-07-02T09:21:48.759+0000] {processor.py:830} INFO - Processing file /home/airflow/.local/lib/python3.8/site-packages/airflow/example_dags/example_local_kubernetes_executor.py for tasks to queue
[2024-07-02T09:21:48.761+0000] {logging_mixin.py:188} INFO - [2024-07-02T09:21:48.760+0000] {dagbag.py:538} INFO - Filling up the DagBag from /home/airflow/.local/lib/python3.8/site-packages/airflow/example_dags/example_local_kubernetes_executor.py
[2024-07-02T09:21:48.767+0000] {processor.py:840} INFO - DAG(s) 'example_local_kubernetes_executor' retrieved from /home/airflow/.local/lib/python3.8/site-packages/airflow/example_dags/example_local_kubernetes_executor.py
[2024-07-02T09:21:48.786+0000] {logging_mixin.py:188} INFO - [2024-07-02T09:21:48.786+0000] {dag.py:3033} INFO - Sync 1 DAGs
[2024-07-02T09:21:48.798+0000] {logging_mixin.py:188} INFO - [2024-07-02T09:21:48.798+0000] {dag.py:3820} INFO - Setting next_dagrun for example_local_kubernetes_executor to None, run_after=None
[2024-07-02T09:21:48.816+0000] {processor.py:183} INFO - Processing /home/airflow/.local/lib/python3.8/site-packages/airflow/example_dags/example_local_kubernetes_executor.py took 0.063 seconds
[2024-07-02T09:22:18.880+0000] {processor.py:161} INFO - Started process (PID=2025) to work on /home/airflow/.local/lib/python3.8/site-packages/airflow/example_dags/example_local_kubernetes_executor.py
[2024-07-02T09:22:18.884+0000] {processor.py:830} INFO - Processing file /home/airflow/.local/lib/python3.8/site-packages/airflow/example_dags/example_local_kubernetes_executor.py for tasks to queue
[2024-07-02T09:22:18.886+0000] {logging_mixin.py:188} INFO - [2024-07-02T09:22:18.886+0000] {dagbag.py:538} INFO - Filling up the DagBag from /home/airflow/.local/lib/python3.8/site-packages/airflow/example_dags/example_local_kubernetes_executor.py
[2024-07-02T09:22:18.893+0000] {processor.py:840} INFO - DAG(s) 'example_local_kubernetes_executor' retrieved from /home/airflow/.local/lib/python3.8/site-packages/airflow/example_dags/example_local_kubernetes_executor.py
[2024-07-02T09:22:18.915+0000] {logging_mixin.py:188} INFO - [2024-07-02T09:22:18.915+0000] {dag.py:3033} INFO - Sync 1 DAGs
[2024-07-02T09:22:18.933+0000] {logging_mixin.py:188} INFO - [2024-07-02T09:22:18.932+0000] {dag.py:3820} INFO - Setting next_dagrun for example_local_kubernetes_executor to None, run_after=None
[2024-07-02T09:22:18.952+0000] {processor.py:183} INFO - Processing /home/airflow/.local/lib/python3.8/site-packages/airflow/example_dags/example_local_kubernetes_executor.py took 0.074 seconds
[2024-07-02T09:22:49.455+0000] {processor.py:161} INFO - Started process (PID=2080) to work on /home/airflow/.local/lib/python3.8/site-packages/airflow/example_dags/example_local_kubernetes_executor.py
[2024-07-02T09:22:49.456+0000] {processor.py:830} INFO - Processing file /home/airflow/.local/lib/python3.8/site-packages/airflow/example_dags/example_local_kubernetes_executor.py for tasks to queue
[2024-07-02T09:22:49.459+0000] {logging_mixin.py:188} INFO - [2024-07-02T09:22:49.459+0000] {dagbag.py:538} INFO - Filling up the DagBag from /home/airflow/.local/lib/python3.8/site-packages/airflow/example_dags/example_local_kubernetes_executor.py
[2024-07-02T09:22:49.470+0000] {processor.py:840} INFO - DAG(s) 'example_local_kubernetes_executor' retrieved from /home/airflow/.local/lib/python3.8/site-packages/airflow/example_dags/example_local_kubernetes_executor.py
[2024-07-02T09:22:49.493+0000] {logging_mixin.py:188} INFO - [2024-07-02T09:22:49.493+0000] {dag.py:3033} INFO - Sync 1 DAGs
[2024-07-02T09:22:49.506+0000] {logging_mixin.py:188} INFO - [2024-07-02T09:22:49.506+0000] {dag.py:3820} INFO - Setting next_dagrun for example_local_kubernetes_executor to None, run_after=None
[2024-07-02T09:22:49.524+0000] {processor.py:183} INFO - Processing /home/airflow/.local/lib/python3.8/site-packages/airflow/example_dags/example_local_kubernetes_executor.py took 0.075 seconds
[2024-07-02T09:23:19.616+0000] {processor.py:161} INFO - Started process (PID=2135) to work on /home/airflow/.local/lib/python3.8/site-packages/airflow/example_dags/example_local_kubernetes_executor.py
[2024-07-02T09:23:19.620+0000] {processor.py:830} INFO - Processing file /home/airflow/.local/lib/python3.8/site-packages/airflow/example_dags/example_local_kubernetes_executor.py for tasks to queue
[2024-07-02T09:23:19.622+0000] {logging_mixin.py:188} INFO - [2024-07-02T09:23:19.622+0000] {dagbag.py:538} INFO - Filling up the DagBag from /home/airflow/.local/lib/python3.8/site-packages/airflow/example_dags/example_local_kubernetes_executor.py
[2024-07-02T09:23:19.631+0000] {processor.py:840} INFO - DAG(s) 'example_local_kubernetes_executor' retrieved from /home/airflow/.local/lib/python3.8/site-packages/airflow/example_dags/example_local_kubernetes_executor.py
[2024-07-02T09:23:19.651+0000] {logging_mixin.py:188} INFO - [2024-07-02T09:23:19.651+0000] {dag.py:3033} INFO - Sync 1 DAGs
[2024-07-02T09:23:19.663+0000] {logging_mixin.py:188} INFO - [2024-07-02T09:23:19.663+0000] {dag.py:3820} INFO - Setting next_dagrun for example_local_kubernetes_executor to None, run_after=None
[2024-07-02T09:23:19.681+0000] {processor.py:183} INFO - Processing /home/airflow/.local/lib/python3.8/site-packages/airflow/example_dags/example_local_kubernetes_executor.py took 0.068 seconds
[2024-07-02T09:23:49.948+0000] {processor.py:161} INFO - Started process (PID=2190) to work on /home/airflow/.local/lib/python3.8/site-packages/airflow/example_dags/example_local_kubernetes_executor.py
[2024-07-02T09:23:49.948+0000] {processor.py:830} INFO - Processing file /home/airflow/.local/lib/python3.8/site-packages/airflow/example_dags/example_local_kubernetes_executor.py for tasks to queue
[2024-07-02T09:23:49.950+0000] {logging_mixin.py:188} INFO - [2024-07-02T09:23:49.950+0000] {dagbag.py:538} INFO - Filling up the DagBag from /home/airflow/.local/lib/python3.8/site-packages/airflow/example_dags/example_local_kubernetes_executor.py
[2024-07-02T09:23:49.958+0000] {processor.py:840} INFO - DAG(s) 'example_local_kubernetes_executor' retrieved from /home/airflow/.local/lib/python3.8/site-packages/airflow/example_dags/example_local_kubernetes_executor.py
[2024-07-02T09:23:49.979+0000] {logging_mixin.py:188} INFO - [2024-07-02T09:23:49.979+0000] {dag.py:3033} INFO - Sync 1 DAGs
[2024-07-02T09:23:49.991+0000] {logging_mixin.py:188} INFO - [2024-07-02T09:23:49.991+0000] {dag.py:3820} INFO - Setting next_dagrun for example_local_kubernetes_executor to None, run_after=None
[2024-07-02T09:23:50.157+0000] {processor.py:183} INFO - Processing /home/airflow/.local/lib/python3.8/site-packages/airflow/example_dags/example_local_kubernetes_executor.py took 0.212 seconds
