[2024-07-02T09:04:04.981+0000] {processor.py:161} INFO - Started process (PID=79) to work on /home/airflow/.local/lib/python3.8/site-packages/airflow/example_dags/example_latest_only.py
[2024-07-02T09:04:04.982+0000] {processor.py:830} INFO - Processing file /home/airflow/.local/lib/python3.8/site-packages/airflow/example_dags/example_latest_only.py for tasks to queue
[2024-07-02T09:04:04.985+0000] {logging_mixin.py:188} INFO - [2024-07-02T09:04:04.985+0000] {dagbag.py:538} INFO - Filling up the DagBag from /home/airflow/.local/lib/python3.8/site-packages/airflow/example_dags/example_latest_only.py
[2024-07-02T09:04:04.992+0000] {processor.py:840} INFO - DAG(s) 'latest_only' retrieved from /home/airflow/.local/lib/python3.8/site-packages/airflow/example_dags/example_latest_only.py
[2024-07-02T09:04:05.104+0000] {logging_mixin.py:188} INFO - [2024-07-02T09:04:05.103+0000] {override.py:1769} INFO - Created Permission View: can edit on DAG:latest_only
[2024-07-02T09:04:05.124+0000] {logging_mixin.py:188} INFO - [2024-07-02T09:04:05.123+0000] {override.py:1769} INFO - Created Permission View: can delete on DAG:latest_only
[2024-07-02T09:04:05.136+0000] {logging_mixin.py:188} INFO - [2024-07-02T09:04:05.136+0000] {override.py:1769} INFO - Created Permission View: can read on DAG:latest_only
[2024-07-02T09:04:05.137+0000] {logging_mixin.py:188} INFO - [2024-07-02T09:04:05.137+0000] {dag.py:3033} INFO - Sync 1 DAGs
[2024-07-02T09:04:05.162+0000] {logging_mixin.py:188} INFO - [2024-07-02T09:04:05.162+0000] {dag.py:3055} INFO - Creating ORM DAG for latest_only
[2024-07-02T09:04:05.183+0000] {logging_mixin.py:188} INFO - [2024-07-02T09:04:05.183+0000] {dag.py:3820} INFO - Setting next_dagrun for latest_only to 2024-07-02T04:00:00+00:00, run_after=2024-07-02T08:00:00+00:00
[2024-07-02T09:04:05.209+0000] {processor.py:183} INFO - Processing /home/airflow/.local/lib/python3.8/site-packages/airflow/example_dags/example_latest_only.py took 0.233 seconds
[2024-07-02T09:04:35.907+0000] {processor.py:161} INFO - Started process (PID=133) to work on /home/airflow/.local/lib/python3.8/site-packages/airflow/example_dags/example_latest_only.py
[2024-07-02T09:04:35.908+0000] {processor.py:830} INFO - Processing file /home/airflow/.local/lib/python3.8/site-packages/airflow/example_dags/example_latest_only.py for tasks to queue
[2024-07-02T09:04:35.910+0000] {logging_mixin.py:188} INFO - [2024-07-02T09:04:35.910+0000] {dagbag.py:538} INFO - Filling up the DagBag from /home/airflow/.local/lib/python3.8/site-packages/airflow/example_dags/example_latest_only.py
[2024-07-02T09:04:35.916+0000] {processor.py:840} INFO - DAG(s) 'latest_only' retrieved from /home/airflow/.local/lib/python3.8/site-packages/airflow/example_dags/example_latest_only.py
[2024-07-02T09:04:35.947+0000] {logging_mixin.py:188} INFO - [2024-07-02T09:04:35.947+0000] {dag.py:3033} INFO - Sync 1 DAGs
[2024-07-02T09:04:35.983+0000] {logging_mixin.py:188} INFO - [2024-07-02T09:04:35.983+0000] {dag.py:3820} INFO - Setting next_dagrun for latest_only to 2024-07-02T04:00:00+00:00, run_after=2024-07-02T08:00:00+00:00
[2024-07-02T09:04:36.016+0000] {processor.py:183} INFO - Processing /home/airflow/.local/lib/python3.8/site-packages/airflow/example_dags/example_latest_only.py took 0.112 seconds
[2024-07-02T09:05:06.076+0000] {processor.py:161} INFO - Started process (PID=189) to work on /home/airflow/.local/lib/python3.8/site-packages/airflow/example_dags/example_latest_only.py
[2024-07-02T09:05:06.076+0000] {processor.py:830} INFO - Processing file /home/airflow/.local/lib/python3.8/site-packages/airflow/example_dags/example_latest_only.py for tasks to queue
[2024-07-02T09:05:06.078+0000] {logging_mixin.py:188} INFO - [2024-07-02T09:05:06.078+0000] {dagbag.py:538} INFO - Filling up the DagBag from /home/airflow/.local/lib/python3.8/site-packages/airflow/example_dags/example_latest_only.py
[2024-07-02T09:05:06.083+0000] {processor.py:840} INFO - DAG(s) 'latest_only' retrieved from /home/airflow/.local/lib/python3.8/site-packages/airflow/example_dags/example_latest_only.py
[2024-07-02T09:05:06.102+0000] {logging_mixin.py:188} INFO - [2024-07-02T09:05:06.102+0000] {dag.py:3033} INFO - Sync 1 DAGs
[2024-07-02T09:05:06.122+0000] {logging_mixin.py:188} INFO - [2024-07-02T09:05:06.122+0000] {dag.py:3820} INFO - Setting next_dagrun for latest_only to 2024-07-02T04:00:00+00:00, run_after=2024-07-02T08:00:00+00:00
[2024-07-02T09:05:06.138+0000] {processor.py:183} INFO - Processing /home/airflow/.local/lib/python3.8/site-packages/airflow/example_dags/example_latest_only.py took 0.065 seconds
[2024-07-02T09:05:36.183+0000] {processor.py:161} INFO - Started process (PID=244) to work on /home/airflow/.local/lib/python3.8/site-packages/airflow/example_dags/example_latest_only.py
[2024-07-02T09:05:36.184+0000] {processor.py:830} INFO - Processing file /home/airflow/.local/lib/python3.8/site-packages/airflow/example_dags/example_latest_only.py for tasks to queue
[2024-07-02T09:05:36.186+0000] {logging_mixin.py:188} INFO - [2024-07-02T09:05:36.186+0000] {dagbag.py:538} INFO - Filling up the DagBag from /home/airflow/.local/lib/python3.8/site-packages/airflow/example_dags/example_latest_only.py
[2024-07-02T09:05:36.190+0000] {processor.py:840} INFO - DAG(s) 'latest_only' retrieved from /home/airflow/.local/lib/python3.8/site-packages/airflow/example_dags/example_latest_only.py
[2024-07-02T09:05:36.208+0000] {logging_mixin.py:188} INFO - [2024-07-02T09:05:36.208+0000] {dag.py:3033} INFO - Sync 1 DAGs
[2024-07-02T09:05:36.229+0000] {logging_mixin.py:188} INFO - [2024-07-02T09:05:36.229+0000] {dag.py:3820} INFO - Setting next_dagrun for latest_only to 2024-07-02T04:00:00+00:00, run_after=2024-07-02T08:00:00+00:00
[2024-07-02T09:05:36.248+0000] {processor.py:183} INFO - Processing /home/airflow/.local/lib/python3.8/site-packages/airflow/example_dags/example_latest_only.py took 0.067 seconds
[2024-07-02T09:06:07.037+0000] {processor.py:161} INFO - Started process (PID=299) to work on /home/airflow/.local/lib/python3.8/site-packages/airflow/example_dags/example_latest_only.py
[2024-07-02T09:06:07.038+0000] {processor.py:830} INFO - Processing file /home/airflow/.local/lib/python3.8/site-packages/airflow/example_dags/example_latest_only.py for tasks to queue
[2024-07-02T09:06:07.039+0000] {logging_mixin.py:188} INFO - [2024-07-02T09:06:07.039+0000] {dagbag.py:538} INFO - Filling up the DagBag from /home/airflow/.local/lib/python3.8/site-packages/airflow/example_dags/example_latest_only.py
[2024-07-02T09:06:07.044+0000] {processor.py:840} INFO - DAG(s) 'latest_only' retrieved from /home/airflow/.local/lib/python3.8/site-packages/airflow/example_dags/example_latest_only.py
[2024-07-02T09:06:07.067+0000] {logging_mixin.py:188} INFO - [2024-07-02T09:06:07.067+0000] {dag.py:3033} INFO - Sync 1 DAGs
[2024-07-02T09:06:07.089+0000] {logging_mixin.py:188} INFO - [2024-07-02T09:06:07.089+0000] {dag.py:3820} INFO - Setting next_dagrun for latest_only to 2024-07-02T04:00:00+00:00, run_after=2024-07-02T08:00:00+00:00
[2024-07-02T09:06:07.105+0000] {processor.py:183} INFO - Processing /home/airflow/.local/lib/python3.8/site-packages/airflow/example_dags/example_latest_only.py took 0.071 seconds
[2024-07-02T09:06:38.168+0000] {processor.py:161} INFO - Started process (PID=353) to work on /home/airflow/.local/lib/python3.8/site-packages/airflow/example_dags/example_latest_only.py
[2024-07-02T09:06:38.175+0000] {processor.py:830} INFO - Processing file /home/airflow/.local/lib/python3.8/site-packages/airflow/example_dags/example_latest_only.py for tasks to queue
[2024-07-02T09:06:38.177+0000] {logging_mixin.py:188} INFO - [2024-07-02T09:06:38.177+0000] {dagbag.py:538} INFO - Filling up the DagBag from /home/airflow/.local/lib/python3.8/site-packages/airflow/example_dags/example_latest_only.py
[2024-07-02T09:06:38.183+0000] {processor.py:840} INFO - DAG(s) 'latest_only' retrieved from /home/airflow/.local/lib/python3.8/site-packages/airflow/example_dags/example_latest_only.py
[2024-07-02T09:06:38.203+0000] {logging_mixin.py:188} INFO - [2024-07-02T09:06:38.202+0000] {dag.py:3033} INFO - Sync 1 DAGs
[2024-07-02T09:06:38.223+0000] {logging_mixin.py:188} INFO - [2024-07-02T09:06:38.223+0000] {dag.py:3820} INFO - Setting next_dagrun for latest_only to 2024-07-02T04:00:00+00:00, run_after=2024-07-02T08:00:00+00:00
[2024-07-02T09:06:38.238+0000] {processor.py:183} INFO - Processing /home/airflow/.local/lib/python3.8/site-packages/airflow/example_dags/example_latest_only.py took 0.073 seconds
[2024-07-02T09:07:09.037+0000] {processor.py:161} INFO - Started process (PID=408) to work on /home/airflow/.local/lib/python3.8/site-packages/airflow/example_dags/example_latest_only.py
[2024-07-02T09:07:09.038+0000] {processor.py:830} INFO - Processing file /home/airflow/.local/lib/python3.8/site-packages/airflow/example_dags/example_latest_only.py for tasks to queue
[2024-07-02T09:07:09.040+0000] {logging_mixin.py:188} INFO - [2024-07-02T09:07:09.040+0000] {dagbag.py:538} INFO - Filling up the DagBag from /home/airflow/.local/lib/python3.8/site-packages/airflow/example_dags/example_latest_only.py
[2024-07-02T09:07:09.044+0000] {processor.py:840} INFO - DAG(s) 'latest_only' retrieved from /home/airflow/.local/lib/python3.8/site-packages/airflow/example_dags/example_latest_only.py
[2024-07-02T09:07:09.063+0000] {logging_mixin.py:188} INFO - [2024-07-02T09:07:09.062+0000] {dag.py:3033} INFO - Sync 1 DAGs
[2024-07-02T09:07:09.085+0000] {logging_mixin.py:188} INFO - [2024-07-02T09:07:09.084+0000] {dag.py:3820} INFO - Setting next_dagrun for latest_only to 2024-07-02T04:00:00+00:00, run_after=2024-07-02T08:00:00+00:00
[2024-07-02T09:07:09.104+0000] {processor.py:183} INFO - Processing /home/airflow/.local/lib/python3.8/site-packages/airflow/example_dags/example_latest_only.py took 0.069 seconds
[2024-07-02T09:07:39.578+0000] {processor.py:161} INFO - Started process (PID=463) to work on /home/airflow/.local/lib/python3.8/site-packages/airflow/example_dags/example_latest_only.py
[2024-07-02T09:07:39.585+0000] {processor.py:830} INFO - Processing file /home/airflow/.local/lib/python3.8/site-packages/airflow/example_dags/example_latest_only.py for tasks to queue
[2024-07-02T09:07:39.587+0000] {logging_mixin.py:188} INFO - [2024-07-02T09:07:39.587+0000] {dagbag.py:538} INFO - Filling up the DagBag from /home/airflow/.local/lib/python3.8/site-packages/airflow/example_dags/example_latest_only.py
[2024-07-02T09:07:39.592+0000] {processor.py:840} INFO - DAG(s) 'latest_only' retrieved from /home/airflow/.local/lib/python3.8/site-packages/airflow/example_dags/example_latest_only.py
[2024-07-02T09:07:39.611+0000] {logging_mixin.py:188} INFO - [2024-07-02T09:07:39.611+0000] {dag.py:3033} INFO - Sync 1 DAGs
[2024-07-02T09:07:39.632+0000] {logging_mixin.py:188} INFO - [2024-07-02T09:07:39.632+0000] {dag.py:3820} INFO - Setting next_dagrun for latest_only to 2024-07-02T04:00:00+00:00, run_after=2024-07-02T08:00:00+00:00
[2024-07-02T09:07:39.650+0000] {processor.py:183} INFO - Processing /home/airflow/.local/lib/python3.8/site-packages/airflow/example_dags/example_latest_only.py took 0.074 seconds
[2024-07-02T09:08:10.235+0000] {processor.py:161} INFO - Started process (PID=518) to work on /home/airflow/.local/lib/python3.8/site-packages/airflow/example_dags/example_latest_only.py
[2024-07-02T09:08:10.235+0000] {processor.py:830} INFO - Processing file /home/airflow/.local/lib/python3.8/site-packages/airflow/example_dags/example_latest_only.py for tasks to queue
[2024-07-02T09:08:10.237+0000] {logging_mixin.py:188} INFO - [2024-07-02T09:08:10.237+0000] {dagbag.py:538} INFO - Filling up the DagBag from /home/airflow/.local/lib/python3.8/site-packages/airflow/example_dags/example_latest_only.py
[2024-07-02T09:08:10.242+0000] {processor.py:840} INFO - DAG(s) 'latest_only' retrieved from /home/airflow/.local/lib/python3.8/site-packages/airflow/example_dags/example_latest_only.py
[2024-07-02T09:08:10.266+0000] {logging_mixin.py:188} INFO - [2024-07-02T09:08:10.266+0000] {dag.py:3033} INFO - Sync 1 DAGs
[2024-07-02T09:08:10.293+0000] {logging_mixin.py:188} INFO - [2024-07-02T09:08:10.293+0000] {dag.py:3820} INFO - Setting next_dagrun for latest_only to 2024-07-02T04:00:00+00:00, run_after=2024-07-02T08:00:00+00:00
[2024-07-02T09:08:10.313+0000] {processor.py:183} INFO - Processing /home/airflow/.local/lib/python3.8/site-packages/airflow/example_dags/example_latest_only.py took 0.081 seconds
[2024-07-02T09:08:40.784+0000] {processor.py:161} INFO - Started process (PID=573) to work on /home/airflow/.local/lib/python3.8/site-packages/airflow/example_dags/example_latest_only.py
[2024-07-02T09:08:40.785+0000] {processor.py:830} INFO - Processing file /home/airflow/.local/lib/python3.8/site-packages/airflow/example_dags/example_latest_only.py for tasks to queue
[2024-07-02T09:08:40.787+0000] {logging_mixin.py:188} INFO - [2024-07-02T09:08:40.787+0000] {dagbag.py:538} INFO - Filling up the DagBag from /home/airflow/.local/lib/python3.8/site-packages/airflow/example_dags/example_latest_only.py
[2024-07-02T09:08:40.792+0000] {processor.py:840} INFO - DAG(s) 'latest_only' retrieved from /home/airflow/.local/lib/python3.8/site-packages/airflow/example_dags/example_latest_only.py
[2024-07-02T09:08:40.811+0000] {logging_mixin.py:188} INFO - [2024-07-02T09:08:40.811+0000] {dag.py:3033} INFO - Sync 1 DAGs
[2024-07-02T09:08:40.832+0000] {logging_mixin.py:188} INFO - [2024-07-02T09:08:40.832+0000] {dag.py:3820} INFO - Setting next_dagrun for latest_only to 2024-07-02T04:00:00+00:00, run_after=2024-07-02T08:00:00+00:00
[2024-07-02T09:08:40.849+0000] {processor.py:183} INFO - Processing /home/airflow/.local/lib/python3.8/site-packages/airflow/example_dags/example_latest_only.py took 0.068 seconds
[2024-07-02T09:09:11.323+0000] {processor.py:161} INFO - Started process (PID=628) to work on /home/airflow/.local/lib/python3.8/site-packages/airflow/example_dags/example_latest_only.py
[2024-07-02T09:09:11.323+0000] {processor.py:830} INFO - Processing file /home/airflow/.local/lib/python3.8/site-packages/airflow/example_dags/example_latest_only.py for tasks to queue
[2024-07-02T09:09:11.325+0000] {logging_mixin.py:188} INFO - [2024-07-02T09:09:11.325+0000] {dagbag.py:538} INFO - Filling up the DagBag from /home/airflow/.local/lib/python3.8/site-packages/airflow/example_dags/example_latest_only.py
[2024-07-02T09:09:11.330+0000] {processor.py:840} INFO - DAG(s) 'latest_only' retrieved from /home/airflow/.local/lib/python3.8/site-packages/airflow/example_dags/example_latest_only.py
[2024-07-02T09:09:11.357+0000] {logging_mixin.py:188} INFO - [2024-07-02T09:09:11.356+0000] {dag.py:3033} INFO - Sync 1 DAGs
[2024-07-02T09:09:11.394+0000] {logging_mixin.py:188} INFO - [2024-07-02T09:09:11.394+0000] {dag.py:3820} INFO - Setting next_dagrun for latest_only to 2024-07-02T04:00:00+00:00, run_after=2024-07-02T08:00:00+00:00
[2024-07-02T09:09:11.419+0000] {processor.py:183} INFO - Processing /home/airflow/.local/lib/python3.8/site-packages/airflow/example_dags/example_latest_only.py took 0.099 seconds
[2024-07-02T09:09:42.336+0000] {processor.py:161} INFO - Started process (PID=683) to work on /home/airflow/.local/lib/python3.8/site-packages/airflow/example_dags/example_latest_only.py
[2024-07-02T09:09:42.336+0000] {processor.py:830} INFO - Processing file /home/airflow/.local/lib/python3.8/site-packages/airflow/example_dags/example_latest_only.py for tasks to queue
[2024-07-02T09:09:42.338+0000] {logging_mixin.py:188} INFO - [2024-07-02T09:09:42.338+0000] {dagbag.py:538} INFO - Filling up the DagBag from /home/airflow/.local/lib/python3.8/site-packages/airflow/example_dags/example_latest_only.py
[2024-07-02T09:09:42.344+0000] {processor.py:840} INFO - DAG(s) 'latest_only' retrieved from /home/airflow/.local/lib/python3.8/site-packages/airflow/example_dags/example_latest_only.py
[2024-07-02T09:09:42.365+0000] {logging_mixin.py:188} INFO - [2024-07-02T09:09:42.365+0000] {dag.py:3033} INFO - Sync 1 DAGs
[2024-07-02T09:09:42.386+0000] {logging_mixin.py:188} INFO - [2024-07-02T09:09:42.385+0000] {dag.py:3820} INFO - Setting next_dagrun for latest_only to 2024-07-02T04:00:00+00:00, run_after=2024-07-02T08:00:00+00:00
[2024-07-02T09:09:42.407+0000] {processor.py:183} INFO - Processing /home/airflow/.local/lib/python3.8/site-packages/airflow/example_dags/example_latest_only.py took 0.075 seconds
[2024-07-02T09:10:13.333+0000] {processor.py:161} INFO - Started process (PID=738) to work on /home/airflow/.local/lib/python3.8/site-packages/airflow/example_dags/example_latest_only.py
[2024-07-02T09:10:13.337+0000] {processor.py:830} INFO - Processing file /home/airflow/.local/lib/python3.8/site-packages/airflow/example_dags/example_latest_only.py for tasks to queue
[2024-07-02T09:10:13.339+0000] {logging_mixin.py:188} INFO - [2024-07-02T09:10:13.339+0000] {dagbag.py:538} INFO - Filling up the DagBag from /home/airflow/.local/lib/python3.8/site-packages/airflow/example_dags/example_latest_only.py
[2024-07-02T09:10:13.344+0000] {processor.py:840} INFO - DAG(s) 'latest_only' retrieved from /home/airflow/.local/lib/python3.8/site-packages/airflow/example_dags/example_latest_only.py
[2024-07-02T09:10:13.368+0000] {logging_mixin.py:188} INFO - [2024-07-02T09:10:13.368+0000] {dag.py:3033} INFO - Sync 1 DAGs
[2024-07-02T09:10:13.389+0000] {logging_mixin.py:188} INFO - [2024-07-02T09:10:13.389+0000] {dag.py:3820} INFO - Setting next_dagrun for latest_only to 2024-07-02T04:00:00+00:00, run_after=2024-07-02T08:00:00+00:00
[2024-07-02T09:10:13.408+0000] {processor.py:183} INFO - Processing /home/airflow/.local/lib/python3.8/site-packages/airflow/example_dags/example_latest_only.py took 0.077 seconds
[2024-07-02T09:10:43.878+0000] {processor.py:161} INFO - Started process (PID=793) to work on /home/airflow/.local/lib/python3.8/site-packages/airflow/example_dags/example_latest_only.py
[2024-07-02T09:10:43.879+0000] {processor.py:830} INFO - Processing file /home/airflow/.local/lib/python3.8/site-packages/airflow/example_dags/example_latest_only.py for tasks to queue
[2024-07-02T09:10:43.881+0000] {logging_mixin.py:188} INFO - [2024-07-02T09:10:43.880+0000] {dagbag.py:538} INFO - Filling up the DagBag from /home/airflow/.local/lib/python3.8/site-packages/airflow/example_dags/example_latest_only.py
[2024-07-02T09:10:43.885+0000] {processor.py:840} INFO - DAG(s) 'latest_only' retrieved from /home/airflow/.local/lib/python3.8/site-packages/airflow/example_dags/example_latest_only.py
[2024-07-02T09:10:43.906+0000] {logging_mixin.py:188} INFO - [2024-07-02T09:10:43.906+0000] {dag.py:3033} INFO - Sync 1 DAGs
[2024-07-02T09:10:43.926+0000] {logging_mixin.py:188} INFO - [2024-07-02T09:10:43.926+0000] {dag.py:3820} INFO - Setting next_dagrun for latest_only to 2024-07-02T04:00:00+00:00, run_after=2024-07-02T08:00:00+00:00
[2024-07-02T09:10:43.944+0000] {processor.py:183} INFO - Processing /home/airflow/.local/lib/python3.8/site-packages/airflow/example_dags/example_latest_only.py took 0.069 seconds
[2024-07-02T09:11:14.410+0000] {processor.py:161} INFO - Started process (PID=848) to work on /home/airflow/.local/lib/python3.8/site-packages/airflow/example_dags/example_latest_only.py
[2024-07-02T09:11:14.411+0000] {processor.py:830} INFO - Processing file /home/airflow/.local/lib/python3.8/site-packages/airflow/example_dags/example_latest_only.py for tasks to queue
[2024-07-02T09:11:14.413+0000] {logging_mixin.py:188} INFO - [2024-07-02T09:11:14.412+0000] {dagbag.py:538} INFO - Filling up the DagBag from /home/airflow/.local/lib/python3.8/site-packages/airflow/example_dags/example_latest_only.py
[2024-07-02T09:11:14.417+0000] {processor.py:840} INFO - DAG(s) 'latest_only' retrieved from /home/airflow/.local/lib/python3.8/site-packages/airflow/example_dags/example_latest_only.py
[2024-07-02T09:11:14.439+0000] {logging_mixin.py:188} INFO - [2024-07-02T09:11:14.439+0000] {dag.py:3033} INFO - Sync 1 DAGs
[2024-07-02T09:11:14.469+0000] {logging_mixin.py:188} INFO - [2024-07-02T09:11:14.468+0000] {dag.py:3820} INFO - Setting next_dagrun for latest_only to 2024-07-02T04:00:00+00:00, run_after=2024-07-02T08:00:00+00:00
[2024-07-02T09:11:14.487+0000] {processor.py:183} INFO - Processing /home/airflow/.local/lib/python3.8/site-packages/airflow/example_dags/example_latest_only.py took 0.079 seconds
[2024-07-02T09:11:44.905+0000] {processor.py:161} INFO - Started process (PID=903) to work on /home/airflow/.local/lib/python3.8/site-packages/airflow/example_dags/example_latest_only.py
[2024-07-02T09:11:44.906+0000] {processor.py:830} INFO - Processing file /home/airflow/.local/lib/python3.8/site-packages/airflow/example_dags/example_latest_only.py for tasks to queue
[2024-07-02T09:11:44.910+0000] {logging_mixin.py:188} INFO - [2024-07-02T09:11:44.910+0000] {dagbag.py:538} INFO - Filling up the DagBag from /home/airflow/.local/lib/python3.8/site-packages/airflow/example_dags/example_latest_only.py
[2024-07-02T09:11:44.920+0000] {processor.py:840} INFO - DAG(s) 'latest_only' retrieved from /home/airflow/.local/lib/python3.8/site-packages/airflow/example_dags/example_latest_only.py
[2024-07-02T09:11:44.971+0000] {logging_mixin.py:188} INFO - [2024-07-02T09:11:44.970+0000] {dag.py:3033} INFO - Sync 1 DAGs
[2024-07-02T09:11:45.025+0000] {logging_mixin.py:188} INFO - [2024-07-02T09:11:45.025+0000] {dag.py:3820} INFO - Setting next_dagrun for latest_only to 2024-07-02T04:00:00+00:00, run_after=2024-07-02T08:00:00+00:00
[2024-07-02T09:11:45.066+0000] {processor.py:183} INFO - Processing /home/airflow/.local/lib/python3.8/site-packages/airflow/example_dags/example_latest_only.py took 0.168 seconds
[2024-07-02T09:12:15.506+0000] {processor.py:161} INFO - Started process (PID=958) to work on /home/airflow/.local/lib/python3.8/site-packages/airflow/example_dags/example_latest_only.py
[2024-07-02T09:12:15.507+0000] {processor.py:830} INFO - Processing file /home/airflow/.local/lib/python3.8/site-packages/airflow/example_dags/example_latest_only.py for tasks to queue
[2024-07-02T09:12:15.510+0000] {logging_mixin.py:188} INFO - [2024-07-02T09:12:15.510+0000] {dagbag.py:538} INFO - Filling up the DagBag from /home/airflow/.local/lib/python3.8/site-packages/airflow/example_dags/example_latest_only.py
[2024-07-02T09:12:15.516+0000] {processor.py:840} INFO - DAG(s) 'latest_only' retrieved from /home/airflow/.local/lib/python3.8/site-packages/airflow/example_dags/example_latest_only.py
[2024-07-02T09:12:15.538+0000] {logging_mixin.py:188} INFO - [2024-07-02T09:12:15.538+0000] {dag.py:3033} INFO - Sync 1 DAGs
[2024-07-02T09:12:15.564+0000] {logging_mixin.py:188} INFO - [2024-07-02T09:12:15.564+0000] {dag.py:3820} INFO - Setting next_dagrun for latest_only to 2024-07-02T04:00:00+00:00, run_after=2024-07-02T08:00:00+00:00
[2024-07-02T09:12:15.594+0000] {processor.py:183} INFO - Processing /home/airflow/.local/lib/python3.8/site-packages/airflow/example_dags/example_latest_only.py took 0.092 seconds
[2024-07-02T09:12:45.797+0000] {processor.py:161} INFO - Started process (PID=1013) to work on /home/airflow/.local/lib/python3.8/site-packages/airflow/example_dags/example_latest_only.py
[2024-07-02T09:12:45.798+0000] {processor.py:830} INFO - Processing file /home/airflow/.local/lib/python3.8/site-packages/airflow/example_dags/example_latest_only.py for tasks to queue
[2024-07-02T09:12:45.800+0000] {logging_mixin.py:188} INFO - [2024-07-02T09:12:45.799+0000] {dagbag.py:538} INFO - Filling up the DagBag from /home/airflow/.local/lib/python3.8/site-packages/airflow/example_dags/example_latest_only.py
[2024-07-02T09:12:45.804+0000] {processor.py:840} INFO - DAG(s) 'latest_only' retrieved from /home/airflow/.local/lib/python3.8/site-packages/airflow/example_dags/example_latest_only.py
[2024-07-02T09:12:45.825+0000] {logging_mixin.py:188} INFO - [2024-07-02T09:12:45.825+0000] {dag.py:3033} INFO - Sync 1 DAGs
[2024-07-02T09:12:45.848+0000] {logging_mixin.py:188} INFO - [2024-07-02T09:12:45.848+0000] {dag.py:3820} INFO - Setting next_dagrun for latest_only to 2024-07-02T04:00:00+00:00, run_after=2024-07-02T08:00:00+00:00
[2024-07-02T09:12:45.864+0000] {processor.py:183} INFO - Processing /home/airflow/.local/lib/python3.8/site-packages/airflow/example_dags/example_latest_only.py took 0.070 seconds
[2024-07-02T09:13:16.274+0000] {processor.py:161} INFO - Started process (PID=1068) to work on /home/airflow/.local/lib/python3.8/site-packages/airflow/example_dags/example_latest_only.py
[2024-07-02T09:13:16.274+0000] {processor.py:830} INFO - Processing file /home/airflow/.local/lib/python3.8/site-packages/airflow/example_dags/example_latest_only.py for tasks to queue
[2024-07-02T09:13:16.277+0000] {logging_mixin.py:188} INFO - [2024-07-02T09:13:16.276+0000] {dagbag.py:538} INFO - Filling up the DagBag from /home/airflow/.local/lib/python3.8/site-packages/airflow/example_dags/example_latest_only.py
[2024-07-02T09:13:16.281+0000] {processor.py:840} INFO - DAG(s) 'latest_only' retrieved from /home/airflow/.local/lib/python3.8/site-packages/airflow/example_dags/example_latest_only.py
[2024-07-02T09:13:16.303+0000] {logging_mixin.py:188} INFO - [2024-07-02T09:13:16.302+0000] {dag.py:3033} INFO - Sync 1 DAGs
[2024-07-02T09:13:16.326+0000] {logging_mixin.py:188} INFO - [2024-07-02T09:13:16.326+0000] {dag.py:3820} INFO - Setting next_dagrun for latest_only to 2024-07-02T04:00:00+00:00, run_after=2024-07-02T08:00:00+00:00
[2024-07-02T09:13:16.345+0000] {processor.py:183} INFO - Processing /home/airflow/.local/lib/python3.8/site-packages/airflow/example_dags/example_latest_only.py took 0.075 seconds
[2024-07-02T09:13:46.812+0000] {processor.py:161} INFO - Started process (PID=1123) to work on /home/airflow/.local/lib/python3.8/site-packages/airflow/example_dags/example_latest_only.py
[2024-07-02T09:13:46.813+0000] {processor.py:830} INFO - Processing file /home/airflow/.local/lib/python3.8/site-packages/airflow/example_dags/example_latest_only.py for tasks to queue
[2024-07-02T09:13:46.815+0000] {logging_mixin.py:188} INFO - [2024-07-02T09:13:46.815+0000] {dagbag.py:538} INFO - Filling up the DagBag from /home/airflow/.local/lib/python3.8/site-packages/airflow/example_dags/example_latest_only.py
[2024-07-02T09:13:46.820+0000] {processor.py:840} INFO - DAG(s) 'latest_only' retrieved from /home/airflow/.local/lib/python3.8/site-packages/airflow/example_dags/example_latest_only.py
[2024-07-02T09:13:46.841+0000] {logging_mixin.py:188} INFO - [2024-07-02T09:13:46.841+0000] {dag.py:3033} INFO - Sync 1 DAGs
[2024-07-02T09:13:46.863+0000] {logging_mixin.py:188} INFO - [2024-07-02T09:13:46.863+0000] {dag.py:3820} INFO - Setting next_dagrun for latest_only to 2024-07-02T04:00:00+00:00, run_after=2024-07-02T08:00:00+00:00
[2024-07-02T09:13:46.879+0000] {processor.py:183} INFO - Processing /home/airflow/.local/lib/python3.8/site-packages/airflow/example_dags/example_latest_only.py took 0.070 seconds
[2024-07-02T09:14:17.269+0000] {processor.py:161} INFO - Started process (PID=1178) to work on /home/airflow/.local/lib/python3.8/site-packages/airflow/example_dags/example_latest_only.py
[2024-07-02T09:14:17.270+0000] {processor.py:830} INFO - Processing file /home/airflow/.local/lib/python3.8/site-packages/airflow/example_dags/example_latest_only.py for tasks to queue
[2024-07-02T09:14:17.271+0000] {logging_mixin.py:188} INFO - [2024-07-02T09:14:17.271+0000] {dagbag.py:538} INFO - Filling up the DagBag from /home/airflow/.local/lib/python3.8/site-packages/airflow/example_dags/example_latest_only.py
[2024-07-02T09:14:17.276+0000] {processor.py:840} INFO - DAG(s) 'latest_only' retrieved from /home/airflow/.local/lib/python3.8/site-packages/airflow/example_dags/example_latest_only.py
[2024-07-02T09:14:17.296+0000] {logging_mixin.py:188} INFO - [2024-07-02T09:14:17.295+0000] {dag.py:3033} INFO - Sync 1 DAGs
[2024-07-02T09:14:17.317+0000] {logging_mixin.py:188} INFO - [2024-07-02T09:14:17.316+0000] {dag.py:3820} INFO - Setting next_dagrun for latest_only to 2024-07-02T04:00:00+00:00, run_after=2024-07-02T08:00:00+00:00
[2024-07-02T09:14:17.337+0000] {processor.py:183} INFO - Processing /home/airflow/.local/lib/python3.8/site-packages/airflow/example_dags/example_latest_only.py took 0.071 seconds
[2024-07-02T09:14:47.813+0000] {processor.py:161} INFO - Started process (PID=1233) to work on /home/airflow/.local/lib/python3.8/site-packages/airflow/example_dags/example_latest_only.py
[2024-07-02T09:14:47.814+0000] {processor.py:830} INFO - Processing file /home/airflow/.local/lib/python3.8/site-packages/airflow/example_dags/example_latest_only.py for tasks to queue
[2024-07-02T09:14:47.815+0000] {logging_mixin.py:188} INFO - [2024-07-02T09:14:47.815+0000] {dagbag.py:538} INFO - Filling up the DagBag from /home/airflow/.local/lib/python3.8/site-packages/airflow/example_dags/example_latest_only.py
[2024-07-02T09:14:47.820+0000] {processor.py:840} INFO - DAG(s) 'latest_only' retrieved from /home/airflow/.local/lib/python3.8/site-packages/airflow/example_dags/example_latest_only.py
[2024-07-02T09:14:47.842+0000] {logging_mixin.py:188} INFO - [2024-07-02T09:14:47.841+0000] {dag.py:3033} INFO - Sync 1 DAGs
[2024-07-02T09:14:47.860+0000] {logging_mixin.py:188} INFO - [2024-07-02T09:14:47.860+0000] {dag.py:3820} INFO - Setting next_dagrun for latest_only to 2024-07-02T04:00:00+00:00, run_after=2024-07-02T08:00:00+00:00
[2024-07-02T09:14:47.875+0000] {processor.py:183} INFO - Processing /home/airflow/.local/lib/python3.8/site-packages/airflow/example_dags/example_latest_only.py took 0.065 seconds
[2024-07-02T09:15:18.231+0000] {processor.py:161} INFO - Started process (PID=1288) to work on /home/airflow/.local/lib/python3.8/site-packages/airflow/example_dags/example_latest_only.py
[2024-07-02T09:15:18.235+0000] {processor.py:830} INFO - Processing file /home/airflow/.local/lib/python3.8/site-packages/airflow/example_dags/example_latest_only.py for tasks to queue
[2024-07-02T09:15:18.237+0000] {logging_mixin.py:188} INFO - [2024-07-02T09:15:18.236+0000] {dagbag.py:538} INFO - Filling up the DagBag from /home/airflow/.local/lib/python3.8/site-packages/airflow/example_dags/example_latest_only.py
[2024-07-02T09:15:18.241+0000] {processor.py:840} INFO - DAG(s) 'latest_only' retrieved from /home/airflow/.local/lib/python3.8/site-packages/airflow/example_dags/example_latest_only.py
[2024-07-02T09:15:18.260+0000] {logging_mixin.py:188} INFO - [2024-07-02T09:15:18.260+0000] {dag.py:3033} INFO - Sync 1 DAGs
[2024-07-02T09:15:18.281+0000] {logging_mixin.py:188} INFO - [2024-07-02T09:15:18.281+0000] {dag.py:3820} INFO - Setting next_dagrun for latest_only to 2024-07-02T04:00:00+00:00, run_after=2024-07-02T08:00:00+00:00
[2024-07-02T09:15:18.299+0000] {processor.py:183} INFO - Processing /home/airflow/.local/lib/python3.8/site-packages/airflow/example_dags/example_latest_only.py took 0.071 seconds
[2024-07-02T09:15:48.747+0000] {processor.py:161} INFO - Started process (PID=1343) to work on /home/airflow/.local/lib/python3.8/site-packages/airflow/example_dags/example_latest_only.py
[2024-07-02T09:15:48.748+0000] {processor.py:830} INFO - Processing file /home/airflow/.local/lib/python3.8/site-packages/airflow/example_dags/example_latest_only.py for tasks to queue
[2024-07-02T09:15:48.750+0000] {logging_mixin.py:188} INFO - [2024-07-02T09:15:48.750+0000] {dagbag.py:538} INFO - Filling up the DagBag from /home/airflow/.local/lib/python3.8/site-packages/airflow/example_dags/example_latest_only.py
[2024-07-02T09:15:48.755+0000] {processor.py:840} INFO - DAG(s) 'latest_only' retrieved from /home/airflow/.local/lib/python3.8/site-packages/airflow/example_dags/example_latest_only.py
[2024-07-02T09:15:48.778+0000] {logging_mixin.py:188} INFO - [2024-07-02T09:15:48.778+0000] {dag.py:3033} INFO - Sync 1 DAGs
[2024-07-02T09:15:48.804+0000] {logging_mixin.py:188} INFO - [2024-07-02T09:15:48.804+0000] {dag.py:3820} INFO - Setting next_dagrun for latest_only to 2024-07-02T04:00:00+00:00, run_after=2024-07-02T08:00:00+00:00
[2024-07-02T09:15:48.823+0000] {processor.py:183} INFO - Processing /home/airflow/.local/lib/python3.8/site-packages/airflow/example_dags/example_latest_only.py took 0.080 seconds
[2024-07-02T09:16:19.431+0000] {processor.py:161} INFO - Started process (PID=1397) to work on /home/airflow/.local/lib/python3.8/site-packages/airflow/example_dags/example_latest_only.py
[2024-07-02T09:16:19.432+0000] {processor.py:830} INFO - Processing file /home/airflow/.local/lib/python3.8/site-packages/airflow/example_dags/example_latest_only.py for tasks to queue
[2024-07-02T09:16:19.433+0000] {logging_mixin.py:188} INFO - [2024-07-02T09:16:19.433+0000] {dagbag.py:538} INFO - Filling up the DagBag from /home/airflow/.local/lib/python3.8/site-packages/airflow/example_dags/example_latest_only.py
[2024-07-02T09:16:19.438+0000] {processor.py:840} INFO - DAG(s) 'latest_only' retrieved from /home/airflow/.local/lib/python3.8/site-packages/airflow/example_dags/example_latest_only.py
[2024-07-02T09:16:19.457+0000] {logging_mixin.py:188} INFO - [2024-07-02T09:16:19.457+0000] {dag.py:3033} INFO - Sync 1 DAGs
[2024-07-02T09:16:19.478+0000] {logging_mixin.py:188} INFO - [2024-07-02T09:16:19.478+0000] {dag.py:3820} INFO - Setting next_dagrun for latest_only to 2024-07-02T04:00:00+00:00, run_after=2024-07-02T08:00:00+00:00
[2024-07-02T09:16:19.498+0000] {processor.py:183} INFO - Processing /home/airflow/.local/lib/python3.8/site-packages/airflow/example_dags/example_latest_only.py took 0.070 seconds
[2024-07-02T09:16:49.990+0000] {processor.py:161} INFO - Started process (PID=1452) to work on /home/airflow/.local/lib/python3.8/site-packages/airflow/example_dags/example_latest_only.py
[2024-07-02T09:16:49.991+0000] {processor.py:830} INFO - Processing file /home/airflow/.local/lib/python3.8/site-packages/airflow/example_dags/example_latest_only.py for tasks to queue
[2024-07-02T09:16:49.992+0000] {logging_mixin.py:188} INFO - [2024-07-02T09:16:49.992+0000] {dagbag.py:538} INFO - Filling up the DagBag from /home/airflow/.local/lib/python3.8/site-packages/airflow/example_dags/example_latest_only.py
[2024-07-02T09:16:49.996+0000] {processor.py:840} INFO - DAG(s) 'latest_only' retrieved from /home/airflow/.local/lib/python3.8/site-packages/airflow/example_dags/example_latest_only.py
[2024-07-02T09:16:50.013+0000] {logging_mixin.py:188} INFO - [2024-07-02T09:16:50.013+0000] {dag.py:3033} INFO - Sync 1 DAGs
[2024-07-02T09:16:50.033+0000] {logging_mixin.py:188} INFO - [2024-07-02T09:16:50.033+0000] {dag.py:3820} INFO - Setting next_dagrun for latest_only to 2024-07-02T04:00:00+00:00, run_after=2024-07-02T08:00:00+00:00
[2024-07-02T09:16:50.050+0000] {processor.py:183} INFO - Processing /home/airflow/.local/lib/python3.8/site-packages/airflow/example_dags/example_latest_only.py took 0.063 seconds
[2024-07-02T09:17:20.448+0000] {processor.py:161} INFO - Started process (PID=1507) to work on /home/airflow/.local/lib/python3.8/site-packages/airflow/example_dags/example_latest_only.py
[2024-07-02T09:17:20.449+0000] {processor.py:830} INFO - Processing file /home/airflow/.local/lib/python3.8/site-packages/airflow/example_dags/example_latest_only.py for tasks to queue
[2024-07-02T09:17:20.451+0000] {logging_mixin.py:188} INFO - [2024-07-02T09:17:20.450+0000] {dagbag.py:538} INFO - Filling up the DagBag from /home/airflow/.local/lib/python3.8/site-packages/airflow/example_dags/example_latest_only.py
[2024-07-02T09:17:20.455+0000] {processor.py:840} INFO - DAG(s) 'latest_only' retrieved from /home/airflow/.local/lib/python3.8/site-packages/airflow/example_dags/example_latest_only.py
[2024-07-02T09:17:20.476+0000] {logging_mixin.py:188} INFO - [2024-07-02T09:17:20.476+0000] {dag.py:3033} INFO - Sync 1 DAGs
[2024-07-02T09:17:20.499+0000] {logging_mixin.py:188} INFO - [2024-07-02T09:17:20.498+0000] {dag.py:3820} INFO - Setting next_dagrun for latest_only to 2024-07-02T04:00:00+00:00, run_after=2024-07-02T08:00:00+00:00
[2024-07-02T09:17:20.515+0000] {processor.py:183} INFO - Processing /home/airflow/.local/lib/python3.8/site-packages/airflow/example_dags/example_latest_only.py took 0.070 seconds
[2024-07-02T09:17:50.756+0000] {processor.py:161} INFO - Started process (PID=1563) to work on /home/airflow/.local/lib/python3.8/site-packages/airflow/example_dags/example_latest_only.py
[2024-07-02T09:17:50.757+0000] {processor.py:830} INFO - Processing file /home/airflow/.local/lib/python3.8/site-packages/airflow/example_dags/example_latest_only.py for tasks to queue
[2024-07-02T09:17:50.758+0000] {logging_mixin.py:188} INFO - [2024-07-02T09:17:50.758+0000] {dagbag.py:538} INFO - Filling up the DagBag from /home/airflow/.local/lib/python3.8/site-packages/airflow/example_dags/example_latest_only.py
[2024-07-02T09:17:50.763+0000] {processor.py:840} INFO - DAG(s) 'latest_only' retrieved from /home/airflow/.local/lib/python3.8/site-packages/airflow/example_dags/example_latest_only.py
[2024-07-02T09:17:50.781+0000] {logging_mixin.py:188} INFO - [2024-07-02T09:17:50.781+0000] {dag.py:3033} INFO - Sync 1 DAGs
[2024-07-02T09:17:50.804+0000] {logging_mixin.py:188} INFO - [2024-07-02T09:17:50.803+0000] {dag.py:3820} INFO - Setting next_dagrun for latest_only to 2024-07-02T04:00:00+00:00, run_after=2024-07-02T08:00:00+00:00
[2024-07-02T09:17:50.822+0000] {processor.py:183} INFO - Processing /home/airflow/.local/lib/python3.8/site-packages/airflow/example_dags/example_latest_only.py took 0.068 seconds
[2024-07-02T09:18:21.377+0000] {processor.py:161} INFO - Started process (PID=1618) to work on /home/airflow/.local/lib/python3.8/site-packages/airflow/example_dags/example_latest_only.py
[2024-07-02T09:18:21.378+0000] {processor.py:830} INFO - Processing file /home/airflow/.local/lib/python3.8/site-packages/airflow/example_dags/example_latest_only.py for tasks to queue
[2024-07-02T09:18:21.380+0000] {logging_mixin.py:188} INFO - [2024-07-02T09:18:21.380+0000] {dagbag.py:538} INFO - Filling up the DagBag from /home/airflow/.local/lib/python3.8/site-packages/airflow/example_dags/example_latest_only.py
[2024-07-02T09:18:21.384+0000] {processor.py:840} INFO - DAG(s) 'latest_only' retrieved from /home/airflow/.local/lib/python3.8/site-packages/airflow/example_dags/example_latest_only.py
[2024-07-02T09:18:21.402+0000] {logging_mixin.py:188} INFO - [2024-07-02T09:18:21.402+0000] {dag.py:3033} INFO - Sync 1 DAGs
[2024-07-02T09:18:21.424+0000] {logging_mixin.py:188} INFO - [2024-07-02T09:18:21.424+0000] {dag.py:3820} INFO - Setting next_dagrun for latest_only to 2024-07-02T04:00:00+00:00, run_after=2024-07-02T08:00:00+00:00
[2024-07-02T09:18:21.443+0000] {processor.py:183} INFO - Processing /home/airflow/.local/lib/python3.8/site-packages/airflow/example_dags/example_latest_only.py took 0.068 seconds
[2024-07-02T09:18:51.953+0000] {processor.py:161} INFO - Started process (PID=1673) to work on /home/airflow/.local/lib/python3.8/site-packages/airflow/example_dags/example_latest_only.py
[2024-07-02T09:18:51.954+0000] {processor.py:830} INFO - Processing file /home/airflow/.local/lib/python3.8/site-packages/airflow/example_dags/example_latest_only.py for tasks to queue
[2024-07-02T09:18:51.957+0000] {logging_mixin.py:188} INFO - [2024-07-02T09:18:51.956+0000] {dagbag.py:538} INFO - Filling up the DagBag from /home/airflow/.local/lib/python3.8/site-packages/airflow/example_dags/example_latest_only.py
[2024-07-02T09:18:51.962+0000] {processor.py:840} INFO - DAG(s) 'latest_only' retrieved from /home/airflow/.local/lib/python3.8/site-packages/airflow/example_dags/example_latest_only.py
[2024-07-02T09:18:51.986+0000] {logging_mixin.py:188} INFO - [2024-07-02T09:18:51.986+0000] {dag.py:3033} INFO - Sync 1 DAGs
[2024-07-02T09:18:52.011+0000] {logging_mixin.py:188} INFO - [2024-07-02T09:18:52.011+0000] {dag.py:3820} INFO - Setting next_dagrun for latest_only to 2024-07-02T04:00:00+00:00, run_after=2024-07-02T08:00:00+00:00
[2024-07-02T09:18:52.033+0000] {processor.py:183} INFO - Processing /home/airflow/.local/lib/python3.8/site-packages/airflow/example_dags/example_latest_only.py took 0.083 seconds
[2024-07-02T09:19:22.496+0000] {processor.py:161} INFO - Started process (PID=1728) to work on /home/airflow/.local/lib/python3.8/site-packages/airflow/example_dags/example_latest_only.py
[2024-07-02T09:19:22.497+0000] {processor.py:830} INFO - Processing file /home/airflow/.local/lib/python3.8/site-packages/airflow/example_dags/example_latest_only.py for tasks to queue
[2024-07-02T09:19:22.500+0000] {logging_mixin.py:188} INFO - [2024-07-02T09:19:22.499+0000] {dagbag.py:538} INFO - Filling up the DagBag from /home/airflow/.local/lib/python3.8/site-packages/airflow/example_dags/example_latest_only.py
[2024-07-02T09:19:22.506+0000] {processor.py:840} INFO - DAG(s) 'latest_only' retrieved from /home/airflow/.local/lib/python3.8/site-packages/airflow/example_dags/example_latest_only.py
[2024-07-02T09:19:22.535+0000] {logging_mixin.py:188} INFO - [2024-07-02T09:19:22.535+0000] {dag.py:3033} INFO - Sync 1 DAGs
[2024-07-02T09:19:22.568+0000] {logging_mixin.py:188} INFO - [2024-07-02T09:19:22.567+0000] {dag.py:3820} INFO - Setting next_dagrun for latest_only to 2024-07-02T04:00:00+00:00, run_after=2024-07-02T08:00:00+00:00
[2024-07-02T09:19:22.597+0000] {processor.py:183} INFO - Processing /home/airflow/.local/lib/python3.8/site-packages/airflow/example_dags/example_latest_only.py took 0.105 seconds
[2024-07-02T09:19:52.655+0000] {processor.py:161} INFO - Started process (PID=1782) to work on /home/airflow/.local/lib/python3.8/site-packages/airflow/example_dags/example_latest_only.py
[2024-07-02T09:19:52.656+0000] {processor.py:830} INFO - Processing file /home/airflow/.local/lib/python3.8/site-packages/airflow/example_dags/example_latest_only.py for tasks to queue
[2024-07-02T09:19:52.657+0000] {logging_mixin.py:188} INFO - [2024-07-02T09:19:52.657+0000] {dagbag.py:538} INFO - Filling up the DagBag from /home/airflow/.local/lib/python3.8/site-packages/airflow/example_dags/example_latest_only.py
[2024-07-02T09:19:52.662+0000] {processor.py:840} INFO - DAG(s) 'latest_only' retrieved from /home/airflow/.local/lib/python3.8/site-packages/airflow/example_dags/example_latest_only.py
[2024-07-02T09:19:52.680+0000] {logging_mixin.py:188} INFO - [2024-07-02T09:19:52.680+0000] {dag.py:3033} INFO - Sync 1 DAGs
[2024-07-02T09:19:52.700+0000] {logging_mixin.py:188} INFO - [2024-07-02T09:19:52.700+0000] {dag.py:3820} INFO - Setting next_dagrun for latest_only to 2024-07-02T04:00:00+00:00, run_after=2024-07-02T08:00:00+00:00
[2024-07-02T09:19:52.715+0000] {processor.py:183} INFO - Processing /home/airflow/.local/lib/python3.8/site-packages/airflow/example_dags/example_latest_only.py took 0.063 seconds
[2024-07-02T09:20:23.206+0000] {processor.py:161} INFO - Started process (PID=1836) to work on /home/airflow/.local/lib/python3.8/site-packages/airflow/example_dags/example_latest_only.py
[2024-07-02T09:20:23.210+0000] {processor.py:830} INFO - Processing file /home/airflow/.local/lib/python3.8/site-packages/airflow/example_dags/example_latest_only.py for tasks to queue
[2024-07-02T09:20:23.211+0000] {logging_mixin.py:188} INFO - [2024-07-02T09:20:23.211+0000] {dagbag.py:538} INFO - Filling up the DagBag from /home/airflow/.local/lib/python3.8/site-packages/airflow/example_dags/example_latest_only.py
[2024-07-02T09:20:23.215+0000] {processor.py:840} INFO - DAG(s) 'latest_only' retrieved from /home/airflow/.local/lib/python3.8/site-packages/airflow/example_dags/example_latest_only.py
[2024-07-02T09:20:23.234+0000] {logging_mixin.py:188} INFO - [2024-07-02T09:20:23.234+0000] {dag.py:3033} INFO - Sync 1 DAGs
[2024-07-02T09:20:23.258+0000] {logging_mixin.py:188} INFO - [2024-07-02T09:20:23.258+0000] {dag.py:3820} INFO - Setting next_dagrun for latest_only to 2024-07-02T04:00:00+00:00, run_after=2024-07-02T08:00:00+00:00
[2024-07-02T09:20:23.278+0000] {processor.py:183} INFO - Processing /home/airflow/.local/lib/python3.8/site-packages/airflow/example_dags/example_latest_only.py took 0.075 seconds
[2024-07-02T09:20:53.910+0000] {processor.py:161} INFO - Started process (PID=1891) to work on /home/airflow/.local/lib/python3.8/site-packages/airflow/example_dags/example_latest_only.py
[2024-07-02T09:20:53.911+0000] {processor.py:830} INFO - Processing file /home/airflow/.local/lib/python3.8/site-packages/airflow/example_dags/example_latest_only.py for tasks to queue
[2024-07-02T09:20:53.913+0000] {logging_mixin.py:188} INFO - [2024-07-02T09:20:53.913+0000] {dagbag.py:538} INFO - Filling up the DagBag from /home/airflow/.local/lib/python3.8/site-packages/airflow/example_dags/example_latest_only.py
[2024-07-02T09:20:53.917+0000] {processor.py:840} INFO - DAG(s) 'latest_only' retrieved from /home/airflow/.local/lib/python3.8/site-packages/airflow/example_dags/example_latest_only.py
[2024-07-02T09:20:53.939+0000] {logging_mixin.py:188} INFO - [2024-07-02T09:20:53.938+0000] {dag.py:3033} INFO - Sync 1 DAGs
[2024-07-02T09:20:53.962+0000] {logging_mixin.py:188} INFO - [2024-07-02T09:20:53.961+0000] {dag.py:3820} INFO - Setting next_dagrun for latest_only to 2024-07-02T04:00:00+00:00, run_after=2024-07-02T08:00:00+00:00
[2024-07-02T09:20:53.981+0000] {processor.py:183} INFO - Processing /home/airflow/.local/lib/python3.8/site-packages/airflow/example_dags/example_latest_only.py took 0.073 seconds
[2024-07-02T09:21:24.126+0000] {processor.py:161} INFO - Started process (PID=1946) to work on /home/airflow/.local/lib/python3.8/site-packages/airflow/example_dags/example_latest_only.py
[2024-07-02T09:21:24.127+0000] {processor.py:830} INFO - Processing file /home/airflow/.local/lib/python3.8/site-packages/airflow/example_dags/example_latest_only.py for tasks to queue
[2024-07-02T09:21:24.129+0000] {logging_mixin.py:188} INFO - [2024-07-02T09:21:24.129+0000] {dagbag.py:538} INFO - Filling up the DagBag from /home/airflow/.local/lib/python3.8/site-packages/airflow/example_dags/example_latest_only.py
[2024-07-02T09:21:24.135+0000] {processor.py:840} INFO - DAG(s) 'latest_only' retrieved from /home/airflow/.local/lib/python3.8/site-packages/airflow/example_dags/example_latest_only.py
[2024-07-02T09:21:24.161+0000] {logging_mixin.py:188} INFO - [2024-07-02T09:21:24.161+0000] {dag.py:3033} INFO - Sync 1 DAGs
[2024-07-02T09:21:24.192+0000] {logging_mixin.py:188} INFO - [2024-07-02T09:21:24.191+0000] {dag.py:3820} INFO - Setting next_dagrun for latest_only to 2024-07-02T04:00:00+00:00, run_after=2024-07-02T08:00:00+00:00
[2024-07-02T09:21:24.217+0000] {processor.py:183} INFO - Processing /home/airflow/.local/lib/python3.8/site-packages/airflow/example_dags/example_latest_only.py took 0.094 seconds
[2024-07-02T09:21:54.793+0000] {processor.py:161} INFO - Started process (PID=2000) to work on /home/airflow/.local/lib/python3.8/site-packages/airflow/example_dags/example_latest_only.py
[2024-07-02T09:21:54.794+0000] {processor.py:830} INFO - Processing file /home/airflow/.local/lib/python3.8/site-packages/airflow/example_dags/example_latest_only.py for tasks to queue
[2024-07-02T09:21:54.797+0000] {logging_mixin.py:188} INFO - [2024-07-02T09:21:54.796+0000] {dagbag.py:538} INFO - Filling up the DagBag from /home/airflow/.local/lib/python3.8/site-packages/airflow/example_dags/example_latest_only.py
[2024-07-02T09:21:54.802+0000] {processor.py:840} INFO - DAG(s) 'latest_only' retrieved from /home/airflow/.local/lib/python3.8/site-packages/airflow/example_dags/example_latest_only.py
[2024-07-02T09:21:54.829+0000] {logging_mixin.py:188} INFO - [2024-07-02T09:21:54.828+0000] {dag.py:3033} INFO - Sync 1 DAGs
[2024-07-02T09:21:54.864+0000] {logging_mixin.py:188} INFO - [2024-07-02T09:21:54.864+0000] {dag.py:3820} INFO - Setting next_dagrun for latest_only to 2024-07-02T04:00:00+00:00, run_after=2024-07-02T08:00:00+00:00
[2024-07-02T09:21:54.890+0000] {processor.py:183} INFO - Processing /home/airflow/.local/lib/python3.8/site-packages/airflow/example_dags/example_latest_only.py took 0.100 seconds
[2024-07-02T09:22:24.991+0000] {processor.py:161} INFO - Started process (PID=2055) to work on /home/airflow/.local/lib/python3.8/site-packages/airflow/example_dags/example_latest_only.py
[2024-07-02T09:22:24.995+0000] {processor.py:830} INFO - Processing file /home/airflow/.local/lib/python3.8/site-packages/airflow/example_dags/example_latest_only.py for tasks to queue
[2024-07-02T09:22:24.996+0000] {logging_mixin.py:188} INFO - [2024-07-02T09:22:24.996+0000] {dagbag.py:538} INFO - Filling up the DagBag from /home/airflow/.local/lib/python3.8/site-packages/airflow/example_dags/example_latest_only.py
[2024-07-02T09:22:25.000+0000] {processor.py:840} INFO - DAG(s) 'latest_only' retrieved from /home/airflow/.local/lib/python3.8/site-packages/airflow/example_dags/example_latest_only.py
[2024-07-02T09:22:25.017+0000] {logging_mixin.py:188} INFO - [2024-07-02T09:22:25.017+0000] {dag.py:3033} INFO - Sync 1 DAGs
[2024-07-02T09:22:25.037+0000] {logging_mixin.py:188} INFO - [2024-07-02T09:22:25.036+0000] {dag.py:3820} INFO - Setting next_dagrun for latest_only to 2024-07-02T04:00:00+00:00, run_after=2024-07-02T08:00:00+00:00
[2024-07-02T09:22:25.053+0000] {processor.py:183} INFO - Processing /home/airflow/.local/lib/python3.8/site-packages/airflow/example_dags/example_latest_only.py took 0.064 seconds
[2024-07-02T09:22:55.141+0000] {processor.py:161} INFO - Started process (PID=2110) to work on /home/airflow/.local/lib/python3.8/site-packages/airflow/example_dags/example_latest_only.py
[2024-07-02T09:22:55.145+0000] {processor.py:830} INFO - Processing file /home/airflow/.local/lib/python3.8/site-packages/airflow/example_dags/example_latest_only.py for tasks to queue
[2024-07-02T09:22:55.146+0000] {logging_mixin.py:188} INFO - [2024-07-02T09:22:55.146+0000] {dagbag.py:538} INFO - Filling up the DagBag from /home/airflow/.local/lib/python3.8/site-packages/airflow/example_dags/example_latest_only.py
[2024-07-02T09:22:55.151+0000] {processor.py:840} INFO - DAG(s) 'latest_only' retrieved from /home/airflow/.local/lib/python3.8/site-packages/airflow/example_dags/example_latest_only.py
[2024-07-02T09:22:55.171+0000] {logging_mixin.py:188} INFO - [2024-07-02T09:22:55.171+0000] {dag.py:3033} INFO - Sync 1 DAGs
[2024-07-02T09:22:55.195+0000] {logging_mixin.py:188} INFO - [2024-07-02T09:22:55.195+0000] {dag.py:3820} INFO - Setting next_dagrun for latest_only to 2024-07-02T04:00:00+00:00, run_after=2024-07-02T08:00:00+00:00
[2024-07-02T09:22:55.214+0000] {processor.py:183} INFO - Processing /home/airflow/.local/lib/python3.8/site-packages/airflow/example_dags/example_latest_only.py took 0.075 seconds
[2024-07-02T09:23:25.783+0000] {processor.py:161} INFO - Started process (PID=2165) to work on /home/airflow/.local/lib/python3.8/site-packages/airflow/example_dags/example_latest_only.py
[2024-07-02T09:23:25.784+0000] {processor.py:830} INFO - Processing file /home/airflow/.local/lib/python3.8/site-packages/airflow/example_dags/example_latest_only.py for tasks to queue
[2024-07-02T09:23:25.787+0000] {logging_mixin.py:188} INFO - [2024-07-02T09:23:25.787+0000] {dagbag.py:538} INFO - Filling up the DagBag from /home/airflow/.local/lib/python3.8/site-packages/airflow/example_dags/example_latest_only.py
[2024-07-02T09:23:25.794+0000] {processor.py:840} INFO - DAG(s) 'latest_only' retrieved from /home/airflow/.local/lib/python3.8/site-packages/airflow/example_dags/example_latest_only.py
[2024-07-02T09:23:25.827+0000] {logging_mixin.py:188} INFO - [2024-07-02T09:23:25.827+0000] {dag.py:3033} INFO - Sync 1 DAGs
[2024-07-02T09:23:25.873+0000] {logging_mixin.py:188} INFO - [2024-07-02T09:23:25.872+0000] {dag.py:3820} INFO - Setting next_dagrun for latest_only to 2024-07-02T04:00:00+00:00, run_after=2024-07-02T08:00:00+00:00
[2024-07-02T09:23:25.904+0000] {processor.py:183} INFO - Processing /home/airflow/.local/lib/python3.8/site-packages/airflow/example_dags/example_latest_only.py took 0.126 seconds
[2024-07-02T09:23:55.959+0000] {processor.py:161} INFO - Started process (PID=2220) to work on /home/airflow/.local/lib/python3.8/site-packages/airflow/example_dags/example_latest_only.py
[2024-07-02T09:23:55.960+0000] {processor.py:830} INFO - Processing file /home/airflow/.local/lib/python3.8/site-packages/airflow/example_dags/example_latest_only.py for tasks to queue
[2024-07-02T09:23:55.961+0000] {logging_mixin.py:188} INFO - [2024-07-02T09:23:55.961+0000] {dagbag.py:538} INFO - Filling up the DagBag from /home/airflow/.local/lib/python3.8/site-packages/airflow/example_dags/example_latest_only.py
[2024-07-02T09:23:55.965+0000] {processor.py:840} INFO - DAG(s) 'latest_only' retrieved from /home/airflow/.local/lib/python3.8/site-packages/airflow/example_dags/example_latest_only.py
[2024-07-02T09:23:55.986+0000] {logging_mixin.py:188} INFO - [2024-07-02T09:23:55.985+0000] {dag.py:3033} INFO - Sync 1 DAGs
[2024-07-02T09:23:56.006+0000] {logging_mixin.py:188} INFO - [2024-07-02T09:23:56.006+0000] {dag.py:3820} INFO - Setting next_dagrun for latest_only to 2024-07-02T04:00:00+00:00, run_after=2024-07-02T08:00:00+00:00
[2024-07-02T09:23:56.022+0000] {processor.py:183} INFO - Processing /home/airflow/.local/lib/python3.8/site-packages/airflow/example_dags/example_latest_only.py took 0.066 seconds
