[2024-07-02T09:03:58.651+0000] {processor.py:161} INFO - Started process (PID=43) to work on /home/airflow/.local/lib/python3.8/site-packages/airflow/example_dags/example_task_group_decorator.py
[2024-07-02T09:03:58.652+0000] {processor.py:830} INFO - Processing file /home/airflow/.local/lib/python3.8/site-packages/airflow/example_dags/example_task_group_decorator.py for tasks to queue
[2024-07-02T09:03:58.656+0000] {logging_mixin.py:188} INFO - [2024-07-02T09:03:58.656+0000] {dagbag.py:538} INFO - Filling up the DagBag from /home/airflow/.local/lib/python3.8/site-packages/airflow/example_dags/example_task_group_decorator.py
[2024-07-02T09:03:58.701+0000] {processor.py:840} INFO - DAG(s) 'example_task_group_decorator' retrieved from /home/airflow/.local/lib/python3.8/site-packages/airflow/example_dags/example_task_group_decorator.py
[2024-07-02T09:03:58.884+0000] {logging_mixin.py:188} INFO - [2024-07-02T09:03:58.882+0000] {override.py:1769} INFO - Created Permission View: can edit on DAG:example_task_group_decorator
[2024-07-02T09:03:58.911+0000] {logging_mixin.py:188} INFO - [2024-07-02T09:03:58.910+0000] {override.py:1769} INFO - Created Permission View: can delete on DAG:example_task_group_decorator
[2024-07-02T09:03:58.923+0000] {logging_mixin.py:188} INFO - [2024-07-02T09:03:58.923+0000] {override.py:1769} INFO - Created Permission View: can read on DAG:example_task_group_decorator
[2024-07-02T09:03:58.924+0000] {logging_mixin.py:188} INFO - [2024-07-02T09:03:58.924+0000] {dag.py:3033} INFO - Sync 1 DAGs
[2024-07-02T09:03:58.951+0000] {logging_mixin.py:188} INFO - [2024-07-02T09:03:58.951+0000] {dag.py:3055} INFO - Creating ORM DAG for example_task_group_decorator
[2024-07-02T09:03:58.973+0000] {logging_mixin.py:188} INFO - [2024-07-02T09:03:58.973+0000] {dag.py:3820} INFO - Setting next_dagrun for example_task_group_decorator to 2024-07-01T00:00:00+00:00, run_after=2024-07-02T00:00:00+00:00
[2024-07-02T09:03:59.009+0000] {processor.py:183} INFO - Processing /home/airflow/.local/lib/python3.8/site-packages/airflow/example_dags/example_task_group_decorator.py took 0.364 seconds
[2024-07-02T09:04:29.344+0000] {processor.py:161} INFO - Started process (PID=97) to work on /home/airflow/.local/lib/python3.8/site-packages/airflow/example_dags/example_task_group_decorator.py
[2024-07-02T09:04:29.347+0000] {processor.py:830} INFO - Processing file /home/airflow/.local/lib/python3.8/site-packages/airflow/example_dags/example_task_group_decorator.py for tasks to queue
[2024-07-02T09:04:29.349+0000] {logging_mixin.py:188} INFO - [2024-07-02T09:04:29.349+0000] {dagbag.py:538} INFO - Filling up the DagBag from /home/airflow/.local/lib/python3.8/site-packages/airflow/example_dags/example_task_group_decorator.py
[2024-07-02T09:04:29.367+0000] {processor.py:840} INFO - DAG(s) 'example_task_group_decorator' retrieved from /home/airflow/.local/lib/python3.8/site-packages/airflow/example_dags/example_task_group_decorator.py
[2024-07-02T09:04:29.393+0000] {logging_mixin.py:188} INFO - [2024-07-02T09:04:29.393+0000] {dag.py:3033} INFO - Sync 1 DAGs
[2024-07-02T09:04:29.428+0000] {logging_mixin.py:188} INFO - [2024-07-02T09:04:29.428+0000] {dag.py:3820} INFO - Setting next_dagrun for example_task_group_decorator to 2024-07-01T00:00:00+00:00, run_after=2024-07-02T00:00:00+00:00
[2024-07-02T09:04:29.445+0000] {processor.py:183} INFO - Processing /home/airflow/.local/lib/python3.8/site-packages/airflow/example_dags/example_task_group_decorator.py took 0.104 seconds
[2024-07-02T09:04:59.772+0000] {processor.py:161} INFO - Started process (PID=153) to work on /home/airflow/.local/lib/python3.8/site-packages/airflow/example_dags/example_task_group_decorator.py
[2024-07-02T09:04:59.776+0000] {processor.py:830} INFO - Processing file /home/airflow/.local/lib/python3.8/site-packages/airflow/example_dags/example_task_group_decorator.py for tasks to queue
[2024-07-02T09:04:59.778+0000] {logging_mixin.py:188} INFO - [2024-07-02T09:04:59.778+0000] {dagbag.py:538} INFO - Filling up the DagBag from /home/airflow/.local/lib/python3.8/site-packages/airflow/example_dags/example_task_group_decorator.py
[2024-07-02T09:04:59.796+0000] {processor.py:840} INFO - DAG(s) 'example_task_group_decorator' retrieved from /home/airflow/.local/lib/python3.8/site-packages/airflow/example_dags/example_task_group_decorator.py
[2024-07-02T09:04:59.821+0000] {logging_mixin.py:188} INFO - [2024-07-02T09:04:59.821+0000] {dag.py:3033} INFO - Sync 1 DAGs
[2024-07-02T09:04:59.850+0000] {logging_mixin.py:188} INFO - [2024-07-02T09:04:59.849+0000] {dag.py:3820} INFO - Setting next_dagrun for example_task_group_decorator to 2024-07-01T00:00:00+00:00, run_after=2024-07-02T00:00:00+00:00
[2024-07-02T09:04:59.875+0000] {processor.py:183} INFO - Processing /home/airflow/.local/lib/python3.8/site-packages/airflow/example_dags/example_task_group_decorator.py took 0.106 seconds
[2024-07-02T09:05:30.014+0000] {processor.py:161} INFO - Started process (PID=208) to work on /home/airflow/.local/lib/python3.8/site-packages/airflow/example_dags/example_task_group_decorator.py
[2024-07-02T09:05:30.018+0000] {processor.py:830} INFO - Processing file /home/airflow/.local/lib/python3.8/site-packages/airflow/example_dags/example_task_group_decorator.py for tasks to queue
[2024-07-02T09:05:30.019+0000] {logging_mixin.py:188} INFO - [2024-07-02T09:05:30.019+0000] {dagbag.py:538} INFO - Filling up the DagBag from /home/airflow/.local/lib/python3.8/site-packages/airflow/example_dags/example_task_group_decorator.py
[2024-07-02T09:05:30.032+0000] {processor.py:840} INFO - DAG(s) 'example_task_group_decorator' retrieved from /home/airflow/.local/lib/python3.8/site-packages/airflow/example_dags/example_task_group_decorator.py
[2024-07-02T09:05:30.058+0000] {logging_mixin.py:188} INFO - [2024-07-02T09:05:30.058+0000] {dag.py:3033} INFO - Sync 1 DAGs
[2024-07-02T09:05:30.078+0000] {logging_mixin.py:188} INFO - [2024-07-02T09:05:30.078+0000] {dag.py:3820} INFO - Setting next_dagrun for example_task_group_decorator to 2024-07-01T00:00:00+00:00, run_after=2024-07-02T00:00:00+00:00
[2024-07-02T09:05:30.094+0000] {processor.py:183} INFO - Processing /home/airflow/.local/lib/python3.8/site-packages/airflow/example_dags/example_task_group_decorator.py took 0.083 seconds
[2024-07-02T09:06:00.143+0000] {processor.py:161} INFO - Started process (PID=263) to work on /home/airflow/.local/lib/python3.8/site-packages/airflow/example_dags/example_task_group_decorator.py
[2024-07-02T09:06:00.144+0000] {processor.py:830} INFO - Processing file /home/airflow/.local/lib/python3.8/site-packages/airflow/example_dags/example_task_group_decorator.py for tasks to queue
[2024-07-02T09:06:00.146+0000] {logging_mixin.py:188} INFO - [2024-07-02T09:06:00.146+0000] {dagbag.py:538} INFO - Filling up the DagBag from /home/airflow/.local/lib/python3.8/site-packages/airflow/example_dags/example_task_group_decorator.py
[2024-07-02T09:06:00.162+0000] {processor.py:840} INFO - DAG(s) 'example_task_group_decorator' retrieved from /home/airflow/.local/lib/python3.8/site-packages/airflow/example_dags/example_task_group_decorator.py
[2024-07-02T09:06:00.192+0000] {logging_mixin.py:188} INFO - [2024-07-02T09:06:00.192+0000] {dag.py:3033} INFO - Sync 1 DAGs
[2024-07-02T09:06:00.219+0000] {logging_mixin.py:188} INFO - [2024-07-02T09:06:00.219+0000] {dag.py:3820} INFO - Setting next_dagrun for example_task_group_decorator to 2024-07-01T00:00:00+00:00, run_after=2024-07-02T00:00:00+00:00
[2024-07-02T09:06:00.239+0000] {processor.py:183} INFO - Processing /home/airflow/.local/lib/python3.8/site-packages/airflow/example_dags/example_task_group_decorator.py took 0.098 seconds
[2024-07-02T09:06:30.701+0000] {processor.py:161} INFO - Started process (PID=317) to work on /home/airflow/.local/lib/python3.8/site-packages/airflow/example_dags/example_task_group_decorator.py
[2024-07-02T09:06:30.702+0000] {processor.py:830} INFO - Processing file /home/airflow/.local/lib/python3.8/site-packages/airflow/example_dags/example_task_group_decorator.py for tasks to queue
[2024-07-02T09:06:30.703+0000] {logging_mixin.py:188} INFO - [2024-07-02T09:06:30.703+0000] {dagbag.py:538} INFO - Filling up the DagBag from /home/airflow/.local/lib/python3.8/site-packages/airflow/example_dags/example_task_group_decorator.py
[2024-07-02T09:06:30.717+0000] {processor.py:840} INFO - DAG(s) 'example_task_group_decorator' retrieved from /home/airflow/.local/lib/python3.8/site-packages/airflow/example_dags/example_task_group_decorator.py
[2024-07-02T09:06:30.739+0000] {logging_mixin.py:188} INFO - [2024-07-02T09:06:30.739+0000] {dag.py:3033} INFO - Sync 1 DAGs
[2024-07-02T09:06:30.762+0000] {logging_mixin.py:188} INFO - [2024-07-02T09:06:30.761+0000] {dag.py:3820} INFO - Setting next_dagrun for example_task_group_decorator to 2024-07-01T00:00:00+00:00, run_after=2024-07-02T00:00:00+00:00
[2024-07-02T09:06:30.777+0000] {processor.py:183} INFO - Processing /home/airflow/.local/lib/python3.8/site-packages/airflow/example_dags/example_task_group_decorator.py took 0.078 seconds
[2024-07-02T09:07:01.043+0000] {processor.py:161} INFO - Started process (PID=372) to work on /home/airflow/.local/lib/python3.8/site-packages/airflow/example_dags/example_task_group_decorator.py
[2024-07-02T09:07:01.086+0000] {processor.py:830} INFO - Processing file /home/airflow/.local/lib/python3.8/site-packages/airflow/example_dags/example_task_group_decorator.py for tasks to queue
[2024-07-02T09:07:01.088+0000] {logging_mixin.py:188} INFO - [2024-07-02T09:07:01.088+0000] {dagbag.py:538} INFO - Filling up the DagBag from /home/airflow/.local/lib/python3.8/site-packages/airflow/example_dags/example_task_group_decorator.py
[2024-07-02T09:07:01.113+0000] {processor.py:840} INFO - DAG(s) 'example_task_group_decorator' retrieved from /home/airflow/.local/lib/python3.8/site-packages/airflow/example_dags/example_task_group_decorator.py
[2024-07-02T09:07:01.138+0000] {logging_mixin.py:188} INFO - [2024-07-02T09:07:01.137+0000] {dag.py:3033} INFO - Sync 1 DAGs
[2024-07-02T09:07:01.160+0000] {logging_mixin.py:188} INFO - [2024-07-02T09:07:01.159+0000] {dag.py:3820} INFO - Setting next_dagrun for example_task_group_decorator to 2024-07-01T00:00:00+00:00, run_after=2024-07-02T00:00:00+00:00
[2024-07-02T09:07:01.176+0000] {processor.py:183} INFO - Processing /home/airflow/.local/lib/python3.8/site-packages/airflow/example_dags/example_task_group_decorator.py took 0.137 seconds
[2024-07-02T09:07:31.705+0000] {processor.py:161} INFO - Started process (PID=427) to work on /home/airflow/.local/lib/python3.8/site-packages/airflow/example_dags/example_task_group_decorator.py
[2024-07-02T09:07:31.706+0000] {processor.py:830} INFO - Processing file /home/airflow/.local/lib/python3.8/site-packages/airflow/example_dags/example_task_group_decorator.py for tasks to queue
[2024-07-02T09:07:31.708+0000] {logging_mixin.py:188} INFO - [2024-07-02T09:07:31.708+0000] {dagbag.py:538} INFO - Filling up the DagBag from /home/airflow/.local/lib/python3.8/site-packages/airflow/example_dags/example_task_group_decorator.py
[2024-07-02T09:07:31.727+0000] {processor.py:840} INFO - DAG(s) 'example_task_group_decorator' retrieved from /home/airflow/.local/lib/python3.8/site-packages/airflow/example_dags/example_task_group_decorator.py
[2024-07-02T09:07:31.750+0000] {logging_mixin.py:188} INFO - [2024-07-02T09:07:31.750+0000] {dag.py:3033} INFO - Sync 1 DAGs
[2024-07-02T09:07:31.778+0000] {logging_mixin.py:188} INFO - [2024-07-02T09:07:31.778+0000] {dag.py:3820} INFO - Setting next_dagrun for example_task_group_decorator to 2024-07-01T00:00:00+00:00, run_after=2024-07-02T00:00:00+00:00
[2024-07-02T09:07:31.801+0000] {processor.py:183} INFO - Processing /home/airflow/.local/lib/python3.8/site-packages/airflow/example_dags/example_task_group_decorator.py took 0.099 seconds
[2024-07-02T09:08:02.299+0000] {processor.py:161} INFO - Started process (PID=482) to work on /home/airflow/.local/lib/python3.8/site-packages/airflow/example_dags/example_task_group_decorator.py
[2024-07-02T09:08:02.300+0000] {processor.py:830} INFO - Processing file /home/airflow/.local/lib/python3.8/site-packages/airflow/example_dags/example_task_group_decorator.py for tasks to queue
[2024-07-02T09:08:02.302+0000] {logging_mixin.py:188} INFO - [2024-07-02T09:08:02.302+0000] {dagbag.py:538} INFO - Filling up the DagBag from /home/airflow/.local/lib/python3.8/site-packages/airflow/example_dags/example_task_group_decorator.py
[2024-07-02T09:08:02.318+0000] {processor.py:840} INFO - DAG(s) 'example_task_group_decorator' retrieved from /home/airflow/.local/lib/python3.8/site-packages/airflow/example_dags/example_task_group_decorator.py
[2024-07-02T09:08:02.344+0000] {logging_mixin.py:188} INFO - [2024-07-02T09:08:02.344+0000] {dag.py:3033} INFO - Sync 1 DAGs
[2024-07-02T09:08:02.365+0000] {logging_mixin.py:188} INFO - [2024-07-02T09:08:02.364+0000] {dag.py:3820} INFO - Setting next_dagrun for example_task_group_decorator to 2024-07-01T00:00:00+00:00, run_after=2024-07-02T00:00:00+00:00
[2024-07-02T09:08:02.382+0000] {processor.py:183} INFO - Processing /home/airflow/.local/lib/python3.8/site-packages/airflow/example_dags/example_task_group_decorator.py took 0.085 seconds
[2024-07-02T09:08:32.928+0000] {processor.py:161} INFO - Started process (PID=537) to work on /home/airflow/.local/lib/python3.8/site-packages/airflow/example_dags/example_task_group_decorator.py
[2024-07-02T09:08:32.928+0000] {processor.py:830} INFO - Processing file /home/airflow/.local/lib/python3.8/site-packages/airflow/example_dags/example_task_group_decorator.py for tasks to queue
[2024-07-02T09:08:32.930+0000] {logging_mixin.py:188} INFO - [2024-07-02T09:08:32.930+0000] {dagbag.py:538} INFO - Filling up the DagBag from /home/airflow/.local/lib/python3.8/site-packages/airflow/example_dags/example_task_group_decorator.py
[2024-07-02T09:08:32.944+0000] {processor.py:840} INFO - DAG(s) 'example_task_group_decorator' retrieved from /home/airflow/.local/lib/python3.8/site-packages/airflow/example_dags/example_task_group_decorator.py
[2024-07-02T09:08:32.970+0000] {logging_mixin.py:188} INFO - [2024-07-02T09:08:32.970+0000] {dag.py:3033} INFO - Sync 1 DAGs
[2024-07-02T09:08:32.993+0000] {logging_mixin.py:188} INFO - [2024-07-02T09:08:32.993+0000] {dag.py:3820} INFO - Setting next_dagrun for example_task_group_decorator to 2024-07-01T00:00:00+00:00, run_after=2024-07-02T00:00:00+00:00
[2024-07-02T09:08:33.010+0000] {processor.py:183} INFO - Processing /home/airflow/.local/lib/python3.8/site-packages/airflow/example_dags/example_task_group_decorator.py took 0.085 seconds
[2024-07-02T09:09:03.463+0000] {processor.py:161} INFO - Started process (PID=592) to work on /home/airflow/.local/lib/python3.8/site-packages/airflow/example_dags/example_task_group_decorator.py
[2024-07-02T09:09:03.467+0000] {processor.py:830} INFO - Processing file /home/airflow/.local/lib/python3.8/site-packages/airflow/example_dags/example_task_group_decorator.py for tasks to queue
[2024-07-02T09:09:03.469+0000] {logging_mixin.py:188} INFO - [2024-07-02T09:09:03.468+0000] {dagbag.py:538} INFO - Filling up the DagBag from /home/airflow/.local/lib/python3.8/site-packages/airflow/example_dags/example_task_group_decorator.py
[2024-07-02T09:09:03.483+0000] {processor.py:840} INFO - DAG(s) 'example_task_group_decorator' retrieved from /home/airflow/.local/lib/python3.8/site-packages/airflow/example_dags/example_task_group_decorator.py
[2024-07-02T09:09:03.512+0000] {logging_mixin.py:188} INFO - [2024-07-02T09:09:03.512+0000] {dag.py:3033} INFO - Sync 1 DAGs
[2024-07-02T09:09:03.533+0000] {logging_mixin.py:188} INFO - [2024-07-02T09:09:03.533+0000] {dag.py:3820} INFO - Setting next_dagrun for example_task_group_decorator to 2024-07-01T00:00:00+00:00, run_after=2024-07-02T00:00:00+00:00
[2024-07-02T09:09:03.550+0000] {processor.py:183} INFO - Processing /home/airflow/.local/lib/python3.8/site-packages/airflow/example_dags/example_task_group_decorator.py took 0.089 seconds
[2024-07-02T09:09:34.041+0000] {processor.py:161} INFO - Started process (PID=647) to work on /home/airflow/.local/lib/python3.8/site-packages/airflow/example_dags/example_task_group_decorator.py
[2024-07-02T09:09:34.042+0000] {processor.py:830} INFO - Processing file /home/airflow/.local/lib/python3.8/site-packages/airflow/example_dags/example_task_group_decorator.py for tasks to queue
[2024-07-02T09:09:34.044+0000] {logging_mixin.py:188} INFO - [2024-07-02T09:09:34.044+0000] {dagbag.py:538} INFO - Filling up the DagBag from /home/airflow/.local/lib/python3.8/site-packages/airflow/example_dags/example_task_group_decorator.py
[2024-07-02T09:09:34.061+0000] {processor.py:840} INFO - DAG(s) 'example_task_group_decorator' retrieved from /home/airflow/.local/lib/python3.8/site-packages/airflow/example_dags/example_task_group_decorator.py
[2024-07-02T09:09:34.091+0000] {logging_mixin.py:188} INFO - [2024-07-02T09:09:34.091+0000] {dag.py:3033} INFO - Sync 1 DAGs
[2024-07-02T09:09:34.112+0000] {logging_mixin.py:188} INFO - [2024-07-02T09:09:34.112+0000] {dag.py:3820} INFO - Setting next_dagrun for example_task_group_decorator to 2024-07-01T00:00:00+00:00, run_after=2024-07-02T00:00:00+00:00
[2024-07-02T09:09:34.137+0000] {processor.py:183} INFO - Processing /home/airflow/.local/lib/python3.8/site-packages/airflow/example_dags/example_task_group_decorator.py took 0.098 seconds
[2024-07-02T09:10:04.365+0000] {processor.py:161} INFO - Started process (PID=702) to work on /home/airflow/.local/lib/python3.8/site-packages/airflow/example_dags/example_task_group_decorator.py
[2024-07-02T09:10:04.368+0000] {processor.py:830} INFO - Processing file /home/airflow/.local/lib/python3.8/site-packages/airflow/example_dags/example_task_group_decorator.py for tasks to queue
[2024-07-02T09:10:04.369+0000] {logging_mixin.py:188} INFO - [2024-07-02T09:10:04.369+0000] {dagbag.py:538} INFO - Filling up the DagBag from /home/airflow/.local/lib/python3.8/site-packages/airflow/example_dags/example_task_group_decorator.py
[2024-07-02T09:10:04.383+0000] {processor.py:840} INFO - DAG(s) 'example_task_group_decorator' retrieved from /home/airflow/.local/lib/python3.8/site-packages/airflow/example_dags/example_task_group_decorator.py
[2024-07-02T09:10:04.407+0000] {logging_mixin.py:188} INFO - [2024-07-02T09:10:04.407+0000] {dag.py:3033} INFO - Sync 1 DAGs
[2024-07-02T09:10:04.427+0000] {logging_mixin.py:188} INFO - [2024-07-02T09:10:04.427+0000] {dag.py:3820} INFO - Setting next_dagrun for example_task_group_decorator to 2024-07-01T00:00:00+00:00, run_after=2024-07-02T00:00:00+00:00
[2024-07-02T09:10:04.441+0000] {processor.py:183} INFO - Processing /home/airflow/.local/lib/python3.8/site-packages/airflow/example_dags/example_task_group_decorator.py took 0.078 seconds
[2024-07-02T09:10:35.059+0000] {processor.py:161} INFO - Started process (PID=757) to work on /home/airflow/.local/lib/python3.8/site-packages/airflow/example_dags/example_task_group_decorator.py
[2024-07-02T09:10:35.060+0000] {processor.py:830} INFO - Processing file /home/airflow/.local/lib/python3.8/site-packages/airflow/example_dags/example_task_group_decorator.py for tasks to queue
[2024-07-02T09:10:35.061+0000] {logging_mixin.py:188} INFO - [2024-07-02T09:10:35.061+0000] {dagbag.py:538} INFO - Filling up the DagBag from /home/airflow/.local/lib/python3.8/site-packages/airflow/example_dags/example_task_group_decorator.py
[2024-07-02T09:10:35.075+0000] {processor.py:840} INFO - DAG(s) 'example_task_group_decorator' retrieved from /home/airflow/.local/lib/python3.8/site-packages/airflow/example_dags/example_task_group_decorator.py
[2024-07-02T09:10:35.100+0000] {logging_mixin.py:188} INFO - [2024-07-02T09:10:35.100+0000] {dag.py:3033} INFO - Sync 1 DAGs
[2024-07-02T09:10:35.122+0000] {logging_mixin.py:188} INFO - [2024-07-02T09:10:35.122+0000] {dag.py:3820} INFO - Setting next_dagrun for example_task_group_decorator to 2024-07-01T00:00:00+00:00, run_after=2024-07-02T00:00:00+00:00
[2024-07-02T09:10:35.138+0000] {processor.py:183} INFO - Processing /home/airflow/.local/lib/python3.8/site-packages/airflow/example_dags/example_task_group_decorator.py took 0.081 seconds
[2024-07-02T09:11:05.579+0000] {processor.py:161} INFO - Started process (PID=812) to work on /home/airflow/.local/lib/python3.8/site-packages/airflow/example_dags/example_task_group_decorator.py
[2024-07-02T09:11:05.586+0000] {processor.py:830} INFO - Processing file /home/airflow/.local/lib/python3.8/site-packages/airflow/example_dags/example_task_group_decorator.py for tasks to queue
[2024-07-02T09:11:05.589+0000] {logging_mixin.py:188} INFO - [2024-07-02T09:11:05.588+0000] {dagbag.py:538} INFO - Filling up the DagBag from /home/airflow/.local/lib/python3.8/site-packages/airflow/example_dags/example_task_group_decorator.py
[2024-07-02T09:11:05.608+0000] {processor.py:840} INFO - DAG(s) 'example_task_group_decorator' retrieved from /home/airflow/.local/lib/python3.8/site-packages/airflow/example_dags/example_task_group_decorator.py
[2024-07-02T09:11:05.635+0000] {logging_mixin.py:188} INFO - [2024-07-02T09:11:05.635+0000] {dag.py:3033} INFO - Sync 1 DAGs
[2024-07-02T09:11:05.661+0000] {logging_mixin.py:188} INFO - [2024-07-02T09:11:05.661+0000] {dag.py:3820} INFO - Setting next_dagrun for example_task_group_decorator to 2024-07-01T00:00:00+00:00, run_after=2024-07-02T00:00:00+00:00
[2024-07-02T09:11:05.681+0000] {processor.py:183} INFO - Processing /home/airflow/.local/lib/python3.8/site-packages/airflow/example_dags/example_task_group_decorator.py took 0.106 seconds
[2024-07-02T09:11:36.121+0000] {processor.py:161} INFO - Started process (PID=867) to work on /home/airflow/.local/lib/python3.8/site-packages/airflow/example_dags/example_task_group_decorator.py
[2024-07-02T09:11:36.123+0000] {processor.py:830} INFO - Processing file /home/airflow/.local/lib/python3.8/site-packages/airflow/example_dags/example_task_group_decorator.py for tasks to queue
[2024-07-02T09:11:36.126+0000] {logging_mixin.py:188} INFO - [2024-07-02T09:11:36.125+0000] {dagbag.py:538} INFO - Filling up the DagBag from /home/airflow/.local/lib/python3.8/site-packages/airflow/example_dags/example_task_group_decorator.py
[2024-07-02T09:11:36.149+0000] {processor.py:840} INFO - DAG(s) 'example_task_group_decorator' retrieved from /home/airflow/.local/lib/python3.8/site-packages/airflow/example_dags/example_task_group_decorator.py
[2024-07-02T09:11:36.200+0000] {logging_mixin.py:188} INFO - [2024-07-02T09:11:36.199+0000] {dag.py:3033} INFO - Sync 1 DAGs
[2024-07-02T09:11:36.231+0000] {logging_mixin.py:188} INFO - [2024-07-02T09:11:36.231+0000] {dag.py:3820} INFO - Setting next_dagrun for example_task_group_decorator to 2024-07-01T00:00:00+00:00, run_after=2024-07-02T00:00:00+00:00
[2024-07-02T09:11:36.255+0000] {processor.py:183} INFO - Processing /home/airflow/.local/lib/python3.8/site-packages/airflow/example_dags/example_task_group_decorator.py took 0.138 seconds
[2024-07-02T09:12:06.512+0000] {processor.py:161} INFO - Started process (PID=922) to work on /home/airflow/.local/lib/python3.8/site-packages/airflow/example_dags/example_task_group_decorator.py
[2024-07-02T09:12:06.513+0000] {processor.py:830} INFO - Processing file /home/airflow/.local/lib/python3.8/site-packages/airflow/example_dags/example_task_group_decorator.py for tasks to queue
[2024-07-02T09:12:06.515+0000] {logging_mixin.py:188} INFO - [2024-07-02T09:12:06.515+0000] {dagbag.py:538} INFO - Filling up the DagBag from /home/airflow/.local/lib/python3.8/site-packages/airflow/example_dags/example_task_group_decorator.py
[2024-07-02T09:12:06.530+0000] {processor.py:840} INFO - DAG(s) 'example_task_group_decorator' retrieved from /home/airflow/.local/lib/python3.8/site-packages/airflow/example_dags/example_task_group_decorator.py
[2024-07-02T09:12:06.556+0000] {logging_mixin.py:188} INFO - [2024-07-02T09:12:06.556+0000] {dag.py:3033} INFO - Sync 1 DAGs
[2024-07-02T09:12:06.577+0000] {logging_mixin.py:188} INFO - [2024-07-02T09:12:06.577+0000] {dag.py:3820} INFO - Setting next_dagrun for example_task_group_decorator to 2024-07-01T00:00:00+00:00, run_after=2024-07-02T00:00:00+00:00
[2024-07-02T09:12:06.593+0000] {processor.py:183} INFO - Processing /home/airflow/.local/lib/python3.8/site-packages/airflow/example_dags/example_task_group_decorator.py took 0.084 seconds
[2024-07-02T09:12:36.625+0000] {processor.py:161} INFO - Started process (PID=977) to work on /home/airflow/.local/lib/python3.8/site-packages/airflow/example_dags/example_task_group_decorator.py
[2024-07-02T09:12:36.626+0000] {processor.py:830} INFO - Processing file /home/airflow/.local/lib/python3.8/site-packages/airflow/example_dags/example_task_group_decorator.py for tasks to queue
[2024-07-02T09:12:36.628+0000] {logging_mixin.py:188} INFO - [2024-07-02T09:12:36.627+0000] {dagbag.py:538} INFO - Filling up the DagBag from /home/airflow/.local/lib/python3.8/site-packages/airflow/example_dags/example_task_group_decorator.py
[2024-07-02T09:12:36.641+0000] {processor.py:840} INFO - DAG(s) 'example_task_group_decorator' retrieved from /home/airflow/.local/lib/python3.8/site-packages/airflow/example_dags/example_task_group_decorator.py
[2024-07-02T09:12:36.662+0000] {logging_mixin.py:188} INFO - [2024-07-02T09:12:36.661+0000] {dag.py:3033} INFO - Sync 1 DAGs
[2024-07-02T09:12:36.683+0000] {logging_mixin.py:188} INFO - [2024-07-02T09:12:36.683+0000] {dag.py:3820} INFO - Setting next_dagrun for example_task_group_decorator to 2024-07-01T00:00:00+00:00, run_after=2024-07-02T00:00:00+00:00
[2024-07-02T09:12:36.700+0000] {processor.py:183} INFO - Processing /home/airflow/.local/lib/python3.8/site-packages/airflow/example_dags/example_task_group_decorator.py took 0.077 seconds
[2024-07-02T09:13:07.423+0000] {processor.py:161} INFO - Started process (PID=1032) to work on /home/airflow/.local/lib/python3.8/site-packages/airflow/example_dags/example_task_group_decorator.py
[2024-07-02T09:13:07.432+0000] {processor.py:830} INFO - Processing file /home/airflow/.local/lib/python3.8/site-packages/airflow/example_dags/example_task_group_decorator.py for tasks to queue
[2024-07-02T09:13:07.434+0000] {logging_mixin.py:188} INFO - [2024-07-02T09:13:07.433+0000] {dagbag.py:538} INFO - Filling up the DagBag from /home/airflow/.local/lib/python3.8/site-packages/airflow/example_dags/example_task_group_decorator.py
[2024-07-02T09:13:07.449+0000] {processor.py:840} INFO - DAG(s) 'example_task_group_decorator' retrieved from /home/airflow/.local/lib/python3.8/site-packages/airflow/example_dags/example_task_group_decorator.py
[2024-07-02T09:13:07.471+0000] {logging_mixin.py:188} INFO - [2024-07-02T09:13:07.471+0000] {dag.py:3033} INFO - Sync 1 DAGs
[2024-07-02T09:13:07.490+0000] {logging_mixin.py:188} INFO - [2024-07-02T09:13:07.490+0000] {dag.py:3820} INFO - Setting next_dagrun for example_task_group_decorator to 2024-07-01T00:00:00+00:00, run_after=2024-07-02T00:00:00+00:00
[2024-07-02T09:13:07.505+0000] {processor.py:183} INFO - Processing /home/airflow/.local/lib/python3.8/site-packages/airflow/example_dags/example_task_group_decorator.py took 0.084 seconds
[2024-07-02T09:13:37.894+0000] {processor.py:161} INFO - Started process (PID=1087) to work on /home/airflow/.local/lib/python3.8/site-packages/airflow/example_dags/example_task_group_decorator.py
[2024-07-02T09:13:37.895+0000] {processor.py:830} INFO - Processing file /home/airflow/.local/lib/python3.8/site-packages/airflow/example_dags/example_task_group_decorator.py for tasks to queue
[2024-07-02T09:13:37.896+0000] {logging_mixin.py:188} INFO - [2024-07-02T09:13:37.896+0000] {dagbag.py:538} INFO - Filling up the DagBag from /home/airflow/.local/lib/python3.8/site-packages/airflow/example_dags/example_task_group_decorator.py
[2024-07-02T09:13:37.910+0000] {processor.py:840} INFO - DAG(s) 'example_task_group_decorator' retrieved from /home/airflow/.local/lib/python3.8/site-packages/airflow/example_dags/example_task_group_decorator.py
[2024-07-02T09:13:37.939+0000] {logging_mixin.py:188} INFO - [2024-07-02T09:13:37.939+0000] {dag.py:3033} INFO - Sync 1 DAGs
[2024-07-02T09:13:37.962+0000] {logging_mixin.py:188} INFO - [2024-07-02T09:13:37.962+0000] {dag.py:3820} INFO - Setting next_dagrun for example_task_group_decorator to 2024-07-01T00:00:00+00:00, run_after=2024-07-02T00:00:00+00:00
[2024-07-02T09:13:37.982+0000] {processor.py:183} INFO - Processing /home/airflow/.local/lib/python3.8/site-packages/airflow/example_dags/example_task_group_decorator.py took 0.091 seconds
[2024-07-02T09:14:08.478+0000] {processor.py:161} INFO - Started process (PID=1142) to work on /home/airflow/.local/lib/python3.8/site-packages/airflow/example_dags/example_task_group_decorator.py
[2024-07-02T09:14:08.478+0000] {processor.py:830} INFO - Processing file /home/airflow/.local/lib/python3.8/site-packages/airflow/example_dags/example_task_group_decorator.py for tasks to queue
[2024-07-02T09:14:08.480+0000] {logging_mixin.py:188} INFO - [2024-07-02T09:14:08.480+0000] {dagbag.py:538} INFO - Filling up the DagBag from /home/airflow/.local/lib/python3.8/site-packages/airflow/example_dags/example_task_group_decorator.py
[2024-07-02T09:14:08.493+0000] {processor.py:840} INFO - DAG(s) 'example_task_group_decorator' retrieved from /home/airflow/.local/lib/python3.8/site-packages/airflow/example_dags/example_task_group_decorator.py
[2024-07-02T09:14:08.524+0000] {logging_mixin.py:188} INFO - [2024-07-02T09:14:08.523+0000] {dag.py:3033} INFO - Sync 1 DAGs
[2024-07-02T09:14:08.550+0000] {logging_mixin.py:188} INFO - [2024-07-02T09:14:08.550+0000] {dag.py:3820} INFO - Setting next_dagrun for example_task_group_decorator to 2024-07-01T00:00:00+00:00, run_after=2024-07-02T00:00:00+00:00
[2024-07-02T09:14:08.571+0000] {processor.py:183} INFO - Processing /home/airflow/.local/lib/python3.8/site-packages/airflow/example_dags/example_task_group_decorator.py took 0.095 seconds
[2024-07-02T09:14:38.862+0000] {processor.py:161} INFO - Started process (PID=1197) to work on /home/airflow/.local/lib/python3.8/site-packages/airflow/example_dags/example_task_group_decorator.py
[2024-07-02T09:14:38.862+0000] {processor.py:830} INFO - Processing file /home/airflow/.local/lib/python3.8/site-packages/airflow/example_dags/example_task_group_decorator.py for tasks to queue
[2024-07-02T09:14:38.864+0000] {logging_mixin.py:188} INFO - [2024-07-02T09:14:38.864+0000] {dagbag.py:538} INFO - Filling up the DagBag from /home/airflow/.local/lib/python3.8/site-packages/airflow/example_dags/example_task_group_decorator.py
[2024-07-02T09:14:38.878+0000] {processor.py:840} INFO - DAG(s) 'example_task_group_decorator' retrieved from /home/airflow/.local/lib/python3.8/site-packages/airflow/example_dags/example_task_group_decorator.py
[2024-07-02T09:14:38.900+0000] {logging_mixin.py:188} INFO - [2024-07-02T09:14:38.900+0000] {dag.py:3033} INFO - Sync 1 DAGs
[2024-07-02T09:14:38.926+0000] {logging_mixin.py:188} INFO - [2024-07-02T09:14:38.925+0000] {dag.py:3820} INFO - Setting next_dagrun for example_task_group_decorator to 2024-07-01T00:00:00+00:00, run_after=2024-07-02T00:00:00+00:00
[2024-07-02T09:14:38.942+0000] {processor.py:183} INFO - Processing /home/airflow/.local/lib/python3.8/site-packages/airflow/example_dags/example_task_group_decorator.py took 0.083 seconds
[2024-07-02T09:15:09.454+0000] {processor.py:161} INFO - Started process (PID=1252) to work on /home/airflow/.local/lib/python3.8/site-packages/airflow/example_dags/example_task_group_decorator.py
[2024-07-02T09:15:09.455+0000] {processor.py:830} INFO - Processing file /home/airflow/.local/lib/python3.8/site-packages/airflow/example_dags/example_task_group_decorator.py for tasks to queue
[2024-07-02T09:15:09.457+0000] {logging_mixin.py:188} INFO - [2024-07-02T09:15:09.456+0000] {dagbag.py:538} INFO - Filling up the DagBag from /home/airflow/.local/lib/python3.8/site-packages/airflow/example_dags/example_task_group_decorator.py
[2024-07-02T09:15:09.470+0000] {processor.py:840} INFO - DAG(s) 'example_task_group_decorator' retrieved from /home/airflow/.local/lib/python3.8/site-packages/airflow/example_dags/example_task_group_decorator.py
[2024-07-02T09:15:09.500+0000] {logging_mixin.py:188} INFO - [2024-07-02T09:15:09.499+0000] {dag.py:3033} INFO - Sync 1 DAGs
[2024-07-02T09:15:09.527+0000] {logging_mixin.py:188} INFO - [2024-07-02T09:15:09.527+0000] {dag.py:3820} INFO - Setting next_dagrun for example_task_group_decorator to 2024-07-01T00:00:00+00:00, run_after=2024-07-02T00:00:00+00:00
[2024-07-02T09:15:09.548+0000] {processor.py:183} INFO - Processing /home/airflow/.local/lib/python3.8/site-packages/airflow/example_dags/example_task_group_decorator.py took 0.096 seconds
[2024-07-02T09:15:39.867+0000] {processor.py:161} INFO - Started process (PID=1307) to work on /home/airflow/.local/lib/python3.8/site-packages/airflow/example_dags/example_task_group_decorator.py
[2024-07-02T09:15:39.871+0000] {processor.py:830} INFO - Processing file /home/airflow/.local/lib/python3.8/site-packages/airflow/example_dags/example_task_group_decorator.py for tasks to queue
[2024-07-02T09:15:39.873+0000] {logging_mixin.py:188} INFO - [2024-07-02T09:15:39.873+0000] {dagbag.py:538} INFO - Filling up the DagBag from /home/airflow/.local/lib/python3.8/site-packages/airflow/example_dags/example_task_group_decorator.py
[2024-07-02T09:15:39.887+0000] {processor.py:840} INFO - DAG(s) 'example_task_group_decorator' retrieved from /home/airflow/.local/lib/python3.8/site-packages/airflow/example_dags/example_task_group_decorator.py
[2024-07-02T09:15:39.914+0000] {logging_mixin.py:188} INFO - [2024-07-02T09:15:39.913+0000] {dag.py:3033} INFO - Sync 1 DAGs
[2024-07-02T09:15:39.937+0000] {logging_mixin.py:188} INFO - [2024-07-02T09:15:39.937+0000] {dag.py:3820} INFO - Setting next_dagrun for example_task_group_decorator to 2024-07-01T00:00:00+00:00, run_after=2024-07-02T00:00:00+00:00
[2024-07-02T09:15:39.953+0000] {processor.py:183} INFO - Processing /home/airflow/.local/lib/python3.8/site-packages/airflow/example_dags/example_task_group_decorator.py took 0.088 seconds
[2024-07-02T09:16:10.479+0000] {processor.py:161} INFO - Started process (PID=1361) to work on /home/airflow/.local/lib/python3.8/site-packages/airflow/example_dags/example_task_group_decorator.py
[2024-07-02T09:16:10.480+0000] {processor.py:830} INFO - Processing file /home/airflow/.local/lib/python3.8/site-packages/airflow/example_dags/example_task_group_decorator.py for tasks to queue
[2024-07-02T09:16:10.481+0000] {logging_mixin.py:188} INFO - [2024-07-02T09:16:10.481+0000] {dagbag.py:538} INFO - Filling up the DagBag from /home/airflow/.local/lib/python3.8/site-packages/airflow/example_dags/example_task_group_decorator.py
[2024-07-02T09:16:10.496+0000] {processor.py:840} INFO - DAG(s) 'example_task_group_decorator' retrieved from /home/airflow/.local/lib/python3.8/site-packages/airflow/example_dags/example_task_group_decorator.py
[2024-07-02T09:16:10.524+0000] {logging_mixin.py:188} INFO - [2024-07-02T09:16:10.524+0000] {dag.py:3033} INFO - Sync 1 DAGs
[2024-07-02T09:16:10.546+0000] {logging_mixin.py:188} INFO - [2024-07-02T09:16:10.545+0000] {dag.py:3820} INFO - Setting next_dagrun for example_task_group_decorator to 2024-07-01T00:00:00+00:00, run_after=2024-07-02T00:00:00+00:00
[2024-07-02T09:16:10.561+0000] {processor.py:183} INFO - Processing /home/airflow/.local/lib/python3.8/site-packages/airflow/example_dags/example_task_group_decorator.py took 0.085 seconds
[2024-07-02T09:16:41.106+0000] {processor.py:161} INFO - Started process (PID=1416) to work on /home/airflow/.local/lib/python3.8/site-packages/airflow/example_dags/example_task_group_decorator.py
[2024-07-02T09:16:41.107+0000] {processor.py:830} INFO - Processing file /home/airflow/.local/lib/python3.8/site-packages/airflow/example_dags/example_task_group_decorator.py for tasks to queue
[2024-07-02T09:16:41.108+0000] {logging_mixin.py:188} INFO - [2024-07-02T09:16:41.108+0000] {dagbag.py:538} INFO - Filling up the DagBag from /home/airflow/.local/lib/python3.8/site-packages/airflow/example_dags/example_task_group_decorator.py
[2024-07-02T09:16:41.122+0000] {processor.py:840} INFO - DAG(s) 'example_task_group_decorator' retrieved from /home/airflow/.local/lib/python3.8/site-packages/airflow/example_dags/example_task_group_decorator.py
[2024-07-02T09:16:41.144+0000] {logging_mixin.py:188} INFO - [2024-07-02T09:16:41.144+0000] {dag.py:3033} INFO - Sync 1 DAGs
[2024-07-02T09:16:41.168+0000] {logging_mixin.py:188} INFO - [2024-07-02T09:16:41.168+0000] {dag.py:3820} INFO - Setting next_dagrun for example_task_group_decorator to 2024-07-01T00:00:00+00:00, run_after=2024-07-02T00:00:00+00:00
[2024-07-02T09:16:41.184+0000] {processor.py:183} INFO - Processing /home/airflow/.local/lib/python3.8/site-packages/airflow/example_dags/example_task_group_decorator.py took 0.081 seconds
[2024-07-02T09:17:11.633+0000] {processor.py:161} INFO - Started process (PID=1471) to work on /home/airflow/.local/lib/python3.8/site-packages/airflow/example_dags/example_task_group_decorator.py
[2024-07-02T09:17:11.634+0000] {processor.py:830} INFO - Processing file /home/airflow/.local/lib/python3.8/site-packages/airflow/example_dags/example_task_group_decorator.py for tasks to queue
[2024-07-02T09:17:11.635+0000] {logging_mixin.py:188} INFO - [2024-07-02T09:17:11.635+0000] {dagbag.py:538} INFO - Filling up the DagBag from /home/airflow/.local/lib/python3.8/site-packages/airflow/example_dags/example_task_group_decorator.py
[2024-07-02T09:17:11.649+0000] {processor.py:840} INFO - DAG(s) 'example_task_group_decorator' retrieved from /home/airflow/.local/lib/python3.8/site-packages/airflow/example_dags/example_task_group_decorator.py
[2024-07-02T09:17:11.673+0000] {logging_mixin.py:188} INFO - [2024-07-02T09:17:11.673+0000] {dag.py:3033} INFO - Sync 1 DAGs
[2024-07-02T09:17:11.694+0000] {logging_mixin.py:188} INFO - [2024-07-02T09:17:11.694+0000] {dag.py:3820} INFO - Setting next_dagrun for example_task_group_decorator to 2024-07-01T00:00:00+00:00, run_after=2024-07-02T00:00:00+00:00
[2024-07-02T09:17:11.710+0000] {processor.py:183} INFO - Processing /home/airflow/.local/lib/python3.8/site-packages/airflow/example_dags/example_task_group_decorator.py took 0.079 seconds
[2024-07-02T09:17:42.078+0000] {processor.py:161} INFO - Started process (PID=1527) to work on /home/airflow/.local/lib/python3.8/site-packages/airflow/example_dags/example_task_group_decorator.py
[2024-07-02T09:17:42.079+0000] {processor.py:830} INFO - Processing file /home/airflow/.local/lib/python3.8/site-packages/airflow/example_dags/example_task_group_decorator.py for tasks to queue
[2024-07-02T09:17:42.080+0000] {logging_mixin.py:188} INFO - [2024-07-02T09:17:42.080+0000] {dagbag.py:538} INFO - Filling up the DagBag from /home/airflow/.local/lib/python3.8/site-packages/airflow/example_dags/example_task_group_decorator.py
[2024-07-02T09:17:42.095+0000] {processor.py:840} INFO - DAG(s) 'example_task_group_decorator' retrieved from /home/airflow/.local/lib/python3.8/site-packages/airflow/example_dags/example_task_group_decorator.py
[2024-07-02T09:17:42.123+0000] {logging_mixin.py:188} INFO - [2024-07-02T09:17:42.123+0000] {dag.py:3033} INFO - Sync 1 DAGs
[2024-07-02T09:17:42.143+0000] {logging_mixin.py:188} INFO - [2024-07-02T09:17:42.143+0000] {dag.py:3820} INFO - Setting next_dagrun for example_task_group_decorator to 2024-07-01T00:00:00+00:00, run_after=2024-07-02T00:00:00+00:00
[2024-07-02T09:17:42.158+0000] {processor.py:183} INFO - Processing /home/airflow/.local/lib/python3.8/site-packages/airflow/example_dags/example_task_group_decorator.py took 0.083 seconds
[2024-07-02T09:18:12.558+0000] {processor.py:161} INFO - Started process (PID=1582) to work on /home/airflow/.local/lib/python3.8/site-packages/airflow/example_dags/example_task_group_decorator.py
[2024-07-02T09:18:12.559+0000] {processor.py:830} INFO - Processing file /home/airflow/.local/lib/python3.8/site-packages/airflow/example_dags/example_task_group_decorator.py for tasks to queue
[2024-07-02T09:18:12.561+0000] {logging_mixin.py:188} INFO - [2024-07-02T09:18:12.560+0000] {dagbag.py:538} INFO - Filling up the DagBag from /home/airflow/.local/lib/python3.8/site-packages/airflow/example_dags/example_task_group_decorator.py
[2024-07-02T09:18:12.575+0000] {processor.py:840} INFO - DAG(s) 'example_task_group_decorator' retrieved from /home/airflow/.local/lib/python3.8/site-packages/airflow/example_dags/example_task_group_decorator.py
[2024-07-02T09:18:12.600+0000] {logging_mixin.py:188} INFO - [2024-07-02T09:18:12.600+0000] {dag.py:3033} INFO - Sync 1 DAGs
[2024-07-02T09:18:12.622+0000] {logging_mixin.py:188} INFO - [2024-07-02T09:18:12.621+0000] {dag.py:3820} INFO - Setting next_dagrun for example_task_group_decorator to 2024-07-01T00:00:00+00:00, run_after=2024-07-02T00:00:00+00:00
[2024-07-02T09:18:12.637+0000] {processor.py:183} INFO - Processing /home/airflow/.local/lib/python3.8/site-packages/airflow/example_dags/example_task_group_decorator.py took 0.082 seconds
[2024-07-02T09:18:42.976+0000] {processor.py:161} INFO - Started process (PID=1637) to work on /home/airflow/.local/lib/python3.8/site-packages/airflow/example_dags/example_task_group_decorator.py
[2024-07-02T09:18:42.977+0000] {processor.py:830} INFO - Processing file /home/airflow/.local/lib/python3.8/site-packages/airflow/example_dags/example_task_group_decorator.py for tasks to queue
[2024-07-02T09:18:42.979+0000] {logging_mixin.py:188} INFO - [2024-07-02T09:18:42.979+0000] {dagbag.py:538} INFO - Filling up the DagBag from /home/airflow/.local/lib/python3.8/site-packages/airflow/example_dags/example_task_group_decorator.py
[2024-07-02T09:18:42.993+0000] {processor.py:840} INFO - DAG(s) 'example_task_group_decorator' retrieved from /home/airflow/.local/lib/python3.8/site-packages/airflow/example_dags/example_task_group_decorator.py
[2024-07-02T09:18:43.020+0000] {logging_mixin.py:188} INFO - [2024-07-02T09:18:43.019+0000] {dag.py:3033} INFO - Sync 1 DAGs
[2024-07-02T09:18:43.041+0000] {logging_mixin.py:188} INFO - [2024-07-02T09:18:43.040+0000] {dag.py:3820} INFO - Setting next_dagrun for example_task_group_decorator to 2024-07-01T00:00:00+00:00, run_after=2024-07-02T00:00:00+00:00
[2024-07-02T09:18:43.056+0000] {processor.py:183} INFO - Processing /home/airflow/.local/lib/python3.8/site-packages/airflow/example_dags/example_task_group_decorator.py took 0.082 seconds
[2024-07-02T09:19:13.391+0000] {processor.py:161} INFO - Started process (PID=1692) to work on /home/airflow/.local/lib/python3.8/site-packages/airflow/example_dags/example_task_group_decorator.py
[2024-07-02T09:19:13.392+0000] {processor.py:830} INFO - Processing file /home/airflow/.local/lib/python3.8/site-packages/airflow/example_dags/example_task_group_decorator.py for tasks to queue
[2024-07-02T09:19:13.393+0000] {logging_mixin.py:188} INFO - [2024-07-02T09:19:13.393+0000] {dagbag.py:538} INFO - Filling up the DagBag from /home/airflow/.local/lib/python3.8/site-packages/airflow/example_dags/example_task_group_decorator.py
[2024-07-02T09:19:13.407+0000] {processor.py:840} INFO - DAG(s) 'example_task_group_decorator' retrieved from /home/airflow/.local/lib/python3.8/site-packages/airflow/example_dags/example_task_group_decorator.py
[2024-07-02T09:19:13.428+0000] {logging_mixin.py:188} INFO - [2024-07-02T09:19:13.428+0000] {dag.py:3033} INFO - Sync 1 DAGs
[2024-07-02T09:19:13.450+0000] {logging_mixin.py:188} INFO - [2024-07-02T09:19:13.450+0000] {dag.py:3820} INFO - Setting next_dagrun for example_task_group_decorator to 2024-07-01T00:00:00+00:00, run_after=2024-07-02T00:00:00+00:00
[2024-07-02T09:19:13.466+0000] {processor.py:183} INFO - Processing /home/airflow/.local/lib/python3.8/site-packages/airflow/example_dags/example_task_group_decorator.py took 0.078 seconds
[2024-07-02T09:19:43.690+0000] {processor.py:161} INFO - Started process (PID=1746) to work on /home/airflow/.local/lib/python3.8/site-packages/airflow/example_dags/example_task_group_decorator.py
[2024-07-02T09:19:43.691+0000] {processor.py:830} INFO - Processing file /home/airflow/.local/lib/python3.8/site-packages/airflow/example_dags/example_task_group_decorator.py for tasks to queue
[2024-07-02T09:19:43.693+0000] {logging_mixin.py:188} INFO - [2024-07-02T09:19:43.692+0000] {dagbag.py:538} INFO - Filling up the DagBag from /home/airflow/.local/lib/python3.8/site-packages/airflow/example_dags/example_task_group_decorator.py
[2024-07-02T09:19:43.706+0000] {processor.py:840} INFO - DAG(s) 'example_task_group_decorator' retrieved from /home/airflow/.local/lib/python3.8/site-packages/airflow/example_dags/example_task_group_decorator.py
[2024-07-02T09:19:43.731+0000] {logging_mixin.py:188} INFO - [2024-07-02T09:19:43.731+0000] {dag.py:3033} INFO - Sync 1 DAGs
[2024-07-02T09:19:43.752+0000] {logging_mixin.py:188} INFO - [2024-07-02T09:19:43.752+0000] {dag.py:3820} INFO - Setting next_dagrun for example_task_group_decorator to 2024-07-01T00:00:00+00:00, run_after=2024-07-02T00:00:00+00:00
[2024-07-02T09:19:43.766+0000] {processor.py:183} INFO - Processing /home/airflow/.local/lib/python3.8/site-packages/airflow/example_dags/example_task_group_decorator.py took 0.078 seconds
[2024-07-02T09:20:14.365+0000] {processor.py:161} INFO - Started process (PID=1800) to work on /home/airflow/.local/lib/python3.8/site-packages/airflow/example_dags/example_task_group_decorator.py
[2024-07-02T09:20:14.365+0000] {processor.py:830} INFO - Processing file /home/airflow/.local/lib/python3.8/site-packages/airflow/example_dags/example_task_group_decorator.py for tasks to queue
[2024-07-02T09:20:14.367+0000] {logging_mixin.py:188} INFO - [2024-07-02T09:20:14.367+0000] {dagbag.py:538} INFO - Filling up the DagBag from /home/airflow/.local/lib/python3.8/site-packages/airflow/example_dags/example_task_group_decorator.py
[2024-07-02T09:20:14.381+0000] {processor.py:840} INFO - DAG(s) 'example_task_group_decorator' retrieved from /home/airflow/.local/lib/python3.8/site-packages/airflow/example_dags/example_task_group_decorator.py
[2024-07-02T09:20:14.403+0000] {logging_mixin.py:188} INFO - [2024-07-02T09:20:14.403+0000] {dag.py:3033} INFO - Sync 1 DAGs
[2024-07-02T09:20:14.427+0000] {logging_mixin.py:188} INFO - [2024-07-02T09:20:14.427+0000] {dag.py:3820} INFO - Setting next_dagrun for example_task_group_decorator to 2024-07-01T00:00:00+00:00, run_after=2024-07-02T00:00:00+00:00
[2024-07-02T09:20:14.445+0000] {processor.py:183} INFO - Processing /home/airflow/.local/lib/python3.8/site-packages/airflow/example_dags/example_task_group_decorator.py took 0.083 seconds
[2024-07-02T09:20:44.834+0000] {processor.py:161} INFO - Started process (PID=1855) to work on /home/airflow/.local/lib/python3.8/site-packages/airflow/example_dags/example_task_group_decorator.py
[2024-07-02T09:20:44.836+0000] {processor.py:830} INFO - Processing file /home/airflow/.local/lib/python3.8/site-packages/airflow/example_dags/example_task_group_decorator.py for tasks to queue
[2024-07-02T09:20:44.838+0000] {logging_mixin.py:188} INFO - [2024-07-02T09:20:44.837+0000] {dagbag.py:538} INFO - Filling up the DagBag from /home/airflow/.local/lib/python3.8/site-packages/airflow/example_dags/example_task_group_decorator.py
[2024-07-02T09:20:44.854+0000] {processor.py:840} INFO - DAG(s) 'example_task_group_decorator' retrieved from /home/airflow/.local/lib/python3.8/site-packages/airflow/example_dags/example_task_group_decorator.py
[2024-07-02T09:20:44.884+0000] {logging_mixin.py:188} INFO - [2024-07-02T09:20:44.883+0000] {dag.py:3033} INFO - Sync 1 DAGs
[2024-07-02T09:20:44.905+0000] {logging_mixin.py:188} INFO - [2024-07-02T09:20:44.905+0000] {dag.py:3820} INFO - Setting next_dagrun for example_task_group_decorator to 2024-07-01T00:00:00+00:00, run_after=2024-07-02T00:00:00+00:00
[2024-07-02T09:20:44.926+0000] {processor.py:183} INFO - Processing /home/airflow/.local/lib/python3.8/site-packages/airflow/example_dags/example_task_group_decorator.py took 0.094 seconds
[2024-07-02T09:21:14.979+0000] {processor.py:161} INFO - Started process (PID=1910) to work on /home/airflow/.local/lib/python3.8/site-packages/airflow/example_dags/example_task_group_decorator.py
[2024-07-02T09:21:14.979+0000] {processor.py:830} INFO - Processing file /home/airflow/.local/lib/python3.8/site-packages/airflow/example_dags/example_task_group_decorator.py for tasks to queue
[2024-07-02T09:21:14.981+0000] {logging_mixin.py:188} INFO - [2024-07-02T09:21:14.981+0000] {dagbag.py:538} INFO - Filling up the DagBag from /home/airflow/.local/lib/python3.8/site-packages/airflow/example_dags/example_task_group_decorator.py
[2024-07-02T09:21:14.994+0000] {processor.py:840} INFO - DAG(s) 'example_task_group_decorator' retrieved from /home/airflow/.local/lib/python3.8/site-packages/airflow/example_dags/example_task_group_decorator.py
[2024-07-02T09:21:15.017+0000] {logging_mixin.py:188} INFO - [2024-07-02T09:21:15.017+0000] {dag.py:3033} INFO - Sync 1 DAGs
[2024-07-02T09:21:15.042+0000] {logging_mixin.py:188} INFO - [2024-07-02T09:21:15.042+0000] {dag.py:3820} INFO - Setting next_dagrun for example_task_group_decorator to 2024-07-01T00:00:00+00:00, run_after=2024-07-02T00:00:00+00:00
[2024-07-02T09:21:15.060+0000] {processor.py:183} INFO - Processing /home/airflow/.local/lib/python3.8/site-packages/airflow/example_dags/example_task_group_decorator.py took 0.084 seconds
[2024-07-02T09:21:45.415+0000] {processor.py:161} INFO - Started process (PID=1964) to work on /home/airflow/.local/lib/python3.8/site-packages/airflow/example_dags/example_task_group_decorator.py
[2024-07-02T09:21:45.416+0000] {processor.py:830} INFO - Processing file /home/airflow/.local/lib/python3.8/site-packages/airflow/example_dags/example_task_group_decorator.py for tasks to queue
[2024-07-02T09:21:45.417+0000] {logging_mixin.py:188} INFO - [2024-07-02T09:21:45.417+0000] {dagbag.py:538} INFO - Filling up the DagBag from /home/airflow/.local/lib/python3.8/site-packages/airflow/example_dags/example_task_group_decorator.py
[2024-07-02T09:21:45.431+0000] {processor.py:840} INFO - DAG(s) 'example_task_group_decorator' retrieved from /home/airflow/.local/lib/python3.8/site-packages/airflow/example_dags/example_task_group_decorator.py
[2024-07-02T09:21:45.458+0000] {logging_mixin.py:188} INFO - [2024-07-02T09:21:45.458+0000] {dag.py:3033} INFO - Sync 1 DAGs
[2024-07-02T09:21:45.481+0000] {logging_mixin.py:188} INFO - [2024-07-02T09:21:45.481+0000] {dag.py:3820} INFO - Setting next_dagrun for example_task_group_decorator to 2024-07-01T00:00:00+00:00, run_after=2024-07-02T00:00:00+00:00
[2024-07-02T09:21:45.498+0000] {processor.py:183} INFO - Processing /home/airflow/.local/lib/python3.8/site-packages/airflow/example_dags/example_task_group_decorator.py took 0.086 seconds
[2024-07-02T09:22:15.572+0000] {processor.py:161} INFO - Started process (PID=2019) to work on /home/airflow/.local/lib/python3.8/site-packages/airflow/example_dags/example_task_group_decorator.py
[2024-07-02T09:22:15.572+0000] {processor.py:830} INFO - Processing file /home/airflow/.local/lib/python3.8/site-packages/airflow/example_dags/example_task_group_decorator.py for tasks to queue
[2024-07-02T09:22:15.574+0000] {logging_mixin.py:188} INFO - [2024-07-02T09:22:15.574+0000] {dagbag.py:538} INFO - Filling up the DagBag from /home/airflow/.local/lib/python3.8/site-packages/airflow/example_dags/example_task_group_decorator.py
[2024-07-02T09:22:15.587+0000] {processor.py:840} INFO - DAG(s) 'example_task_group_decorator' retrieved from /home/airflow/.local/lib/python3.8/site-packages/airflow/example_dags/example_task_group_decorator.py
[2024-07-02T09:22:15.610+0000] {logging_mixin.py:188} INFO - [2024-07-02T09:22:15.610+0000] {dag.py:3033} INFO - Sync 1 DAGs
[2024-07-02T09:22:15.632+0000] {logging_mixin.py:188} INFO - [2024-07-02T09:22:15.632+0000] {dag.py:3820} INFO - Setting next_dagrun for example_task_group_decorator to 2024-07-01T00:00:00+00:00, run_after=2024-07-02T00:00:00+00:00
[2024-07-02T09:22:15.653+0000] {processor.py:183} INFO - Processing /home/airflow/.local/lib/python3.8/site-packages/airflow/example_dags/example_task_group_decorator.py took 0.084 seconds
[2024-07-02T09:22:46.078+0000] {processor.py:161} INFO - Started process (PID=2074) to work on /home/airflow/.local/lib/python3.8/site-packages/airflow/example_dags/example_task_group_decorator.py
[2024-07-02T09:22:46.079+0000] {processor.py:830} INFO - Processing file /home/airflow/.local/lib/python3.8/site-packages/airflow/example_dags/example_task_group_decorator.py for tasks to queue
[2024-07-02T09:22:46.081+0000] {logging_mixin.py:188} INFO - [2024-07-02T09:22:46.081+0000] {dagbag.py:538} INFO - Filling up the DagBag from /home/airflow/.local/lib/python3.8/site-packages/airflow/example_dags/example_task_group_decorator.py
[2024-07-02T09:22:46.095+0000] {processor.py:840} INFO - DAG(s) 'example_task_group_decorator' retrieved from /home/airflow/.local/lib/python3.8/site-packages/airflow/example_dags/example_task_group_decorator.py
[2024-07-02T09:22:46.118+0000] {logging_mixin.py:188} INFO - [2024-07-02T09:22:46.118+0000] {dag.py:3033} INFO - Sync 1 DAGs
[2024-07-02T09:22:46.143+0000] {logging_mixin.py:188} INFO - [2024-07-02T09:22:46.143+0000] {dag.py:3820} INFO - Setting next_dagrun for example_task_group_decorator to 2024-07-01T00:00:00+00:00, run_after=2024-07-02T00:00:00+00:00
[2024-07-02T09:22:46.168+0000] {processor.py:183} INFO - Processing /home/airflow/.local/lib/python3.8/site-packages/airflow/example_dags/example_task_group_decorator.py took 0.093 seconds
[2024-07-02T09:23:16.212+0000] {processor.py:161} INFO - Started process (PID=2129) to work on /home/airflow/.local/lib/python3.8/site-packages/airflow/example_dags/example_task_group_decorator.py
[2024-07-02T09:23:16.213+0000] {processor.py:830} INFO - Processing file /home/airflow/.local/lib/python3.8/site-packages/airflow/example_dags/example_task_group_decorator.py for tasks to queue
[2024-07-02T09:23:16.215+0000] {logging_mixin.py:188} INFO - [2024-07-02T09:23:16.215+0000] {dagbag.py:538} INFO - Filling up the DagBag from /home/airflow/.local/lib/python3.8/site-packages/airflow/example_dags/example_task_group_decorator.py
[2024-07-02T09:23:16.229+0000] {processor.py:840} INFO - DAG(s) 'example_task_group_decorator' retrieved from /home/airflow/.local/lib/python3.8/site-packages/airflow/example_dags/example_task_group_decorator.py
[2024-07-02T09:23:16.256+0000] {logging_mixin.py:188} INFO - [2024-07-02T09:23:16.255+0000] {dag.py:3033} INFO - Sync 1 DAGs
[2024-07-02T09:23:16.280+0000] {logging_mixin.py:188} INFO - [2024-07-02T09:23:16.280+0000] {dag.py:3820} INFO - Setting next_dagrun for example_task_group_decorator to 2024-07-01T00:00:00+00:00, run_after=2024-07-02T00:00:00+00:00
[2024-07-02T09:23:16.299+0000] {processor.py:183} INFO - Processing /home/airflow/.local/lib/python3.8/site-packages/airflow/example_dags/example_task_group_decorator.py took 0.089 seconds
[2024-07-02T09:23:46.583+0000] {processor.py:161} INFO - Started process (PID=2184) to work on /home/airflow/.local/lib/python3.8/site-packages/airflow/example_dags/example_task_group_decorator.py
[2024-07-02T09:23:46.583+0000] {processor.py:830} INFO - Processing file /home/airflow/.local/lib/python3.8/site-packages/airflow/example_dags/example_task_group_decorator.py for tasks to queue
[2024-07-02T09:23:46.585+0000] {logging_mixin.py:188} INFO - [2024-07-02T09:23:46.585+0000] {dagbag.py:538} INFO - Filling up the DagBag from /home/airflow/.local/lib/python3.8/site-packages/airflow/example_dags/example_task_group_decorator.py
[2024-07-02T09:23:46.603+0000] {processor.py:840} INFO - DAG(s) 'example_task_group_decorator' retrieved from /home/airflow/.local/lib/python3.8/site-packages/airflow/example_dags/example_task_group_decorator.py
[2024-07-02T09:23:46.631+0000] {logging_mixin.py:188} INFO - [2024-07-02T09:23:46.631+0000] {dag.py:3033} INFO - Sync 1 DAGs
[2024-07-02T09:23:46.654+0000] {logging_mixin.py:188} INFO - [2024-07-02T09:23:46.654+0000] {dag.py:3820} INFO - Setting next_dagrun for example_task_group_decorator to 2024-07-01T00:00:00+00:00, run_after=2024-07-02T00:00:00+00:00
[2024-07-02T09:23:46.675+0000] {processor.py:183} INFO - Processing /home/airflow/.local/lib/python3.8/site-packages/airflow/example_dags/example_task_group_decorator.py took 0.095 seconds
