[2024-07-02T09:04:04.909+0000] {processor.py:161} INFO - Started process (PID=78) to work on /home/airflow/.local/lib/python3.8/site-packages/airflow/example_dags/example_sensors.py
[2024-07-02T09:04:04.910+0000] {processor.py:830} INFO - Processing file /home/airflow/.local/lib/python3.8/site-packages/airflow/example_dags/example_sensors.py for tasks to queue
[2024-07-02T09:04:04.912+0000] {logging_mixin.py:188} INFO - [2024-07-02T09:04:04.912+0000] {dagbag.py:538} INFO - Filling up the DagBag from /home/airflow/.local/lib/python3.8/site-packages/airflow/example_dags/example_sensors.py
[2024-07-02T09:04:04.928+0000] {processor.py:840} INFO - DAG(s) 'example_sensors' retrieved from /home/airflow/.local/lib/python3.8/site-packages/airflow/example_dags/example_sensors.py
[2024-07-02T09:04:05.046+0000] {logging_mixin.py:188} INFO - [2024-07-02T09:04:05.044+0000] {override.py:1769} INFO - Created Permission View: can edit on DAG:example_sensors
[2024-07-02T09:04:05.064+0000] {logging_mixin.py:188} INFO - [2024-07-02T09:04:05.063+0000] {override.py:1769} INFO - Created Permission View: can delete on DAG:example_sensors
[2024-07-02T09:04:05.077+0000] {logging_mixin.py:188} INFO - [2024-07-02T09:04:05.076+0000] {override.py:1769} INFO - Created Permission View: can read on DAG:example_sensors
[2024-07-02T09:04:05.078+0000] {logging_mixin.py:188} INFO - [2024-07-02T09:04:05.077+0000] {dag.py:3033} INFO - Sync 1 DAGs
[2024-07-02T09:04:05.103+0000] {logging_mixin.py:188} INFO - [2024-07-02T09:04:05.103+0000] {dag.py:3055} INFO - Creating ORM DAG for example_sensors
[2024-07-02T09:04:05.104+0000] {logging_mixin.py:188} INFO - [2024-07-02T09:04:05.104+0000] {dag.py:3820} INFO - Setting next_dagrun for example_sensors to None, run_after=None
[2024-07-02T09:04:05.137+0000] {processor.py:183} INFO - Processing /home/airflow/.local/lib/python3.8/site-packages/airflow/example_dags/example_sensors.py took 0.233 seconds
[2024-07-02T09:04:35.814+0000] {processor.py:161} INFO - Started process (PID=132) to work on /home/airflow/.local/lib/python3.8/site-packages/airflow/example_dags/example_sensors.py
[2024-07-02T09:04:35.818+0000] {processor.py:830} INFO - Processing file /home/airflow/.local/lib/python3.8/site-packages/airflow/example_dags/example_sensors.py for tasks to queue
[2024-07-02T09:04:35.820+0000] {logging_mixin.py:188} INFO - [2024-07-02T09:04:35.820+0000] {dagbag.py:538} INFO - Filling up the DagBag from /home/airflow/.local/lib/python3.8/site-packages/airflow/example_dags/example_sensors.py
[2024-07-02T09:04:35.834+0000] {processor.py:840} INFO - DAG(s) 'example_sensors' retrieved from /home/airflow/.local/lib/python3.8/site-packages/airflow/example_dags/example_sensors.py
[2024-07-02T09:04:35.868+0000] {logging_mixin.py:188} INFO - [2024-07-02T09:04:35.868+0000] {dag.py:3033} INFO - Sync 1 DAGs
[2024-07-02T09:04:35.885+0000] {logging_mixin.py:188} INFO - [2024-07-02T09:04:35.885+0000] {dag.py:3820} INFO - Setting next_dagrun for example_sensors to None, run_after=None
[2024-07-02T09:04:35.913+0000] {processor.py:183} INFO - Processing /home/airflow/.local/lib/python3.8/site-packages/airflow/example_dags/example_sensors.py took 0.102 seconds
[2024-07-02T09:05:05.996+0000] {processor.py:161} INFO - Started process (PID=188) to work on /home/airflow/.local/lib/python3.8/site-packages/airflow/example_dags/example_sensors.py
[2024-07-02T09:05:05.997+0000] {processor.py:830} INFO - Processing file /home/airflow/.local/lib/python3.8/site-packages/airflow/example_dags/example_sensors.py for tasks to queue
[2024-07-02T09:05:05.999+0000] {logging_mixin.py:188} INFO - [2024-07-02T09:05:05.999+0000] {dagbag.py:538} INFO - Filling up the DagBag from /home/airflow/.local/lib/python3.8/site-packages/airflow/example_dags/example_sensors.py
[2024-07-02T09:05:06.007+0000] {processor.py:840} INFO - DAG(s) 'example_sensors' retrieved from /home/airflow/.local/lib/python3.8/site-packages/airflow/example_dags/example_sensors.py
[2024-07-02T09:05:06.031+0000] {logging_mixin.py:188} INFO - [2024-07-02T09:05:06.030+0000] {dag.py:3033} INFO - Sync 1 DAGs
[2024-07-02T09:05:06.041+0000] {logging_mixin.py:188} INFO - [2024-07-02T09:05:06.041+0000] {dag.py:3820} INFO - Setting next_dagrun for example_sensors to None, run_after=None
[2024-07-02T09:05:06.058+0000] {processor.py:183} INFO - Processing /home/airflow/.local/lib/python3.8/site-packages/airflow/example_dags/example_sensors.py took 0.064 seconds
[2024-07-02T09:05:36.142+0000] {processor.py:161} INFO - Started process (PID=243) to work on /home/airflow/.local/lib/python3.8/site-packages/airflow/example_dags/example_sensors.py
[2024-07-02T09:05:36.142+0000] {processor.py:830} INFO - Processing file /home/airflow/.local/lib/python3.8/site-packages/airflow/example_dags/example_sensors.py for tasks to queue
[2024-07-02T09:05:36.144+0000] {logging_mixin.py:188} INFO - [2024-07-02T09:05:36.144+0000] {dagbag.py:538} INFO - Filling up the DagBag from /home/airflow/.local/lib/python3.8/site-packages/airflow/example_dags/example_sensors.py
[2024-07-02T09:05:36.152+0000] {processor.py:840} INFO - DAG(s) 'example_sensors' retrieved from /home/airflow/.local/lib/python3.8/site-packages/airflow/example_dags/example_sensors.py
[2024-07-02T09:05:36.175+0000] {logging_mixin.py:188} INFO - [2024-07-02T09:05:36.175+0000] {dag.py:3033} INFO - Sync 1 DAGs
[2024-07-02T09:05:36.187+0000] {logging_mixin.py:188} INFO - [2024-07-02T09:05:36.187+0000] {dag.py:3820} INFO - Setting next_dagrun for example_sensors to None, run_after=None
[2024-07-02T09:05:36.205+0000] {processor.py:183} INFO - Processing /home/airflow/.local/lib/python3.8/site-packages/airflow/example_dags/example_sensors.py took 0.067 seconds
[2024-07-02T09:06:06.982+0000] {processor.py:161} INFO - Started process (PID=298) to work on /home/airflow/.local/lib/python3.8/site-packages/airflow/example_dags/example_sensors.py
[2024-07-02T09:06:06.982+0000] {processor.py:830} INFO - Processing file /home/airflow/.local/lib/python3.8/site-packages/airflow/example_dags/example_sensors.py for tasks to queue
[2024-07-02T09:06:06.984+0000] {logging_mixin.py:188} INFO - [2024-07-02T09:06:06.984+0000] {dagbag.py:538} INFO - Filling up the DagBag from /home/airflow/.local/lib/python3.8/site-packages/airflow/example_dags/example_sensors.py
[2024-07-02T09:06:06.992+0000] {processor.py:840} INFO - DAG(s) 'example_sensors' retrieved from /home/airflow/.local/lib/python3.8/site-packages/airflow/example_dags/example_sensors.py
[2024-07-02T09:06:07.015+0000] {logging_mixin.py:188} INFO - [2024-07-02T09:06:07.015+0000] {dag.py:3033} INFO - Sync 1 DAGs
[2024-07-02T09:06:07.026+0000] {logging_mixin.py:188} INFO - [2024-07-02T09:06:07.026+0000] {dag.py:3820} INFO - Setting next_dagrun for example_sensors to None, run_after=None
[2024-07-02T09:06:07.048+0000] {processor.py:183} INFO - Processing /home/airflow/.local/lib/python3.8/site-packages/airflow/example_dags/example_sensors.py took 0.069 seconds
[2024-07-02T09:06:38.067+0000] {processor.py:161} INFO - Started process (PID=352) to work on /home/airflow/.local/lib/python3.8/site-packages/airflow/example_dags/example_sensors.py
[2024-07-02T09:06:38.071+0000] {processor.py:830} INFO - Processing file /home/airflow/.local/lib/python3.8/site-packages/airflow/example_dags/example_sensors.py for tasks to queue
[2024-07-02T09:06:38.073+0000] {logging_mixin.py:188} INFO - [2024-07-02T09:06:38.073+0000] {dagbag.py:538} INFO - Filling up the DagBag from /home/airflow/.local/lib/python3.8/site-packages/airflow/example_dags/example_sensors.py
[2024-07-02T09:06:38.083+0000] {processor.py:840} INFO - DAG(s) 'example_sensors' retrieved from /home/airflow/.local/lib/python3.8/site-packages/airflow/example_dags/example_sensors.py
[2024-07-02T09:06:38.108+0000] {logging_mixin.py:188} INFO - [2024-07-02T09:06:38.108+0000] {dag.py:3033} INFO - Sync 1 DAGs
[2024-07-02T09:06:38.120+0000] {logging_mixin.py:188} INFO - [2024-07-02T09:06:38.119+0000] {dag.py:3820} INFO - Setting next_dagrun for example_sensors to None, run_after=None
[2024-07-02T09:06:38.139+0000] {processor.py:183} INFO - Processing /home/airflow/.local/lib/python3.8/site-packages/airflow/example_dags/example_sensors.py took 0.075 seconds
[2024-07-02T09:07:09.032+0000] {processor.py:161} INFO - Started process (PID=407) to work on /home/airflow/.local/lib/python3.8/site-packages/airflow/example_dags/example_sensors.py
[2024-07-02T09:07:09.032+0000] {processor.py:830} INFO - Processing file /home/airflow/.local/lib/python3.8/site-packages/airflow/example_dags/example_sensors.py for tasks to queue
[2024-07-02T09:07:09.034+0000] {logging_mixin.py:188} INFO - [2024-07-02T09:07:09.034+0000] {dagbag.py:538} INFO - Filling up the DagBag from /home/airflow/.local/lib/python3.8/site-packages/airflow/example_dags/example_sensors.py
[2024-07-02T09:07:09.042+0000] {processor.py:840} INFO - DAG(s) 'example_sensors' retrieved from /home/airflow/.local/lib/python3.8/site-packages/airflow/example_dags/example_sensors.py
[2024-07-02T09:07:09.067+0000] {logging_mixin.py:188} INFO - [2024-07-02T09:07:09.067+0000] {dag.py:3033} INFO - Sync 1 DAGs
[2024-07-02T09:07:09.080+0000] {logging_mixin.py:188} INFO - [2024-07-02T09:07:09.080+0000] {dag.py:3820} INFO - Setting next_dagrun for example_sensors to None, run_after=None
[2024-07-02T09:07:09.098+0000] {processor.py:183} INFO - Processing /home/airflow/.local/lib/python3.8/site-packages/airflow/example_dags/example_sensors.py took 0.069 seconds
[2024-07-02T09:07:39.560+0000] {processor.py:161} INFO - Started process (PID=462) to work on /home/airflow/.local/lib/python3.8/site-packages/airflow/example_dags/example_sensors.py
[2024-07-02T09:07:39.561+0000] {processor.py:830} INFO - Processing file /home/airflow/.local/lib/python3.8/site-packages/airflow/example_dags/example_sensors.py for tasks to queue
[2024-07-02T09:07:39.563+0000] {logging_mixin.py:188} INFO - [2024-07-02T09:07:39.563+0000] {dagbag.py:538} INFO - Filling up the DagBag from /home/airflow/.local/lib/python3.8/site-packages/airflow/example_dags/example_sensors.py
[2024-07-02T09:07:39.573+0000] {processor.py:840} INFO - DAG(s) 'example_sensors' retrieved from /home/airflow/.local/lib/python3.8/site-packages/airflow/example_dags/example_sensors.py
[2024-07-02T09:07:39.599+0000] {logging_mixin.py:188} INFO - [2024-07-02T09:07:39.598+0000] {dag.py:3033} INFO - Sync 1 DAGs
[2024-07-02T09:07:39.613+0000] {logging_mixin.py:188} INFO - [2024-07-02T09:07:39.613+0000] {dag.py:3820} INFO - Setting next_dagrun for example_sensors to None, run_after=None
[2024-07-02T09:07:39.631+0000] {processor.py:183} INFO - Processing /home/airflow/.local/lib/python3.8/site-packages/airflow/example_dags/example_sensors.py took 0.074 seconds
[2024-07-02T09:08:10.220+0000] {processor.py:161} INFO - Started process (PID=517) to work on /home/airflow/.local/lib/python3.8/site-packages/airflow/example_dags/example_sensors.py
[2024-07-02T09:08:10.220+0000] {processor.py:830} INFO - Processing file /home/airflow/.local/lib/python3.8/site-packages/airflow/example_dags/example_sensors.py for tasks to queue
[2024-07-02T09:08:10.222+0000] {logging_mixin.py:188} INFO - [2024-07-02T09:08:10.222+0000] {dagbag.py:538} INFO - Filling up the DagBag from /home/airflow/.local/lib/python3.8/site-packages/airflow/example_dags/example_sensors.py
[2024-07-02T09:08:10.231+0000] {processor.py:840} INFO - DAG(s) 'example_sensors' retrieved from /home/airflow/.local/lib/python3.8/site-packages/airflow/example_dags/example_sensors.py
[2024-07-02T09:08:10.258+0000] {logging_mixin.py:188} INFO - [2024-07-02T09:08:10.257+0000] {dag.py:3033} INFO - Sync 1 DAGs
[2024-07-02T09:08:10.274+0000] {logging_mixin.py:188} INFO - [2024-07-02T09:08:10.274+0000] {dag.py:3820} INFO - Setting next_dagrun for example_sensors to None, run_after=None
[2024-07-02T09:08:10.295+0000] {processor.py:183} INFO - Processing /home/airflow/.local/lib/python3.8/site-packages/airflow/example_dags/example_sensors.py took 0.078 seconds
[2024-07-02T09:08:40.761+0000] {processor.py:161} INFO - Started process (PID=572) to work on /home/airflow/.local/lib/python3.8/site-packages/airflow/example_dags/example_sensors.py
[2024-07-02T09:08:40.762+0000] {processor.py:830} INFO - Processing file /home/airflow/.local/lib/python3.8/site-packages/airflow/example_dags/example_sensors.py for tasks to queue
[2024-07-02T09:08:40.764+0000] {logging_mixin.py:188} INFO - [2024-07-02T09:08:40.764+0000] {dagbag.py:538} INFO - Filling up the DagBag from /home/airflow/.local/lib/python3.8/site-packages/airflow/example_dags/example_sensors.py
[2024-07-02T09:08:40.773+0000] {processor.py:840} INFO - DAG(s) 'example_sensors' retrieved from /home/airflow/.local/lib/python3.8/site-packages/airflow/example_dags/example_sensors.py
[2024-07-02T09:08:40.798+0000] {logging_mixin.py:188} INFO - [2024-07-02T09:08:40.798+0000] {dag.py:3033} INFO - Sync 1 DAGs
[2024-07-02T09:08:40.810+0000] {logging_mixin.py:188} INFO - [2024-07-02T09:08:40.810+0000] {dag.py:3820} INFO - Setting next_dagrun for example_sensors to None, run_after=None
[2024-07-02T09:08:40.826+0000] {processor.py:183} INFO - Processing /home/airflow/.local/lib/python3.8/site-packages/airflow/example_dags/example_sensors.py took 0.068 seconds
[2024-07-02T09:09:11.306+0000] {processor.py:161} INFO - Started process (PID=627) to work on /home/airflow/.local/lib/python3.8/site-packages/airflow/example_dags/example_sensors.py
[2024-07-02T09:09:11.306+0000] {processor.py:830} INFO - Processing file /home/airflow/.local/lib/python3.8/site-packages/airflow/example_dags/example_sensors.py for tasks to queue
[2024-07-02T09:09:11.308+0000] {logging_mixin.py:188} INFO - [2024-07-02T09:09:11.308+0000] {dagbag.py:538} INFO - Filling up the DagBag from /home/airflow/.local/lib/python3.8/site-packages/airflow/example_dags/example_sensors.py
[2024-07-02T09:09:11.317+0000] {processor.py:840} INFO - DAG(s) 'example_sensors' retrieved from /home/airflow/.local/lib/python3.8/site-packages/airflow/example_dags/example_sensors.py
[2024-07-02T09:09:11.345+0000] {logging_mixin.py:188} INFO - [2024-07-02T09:09:11.345+0000] {dag.py:3033} INFO - Sync 1 DAGs
[2024-07-02T09:09:11.364+0000] {logging_mixin.py:188} INFO - [2024-07-02T09:09:11.364+0000] {dag.py:3820} INFO - Setting next_dagrun for example_sensors to None, run_after=None
[2024-07-02T09:09:11.398+0000] {processor.py:183} INFO - Processing /home/airflow/.local/lib/python3.8/site-packages/airflow/example_dags/example_sensors.py took 0.095 seconds
[2024-07-02T09:09:42.314+0000] {processor.py:161} INFO - Started process (PID=682) to work on /home/airflow/.local/lib/python3.8/site-packages/airflow/example_dags/example_sensors.py
[2024-07-02T09:09:42.318+0000] {processor.py:830} INFO - Processing file /home/airflow/.local/lib/python3.8/site-packages/airflow/example_dags/example_sensors.py for tasks to queue
[2024-07-02T09:09:42.320+0000] {logging_mixin.py:188} INFO - [2024-07-02T09:09:42.320+0000] {dagbag.py:538} INFO - Filling up the DagBag from /home/airflow/.local/lib/python3.8/site-packages/airflow/example_dags/example_sensors.py
[2024-07-02T09:09:42.331+0000] {processor.py:840} INFO - DAG(s) 'example_sensors' retrieved from /home/airflow/.local/lib/python3.8/site-packages/airflow/example_dags/example_sensors.py
[2024-07-02T09:09:42.358+0000] {logging_mixin.py:188} INFO - [2024-07-02T09:09:42.357+0000] {dag.py:3033} INFO - Sync 1 DAGs
[2024-07-02T09:09:42.370+0000] {logging_mixin.py:188} INFO - [2024-07-02T09:09:42.369+0000] {dag.py:3820} INFO - Setting next_dagrun for example_sensors to None, run_after=None
[2024-07-02T09:09:42.387+0000] {processor.py:183} INFO - Processing /home/airflow/.local/lib/python3.8/site-packages/airflow/example_dags/example_sensors.py took 0.076 seconds
[2024-07-02T09:10:13.322+0000] {processor.py:161} INFO - Started process (PID=737) to work on /home/airflow/.local/lib/python3.8/site-packages/airflow/example_dags/example_sensors.py
[2024-07-02T09:10:13.323+0000] {processor.py:830} INFO - Processing file /home/airflow/.local/lib/python3.8/site-packages/airflow/example_dags/example_sensors.py for tasks to queue
[2024-07-02T09:10:13.325+0000] {logging_mixin.py:188} INFO - [2024-07-02T09:10:13.324+0000] {dagbag.py:538} INFO - Filling up the DagBag from /home/airflow/.local/lib/python3.8/site-packages/airflow/example_dags/example_sensors.py
[2024-07-02T09:10:13.334+0000] {processor.py:840} INFO - DAG(s) 'example_sensors' retrieved from /home/airflow/.local/lib/python3.8/site-packages/airflow/example_dags/example_sensors.py
[2024-07-02T09:10:13.361+0000] {logging_mixin.py:188} INFO - [2024-07-02T09:10:13.360+0000] {dag.py:3033} INFO - Sync 1 DAGs
[2024-07-02T09:10:13.373+0000] {logging_mixin.py:188} INFO - [2024-07-02T09:10:13.372+0000] {dag.py:3820} INFO - Setting next_dagrun for example_sensors to None, run_after=None
[2024-07-02T09:10:13.391+0000] {processor.py:183} INFO - Processing /home/airflow/.local/lib/python3.8/site-packages/airflow/example_dags/example_sensors.py took 0.071 seconds
[2024-07-02T09:10:43.861+0000] {processor.py:161} INFO - Started process (PID=792) to work on /home/airflow/.local/lib/python3.8/site-packages/airflow/example_dags/example_sensors.py
[2024-07-02T09:10:43.862+0000] {processor.py:830} INFO - Processing file /home/airflow/.local/lib/python3.8/site-packages/airflow/example_dags/example_sensors.py for tasks to queue
[2024-07-02T09:10:43.864+0000] {logging_mixin.py:188} INFO - [2024-07-02T09:10:43.864+0000] {dagbag.py:538} INFO - Filling up the DagBag from /home/airflow/.local/lib/python3.8/site-packages/airflow/example_dags/example_sensors.py
[2024-07-02T09:10:43.873+0000] {processor.py:840} INFO - DAG(s) 'example_sensors' retrieved from /home/airflow/.local/lib/python3.8/site-packages/airflow/example_dags/example_sensors.py
[2024-07-02T09:10:43.898+0000] {logging_mixin.py:188} INFO - [2024-07-02T09:10:43.898+0000] {dag.py:3033} INFO - Sync 1 DAGs
[2024-07-02T09:10:43.909+0000] {logging_mixin.py:188} INFO - [2024-07-02T09:10:43.909+0000] {dag.py:3820} INFO - Setting next_dagrun for example_sensors to None, run_after=None
[2024-07-02T09:10:43.926+0000] {processor.py:183} INFO - Processing /home/airflow/.local/lib/python3.8/site-packages/airflow/example_dags/example_sensors.py took 0.067 seconds
[2024-07-02T09:11:14.395+0000] {processor.py:161} INFO - Started process (PID=847) to work on /home/airflow/.local/lib/python3.8/site-packages/airflow/example_dags/example_sensors.py
[2024-07-02T09:11:14.396+0000] {processor.py:830} INFO - Processing file /home/airflow/.local/lib/python3.8/site-packages/airflow/example_dags/example_sensors.py for tasks to queue
[2024-07-02T09:11:14.397+0000] {logging_mixin.py:188} INFO - [2024-07-02T09:11:14.397+0000] {dagbag.py:538} INFO - Filling up the DagBag from /home/airflow/.local/lib/python3.8/site-packages/airflow/example_dags/example_sensors.py
[2024-07-02T09:11:14.406+0000] {processor.py:840} INFO - DAG(s) 'example_sensors' retrieved from /home/airflow/.local/lib/python3.8/site-packages/airflow/example_dags/example_sensors.py
[2024-07-02T09:11:14.429+0000] {logging_mixin.py:188} INFO - [2024-07-02T09:11:14.429+0000] {dag.py:3033} INFO - Sync 1 DAGs
[2024-07-02T09:11:14.442+0000] {logging_mixin.py:188} INFO - [2024-07-02T09:11:14.442+0000] {dag.py:3820} INFO - Setting next_dagrun for example_sensors to None, run_after=None
[2024-07-02T09:11:14.459+0000] {processor.py:183} INFO - Processing /home/airflow/.local/lib/python3.8/site-packages/airflow/example_dags/example_sensors.py took 0.067 seconds
[2024-07-02T09:11:44.690+0000] {processor.py:161} INFO - Started process (PID=902) to work on /home/airflow/.local/lib/python3.8/site-packages/airflow/example_dags/example_sensors.py
[2024-07-02T09:11:44.700+0000] {processor.py:830} INFO - Processing file /home/airflow/.local/lib/python3.8/site-packages/airflow/example_dags/example_sensors.py for tasks to queue
[2024-07-02T09:11:44.704+0000] {logging_mixin.py:188} INFO - [2024-07-02T09:11:44.703+0000] {dagbag.py:538} INFO - Filling up the DagBag from /home/airflow/.local/lib/python3.8/site-packages/airflow/example_dags/example_sensors.py
[2024-07-02T09:11:44.728+0000] {processor.py:840} INFO - DAG(s) 'example_sensors' retrieved from /home/airflow/.local/lib/python3.8/site-packages/airflow/example_dags/example_sensors.py
[2024-07-02T09:11:44.790+0000] {logging_mixin.py:188} INFO - [2024-07-02T09:11:44.790+0000] {dag.py:3033} INFO - Sync 1 DAGs
[2024-07-02T09:11:44.822+0000] {logging_mixin.py:188} INFO - [2024-07-02T09:11:44.822+0000] {dag.py:3820} INFO - Setting next_dagrun for example_sensors to None, run_after=None
[2024-07-02T09:11:44.862+0000] {processor.py:183} INFO - Processing /home/airflow/.local/lib/python3.8/site-packages/airflow/example_dags/example_sensors.py took 0.178 seconds
[2024-07-02T09:12:15.421+0000] {processor.py:161} INFO - Started process (PID=957) to work on /home/airflow/.local/lib/python3.8/site-packages/airflow/example_dags/example_sensors.py
[2024-07-02T09:12:15.422+0000] {processor.py:830} INFO - Processing file /home/airflow/.local/lib/python3.8/site-packages/airflow/example_dags/example_sensors.py for tasks to queue
[2024-07-02T09:12:15.424+0000] {logging_mixin.py:188} INFO - [2024-07-02T09:12:15.424+0000] {dagbag.py:538} INFO - Filling up the DagBag from /home/airflow/.local/lib/python3.8/site-packages/airflow/example_dags/example_sensors.py
[2024-07-02T09:12:15.434+0000] {processor.py:840} INFO - DAG(s) 'example_sensors' retrieved from /home/airflow/.local/lib/python3.8/site-packages/airflow/example_dags/example_sensors.py
[2024-07-02T09:12:15.468+0000] {logging_mixin.py:188} INFO - [2024-07-02T09:12:15.468+0000] {dag.py:3033} INFO - Sync 1 DAGs
[2024-07-02T09:12:15.486+0000] {logging_mixin.py:188} INFO - [2024-07-02T09:12:15.486+0000] {dag.py:3820} INFO - Setting next_dagrun for example_sensors to None, run_after=None
[2024-07-02T09:12:15.512+0000] {processor.py:183} INFO - Processing /home/airflow/.local/lib/python3.8/site-packages/airflow/example_dags/example_sensors.py took 0.093 seconds
[2024-07-02T09:12:45.761+0000] {processor.py:161} INFO - Started process (PID=1012) to work on /home/airflow/.local/lib/python3.8/site-packages/airflow/example_dags/example_sensors.py
[2024-07-02T09:12:45.762+0000] {processor.py:830} INFO - Processing file /home/airflow/.local/lib/python3.8/site-packages/airflow/example_dags/example_sensors.py for tasks to queue
[2024-07-02T09:12:45.763+0000] {logging_mixin.py:188} INFO - [2024-07-02T09:12:45.763+0000] {dagbag.py:538} INFO - Filling up the DagBag from /home/airflow/.local/lib/python3.8/site-packages/airflow/example_dags/example_sensors.py
[2024-07-02T09:12:45.772+0000] {processor.py:840} INFO - DAG(s) 'example_sensors' retrieved from /home/airflow/.local/lib/python3.8/site-packages/airflow/example_dags/example_sensors.py
[2024-07-02T09:12:45.795+0000] {logging_mixin.py:188} INFO - [2024-07-02T09:12:45.794+0000] {dag.py:3033} INFO - Sync 1 DAGs
[2024-07-02T09:12:45.811+0000] {logging_mixin.py:188} INFO - [2024-07-02T09:12:45.811+0000] {dag.py:3820} INFO - Setting next_dagrun for example_sensors to None, run_after=None
[2024-07-02T09:12:45.828+0000] {processor.py:183} INFO - Processing /home/airflow/.local/lib/python3.8/site-packages/airflow/example_dags/example_sensors.py took 0.069 seconds
[2024-07-02T09:13:16.229+0000] {processor.py:161} INFO - Started process (PID=1067) to work on /home/airflow/.local/lib/python3.8/site-packages/airflow/example_dags/example_sensors.py
[2024-07-02T09:13:16.233+0000] {processor.py:830} INFO - Processing file /home/airflow/.local/lib/python3.8/site-packages/airflow/example_dags/example_sensors.py for tasks to queue
[2024-07-02T09:13:16.235+0000] {logging_mixin.py:188} INFO - [2024-07-02T09:13:16.235+0000] {dagbag.py:538} INFO - Filling up the DagBag from /home/airflow/.local/lib/python3.8/site-packages/airflow/example_dags/example_sensors.py
[2024-07-02T09:13:16.247+0000] {processor.py:840} INFO - DAG(s) 'example_sensors' retrieved from /home/airflow/.local/lib/python3.8/site-packages/airflow/example_dags/example_sensors.py
[2024-07-02T09:13:16.272+0000] {logging_mixin.py:188} INFO - [2024-07-02T09:13:16.272+0000] {dag.py:3033} INFO - Sync 1 DAGs
[2024-07-02T09:13:16.286+0000] {logging_mixin.py:188} INFO - [2024-07-02T09:13:16.286+0000] {dag.py:3820} INFO - Setting next_dagrun for example_sensors to None, run_after=None
[2024-07-02T09:13:16.308+0000] {processor.py:183} INFO - Processing /home/airflow/.local/lib/python3.8/site-packages/airflow/example_dags/example_sensors.py took 0.081 seconds
[2024-07-02T09:13:46.762+0000] {processor.py:161} INFO - Started process (PID=1122) to work on /home/airflow/.local/lib/python3.8/site-packages/airflow/example_dags/example_sensors.py
[2024-07-02T09:13:46.762+0000] {processor.py:830} INFO - Processing file /home/airflow/.local/lib/python3.8/site-packages/airflow/example_dags/example_sensors.py for tasks to queue
[2024-07-02T09:13:46.764+0000] {logging_mixin.py:188} INFO - [2024-07-02T09:13:46.764+0000] {dagbag.py:538} INFO - Filling up the DagBag from /home/airflow/.local/lib/python3.8/site-packages/airflow/example_dags/example_sensors.py
[2024-07-02T09:13:46.773+0000] {processor.py:840} INFO - DAG(s) 'example_sensors' retrieved from /home/airflow/.local/lib/python3.8/site-packages/airflow/example_dags/example_sensors.py
[2024-07-02T09:13:46.798+0000] {logging_mixin.py:188} INFO - [2024-07-02T09:13:46.797+0000] {dag.py:3033} INFO - Sync 1 DAGs
[2024-07-02T09:13:46.810+0000] {logging_mixin.py:188} INFO - [2024-07-02T09:13:46.809+0000] {dag.py:3820} INFO - Setting next_dagrun for example_sensors to None, run_after=None
[2024-07-02T09:13:46.831+0000] {processor.py:183} INFO - Processing /home/airflow/.local/lib/python3.8/site-packages/airflow/example_dags/example_sensors.py took 0.072 seconds
[2024-07-02T09:14:17.210+0000] {processor.py:161} INFO - Started process (PID=1177) to work on /home/airflow/.local/lib/python3.8/site-packages/airflow/example_dags/example_sensors.py
[2024-07-02T09:14:17.210+0000] {processor.py:830} INFO - Processing file /home/airflow/.local/lib/python3.8/site-packages/airflow/example_dags/example_sensors.py for tasks to queue
[2024-07-02T09:14:17.212+0000] {logging_mixin.py:188} INFO - [2024-07-02T09:14:17.212+0000] {dagbag.py:538} INFO - Filling up the DagBag from /home/airflow/.local/lib/python3.8/site-packages/airflow/example_dags/example_sensors.py
[2024-07-02T09:14:17.219+0000] {processor.py:840} INFO - DAG(s) 'example_sensors' retrieved from /home/airflow/.local/lib/python3.8/site-packages/airflow/example_dags/example_sensors.py
[2024-07-02T09:14:17.246+0000] {logging_mixin.py:188} INFO - [2024-07-02T09:14:17.246+0000] {dag.py:3033} INFO - Sync 1 DAGs
[2024-07-02T09:14:17.260+0000] {logging_mixin.py:188} INFO - [2024-07-02T09:14:17.260+0000] {dag.py:3820} INFO - Setting next_dagrun for example_sensors to None, run_after=None
[2024-07-02T09:14:17.282+0000] {processor.py:183} INFO - Processing /home/airflow/.local/lib/python3.8/site-packages/airflow/example_dags/example_sensors.py took 0.075 seconds
[2024-07-02T09:14:47.718+0000] {processor.py:161} INFO - Started process (PID=1232) to work on /home/airflow/.local/lib/python3.8/site-packages/airflow/example_dags/example_sensors.py
[2024-07-02T09:14:47.719+0000] {processor.py:830} INFO - Processing file /home/airflow/.local/lib/python3.8/site-packages/airflow/example_dags/example_sensors.py for tasks to queue
[2024-07-02T09:14:47.722+0000] {logging_mixin.py:188} INFO - [2024-07-02T09:14:47.721+0000] {dagbag.py:538} INFO - Filling up the DagBag from /home/airflow/.local/lib/python3.8/site-packages/airflow/example_dags/example_sensors.py
[2024-07-02T09:14:47.730+0000] {processor.py:840} INFO - DAG(s) 'example_sensors' retrieved from /home/airflow/.local/lib/python3.8/site-packages/airflow/example_dags/example_sensors.py
[2024-07-02T09:14:47.761+0000] {logging_mixin.py:188} INFO - [2024-07-02T09:14:47.761+0000] {dag.py:3033} INFO - Sync 1 DAGs
[2024-07-02T09:14:47.775+0000] {logging_mixin.py:188} INFO - [2024-07-02T09:14:47.774+0000] {dag.py:3820} INFO - Setting next_dagrun for example_sensors to None, run_after=None
[2024-07-02T09:14:47.795+0000] {processor.py:183} INFO - Processing /home/airflow/.local/lib/python3.8/site-packages/airflow/example_dags/example_sensors.py took 0.080 seconds
[2024-07-02T09:15:18.180+0000] {processor.py:161} INFO - Started process (PID=1287) to work on /home/airflow/.local/lib/python3.8/site-packages/airflow/example_dags/example_sensors.py
[2024-07-02T09:15:18.181+0000] {processor.py:830} INFO - Processing file /home/airflow/.local/lib/python3.8/site-packages/airflow/example_dags/example_sensors.py for tasks to queue
[2024-07-02T09:15:18.182+0000] {logging_mixin.py:188} INFO - [2024-07-02T09:15:18.182+0000] {dagbag.py:538} INFO - Filling up the DagBag from /home/airflow/.local/lib/python3.8/site-packages/airflow/example_dags/example_sensors.py
[2024-07-02T09:15:18.191+0000] {processor.py:840} INFO - DAG(s) 'example_sensors' retrieved from /home/airflow/.local/lib/python3.8/site-packages/airflow/example_dags/example_sensors.py
[2024-07-02T09:15:18.217+0000] {logging_mixin.py:188} INFO - [2024-07-02T09:15:18.217+0000] {dag.py:3033} INFO - Sync 1 DAGs
[2024-07-02T09:15:18.231+0000] {logging_mixin.py:188} INFO - [2024-07-02T09:15:18.231+0000] {dag.py:3820} INFO - Setting next_dagrun for example_sensors to None, run_after=None
[2024-07-02T09:15:18.251+0000] {processor.py:183} INFO - Processing /home/airflow/.local/lib/python3.8/site-packages/airflow/example_dags/example_sensors.py took 0.074 seconds
[2024-07-02T09:15:48.738+0000] {processor.py:161} INFO - Started process (PID=1342) to work on /home/airflow/.local/lib/python3.8/site-packages/airflow/example_dags/example_sensors.py
[2024-07-02T09:15:48.739+0000] {processor.py:830} INFO - Processing file /home/airflow/.local/lib/python3.8/site-packages/airflow/example_dags/example_sensors.py for tasks to queue
[2024-07-02T09:15:48.742+0000] {logging_mixin.py:188} INFO - [2024-07-02T09:15:48.742+0000] {dagbag.py:538} INFO - Filling up the DagBag from /home/airflow/.local/lib/python3.8/site-packages/airflow/example_dags/example_sensors.py
[2024-07-02T09:15:48.753+0000] {processor.py:840} INFO - DAG(s) 'example_sensors' retrieved from /home/airflow/.local/lib/python3.8/site-packages/airflow/example_dags/example_sensors.py
[2024-07-02T09:15:48.784+0000] {logging_mixin.py:188} INFO - [2024-07-02T09:15:48.783+0000] {dag.py:3033} INFO - Sync 1 DAGs
[2024-07-02T09:15:48.799+0000] {logging_mixin.py:188} INFO - [2024-07-02T09:15:48.799+0000] {dag.py:3820} INFO - Setting next_dagrun for example_sensors to None, run_after=None
[2024-07-02T09:15:48.827+0000] {processor.py:183} INFO - Processing /home/airflow/.local/lib/python3.8/site-packages/airflow/example_dags/example_sensors.py took 0.092 seconds
[2024-07-02T09:16:19.383+0000] {processor.py:161} INFO - Started process (PID=1396) to work on /home/airflow/.local/lib/python3.8/site-packages/airflow/example_dags/example_sensors.py
[2024-07-02T09:16:19.387+0000] {processor.py:830} INFO - Processing file /home/airflow/.local/lib/python3.8/site-packages/airflow/example_dags/example_sensors.py for tasks to queue
[2024-07-02T09:16:19.389+0000] {logging_mixin.py:188} INFO - [2024-07-02T09:16:19.388+0000] {dagbag.py:538} INFO - Filling up the DagBag from /home/airflow/.local/lib/python3.8/site-packages/airflow/example_dags/example_sensors.py
[2024-07-02T09:16:19.398+0000] {processor.py:840} INFO - DAG(s) 'example_sensors' retrieved from /home/airflow/.local/lib/python3.8/site-packages/airflow/example_dags/example_sensors.py
[2024-07-02T09:16:19.431+0000] {logging_mixin.py:188} INFO - [2024-07-02T09:16:19.431+0000] {dag.py:3033} INFO - Sync 1 DAGs
[2024-07-02T09:16:19.450+0000] {logging_mixin.py:188} INFO - [2024-07-02T09:16:19.450+0000] {dag.py:3820} INFO - Setting next_dagrun for example_sensors to None, run_after=None
[2024-07-02T09:16:19.473+0000] {processor.py:183} INFO - Processing /home/airflow/.local/lib/python3.8/site-packages/airflow/example_dags/example_sensors.py took 0.093 seconds
[2024-07-02T09:16:49.902+0000] {processor.py:161} INFO - Started process (PID=1451) to work on /home/airflow/.local/lib/python3.8/site-packages/airflow/example_dags/example_sensors.py
[2024-07-02T09:16:49.902+0000] {processor.py:830} INFO - Processing file /home/airflow/.local/lib/python3.8/site-packages/airflow/example_dags/example_sensors.py for tasks to queue
[2024-07-02T09:16:49.904+0000] {logging_mixin.py:188} INFO - [2024-07-02T09:16:49.904+0000] {dagbag.py:538} INFO - Filling up the DagBag from /home/airflow/.local/lib/python3.8/site-packages/airflow/example_dags/example_sensors.py
[2024-07-02T09:16:49.913+0000] {processor.py:840} INFO - DAG(s) 'example_sensors' retrieved from /home/airflow/.local/lib/python3.8/site-packages/airflow/example_dags/example_sensors.py
[2024-07-02T09:16:49.937+0000] {logging_mixin.py:188} INFO - [2024-07-02T09:16:49.937+0000] {dag.py:3033} INFO - Sync 1 DAGs
[2024-07-02T09:16:49.949+0000] {logging_mixin.py:188} INFO - [2024-07-02T09:16:49.949+0000] {dag.py:3820} INFO - Setting next_dagrun for example_sensors to None, run_after=None
[2024-07-02T09:16:49.965+0000] {processor.py:183} INFO - Processing /home/airflow/.local/lib/python3.8/site-packages/airflow/example_dags/example_sensors.py took 0.066 seconds
[2024-07-02T09:17:20.404+0000] {processor.py:161} INFO - Started process (PID=1506) to work on /home/airflow/.local/lib/python3.8/site-packages/airflow/example_dags/example_sensors.py
[2024-07-02T09:17:20.405+0000] {processor.py:830} INFO - Processing file /home/airflow/.local/lib/python3.8/site-packages/airflow/example_dags/example_sensors.py for tasks to queue
[2024-07-02T09:17:20.407+0000] {logging_mixin.py:188} INFO - [2024-07-02T09:17:20.406+0000] {dagbag.py:538} INFO - Filling up the DagBag from /home/airflow/.local/lib/python3.8/site-packages/airflow/example_dags/example_sensors.py
[2024-07-02T09:17:20.416+0000] {processor.py:840} INFO - DAG(s) 'example_sensors' retrieved from /home/airflow/.local/lib/python3.8/site-packages/airflow/example_dags/example_sensors.py
[2024-07-02T09:17:20.440+0000] {logging_mixin.py:188} INFO - [2024-07-02T09:17:20.440+0000] {dag.py:3033} INFO - Sync 1 DAGs
[2024-07-02T09:17:20.452+0000] {logging_mixin.py:188} INFO - [2024-07-02T09:17:20.452+0000] {dag.py:3820} INFO - Setting next_dagrun for example_sensors to None, run_after=None
[2024-07-02T09:17:20.471+0000] {processor.py:183} INFO - Processing /home/airflow/.local/lib/python3.8/site-packages/airflow/example_dags/example_sensors.py took 0.070 seconds
[2024-07-02T09:17:50.713+0000] {processor.py:161} INFO - Started process (PID=1562) to work on /home/airflow/.local/lib/python3.8/site-packages/airflow/example_dags/example_sensors.py
[2024-07-02T09:17:50.717+0000] {processor.py:830} INFO - Processing file /home/airflow/.local/lib/python3.8/site-packages/airflow/example_dags/example_sensors.py for tasks to queue
[2024-07-02T09:17:50.719+0000] {logging_mixin.py:188} INFO - [2024-07-02T09:17:50.719+0000] {dagbag.py:538} INFO - Filling up the DagBag from /home/airflow/.local/lib/python3.8/site-packages/airflow/example_dags/example_sensors.py
[2024-07-02T09:17:50.728+0000] {processor.py:840} INFO - DAG(s) 'example_sensors' retrieved from /home/airflow/.local/lib/python3.8/site-packages/airflow/example_dags/example_sensors.py
[2024-07-02T09:17:50.755+0000] {logging_mixin.py:188} INFO - [2024-07-02T09:17:50.754+0000] {dag.py:3033} INFO - Sync 1 DAGs
[2024-07-02T09:17:50.767+0000] {logging_mixin.py:188} INFO - [2024-07-02T09:17:50.766+0000] {dag.py:3820} INFO - Setting next_dagrun for example_sensors to None, run_after=None
[2024-07-02T09:17:50.784+0000] {processor.py:183} INFO - Processing /home/airflow/.local/lib/python3.8/site-packages/airflow/example_dags/example_sensors.py took 0.073 seconds
[2024-07-02T09:18:21.333+0000] {processor.py:161} INFO - Started process (PID=1617) to work on /home/airflow/.local/lib/python3.8/site-packages/airflow/example_dags/example_sensors.py
[2024-07-02T09:18:21.334+0000] {processor.py:830} INFO - Processing file /home/airflow/.local/lib/python3.8/site-packages/airflow/example_dags/example_sensors.py for tasks to queue
[2024-07-02T09:18:21.336+0000] {logging_mixin.py:188} INFO - [2024-07-02T09:18:21.336+0000] {dagbag.py:538} INFO - Filling up the DagBag from /home/airflow/.local/lib/python3.8/site-packages/airflow/example_dags/example_sensors.py
[2024-07-02T09:18:21.346+0000] {processor.py:840} INFO - DAG(s) 'example_sensors' retrieved from /home/airflow/.local/lib/python3.8/site-packages/airflow/example_dags/example_sensors.py
[2024-07-02T09:18:21.371+0000] {logging_mixin.py:188} INFO - [2024-07-02T09:18:21.371+0000] {dag.py:3033} INFO - Sync 1 DAGs
[2024-07-02T09:18:21.383+0000] {logging_mixin.py:188} INFO - [2024-07-02T09:18:21.383+0000] {dag.py:3820} INFO - Setting next_dagrun for example_sensors to None, run_after=None
[2024-07-02T09:18:21.404+0000] {processor.py:183} INFO - Processing /home/airflow/.local/lib/python3.8/site-packages/airflow/example_dags/example_sensors.py took 0.073 seconds
[2024-07-02T09:18:51.872+0000] {processor.py:161} INFO - Started process (PID=1672) to work on /home/airflow/.local/lib/python3.8/site-packages/airflow/example_dags/example_sensors.py
[2024-07-02T09:18:51.872+0000] {processor.py:830} INFO - Processing file /home/airflow/.local/lib/python3.8/site-packages/airflow/example_dags/example_sensors.py for tasks to queue
[2024-07-02T09:18:51.875+0000] {logging_mixin.py:188} INFO - [2024-07-02T09:18:51.874+0000] {dagbag.py:538} INFO - Filling up the DagBag from /home/airflow/.local/lib/python3.8/site-packages/airflow/example_dags/example_sensors.py
[2024-07-02T09:18:51.886+0000] {processor.py:840} INFO - DAG(s) 'example_sensors' retrieved from /home/airflow/.local/lib/python3.8/site-packages/airflow/example_dags/example_sensors.py
[2024-07-02T09:18:51.920+0000] {logging_mixin.py:188} INFO - [2024-07-02T09:18:51.920+0000] {dag.py:3033} INFO - Sync 1 DAGs
[2024-07-02T09:18:51.940+0000] {logging_mixin.py:188} INFO - [2024-07-02T09:18:51.940+0000] {dag.py:3820} INFO - Setting next_dagrun for example_sensors to None, run_after=None
[2024-07-02T09:18:51.965+0000] {processor.py:183} INFO - Processing /home/airflow/.local/lib/python3.8/site-packages/airflow/example_dags/example_sensors.py took 0.097 seconds
[2024-07-02T09:19:22.391+0000] {processor.py:161} INFO - Started process (PID=1727) to work on /home/airflow/.local/lib/python3.8/site-packages/airflow/example_dags/example_sensors.py
[2024-07-02T09:19:22.393+0000] {processor.py:830} INFO - Processing file /home/airflow/.local/lib/python3.8/site-packages/airflow/example_dags/example_sensors.py for tasks to queue
[2024-07-02T09:19:22.396+0000] {logging_mixin.py:188} INFO - [2024-07-02T09:19:22.396+0000] {dagbag.py:538} INFO - Filling up the DagBag from /home/airflow/.local/lib/python3.8/site-packages/airflow/example_dags/example_sensors.py
[2024-07-02T09:19:22.414+0000] {processor.py:840} INFO - DAG(s) 'example_sensors' retrieved from /home/airflow/.local/lib/python3.8/site-packages/airflow/example_dags/example_sensors.py
[2024-07-02T09:19:22.458+0000] {logging_mixin.py:188} INFO - [2024-07-02T09:19:22.457+0000] {dag.py:3033} INFO - Sync 1 DAGs
[2024-07-02T09:19:22.474+0000] {logging_mixin.py:188} INFO - [2024-07-02T09:19:22.473+0000] {dag.py:3820} INFO - Setting next_dagrun for example_sensors to None, run_after=None
[2024-07-02T09:19:22.499+0000] {processor.py:183} INFO - Processing /home/airflow/.local/lib/python3.8/site-packages/airflow/example_dags/example_sensors.py took 0.113 seconds
[2024-07-02T09:19:52.565+0000] {processor.py:161} INFO - Started process (PID=1781) to work on /home/airflow/.local/lib/python3.8/site-packages/airflow/example_dags/example_sensors.py
[2024-07-02T09:19:52.567+0000] {processor.py:830} INFO - Processing file /home/airflow/.local/lib/python3.8/site-packages/airflow/example_dags/example_sensors.py for tasks to queue
[2024-07-02T09:19:52.569+0000] {logging_mixin.py:188} INFO - [2024-07-02T09:19:52.569+0000] {dagbag.py:538} INFO - Filling up the DagBag from /home/airflow/.local/lib/python3.8/site-packages/airflow/example_dags/example_sensors.py
[2024-07-02T09:19:52.578+0000] {processor.py:840} INFO - DAG(s) 'example_sensors' retrieved from /home/airflow/.local/lib/python3.8/site-packages/airflow/example_dags/example_sensors.py
[2024-07-02T09:19:52.609+0000] {logging_mixin.py:188} INFO - [2024-07-02T09:19:52.609+0000] {dag.py:3033} INFO - Sync 1 DAGs
[2024-07-02T09:19:52.621+0000] {logging_mixin.py:188} INFO - [2024-07-02T09:19:52.621+0000] {dag.py:3820} INFO - Setting next_dagrun for example_sensors to None, run_after=None
[2024-07-02T09:19:52.637+0000] {processor.py:183} INFO - Processing /home/airflow/.local/lib/python3.8/site-packages/airflow/example_dags/example_sensors.py took 0.075 seconds
[2024-07-02T09:20:23.156+0000] {processor.py:161} INFO - Started process (PID=1835) to work on /home/airflow/.local/lib/python3.8/site-packages/airflow/example_dags/example_sensors.py
[2024-07-02T09:20:23.156+0000] {processor.py:830} INFO - Processing file /home/airflow/.local/lib/python3.8/site-packages/airflow/example_dags/example_sensors.py for tasks to queue
[2024-07-02T09:20:23.158+0000] {logging_mixin.py:188} INFO - [2024-07-02T09:20:23.158+0000] {dagbag.py:538} INFO - Filling up the DagBag from /home/airflow/.local/lib/python3.8/site-packages/airflow/example_dags/example_sensors.py
[2024-07-02T09:20:23.170+0000] {processor.py:840} INFO - DAG(s) 'example_sensors' retrieved from /home/airflow/.local/lib/python3.8/site-packages/airflow/example_dags/example_sensors.py
[2024-07-02T09:20:23.197+0000] {logging_mixin.py:188} INFO - [2024-07-02T09:20:23.197+0000] {dag.py:3033} INFO - Sync 1 DAGs
[2024-07-02T09:20:23.209+0000] {logging_mixin.py:188} INFO - [2024-07-02T09:20:23.209+0000] {dag.py:3820} INFO - Setting next_dagrun for example_sensors to None, run_after=None
[2024-07-02T09:20:23.227+0000] {processor.py:183} INFO - Processing /home/airflow/.local/lib/python3.8/site-packages/airflow/example_dags/example_sensors.py took 0.074 seconds
[2024-07-02T09:20:53.861+0000] {processor.py:161} INFO - Started process (PID=1890) to work on /home/airflow/.local/lib/python3.8/site-packages/airflow/example_dags/example_sensors.py
[2024-07-02T09:20:53.862+0000] {processor.py:830} INFO - Processing file /home/airflow/.local/lib/python3.8/site-packages/airflow/example_dags/example_sensors.py for tasks to queue
[2024-07-02T09:20:53.863+0000] {logging_mixin.py:188} INFO - [2024-07-02T09:20:53.863+0000] {dagbag.py:538} INFO - Filling up the DagBag from /home/airflow/.local/lib/python3.8/site-packages/airflow/example_dags/example_sensors.py
[2024-07-02T09:20:53.872+0000] {processor.py:840} INFO - DAG(s) 'example_sensors' retrieved from /home/airflow/.local/lib/python3.8/site-packages/airflow/example_dags/example_sensors.py
[2024-07-02T09:20:53.897+0000] {logging_mixin.py:188} INFO - [2024-07-02T09:20:53.896+0000] {dag.py:3033} INFO - Sync 1 DAGs
[2024-07-02T09:20:53.909+0000] {logging_mixin.py:188} INFO - [2024-07-02T09:20:53.909+0000] {dag.py:3820} INFO - Setting next_dagrun for example_sensors to None, run_after=None
[2024-07-02T09:20:53.927+0000] {processor.py:183} INFO - Processing /home/airflow/.local/lib/python3.8/site-packages/airflow/example_dags/example_sensors.py took 0.068 seconds
[2024-07-02T09:21:24.087+0000] {processor.py:161} INFO - Started process (PID=1945) to work on /home/airflow/.local/lib/python3.8/site-packages/airflow/example_dags/example_sensors.py
[2024-07-02T09:21:24.088+0000] {processor.py:830} INFO - Processing file /home/airflow/.local/lib/python3.8/site-packages/airflow/example_dags/example_sensors.py for tasks to queue
[2024-07-02T09:21:24.091+0000] {logging_mixin.py:188} INFO - [2024-07-02T09:21:24.090+0000] {dagbag.py:538} INFO - Filling up the DagBag from /home/airflow/.local/lib/python3.8/site-packages/airflow/example_dags/example_sensors.py
[2024-07-02T09:21:24.107+0000] {processor.py:840} INFO - DAG(s) 'example_sensors' retrieved from /home/airflow/.local/lib/python3.8/site-packages/airflow/example_dags/example_sensors.py
[2024-07-02T09:21:24.151+0000] {logging_mixin.py:188} INFO - [2024-07-02T09:21:24.151+0000] {dag.py:3033} INFO - Sync 1 DAGs
[2024-07-02T09:21:24.175+0000] {logging_mixin.py:188} INFO - [2024-07-02T09:21:24.175+0000] {dag.py:3820} INFO - Setting next_dagrun for example_sensors to None, run_after=None
[2024-07-02T09:21:24.206+0000] {processor.py:183} INFO - Processing /home/airflow/.local/lib/python3.8/site-packages/airflow/example_dags/example_sensors.py took 0.124 seconds
[2024-07-02T09:21:54.730+0000] {processor.py:161} INFO - Started process (PID=1999) to work on /home/airflow/.local/lib/python3.8/site-packages/airflow/example_dags/example_sensors.py
[2024-07-02T09:21:54.734+0000] {processor.py:830} INFO - Processing file /home/airflow/.local/lib/python3.8/site-packages/airflow/example_dags/example_sensors.py for tasks to queue
[2024-07-02T09:21:54.737+0000] {logging_mixin.py:188} INFO - [2024-07-02T09:21:54.737+0000] {dagbag.py:538} INFO - Filling up the DagBag from /home/airflow/.local/lib/python3.8/site-packages/airflow/example_dags/example_sensors.py
[2024-07-02T09:21:54.755+0000] {processor.py:840} INFO - DAG(s) 'example_sensors' retrieved from /home/airflow/.local/lib/python3.8/site-packages/airflow/example_dags/example_sensors.py
[2024-07-02T09:21:54.795+0000] {logging_mixin.py:188} INFO - [2024-07-02T09:21:54.795+0000] {dag.py:3033} INFO - Sync 1 DAGs
[2024-07-02T09:21:54.811+0000] {logging_mixin.py:188} INFO - [2024-07-02T09:21:54.811+0000] {dag.py:3820} INFO - Setting next_dagrun for example_sensors to None, run_after=None
[2024-07-02T09:21:54.838+0000] {processor.py:183} INFO - Processing /home/airflow/.local/lib/python3.8/site-packages/airflow/example_dags/example_sensors.py took 0.111 seconds
[2024-07-02T09:22:24.912+0000] {processor.py:161} INFO - Started process (PID=2054) to work on /home/airflow/.local/lib/python3.8/site-packages/airflow/example_dags/example_sensors.py
[2024-07-02T09:22:24.913+0000] {processor.py:830} INFO - Processing file /home/airflow/.local/lib/python3.8/site-packages/airflow/example_dags/example_sensors.py for tasks to queue
[2024-07-02T09:22:24.914+0000] {logging_mixin.py:188} INFO - [2024-07-02T09:22:24.914+0000] {dagbag.py:538} INFO - Filling up the DagBag from /home/airflow/.local/lib/python3.8/site-packages/airflow/example_dags/example_sensors.py
[2024-07-02T09:22:24.922+0000] {processor.py:840} INFO - DAG(s) 'example_sensors' retrieved from /home/airflow/.local/lib/python3.8/site-packages/airflow/example_dags/example_sensors.py
[2024-07-02T09:22:24.947+0000] {logging_mixin.py:188} INFO - [2024-07-02T09:22:24.947+0000] {dag.py:3033} INFO - Sync 1 DAGs
[2024-07-02T09:22:24.957+0000] {logging_mixin.py:188} INFO - [2024-07-02T09:22:24.957+0000] {dag.py:3820} INFO - Setting next_dagrun for example_sensors to None, run_after=None
[2024-07-02T09:22:24.972+0000] {processor.py:183} INFO - Processing /home/airflow/.local/lib/python3.8/site-packages/airflow/example_dags/example_sensors.py took 0.063 seconds
[2024-07-02T09:22:55.107+0000] {processor.py:161} INFO - Started process (PID=2109) to work on /home/airflow/.local/lib/python3.8/site-packages/airflow/example_dags/example_sensors.py
[2024-07-02T09:22:55.107+0000] {processor.py:830} INFO - Processing file /home/airflow/.local/lib/python3.8/site-packages/airflow/example_dags/example_sensors.py for tasks to queue
[2024-07-02T09:22:55.109+0000] {logging_mixin.py:188} INFO - [2024-07-02T09:22:55.109+0000] {dagbag.py:538} INFO - Filling up the DagBag from /home/airflow/.local/lib/python3.8/site-packages/airflow/example_dags/example_sensors.py
[2024-07-02T09:22:55.117+0000] {processor.py:840} INFO - DAG(s) 'example_sensors' retrieved from /home/airflow/.local/lib/python3.8/site-packages/airflow/example_dags/example_sensors.py
[2024-07-02T09:22:55.139+0000] {logging_mixin.py:188} INFO - [2024-07-02T09:22:55.139+0000] {dag.py:3033} INFO - Sync 1 DAGs
[2024-07-02T09:22:55.150+0000] {logging_mixin.py:188} INFO - [2024-07-02T09:22:55.150+0000] {dag.py:3820} INFO - Setting next_dagrun for example_sensors to None, run_after=None
[2024-07-02T09:22:55.170+0000] {processor.py:183} INFO - Processing /home/airflow/.local/lib/python3.8/site-packages/airflow/example_dags/example_sensors.py took 0.066 seconds
[2024-07-02T09:23:25.720+0000] {processor.py:161} INFO - Started process (PID=2164) to work on /home/airflow/.local/lib/python3.8/site-packages/airflow/example_dags/example_sensors.py
[2024-07-02T09:23:25.721+0000] {processor.py:830} INFO - Processing file /home/airflow/.local/lib/python3.8/site-packages/airflow/example_dags/example_sensors.py for tasks to queue
[2024-07-02T09:23:25.724+0000] {logging_mixin.py:188} INFO - [2024-07-02T09:23:25.724+0000] {dagbag.py:538} INFO - Filling up the DagBag from /home/airflow/.local/lib/python3.8/site-packages/airflow/example_dags/example_sensors.py
[2024-07-02T09:23:25.740+0000] {processor.py:840} INFO - DAG(s) 'example_sensors' retrieved from /home/airflow/.local/lib/python3.8/site-packages/airflow/example_dags/example_sensors.py
[2024-07-02T09:23:25.783+0000] {logging_mixin.py:188} INFO - [2024-07-02T09:23:25.783+0000] {dag.py:3033} INFO - Sync 1 DAGs
[2024-07-02T09:23:25.807+0000] {logging_mixin.py:188} INFO - [2024-07-02T09:23:25.807+0000] {dag.py:3820} INFO - Setting next_dagrun for example_sensors to None, run_after=None
[2024-07-02T09:23:25.839+0000] {processor.py:183} INFO - Processing /home/airflow/.local/lib/python3.8/site-packages/airflow/example_dags/example_sensors.py took 0.123 seconds
[2024-07-02T09:23:55.880+0000] {processor.py:161} INFO - Started process (PID=2219) to work on /home/airflow/.local/lib/python3.8/site-packages/airflow/example_dags/example_sensors.py
[2024-07-02T09:23:55.881+0000] {processor.py:830} INFO - Processing file /home/airflow/.local/lib/python3.8/site-packages/airflow/example_dags/example_sensors.py for tasks to queue
[2024-07-02T09:23:55.882+0000] {logging_mixin.py:188} INFO - [2024-07-02T09:23:55.882+0000] {dagbag.py:538} INFO - Filling up the DagBag from /home/airflow/.local/lib/python3.8/site-packages/airflow/example_dags/example_sensors.py
[2024-07-02T09:23:55.891+0000] {processor.py:840} INFO - DAG(s) 'example_sensors' retrieved from /home/airflow/.local/lib/python3.8/site-packages/airflow/example_dags/example_sensors.py
[2024-07-02T09:23:55.914+0000] {logging_mixin.py:188} INFO - [2024-07-02T09:23:55.914+0000] {dag.py:3033} INFO - Sync 1 DAGs
[2024-07-02T09:23:55.925+0000] {logging_mixin.py:188} INFO - [2024-07-02T09:23:55.925+0000] {dag.py:3820} INFO - Setting next_dagrun for example_sensors to None, run_after=None
[2024-07-02T09:23:55.940+0000] {processor.py:183} INFO - Processing /home/airflow/.local/lib/python3.8/site-packages/airflow/example_dags/example_sensors.py took 0.063 seconds
