[2024-07-02T09:04:05.677+0000] {processor.py:161} INFO - Started process (PID=84) to work on /home/airflow/.local/lib/python3.8/site-packages/airflow/example_dags/example_sla_dag.py
[2024-07-02T09:04:05.678+0000] {processor.py:830} INFO - Processing file /home/airflow/.local/lib/python3.8/site-packages/airflow/example_dags/example_sla_dag.py for tasks to queue
[2024-07-02T09:04:05.680+0000] {logging_mixin.py:188} INFO - [2024-07-02T09:04:05.680+0000] {dagbag.py:538} INFO - Filling up the DagBag from /home/airflow/.local/lib/python3.8/site-packages/airflow/example_dags/example_sla_dag.py
[2024-07-02T09:04:05.693+0000] {processor.py:840} INFO - DAG(s) 'example_sla_dag' retrieved from /home/airflow/.local/lib/python3.8/site-packages/airflow/example_dags/example_sla_dag.py
[2024-07-02T09:04:05.837+0000] {logging_mixin.py:188} INFO - [2024-07-02T09:04:05.836+0000] {override.py:1769} INFO - Created Permission View: can edit on DAG:example_sla_dag
[2024-07-02T09:04:05.857+0000] {logging_mixin.py:188} INFO - [2024-07-02T09:04:05.856+0000] {override.py:1769} INFO - Created Permission View: can delete on DAG:example_sla_dag
[2024-07-02T09:04:05.868+0000] {logging_mixin.py:188} INFO - [2024-07-02T09:04:05.867+0000] {override.py:1769} INFO - Created Permission View: can read on DAG:example_sla_dag
[2024-07-02T09:04:05.868+0000] {logging_mixin.py:188} INFO - [2024-07-02T09:04:05.868+0000] {dag.py:3033} INFO - Sync 1 DAGs
[2024-07-02T09:04:05.888+0000] {logging_mixin.py:188} INFO - [2024-07-02T09:04:05.887+0000] {dag.py:3055} INFO - Creating ORM DAG for example_sla_dag
[2024-07-02T09:04:05.917+0000] {logging_mixin.py:188} INFO - [2024-07-02T09:04:05.917+0000] {dag.py:3820} INFO - Setting next_dagrun for example_sla_dag to 2024-07-02T09:02:00+00:00, run_after=2024-07-02T09:04:00+00:00
[2024-07-02T09:04:05.947+0000] {processor.py:183} INFO - Processing /home/airflow/.local/lib/python3.8/site-packages/airflow/example_dags/example_sla_dag.py took 0.275 seconds
[2024-07-02T09:04:36.248+0000] {processor.py:161} INFO - Started process (PID=138) to work on /home/airflow/.local/lib/python3.8/site-packages/airflow/example_dags/example_sla_dag.py
[2024-07-02T09:04:36.249+0000] {processor.py:830} INFO - Processing file /home/airflow/.local/lib/python3.8/site-packages/airflow/example_dags/example_sla_dag.py for tasks to queue
[2024-07-02T09:04:36.252+0000] {logging_mixin.py:188} INFO - [2024-07-02T09:04:36.252+0000] {dagbag.py:538} INFO - Filling up the DagBag from /home/airflow/.local/lib/python3.8/site-packages/airflow/example_dags/example_sla_dag.py
[2024-07-02T09:04:36.265+0000] {processor.py:840} INFO - DAG(s) 'example_sla_dag' retrieved from /home/airflow/.local/lib/python3.8/site-packages/airflow/example_dags/example_sla_dag.py
[2024-07-02T09:04:36.301+0000] {logging_mixin.py:188} INFO - [2024-07-02T09:04:36.301+0000] {dag.py:3033} INFO - Sync 1 DAGs
[2024-07-02T09:04:36.340+0000] {logging_mixin.py:188} INFO - [2024-07-02T09:04:36.340+0000] {dag.py:3820} INFO - Setting next_dagrun for example_sla_dag to 2024-07-02T09:02:00+00:00, run_after=2024-07-02T09:04:00+00:00
[2024-07-02T09:04:36.365+0000] {processor.py:183} INFO - Processing /home/airflow/.local/lib/python3.8/site-packages/airflow/example_dags/example_sla_dag.py took 0.122 seconds
[2024-07-02T09:05:06.427+0000] {processor.py:161} INFO - Started process (PID=194) to work on /home/airflow/.local/lib/python3.8/site-packages/airflow/example_dags/example_sla_dag.py
[2024-07-02T09:05:06.428+0000] {processor.py:830} INFO - Processing file /home/airflow/.local/lib/python3.8/site-packages/airflow/example_dags/example_sla_dag.py for tasks to queue
[2024-07-02T09:05:06.430+0000] {logging_mixin.py:188} INFO - [2024-07-02T09:05:06.430+0000] {dagbag.py:538} INFO - Filling up the DagBag from /home/airflow/.local/lib/python3.8/site-packages/airflow/example_dags/example_sla_dag.py
[2024-07-02T09:05:06.438+0000] {processor.py:840} INFO - DAG(s) 'example_sla_dag' retrieved from /home/airflow/.local/lib/python3.8/site-packages/airflow/example_dags/example_sla_dag.py
[2024-07-02T09:05:06.462+0000] {logging_mixin.py:188} INFO - [2024-07-02T09:05:06.462+0000] {dag.py:3033} INFO - Sync 1 DAGs
[2024-07-02T09:05:06.498+0000] {logging_mixin.py:188} INFO - [2024-07-02T09:05:06.498+0000] {dag.py:3820} INFO - Setting next_dagrun for example_sla_dag to 2024-07-02T09:02:00+00:00, run_after=2024-07-02T09:04:00+00:00
[2024-07-02T09:05:06.521+0000] {processor.py:183} INFO - Processing /home/airflow/.local/lib/python3.8/site-packages/airflow/example_dags/example_sla_dag.py took 0.096 seconds
[2024-07-02T09:05:36.568+0000] {processor.py:161} INFO - Started process (PID=251) to work on /home/airflow/.local/lib/python3.8/site-packages/airflow/example_dags/example_sla_dag.py
[2024-07-02T09:05:36.571+0000] {processor.py:830} INFO - Processing file /home/airflow/.local/lib/python3.8/site-packages/airflow/example_dags/example_sla_dag.py for tasks to queue
[2024-07-02T09:05:36.573+0000] {logging_mixin.py:188} INFO - [2024-07-02T09:05:36.573+0000] {dagbag.py:538} INFO - Filling up the DagBag from /home/airflow/.local/lib/python3.8/site-packages/airflow/example_dags/example_sla_dag.py
[2024-07-02T09:05:36.582+0000] {processor.py:840} INFO - DAG(s) 'example_sla_dag' retrieved from /home/airflow/.local/lib/python3.8/site-packages/airflow/example_dags/example_sla_dag.py
[2024-07-02T09:05:36.601+0000] {logging_mixin.py:188} INFO - [2024-07-02T09:05:36.600+0000] {dag.py:3033} INFO - Sync 1 DAGs
[2024-07-02T09:05:36.623+0000] {logging_mixin.py:188} INFO - [2024-07-02T09:05:36.623+0000] {dag.py:3820} INFO - Setting next_dagrun for example_sla_dag to 2024-07-02T09:02:00+00:00, run_after=2024-07-02T09:04:00+00:00
[2024-07-02T09:05:36.638+0000] {processor.py:183} INFO - Processing /home/airflow/.local/lib/python3.8/site-packages/airflow/example_dags/example_sla_dag.py took 0.073 seconds
[2024-07-02T09:06:07.252+0000] {processor.py:161} INFO - Started process (PID=304) to work on /home/airflow/.local/lib/python3.8/site-packages/airflow/example_dags/example_sla_dag.py
[2024-07-02T09:06:07.252+0000] {processor.py:830} INFO - Processing file /home/airflow/.local/lib/python3.8/site-packages/airflow/example_dags/example_sla_dag.py for tasks to queue
[2024-07-02T09:06:07.255+0000] {logging_mixin.py:188} INFO - [2024-07-02T09:06:07.255+0000] {dagbag.py:538} INFO - Filling up the DagBag from /home/airflow/.local/lib/python3.8/site-packages/airflow/example_dags/example_sla_dag.py
[2024-07-02T09:06:07.263+0000] {processor.py:840} INFO - DAG(s) 'example_sla_dag' retrieved from /home/airflow/.local/lib/python3.8/site-packages/airflow/example_dags/example_sla_dag.py
[2024-07-02T09:06:07.280+0000] {logging_mixin.py:188} INFO - [2024-07-02T09:06:07.280+0000] {dag.py:3033} INFO - Sync 1 DAGs
[2024-07-02T09:06:07.304+0000] {logging_mixin.py:188} INFO - [2024-07-02T09:06:07.304+0000] {dag.py:3820} INFO - Setting next_dagrun for example_sla_dag to 2024-07-02T09:04:00+00:00, run_after=2024-07-02T09:06:00+00:00
[2024-07-02T09:06:07.322+0000] {processor.py:183} INFO - Processing /home/airflow/.local/lib/python3.8/site-packages/airflow/example_dags/example_sla_dag.py took 0.073 seconds
[2024-07-02T09:06:38.380+0000] {processor.py:161} INFO - Started process (PID=358) to work on /home/airflow/.local/lib/python3.8/site-packages/airflow/example_dags/example_sla_dag.py
[2024-07-02T09:06:38.380+0000] {processor.py:830} INFO - Processing file /home/airflow/.local/lib/python3.8/site-packages/airflow/example_dags/example_sla_dag.py for tasks to queue
[2024-07-02T09:06:38.383+0000] {logging_mixin.py:188} INFO - [2024-07-02T09:06:38.382+0000] {dagbag.py:538} INFO - Filling up the DagBag from /home/airflow/.local/lib/python3.8/site-packages/airflow/example_dags/example_sla_dag.py
[2024-07-02T09:06:38.390+0000] {processor.py:840} INFO - DAG(s) 'example_sla_dag' retrieved from /home/airflow/.local/lib/python3.8/site-packages/airflow/example_dags/example_sla_dag.py
[2024-07-02T09:06:38.409+0000] {logging_mixin.py:188} INFO - [2024-07-02T09:06:38.409+0000] {dag.py:3033} INFO - Sync 1 DAGs
[2024-07-02T09:06:38.432+0000] {logging_mixin.py:188} INFO - [2024-07-02T09:06:38.432+0000] {dag.py:3820} INFO - Setting next_dagrun for example_sla_dag to 2024-07-02T09:04:00+00:00, run_after=2024-07-02T09:06:00+00:00
[2024-07-02T09:06:38.449+0000] {processor.py:183} INFO - Processing /home/airflow/.local/lib/python3.8/site-packages/airflow/example_dags/example_sla_dag.py took 0.072 seconds
[2024-07-02T09:07:09.304+0000] {processor.py:161} INFO - Started process (PID=413) to work on /home/airflow/.local/lib/python3.8/site-packages/airflow/example_dags/example_sla_dag.py
[2024-07-02T09:07:09.305+0000] {processor.py:830} INFO - Processing file /home/airflow/.local/lib/python3.8/site-packages/airflow/example_dags/example_sla_dag.py for tasks to queue
[2024-07-02T09:07:09.307+0000] {logging_mixin.py:188} INFO - [2024-07-02T09:07:09.306+0000] {dagbag.py:538} INFO - Filling up the DagBag from /home/airflow/.local/lib/python3.8/site-packages/airflow/example_dags/example_sla_dag.py
[2024-07-02T09:07:09.315+0000] {processor.py:840} INFO - DAG(s) 'example_sla_dag' retrieved from /home/airflow/.local/lib/python3.8/site-packages/airflow/example_dags/example_sla_dag.py
[2024-07-02T09:07:09.334+0000] {logging_mixin.py:188} INFO - [2024-07-02T09:07:09.334+0000] {dag.py:3033} INFO - Sync 1 DAGs
[2024-07-02T09:07:09.359+0000] {logging_mixin.py:188} INFO - [2024-07-02T09:07:09.359+0000] {dag.py:3820} INFO - Setting next_dagrun for example_sla_dag to 2024-07-02T09:04:00+00:00, run_after=2024-07-02T09:06:00+00:00
[2024-07-02T09:07:09.385+0000] {processor.py:183} INFO - Processing /home/airflow/.local/lib/python3.8/site-packages/airflow/example_dags/example_sla_dag.py took 0.084 seconds
[2024-07-02T09:07:39.849+0000] {processor.py:161} INFO - Started process (PID=468) to work on /home/airflow/.local/lib/python3.8/site-packages/airflow/example_dags/example_sla_dag.py
[2024-07-02T09:07:39.850+0000] {processor.py:830} INFO - Processing file /home/airflow/.local/lib/python3.8/site-packages/airflow/example_dags/example_sla_dag.py for tasks to queue
[2024-07-02T09:07:39.852+0000] {logging_mixin.py:188} INFO - [2024-07-02T09:07:39.852+0000] {dagbag.py:538} INFO - Filling up the DagBag from /home/airflow/.local/lib/python3.8/site-packages/airflow/example_dags/example_sla_dag.py
[2024-07-02T09:07:39.861+0000] {processor.py:840} INFO - DAG(s) 'example_sla_dag' retrieved from /home/airflow/.local/lib/python3.8/site-packages/airflow/example_dags/example_sla_dag.py
[2024-07-02T09:07:39.879+0000] {logging_mixin.py:188} INFO - [2024-07-02T09:07:39.879+0000] {dag.py:3033} INFO - Sync 1 DAGs
[2024-07-02T09:07:39.902+0000] {logging_mixin.py:188} INFO - [2024-07-02T09:07:39.902+0000] {dag.py:3820} INFO - Setting next_dagrun for example_sla_dag to 2024-07-02T09:04:00+00:00, run_after=2024-07-02T09:06:00+00:00
[2024-07-02T09:07:39.924+0000] {processor.py:183} INFO - Processing /home/airflow/.local/lib/python3.8/site-packages/airflow/example_dags/example_sla_dag.py took 0.078 seconds
[2024-07-02T09:08:10.507+0000] {processor.py:161} INFO - Started process (PID=523) to work on /home/airflow/.local/lib/python3.8/site-packages/airflow/example_dags/example_sla_dag.py
[2024-07-02T09:08:10.508+0000] {processor.py:830} INFO - Processing file /home/airflow/.local/lib/python3.8/site-packages/airflow/example_dags/example_sla_dag.py for tasks to queue
[2024-07-02T09:08:10.509+0000] {logging_mixin.py:188} INFO - [2024-07-02T09:08:10.509+0000] {dagbag.py:538} INFO - Filling up the DagBag from /home/airflow/.local/lib/python3.8/site-packages/airflow/example_dags/example_sla_dag.py
[2024-07-02T09:08:10.517+0000] {processor.py:840} INFO - DAG(s) 'example_sla_dag' retrieved from /home/airflow/.local/lib/python3.8/site-packages/airflow/example_dags/example_sla_dag.py
[2024-07-02T09:08:10.535+0000] {logging_mixin.py:188} INFO - [2024-07-02T09:08:10.535+0000] {dag.py:3033} INFO - Sync 1 DAGs
[2024-07-02T09:08:10.556+0000] {logging_mixin.py:188} INFO - [2024-07-02T09:08:10.556+0000] {dag.py:3820} INFO - Setting next_dagrun for example_sla_dag to 2024-07-02T09:06:00+00:00, run_after=2024-07-02T09:08:00+00:00
[2024-07-02T09:08:10.576+0000] {processor.py:183} INFO - Processing /home/airflow/.local/lib/python3.8/site-packages/airflow/example_dags/example_sla_dag.py took 0.071 seconds
[2024-07-02T09:08:41.036+0000] {processor.py:161} INFO - Started process (PID=578) to work on /home/airflow/.local/lib/python3.8/site-packages/airflow/example_dags/example_sla_dag.py
[2024-07-02T09:08:41.037+0000] {processor.py:830} INFO - Processing file /home/airflow/.local/lib/python3.8/site-packages/airflow/example_dags/example_sla_dag.py for tasks to queue
[2024-07-02T09:08:41.039+0000] {logging_mixin.py:188} INFO - [2024-07-02T09:08:41.038+0000] {dagbag.py:538} INFO - Filling up the DagBag from /home/airflow/.local/lib/python3.8/site-packages/airflow/example_dags/example_sla_dag.py
[2024-07-02T09:08:41.047+0000] {processor.py:840} INFO - DAG(s) 'example_sla_dag' retrieved from /home/airflow/.local/lib/python3.8/site-packages/airflow/example_dags/example_sla_dag.py
[2024-07-02T09:08:41.069+0000] {logging_mixin.py:188} INFO - [2024-07-02T09:08:41.069+0000] {dag.py:3033} INFO - Sync 1 DAGs
[2024-07-02T09:08:41.098+0000] {logging_mixin.py:188} INFO - [2024-07-02T09:08:41.097+0000] {dag.py:3820} INFO - Setting next_dagrun for example_sla_dag to 2024-07-02T09:06:00+00:00, run_after=2024-07-02T09:08:00+00:00
[2024-07-02T09:08:41.116+0000] {processor.py:183} INFO - Processing /home/airflow/.local/lib/python3.8/site-packages/airflow/example_dags/example_sla_dag.py took 0.082 seconds
[2024-07-02T09:09:11.646+0000] {processor.py:161} INFO - Started process (PID=633) to work on /home/airflow/.local/lib/python3.8/site-packages/airflow/example_dags/example_sla_dag.py
[2024-07-02T09:09:11.647+0000] {processor.py:830} INFO - Processing file /home/airflow/.local/lib/python3.8/site-packages/airflow/example_dags/example_sla_dag.py for tasks to queue
[2024-07-02T09:09:11.649+0000] {logging_mixin.py:188} INFO - [2024-07-02T09:09:11.648+0000] {dagbag.py:538} INFO - Filling up the DagBag from /home/airflow/.local/lib/python3.8/site-packages/airflow/example_dags/example_sla_dag.py
[2024-07-02T09:09:11.657+0000] {processor.py:840} INFO - DAG(s) 'example_sla_dag' retrieved from /home/airflow/.local/lib/python3.8/site-packages/airflow/example_dags/example_sla_dag.py
[2024-07-02T09:09:11.679+0000] {logging_mixin.py:188} INFO - [2024-07-02T09:09:11.679+0000] {dag.py:3033} INFO - Sync 1 DAGs
[2024-07-02T09:09:11.711+0000] {logging_mixin.py:188} INFO - [2024-07-02T09:09:11.710+0000] {dag.py:3820} INFO - Setting next_dagrun for example_sla_dag to 2024-07-02T09:06:00+00:00, run_after=2024-07-02T09:08:00+00:00
[2024-07-02T09:09:11.729+0000] {processor.py:183} INFO - Processing /home/airflow/.local/lib/python3.8/site-packages/airflow/example_dags/example_sla_dag.py took 0.086 seconds
[2024-07-02T09:09:42.623+0000] {processor.py:161} INFO - Started process (PID=688) to work on /home/airflow/.local/lib/python3.8/site-packages/airflow/example_dags/example_sla_dag.py
[2024-07-02T09:09:42.623+0000] {processor.py:830} INFO - Processing file /home/airflow/.local/lib/python3.8/site-packages/airflow/example_dags/example_sla_dag.py for tasks to queue
[2024-07-02T09:09:42.625+0000] {logging_mixin.py:188} INFO - [2024-07-02T09:09:42.625+0000] {dagbag.py:538} INFO - Filling up the DagBag from /home/airflow/.local/lib/python3.8/site-packages/airflow/example_dags/example_sla_dag.py
[2024-07-02T09:09:42.634+0000] {processor.py:840} INFO - DAG(s) 'example_sla_dag' retrieved from /home/airflow/.local/lib/python3.8/site-packages/airflow/example_dags/example_sla_dag.py
[2024-07-02T09:09:42.654+0000] {logging_mixin.py:188} INFO - [2024-07-02T09:09:42.653+0000] {dag.py:3033} INFO - Sync 1 DAGs
[2024-07-02T09:09:42.684+0000] {logging_mixin.py:188} INFO - [2024-07-02T09:09:42.683+0000] {dag.py:3820} INFO - Setting next_dagrun for example_sla_dag to 2024-07-02T09:06:00+00:00, run_after=2024-07-02T09:08:00+00:00
[2024-07-02T09:09:42.708+0000] {processor.py:183} INFO - Processing /home/airflow/.local/lib/python3.8/site-packages/airflow/example_dags/example_sla_dag.py took 0.088 seconds
[2024-07-02T09:10:13.611+0000] {processor.py:161} INFO - Started process (PID=743) to work on /home/airflow/.local/lib/python3.8/site-packages/airflow/example_dags/example_sla_dag.py
[2024-07-02T09:10:13.612+0000] {processor.py:830} INFO - Processing file /home/airflow/.local/lib/python3.8/site-packages/airflow/example_dags/example_sla_dag.py for tasks to queue
[2024-07-02T09:10:13.614+0000] {logging_mixin.py:188} INFO - [2024-07-02T09:10:13.614+0000] {dagbag.py:538} INFO - Filling up the DagBag from /home/airflow/.local/lib/python3.8/site-packages/airflow/example_dags/example_sla_dag.py
[2024-07-02T09:10:13.623+0000] {processor.py:840} INFO - DAG(s) 'example_sla_dag' retrieved from /home/airflow/.local/lib/python3.8/site-packages/airflow/example_dags/example_sla_dag.py
[2024-07-02T09:10:13.647+0000] {logging_mixin.py:188} INFO - [2024-07-02T09:10:13.647+0000] {dag.py:3033} INFO - Sync 1 DAGs
[2024-07-02T09:10:13.680+0000] {logging_mixin.py:188} INFO - [2024-07-02T09:10:13.680+0000] {dag.py:3820} INFO - Setting next_dagrun for example_sla_dag to 2024-07-02T09:08:00+00:00, run_after=2024-07-02T09:10:00+00:00
[2024-07-02T09:10:13.701+0000] {processor.py:183} INFO - Processing /home/airflow/.local/lib/python3.8/site-packages/airflow/example_dags/example_sla_dag.py took 0.092 seconds
[2024-07-02T09:10:44.128+0000] {processor.py:161} INFO - Started process (PID=798) to work on /home/airflow/.local/lib/python3.8/site-packages/airflow/example_dags/example_sla_dag.py
[2024-07-02T09:10:44.129+0000] {processor.py:830} INFO - Processing file /home/airflow/.local/lib/python3.8/site-packages/airflow/example_dags/example_sla_dag.py for tasks to queue
[2024-07-02T09:10:44.131+0000] {logging_mixin.py:188} INFO - [2024-07-02T09:10:44.131+0000] {dagbag.py:538} INFO - Filling up the DagBag from /home/airflow/.local/lib/python3.8/site-packages/airflow/example_dags/example_sla_dag.py
[2024-07-02T09:10:44.139+0000] {processor.py:840} INFO - DAG(s) 'example_sla_dag' retrieved from /home/airflow/.local/lib/python3.8/site-packages/airflow/example_dags/example_sla_dag.py
[2024-07-02T09:10:44.156+0000] {logging_mixin.py:188} INFO - [2024-07-02T09:10:44.156+0000] {dag.py:3033} INFO - Sync 1 DAGs
[2024-07-02T09:10:44.183+0000] {logging_mixin.py:188} INFO - [2024-07-02T09:10:44.182+0000] {dag.py:3820} INFO - Setting next_dagrun for example_sla_dag to 2024-07-02T09:08:00+00:00, run_after=2024-07-02T09:10:00+00:00
[2024-07-02T09:10:44.201+0000] {processor.py:183} INFO - Processing /home/airflow/.local/lib/python3.8/site-packages/airflow/example_dags/example_sla_dag.py took 0.075 seconds
[2024-07-02T09:11:14.663+0000] {processor.py:161} INFO - Started process (PID=853) to work on /home/airflow/.local/lib/python3.8/site-packages/airflow/example_dags/example_sla_dag.py
[2024-07-02T09:11:14.664+0000] {processor.py:830} INFO - Processing file /home/airflow/.local/lib/python3.8/site-packages/airflow/example_dags/example_sla_dag.py for tasks to queue
[2024-07-02T09:11:14.666+0000] {logging_mixin.py:188} INFO - [2024-07-02T09:11:14.665+0000] {dagbag.py:538} INFO - Filling up the DagBag from /home/airflow/.local/lib/python3.8/site-packages/airflow/example_dags/example_sla_dag.py
[2024-07-02T09:11:14.674+0000] {processor.py:840} INFO - DAG(s) 'example_sla_dag' retrieved from /home/airflow/.local/lib/python3.8/site-packages/airflow/example_dags/example_sla_dag.py
[2024-07-02T09:11:14.692+0000] {logging_mixin.py:188} INFO - [2024-07-02T09:11:14.692+0000] {dag.py:3033} INFO - Sync 1 DAGs
[2024-07-02T09:11:14.716+0000] {logging_mixin.py:188} INFO - [2024-07-02T09:11:14.716+0000] {dag.py:3820} INFO - Setting next_dagrun for example_sla_dag to 2024-07-02T09:08:00+00:00, run_after=2024-07-02T09:10:00+00:00
[2024-07-02T09:11:14.734+0000] {processor.py:183} INFO - Processing /home/airflow/.local/lib/python3.8/site-packages/airflow/example_dags/example_sla_dag.py took 0.073 seconds
[2024-07-02T09:11:45.556+0000] {processor.py:161} INFO - Started process (PID=908) to work on /home/airflow/.local/lib/python3.8/site-packages/airflow/example_dags/example_sla_dag.py
[2024-07-02T09:11:45.557+0000] {processor.py:830} INFO - Processing file /home/airflow/.local/lib/python3.8/site-packages/airflow/example_dags/example_sla_dag.py for tasks to queue
[2024-07-02T09:11:45.559+0000] {logging_mixin.py:188} INFO - [2024-07-02T09:11:45.559+0000] {dagbag.py:538} INFO - Filling up the DagBag from /home/airflow/.local/lib/python3.8/site-packages/airflow/example_dags/example_sla_dag.py
[2024-07-02T09:11:45.572+0000] {processor.py:840} INFO - DAG(s) 'example_sla_dag' retrieved from /home/airflow/.local/lib/python3.8/site-packages/airflow/example_dags/example_sla_dag.py
[2024-07-02T09:11:45.614+0000] {logging_mixin.py:188} INFO - [2024-07-02T09:11:45.614+0000] {dag.py:3033} INFO - Sync 1 DAGs
[2024-07-02T09:11:45.677+0000] {logging_mixin.py:188} INFO - [2024-07-02T09:11:45.677+0000] {dag.py:3820} INFO - Setting next_dagrun for example_sla_dag to 2024-07-02T09:08:00+00:00, run_after=2024-07-02T09:10:00+00:00
[2024-07-02T09:11:45.723+0000] {processor.py:183} INFO - Processing /home/airflow/.local/lib/python3.8/site-packages/airflow/example_dags/example_sla_dag.py took 0.171 seconds
[2024-07-02T09:12:15.782+0000] {processor.py:161} INFO - Started process (PID=963) to work on /home/airflow/.local/lib/python3.8/site-packages/airflow/example_dags/example_sla_dag.py
[2024-07-02T09:12:15.785+0000] {processor.py:830} INFO - Processing file /home/airflow/.local/lib/python3.8/site-packages/airflow/example_dags/example_sla_dag.py for tasks to queue
[2024-07-02T09:12:15.788+0000] {logging_mixin.py:188} INFO - [2024-07-02T09:12:15.788+0000] {dagbag.py:538} INFO - Filling up the DagBag from /home/airflow/.local/lib/python3.8/site-packages/airflow/example_dags/example_sla_dag.py
[2024-07-02T09:12:15.798+0000] {processor.py:840} INFO - DAG(s) 'example_sla_dag' retrieved from /home/airflow/.local/lib/python3.8/site-packages/airflow/example_dags/example_sla_dag.py
[2024-07-02T09:12:15.827+0000] {logging_mixin.py:188} INFO - [2024-07-02T09:12:15.827+0000] {dag.py:3033} INFO - Sync 1 DAGs
[2024-07-02T09:12:15.867+0000] {logging_mixin.py:188} INFO - [2024-07-02T09:12:15.866+0000] {dag.py:3820} INFO - Setting next_dagrun for example_sla_dag to 2024-07-02T09:10:00+00:00, run_after=2024-07-02T09:12:00+00:00
[2024-07-02T09:12:15.890+0000] {processor.py:183} INFO - Processing /home/airflow/.local/lib/python3.8/site-packages/airflow/example_dags/example_sla_dag.py took 0.112 seconds
[2024-07-02T09:12:46.030+0000] {processor.py:161} INFO - Started process (PID=1018) to work on /home/airflow/.local/lib/python3.8/site-packages/airflow/example_dags/example_sla_dag.py
[2024-07-02T09:12:46.030+0000] {processor.py:830} INFO - Processing file /home/airflow/.local/lib/python3.8/site-packages/airflow/example_dags/example_sla_dag.py for tasks to queue
[2024-07-02T09:12:46.032+0000] {logging_mixin.py:188} INFO - [2024-07-02T09:12:46.032+0000] {dagbag.py:538} INFO - Filling up the DagBag from /home/airflow/.local/lib/python3.8/site-packages/airflow/example_dags/example_sla_dag.py
[2024-07-02T09:12:46.040+0000] {processor.py:840} INFO - DAG(s) 'example_sla_dag' retrieved from /home/airflow/.local/lib/python3.8/site-packages/airflow/example_dags/example_sla_dag.py
[2024-07-02T09:12:46.059+0000] {logging_mixin.py:188} INFO - [2024-07-02T09:12:46.059+0000] {dag.py:3033} INFO - Sync 1 DAGs
[2024-07-02T09:12:46.087+0000] {logging_mixin.py:188} INFO - [2024-07-02T09:12:46.086+0000] {dag.py:3820} INFO - Setting next_dagrun for example_sla_dag to 2024-07-02T09:10:00+00:00, run_after=2024-07-02T09:12:00+00:00
[2024-07-02T09:12:46.107+0000] {processor.py:183} INFO - Processing /home/airflow/.local/lib/python3.8/site-packages/airflow/example_dags/example_sla_dag.py took 0.080 seconds
[2024-07-02T09:13:16.512+0000] {processor.py:161} INFO - Started process (PID=1073) to work on /home/airflow/.local/lib/python3.8/site-packages/airflow/example_dags/example_sla_dag.py
[2024-07-02T09:13:16.513+0000] {processor.py:830} INFO - Processing file /home/airflow/.local/lib/python3.8/site-packages/airflow/example_dags/example_sla_dag.py for tasks to queue
[2024-07-02T09:13:16.515+0000] {logging_mixin.py:188} INFO - [2024-07-02T09:13:16.515+0000] {dagbag.py:538} INFO - Filling up the DagBag from /home/airflow/.local/lib/python3.8/site-packages/airflow/example_dags/example_sla_dag.py
[2024-07-02T09:13:16.521+0000] {processor.py:840} INFO - DAG(s) 'example_sla_dag' retrieved from /home/airflow/.local/lib/python3.8/site-packages/airflow/example_dags/example_sla_dag.py
[2024-07-02T09:13:16.539+0000] {logging_mixin.py:188} INFO - [2024-07-02T09:13:16.538+0000] {dag.py:3033} INFO - Sync 1 DAGs
[2024-07-02T09:13:16.561+0000] {logging_mixin.py:188} INFO - [2024-07-02T09:13:16.561+0000] {dag.py:3820} INFO - Setting next_dagrun for example_sla_dag to 2024-07-02T09:10:00+00:00, run_after=2024-07-02T09:12:00+00:00
[2024-07-02T09:13:16.580+0000] {processor.py:183} INFO - Processing /home/airflow/.local/lib/python3.8/site-packages/airflow/example_dags/example_sla_dag.py took 0.070 seconds
[2024-07-02T09:13:47.081+0000] {processor.py:161} INFO - Started process (PID=1129) to work on /home/airflow/.local/lib/python3.8/site-packages/airflow/example_dags/example_sla_dag.py
[2024-07-02T09:13:47.082+0000] {processor.py:830} INFO - Processing file /home/airflow/.local/lib/python3.8/site-packages/airflow/example_dags/example_sla_dag.py for tasks to queue
[2024-07-02T09:13:47.083+0000] {logging_mixin.py:188} INFO - [2024-07-02T09:13:47.083+0000] {dagbag.py:538} INFO - Filling up the DagBag from /home/airflow/.local/lib/python3.8/site-packages/airflow/example_dags/example_sla_dag.py
[2024-07-02T09:13:47.091+0000] {processor.py:840} INFO - DAG(s) 'example_sla_dag' retrieved from /home/airflow/.local/lib/python3.8/site-packages/airflow/example_dags/example_sla_dag.py
[2024-07-02T09:13:47.110+0000] {logging_mixin.py:188} INFO - [2024-07-02T09:13:47.110+0000] {dag.py:3033} INFO - Sync 1 DAGs
[2024-07-02T09:13:47.138+0000] {logging_mixin.py:188} INFO - [2024-07-02T09:13:47.138+0000] {dag.py:3820} INFO - Setting next_dagrun for example_sla_dag to 2024-07-02T09:10:00+00:00, run_after=2024-07-02T09:12:00+00:00
[2024-07-02T09:13:47.156+0000] {processor.py:183} INFO - Processing /home/airflow/.local/lib/python3.8/site-packages/airflow/example_dags/example_sla_dag.py took 0.077 seconds
[2024-07-02T09:14:17.486+0000] {processor.py:161} INFO - Started process (PID=1183) to work on /home/airflow/.local/lib/python3.8/site-packages/airflow/example_dags/example_sla_dag.py
[2024-07-02T09:14:17.487+0000] {processor.py:830} INFO - Processing file /home/airflow/.local/lib/python3.8/site-packages/airflow/example_dags/example_sla_dag.py for tasks to queue
[2024-07-02T09:14:17.489+0000] {logging_mixin.py:188} INFO - [2024-07-02T09:14:17.489+0000] {dagbag.py:538} INFO - Filling up the DagBag from /home/airflow/.local/lib/python3.8/site-packages/airflow/example_dags/example_sla_dag.py
[2024-07-02T09:14:17.497+0000] {processor.py:840} INFO - DAG(s) 'example_sla_dag' retrieved from /home/airflow/.local/lib/python3.8/site-packages/airflow/example_dags/example_sla_dag.py
[2024-07-02T09:14:17.515+0000] {logging_mixin.py:188} INFO - [2024-07-02T09:14:17.515+0000] {dag.py:3033} INFO - Sync 1 DAGs
[2024-07-02T09:14:17.538+0000] {logging_mixin.py:188} INFO - [2024-07-02T09:14:17.538+0000] {dag.py:3820} INFO - Setting next_dagrun for example_sla_dag to 2024-07-02T09:12:00+00:00, run_after=2024-07-02T09:14:00+00:00
[2024-07-02T09:14:17.556+0000] {processor.py:183} INFO - Processing /home/airflow/.local/lib/python3.8/site-packages/airflow/example_dags/example_sla_dag.py took 0.072 seconds
[2024-07-02T09:14:48.069+0000] {processor.py:161} INFO - Started process (PID=1238) to work on /home/airflow/.local/lib/python3.8/site-packages/airflow/example_dags/example_sla_dag.py
[2024-07-02T09:14:48.070+0000] {processor.py:830} INFO - Processing file /home/airflow/.local/lib/python3.8/site-packages/airflow/example_dags/example_sla_dag.py for tasks to queue
[2024-07-02T09:14:48.071+0000] {logging_mixin.py:188} INFO - [2024-07-02T09:14:48.071+0000] {dagbag.py:538} INFO - Filling up the DagBag from /home/airflow/.local/lib/python3.8/site-packages/airflow/example_dags/example_sla_dag.py
[2024-07-02T09:14:48.078+0000] {processor.py:840} INFO - DAG(s) 'example_sla_dag' retrieved from /home/airflow/.local/lib/python3.8/site-packages/airflow/example_dags/example_sla_dag.py
[2024-07-02T09:14:48.098+0000] {logging_mixin.py:188} INFO - [2024-07-02T09:14:48.098+0000] {dag.py:3033} INFO - Sync 1 DAGs
[2024-07-02T09:14:48.128+0000] {logging_mixin.py:188} INFO - [2024-07-02T09:14:48.127+0000] {dag.py:3820} INFO - Setting next_dagrun for example_sla_dag to 2024-07-02T09:12:00+00:00, run_after=2024-07-02T09:14:00+00:00
[2024-07-02T09:14:48.149+0000] {processor.py:183} INFO - Processing /home/airflow/.local/lib/python3.8/site-packages/airflow/example_dags/example_sla_dag.py took 0.083 seconds
[2024-07-02T09:15:18.468+0000] {processor.py:161} INFO - Started process (PID=1293) to work on /home/airflow/.local/lib/python3.8/site-packages/airflow/example_dags/example_sla_dag.py
[2024-07-02T09:15:18.468+0000] {processor.py:830} INFO - Processing file /home/airflow/.local/lib/python3.8/site-packages/airflow/example_dags/example_sla_dag.py for tasks to queue
[2024-07-02T09:15:18.470+0000] {logging_mixin.py:188} INFO - [2024-07-02T09:15:18.470+0000] {dagbag.py:538} INFO - Filling up the DagBag from /home/airflow/.local/lib/python3.8/site-packages/airflow/example_dags/example_sla_dag.py
[2024-07-02T09:15:18.477+0000] {processor.py:840} INFO - DAG(s) 'example_sla_dag' retrieved from /home/airflow/.local/lib/python3.8/site-packages/airflow/example_dags/example_sla_dag.py
[2024-07-02T09:15:18.496+0000] {logging_mixin.py:188} INFO - [2024-07-02T09:15:18.496+0000] {dag.py:3033} INFO - Sync 1 DAGs
[2024-07-02T09:15:18.521+0000] {logging_mixin.py:188} INFO - [2024-07-02T09:15:18.521+0000] {dag.py:3820} INFO - Setting next_dagrun for example_sla_dag to 2024-07-02T09:12:00+00:00, run_after=2024-07-02T09:14:00+00:00
[2024-07-02T09:15:18.540+0000] {processor.py:183} INFO - Processing /home/airflow/.local/lib/python3.8/site-packages/airflow/example_dags/example_sla_dag.py took 0.076 seconds
[2024-07-02T09:15:49.037+0000] {processor.py:161} INFO - Started process (PID=1348) to work on /home/airflow/.local/lib/python3.8/site-packages/airflow/example_dags/example_sla_dag.py
[2024-07-02T09:15:49.038+0000] {processor.py:830} INFO - Processing file /home/airflow/.local/lib/python3.8/site-packages/airflow/example_dags/example_sla_dag.py for tasks to queue
[2024-07-02T09:15:49.039+0000] {logging_mixin.py:188} INFO - [2024-07-02T09:15:49.039+0000] {dagbag.py:538} INFO - Filling up the DagBag from /home/airflow/.local/lib/python3.8/site-packages/airflow/example_dags/example_sla_dag.py
[2024-07-02T09:15:49.047+0000] {processor.py:840} INFO - DAG(s) 'example_sla_dag' retrieved from /home/airflow/.local/lib/python3.8/site-packages/airflow/example_dags/example_sla_dag.py
[2024-07-02T09:15:49.065+0000] {logging_mixin.py:188} INFO - [2024-07-02T09:15:49.065+0000] {dag.py:3033} INFO - Sync 1 DAGs
[2024-07-02T09:15:49.089+0000] {logging_mixin.py:188} INFO - [2024-07-02T09:15:49.089+0000] {dag.py:3820} INFO - Setting next_dagrun for example_sla_dag to 2024-07-02T09:12:00+00:00, run_after=2024-07-02T09:14:00+00:00
[2024-07-02T09:15:49.105+0000] {processor.py:183} INFO - Processing /home/airflow/.local/lib/python3.8/site-packages/airflow/example_dags/example_sla_dag.py took 0.071 seconds
[2024-07-02T09:16:19.699+0000] {processor.py:161} INFO - Started process (PID=1402) to work on /home/airflow/.local/lib/python3.8/site-packages/airflow/example_dags/example_sla_dag.py
[2024-07-02T09:16:19.700+0000] {processor.py:830} INFO - Processing file /home/airflow/.local/lib/python3.8/site-packages/airflow/example_dags/example_sla_dag.py for tasks to queue
[2024-07-02T09:16:19.701+0000] {logging_mixin.py:188} INFO - [2024-07-02T09:16:19.701+0000] {dagbag.py:538} INFO - Filling up the DagBag from /home/airflow/.local/lib/python3.8/site-packages/airflow/example_dags/example_sla_dag.py
[2024-07-02T09:16:19.709+0000] {processor.py:840} INFO - DAG(s) 'example_sla_dag' retrieved from /home/airflow/.local/lib/python3.8/site-packages/airflow/example_dags/example_sla_dag.py
[2024-07-02T09:16:19.727+0000] {logging_mixin.py:188} INFO - [2024-07-02T09:16:19.727+0000] {dag.py:3033} INFO - Sync 1 DAGs
[2024-07-02T09:16:19.750+0000] {logging_mixin.py:188} INFO - [2024-07-02T09:16:19.750+0000] {dag.py:3820} INFO - Setting next_dagrun for example_sla_dag to 2024-07-02T09:14:00+00:00, run_after=2024-07-02T09:16:00+00:00
[2024-07-02T09:16:19.768+0000] {processor.py:183} INFO - Processing /home/airflow/.local/lib/python3.8/site-packages/airflow/example_dags/example_sla_dag.py took 0.072 seconds
[2024-07-02T09:16:50.239+0000] {processor.py:161} INFO - Started process (PID=1457) to work on /home/airflow/.local/lib/python3.8/site-packages/airflow/example_dags/example_sla_dag.py
[2024-07-02T09:16:50.239+0000] {processor.py:830} INFO - Processing file /home/airflow/.local/lib/python3.8/site-packages/airflow/example_dags/example_sla_dag.py for tasks to queue
[2024-07-02T09:16:50.241+0000] {logging_mixin.py:188} INFO - [2024-07-02T09:16:50.241+0000] {dagbag.py:538} INFO - Filling up the DagBag from /home/airflow/.local/lib/python3.8/site-packages/airflow/example_dags/example_sla_dag.py
[2024-07-02T09:16:50.248+0000] {processor.py:840} INFO - DAG(s) 'example_sla_dag' retrieved from /home/airflow/.local/lib/python3.8/site-packages/airflow/example_dags/example_sla_dag.py
[2024-07-02T09:16:50.268+0000] {logging_mixin.py:188} INFO - [2024-07-02T09:16:50.268+0000] {dag.py:3033} INFO - Sync 1 DAGs
[2024-07-02T09:16:50.295+0000] {logging_mixin.py:188} INFO - [2024-07-02T09:16:50.294+0000] {dag.py:3820} INFO - Setting next_dagrun for example_sla_dag to 2024-07-02T09:14:00+00:00, run_after=2024-07-02T09:16:00+00:00
[2024-07-02T09:16:50.315+0000] {processor.py:183} INFO - Processing /home/airflow/.local/lib/python3.8/site-packages/airflow/example_dags/example_sla_dag.py took 0.079 seconds
[2024-07-02T09:17:20.684+0000] {processor.py:161} INFO - Started process (PID=1512) to work on /home/airflow/.local/lib/python3.8/site-packages/airflow/example_dags/example_sla_dag.py
[2024-07-02T09:17:20.685+0000] {processor.py:830} INFO - Processing file /home/airflow/.local/lib/python3.8/site-packages/airflow/example_dags/example_sla_dag.py for tasks to queue
[2024-07-02T09:17:20.687+0000] {logging_mixin.py:188} INFO - [2024-07-02T09:17:20.686+0000] {dagbag.py:538} INFO - Filling up the DagBag from /home/airflow/.local/lib/python3.8/site-packages/airflow/example_dags/example_sla_dag.py
[2024-07-02T09:17:20.694+0000] {processor.py:840} INFO - DAG(s) 'example_sla_dag' retrieved from /home/airflow/.local/lib/python3.8/site-packages/airflow/example_dags/example_sla_dag.py
[2024-07-02T09:17:20.712+0000] {logging_mixin.py:188} INFO - [2024-07-02T09:17:20.712+0000] {dag.py:3033} INFO - Sync 1 DAGs
[2024-07-02T09:17:20.740+0000] {logging_mixin.py:188} INFO - [2024-07-02T09:17:20.739+0000] {dag.py:3820} INFO - Setting next_dagrun for example_sla_dag to 2024-07-02T09:14:00+00:00, run_after=2024-07-02T09:16:00+00:00
[2024-07-02T09:17:20.759+0000] {processor.py:183} INFO - Processing /home/airflow/.local/lib/python3.8/site-packages/airflow/example_dags/example_sla_dag.py took 0.078 seconds
[2024-07-02T09:17:50.988+0000] {processor.py:161} INFO - Started process (PID=1568) to work on /home/airflow/.local/lib/python3.8/site-packages/airflow/example_dags/example_sla_dag.py
[2024-07-02T09:17:50.988+0000] {processor.py:830} INFO - Processing file /home/airflow/.local/lib/python3.8/site-packages/airflow/example_dags/example_sla_dag.py for tasks to queue
[2024-07-02T09:17:50.990+0000] {logging_mixin.py:188} INFO - [2024-07-02T09:17:50.990+0000] {dagbag.py:538} INFO - Filling up the DagBag from /home/airflow/.local/lib/python3.8/site-packages/airflow/example_dags/example_sla_dag.py
[2024-07-02T09:17:50.998+0000] {processor.py:840} INFO - DAG(s) 'example_sla_dag' retrieved from /home/airflow/.local/lib/python3.8/site-packages/airflow/example_dags/example_sla_dag.py
[2024-07-02T09:17:51.016+0000] {logging_mixin.py:188} INFO - [2024-07-02T09:17:51.016+0000] {dag.py:3033} INFO - Sync 1 DAGs
[2024-07-02T09:17:51.042+0000] {logging_mixin.py:188} INFO - [2024-07-02T09:17:51.042+0000] {dag.py:3820} INFO - Setting next_dagrun for example_sla_dag to 2024-07-02T09:14:00+00:00, run_after=2024-07-02T09:16:00+00:00
[2024-07-02T09:17:51.284+0000] {processor.py:183} INFO - Processing /home/airflow/.local/lib/python3.8/site-packages/airflow/example_dags/example_sla_dag.py took 0.299 seconds
[2024-07-02T09:18:21.606+0000] {processor.py:161} INFO - Started process (PID=1623) to work on /home/airflow/.local/lib/python3.8/site-packages/airflow/example_dags/example_sla_dag.py
[2024-07-02T09:18:21.607+0000] {processor.py:830} INFO - Processing file /home/airflow/.local/lib/python3.8/site-packages/airflow/example_dags/example_sla_dag.py for tasks to queue
[2024-07-02T09:18:21.609+0000] {logging_mixin.py:188} INFO - [2024-07-02T09:18:21.608+0000] {dagbag.py:538} INFO - Filling up the DagBag from /home/airflow/.local/lib/python3.8/site-packages/airflow/example_dags/example_sla_dag.py
[2024-07-02T09:18:21.616+0000] {processor.py:840} INFO - DAG(s) 'example_sla_dag' retrieved from /home/airflow/.local/lib/python3.8/site-packages/airflow/example_dags/example_sla_dag.py
[2024-07-02T09:18:21.636+0000] {logging_mixin.py:188} INFO - [2024-07-02T09:18:21.636+0000] {dag.py:3033} INFO - Sync 1 DAGs
[2024-07-02T09:18:21.662+0000] {logging_mixin.py:188} INFO - [2024-07-02T09:18:21.662+0000] {dag.py:3820} INFO - Setting next_dagrun for example_sla_dag to 2024-07-02T09:16:00+00:00, run_after=2024-07-02T09:18:00+00:00
[2024-07-02T09:18:21.682+0000] {processor.py:183} INFO - Processing /home/airflow/.local/lib/python3.8/site-packages/airflow/example_dags/example_sla_dag.py took 0.078 seconds
[2024-07-02T09:18:52.538+0000] {processor.py:161} INFO - Started process (PID=1678) to work on /home/airflow/.local/lib/python3.8/site-packages/airflow/example_dags/example_sla_dag.py
[2024-07-02T09:18:52.543+0000] {processor.py:830} INFO - Processing file /home/airflow/.local/lib/python3.8/site-packages/airflow/example_dags/example_sla_dag.py for tasks to queue
[2024-07-02T09:18:52.546+0000] {logging_mixin.py:188} INFO - [2024-07-02T09:18:52.546+0000] {dagbag.py:538} INFO - Filling up the DagBag from /home/airflow/.local/lib/python3.8/site-packages/airflow/example_dags/example_sla_dag.py
[2024-07-02T09:18:52.556+0000] {processor.py:840} INFO - DAG(s) 'example_sla_dag' retrieved from /home/airflow/.local/lib/python3.8/site-packages/airflow/example_dags/example_sla_dag.py
[2024-07-02T09:18:52.578+0000] {logging_mixin.py:188} INFO - [2024-07-02T09:18:52.577+0000] {dag.py:3033} INFO - Sync 1 DAGs
[2024-07-02T09:18:52.601+0000] {logging_mixin.py:188} INFO - [2024-07-02T09:18:52.601+0000] {dag.py:3820} INFO - Setting next_dagrun for example_sla_dag to 2024-07-02T09:16:00+00:00, run_after=2024-07-02T09:18:00+00:00
[2024-07-02T09:18:52.618+0000] {processor.py:183} INFO - Processing /home/airflow/.local/lib/python3.8/site-packages/airflow/example_dags/example_sla_dag.py took 0.084 seconds
[2024-07-02T09:19:22.859+0000] {processor.py:161} INFO - Started process (PID=1733) to work on /home/airflow/.local/lib/python3.8/site-packages/airflow/example_dags/example_sla_dag.py
[2024-07-02T09:19:22.862+0000] {processor.py:830} INFO - Processing file /home/airflow/.local/lib/python3.8/site-packages/airflow/example_dags/example_sla_dag.py for tasks to queue
[2024-07-02T09:19:22.866+0000] {logging_mixin.py:188} INFO - [2024-07-02T09:19:22.866+0000] {dagbag.py:538} INFO - Filling up the DagBag from /home/airflow/.local/lib/python3.8/site-packages/airflow/example_dags/example_sla_dag.py
[2024-07-02T09:19:22.878+0000] {processor.py:840} INFO - DAG(s) 'example_sla_dag' retrieved from /home/airflow/.local/lib/python3.8/site-packages/airflow/example_dags/example_sla_dag.py
[2024-07-02T09:19:22.907+0000] {logging_mixin.py:188} INFO - [2024-07-02T09:19:22.907+0000] {dag.py:3033} INFO - Sync 1 DAGs
[2024-07-02T09:19:22.944+0000] {logging_mixin.py:188} INFO - [2024-07-02T09:19:22.944+0000] {dag.py:3820} INFO - Setting next_dagrun for example_sla_dag to 2024-07-02T09:16:00+00:00, run_after=2024-07-02T09:18:00+00:00
[2024-07-02T09:19:22.969+0000] {processor.py:183} INFO - Processing /home/airflow/.local/lib/python3.8/site-packages/airflow/example_dags/example_sla_dag.py took 0.114 seconds
[2024-07-02T09:19:53.013+0000] {processor.py:161} INFO - Started process (PID=1788) to work on /home/airflow/.local/lib/python3.8/site-packages/airflow/example_dags/example_sla_dag.py
[2024-07-02T09:19:53.013+0000] {processor.py:830} INFO - Processing file /home/airflow/.local/lib/python3.8/site-packages/airflow/example_dags/example_sla_dag.py for tasks to queue
[2024-07-02T09:19:53.015+0000] {logging_mixin.py:188} INFO - [2024-07-02T09:19:53.015+0000] {dagbag.py:538} INFO - Filling up the DagBag from /home/airflow/.local/lib/python3.8/site-packages/airflow/example_dags/example_sla_dag.py
[2024-07-02T09:19:53.023+0000] {processor.py:840} INFO - DAG(s) 'example_sla_dag' retrieved from /home/airflow/.local/lib/python3.8/site-packages/airflow/example_dags/example_sla_dag.py
[2024-07-02T09:19:53.042+0000] {logging_mixin.py:188} INFO - [2024-07-02T09:19:53.042+0000] {dag.py:3033} INFO - Sync 1 DAGs
[2024-07-02T09:19:53.067+0000] {logging_mixin.py:188} INFO - [2024-07-02T09:19:53.067+0000] {dag.py:3820} INFO - Setting next_dagrun for example_sla_dag to 2024-07-02T09:16:00+00:00, run_after=2024-07-02T09:18:00+00:00
[2024-07-02T09:19:53.083+0000] {processor.py:183} INFO - Processing /home/airflow/.local/lib/python3.8/site-packages/airflow/example_dags/example_sla_dag.py took 0.073 seconds
[2024-07-02T09:20:23.443+0000] {processor.py:161} INFO - Started process (PID=1841) to work on /home/airflow/.local/lib/python3.8/site-packages/airflow/example_dags/example_sla_dag.py
[2024-07-02T09:20:23.444+0000] {processor.py:830} INFO - Processing file /home/airflow/.local/lib/python3.8/site-packages/airflow/example_dags/example_sla_dag.py for tasks to queue
[2024-07-02T09:20:23.446+0000] {logging_mixin.py:188} INFO - [2024-07-02T09:20:23.446+0000] {dagbag.py:538} INFO - Filling up the DagBag from /home/airflow/.local/lib/python3.8/site-packages/airflow/example_dags/example_sla_dag.py
[2024-07-02T09:20:23.454+0000] {processor.py:840} INFO - DAG(s) 'example_sla_dag' retrieved from /home/airflow/.local/lib/python3.8/site-packages/airflow/example_dags/example_sla_dag.py
[2024-07-02T09:20:23.474+0000] {logging_mixin.py:188} INFO - [2024-07-02T09:20:23.474+0000] {dag.py:3033} INFO - Sync 1 DAGs
[2024-07-02T09:20:23.502+0000] {logging_mixin.py:188} INFO - [2024-07-02T09:20:23.501+0000] {dag.py:3820} INFO - Setting next_dagrun for example_sla_dag to 2024-07-02T09:18:00+00:00, run_after=2024-07-02T09:20:00+00:00
[2024-07-02T09:20:23.519+0000] {processor.py:183} INFO - Processing /home/airflow/.local/lib/python3.8/site-packages/airflow/example_dags/example_sla_dag.py took 0.078 seconds
[2024-07-02T09:20:54.177+0000] {processor.py:161} INFO - Started process (PID=1896) to work on /home/airflow/.local/lib/python3.8/site-packages/airflow/example_dags/example_sla_dag.py
[2024-07-02T09:20:54.178+0000] {processor.py:830} INFO - Processing file /home/airflow/.local/lib/python3.8/site-packages/airflow/example_dags/example_sla_dag.py for tasks to queue
[2024-07-02T09:20:54.180+0000] {logging_mixin.py:188} INFO - [2024-07-02T09:20:54.180+0000] {dagbag.py:538} INFO - Filling up the DagBag from /home/airflow/.local/lib/python3.8/site-packages/airflow/example_dags/example_sla_dag.py
[2024-07-02T09:20:54.188+0000] {processor.py:840} INFO - DAG(s) 'example_sla_dag' retrieved from /home/airflow/.local/lib/python3.8/site-packages/airflow/example_dags/example_sla_dag.py
[2024-07-02T09:20:54.208+0000] {logging_mixin.py:188} INFO - [2024-07-02T09:20:54.208+0000] {dag.py:3033} INFO - Sync 1 DAGs
[2024-07-02T09:20:54.235+0000] {logging_mixin.py:188} INFO - [2024-07-02T09:20:54.235+0000] {dag.py:3820} INFO - Setting next_dagrun for example_sla_dag to 2024-07-02T09:18:00+00:00, run_after=2024-07-02T09:20:00+00:00
[2024-07-02T09:20:54.260+0000] {processor.py:183} INFO - Processing /home/airflow/.local/lib/python3.8/site-packages/airflow/example_dags/example_sla_dag.py took 0.086 seconds
[2024-07-02T09:21:24.591+0000] {processor.py:161} INFO - Started process (PID=1951) to work on /home/airflow/.local/lib/python3.8/site-packages/airflow/example_dags/example_sla_dag.py
[2024-07-02T09:21:24.592+0000] {processor.py:830} INFO - Processing file /home/airflow/.local/lib/python3.8/site-packages/airflow/example_dags/example_sla_dag.py for tasks to queue
[2024-07-02T09:21:24.595+0000] {logging_mixin.py:188} INFO - [2024-07-02T09:21:24.595+0000] {dagbag.py:538} INFO - Filling up the DagBag from /home/airflow/.local/lib/python3.8/site-packages/airflow/example_dags/example_sla_dag.py
[2024-07-02T09:21:24.604+0000] {processor.py:840} INFO - DAG(s) 'example_sla_dag' retrieved from /home/airflow/.local/lib/python3.8/site-packages/airflow/example_dags/example_sla_dag.py
[2024-07-02T09:21:24.626+0000] {logging_mixin.py:188} INFO - [2024-07-02T09:21:24.626+0000] {dag.py:3033} INFO - Sync 1 DAGs
[2024-07-02T09:21:24.656+0000] {logging_mixin.py:188} INFO - [2024-07-02T09:21:24.656+0000] {dag.py:3820} INFO - Setting next_dagrun for example_sla_dag to 2024-07-02T09:18:00+00:00, run_after=2024-07-02T09:20:00+00:00
[2024-07-02T09:21:24.677+0000] {processor.py:183} INFO - Processing /home/airflow/.local/lib/python3.8/site-packages/airflow/example_dags/example_sla_dag.py took 0.089 seconds
[2024-07-02T09:21:55.153+0000] {processor.py:161} INFO - Started process (PID=2005) to work on /home/airflow/.local/lib/python3.8/site-packages/airflow/example_dags/example_sla_dag.py
[2024-07-02T09:21:55.154+0000] {processor.py:830} INFO - Processing file /home/airflow/.local/lib/python3.8/site-packages/airflow/example_dags/example_sla_dag.py for tasks to queue
[2024-07-02T09:21:55.157+0000] {logging_mixin.py:188} INFO - [2024-07-02T09:21:55.157+0000] {dagbag.py:538} INFO - Filling up the DagBag from /home/airflow/.local/lib/python3.8/site-packages/airflow/example_dags/example_sla_dag.py
[2024-07-02T09:21:55.168+0000] {processor.py:840} INFO - DAG(s) 'example_sla_dag' retrieved from /home/airflow/.local/lib/python3.8/site-packages/airflow/example_dags/example_sla_dag.py
[2024-07-02T09:21:55.195+0000] {logging_mixin.py:188} INFO - [2024-07-02T09:21:55.195+0000] {dag.py:3033} INFO - Sync 1 DAGs
[2024-07-02T09:21:55.236+0000] {logging_mixin.py:188} INFO - [2024-07-02T09:21:55.235+0000] {dag.py:3820} INFO - Setting next_dagrun for example_sla_dag to 2024-07-02T09:18:00+00:00, run_after=2024-07-02T09:20:00+00:00
[2024-07-02T09:21:55.262+0000] {processor.py:183} INFO - Processing /home/airflow/.local/lib/python3.8/site-packages/airflow/example_dags/example_sla_dag.py took 0.112 seconds
[2024-07-02T09:22:25.289+0000] {processor.py:161} INFO - Started process (PID=2061) to work on /home/airflow/.local/lib/python3.8/site-packages/airflow/example_dags/example_sla_dag.py
[2024-07-02T09:22:25.290+0000] {processor.py:830} INFO - Processing file /home/airflow/.local/lib/python3.8/site-packages/airflow/example_dags/example_sla_dag.py for tasks to queue
[2024-07-02T09:22:25.291+0000] {logging_mixin.py:188} INFO - [2024-07-02T09:22:25.291+0000] {dagbag.py:538} INFO - Filling up the DagBag from /home/airflow/.local/lib/python3.8/site-packages/airflow/example_dags/example_sla_dag.py
[2024-07-02T09:22:25.299+0000] {processor.py:840} INFO - DAG(s) 'example_sla_dag' retrieved from /home/airflow/.local/lib/python3.8/site-packages/airflow/example_dags/example_sla_dag.py
[2024-07-02T09:22:25.317+0000] {logging_mixin.py:188} INFO - [2024-07-02T09:22:25.317+0000] {dag.py:3033} INFO - Sync 1 DAGs
[2024-07-02T09:22:25.340+0000] {logging_mixin.py:188} INFO - [2024-07-02T09:22:25.339+0000] {dag.py:3820} INFO - Setting next_dagrun for example_sla_dag to 2024-07-02T09:20:00+00:00, run_after=2024-07-02T09:22:00+00:00
[2024-07-02T09:22:25.362+0000] {processor.py:183} INFO - Processing /home/airflow/.local/lib/python3.8/site-packages/airflow/example_dags/example_sla_dag.py took 0.076 seconds
[2024-07-02T09:22:55.389+0000] {processor.py:161} INFO - Started process (PID=2116) to work on /home/airflow/.local/lib/python3.8/site-packages/airflow/example_dags/example_sla_dag.py
[2024-07-02T09:22:55.389+0000] {processor.py:830} INFO - Processing file /home/airflow/.local/lib/python3.8/site-packages/airflow/example_dags/example_sla_dag.py for tasks to queue
[2024-07-02T09:22:55.392+0000] {logging_mixin.py:188} INFO - [2024-07-02T09:22:55.391+0000] {dagbag.py:538} INFO - Filling up the DagBag from /home/airflow/.local/lib/python3.8/site-packages/airflow/example_dags/example_sla_dag.py
[2024-07-02T09:22:55.403+0000] {processor.py:840} INFO - DAG(s) 'example_sla_dag' retrieved from /home/airflow/.local/lib/python3.8/site-packages/airflow/example_dags/example_sla_dag.py
[2024-07-02T09:22:55.425+0000] {logging_mixin.py:188} INFO - [2024-07-02T09:22:55.424+0000] {dag.py:3033} INFO - Sync 1 DAGs
[2024-07-02T09:22:55.454+0000] {logging_mixin.py:188} INFO - [2024-07-02T09:22:55.453+0000] {dag.py:3820} INFO - Setting next_dagrun for example_sla_dag to 2024-07-02T09:20:00+00:00, run_after=2024-07-02T09:22:00+00:00
[2024-07-02T09:22:55.472+0000] {processor.py:183} INFO - Processing /home/airflow/.local/lib/python3.8/site-packages/airflow/example_dags/example_sla_dag.py took 0.087 seconds
[2024-07-02T09:23:26.175+0000] {processor.py:161} INFO - Started process (PID=2170) to work on /home/airflow/.local/lib/python3.8/site-packages/airflow/example_dags/example_sla_dag.py
[2024-07-02T09:23:26.179+0000] {processor.py:830} INFO - Processing file /home/airflow/.local/lib/python3.8/site-packages/airflow/example_dags/example_sla_dag.py for tasks to queue
[2024-07-02T09:23:26.182+0000] {logging_mixin.py:188} INFO - [2024-07-02T09:23:26.181+0000] {dagbag.py:538} INFO - Filling up the DagBag from /home/airflow/.local/lib/python3.8/site-packages/airflow/example_dags/example_sla_dag.py
[2024-07-02T09:23:26.192+0000] {processor.py:840} INFO - DAG(s) 'example_sla_dag' retrieved from /home/airflow/.local/lib/python3.8/site-packages/airflow/example_dags/example_sla_dag.py
[2024-07-02T09:23:26.217+0000] {logging_mixin.py:188} INFO - [2024-07-02T09:23:26.217+0000] {dag.py:3033} INFO - Sync 1 DAGs
[2024-07-02T09:23:26.255+0000] {logging_mixin.py:188} INFO - [2024-07-02T09:23:26.255+0000] {dag.py:3820} INFO - Setting next_dagrun for example_sla_dag to 2024-07-02T09:20:00+00:00, run_after=2024-07-02T09:22:00+00:00
[2024-07-02T09:23:26.277+0000] {processor.py:183} INFO - Processing /home/airflow/.local/lib/python3.8/site-packages/airflow/example_dags/example_sla_dag.py took 0.107 seconds
[2024-07-02T09:23:56.306+0000] {processor.py:161} INFO - Started process (PID=2225) to work on /home/airflow/.local/lib/python3.8/site-packages/airflow/example_dags/example_sla_dag.py
[2024-07-02T09:23:56.307+0000] {processor.py:830} INFO - Processing file /home/airflow/.local/lib/python3.8/site-packages/airflow/example_dags/example_sla_dag.py for tasks to queue
[2024-07-02T09:23:56.308+0000] {logging_mixin.py:188} INFO - [2024-07-02T09:23:56.308+0000] {dagbag.py:538} INFO - Filling up the DagBag from /home/airflow/.local/lib/python3.8/site-packages/airflow/example_dags/example_sla_dag.py
[2024-07-02T09:23:56.316+0000] {processor.py:840} INFO - DAG(s) 'example_sla_dag' retrieved from /home/airflow/.local/lib/python3.8/site-packages/airflow/example_dags/example_sla_dag.py
[2024-07-02T09:23:56.334+0000] {logging_mixin.py:188} INFO - [2024-07-02T09:23:56.334+0000] {dag.py:3033} INFO - Sync 1 DAGs
[2024-07-02T09:23:56.360+0000] {logging_mixin.py:188} INFO - [2024-07-02T09:23:56.360+0000] {dag.py:3820} INFO - Setting next_dagrun for example_sla_dag to 2024-07-02T09:20:00+00:00, run_after=2024-07-02T09:22:00+00:00
[2024-07-02T09:23:56.379+0000] {processor.py:183} INFO - Processing /home/airflow/.local/lib/python3.8/site-packages/airflow/example_dags/example_sla_dag.py took 0.076 seconds
