[2024-07-02T09:04:04.372+0000] {processor.py:161} INFO - Started process (PID=74) to work on /home/airflow/.local/lib/python3.8/site-packages/airflow/example_dags/example_params_ui_tutorial.py
[2024-07-02T09:04:04.373+0000] {processor.py:830} INFO - Processing file /home/airflow/.local/lib/python3.8/site-packages/airflow/example_dags/example_params_ui_tutorial.py for tasks to queue
[2024-07-02T09:04:04.376+0000] {logging_mixin.py:188} INFO - [2024-07-02T09:04:04.375+0000] {dagbag.py:538} INFO - Filling up the DagBag from /home/airflow/.local/lib/python3.8/site-packages/airflow/example_dags/example_params_ui_tutorial.py
[2024-07-02T09:04:04.395+0000] {processor.py:840} INFO - DAG(s) 'example_params_ui_tutorial' retrieved from /home/airflow/.local/lib/python3.8/site-packages/airflow/example_dags/example_params_ui_tutorial.py
[2024-07-02T09:04:04.576+0000] {logging_mixin.py:188} INFO - [2024-07-02T09:04:04.575+0000] {override.py:1769} INFO - Created Permission View: can edit on DAG:example_params_ui_tutorial
[2024-07-02T09:04:04.591+0000] {logging_mixin.py:188} INFO - [2024-07-02T09:04:04.590+0000] {override.py:1769} INFO - Created Permission View: can delete on DAG:example_params_ui_tutorial
[2024-07-02T09:04:04.605+0000] {logging_mixin.py:188} INFO - [2024-07-02T09:04:04.604+0000] {override.py:1769} INFO - Created Permission View: can read on DAG:example_params_ui_tutorial
[2024-07-02T09:04:04.605+0000] {logging_mixin.py:188} INFO - [2024-07-02T09:04:04.605+0000] {dag.py:3033} INFO - Sync 1 DAGs
[2024-07-02T09:04:04.630+0000] {logging_mixin.py:188} INFO - [2024-07-02T09:04:04.630+0000] {dag.py:3055} INFO - Creating ORM DAG for example_params_ui_tutorial
[2024-07-02T09:04:04.631+0000] {logging_mixin.py:188} INFO - [2024-07-02T09:04:04.631+0000] {dag.py:3820} INFO - Setting next_dagrun for example_params_ui_tutorial to None, run_after=None
[2024-07-02T09:04:04.667+0000] {processor.py:183} INFO - Processing /home/airflow/.local/lib/python3.8/site-packages/airflow/example_dags/example_params_ui_tutorial.py took 0.301 seconds
[2024-07-02T09:04:35.577+0000] {processor.py:161} INFO - Started process (PID=128) to work on /home/airflow/.local/lib/python3.8/site-packages/airflow/example_dags/example_params_ui_tutorial.py
[2024-07-02T09:04:35.581+0000] {processor.py:830} INFO - Processing file /home/airflow/.local/lib/python3.8/site-packages/airflow/example_dags/example_params_ui_tutorial.py for tasks to queue
[2024-07-02T09:04:35.583+0000] {logging_mixin.py:188} INFO - [2024-07-02T09:04:35.583+0000] {dagbag.py:538} INFO - Filling up the DagBag from /home/airflow/.local/lib/python3.8/site-packages/airflow/example_dags/example_params_ui_tutorial.py
[2024-07-02T09:04:35.596+0000] {processor.py:840} INFO - DAG(s) 'example_params_ui_tutorial' retrieved from /home/airflow/.local/lib/python3.8/site-packages/airflow/example_dags/example_params_ui_tutorial.py
[2024-07-02T09:04:35.717+0000] {logging_mixin.py:188} INFO - [2024-07-02T09:04:35.716+0000] {dag.py:3033} INFO - Sync 1 DAGs
[2024-07-02T09:04:35.737+0000] {logging_mixin.py:188} INFO - [2024-07-02T09:04:35.736+0000] {dag.py:3820} INFO - Setting next_dagrun for example_params_ui_tutorial to None, run_after=None
[2024-07-02T09:04:35.760+0000] {processor.py:183} INFO - Processing /home/airflow/.local/lib/python3.8/site-packages/airflow/example_dags/example_params_ui_tutorial.py took 0.186 seconds
[2024-07-02T09:05:05.863+0000] {processor.py:161} INFO - Started process (PID=185) to work on /home/airflow/.local/lib/python3.8/site-packages/airflow/example_dags/example_params_ui_tutorial.py
[2024-07-02T09:05:05.865+0000] {processor.py:830} INFO - Processing file /home/airflow/.local/lib/python3.8/site-packages/airflow/example_dags/example_params_ui_tutorial.py for tasks to queue
[2024-07-02T09:05:05.867+0000] {logging_mixin.py:188} INFO - [2024-07-02T09:05:05.867+0000] {dagbag.py:538} INFO - Filling up the DagBag from /home/airflow/.local/lib/python3.8/site-packages/airflow/example_dags/example_params_ui_tutorial.py
[2024-07-02T09:05:05.879+0000] {processor.py:840} INFO - DAG(s) 'example_params_ui_tutorial' retrieved from /home/airflow/.local/lib/python3.8/site-packages/airflow/example_dags/example_params_ui_tutorial.py
[2024-07-02T09:05:05.946+0000] {logging_mixin.py:188} INFO - [2024-07-02T09:05:05.946+0000] {dag.py:3033} INFO - Sync 1 DAGs
[2024-07-02T09:05:05.957+0000] {logging_mixin.py:188} INFO - [2024-07-02T09:05:05.957+0000] {dag.py:3820} INFO - Setting next_dagrun for example_params_ui_tutorial to None, run_after=None
[2024-07-02T09:05:05.976+0000] {processor.py:183} INFO - Processing /home/airflow/.local/lib/python3.8/site-packages/airflow/example_dags/example_params_ui_tutorial.py took 0.116 seconds
[2024-07-02T09:05:36.015+0000] {processor.py:161} INFO - Started process (PID=240) to work on /home/airflow/.local/lib/python3.8/site-packages/airflow/example_dags/example_params_ui_tutorial.py
[2024-07-02T09:05:36.017+0000] {processor.py:830} INFO - Processing file /home/airflow/.local/lib/python3.8/site-packages/airflow/example_dags/example_params_ui_tutorial.py for tasks to queue
[2024-07-02T09:05:36.019+0000] {logging_mixin.py:188} INFO - [2024-07-02T09:05:36.019+0000] {dagbag.py:538} INFO - Filling up the DagBag from /home/airflow/.local/lib/python3.8/site-packages/airflow/example_dags/example_params_ui_tutorial.py
[2024-07-02T09:05:36.031+0000] {processor.py:840} INFO - DAG(s) 'example_params_ui_tutorial' retrieved from /home/airflow/.local/lib/python3.8/site-packages/airflow/example_dags/example_params_ui_tutorial.py
[2024-07-02T09:05:36.094+0000] {logging_mixin.py:188} INFO - [2024-07-02T09:05:36.094+0000] {dag.py:3033} INFO - Sync 1 DAGs
[2024-07-02T09:05:36.104+0000] {logging_mixin.py:188} INFO - [2024-07-02T09:05:36.104+0000] {dag.py:3820} INFO - Setting next_dagrun for example_params_ui_tutorial to None, run_after=None
[2024-07-02T09:05:36.121+0000] {processor.py:183} INFO - Processing /home/airflow/.local/lib/python3.8/site-packages/airflow/example_dags/example_params_ui_tutorial.py took 0.109 seconds
[2024-07-02T09:06:06.810+0000] {processor.py:161} INFO - Started process (PID=294) to work on /home/airflow/.local/lib/python3.8/site-packages/airflow/example_dags/example_params_ui_tutorial.py
[2024-07-02T09:06:06.813+0000] {processor.py:830} INFO - Processing file /home/airflow/.local/lib/python3.8/site-packages/airflow/example_dags/example_params_ui_tutorial.py for tasks to queue
[2024-07-02T09:06:06.815+0000] {logging_mixin.py:188} INFO - [2024-07-02T09:06:06.815+0000] {dagbag.py:538} INFO - Filling up the DagBag from /home/airflow/.local/lib/python3.8/site-packages/airflow/example_dags/example_params_ui_tutorial.py
[2024-07-02T09:06:06.828+0000] {processor.py:840} INFO - DAG(s) 'example_params_ui_tutorial' retrieved from /home/airflow/.local/lib/python3.8/site-packages/airflow/example_dags/example_params_ui_tutorial.py
[2024-07-02T09:06:06.894+0000] {logging_mixin.py:188} INFO - [2024-07-02T09:06:06.894+0000] {dag.py:3033} INFO - Sync 1 DAGs
[2024-07-02T09:06:06.909+0000] {logging_mixin.py:188} INFO - [2024-07-02T09:06:06.909+0000] {dag.py:3820} INFO - Setting next_dagrun for example_params_ui_tutorial to None, run_after=None
[2024-07-02T09:06:06.929+0000] {processor.py:183} INFO - Processing /home/airflow/.local/lib/python3.8/site-packages/airflow/example_dags/example_params_ui_tutorial.py took 0.123 seconds
[2024-07-02T09:06:37.560+0000] {processor.py:161} INFO - Started process (PID=348) to work on /home/airflow/.local/lib/python3.8/site-packages/airflow/example_dags/example_params_ui_tutorial.py
[2024-07-02T09:06:37.564+0000] {processor.py:830} INFO - Processing file /home/airflow/.local/lib/python3.8/site-packages/airflow/example_dags/example_params_ui_tutorial.py for tasks to queue
[2024-07-02T09:06:37.566+0000] {logging_mixin.py:188} INFO - [2024-07-02T09:06:37.566+0000] {dagbag.py:538} INFO - Filling up the DagBag from /home/airflow/.local/lib/python3.8/site-packages/airflow/example_dags/example_params_ui_tutorial.py
[2024-07-02T09:06:37.580+0000] {processor.py:840} INFO - DAG(s) 'example_params_ui_tutorial' retrieved from /home/airflow/.local/lib/python3.8/site-packages/airflow/example_dags/example_params_ui_tutorial.py
[2024-07-02T09:06:37.646+0000] {logging_mixin.py:188} INFO - [2024-07-02T09:06:37.645+0000] {dag.py:3033} INFO - Sync 1 DAGs
[2024-07-02T09:06:37.657+0000] {logging_mixin.py:188} INFO - [2024-07-02T09:06:37.657+0000] {dag.py:3820} INFO - Setting next_dagrun for example_params_ui_tutorial to None, run_after=None
[2024-07-02T09:06:37.775+0000] {processor.py:183} INFO - Processing /home/airflow/.local/lib/python3.8/site-packages/airflow/example_dags/example_params_ui_tutorial.py took 0.218 seconds
[2024-07-02T09:07:07.852+0000] {processor.py:161} INFO - Started process (PID=403) to work on /home/airflow/.local/lib/python3.8/site-packages/airflow/example_dags/example_params_ui_tutorial.py
[2024-07-02T09:07:07.856+0000] {processor.py:830} INFO - Processing file /home/airflow/.local/lib/python3.8/site-packages/airflow/example_dags/example_params_ui_tutorial.py for tasks to queue
[2024-07-02T09:07:07.859+0000] {logging_mixin.py:188} INFO - [2024-07-02T09:07:07.859+0000] {dagbag.py:538} INFO - Filling up the DagBag from /home/airflow/.local/lib/python3.8/site-packages/airflow/example_dags/example_params_ui_tutorial.py
[2024-07-02T09:07:07.874+0000] {processor.py:840} INFO - DAG(s) 'example_params_ui_tutorial' retrieved from /home/airflow/.local/lib/python3.8/site-packages/airflow/example_dags/example_params_ui_tutorial.py
[2024-07-02T09:07:07.938+0000] {logging_mixin.py:188} INFO - [2024-07-02T09:07:07.938+0000] {dag.py:3033} INFO - Sync 1 DAGs
[2024-07-02T09:07:07.948+0000] {logging_mixin.py:188} INFO - [2024-07-02T09:07:07.948+0000] {dag.py:3820} INFO - Setting next_dagrun for example_params_ui_tutorial to None, run_after=None
[2024-07-02T09:07:07.972+0000] {processor.py:183} INFO - Processing /home/airflow/.local/lib/python3.8/site-packages/airflow/example_dags/example_params_ui_tutorial.py took 0.128 seconds
[2024-07-02T09:07:38.362+0000] {processor.py:161} INFO - Started process (PID=458) to work on /home/airflow/.local/lib/python3.8/site-packages/airflow/example_dags/example_params_ui_tutorial.py
[2024-07-02T09:07:38.366+0000] {processor.py:830} INFO - Processing file /home/airflow/.local/lib/python3.8/site-packages/airflow/example_dags/example_params_ui_tutorial.py for tasks to queue
[2024-07-02T09:07:38.369+0000] {logging_mixin.py:188} INFO - [2024-07-02T09:07:38.368+0000] {dagbag.py:538} INFO - Filling up the DagBag from /home/airflow/.local/lib/python3.8/site-packages/airflow/example_dags/example_params_ui_tutorial.py
[2024-07-02T09:07:38.382+0000] {processor.py:840} INFO - DAG(s) 'example_params_ui_tutorial' retrieved from /home/airflow/.local/lib/python3.8/site-packages/airflow/example_dags/example_params_ui_tutorial.py
[2024-07-02T09:07:38.450+0000] {logging_mixin.py:188} INFO - [2024-07-02T09:07:38.450+0000] {dag.py:3033} INFO - Sync 1 DAGs
[2024-07-02T09:07:38.461+0000] {logging_mixin.py:188} INFO - [2024-07-02T09:07:38.461+0000] {dag.py:3820} INFO - Setting next_dagrun for example_params_ui_tutorial to None, run_after=None
[2024-07-02T09:07:38.480+0000] {processor.py:183} INFO - Processing /home/airflow/.local/lib/python3.8/site-packages/airflow/example_dags/example_params_ui_tutorial.py took 0.121 seconds
[2024-07-02T09:08:09.021+0000] {processor.py:161} INFO - Started process (PID=513) to work on /home/airflow/.local/lib/python3.8/site-packages/airflow/example_dags/example_params_ui_tutorial.py
[2024-07-02T09:08:09.022+0000] {processor.py:830} INFO - Processing file /home/airflow/.local/lib/python3.8/site-packages/airflow/example_dags/example_params_ui_tutorial.py for tasks to queue
[2024-07-02T09:08:09.024+0000] {logging_mixin.py:188} INFO - [2024-07-02T09:08:09.024+0000] {dagbag.py:538} INFO - Filling up the DagBag from /home/airflow/.local/lib/python3.8/site-packages/airflow/example_dags/example_params_ui_tutorial.py
[2024-07-02T09:08:09.037+0000] {processor.py:840} INFO - DAG(s) 'example_params_ui_tutorial' retrieved from /home/airflow/.local/lib/python3.8/site-packages/airflow/example_dags/example_params_ui_tutorial.py
[2024-07-02T09:08:09.103+0000] {logging_mixin.py:188} INFO - [2024-07-02T09:08:09.103+0000] {dag.py:3033} INFO - Sync 1 DAGs
[2024-07-02T09:08:09.114+0000] {logging_mixin.py:188} INFO - [2024-07-02T09:08:09.113+0000] {dag.py:3820} INFO - Setting next_dagrun for example_params_ui_tutorial to None, run_after=None
[2024-07-02T09:08:09.129+0000] {processor.py:183} INFO - Processing /home/airflow/.local/lib/python3.8/site-packages/airflow/example_dags/example_params_ui_tutorial.py took 0.111 seconds
[2024-07-02T09:08:39.571+0000] {processor.py:161} INFO - Started process (PID=568) to work on /home/airflow/.local/lib/python3.8/site-packages/airflow/example_dags/example_params_ui_tutorial.py
[2024-07-02T09:08:39.574+0000] {processor.py:830} INFO - Processing file /home/airflow/.local/lib/python3.8/site-packages/airflow/example_dags/example_params_ui_tutorial.py for tasks to queue
[2024-07-02T09:08:39.576+0000] {logging_mixin.py:188} INFO - [2024-07-02T09:08:39.576+0000] {dagbag.py:538} INFO - Filling up the DagBag from /home/airflow/.local/lib/python3.8/site-packages/airflow/example_dags/example_params_ui_tutorial.py
[2024-07-02T09:08:39.585+0000] {processor.py:840} INFO - DAG(s) 'example_params_ui_tutorial' retrieved from /home/airflow/.local/lib/python3.8/site-packages/airflow/example_dags/example_params_ui_tutorial.py
[2024-07-02T09:08:39.655+0000] {logging_mixin.py:188} INFO - [2024-07-02T09:08:39.655+0000] {dag.py:3033} INFO - Sync 1 DAGs
[2024-07-02T09:08:39.666+0000] {logging_mixin.py:188} INFO - [2024-07-02T09:08:39.666+0000] {dag.py:3820} INFO - Setting next_dagrun for example_params_ui_tutorial to None, run_after=None
[2024-07-02T09:08:39.690+0000] {processor.py:183} INFO - Processing /home/airflow/.local/lib/python3.8/site-packages/airflow/example_dags/example_params_ui_tutorial.py took 0.121 seconds
[2024-07-02T09:09:10.133+0000] {processor.py:161} INFO - Started process (PID=623) to work on /home/airflow/.local/lib/python3.8/site-packages/airflow/example_dags/example_params_ui_tutorial.py
[2024-07-02T09:09:10.137+0000] {processor.py:830} INFO - Processing file /home/airflow/.local/lib/python3.8/site-packages/airflow/example_dags/example_params_ui_tutorial.py for tasks to queue
[2024-07-02T09:09:10.139+0000] {logging_mixin.py:188} INFO - [2024-07-02T09:09:10.138+0000] {dagbag.py:538} INFO - Filling up the DagBag from /home/airflow/.local/lib/python3.8/site-packages/airflow/example_dags/example_params_ui_tutorial.py
[2024-07-02T09:09:10.149+0000] {processor.py:840} INFO - DAG(s) 'example_params_ui_tutorial' retrieved from /home/airflow/.local/lib/python3.8/site-packages/airflow/example_dags/example_params_ui_tutorial.py
[2024-07-02T09:09:10.210+0000] {logging_mixin.py:188} INFO - [2024-07-02T09:09:10.210+0000] {dag.py:3033} INFO - Sync 1 DAGs
[2024-07-02T09:09:10.221+0000] {logging_mixin.py:188} INFO - [2024-07-02T09:09:10.220+0000] {dag.py:3820} INFO - Setting next_dagrun for example_params_ui_tutorial to None, run_after=None
[2024-07-02T09:09:10.236+0000] {processor.py:183} INFO - Processing /home/airflow/.local/lib/python3.8/site-packages/airflow/example_dags/example_params_ui_tutorial.py took 0.105 seconds
[2024-07-02T09:09:41.082+0000] {processor.py:161} INFO - Started process (PID=678) to work on /home/airflow/.local/lib/python3.8/site-packages/airflow/example_dags/example_params_ui_tutorial.py
[2024-07-02T09:09:41.085+0000] {processor.py:830} INFO - Processing file /home/airflow/.local/lib/python3.8/site-packages/airflow/example_dags/example_params_ui_tutorial.py for tasks to queue
[2024-07-02T09:09:41.088+0000] {logging_mixin.py:188} INFO - [2024-07-02T09:09:41.088+0000] {dagbag.py:538} INFO - Filling up the DagBag from /home/airflow/.local/lib/python3.8/site-packages/airflow/example_dags/example_params_ui_tutorial.py
[2024-07-02T09:09:41.101+0000] {processor.py:840} INFO - DAG(s) 'example_params_ui_tutorial' retrieved from /home/airflow/.local/lib/python3.8/site-packages/airflow/example_dags/example_params_ui_tutorial.py
[2024-07-02T09:09:41.166+0000] {logging_mixin.py:188} INFO - [2024-07-02T09:09:41.166+0000] {dag.py:3033} INFO - Sync 1 DAGs
[2024-07-02T09:09:41.176+0000] {logging_mixin.py:188} INFO - [2024-07-02T09:09:41.176+0000] {dag.py:3820} INFO - Setting next_dagrun for example_params_ui_tutorial to None, run_after=None
[2024-07-02T09:09:41.205+0000] {processor.py:183} INFO - Processing /home/airflow/.local/lib/python3.8/site-packages/airflow/example_dags/example_params_ui_tutorial.py took 0.128 seconds
[2024-07-02T09:10:12.097+0000] {processor.py:161} INFO - Started process (PID=733) to work on /home/airflow/.local/lib/python3.8/site-packages/airflow/example_dags/example_params_ui_tutorial.py
[2024-07-02T09:10:12.098+0000] {processor.py:830} INFO - Processing file /home/airflow/.local/lib/python3.8/site-packages/airflow/example_dags/example_params_ui_tutorial.py for tasks to queue
[2024-07-02T09:10:12.101+0000] {logging_mixin.py:188} INFO - [2024-07-02T09:10:12.100+0000] {dagbag.py:538} INFO - Filling up the DagBag from /home/airflow/.local/lib/python3.8/site-packages/airflow/example_dags/example_params_ui_tutorial.py
[2024-07-02T09:10:12.117+0000] {processor.py:840} INFO - DAG(s) 'example_params_ui_tutorial' retrieved from /home/airflow/.local/lib/python3.8/site-packages/airflow/example_dags/example_params_ui_tutorial.py
[2024-07-02T09:10:12.183+0000] {logging_mixin.py:188} INFO - [2024-07-02T09:10:12.182+0000] {dag.py:3033} INFO - Sync 1 DAGs
[2024-07-02T09:10:12.193+0000] {logging_mixin.py:188} INFO - [2024-07-02T09:10:12.193+0000] {dag.py:3820} INFO - Setting next_dagrun for example_params_ui_tutorial to None, run_after=None
[2024-07-02T09:10:12.214+0000] {processor.py:183} INFO - Processing /home/airflow/.local/lib/python3.8/site-packages/airflow/example_dags/example_params_ui_tutorial.py took 0.122 seconds
[2024-07-02T09:10:42.669+0000] {processor.py:161} INFO - Started process (PID=788) to work on /home/airflow/.local/lib/python3.8/site-packages/airflow/example_dags/example_params_ui_tutorial.py
[2024-07-02T09:10:42.672+0000] {processor.py:830} INFO - Processing file /home/airflow/.local/lib/python3.8/site-packages/airflow/example_dags/example_params_ui_tutorial.py for tasks to queue
[2024-07-02T09:10:42.674+0000] {logging_mixin.py:188} INFO - [2024-07-02T09:10:42.674+0000] {dagbag.py:538} INFO - Filling up the DagBag from /home/airflow/.local/lib/python3.8/site-packages/airflow/example_dags/example_params_ui_tutorial.py
[2024-07-02T09:10:42.683+0000] {processor.py:840} INFO - DAG(s) 'example_params_ui_tutorial' retrieved from /home/airflow/.local/lib/python3.8/site-packages/airflow/example_dags/example_params_ui_tutorial.py
[2024-07-02T09:10:42.741+0000] {logging_mixin.py:188} INFO - [2024-07-02T09:10:42.741+0000] {dag.py:3033} INFO - Sync 1 DAGs
[2024-07-02T09:10:42.751+0000] {logging_mixin.py:188} INFO - [2024-07-02T09:10:42.751+0000] {dag.py:3820} INFO - Setting next_dagrun for example_params_ui_tutorial to None, run_after=None
[2024-07-02T09:10:42.766+0000] {processor.py:183} INFO - Processing /home/airflow/.local/lib/python3.8/site-packages/airflow/example_dags/example_params_ui_tutorial.py took 0.100 seconds
[2024-07-02T09:11:13.226+0000] {processor.py:161} INFO - Started process (PID=843) to work on /home/airflow/.local/lib/python3.8/site-packages/airflow/example_dags/example_params_ui_tutorial.py
[2024-07-02T09:11:13.230+0000] {processor.py:830} INFO - Processing file /home/airflow/.local/lib/python3.8/site-packages/airflow/example_dags/example_params_ui_tutorial.py for tasks to queue
[2024-07-02T09:11:13.233+0000] {logging_mixin.py:188} INFO - [2024-07-02T09:11:13.232+0000] {dagbag.py:538} INFO - Filling up the DagBag from /home/airflow/.local/lib/python3.8/site-packages/airflow/example_dags/example_params_ui_tutorial.py
[2024-07-02T09:11:13.246+0000] {processor.py:840} INFO - DAG(s) 'example_params_ui_tutorial' retrieved from /home/airflow/.local/lib/python3.8/site-packages/airflow/example_dags/example_params_ui_tutorial.py
[2024-07-02T09:11:13.310+0000] {logging_mixin.py:188} INFO - [2024-07-02T09:11:13.310+0000] {dag.py:3033} INFO - Sync 1 DAGs
[2024-07-02T09:11:13.320+0000] {logging_mixin.py:188} INFO - [2024-07-02T09:11:13.320+0000] {dag.py:3820} INFO - Setting next_dagrun for example_params_ui_tutorial to None, run_after=None
[2024-07-02T09:11:13.344+0000] {processor.py:183} INFO - Processing /home/airflow/.local/lib/python3.8/site-packages/airflow/example_dags/example_params_ui_tutorial.py took 0.121 seconds
[2024-07-02T09:11:43.958+0000] {processor.py:161} INFO - Started process (PID=898) to work on /home/airflow/.local/lib/python3.8/site-packages/airflow/example_dags/example_params_ui_tutorial.py
[2024-07-02T09:11:43.967+0000] {processor.py:830} INFO - Processing file /home/airflow/.local/lib/python3.8/site-packages/airflow/example_dags/example_params_ui_tutorial.py for tasks to queue
[2024-07-02T09:11:43.971+0000] {logging_mixin.py:188} INFO - [2024-07-02T09:11:43.971+0000] {dagbag.py:538} INFO - Filling up the DagBag from /home/airflow/.local/lib/python3.8/site-packages/airflow/example_dags/example_params_ui_tutorial.py
[2024-07-02T09:11:44.001+0000] {processor.py:840} INFO - DAG(s) 'example_params_ui_tutorial' retrieved from /home/airflow/.local/lib/python3.8/site-packages/airflow/example_dags/example_params_ui_tutorial.py
[2024-07-02T09:11:44.277+0000] {logging_mixin.py:188} INFO - [2024-07-02T09:11:44.277+0000] {dag.py:3033} INFO - Sync 1 DAGs
[2024-07-02T09:11:44.317+0000] {logging_mixin.py:188} INFO - [2024-07-02T09:11:44.316+0000] {dag.py:3820} INFO - Setting next_dagrun for example_params_ui_tutorial to None, run_after=None
[2024-07-02T09:11:44.361+0000] {processor.py:183} INFO - Processing /home/airflow/.local/lib/python3.8/site-packages/airflow/example_dags/example_params_ui_tutorial.py took 0.409 seconds
[2024-07-02T09:12:15.237+0000] {processor.py:161} INFO - Started process (PID=953) to work on /home/airflow/.local/lib/python3.8/site-packages/airflow/example_dags/example_params_ui_tutorial.py
[2024-07-02T09:12:15.241+0000] {processor.py:830} INFO - Processing file /home/airflow/.local/lib/python3.8/site-packages/airflow/example_dags/example_params_ui_tutorial.py for tasks to queue
[2024-07-02T09:12:15.243+0000] {logging_mixin.py:188} INFO - [2024-07-02T09:12:15.242+0000] {dagbag.py:538} INFO - Filling up the DagBag from /home/airflow/.local/lib/python3.8/site-packages/airflow/example_dags/example_params_ui_tutorial.py
[2024-07-02T09:12:15.253+0000] {processor.py:840} INFO - DAG(s) 'example_params_ui_tutorial' retrieved from /home/airflow/.local/lib/python3.8/site-packages/airflow/example_dags/example_params_ui_tutorial.py
[2024-07-02T09:12:15.319+0000] {logging_mixin.py:188} INFO - [2024-07-02T09:12:15.318+0000] {dag.py:3033} INFO - Sync 1 DAGs
[2024-07-02T09:12:15.331+0000] {logging_mixin.py:188} INFO - [2024-07-02T09:12:15.331+0000] {dag.py:3820} INFO - Setting next_dagrun for example_params_ui_tutorial to None, run_after=None
[2024-07-02T09:12:15.358+0000] {processor.py:183} INFO - Processing /home/airflow/.local/lib/python3.8/site-packages/airflow/example_dags/example_params_ui_tutorial.py took 0.124 seconds
[2024-07-02T09:12:45.566+0000] {processor.py:161} INFO - Started process (PID=1008) to work on /home/airflow/.local/lib/python3.8/site-packages/airflow/example_dags/example_params_ui_tutorial.py
[2024-07-02T09:12:45.569+0000] {processor.py:830} INFO - Processing file /home/airflow/.local/lib/python3.8/site-packages/airflow/example_dags/example_params_ui_tutorial.py for tasks to queue
[2024-07-02T09:12:45.571+0000] {logging_mixin.py:188} INFO - [2024-07-02T09:12:45.570+0000] {dagbag.py:538} INFO - Filling up the DagBag from /home/airflow/.local/lib/python3.8/site-packages/airflow/example_dags/example_params_ui_tutorial.py
[2024-07-02T09:12:45.580+0000] {processor.py:840} INFO - DAG(s) 'example_params_ui_tutorial' retrieved from /home/airflow/.local/lib/python3.8/site-packages/airflow/example_dags/example_params_ui_tutorial.py
[2024-07-02T09:12:45.642+0000] {logging_mixin.py:188} INFO - [2024-07-02T09:12:45.642+0000] {dag.py:3033} INFO - Sync 1 DAGs
[2024-07-02T09:12:45.655+0000] {logging_mixin.py:188} INFO - [2024-07-02T09:12:45.655+0000] {dag.py:3820} INFO - Setting next_dagrun for example_params_ui_tutorial to None, run_after=None
[2024-07-02T09:12:45.675+0000] {processor.py:183} INFO - Processing /home/airflow/.local/lib/python3.8/site-packages/airflow/example_dags/example_params_ui_tutorial.py took 0.111 seconds
[2024-07-02T09:13:16.046+0000] {processor.py:161} INFO - Started process (PID=1063) to work on /home/airflow/.local/lib/python3.8/site-packages/airflow/example_dags/example_params_ui_tutorial.py
[2024-07-02T09:13:16.047+0000] {processor.py:830} INFO - Processing file /home/airflow/.local/lib/python3.8/site-packages/airflow/example_dags/example_params_ui_tutorial.py for tasks to queue
[2024-07-02T09:13:16.050+0000] {logging_mixin.py:188} INFO - [2024-07-02T09:13:16.050+0000] {dagbag.py:538} INFO - Filling up the DagBag from /home/airflow/.local/lib/python3.8/site-packages/airflow/example_dags/example_params_ui_tutorial.py
[2024-07-02T09:13:16.067+0000] {processor.py:840} INFO - DAG(s) 'example_params_ui_tutorial' retrieved from /home/airflow/.local/lib/python3.8/site-packages/airflow/example_dags/example_params_ui_tutorial.py
[2024-07-02T09:13:16.129+0000] {logging_mixin.py:188} INFO - [2024-07-02T09:13:16.129+0000] {dag.py:3033} INFO - Sync 1 DAGs
[2024-07-02T09:13:16.140+0000] {logging_mixin.py:188} INFO - [2024-07-02T09:13:16.140+0000] {dag.py:3820} INFO - Setting next_dagrun for example_params_ui_tutorial to None, run_after=None
[2024-07-02T09:13:16.157+0000] {processor.py:183} INFO - Processing /home/airflow/.local/lib/python3.8/site-packages/airflow/example_dags/example_params_ui_tutorial.py took 0.115 seconds
[2024-07-02T09:13:46.584+0000] {processor.py:161} INFO - Started process (PID=1118) to work on /home/airflow/.local/lib/python3.8/site-packages/airflow/example_dags/example_params_ui_tutorial.py
[2024-07-02T09:13:46.588+0000] {processor.py:830} INFO - Processing file /home/airflow/.local/lib/python3.8/site-packages/airflow/example_dags/example_params_ui_tutorial.py for tasks to queue
[2024-07-02T09:13:46.591+0000] {logging_mixin.py:188} INFO - [2024-07-02T09:13:46.590+0000] {dagbag.py:538} INFO - Filling up the DagBag from /home/airflow/.local/lib/python3.8/site-packages/airflow/example_dags/example_params_ui_tutorial.py
[2024-07-02T09:13:46.604+0000] {processor.py:840} INFO - DAG(s) 'example_params_ui_tutorial' retrieved from /home/airflow/.local/lib/python3.8/site-packages/airflow/example_dags/example_params_ui_tutorial.py
[2024-07-02T09:13:46.671+0000] {logging_mixin.py:188} INFO - [2024-07-02T09:13:46.671+0000] {dag.py:3033} INFO - Sync 1 DAGs
[2024-07-02T09:13:46.681+0000] {logging_mixin.py:188} INFO - [2024-07-02T09:13:46.681+0000] {dag.py:3820} INFO - Setting next_dagrun for example_params_ui_tutorial to None, run_after=None
[2024-07-02T09:13:46.702+0000] {processor.py:183} INFO - Processing /home/airflow/.local/lib/python3.8/site-packages/airflow/example_dags/example_params_ui_tutorial.py took 0.122 seconds
[2024-07-02T09:14:17.038+0000] {processor.py:161} INFO - Started process (PID=1173) to work on /home/airflow/.local/lib/python3.8/site-packages/airflow/example_dags/example_params_ui_tutorial.py
[2024-07-02T09:14:17.041+0000] {processor.py:830} INFO - Processing file /home/airflow/.local/lib/python3.8/site-packages/airflow/example_dags/example_params_ui_tutorial.py for tasks to queue
[2024-07-02T09:14:17.043+0000] {logging_mixin.py:188} INFO - [2024-07-02T09:14:17.043+0000] {dagbag.py:538} INFO - Filling up the DagBag from /home/airflow/.local/lib/python3.8/site-packages/airflow/example_dags/example_params_ui_tutorial.py
[2024-07-02T09:14:17.053+0000] {processor.py:840} INFO - DAG(s) 'example_params_ui_tutorial' retrieved from /home/airflow/.local/lib/python3.8/site-packages/airflow/example_dags/example_params_ui_tutorial.py
[2024-07-02T09:14:17.124+0000] {logging_mixin.py:188} INFO - [2024-07-02T09:14:17.124+0000] {dag.py:3033} INFO - Sync 1 DAGs
[2024-07-02T09:14:17.135+0000] {logging_mixin.py:188} INFO - [2024-07-02T09:14:17.135+0000] {dag.py:3820} INFO - Setting next_dagrun for example_params_ui_tutorial to None, run_after=None
[2024-07-02T09:14:17.156+0000] {processor.py:183} INFO - Processing /home/airflow/.local/lib/python3.8/site-packages/airflow/example_dags/example_params_ui_tutorial.py took 0.120 seconds
[2024-07-02T09:14:47.518+0000] {processor.py:161} INFO - Started process (PID=1228) to work on /home/airflow/.local/lib/python3.8/site-packages/airflow/example_dags/example_params_ui_tutorial.py
[2024-07-02T09:14:47.518+0000] {processor.py:830} INFO - Processing file /home/airflow/.local/lib/python3.8/site-packages/airflow/example_dags/example_params_ui_tutorial.py for tasks to queue
[2024-07-02T09:14:47.520+0000] {logging_mixin.py:188} INFO - [2024-07-02T09:14:47.520+0000] {dagbag.py:538} INFO - Filling up the DagBag from /home/airflow/.local/lib/python3.8/site-packages/airflow/example_dags/example_params_ui_tutorial.py
[2024-07-02T09:14:47.530+0000] {processor.py:840} INFO - DAG(s) 'example_params_ui_tutorial' retrieved from /home/airflow/.local/lib/python3.8/site-packages/airflow/example_dags/example_params_ui_tutorial.py
[2024-07-02T09:14:47.588+0000] {logging_mixin.py:188} INFO - [2024-07-02T09:14:47.588+0000] {dag.py:3033} INFO - Sync 1 DAGs
[2024-07-02T09:14:47.599+0000] {logging_mixin.py:188} INFO - [2024-07-02T09:14:47.599+0000] {dag.py:3820} INFO - Setting next_dagrun for example_params_ui_tutorial to None, run_after=None
[2024-07-02T09:14:47.616+0000] {processor.py:183} INFO - Processing /home/airflow/.local/lib/python3.8/site-packages/airflow/example_dags/example_params_ui_tutorial.py took 0.101 seconds
[2024-07-02T09:15:17.953+0000] {processor.py:161} INFO - Started process (PID=1283) to work on /home/airflow/.local/lib/python3.8/site-packages/airflow/example_dags/example_params_ui_tutorial.py
[2024-07-02T09:15:17.954+0000] {processor.py:830} INFO - Processing file /home/airflow/.local/lib/python3.8/site-packages/airflow/example_dags/example_params_ui_tutorial.py for tasks to queue
[2024-07-02T09:15:17.956+0000] {logging_mixin.py:188} INFO - [2024-07-02T09:15:17.955+0000] {dagbag.py:538} INFO - Filling up the DagBag from /home/airflow/.local/lib/python3.8/site-packages/airflow/example_dags/example_params_ui_tutorial.py
[2024-07-02T09:15:17.967+0000] {processor.py:840} INFO - DAG(s) 'example_params_ui_tutorial' retrieved from /home/airflow/.local/lib/python3.8/site-packages/airflow/example_dags/example_params_ui_tutorial.py
[2024-07-02T09:15:18.031+0000] {logging_mixin.py:188} INFO - [2024-07-02T09:15:18.031+0000] {dag.py:3033} INFO - Sync 1 DAGs
[2024-07-02T09:15:18.044+0000] {logging_mixin.py:188} INFO - [2024-07-02T09:15:18.044+0000] {dag.py:3820} INFO - Setting next_dagrun for example_params_ui_tutorial to None, run_after=None
[2024-07-02T09:15:18.065+0000] {processor.py:183} INFO - Processing /home/airflow/.local/lib/python3.8/site-packages/airflow/example_dags/example_params_ui_tutorial.py took 0.115 seconds
[2024-07-02T09:15:48.413+0000] {processor.py:161} INFO - Started process (PID=1338) to work on /home/airflow/.local/lib/python3.8/site-packages/airflow/example_dags/example_params_ui_tutorial.py
[2024-07-02T09:15:48.413+0000] {processor.py:830} INFO - Processing file /home/airflow/.local/lib/python3.8/site-packages/airflow/example_dags/example_params_ui_tutorial.py for tasks to queue
[2024-07-02T09:15:48.415+0000] {logging_mixin.py:188} INFO - [2024-07-02T09:15:48.415+0000] {dagbag.py:538} INFO - Filling up the DagBag from /home/airflow/.local/lib/python3.8/site-packages/airflow/example_dags/example_params_ui_tutorial.py
[2024-07-02T09:15:48.425+0000] {processor.py:840} INFO - DAG(s) 'example_params_ui_tutorial' retrieved from /home/airflow/.local/lib/python3.8/site-packages/airflow/example_dags/example_params_ui_tutorial.py
[2024-07-02T09:15:48.479+0000] {logging_mixin.py:188} INFO - [2024-07-02T09:15:48.479+0000] {dag.py:3033} INFO - Sync 1 DAGs
[2024-07-02T09:15:48.490+0000] {logging_mixin.py:188} INFO - [2024-07-02T09:15:48.490+0000] {dag.py:3820} INFO - Setting next_dagrun for example_params_ui_tutorial to None, run_after=None
[2024-07-02T09:15:48.506+0000] {processor.py:183} INFO - Processing /home/airflow/.local/lib/python3.8/site-packages/airflow/example_dags/example_params_ui_tutorial.py took 0.095 seconds
[2024-07-02T09:16:19.169+0000] {processor.py:161} INFO - Started process (PID=1392) to work on /home/airflow/.local/lib/python3.8/site-packages/airflow/example_dags/example_params_ui_tutorial.py
[2024-07-02T09:16:19.169+0000] {processor.py:830} INFO - Processing file /home/airflow/.local/lib/python3.8/site-packages/airflow/example_dags/example_params_ui_tutorial.py for tasks to queue
[2024-07-02T09:16:19.171+0000] {logging_mixin.py:188} INFO - [2024-07-02T09:16:19.171+0000] {dagbag.py:538} INFO - Filling up the DagBag from /home/airflow/.local/lib/python3.8/site-packages/airflow/example_dags/example_params_ui_tutorial.py
[2024-07-02T09:16:19.183+0000] {processor.py:840} INFO - DAG(s) 'example_params_ui_tutorial' retrieved from /home/airflow/.local/lib/python3.8/site-packages/airflow/example_dags/example_params_ui_tutorial.py
[2024-07-02T09:16:19.242+0000] {logging_mixin.py:188} INFO - [2024-07-02T09:16:19.242+0000] {dag.py:3033} INFO - Sync 1 DAGs
[2024-07-02T09:16:19.254+0000] {logging_mixin.py:188} INFO - [2024-07-02T09:16:19.254+0000] {dag.py:3820} INFO - Setting next_dagrun for example_params_ui_tutorial to None, run_after=None
[2024-07-02T09:16:19.271+0000] {processor.py:183} INFO - Processing /home/airflow/.local/lib/python3.8/site-packages/airflow/example_dags/example_params_ui_tutorial.py took 0.106 seconds
[2024-07-02T09:16:49.672+0000] {processor.py:161} INFO - Started process (PID=1447) to work on /home/airflow/.local/lib/python3.8/site-packages/airflow/example_dags/example_params_ui_tutorial.py
[2024-07-02T09:16:49.676+0000] {processor.py:830} INFO - Processing file /home/airflow/.local/lib/python3.8/site-packages/airflow/example_dags/example_params_ui_tutorial.py for tasks to queue
[2024-07-02T09:16:49.678+0000] {logging_mixin.py:188} INFO - [2024-07-02T09:16:49.678+0000] {dagbag.py:538} INFO - Filling up the DagBag from /home/airflow/.local/lib/python3.8/site-packages/airflow/example_dags/example_params_ui_tutorial.py
[2024-07-02T09:16:49.692+0000] {processor.py:840} INFO - DAG(s) 'example_params_ui_tutorial' retrieved from /home/airflow/.local/lib/python3.8/site-packages/airflow/example_dags/example_params_ui_tutorial.py
[2024-07-02T09:16:49.771+0000] {logging_mixin.py:188} INFO - [2024-07-02T09:16:49.770+0000] {dag.py:3033} INFO - Sync 1 DAGs
[2024-07-02T09:16:49.784+0000] {logging_mixin.py:188} INFO - [2024-07-02T09:16:49.784+0000] {dag.py:3820} INFO - Setting next_dagrun for example_params_ui_tutorial to None, run_after=None
[2024-07-02T09:16:49.802+0000] {processor.py:183} INFO - Processing /home/airflow/.local/lib/python3.8/site-packages/airflow/example_dags/example_params_ui_tutorial.py took 0.133 seconds
[2024-07-02T09:17:20.228+0000] {processor.py:161} INFO - Started process (PID=1502) to work on /home/airflow/.local/lib/python3.8/site-packages/airflow/example_dags/example_params_ui_tutorial.py
[2024-07-02T09:17:20.228+0000] {processor.py:830} INFO - Processing file /home/airflow/.local/lib/python3.8/site-packages/airflow/example_dags/example_params_ui_tutorial.py for tasks to queue
[2024-07-02T09:17:20.230+0000] {logging_mixin.py:188} INFO - [2024-07-02T09:17:20.230+0000] {dagbag.py:538} INFO - Filling up the DagBag from /home/airflow/.local/lib/python3.8/site-packages/airflow/example_dags/example_params_ui_tutorial.py
[2024-07-02T09:17:20.241+0000] {processor.py:840} INFO - DAG(s) 'example_params_ui_tutorial' retrieved from /home/airflow/.local/lib/python3.8/site-packages/airflow/example_dags/example_params_ui_tutorial.py
[2024-07-02T09:17:20.307+0000] {logging_mixin.py:188} INFO - [2024-07-02T09:17:20.307+0000] {dag.py:3033} INFO - Sync 1 DAGs
[2024-07-02T09:17:20.318+0000] {logging_mixin.py:188} INFO - [2024-07-02T09:17:20.318+0000] {dag.py:3820} INFO - Setting next_dagrun for example_params_ui_tutorial to None, run_after=None
[2024-07-02T09:17:20.334+0000] {processor.py:183} INFO - Processing /home/airflow/.local/lib/python3.8/site-packages/airflow/example_dags/example_params_ui_tutorial.py took 0.110 seconds
[2024-07-02T09:17:50.542+0000] {processor.py:161} INFO - Started process (PID=1558) to work on /home/airflow/.local/lib/python3.8/site-packages/airflow/example_dags/example_params_ui_tutorial.py
[2024-07-02T09:17:50.543+0000] {processor.py:830} INFO - Processing file /home/airflow/.local/lib/python3.8/site-packages/airflow/example_dags/example_params_ui_tutorial.py for tasks to queue
[2024-07-02T09:17:50.545+0000] {logging_mixin.py:188} INFO - [2024-07-02T09:17:50.545+0000] {dagbag.py:538} INFO - Filling up the DagBag from /home/airflow/.local/lib/python3.8/site-packages/airflow/example_dags/example_params_ui_tutorial.py
[2024-07-02T09:17:50.555+0000] {processor.py:840} INFO - DAG(s) 'example_params_ui_tutorial' retrieved from /home/airflow/.local/lib/python3.8/site-packages/airflow/example_dags/example_params_ui_tutorial.py
[2024-07-02T09:17:50.614+0000] {logging_mixin.py:188} INFO - [2024-07-02T09:17:50.614+0000] {dag.py:3033} INFO - Sync 1 DAGs
[2024-07-02T09:17:50.625+0000] {logging_mixin.py:188} INFO - [2024-07-02T09:17:50.625+0000] {dag.py:3820} INFO - Setting next_dagrun for example_params_ui_tutorial to None, run_after=None
[2024-07-02T09:17:50.642+0000] {processor.py:183} INFO - Processing /home/airflow/.local/lib/python3.8/site-packages/airflow/example_dags/example_params_ui_tutorial.py took 0.103 seconds
[2024-07-02T09:18:21.159+0000] {processor.py:161} INFO - Started process (PID=1613) to work on /home/airflow/.local/lib/python3.8/site-packages/airflow/example_dags/example_params_ui_tutorial.py
[2024-07-02T09:18:21.162+0000] {processor.py:830} INFO - Processing file /home/airflow/.local/lib/python3.8/site-packages/airflow/example_dags/example_params_ui_tutorial.py for tasks to queue
[2024-07-02T09:18:21.164+0000] {logging_mixin.py:188} INFO - [2024-07-02T09:18:21.163+0000] {dagbag.py:538} INFO - Filling up the DagBag from /home/airflow/.local/lib/python3.8/site-packages/airflow/example_dags/example_params_ui_tutorial.py
[2024-07-02T09:18:21.174+0000] {processor.py:840} INFO - DAG(s) 'example_params_ui_tutorial' retrieved from /home/airflow/.local/lib/python3.8/site-packages/airflow/example_dags/example_params_ui_tutorial.py
[2024-07-02T09:18:21.233+0000] {logging_mixin.py:188} INFO - [2024-07-02T09:18:21.233+0000] {dag.py:3033} INFO - Sync 1 DAGs
[2024-07-02T09:18:21.244+0000] {logging_mixin.py:188} INFO - [2024-07-02T09:18:21.244+0000] {dag.py:3820} INFO - Setting next_dagrun for example_params_ui_tutorial to None, run_after=None
[2024-07-02T09:18:21.261+0000] {processor.py:183} INFO - Processing /home/airflow/.local/lib/python3.8/site-packages/airflow/example_dags/example_params_ui_tutorial.py took 0.105 seconds
[2024-07-02T09:18:51.671+0000] {processor.py:161} INFO - Started process (PID=1668) to work on /home/airflow/.local/lib/python3.8/site-packages/airflow/example_dags/example_params_ui_tutorial.py
[2024-07-02T09:18:51.671+0000] {processor.py:830} INFO - Processing file /home/airflow/.local/lib/python3.8/site-packages/airflow/example_dags/example_params_ui_tutorial.py for tasks to queue
[2024-07-02T09:18:51.673+0000] {logging_mixin.py:188} INFO - [2024-07-02T09:18:51.673+0000] {dagbag.py:538} INFO - Filling up the DagBag from /home/airflow/.local/lib/python3.8/site-packages/airflow/example_dags/example_params_ui_tutorial.py
[2024-07-02T09:18:51.684+0000] {processor.py:840} INFO - DAG(s) 'example_params_ui_tutorial' retrieved from /home/airflow/.local/lib/python3.8/site-packages/airflow/example_dags/example_params_ui_tutorial.py
[2024-07-02T09:18:51.770+0000] {logging_mixin.py:188} INFO - [2024-07-02T09:18:51.769+0000] {dag.py:3033} INFO - Sync 1 DAGs
[2024-07-02T09:18:51.780+0000] {logging_mixin.py:188} INFO - [2024-07-02T09:18:51.780+0000] {dag.py:3820} INFO - Setting next_dagrun for example_params_ui_tutorial to None, run_after=None
[2024-07-02T09:18:51.800+0000] {processor.py:183} INFO - Processing /home/airflow/.local/lib/python3.8/site-packages/airflow/example_dags/example_params_ui_tutorial.py took 0.133 seconds
[2024-07-02T09:19:22.073+0000] {processor.py:161} INFO - Started process (PID=1723) to work on /home/airflow/.local/lib/python3.8/site-packages/airflow/example_dags/example_params_ui_tutorial.py
[2024-07-02T09:19:22.074+0000] {processor.py:830} INFO - Processing file /home/airflow/.local/lib/python3.8/site-packages/airflow/example_dags/example_params_ui_tutorial.py for tasks to queue
[2024-07-02T09:19:22.076+0000] {logging_mixin.py:188} INFO - [2024-07-02T09:19:22.075+0000] {dagbag.py:538} INFO - Filling up the DagBag from /home/airflow/.local/lib/python3.8/site-packages/airflow/example_dags/example_params_ui_tutorial.py
[2024-07-02T09:19:22.090+0000] {processor.py:840} INFO - DAG(s) 'example_params_ui_tutorial' retrieved from /home/airflow/.local/lib/python3.8/site-packages/airflow/example_dags/example_params_ui_tutorial.py
[2024-07-02T09:19:22.180+0000] {logging_mixin.py:188} INFO - [2024-07-02T09:19:22.180+0000] {dag.py:3033} INFO - Sync 1 DAGs
[2024-07-02T09:19:22.202+0000] {logging_mixin.py:188} INFO - [2024-07-02T09:19:22.202+0000] {dag.py:3820} INFO - Setting next_dagrun for example_params_ui_tutorial to None, run_after=None
[2024-07-02T09:19:22.235+0000] {processor.py:183} INFO - Processing /home/airflow/.local/lib/python3.8/site-packages/airflow/example_dags/example_params_ui_tutorial.py took 0.166 seconds
[2024-07-02T09:19:52.375+0000] {processor.py:161} INFO - Started process (PID=1777) to work on /home/airflow/.local/lib/python3.8/site-packages/airflow/example_dags/example_params_ui_tutorial.py
[2024-07-02T09:19:52.376+0000] {processor.py:830} INFO - Processing file /home/airflow/.local/lib/python3.8/site-packages/airflow/example_dags/example_params_ui_tutorial.py for tasks to queue
[2024-07-02T09:19:52.377+0000] {logging_mixin.py:188} INFO - [2024-07-02T09:19:52.377+0000] {dagbag.py:538} INFO - Filling up the DagBag from /home/airflow/.local/lib/python3.8/site-packages/airflow/example_dags/example_params_ui_tutorial.py
[2024-07-02T09:19:52.388+0000] {processor.py:840} INFO - DAG(s) 'example_params_ui_tutorial' retrieved from /home/airflow/.local/lib/python3.8/site-packages/airflow/example_dags/example_params_ui_tutorial.py
[2024-07-02T09:19:52.448+0000] {logging_mixin.py:188} INFO - [2024-07-02T09:19:52.447+0000] {dag.py:3033} INFO - Sync 1 DAGs
[2024-07-02T09:19:52.463+0000] {logging_mixin.py:188} INFO - [2024-07-02T09:19:52.463+0000] {dag.py:3820} INFO - Setting next_dagrun for example_params_ui_tutorial to None, run_after=None
[2024-07-02T09:19:52.480+0000] {processor.py:183} INFO - Processing /home/airflow/.local/lib/python3.8/site-packages/airflow/example_dags/example_params_ui_tutorial.py took 0.108 seconds
[2024-07-02T09:20:22.977+0000] {processor.py:161} INFO - Started process (PID=1831) to work on /home/airflow/.local/lib/python3.8/site-packages/airflow/example_dags/example_params_ui_tutorial.py
[2024-07-02T09:20:22.980+0000] {processor.py:830} INFO - Processing file /home/airflow/.local/lib/python3.8/site-packages/airflow/example_dags/example_params_ui_tutorial.py for tasks to queue
[2024-07-02T09:20:22.982+0000] {logging_mixin.py:188} INFO - [2024-07-02T09:20:22.982+0000] {dagbag.py:538} INFO - Filling up the DagBag from /home/airflow/.local/lib/python3.8/site-packages/airflow/example_dags/example_params_ui_tutorial.py
[2024-07-02T09:20:22.993+0000] {processor.py:840} INFO - DAG(s) 'example_params_ui_tutorial' retrieved from /home/airflow/.local/lib/python3.8/site-packages/airflow/example_dags/example_params_ui_tutorial.py
[2024-07-02T09:20:23.052+0000] {logging_mixin.py:188} INFO - [2024-07-02T09:20:23.052+0000] {dag.py:3033} INFO - Sync 1 DAGs
[2024-07-02T09:20:23.064+0000] {logging_mixin.py:188} INFO - [2024-07-02T09:20:23.064+0000] {dag.py:3820} INFO - Setting next_dagrun for example_params_ui_tutorial to None, run_after=None
[2024-07-02T09:20:23.081+0000] {processor.py:183} INFO - Processing /home/airflow/.local/lib/python3.8/site-packages/airflow/example_dags/example_params_ui_tutorial.py took 0.108 seconds
[2024-07-02T09:20:53.658+0000] {processor.py:161} INFO - Started process (PID=1886) to work on /home/airflow/.local/lib/python3.8/site-packages/airflow/example_dags/example_params_ui_tutorial.py
[2024-07-02T09:20:53.658+0000] {processor.py:830} INFO - Processing file /home/airflow/.local/lib/python3.8/site-packages/airflow/example_dags/example_params_ui_tutorial.py for tasks to queue
[2024-07-02T09:20:53.660+0000] {logging_mixin.py:188} INFO - [2024-07-02T09:20:53.660+0000] {dagbag.py:538} INFO - Filling up the DagBag from /home/airflow/.local/lib/python3.8/site-packages/airflow/example_dags/example_params_ui_tutorial.py
[2024-07-02T09:20:53.671+0000] {processor.py:840} INFO - DAG(s) 'example_params_ui_tutorial' retrieved from /home/airflow/.local/lib/python3.8/site-packages/airflow/example_dags/example_params_ui_tutorial.py
[2024-07-02T09:20:53.729+0000] {logging_mixin.py:188} INFO - [2024-07-02T09:20:53.729+0000] {dag.py:3033} INFO - Sync 1 DAGs
[2024-07-02T09:20:53.741+0000] {logging_mixin.py:188} INFO - [2024-07-02T09:20:53.741+0000] {dag.py:3820} INFO - Setting next_dagrun for example_params_ui_tutorial to None, run_after=None
[2024-07-02T09:20:53.758+0000] {processor.py:183} INFO - Processing /home/airflow/.local/lib/python3.8/site-packages/airflow/example_dags/example_params_ui_tutorial.py took 0.103 seconds
[2024-07-02T09:21:23.808+0000] {processor.py:161} INFO - Started process (PID=1941) to work on /home/airflow/.local/lib/python3.8/site-packages/airflow/example_dags/example_params_ui_tutorial.py
[2024-07-02T09:21:23.812+0000] {processor.py:830} INFO - Processing file /home/airflow/.local/lib/python3.8/site-packages/airflow/example_dags/example_params_ui_tutorial.py for tasks to queue
[2024-07-02T09:21:23.815+0000] {logging_mixin.py:188} INFO - [2024-07-02T09:21:23.815+0000] {dagbag.py:538} INFO - Filling up the DagBag from /home/airflow/.local/lib/python3.8/site-packages/airflow/example_dags/example_params_ui_tutorial.py
[2024-07-02T09:21:23.836+0000] {processor.py:840} INFO - DAG(s) 'example_params_ui_tutorial' retrieved from /home/airflow/.local/lib/python3.8/site-packages/airflow/example_dags/example_params_ui_tutorial.py
[2024-07-02T09:21:23.929+0000] {logging_mixin.py:188} INFO - [2024-07-02T09:21:23.928+0000] {dag.py:3033} INFO - Sync 1 DAGs
[2024-07-02T09:21:23.948+0000] {logging_mixin.py:188} INFO - [2024-07-02T09:21:23.947+0000] {dag.py:3820} INFO - Setting next_dagrun for example_params_ui_tutorial to None, run_after=None
[2024-07-02T09:21:23.969+0000] {processor.py:183} INFO - Processing /home/airflow/.local/lib/python3.8/site-packages/airflow/example_dags/example_params_ui_tutorial.py took 0.166 seconds
[2024-07-02T09:21:54.438+0000] {processor.py:161} INFO - Started process (PID=1995) to work on /home/airflow/.local/lib/python3.8/site-packages/airflow/example_dags/example_params_ui_tutorial.py
[2024-07-02T09:21:54.439+0000] {processor.py:830} INFO - Processing file /home/airflow/.local/lib/python3.8/site-packages/airflow/example_dags/example_params_ui_tutorial.py for tasks to queue
[2024-07-02T09:21:54.441+0000] {logging_mixin.py:188} INFO - [2024-07-02T09:21:54.441+0000] {dagbag.py:538} INFO - Filling up the DagBag from /home/airflow/.local/lib/python3.8/site-packages/airflow/example_dags/example_params_ui_tutorial.py
[2024-07-02T09:21:54.455+0000] {processor.py:840} INFO - DAG(s) 'example_params_ui_tutorial' retrieved from /home/airflow/.local/lib/python3.8/site-packages/airflow/example_dags/example_params_ui_tutorial.py
[2024-07-02T09:21:54.538+0000] {logging_mixin.py:188} INFO - [2024-07-02T09:21:54.538+0000] {dag.py:3033} INFO - Sync 1 DAGs
[2024-07-02T09:21:54.553+0000] {logging_mixin.py:188} INFO - [2024-07-02T09:21:54.553+0000] {dag.py:3820} INFO - Setting next_dagrun for example_params_ui_tutorial to None, run_after=None
[2024-07-02T09:21:54.575+0000] {processor.py:183} INFO - Processing /home/airflow/.local/lib/python3.8/site-packages/airflow/example_dags/example_params_ui_tutorial.py took 0.140 seconds
[2024-07-02T09:22:24.624+0000] {processor.py:161} INFO - Started process (PID=2050) to work on /home/airflow/.local/lib/python3.8/site-packages/airflow/example_dags/example_params_ui_tutorial.py
[2024-07-02T09:22:24.625+0000] {processor.py:830} INFO - Processing file /home/airflow/.local/lib/python3.8/site-packages/airflow/example_dags/example_params_ui_tutorial.py for tasks to queue
[2024-07-02T09:22:24.627+0000] {logging_mixin.py:188} INFO - [2024-07-02T09:22:24.627+0000] {dagbag.py:538} INFO - Filling up the DagBag from /home/airflow/.local/lib/python3.8/site-packages/airflow/example_dags/example_params_ui_tutorial.py
[2024-07-02T09:22:24.637+0000] {processor.py:840} INFO - DAG(s) 'example_params_ui_tutorial' retrieved from /home/airflow/.local/lib/python3.8/site-packages/airflow/example_dags/example_params_ui_tutorial.py
[2024-07-02T09:22:24.695+0000] {logging_mixin.py:188} INFO - [2024-07-02T09:22:24.695+0000] {dag.py:3033} INFO - Sync 1 DAGs
[2024-07-02T09:22:24.705+0000] {logging_mixin.py:188} INFO - [2024-07-02T09:22:24.705+0000] {dag.py:3820} INFO - Setting next_dagrun for example_params_ui_tutorial to None, run_after=None
[2024-07-02T09:22:24.722+0000] {processor.py:183} INFO - Processing /home/airflow/.local/lib/python3.8/site-packages/airflow/example_dags/example_params_ui_tutorial.py took 0.100 seconds
[2024-07-02T09:22:54.914+0000] {processor.py:161} INFO - Started process (PID=2105) to work on /home/airflow/.local/lib/python3.8/site-packages/airflow/example_dags/example_params_ui_tutorial.py
[2024-07-02T09:22:54.915+0000] {processor.py:830} INFO - Processing file /home/airflow/.local/lib/python3.8/site-packages/airflow/example_dags/example_params_ui_tutorial.py for tasks to queue
[2024-07-02T09:22:54.918+0000] {logging_mixin.py:188} INFO - [2024-07-02T09:22:54.918+0000] {dagbag.py:538} INFO - Filling up the DagBag from /home/airflow/.local/lib/python3.8/site-packages/airflow/example_dags/example_params_ui_tutorial.py
[2024-07-02T09:22:54.932+0000] {processor.py:840} INFO - DAG(s) 'example_params_ui_tutorial' retrieved from /home/airflow/.local/lib/python3.8/site-packages/airflow/example_dags/example_params_ui_tutorial.py
[2024-07-02T09:22:55.002+0000] {logging_mixin.py:188} INFO - [2024-07-02T09:22:55.002+0000] {dag.py:3033} INFO - Sync 1 DAGs
[2024-07-02T09:22:55.013+0000] {logging_mixin.py:188} INFO - [2024-07-02T09:22:55.013+0000] {dag.py:3820} INFO - Setting next_dagrun for example_params_ui_tutorial to None, run_after=None
[2024-07-02T09:22:55.030+0000] {processor.py:183} INFO - Processing /home/airflow/.local/lib/python3.8/site-packages/airflow/example_dags/example_params_ui_tutorial.py took 0.119 seconds
[2024-07-02T09:23:25.375+0000] {processor.py:161} INFO - Started process (PID=2160) to work on /home/airflow/.local/lib/python3.8/site-packages/airflow/example_dags/example_params_ui_tutorial.py
[2024-07-02T09:23:25.376+0000] {processor.py:830} INFO - Processing file /home/airflow/.local/lib/python3.8/site-packages/airflow/example_dags/example_params_ui_tutorial.py for tasks to queue
[2024-07-02T09:23:25.378+0000] {logging_mixin.py:188} INFO - [2024-07-02T09:23:25.378+0000] {dagbag.py:538} INFO - Filling up the DagBag from /home/airflow/.local/lib/python3.8/site-packages/airflow/example_dags/example_params_ui_tutorial.py
[2024-07-02T09:23:25.395+0000] {processor.py:840} INFO - DAG(s) 'example_params_ui_tutorial' retrieved from /home/airflow/.local/lib/python3.8/site-packages/airflow/example_dags/example_params_ui_tutorial.py
[2024-07-02T09:23:25.535+0000] {logging_mixin.py:188} INFO - [2024-07-02T09:23:25.534+0000] {dag.py:3033} INFO - Sync 1 DAGs
[2024-07-02T09:23:25.560+0000] {logging_mixin.py:188} INFO - [2024-07-02T09:23:25.560+0000] {dag.py:3820} INFO - Setting next_dagrun for example_params_ui_tutorial to None, run_after=None
[2024-07-02T09:23:25.591+0000] {processor.py:183} INFO - Processing /home/airflow/.local/lib/python3.8/site-packages/airflow/example_dags/example_params_ui_tutorial.py took 0.220 seconds
[2024-07-02T09:23:55.673+0000] {processor.py:161} INFO - Started process (PID=2216) to work on /home/airflow/.local/lib/python3.8/site-packages/airflow/example_dags/example_params_ui_tutorial.py
[2024-07-02T09:23:55.674+0000] {processor.py:830} INFO - Processing file /home/airflow/.local/lib/python3.8/site-packages/airflow/example_dags/example_params_ui_tutorial.py for tasks to queue
[2024-07-02T09:23:55.675+0000] {logging_mixin.py:188} INFO - [2024-07-02T09:23:55.675+0000] {dagbag.py:538} INFO - Filling up the DagBag from /home/airflow/.local/lib/python3.8/site-packages/airflow/example_dags/example_params_ui_tutorial.py
[2024-07-02T09:23:55.686+0000] {processor.py:840} INFO - DAG(s) 'example_params_ui_tutorial' retrieved from /home/airflow/.local/lib/python3.8/site-packages/airflow/example_dags/example_params_ui_tutorial.py
[2024-07-02T09:23:55.744+0000] {logging_mixin.py:188} INFO - [2024-07-02T09:23:55.744+0000] {dag.py:3033} INFO - Sync 1 DAGs
[2024-07-02T09:23:55.755+0000] {logging_mixin.py:188} INFO - [2024-07-02T09:23:55.754+0000] {dag.py:3820} INFO - Setting next_dagrun for example_params_ui_tutorial to None, run_after=None
[2024-07-02T09:23:55.769+0000] {processor.py:183} INFO - Processing /home/airflow/.local/lib/python3.8/site-packages/airflow/example_dags/example_params_ui_tutorial.py took 0.099 seconds
