[2024-07-02T09:04:04.707+0000] {processor.py:161} INFO - Started process (PID=77) to work on /home/airflow/.local/lib/python3.8/site-packages/airflow/example_dags/example_setup_teardown.py
[2024-07-02T09:04:04.708+0000] {processor.py:830} INFO - Processing file /home/airflow/.local/lib/python3.8/site-packages/airflow/example_dags/example_setup_teardown.py for tasks to queue
[2024-07-02T09:04:04.710+0000] {logging_mixin.py:188} INFO - [2024-07-02T09:04:04.710+0000] {dagbag.py:538} INFO - Filling up the DagBag from /home/airflow/.local/lib/python3.8/site-packages/airflow/example_dags/example_setup_teardown.py
[2024-07-02T09:04:04.721+0000] {processor.py:840} INFO - DAG(s) 'example_setup_teardown' retrieved from /home/airflow/.local/lib/python3.8/site-packages/airflow/example_dags/example_setup_teardown.py
[2024-07-02T09:04:04.840+0000] {logging_mixin.py:188} INFO - [2024-07-02T09:04:04.839+0000] {override.py:1769} INFO - Created Permission View: can edit on DAG:example_setup_teardown
[2024-07-02T09:04:04.855+0000] {logging_mixin.py:188} INFO - [2024-07-02T09:04:04.855+0000] {override.py:1769} INFO - Created Permission View: can delete on DAG:example_setup_teardown
[2024-07-02T09:04:04.868+0000] {logging_mixin.py:188} INFO - [2024-07-02T09:04:04.867+0000] {override.py:1769} INFO - Created Permission View: can read on DAG:example_setup_teardown
[2024-07-02T09:04:04.868+0000] {logging_mixin.py:188} INFO - [2024-07-02T09:04:04.868+0000] {dag.py:3033} INFO - Sync 1 DAGs
[2024-07-02T09:04:04.890+0000] {logging_mixin.py:188} INFO - [2024-07-02T09:04:04.890+0000] {dag.py:3055} INFO - Creating ORM DAG for example_setup_teardown
[2024-07-02T09:04:04.912+0000] {logging_mixin.py:188} INFO - [2024-07-02T09:04:04.912+0000] {dag.py:3820} INFO - Setting next_dagrun for example_setup_teardown to 2024-07-01T00:00:00+00:00, run_after=2024-07-02T00:00:00+00:00
[2024-07-02T09:04:04.947+0000] {processor.py:183} INFO - Processing /home/airflow/.local/lib/python3.8/site-packages/airflow/example_dags/example_setup_teardown.py took 0.243 seconds
[2024-07-02T09:04:35.786+0000] {processor.py:161} INFO - Started process (PID=131) to work on /home/airflow/.local/lib/python3.8/site-packages/airflow/example_dags/example_setup_teardown.py
[2024-07-02T09:04:35.788+0000] {processor.py:830} INFO - Processing file /home/airflow/.local/lib/python3.8/site-packages/airflow/example_dags/example_setup_teardown.py for tasks to queue
[2024-07-02T09:04:35.790+0000] {logging_mixin.py:188} INFO - [2024-07-02T09:04:35.790+0000] {dagbag.py:538} INFO - Filling up the DagBag from /home/airflow/.local/lib/python3.8/site-packages/airflow/example_dags/example_setup_teardown.py
[2024-07-02T09:04:35.800+0000] {processor.py:840} INFO - DAG(s) 'example_setup_teardown' retrieved from /home/airflow/.local/lib/python3.8/site-packages/airflow/example_dags/example_setup_teardown.py
[2024-07-02T09:04:35.825+0000] {logging_mixin.py:188} INFO - [2024-07-02T09:04:35.825+0000] {dag.py:3033} INFO - Sync 1 DAGs
[2024-07-02T09:04:35.855+0000] {logging_mixin.py:188} INFO - [2024-07-02T09:04:35.855+0000] {dag.py:3820} INFO - Setting next_dagrun for example_setup_teardown to 2024-07-01T00:00:00+00:00, run_after=2024-07-02T00:00:00+00:00
[2024-07-02T09:04:35.879+0000] {processor.py:183} INFO - Processing /home/airflow/.local/lib/python3.8/site-packages/airflow/example_dags/example_setup_teardown.py took 0.096 seconds
[2024-07-02T09:05:05.947+0000] {processor.py:161} INFO - Started process (PID=187) to work on /home/airflow/.local/lib/python3.8/site-packages/airflow/example_dags/example_setup_teardown.py
[2024-07-02T09:05:05.947+0000] {processor.py:830} INFO - Processing file /home/airflow/.local/lib/python3.8/site-packages/airflow/example_dags/example_setup_teardown.py for tasks to queue
[2024-07-02T09:05:05.949+0000] {logging_mixin.py:188} INFO - [2024-07-02T09:05:05.949+0000] {dagbag.py:538} INFO - Filling up the DagBag from /home/airflow/.local/lib/python3.8/site-packages/airflow/example_dags/example_setup_teardown.py
[2024-07-02T09:05:05.955+0000] {processor.py:840} INFO - DAG(s) 'example_setup_teardown' retrieved from /home/airflow/.local/lib/python3.8/site-packages/airflow/example_dags/example_setup_teardown.py
[2024-07-02T09:05:05.973+0000] {logging_mixin.py:188} INFO - [2024-07-02T09:05:05.973+0000] {dag.py:3033} INFO - Sync 1 DAGs
[2024-07-02T09:05:05.995+0000] {logging_mixin.py:188} INFO - [2024-07-02T09:05:05.994+0000] {dag.py:3820} INFO - Setting next_dagrun for example_setup_teardown to 2024-07-01T00:00:00+00:00, run_after=2024-07-02T00:00:00+00:00
[2024-07-02T09:05:06.012+0000] {processor.py:183} INFO - Processing /home/airflow/.local/lib/python3.8/site-packages/airflow/example_dags/example_setup_teardown.py took 0.068 seconds
[2024-07-02T09:05:36.099+0000] {processor.py:161} INFO - Started process (PID=242) to work on /home/airflow/.local/lib/python3.8/site-packages/airflow/example_dags/example_setup_teardown.py
[2024-07-02T09:05:36.100+0000] {processor.py:830} INFO - Processing file /home/airflow/.local/lib/python3.8/site-packages/airflow/example_dags/example_setup_teardown.py for tasks to queue
[2024-07-02T09:05:36.101+0000] {logging_mixin.py:188} INFO - [2024-07-02T09:05:36.101+0000] {dagbag.py:538} INFO - Filling up the DagBag from /home/airflow/.local/lib/python3.8/site-packages/airflow/example_dags/example_setup_teardown.py
[2024-07-02T09:05:36.107+0000] {processor.py:840} INFO - DAG(s) 'example_setup_teardown' retrieved from /home/airflow/.local/lib/python3.8/site-packages/airflow/example_dags/example_setup_teardown.py
[2024-07-02T09:05:36.125+0000] {logging_mixin.py:188} INFO - [2024-07-02T09:05:36.125+0000] {dag.py:3033} INFO - Sync 1 DAGs
[2024-07-02T09:05:36.146+0000] {logging_mixin.py:188} INFO - [2024-07-02T09:05:36.146+0000] {dag.py:3820} INFO - Setting next_dagrun for example_setup_teardown to 2024-07-01T00:00:00+00:00, run_after=2024-07-02T00:00:00+00:00
[2024-07-02T09:05:36.164+0000] {processor.py:183} INFO - Processing /home/airflow/.local/lib/python3.8/site-packages/airflow/example_dags/example_setup_teardown.py took 0.067 seconds
[2024-07-02T09:06:06.952+0000] {processor.py:161} INFO - Started process (PID=297) to work on /home/airflow/.local/lib/python3.8/site-packages/airflow/example_dags/example_setup_teardown.py
[2024-07-02T09:06:06.953+0000] {processor.py:830} INFO - Processing file /home/airflow/.local/lib/python3.8/site-packages/airflow/example_dags/example_setup_teardown.py for tasks to queue
[2024-07-02T09:06:06.955+0000] {logging_mixin.py:188} INFO - [2024-07-02T09:06:06.954+0000] {dagbag.py:538} INFO - Filling up the DagBag from /home/airflow/.local/lib/python3.8/site-packages/airflow/example_dags/example_setup_teardown.py
[2024-07-02T09:06:06.960+0000] {processor.py:840} INFO - DAG(s) 'example_setup_teardown' retrieved from /home/airflow/.local/lib/python3.8/site-packages/airflow/example_dags/example_setup_teardown.py
[2024-07-02T09:06:06.980+0000] {logging_mixin.py:188} INFO - [2024-07-02T09:06:06.980+0000] {dag.py:3033} INFO - Sync 1 DAGs
[2024-07-02T09:06:07.002+0000] {logging_mixin.py:188} INFO - [2024-07-02T09:06:07.001+0000] {dag.py:3820} INFO - Setting next_dagrun for example_setup_teardown to 2024-07-01T00:00:00+00:00, run_after=2024-07-02T00:00:00+00:00
[2024-07-02T09:06:07.018+0000] {processor.py:183} INFO - Processing /home/airflow/.local/lib/python3.8/site-packages/airflow/example_dags/example_setup_teardown.py took 0.068 seconds
[2024-07-02T09:06:37.818+0000] {processor.py:161} INFO - Started process (PID=351) to work on /home/airflow/.local/lib/python3.8/site-packages/airflow/example_dags/example_setup_teardown.py
[2024-07-02T09:06:37.819+0000] {processor.py:830} INFO - Processing file /home/airflow/.local/lib/python3.8/site-packages/airflow/example_dags/example_setup_teardown.py for tasks to queue
[2024-07-02T09:06:37.822+0000] {logging_mixin.py:188} INFO - [2024-07-02T09:06:37.822+0000] {dagbag.py:538} INFO - Filling up the DagBag from /home/airflow/.local/lib/python3.8/site-packages/airflow/example_dags/example_setup_teardown.py
[2024-07-02T09:06:37.830+0000] {processor.py:840} INFO - DAG(s) 'example_setup_teardown' retrieved from /home/airflow/.local/lib/python3.8/site-packages/airflow/example_dags/example_setup_teardown.py
[2024-07-02T09:06:37.856+0000] {logging_mixin.py:188} INFO - [2024-07-02T09:06:37.856+0000] {dag.py:3033} INFO - Sync 1 DAGs
[2024-07-02T09:06:37.880+0000] {logging_mixin.py:188} INFO - [2024-07-02T09:06:37.880+0000] {dag.py:3820} INFO - Setting next_dagrun for example_setup_teardown to 2024-07-01T00:00:00+00:00, run_after=2024-07-02T00:00:00+00:00
[2024-07-02T09:06:38.037+0000] {processor.py:183} INFO - Processing /home/airflow/.local/lib/python3.8/site-packages/airflow/example_dags/example_setup_teardown.py took 0.224 seconds
[2024-07-02T09:07:08.954+0000] {processor.py:161} INFO - Started process (PID=406) to work on /home/airflow/.local/lib/python3.8/site-packages/airflow/example_dags/example_setup_teardown.py
[2024-07-02T09:07:08.955+0000] {processor.py:830} INFO - Processing file /home/airflow/.local/lib/python3.8/site-packages/airflow/example_dags/example_setup_teardown.py for tasks to queue
[2024-07-02T09:07:08.956+0000] {logging_mixin.py:188} INFO - [2024-07-02T09:07:08.956+0000] {dagbag.py:538} INFO - Filling up the DagBag from /home/airflow/.local/lib/python3.8/site-packages/airflow/example_dags/example_setup_teardown.py
[2024-07-02T09:07:08.962+0000] {processor.py:840} INFO - DAG(s) 'example_setup_teardown' retrieved from /home/airflow/.local/lib/python3.8/site-packages/airflow/example_dags/example_setup_teardown.py
[2024-07-02T09:07:08.979+0000] {logging_mixin.py:188} INFO - [2024-07-02T09:07:08.979+0000] {dag.py:3033} INFO - Sync 1 DAGs
[2024-07-02T09:07:08.998+0000] {logging_mixin.py:188} INFO - [2024-07-02T09:07:08.998+0000] {dag.py:3820} INFO - Setting next_dagrun for example_setup_teardown to 2024-07-01T00:00:00+00:00, run_after=2024-07-02T00:00:00+00:00
[2024-07-02T09:07:09.014+0000] {processor.py:183} INFO - Processing /home/airflow/.local/lib/python3.8/site-packages/airflow/example_dags/example_setup_teardown.py took 0.062 seconds
[2024-07-02T09:07:39.486+0000] {processor.py:161} INFO - Started process (PID=461) to work on /home/airflow/.local/lib/python3.8/site-packages/airflow/example_dags/example_setup_teardown.py
[2024-07-02T09:07:39.486+0000] {processor.py:830} INFO - Processing file /home/airflow/.local/lib/python3.8/site-packages/airflow/example_dags/example_setup_teardown.py for tasks to queue
[2024-07-02T09:07:39.489+0000] {logging_mixin.py:188} INFO - [2024-07-02T09:07:39.488+0000] {dagbag.py:538} INFO - Filling up the DagBag from /home/airflow/.local/lib/python3.8/site-packages/airflow/example_dags/example_setup_teardown.py
[2024-07-02T09:07:39.496+0000] {processor.py:840} INFO - DAG(s) 'example_setup_teardown' retrieved from /home/airflow/.local/lib/python3.8/site-packages/airflow/example_dags/example_setup_teardown.py
[2024-07-02T09:07:39.516+0000] {logging_mixin.py:188} INFO - [2024-07-02T09:07:39.516+0000] {dag.py:3033} INFO - Sync 1 DAGs
[2024-07-02T09:07:39.538+0000] {logging_mixin.py:188} INFO - [2024-07-02T09:07:39.538+0000] {dag.py:3820} INFO - Setting next_dagrun for example_setup_teardown to 2024-07-01T00:00:00+00:00, run_after=2024-07-02T00:00:00+00:00
[2024-07-02T09:07:39.557+0000] {processor.py:183} INFO - Processing /home/airflow/.local/lib/python3.8/site-packages/airflow/example_dags/example_setup_teardown.py took 0.075 seconds
[2024-07-02T09:08:10.141+0000] {processor.py:161} INFO - Started process (PID=516) to work on /home/airflow/.local/lib/python3.8/site-packages/airflow/example_dags/example_setup_teardown.py
[2024-07-02T09:08:10.142+0000] {processor.py:830} INFO - Processing file /home/airflow/.local/lib/python3.8/site-packages/airflow/example_dags/example_setup_teardown.py for tasks to queue
[2024-07-02T09:08:10.144+0000] {logging_mixin.py:188} INFO - [2024-07-02T09:08:10.144+0000] {dagbag.py:538} INFO - Filling up the DagBag from /home/airflow/.local/lib/python3.8/site-packages/airflow/example_dags/example_setup_teardown.py
[2024-07-02T09:08:10.152+0000] {processor.py:840} INFO - DAG(s) 'example_setup_teardown' retrieved from /home/airflow/.local/lib/python3.8/site-packages/airflow/example_dags/example_setup_teardown.py
[2024-07-02T09:08:10.174+0000] {logging_mixin.py:188} INFO - [2024-07-02T09:08:10.174+0000] {dag.py:3033} INFO - Sync 1 DAGs
[2024-07-02T09:08:10.195+0000] {logging_mixin.py:188} INFO - [2024-07-02T09:08:10.195+0000] {dag.py:3820} INFO - Setting next_dagrun for example_setup_teardown to 2024-07-01T00:00:00+00:00, run_after=2024-07-02T00:00:00+00:00
[2024-07-02T09:08:10.214+0000] {processor.py:183} INFO - Processing /home/airflow/.local/lib/python3.8/site-packages/airflow/example_dags/example_setup_teardown.py took 0.077 seconds
[2024-07-02T09:08:40.678+0000] {processor.py:161} INFO - Started process (PID=571) to work on /home/airflow/.local/lib/python3.8/site-packages/airflow/example_dags/example_setup_teardown.py
[2024-07-02T09:08:40.679+0000] {processor.py:830} INFO - Processing file /home/airflow/.local/lib/python3.8/site-packages/airflow/example_dags/example_setup_teardown.py for tasks to queue
[2024-07-02T09:08:40.681+0000] {logging_mixin.py:188} INFO - [2024-07-02T09:08:40.681+0000] {dagbag.py:538} INFO - Filling up the DagBag from /home/airflow/.local/lib/python3.8/site-packages/airflow/example_dags/example_setup_teardown.py
[2024-07-02T09:08:40.689+0000] {processor.py:840} INFO - DAG(s) 'example_setup_teardown' retrieved from /home/airflow/.local/lib/python3.8/site-packages/airflow/example_dags/example_setup_teardown.py
[2024-07-02T09:08:40.713+0000] {logging_mixin.py:188} INFO - [2024-07-02T09:08:40.712+0000] {dag.py:3033} INFO - Sync 1 DAGs
[2024-07-02T09:08:40.740+0000] {logging_mixin.py:188} INFO - [2024-07-02T09:08:40.739+0000] {dag.py:3820} INFO - Setting next_dagrun for example_setup_teardown to 2024-07-01T00:00:00+00:00, run_after=2024-07-02T00:00:00+00:00
[2024-07-02T09:08:40.762+0000] {processor.py:183} INFO - Processing /home/airflow/.local/lib/python3.8/site-packages/airflow/example_dags/example_setup_teardown.py took 0.088 seconds
[2024-07-02T09:09:11.229+0000] {processor.py:161} INFO - Started process (PID=626) to work on /home/airflow/.local/lib/python3.8/site-packages/airflow/example_dags/example_setup_teardown.py
[2024-07-02T09:09:11.229+0000] {processor.py:830} INFO - Processing file /home/airflow/.local/lib/python3.8/site-packages/airflow/example_dags/example_setup_teardown.py for tasks to queue
[2024-07-02T09:09:11.231+0000] {logging_mixin.py:188} INFO - [2024-07-02T09:09:11.231+0000] {dagbag.py:538} INFO - Filling up the DagBag from /home/airflow/.local/lib/python3.8/site-packages/airflow/example_dags/example_setup_teardown.py
[2024-07-02T09:09:11.236+0000] {processor.py:840} INFO - DAG(s) 'example_setup_teardown' retrieved from /home/airflow/.local/lib/python3.8/site-packages/airflow/example_dags/example_setup_teardown.py
[2024-07-02T09:09:11.257+0000] {logging_mixin.py:188} INFO - [2024-07-02T09:09:11.257+0000] {dag.py:3033} INFO - Sync 1 DAGs
[2024-07-02T09:09:11.281+0000] {logging_mixin.py:188} INFO - [2024-07-02T09:09:11.281+0000] {dag.py:3820} INFO - Setting next_dagrun for example_setup_teardown to 2024-07-01T00:00:00+00:00, run_after=2024-07-02T00:00:00+00:00
[2024-07-02T09:09:11.302+0000] {processor.py:183} INFO - Processing /home/airflow/.local/lib/python3.8/site-packages/airflow/example_dags/example_setup_teardown.py took 0.075 seconds
[2024-07-02T09:09:42.214+0000] {processor.py:161} INFO - Started process (PID=681) to work on /home/airflow/.local/lib/python3.8/site-packages/airflow/example_dags/example_setup_teardown.py
[2024-07-02T09:09:42.216+0000] {processor.py:830} INFO - Processing file /home/airflow/.local/lib/python3.8/site-packages/airflow/example_dags/example_setup_teardown.py for tasks to queue
[2024-07-02T09:09:42.218+0000] {logging_mixin.py:188} INFO - [2024-07-02T09:09:42.218+0000] {dagbag.py:538} INFO - Filling up the DagBag from /home/airflow/.local/lib/python3.8/site-packages/airflow/example_dags/example_setup_teardown.py
[2024-07-02T09:09:42.229+0000] {processor.py:840} INFO - DAG(s) 'example_setup_teardown' retrieved from /home/airflow/.local/lib/python3.8/site-packages/airflow/example_dags/example_setup_teardown.py
[2024-07-02T09:09:42.259+0000] {logging_mixin.py:188} INFO - [2024-07-02T09:09:42.259+0000] {dag.py:3033} INFO - Sync 1 DAGs
[2024-07-02T09:09:42.287+0000] {logging_mixin.py:188} INFO - [2024-07-02T09:09:42.287+0000] {dag.py:3820} INFO - Setting next_dagrun for example_setup_teardown to 2024-07-01T00:00:00+00:00, run_after=2024-07-02T00:00:00+00:00
[2024-07-02T09:09:42.309+0000] {processor.py:183} INFO - Processing /home/airflow/.local/lib/python3.8/site-packages/airflow/example_dags/example_setup_teardown.py took 0.099 seconds
[2024-07-02T09:10:13.233+0000] {processor.py:161} INFO - Started process (PID=736) to work on /home/airflow/.local/lib/python3.8/site-packages/airflow/example_dags/example_setup_teardown.py
[2024-07-02T09:10:13.235+0000] {processor.py:830} INFO - Processing file /home/airflow/.local/lib/python3.8/site-packages/airflow/example_dags/example_setup_teardown.py for tasks to queue
[2024-07-02T09:10:13.238+0000] {logging_mixin.py:188} INFO - [2024-07-02T09:10:13.237+0000] {dagbag.py:538} INFO - Filling up the DagBag from /home/airflow/.local/lib/python3.8/site-packages/airflow/example_dags/example_setup_teardown.py
[2024-07-02T09:10:13.246+0000] {processor.py:840} INFO - DAG(s) 'example_setup_teardown' retrieved from /home/airflow/.local/lib/python3.8/site-packages/airflow/example_dags/example_setup_teardown.py
[2024-07-02T09:10:13.268+0000] {logging_mixin.py:188} INFO - [2024-07-02T09:10:13.267+0000] {dag.py:3033} INFO - Sync 1 DAGs
[2024-07-02T09:10:13.289+0000] {logging_mixin.py:188} INFO - [2024-07-02T09:10:13.289+0000] {dag.py:3820} INFO - Setting next_dagrun for example_setup_teardown to 2024-07-01T00:00:00+00:00, run_after=2024-07-02T00:00:00+00:00
[2024-07-02T09:10:13.310+0000] {processor.py:183} INFO - Processing /home/airflow/.local/lib/python3.8/site-packages/airflow/example_dags/example_setup_teardown.py took 0.081 seconds
[2024-07-02T09:10:43.774+0000] {processor.py:161} INFO - Started process (PID=791) to work on /home/airflow/.local/lib/python3.8/site-packages/airflow/example_dags/example_setup_teardown.py
[2024-07-02T09:10:43.775+0000] {processor.py:830} INFO - Processing file /home/airflow/.local/lib/python3.8/site-packages/airflow/example_dags/example_setup_teardown.py for tasks to queue
[2024-07-02T09:10:43.779+0000] {logging_mixin.py:188} INFO - [2024-07-02T09:10:43.778+0000] {dagbag.py:538} INFO - Filling up the DagBag from /home/airflow/.local/lib/python3.8/site-packages/airflow/example_dags/example_setup_teardown.py
[2024-07-02T09:10:43.791+0000] {processor.py:840} INFO - DAG(s) 'example_setup_teardown' retrieved from /home/airflow/.local/lib/python3.8/site-packages/airflow/example_dags/example_setup_teardown.py
[2024-07-02T09:10:43.817+0000] {logging_mixin.py:188} INFO - [2024-07-02T09:10:43.816+0000] {dag.py:3033} INFO - Sync 1 DAGs
[2024-07-02T09:10:43.838+0000] {logging_mixin.py:188} INFO - [2024-07-02T09:10:43.838+0000] {dag.py:3820} INFO - Setting next_dagrun for example_setup_teardown to 2024-07-01T00:00:00+00:00, run_after=2024-07-02T00:00:00+00:00
[2024-07-02T09:10:43.855+0000] {processor.py:183} INFO - Processing /home/airflow/.local/lib/python3.8/site-packages/airflow/example_dags/example_setup_teardown.py took 0.087 seconds
[2024-07-02T09:11:14.325+0000] {processor.py:161} INFO - Started process (PID=846) to work on /home/airflow/.local/lib/python3.8/site-packages/airflow/example_dags/example_setup_teardown.py
[2024-07-02T09:11:14.326+0000] {processor.py:830} INFO - Processing file /home/airflow/.local/lib/python3.8/site-packages/airflow/example_dags/example_setup_teardown.py for tasks to queue
[2024-07-02T09:11:14.328+0000] {logging_mixin.py:188} INFO - [2024-07-02T09:11:14.328+0000] {dagbag.py:538} INFO - Filling up the DagBag from /home/airflow/.local/lib/python3.8/site-packages/airflow/example_dags/example_setup_teardown.py
[2024-07-02T09:11:14.335+0000] {processor.py:840} INFO - DAG(s) 'example_setup_teardown' retrieved from /home/airflow/.local/lib/python3.8/site-packages/airflow/example_dags/example_setup_teardown.py
[2024-07-02T09:11:14.352+0000] {logging_mixin.py:188} INFO - [2024-07-02T09:11:14.352+0000] {dag.py:3033} INFO - Sync 1 DAGs
[2024-07-02T09:11:14.372+0000] {logging_mixin.py:188} INFO - [2024-07-02T09:11:14.372+0000] {dag.py:3820} INFO - Setting next_dagrun for example_setup_teardown to 2024-07-01T00:00:00+00:00, run_after=2024-07-02T00:00:00+00:00
[2024-07-02T09:11:14.389+0000] {processor.py:183} INFO - Processing /home/airflow/.local/lib/python3.8/site-packages/airflow/example_dags/example_setup_teardown.py took 0.067 seconds
[2024-07-02T09:11:44.665+0000] {processor.py:161} INFO - Started process (PID=901) to work on /home/airflow/.local/lib/python3.8/site-packages/airflow/example_dags/example_setup_teardown.py
[2024-07-02T09:11:44.669+0000] {processor.py:830} INFO - Processing file /home/airflow/.local/lib/python3.8/site-packages/airflow/example_dags/example_setup_teardown.py for tasks to queue
[2024-07-02T09:11:44.673+0000] {logging_mixin.py:188} INFO - [2024-07-02T09:11:44.672+0000] {dagbag.py:538} INFO - Filling up the DagBag from /home/airflow/.local/lib/python3.8/site-packages/airflow/example_dags/example_setup_teardown.py
[2024-07-02T09:11:44.688+0000] {processor.py:840} INFO - DAG(s) 'example_setup_teardown' retrieved from /home/airflow/.local/lib/python3.8/site-packages/airflow/example_dags/example_setup_teardown.py
[2024-07-02T09:11:44.751+0000] {logging_mixin.py:188} INFO - [2024-07-02T09:11:44.750+0000] {dag.py:3033} INFO - Sync 1 DAGs
[2024-07-02T09:11:44.807+0000] {logging_mixin.py:188} INFO - [2024-07-02T09:11:44.807+0000] {dag.py:3820} INFO - Setting next_dagrun for example_setup_teardown to 2024-07-01T00:00:00+00:00, run_after=2024-07-02T00:00:00+00:00
[2024-07-02T09:11:44.849+0000] {processor.py:183} INFO - Processing /home/airflow/.local/lib/python3.8/site-packages/airflow/example_dags/example_setup_teardown.py took 0.193 seconds
[2024-07-02T09:12:15.383+0000] {processor.py:161} INFO - Started process (PID=956) to work on /home/airflow/.local/lib/python3.8/site-packages/airflow/example_dags/example_setup_teardown.py
[2024-07-02T09:12:15.384+0000] {processor.py:830} INFO - Processing file /home/airflow/.local/lib/python3.8/site-packages/airflow/example_dags/example_setup_teardown.py for tasks to queue
[2024-07-02T09:12:15.385+0000] {logging_mixin.py:188} INFO - [2024-07-02T09:12:15.385+0000] {dagbag.py:538} INFO - Filling up the DagBag from /home/airflow/.local/lib/python3.8/site-packages/airflow/example_dags/example_setup_teardown.py
[2024-07-02T09:12:15.392+0000] {processor.py:840} INFO - DAG(s) 'example_setup_teardown' retrieved from /home/airflow/.local/lib/python3.8/site-packages/airflow/example_dags/example_setup_teardown.py
[2024-07-02T09:12:15.417+0000] {logging_mixin.py:188} INFO - [2024-07-02T09:12:15.417+0000] {dag.py:3033} INFO - Sync 1 DAGs
[2024-07-02T09:12:15.449+0000] {logging_mixin.py:188} INFO - [2024-07-02T09:12:15.449+0000] {dag.py:3820} INFO - Setting next_dagrun for example_setup_teardown to 2024-07-01T00:00:00+00:00, run_after=2024-07-02T00:00:00+00:00
[2024-07-02T09:12:15.480+0000] {processor.py:183} INFO - Processing /home/airflow/.local/lib/python3.8/site-packages/airflow/example_dags/example_setup_teardown.py took 0.100 seconds
[2024-07-02T09:12:45.700+0000] {processor.py:161} INFO - Started process (PID=1011) to work on /home/airflow/.local/lib/python3.8/site-packages/airflow/example_dags/example_setup_teardown.py
[2024-07-02T09:12:45.701+0000] {processor.py:830} INFO - Processing file /home/airflow/.local/lib/python3.8/site-packages/airflow/example_dags/example_setup_teardown.py for tasks to queue
[2024-07-02T09:12:45.703+0000] {logging_mixin.py:188} INFO - [2024-07-02T09:12:45.702+0000] {dagbag.py:538} INFO - Filling up the DagBag from /home/airflow/.local/lib/python3.8/site-packages/airflow/example_dags/example_setup_teardown.py
[2024-07-02T09:12:45.709+0000] {processor.py:840} INFO - DAG(s) 'example_setup_teardown' retrieved from /home/airflow/.local/lib/python3.8/site-packages/airflow/example_dags/example_setup_teardown.py
[2024-07-02T09:12:45.727+0000] {logging_mixin.py:188} INFO - [2024-07-02T09:12:45.727+0000] {dag.py:3033} INFO - Sync 1 DAGs
[2024-07-02T09:12:45.753+0000] {logging_mixin.py:188} INFO - [2024-07-02T09:12:45.752+0000] {dag.py:3820} INFO - Setting next_dagrun for example_setup_teardown to 2024-07-01T00:00:00+00:00, run_after=2024-07-02T00:00:00+00:00
[2024-07-02T09:12:45.773+0000] {processor.py:183} INFO - Processing /home/airflow/.local/lib/python3.8/site-packages/airflow/example_dags/example_setup_teardown.py took 0.075 seconds
[2024-07-02T09:13:16.178+0000] {processor.py:161} INFO - Started process (PID=1066) to work on /home/airflow/.local/lib/python3.8/site-packages/airflow/example_dags/example_setup_teardown.py
[2024-07-02T09:13:16.178+0000] {processor.py:830} INFO - Processing file /home/airflow/.local/lib/python3.8/site-packages/airflow/example_dags/example_setup_teardown.py for tasks to queue
[2024-07-02T09:13:16.180+0000] {logging_mixin.py:188} INFO - [2024-07-02T09:13:16.180+0000] {dagbag.py:538} INFO - Filling up the DagBag from /home/airflow/.local/lib/python3.8/site-packages/airflow/example_dags/example_setup_teardown.py
[2024-07-02T09:13:16.186+0000] {processor.py:840} INFO - DAG(s) 'example_setup_teardown' retrieved from /home/airflow/.local/lib/python3.8/site-packages/airflow/example_dags/example_setup_teardown.py
[2024-07-02T09:13:16.207+0000] {logging_mixin.py:188} INFO - [2024-07-02T09:13:16.207+0000] {dag.py:3033} INFO - Sync 1 DAGs
[2024-07-02T09:13:16.230+0000] {logging_mixin.py:188} INFO - [2024-07-02T09:13:16.230+0000] {dag.py:3820} INFO - Setting next_dagrun for example_setup_teardown to 2024-07-01T00:00:00+00:00, run_after=2024-07-02T00:00:00+00:00
[2024-07-02T09:13:16.251+0000] {processor.py:183} INFO - Processing /home/airflow/.local/lib/python3.8/site-packages/airflow/example_dags/example_setup_teardown.py took 0.076 seconds
[2024-07-02T09:13:46.723+0000] {processor.py:161} INFO - Started process (PID=1121) to work on /home/airflow/.local/lib/python3.8/site-packages/airflow/example_dags/example_setup_teardown.py
[2024-07-02T09:13:46.723+0000] {processor.py:830} INFO - Processing file /home/airflow/.local/lib/python3.8/site-packages/airflow/example_dags/example_setup_teardown.py for tasks to queue
[2024-07-02T09:13:46.725+0000] {logging_mixin.py:188} INFO - [2024-07-02T09:13:46.725+0000] {dagbag.py:538} INFO - Filling up the DagBag from /home/airflow/.local/lib/python3.8/site-packages/airflow/example_dags/example_setup_teardown.py
[2024-07-02T09:13:46.731+0000] {processor.py:840} INFO - DAG(s) 'example_setup_teardown' retrieved from /home/airflow/.local/lib/python3.8/site-packages/airflow/example_dags/example_setup_teardown.py
[2024-07-02T09:13:46.751+0000] {logging_mixin.py:188} INFO - [2024-07-02T09:13:46.751+0000] {dag.py:3033} INFO - Sync 1 DAGs
[2024-07-02T09:13:46.773+0000] {logging_mixin.py:188} INFO - [2024-07-02T09:13:46.773+0000] {dag.py:3820} INFO - Setting next_dagrun for example_setup_teardown to 2024-07-01T00:00:00+00:00, run_after=2024-07-02T00:00:00+00:00
[2024-07-02T09:13:46.791+0000] {processor.py:183} INFO - Processing /home/airflow/.local/lib/python3.8/site-packages/airflow/example_dags/example_setup_teardown.py took 0.071 seconds
[2024-07-02T09:14:17.177+0000] {processor.py:161} INFO - Started process (PID=1176) to work on /home/airflow/.local/lib/python3.8/site-packages/airflow/example_dags/example_setup_teardown.py
[2024-07-02T09:14:17.178+0000] {processor.py:830} INFO - Processing file /home/airflow/.local/lib/python3.8/site-packages/airflow/example_dags/example_setup_teardown.py for tasks to queue
[2024-07-02T09:14:17.180+0000] {logging_mixin.py:188} INFO - [2024-07-02T09:14:17.179+0000] {dagbag.py:538} INFO - Filling up the DagBag from /home/airflow/.local/lib/python3.8/site-packages/airflow/example_dags/example_setup_teardown.py
[2024-07-02T09:14:17.185+0000] {processor.py:840} INFO - DAG(s) 'example_setup_teardown' retrieved from /home/airflow/.local/lib/python3.8/site-packages/airflow/example_dags/example_setup_teardown.py
[2024-07-02T09:14:17.206+0000] {logging_mixin.py:188} INFO - [2024-07-02T09:14:17.206+0000] {dag.py:3033} INFO - Sync 1 DAGs
[2024-07-02T09:14:17.226+0000] {logging_mixin.py:188} INFO - [2024-07-02T09:14:17.226+0000] {dag.py:3820} INFO - Setting next_dagrun for example_setup_teardown to 2024-07-01T00:00:00+00:00, run_after=2024-07-02T00:00:00+00:00
[2024-07-02T09:14:17.246+0000] {processor.py:183} INFO - Processing /home/airflow/.local/lib/python3.8/site-packages/airflow/example_dags/example_setup_teardown.py took 0.072 seconds
[2024-07-02T09:14:47.708+0000] {processor.py:161} INFO - Started process (PID=1231) to work on /home/airflow/.local/lib/python3.8/site-packages/airflow/example_dags/example_setup_teardown.py
[2024-07-02T09:14:47.708+0000] {processor.py:830} INFO - Processing file /home/airflow/.local/lib/python3.8/site-packages/airflow/example_dags/example_setup_teardown.py for tasks to queue
[2024-07-02T09:14:47.711+0000] {logging_mixin.py:188} INFO - [2024-07-02T09:14:47.710+0000] {dagbag.py:538} INFO - Filling up the DagBag from /home/airflow/.local/lib/python3.8/site-packages/airflow/example_dags/example_setup_teardown.py
[2024-07-02T09:14:47.717+0000] {processor.py:840} INFO - DAG(s) 'example_setup_teardown' retrieved from /home/airflow/.local/lib/python3.8/site-packages/airflow/example_dags/example_setup_teardown.py
[2024-07-02T09:14:47.740+0000] {logging_mixin.py:188} INFO - [2024-07-02T09:14:47.740+0000] {dag.py:3033} INFO - Sync 1 DAGs
[2024-07-02T09:14:47.776+0000] {logging_mixin.py:188} INFO - [2024-07-02T09:14:47.776+0000] {dag.py:3820} INFO - Setting next_dagrun for example_setup_teardown to 2024-07-01T00:00:00+00:00, run_after=2024-07-02T00:00:00+00:00
[2024-07-02T09:14:47.795+0000] {processor.py:183} INFO - Processing /home/airflow/.local/lib/python3.8/site-packages/airflow/example_dags/example_setup_teardown.py took 0.090 seconds
[2024-07-02T09:15:18.138+0000] {processor.py:161} INFO - Started process (PID=1286) to work on /home/airflow/.local/lib/python3.8/site-packages/airflow/example_dags/example_setup_teardown.py
[2024-07-02T09:15:18.139+0000] {processor.py:830} INFO - Processing file /home/airflow/.local/lib/python3.8/site-packages/airflow/example_dags/example_setup_teardown.py for tasks to queue
[2024-07-02T09:15:18.141+0000] {logging_mixin.py:188} INFO - [2024-07-02T09:15:18.140+0000] {dagbag.py:538} INFO - Filling up the DagBag from /home/airflow/.local/lib/python3.8/site-packages/airflow/example_dags/example_setup_teardown.py
[2024-07-02T09:15:18.148+0000] {processor.py:840} INFO - DAG(s) 'example_setup_teardown' retrieved from /home/airflow/.local/lib/python3.8/site-packages/airflow/example_dags/example_setup_teardown.py
[2024-07-02T09:15:18.168+0000] {logging_mixin.py:188} INFO - [2024-07-02T09:15:18.167+0000] {dag.py:3033} INFO - Sync 1 DAGs
[2024-07-02T09:15:18.190+0000] {logging_mixin.py:188} INFO - [2024-07-02T09:15:18.190+0000] {dag.py:3820} INFO - Setting next_dagrun for example_setup_teardown to 2024-07-01T00:00:00+00:00, run_after=2024-07-02T00:00:00+00:00
[2024-07-02T09:15:18.208+0000] {processor.py:183} INFO - Processing /home/airflow/.local/lib/python3.8/site-packages/airflow/example_dags/example_setup_teardown.py took 0.073 seconds
[2024-07-02T09:15:48.623+0000] {processor.py:161} INFO - Started process (PID=1341) to work on /home/airflow/.local/lib/python3.8/site-packages/airflow/example_dags/example_setup_teardown.py
[2024-07-02T09:15:48.624+0000] {processor.py:830} INFO - Processing file /home/airflow/.local/lib/python3.8/site-packages/airflow/example_dags/example_setup_teardown.py for tasks to queue
[2024-07-02T09:15:48.626+0000] {logging_mixin.py:188} INFO - [2024-07-02T09:15:48.626+0000] {dagbag.py:538} INFO - Filling up the DagBag from /home/airflow/.local/lib/python3.8/site-packages/airflow/example_dags/example_setup_teardown.py
[2024-07-02T09:15:48.634+0000] {processor.py:840} INFO - DAG(s) 'example_setup_teardown' retrieved from /home/airflow/.local/lib/python3.8/site-packages/airflow/example_dags/example_setup_teardown.py
[2024-07-02T09:15:48.658+0000] {logging_mixin.py:188} INFO - [2024-07-02T09:15:48.658+0000] {dag.py:3033} INFO - Sync 1 DAGs
[2024-07-02T09:15:48.686+0000] {logging_mixin.py:188} INFO - [2024-07-02T09:15:48.686+0000] {dag.py:3820} INFO - Setting next_dagrun for example_setup_teardown to 2024-07-01T00:00:00+00:00, run_after=2024-07-02T00:00:00+00:00
[2024-07-02T09:15:48.712+0000] {processor.py:183} INFO - Processing /home/airflow/.local/lib/python3.8/site-packages/airflow/example_dags/example_setup_teardown.py took 0.092 seconds
[2024-07-02T09:16:19.343+0000] {processor.py:161} INFO - Started process (PID=1395) to work on /home/airflow/.local/lib/python3.8/site-packages/airflow/example_dags/example_setup_teardown.py
[2024-07-02T09:16:19.344+0000] {processor.py:830} INFO - Processing file /home/airflow/.local/lib/python3.8/site-packages/airflow/example_dags/example_setup_teardown.py for tasks to queue
[2024-07-02T09:16:19.346+0000] {logging_mixin.py:188} INFO - [2024-07-02T09:16:19.345+0000] {dagbag.py:538} INFO - Filling up the DagBag from /home/airflow/.local/lib/python3.8/site-packages/airflow/example_dags/example_setup_teardown.py
[2024-07-02T09:16:19.351+0000] {processor.py:840} INFO - DAG(s) 'example_setup_teardown' retrieved from /home/airflow/.local/lib/python3.8/site-packages/airflow/example_dags/example_setup_teardown.py
[2024-07-02T09:16:19.369+0000] {logging_mixin.py:188} INFO - [2024-07-02T09:16:19.369+0000] {dag.py:3033} INFO - Sync 1 DAGs
[2024-07-02T09:16:19.391+0000] {logging_mixin.py:188} INFO - [2024-07-02T09:16:19.391+0000] {dag.py:3820} INFO - Setting next_dagrun for example_setup_teardown to 2024-07-01T00:00:00+00:00, run_after=2024-07-02T00:00:00+00:00
[2024-07-02T09:16:19.410+0000] {processor.py:183} INFO - Processing /home/airflow/.local/lib/python3.8/site-packages/airflow/example_dags/example_setup_teardown.py took 0.070 seconds
[2024-07-02T09:16:49.895+0000] {processor.py:161} INFO - Started process (PID=1450) to work on /home/airflow/.local/lib/python3.8/site-packages/airflow/example_dags/example_setup_teardown.py
[2024-07-02T09:16:49.899+0000] {processor.py:830} INFO - Processing file /home/airflow/.local/lib/python3.8/site-packages/airflow/example_dags/example_setup_teardown.py for tasks to queue
[2024-07-02T09:16:49.900+0000] {logging_mixin.py:188} INFO - [2024-07-02T09:16:49.900+0000] {dagbag.py:538} INFO - Filling up the DagBag from /home/airflow/.local/lib/python3.8/site-packages/airflow/example_dags/example_setup_teardown.py
[2024-07-02T09:16:49.906+0000] {processor.py:840} INFO - DAG(s) 'example_setup_teardown' retrieved from /home/airflow/.local/lib/python3.8/site-packages/airflow/example_dags/example_setup_teardown.py
[2024-07-02T09:16:49.926+0000] {logging_mixin.py:188} INFO - [2024-07-02T09:16:49.926+0000] {dag.py:3033} INFO - Sync 1 DAGs
[2024-07-02T09:16:49.947+0000] {logging_mixin.py:188} INFO - [2024-07-02T09:16:49.947+0000] {dag.py:3820} INFO - Setting next_dagrun for example_setup_teardown to 2024-07-01T00:00:00+00:00, run_after=2024-07-02T00:00:00+00:00
[2024-07-02T09:16:49.964+0000] {processor.py:183} INFO - Processing /home/airflow/.local/lib/python3.8/site-packages/airflow/example_dags/example_setup_teardown.py took 0.072 seconds
[2024-07-02T09:17:20.356+0000] {processor.py:161} INFO - Started process (PID=1505) to work on /home/airflow/.local/lib/python3.8/site-packages/airflow/example_dags/example_setup_teardown.py
[2024-07-02T09:17:20.356+0000] {processor.py:830} INFO - Processing file /home/airflow/.local/lib/python3.8/site-packages/airflow/example_dags/example_setup_teardown.py for tasks to queue
[2024-07-02T09:17:20.358+0000] {logging_mixin.py:188} INFO - [2024-07-02T09:17:20.358+0000] {dagbag.py:538} INFO - Filling up the DagBag from /home/airflow/.local/lib/python3.8/site-packages/airflow/example_dags/example_setup_teardown.py
[2024-07-02T09:17:20.364+0000] {processor.py:840} INFO - DAG(s) 'example_setup_teardown' retrieved from /home/airflow/.local/lib/python3.8/site-packages/airflow/example_dags/example_setup_teardown.py
[2024-07-02T09:17:20.383+0000] {logging_mixin.py:188} INFO - [2024-07-02T09:17:20.383+0000] {dag.py:3033} INFO - Sync 1 DAGs
[2024-07-02T09:17:20.409+0000] {logging_mixin.py:188} INFO - [2024-07-02T09:17:20.409+0000] {dag.py:3820} INFO - Setting next_dagrun for example_setup_teardown to 2024-07-01T00:00:00+00:00, run_after=2024-07-02T00:00:00+00:00
[2024-07-02T09:17:20.428+0000] {processor.py:183} INFO - Processing /home/airflow/.local/lib/python3.8/site-packages/airflow/example_dags/example_setup_teardown.py took 0.075 seconds
[2024-07-02T09:17:50.664+0000] {processor.py:161} INFO - Started process (PID=1561) to work on /home/airflow/.local/lib/python3.8/site-packages/airflow/example_dags/example_setup_teardown.py
[2024-07-02T09:17:50.665+0000] {processor.py:830} INFO - Processing file /home/airflow/.local/lib/python3.8/site-packages/airflow/example_dags/example_setup_teardown.py for tasks to queue
[2024-07-02T09:17:50.666+0000] {logging_mixin.py:188} INFO - [2024-07-02T09:17:50.666+0000] {dagbag.py:538} INFO - Filling up the DagBag from /home/airflow/.local/lib/python3.8/site-packages/airflow/example_dags/example_setup_teardown.py
[2024-07-02T09:17:50.672+0000] {processor.py:840} INFO - DAG(s) 'example_setup_teardown' retrieved from /home/airflow/.local/lib/python3.8/site-packages/airflow/example_dags/example_setup_teardown.py
[2024-07-02T09:17:50.690+0000] {logging_mixin.py:188} INFO - [2024-07-02T09:17:50.690+0000] {dag.py:3033} INFO - Sync 1 DAGs
[2024-07-02T09:17:50.712+0000] {logging_mixin.py:188} INFO - [2024-07-02T09:17:50.712+0000] {dag.py:3820} INFO - Setting next_dagrun for example_setup_teardown to 2024-07-01T00:00:00+00:00, run_after=2024-07-02T00:00:00+00:00
[2024-07-02T09:17:50.733+0000] {processor.py:183} INFO - Processing /home/airflow/.local/lib/python3.8/site-packages/airflow/example_dags/example_setup_teardown.py took 0.072 seconds
[2024-07-02T09:18:21.281+0000] {processor.py:161} INFO - Started process (PID=1616) to work on /home/airflow/.local/lib/python3.8/site-packages/airflow/example_dags/example_setup_teardown.py
[2024-07-02T09:18:21.285+0000] {processor.py:830} INFO - Processing file /home/airflow/.local/lib/python3.8/site-packages/airflow/example_dags/example_setup_teardown.py for tasks to queue
[2024-07-02T09:18:21.286+0000] {logging_mixin.py:188} INFO - [2024-07-02T09:18:21.286+0000] {dagbag.py:538} INFO - Filling up the DagBag from /home/airflow/.local/lib/python3.8/site-packages/airflow/example_dags/example_setup_teardown.py
[2024-07-02T09:18:21.292+0000] {processor.py:840} INFO - DAG(s) 'example_setup_teardown' retrieved from /home/airflow/.local/lib/python3.8/site-packages/airflow/example_dags/example_setup_teardown.py
[2024-07-02T09:18:21.311+0000] {logging_mixin.py:188} INFO - [2024-07-02T09:18:21.311+0000] {dag.py:3033} INFO - Sync 1 DAGs
[2024-07-02T09:18:21.338+0000] {logging_mixin.py:188} INFO - [2024-07-02T09:18:21.338+0000] {dag.py:3820} INFO - Setting next_dagrun for example_setup_teardown to 2024-07-01T00:00:00+00:00, run_after=2024-07-02T00:00:00+00:00
[2024-07-02T09:18:21.356+0000] {processor.py:183} INFO - Processing /home/airflow/.local/lib/python3.8/site-packages/airflow/example_dags/example_setup_teardown.py took 0.077 seconds
[2024-07-02T09:18:51.830+0000] {processor.py:161} INFO - Started process (PID=1671) to work on /home/airflow/.local/lib/python3.8/site-packages/airflow/example_dags/example_setup_teardown.py
[2024-07-02T09:18:51.831+0000] {processor.py:830} INFO - Processing file /home/airflow/.local/lib/python3.8/site-packages/airflow/example_dags/example_setup_teardown.py for tasks to queue
[2024-07-02T09:18:51.833+0000] {logging_mixin.py:188} INFO - [2024-07-02T09:18:51.832+0000] {dagbag.py:538} INFO - Filling up the DagBag from /home/airflow/.local/lib/python3.8/site-packages/airflow/example_dags/example_setup_teardown.py
[2024-07-02T09:18:51.840+0000] {processor.py:840} INFO - DAG(s) 'example_setup_teardown' retrieved from /home/airflow/.local/lib/python3.8/site-packages/airflow/example_dags/example_setup_teardown.py
[2024-07-02T09:18:51.864+0000] {logging_mixin.py:188} INFO - [2024-07-02T09:18:51.863+0000] {dag.py:3033} INFO - Sync 1 DAGs
[2024-07-02T09:18:51.892+0000] {logging_mixin.py:188} INFO - [2024-07-02T09:18:51.891+0000] {dag.py:3820} INFO - Setting next_dagrun for example_setup_teardown to 2024-07-01T00:00:00+00:00, run_after=2024-07-02T00:00:00+00:00
[2024-07-02T09:18:51.920+0000] {processor.py:183} INFO - Processing /home/airflow/.local/lib/python3.8/site-packages/airflow/example_dags/example_setup_teardown.py took 0.093 seconds
[2024-07-02T09:19:22.377+0000] {processor.py:161} INFO - Started process (PID=1726) to work on /home/airflow/.local/lib/python3.8/site-packages/airflow/example_dags/example_setup_teardown.py
[2024-07-02T09:19:22.378+0000] {processor.py:830} INFO - Processing file /home/airflow/.local/lib/python3.8/site-packages/airflow/example_dags/example_setup_teardown.py for tasks to queue
[2024-07-02T09:19:22.382+0000] {logging_mixin.py:188} INFO - [2024-07-02T09:19:22.381+0000] {dagbag.py:538} INFO - Filling up the DagBag from /home/airflow/.local/lib/python3.8/site-packages/airflow/example_dags/example_setup_teardown.py
[2024-07-02T09:19:22.391+0000] {processor.py:840} INFO - DAG(s) 'example_setup_teardown' retrieved from /home/airflow/.local/lib/python3.8/site-packages/airflow/example_dags/example_setup_teardown.py
[2024-07-02T09:19:22.416+0000] {logging_mixin.py:188} INFO - [2024-07-02T09:19:22.416+0000] {dag.py:3033} INFO - Sync 1 DAGs
[2024-07-02T09:19:22.445+0000] {logging_mixin.py:188} INFO - [2024-07-02T09:19:22.444+0000] {dag.py:3820} INFO - Setting next_dagrun for example_setup_teardown to 2024-07-01T00:00:00+00:00, run_after=2024-07-02T00:00:00+00:00
[2024-07-02T09:19:22.469+0000] {processor.py:183} INFO - Processing /home/airflow/.local/lib/python3.8/site-packages/airflow/example_dags/example_setup_teardown.py took 0.096 seconds
[2024-07-02T09:19:52.501+0000] {processor.py:161} INFO - Started process (PID=1780) to work on /home/airflow/.local/lib/python3.8/site-packages/airflow/example_dags/example_setup_teardown.py
[2024-07-02T09:19:52.502+0000] {processor.py:830} INFO - Processing file /home/airflow/.local/lib/python3.8/site-packages/airflow/example_dags/example_setup_teardown.py for tasks to queue
[2024-07-02T09:19:52.503+0000] {logging_mixin.py:188} INFO - [2024-07-02T09:19:52.503+0000] {dagbag.py:538} INFO - Filling up the DagBag from /home/airflow/.local/lib/python3.8/site-packages/airflow/example_dags/example_setup_teardown.py
[2024-07-02T09:19:52.509+0000] {processor.py:840} INFO - DAG(s) 'example_setup_teardown' retrieved from /home/airflow/.local/lib/python3.8/site-packages/airflow/example_dags/example_setup_teardown.py
[2024-07-02T09:19:52.527+0000] {logging_mixin.py:188} INFO - [2024-07-02T09:19:52.527+0000] {dag.py:3033} INFO - Sync 1 DAGs
[2024-07-02T09:19:52.548+0000] {logging_mixin.py:188} INFO - [2024-07-02T09:19:52.548+0000] {dag.py:3820} INFO - Setting next_dagrun for example_setup_teardown to 2024-07-01T00:00:00+00:00, run_after=2024-07-02T00:00:00+00:00
[2024-07-02T09:19:52.567+0000] {processor.py:183} INFO - Processing /home/airflow/.local/lib/python3.8/site-packages/airflow/example_dags/example_setup_teardown.py took 0.069 seconds
[2024-07-02T09:20:23.105+0000] {processor.py:161} INFO - Started process (PID=1834) to work on /home/airflow/.local/lib/python3.8/site-packages/airflow/example_dags/example_setup_teardown.py
[2024-07-02T09:20:23.109+0000] {processor.py:830} INFO - Processing file /home/airflow/.local/lib/python3.8/site-packages/airflow/example_dags/example_setup_teardown.py for tasks to queue
[2024-07-02T09:20:23.110+0000] {logging_mixin.py:188} INFO - [2024-07-02T09:20:23.110+0000] {dagbag.py:538} INFO - Filling up the DagBag from /home/airflow/.local/lib/python3.8/site-packages/airflow/example_dags/example_setup_teardown.py
[2024-07-02T09:20:23.116+0000] {processor.py:840} INFO - DAG(s) 'example_setup_teardown' retrieved from /home/airflow/.local/lib/python3.8/site-packages/airflow/example_dags/example_setup_teardown.py
[2024-07-02T09:20:23.139+0000] {logging_mixin.py:188} INFO - [2024-07-02T09:20:23.138+0000] {dag.py:3033} INFO - Sync 1 DAGs
[2024-07-02T09:20:23.163+0000] {logging_mixin.py:188} INFO - [2024-07-02T09:20:23.163+0000] {dag.py:3820} INFO - Setting next_dagrun for example_setup_teardown to 2024-07-01T00:00:00+00:00, run_after=2024-07-02T00:00:00+00:00
[2024-07-02T09:20:23.183+0000] {processor.py:183} INFO - Processing /home/airflow/.local/lib/python3.8/site-packages/airflow/example_dags/example_setup_teardown.py took 0.081 seconds
[2024-07-02T09:20:53.818+0000] {processor.py:161} INFO - Started process (PID=1889) to work on /home/airflow/.local/lib/python3.8/site-packages/airflow/example_dags/example_setup_teardown.py
[2024-07-02T09:20:53.822+0000] {processor.py:830} INFO - Processing file /home/airflow/.local/lib/python3.8/site-packages/airflow/example_dags/example_setup_teardown.py for tasks to queue
[2024-07-02T09:20:53.824+0000] {logging_mixin.py:188} INFO - [2024-07-02T09:20:53.823+0000] {dagbag.py:538} INFO - Filling up the DagBag from /home/airflow/.local/lib/python3.8/site-packages/airflow/example_dags/example_setup_teardown.py
[2024-07-02T09:20:53.832+0000] {processor.py:840} INFO - DAG(s) 'example_setup_teardown' retrieved from /home/airflow/.local/lib/python3.8/site-packages/airflow/example_dags/example_setup_teardown.py
[2024-07-02T09:20:53.853+0000] {logging_mixin.py:188} INFO - [2024-07-02T09:20:53.852+0000] {dag.py:3033} INFO - Sync 1 DAGs
[2024-07-02T09:20:53.874+0000] {logging_mixin.py:188} INFO - [2024-07-02T09:20:53.874+0000] {dag.py:3820} INFO - Setting next_dagrun for example_setup_teardown to 2024-07-01T00:00:00+00:00, run_after=2024-07-02T00:00:00+00:00
[2024-07-02T09:20:53.891+0000] {processor.py:183} INFO - Processing /home/airflow/.local/lib/python3.8/site-packages/airflow/example_dags/example_setup_teardown.py took 0.076 seconds
[2024-07-02T09:21:23.996+0000] {processor.py:161} INFO - Started process (PID=1944) to work on /home/airflow/.local/lib/python3.8/site-packages/airflow/example_dags/example_setup_teardown.py
[2024-07-02T09:21:23.997+0000] {processor.py:830} INFO - Processing file /home/airflow/.local/lib/python3.8/site-packages/airflow/example_dags/example_setup_teardown.py for tasks to queue
[2024-07-02T09:21:23.999+0000] {logging_mixin.py:188} INFO - [2024-07-02T09:21:23.999+0000] {dagbag.py:538} INFO - Filling up the DagBag from /home/airflow/.local/lib/python3.8/site-packages/airflow/example_dags/example_setup_teardown.py
[2024-07-02T09:21:24.007+0000] {processor.py:840} INFO - DAG(s) 'example_setup_teardown' retrieved from /home/airflow/.local/lib/python3.8/site-packages/airflow/example_dags/example_setup_teardown.py
[2024-07-02T09:21:24.035+0000] {logging_mixin.py:188} INFO - [2024-07-02T09:21:24.035+0000] {dag.py:3033} INFO - Sync 1 DAGs
[2024-07-02T09:21:24.066+0000] {logging_mixin.py:188} INFO - [2024-07-02T09:21:24.065+0000] {dag.py:3820} INFO - Setting next_dagrun for example_setup_teardown to 2024-07-01T00:00:00+00:00, run_after=2024-07-02T00:00:00+00:00
[2024-07-02T09:21:24.095+0000] {processor.py:183} INFO - Processing /home/airflow/.local/lib/python3.8/site-packages/airflow/example_dags/example_setup_teardown.py took 0.102 seconds
[2024-07-02T09:21:54.667+0000] {processor.py:161} INFO - Started process (PID=1998) to work on /home/airflow/.local/lib/python3.8/site-packages/airflow/example_dags/example_setup_teardown.py
[2024-07-02T09:21:54.668+0000] {processor.py:830} INFO - Processing file /home/airflow/.local/lib/python3.8/site-packages/airflow/example_dags/example_setup_teardown.py for tasks to queue
[2024-07-02T09:21:54.670+0000] {logging_mixin.py:188} INFO - [2024-07-02T09:21:54.670+0000] {dagbag.py:538} INFO - Filling up the DagBag from /home/airflow/.local/lib/python3.8/site-packages/airflow/example_dags/example_setup_teardown.py
[2024-07-02T09:21:54.678+0000] {processor.py:840} INFO - DAG(s) 'example_setup_teardown' retrieved from /home/airflow/.local/lib/python3.8/site-packages/airflow/example_dags/example_setup_teardown.py
[2024-07-02T09:21:54.703+0000] {logging_mixin.py:188} INFO - [2024-07-02T09:21:54.703+0000] {dag.py:3033} INFO - Sync 1 DAGs
[2024-07-02T09:21:54.735+0000] {logging_mixin.py:188} INFO - [2024-07-02T09:21:54.735+0000] {dag.py:3820} INFO - Setting next_dagrun for example_setup_teardown to 2024-07-01T00:00:00+00:00, run_after=2024-07-02T00:00:00+00:00
[2024-07-02T09:21:54.760+0000] {processor.py:183} INFO - Processing /home/airflow/.local/lib/python3.8/site-packages/airflow/example_dags/example_setup_teardown.py took 0.096 seconds
[2024-07-02T09:22:24.827+0000] {processor.py:161} INFO - Started process (PID=2053) to work on /home/airflow/.local/lib/python3.8/site-packages/airflow/example_dags/example_setup_teardown.py
[2024-07-02T09:22:24.827+0000] {processor.py:830} INFO - Processing file /home/airflow/.local/lib/python3.8/site-packages/airflow/example_dags/example_setup_teardown.py for tasks to queue
[2024-07-02T09:22:24.829+0000] {logging_mixin.py:188} INFO - [2024-07-02T09:22:24.829+0000] {dagbag.py:538} INFO - Filling up the DagBag from /home/airflow/.local/lib/python3.8/site-packages/airflow/example_dags/example_setup_teardown.py
[2024-07-02T09:22:24.835+0000] {processor.py:840} INFO - DAG(s) 'example_setup_teardown' retrieved from /home/airflow/.local/lib/python3.8/site-packages/airflow/example_dags/example_setup_teardown.py
[2024-07-02T09:22:24.853+0000] {logging_mixin.py:188} INFO - [2024-07-02T09:22:24.853+0000] {dag.py:3033} INFO - Sync 1 DAGs
[2024-07-02T09:22:24.871+0000] {logging_mixin.py:188} INFO - [2024-07-02T09:22:24.871+0000] {dag.py:3820} INFO - Setting next_dagrun for example_setup_teardown to 2024-07-01T00:00:00+00:00, run_after=2024-07-02T00:00:00+00:00
[2024-07-02T09:22:24.889+0000] {processor.py:183} INFO - Processing /home/airflow/.local/lib/python3.8/site-packages/airflow/example_dags/example_setup_teardown.py took 0.065 seconds
[2024-07-02T09:22:55.054+0000] {processor.py:161} INFO - Started process (PID=2108) to work on /home/airflow/.local/lib/python3.8/site-packages/airflow/example_dags/example_setup_teardown.py
[2024-07-02T09:22:55.055+0000] {processor.py:830} INFO - Processing file /home/airflow/.local/lib/python3.8/site-packages/airflow/example_dags/example_setup_teardown.py for tasks to queue
[2024-07-02T09:22:55.057+0000] {logging_mixin.py:188} INFO - [2024-07-02T09:22:55.056+0000] {dagbag.py:538} INFO - Filling up the DagBag from /home/airflow/.local/lib/python3.8/site-packages/airflow/example_dags/example_setup_teardown.py
[2024-07-02T09:22:55.063+0000] {processor.py:840} INFO - DAG(s) 'example_setup_teardown' retrieved from /home/airflow/.local/lib/python3.8/site-packages/airflow/example_dags/example_setup_teardown.py
[2024-07-02T09:22:55.082+0000] {logging_mixin.py:188} INFO - [2024-07-02T09:22:55.082+0000] {dag.py:3033} INFO - Sync 1 DAGs
[2024-07-02T09:22:55.102+0000] {logging_mixin.py:188} INFO - [2024-07-02T09:22:55.101+0000] {dag.py:3820} INFO - Setting next_dagrun for example_setup_teardown to 2024-07-01T00:00:00+00:00, run_after=2024-07-02T00:00:00+00:00
[2024-07-02T09:22:55.118+0000] {processor.py:183} INFO - Processing /home/airflow/.local/lib/python3.8/site-packages/airflow/example_dags/example_setup_teardown.py took 0.067 seconds
[2024-07-02T09:23:25.628+0000] {processor.py:161} INFO - Started process (PID=2163) to work on /home/airflow/.local/lib/python3.8/site-packages/airflow/example_dags/example_setup_teardown.py
[2024-07-02T09:23:25.630+0000] {processor.py:830} INFO - Processing file /home/airflow/.local/lib/python3.8/site-packages/airflow/example_dags/example_setup_teardown.py for tasks to queue
[2024-07-02T09:23:25.633+0000] {logging_mixin.py:188} INFO - [2024-07-02T09:23:25.633+0000] {dagbag.py:538} INFO - Filling up the DagBag from /home/airflow/.local/lib/python3.8/site-packages/airflow/example_dags/example_setup_teardown.py
[2024-07-02T09:23:25.643+0000] {processor.py:840} INFO - DAG(s) 'example_setup_teardown' retrieved from /home/airflow/.local/lib/python3.8/site-packages/airflow/example_dags/example_setup_teardown.py
[2024-07-02T09:23:25.676+0000] {logging_mixin.py:188} INFO - [2024-07-02T09:23:25.676+0000] {dag.py:3033} INFO - Sync 1 DAGs
[2024-07-02T09:23:25.712+0000] {logging_mixin.py:188} INFO - [2024-07-02T09:23:25.712+0000] {dag.py:3820} INFO - Setting next_dagrun for example_setup_teardown to 2024-07-01T00:00:00+00:00, run_after=2024-07-02T00:00:00+00:00
[2024-07-02T09:23:25.741+0000] {processor.py:183} INFO - Processing /home/airflow/.local/lib/python3.8/site-packages/airflow/example_dags/example_setup_teardown.py took 0.118 seconds
[2024-07-02T09:23:55.796+0000] {processor.py:161} INFO - Started process (PID=2218) to work on /home/airflow/.local/lib/python3.8/site-packages/airflow/example_dags/example_setup_teardown.py
[2024-07-02T09:23:55.797+0000] {processor.py:830} INFO - Processing file /home/airflow/.local/lib/python3.8/site-packages/airflow/example_dags/example_setup_teardown.py for tasks to queue
[2024-07-02T09:23:55.798+0000] {logging_mixin.py:188} INFO - [2024-07-02T09:23:55.798+0000] {dagbag.py:538} INFO - Filling up the DagBag from /home/airflow/.local/lib/python3.8/site-packages/airflow/example_dags/example_setup_teardown.py
[2024-07-02T09:23:55.805+0000] {processor.py:840} INFO - DAG(s) 'example_setup_teardown' retrieved from /home/airflow/.local/lib/python3.8/site-packages/airflow/example_dags/example_setup_teardown.py
[2024-07-02T09:23:55.829+0000] {logging_mixin.py:188} INFO - [2024-07-02T09:23:55.829+0000] {dag.py:3033} INFO - Sync 1 DAGs
[2024-07-02T09:23:55.855+0000] {logging_mixin.py:188} INFO - [2024-07-02T09:23:55.854+0000] {dag.py:3820} INFO - Setting next_dagrun for example_setup_teardown to 2024-07-01T00:00:00+00:00, run_after=2024-07-02T00:00:00+00:00
[2024-07-02T09:23:55.876+0000] {processor.py:183} INFO - Processing /home/airflow/.local/lib/python3.8/site-packages/airflow/example_dags/example_setup_teardown.py took 0.083 seconds
