[2024-07-02T09:04:02.036+0000] {processor.py:161} INFO - Started process (PID=62) to work on /home/airflow/.local/lib/python3.8/site-packages/airflow/example_dags/example_setup_teardown_taskflow.py
[2024-07-02T09:04:02.037+0000] {processor.py:830} INFO - Processing file /home/airflow/.local/lib/python3.8/site-packages/airflow/example_dags/example_setup_teardown_taskflow.py for tasks to queue
[2024-07-02T09:04:02.041+0000] {logging_mixin.py:188} INFO - [2024-07-02T09:04:02.040+0000] {dagbag.py:538} INFO - Filling up the DagBag from /home/airflow/.local/lib/python3.8/site-packages/airflow/example_dags/example_setup_teardown_taskflow.py
[2024-07-02T09:04:02.063+0000] {processor.py:840} INFO - DAG(s) 'example_setup_teardown_taskflow' retrieved from /home/airflow/.local/lib/python3.8/site-packages/airflow/example_dags/example_setup_teardown_taskflow.py
[2024-07-02T09:04:02.219+0000] {logging_mixin.py:188} INFO - [2024-07-02T09:04:02.218+0000] {override.py:1769} INFO - Created Permission View: can edit on DAG:example_setup_teardown_taskflow
[2024-07-02T09:04:02.236+0000] {logging_mixin.py:188} INFO - [2024-07-02T09:04:02.235+0000] {override.py:1769} INFO - Created Permission View: can delete on DAG:example_setup_teardown_taskflow
[2024-07-02T09:04:02.247+0000] {logging_mixin.py:188} INFO - [2024-07-02T09:04:02.247+0000] {override.py:1769} INFO - Created Permission View: can read on DAG:example_setup_teardown_taskflow
[2024-07-02T09:04:02.248+0000] {logging_mixin.py:188} INFO - [2024-07-02T09:04:02.247+0000] {dag.py:3033} INFO - Sync 1 DAGs
[2024-07-02T09:04:02.271+0000] {logging_mixin.py:188} INFO - [2024-07-02T09:04:02.271+0000] {dag.py:3055} INFO - Creating ORM DAG for example_setup_teardown_taskflow
[2024-07-02T09:04:02.289+0000] {logging_mixin.py:188} INFO - [2024-07-02T09:04:02.288+0000] {dag.py:3820} INFO - Setting next_dagrun for example_setup_teardown_taskflow to 2024-07-01T00:00:00+00:00, run_after=2024-07-02T00:00:00+00:00
[2024-07-02T09:04:02.316+0000] {processor.py:183} INFO - Processing /home/airflow/.local/lib/python3.8/site-packages/airflow/example_dags/example_setup_teardown_taskflow.py took 0.286 seconds
[2024-07-02T09:04:32.452+0000] {processor.py:161} INFO - Started process (PID=115) to work on /home/airflow/.local/lib/python3.8/site-packages/airflow/example_dags/example_setup_teardown_taskflow.py
[2024-07-02T09:04:32.453+0000] {processor.py:830} INFO - Processing file /home/airflow/.local/lib/python3.8/site-packages/airflow/example_dags/example_setup_teardown_taskflow.py for tasks to queue
[2024-07-02T09:04:32.455+0000] {logging_mixin.py:188} INFO - [2024-07-02T09:04:32.455+0000] {dagbag.py:538} INFO - Filling up the DagBag from /home/airflow/.local/lib/python3.8/site-packages/airflow/example_dags/example_setup_teardown_taskflow.py
[2024-07-02T09:04:32.466+0000] {processor.py:840} INFO - DAG(s) 'example_setup_teardown_taskflow' retrieved from /home/airflow/.local/lib/python3.8/site-packages/airflow/example_dags/example_setup_teardown_taskflow.py
[2024-07-02T09:04:32.494+0000] {logging_mixin.py:188} INFO - [2024-07-02T09:04:32.494+0000] {dag.py:3033} INFO - Sync 1 DAGs
[2024-07-02T09:04:32.521+0000] {logging_mixin.py:188} INFO - [2024-07-02T09:04:32.521+0000] {dag.py:3820} INFO - Setting next_dagrun for example_setup_teardown_taskflow to 2024-07-01T00:00:00+00:00, run_after=2024-07-02T00:00:00+00:00
[2024-07-02T09:04:32.546+0000] {processor.py:183} INFO - Processing /home/airflow/.local/lib/python3.8/site-packages/airflow/example_dags/example_setup_teardown_taskflow.py took 0.097 seconds
[2024-07-02T09:05:02.866+0000] {processor.py:161} INFO - Started process (PID=172) to work on /home/airflow/.local/lib/python3.8/site-packages/airflow/example_dags/example_setup_teardown_taskflow.py
[2024-07-02T09:05:02.866+0000] {processor.py:830} INFO - Processing file /home/airflow/.local/lib/python3.8/site-packages/airflow/example_dags/example_setup_teardown_taskflow.py for tasks to queue
[2024-07-02T09:05:02.868+0000] {logging_mixin.py:188} INFO - [2024-07-02T09:05:02.868+0000] {dagbag.py:538} INFO - Filling up the DagBag from /home/airflow/.local/lib/python3.8/site-packages/airflow/example_dags/example_setup_teardown_taskflow.py
[2024-07-02T09:05:02.878+0000] {processor.py:840} INFO - DAG(s) 'example_setup_teardown_taskflow' retrieved from /home/airflow/.local/lib/python3.8/site-packages/airflow/example_dags/example_setup_teardown_taskflow.py
[2024-07-02T09:05:02.899+0000] {logging_mixin.py:188} INFO - [2024-07-02T09:05:02.898+0000] {dag.py:3033} INFO - Sync 1 DAGs
[2024-07-02T09:05:02.919+0000] {logging_mixin.py:188} INFO - [2024-07-02T09:05:02.919+0000] {dag.py:3820} INFO - Setting next_dagrun for example_setup_teardown_taskflow to 2024-07-01T00:00:00+00:00, run_after=2024-07-02T00:00:00+00:00
[2024-07-02T09:05:02.938+0000] {processor.py:183} INFO - Processing /home/airflow/.local/lib/python3.8/site-packages/airflow/example_dags/example_setup_teardown_taskflow.py took 0.075 seconds
[2024-07-02T09:05:33.095+0000] {processor.py:161} INFO - Started process (PID=227) to work on /home/airflow/.local/lib/python3.8/site-packages/airflow/example_dags/example_setup_teardown_taskflow.py
[2024-07-02T09:05:33.096+0000] {processor.py:830} INFO - Processing file /home/airflow/.local/lib/python3.8/site-packages/airflow/example_dags/example_setup_teardown_taskflow.py for tasks to queue
[2024-07-02T09:05:33.097+0000] {logging_mixin.py:188} INFO - [2024-07-02T09:05:33.097+0000] {dagbag.py:538} INFO - Filling up the DagBag from /home/airflow/.local/lib/python3.8/site-packages/airflow/example_dags/example_setup_teardown_taskflow.py
[2024-07-02T09:05:33.107+0000] {processor.py:840} INFO - DAG(s) 'example_setup_teardown_taskflow' retrieved from /home/airflow/.local/lib/python3.8/site-packages/airflow/example_dags/example_setup_teardown_taskflow.py
[2024-07-02T09:05:33.126+0000] {logging_mixin.py:188} INFO - [2024-07-02T09:05:33.126+0000] {dag.py:3033} INFO - Sync 1 DAGs
[2024-07-02T09:05:33.149+0000] {logging_mixin.py:188} INFO - [2024-07-02T09:05:33.148+0000] {dag.py:3820} INFO - Setting next_dagrun for example_setup_teardown_taskflow to 2024-07-01T00:00:00+00:00, run_after=2024-07-02T00:00:00+00:00
[2024-07-02T09:05:33.170+0000] {processor.py:183} INFO - Processing /home/airflow/.local/lib/python3.8/site-packages/airflow/example_dags/example_setup_teardown_taskflow.py took 0.079 seconds
[2024-07-02T09:06:03.188+0000] {processor.py:161} INFO - Started process (PID=281) to work on /home/airflow/.local/lib/python3.8/site-packages/airflow/example_dags/example_setup_teardown_taskflow.py
[2024-07-02T09:06:03.189+0000] {processor.py:830} INFO - Processing file /home/airflow/.local/lib/python3.8/site-packages/airflow/example_dags/example_setup_teardown_taskflow.py for tasks to queue
[2024-07-02T09:06:03.190+0000] {logging_mixin.py:188} INFO - [2024-07-02T09:06:03.190+0000] {dagbag.py:538} INFO - Filling up the DagBag from /home/airflow/.local/lib/python3.8/site-packages/airflow/example_dags/example_setup_teardown_taskflow.py
[2024-07-02T09:06:03.199+0000] {processor.py:840} INFO - DAG(s) 'example_setup_teardown_taskflow' retrieved from /home/airflow/.local/lib/python3.8/site-packages/airflow/example_dags/example_setup_teardown_taskflow.py
[2024-07-02T09:06:03.220+0000] {logging_mixin.py:188} INFO - [2024-07-02T09:06:03.220+0000] {dag.py:3033} INFO - Sync 1 DAGs
[2024-07-02T09:06:03.243+0000] {logging_mixin.py:188} INFO - [2024-07-02T09:06:03.243+0000] {dag.py:3820} INFO - Setting next_dagrun for example_setup_teardown_taskflow to 2024-07-01T00:00:00+00:00, run_after=2024-07-02T00:00:00+00:00
[2024-07-02T09:06:03.261+0000] {processor.py:183} INFO - Processing /home/airflow/.local/lib/python3.8/site-packages/airflow/example_dags/example_setup_teardown_taskflow.py took 0.076 seconds
[2024-07-02T09:06:33.567+0000] {processor.py:161} INFO - Started process (PID=335) to work on /home/airflow/.local/lib/python3.8/site-packages/airflow/example_dags/example_setup_teardown_taskflow.py
[2024-07-02T09:06:33.568+0000] {processor.py:830} INFO - Processing file /home/airflow/.local/lib/python3.8/site-packages/airflow/example_dags/example_setup_teardown_taskflow.py for tasks to queue
[2024-07-02T09:06:33.569+0000] {logging_mixin.py:188} INFO - [2024-07-02T09:06:33.569+0000] {dagbag.py:538} INFO - Filling up the DagBag from /home/airflow/.local/lib/python3.8/site-packages/airflow/example_dags/example_setup_teardown_taskflow.py
[2024-07-02T09:06:33.579+0000] {processor.py:840} INFO - DAG(s) 'example_setup_teardown_taskflow' retrieved from /home/airflow/.local/lib/python3.8/site-packages/airflow/example_dags/example_setup_teardown_taskflow.py
[2024-07-02T09:06:33.598+0000] {logging_mixin.py:188} INFO - [2024-07-02T09:06:33.598+0000] {dag.py:3033} INFO - Sync 1 DAGs
[2024-07-02T09:06:33.620+0000] {logging_mixin.py:188} INFO - [2024-07-02T09:06:33.620+0000] {dag.py:3820} INFO - Setting next_dagrun for example_setup_teardown_taskflow to 2024-07-01T00:00:00+00:00, run_after=2024-07-02T00:00:00+00:00
[2024-07-02T09:06:33.663+0000] {processor.py:183} INFO - Processing /home/airflow/.local/lib/python3.8/site-packages/airflow/example_dags/example_setup_teardown_taskflow.py took 0.098 seconds
[2024-07-02T09:07:04.122+0000] {processor.py:161} INFO - Started process (PID=390) to work on /home/airflow/.local/lib/python3.8/site-packages/airflow/example_dags/example_setup_teardown_taskflow.py
[2024-07-02T09:07:04.122+0000] {processor.py:830} INFO - Processing file /home/airflow/.local/lib/python3.8/site-packages/airflow/example_dags/example_setup_teardown_taskflow.py for tasks to queue
[2024-07-02T09:07:04.124+0000] {logging_mixin.py:188} INFO - [2024-07-02T09:07:04.124+0000] {dagbag.py:538} INFO - Filling up the DagBag from /home/airflow/.local/lib/python3.8/site-packages/airflow/example_dags/example_setup_teardown_taskflow.py
[2024-07-02T09:07:04.133+0000] {processor.py:840} INFO - DAG(s) 'example_setup_teardown_taskflow' retrieved from /home/airflow/.local/lib/python3.8/site-packages/airflow/example_dags/example_setup_teardown_taskflow.py
[2024-07-02T09:07:04.159+0000] {logging_mixin.py:188} INFO - [2024-07-02T09:07:04.159+0000] {dag.py:3033} INFO - Sync 1 DAGs
[2024-07-02T09:07:04.190+0000] {logging_mixin.py:188} INFO - [2024-07-02T09:07:04.190+0000] {dag.py:3820} INFO - Setting next_dagrun for example_setup_teardown_taskflow to 2024-07-01T00:00:00+00:00, run_after=2024-07-02T00:00:00+00:00
[2024-07-02T09:07:04.210+0000] {processor.py:183} INFO - Processing /home/airflow/.local/lib/python3.8/site-packages/airflow/example_dags/example_setup_teardown_taskflow.py took 0.091 seconds
[2024-07-02T09:07:34.700+0000] {processor.py:161} INFO - Started process (PID=445) to work on /home/airflow/.local/lib/python3.8/site-packages/airflow/example_dags/example_setup_teardown_taskflow.py
[2024-07-02T09:07:34.701+0000] {processor.py:830} INFO - Processing file /home/airflow/.local/lib/python3.8/site-packages/airflow/example_dags/example_setup_teardown_taskflow.py for tasks to queue
[2024-07-02T09:07:34.703+0000] {logging_mixin.py:188} INFO - [2024-07-02T09:07:34.703+0000] {dagbag.py:538} INFO - Filling up the DagBag from /home/airflow/.local/lib/python3.8/site-packages/airflow/example_dags/example_setup_teardown_taskflow.py
[2024-07-02T09:07:34.715+0000] {processor.py:840} INFO - DAG(s) 'example_setup_teardown_taskflow' retrieved from /home/airflow/.local/lib/python3.8/site-packages/airflow/example_dags/example_setup_teardown_taskflow.py
[2024-07-02T09:07:34.735+0000] {logging_mixin.py:188} INFO - [2024-07-02T09:07:34.735+0000] {dag.py:3033} INFO - Sync 1 DAGs
[2024-07-02T09:07:34.754+0000] {logging_mixin.py:188} INFO - [2024-07-02T09:07:34.754+0000] {dag.py:3820} INFO - Setting next_dagrun for example_setup_teardown_taskflow to 2024-07-01T00:00:00+00:00, run_after=2024-07-02T00:00:00+00:00
[2024-07-02T09:07:34.780+0000] {processor.py:183} INFO - Processing /home/airflow/.local/lib/python3.8/site-packages/airflow/example_dags/example_setup_teardown_taskflow.py took 0.083 seconds
[2024-07-02T09:08:05.273+0000] {processor.py:161} INFO - Started process (PID=500) to work on /home/airflow/.local/lib/python3.8/site-packages/airflow/example_dags/example_setup_teardown_taskflow.py
[2024-07-02T09:08:05.273+0000] {processor.py:830} INFO - Processing file /home/airflow/.local/lib/python3.8/site-packages/airflow/example_dags/example_setup_teardown_taskflow.py for tasks to queue
[2024-07-02T09:08:05.275+0000] {logging_mixin.py:188} INFO - [2024-07-02T09:08:05.275+0000] {dagbag.py:538} INFO - Filling up the DagBag from /home/airflow/.local/lib/python3.8/site-packages/airflow/example_dags/example_setup_teardown_taskflow.py
[2024-07-02T09:08:05.286+0000] {processor.py:840} INFO - DAG(s) 'example_setup_teardown_taskflow' retrieved from /home/airflow/.local/lib/python3.8/site-packages/airflow/example_dags/example_setup_teardown_taskflow.py
[2024-07-02T09:08:05.310+0000] {logging_mixin.py:188} INFO - [2024-07-02T09:08:05.310+0000] {dag.py:3033} INFO - Sync 1 DAGs
[2024-07-02T09:08:05.332+0000] {logging_mixin.py:188} INFO - [2024-07-02T09:08:05.332+0000] {dag.py:3820} INFO - Setting next_dagrun for example_setup_teardown_taskflow to 2024-07-01T00:00:00+00:00, run_after=2024-07-02T00:00:00+00:00
[2024-07-02T09:08:05.350+0000] {processor.py:183} INFO - Processing /home/airflow/.local/lib/python3.8/site-packages/airflow/example_dags/example_setup_teardown_taskflow.py took 0.080 seconds
[2024-07-02T09:08:35.815+0000] {processor.py:161} INFO - Started process (PID=555) to work on /home/airflow/.local/lib/python3.8/site-packages/airflow/example_dags/example_setup_teardown_taskflow.py
[2024-07-02T09:08:35.816+0000] {processor.py:830} INFO - Processing file /home/airflow/.local/lib/python3.8/site-packages/airflow/example_dags/example_setup_teardown_taskflow.py for tasks to queue
[2024-07-02T09:08:35.817+0000] {logging_mixin.py:188} INFO - [2024-07-02T09:08:35.817+0000] {dagbag.py:538} INFO - Filling up the DagBag from /home/airflow/.local/lib/python3.8/site-packages/airflow/example_dags/example_setup_teardown_taskflow.py
[2024-07-02T09:08:35.825+0000] {processor.py:840} INFO - DAG(s) 'example_setup_teardown_taskflow' retrieved from /home/airflow/.local/lib/python3.8/site-packages/airflow/example_dags/example_setup_teardown_taskflow.py
[2024-07-02T09:08:35.844+0000] {logging_mixin.py:188} INFO - [2024-07-02T09:08:35.844+0000] {dag.py:3033} INFO - Sync 1 DAGs
[2024-07-02T09:08:35.864+0000] {logging_mixin.py:188} INFO - [2024-07-02T09:08:35.864+0000] {dag.py:3820} INFO - Setting next_dagrun for example_setup_teardown_taskflow to 2024-07-01T00:00:00+00:00, run_after=2024-07-02T00:00:00+00:00
[2024-07-02T09:08:35.882+0000] {processor.py:183} INFO - Processing /home/airflow/.local/lib/python3.8/site-packages/airflow/example_dags/example_setup_teardown_taskflow.py took 0.070 seconds
[2024-07-02T09:09:06.401+0000] {processor.py:161} INFO - Started process (PID=610) to work on /home/airflow/.local/lib/python3.8/site-packages/airflow/example_dags/example_setup_teardown_taskflow.py
[2024-07-02T09:09:06.402+0000] {processor.py:830} INFO - Processing file /home/airflow/.local/lib/python3.8/site-packages/airflow/example_dags/example_setup_teardown_taskflow.py for tasks to queue
[2024-07-02T09:09:06.404+0000] {logging_mixin.py:188} INFO - [2024-07-02T09:09:06.404+0000] {dagbag.py:538} INFO - Filling up the DagBag from /home/airflow/.local/lib/python3.8/site-packages/airflow/example_dags/example_setup_teardown_taskflow.py
[2024-07-02T09:09:06.413+0000] {processor.py:840} INFO - DAG(s) 'example_setup_teardown_taskflow' retrieved from /home/airflow/.local/lib/python3.8/site-packages/airflow/example_dags/example_setup_teardown_taskflow.py
[2024-07-02T09:09:06.433+0000] {logging_mixin.py:188} INFO - [2024-07-02T09:09:06.433+0000] {dag.py:3033} INFO - Sync 1 DAGs
[2024-07-02T09:09:06.453+0000] {logging_mixin.py:188} INFO - [2024-07-02T09:09:06.453+0000] {dag.py:3820} INFO - Setting next_dagrun for example_setup_teardown_taskflow to 2024-07-01T00:00:00+00:00, run_after=2024-07-02T00:00:00+00:00
[2024-07-02T09:09:06.471+0000] {processor.py:183} INFO - Processing /home/airflow/.local/lib/python3.8/site-packages/airflow/example_dags/example_setup_teardown_taskflow.py took 0.074 seconds
[2024-07-02T09:09:37.405+0000] {processor.py:161} INFO - Started process (PID=665) to work on /home/airflow/.local/lib/python3.8/site-packages/airflow/example_dags/example_setup_teardown_taskflow.py
[2024-07-02T09:09:37.407+0000] {processor.py:830} INFO - Processing file /home/airflow/.local/lib/python3.8/site-packages/airflow/example_dags/example_setup_teardown_taskflow.py for tasks to queue
[2024-07-02T09:09:37.409+0000] {logging_mixin.py:188} INFO - [2024-07-02T09:09:37.409+0000] {dagbag.py:538} INFO - Filling up the DagBag from /home/airflow/.local/lib/python3.8/site-packages/airflow/example_dags/example_setup_teardown_taskflow.py
[2024-07-02T09:09:37.416+0000] {processor.py:840} INFO - DAG(s) 'example_setup_teardown_taskflow' retrieved from /home/airflow/.local/lib/python3.8/site-packages/airflow/example_dags/example_setup_teardown_taskflow.py
[2024-07-02T09:09:37.435+0000] {logging_mixin.py:188} INFO - [2024-07-02T09:09:37.434+0000] {dag.py:3033} INFO - Sync 1 DAGs
[2024-07-02T09:09:37.453+0000] {logging_mixin.py:188} INFO - [2024-07-02T09:09:37.452+0000] {dag.py:3820} INFO - Setting next_dagrun for example_setup_teardown_taskflow to 2024-07-01T00:00:00+00:00, run_after=2024-07-02T00:00:00+00:00
[2024-07-02T09:09:37.467+0000] {processor.py:183} INFO - Processing /home/airflow/.local/lib/python3.8/site-packages/airflow/example_dags/example_setup_teardown_taskflow.py took 0.065 seconds
[2024-07-02T09:10:08.339+0000] {processor.py:161} INFO - Started process (PID=720) to work on /home/airflow/.local/lib/python3.8/site-packages/airflow/example_dags/example_setup_teardown_taskflow.py
[2024-07-02T09:10:08.340+0000] {processor.py:830} INFO - Processing file /home/airflow/.local/lib/python3.8/site-packages/airflow/example_dags/example_setup_teardown_taskflow.py for tasks to queue
[2024-07-02T09:10:08.342+0000] {logging_mixin.py:188} INFO - [2024-07-02T09:10:08.342+0000] {dagbag.py:538} INFO - Filling up the DagBag from /home/airflow/.local/lib/python3.8/site-packages/airflow/example_dags/example_setup_teardown_taskflow.py
[2024-07-02T09:10:08.352+0000] {processor.py:840} INFO - DAG(s) 'example_setup_teardown_taskflow' retrieved from /home/airflow/.local/lib/python3.8/site-packages/airflow/example_dags/example_setup_teardown_taskflow.py
[2024-07-02T09:10:08.374+0000] {logging_mixin.py:188} INFO - [2024-07-02T09:10:08.374+0000] {dag.py:3033} INFO - Sync 1 DAGs
[2024-07-02T09:10:08.393+0000] {logging_mixin.py:188} INFO - [2024-07-02T09:10:08.393+0000] {dag.py:3820} INFO - Setting next_dagrun for example_setup_teardown_taskflow to 2024-07-01T00:00:00+00:00, run_after=2024-07-02T00:00:00+00:00
[2024-07-02T09:10:08.415+0000] {processor.py:183} INFO - Processing /home/airflow/.local/lib/python3.8/site-packages/airflow/example_dags/example_setup_teardown_taskflow.py took 0.080 seconds
[2024-07-02T09:10:38.941+0000] {processor.py:161} INFO - Started process (PID=775) to work on /home/airflow/.local/lib/python3.8/site-packages/airflow/example_dags/example_setup_teardown_taskflow.py
[2024-07-02T09:10:38.942+0000] {processor.py:830} INFO - Processing file /home/airflow/.local/lib/python3.8/site-packages/airflow/example_dags/example_setup_teardown_taskflow.py for tasks to queue
[2024-07-02T09:10:38.944+0000] {logging_mixin.py:188} INFO - [2024-07-02T09:10:38.943+0000] {dagbag.py:538} INFO - Filling up the DagBag from /home/airflow/.local/lib/python3.8/site-packages/airflow/example_dags/example_setup_teardown_taskflow.py
[2024-07-02T09:10:38.954+0000] {processor.py:840} INFO - DAG(s) 'example_setup_teardown_taskflow' retrieved from /home/airflow/.local/lib/python3.8/site-packages/airflow/example_dags/example_setup_teardown_taskflow.py
[2024-07-02T09:10:38.977+0000] {logging_mixin.py:188} INFO - [2024-07-02T09:10:38.977+0000] {dag.py:3033} INFO - Sync 1 DAGs
[2024-07-02T09:10:38.998+0000] {logging_mixin.py:188} INFO - [2024-07-02T09:10:38.998+0000] {dag.py:3820} INFO - Setting next_dagrun for example_setup_teardown_taskflow to 2024-07-01T00:00:00+00:00, run_after=2024-07-02T00:00:00+00:00
[2024-07-02T09:10:39.014+0000] {processor.py:183} INFO - Processing /home/airflow/.local/lib/python3.8/site-packages/airflow/example_dags/example_setup_teardown_taskflow.py took 0.077 seconds
[2024-07-02T09:11:09.505+0000] {processor.py:161} INFO - Started process (PID=830) to work on /home/airflow/.local/lib/python3.8/site-packages/airflow/example_dags/example_setup_teardown_taskflow.py
[2024-07-02T09:11:09.506+0000] {processor.py:830} INFO - Processing file /home/airflow/.local/lib/python3.8/site-packages/airflow/example_dags/example_setup_teardown_taskflow.py for tasks to queue
[2024-07-02T09:11:09.509+0000] {logging_mixin.py:188} INFO - [2024-07-02T09:11:09.508+0000] {dagbag.py:538} INFO - Filling up the DagBag from /home/airflow/.local/lib/python3.8/site-packages/airflow/example_dags/example_setup_teardown_taskflow.py
[2024-07-02T09:11:09.523+0000] {processor.py:840} INFO - DAG(s) 'example_setup_teardown_taskflow' retrieved from /home/airflow/.local/lib/python3.8/site-packages/airflow/example_dags/example_setup_teardown_taskflow.py
[2024-07-02T09:11:09.546+0000] {logging_mixin.py:188} INFO - [2024-07-02T09:11:09.545+0000] {dag.py:3033} INFO - Sync 1 DAGs
[2024-07-02T09:11:09.567+0000] {logging_mixin.py:188} INFO - [2024-07-02T09:11:09.567+0000] {dag.py:3820} INFO - Setting next_dagrun for example_setup_teardown_taskflow to 2024-07-01T00:00:00+00:00, run_after=2024-07-02T00:00:00+00:00
[2024-07-02T09:11:09.583+0000] {processor.py:183} INFO - Processing /home/airflow/.local/lib/python3.8/site-packages/airflow/example_dags/example_setup_teardown_taskflow.py took 0.082 seconds
[2024-07-02T09:11:40.092+0000] {processor.py:161} INFO - Started process (PID=885) to work on /home/airflow/.local/lib/python3.8/site-packages/airflow/example_dags/example_setup_teardown_taskflow.py
[2024-07-02T09:11:40.095+0000] {processor.py:830} INFO - Processing file /home/airflow/.local/lib/python3.8/site-packages/airflow/example_dags/example_setup_teardown_taskflow.py for tasks to queue
[2024-07-02T09:11:40.099+0000] {logging_mixin.py:188} INFO - [2024-07-02T09:11:40.099+0000] {dagbag.py:538} INFO - Filling up the DagBag from /home/airflow/.local/lib/python3.8/site-packages/airflow/example_dags/example_setup_teardown_taskflow.py
[2024-07-02T09:11:40.125+0000] {processor.py:840} INFO - DAG(s) 'example_setup_teardown_taskflow' retrieved from /home/airflow/.local/lib/python3.8/site-packages/airflow/example_dags/example_setup_teardown_taskflow.py
[2024-07-02T09:11:40.183+0000] {logging_mixin.py:188} INFO - [2024-07-02T09:11:40.182+0000] {dag.py:3033} INFO - Sync 1 DAGs
[2024-07-02T09:11:40.242+0000] {logging_mixin.py:188} INFO - [2024-07-02T09:11:40.242+0000] {dag.py:3820} INFO - Setting next_dagrun for example_setup_teardown_taskflow to 2024-07-01T00:00:00+00:00, run_after=2024-07-02T00:00:00+00:00
[2024-07-02T09:11:40.287+0000] {processor.py:183} INFO - Processing /home/airflow/.local/lib/python3.8/site-packages/airflow/example_dags/example_setup_teardown_taskflow.py took 0.202 seconds
[2024-07-02T09:12:10.436+0000] {processor.py:161} INFO - Started process (PID=940) to work on /home/airflow/.local/lib/python3.8/site-packages/airflow/example_dags/example_setup_teardown_taskflow.py
[2024-07-02T09:12:10.437+0000] {processor.py:830} INFO - Processing file /home/airflow/.local/lib/python3.8/site-packages/airflow/example_dags/example_setup_teardown_taskflow.py for tasks to queue
[2024-07-02T09:12:10.439+0000] {logging_mixin.py:188} INFO - [2024-07-02T09:12:10.439+0000] {dagbag.py:538} INFO - Filling up the DagBag from /home/airflow/.local/lib/python3.8/site-packages/airflow/example_dags/example_setup_teardown_taskflow.py
[2024-07-02T09:12:10.448+0000] {processor.py:840} INFO - DAG(s) 'example_setup_teardown_taskflow' retrieved from /home/airflow/.local/lib/python3.8/site-packages/airflow/example_dags/example_setup_teardown_taskflow.py
[2024-07-02T09:12:10.467+0000] {logging_mixin.py:188} INFO - [2024-07-02T09:12:10.467+0000] {dag.py:3033} INFO - Sync 1 DAGs
[2024-07-02T09:12:10.488+0000] {logging_mixin.py:188} INFO - [2024-07-02T09:12:10.488+0000] {dag.py:3820} INFO - Setting next_dagrun for example_setup_teardown_taskflow to 2024-07-01T00:00:00+00:00, run_after=2024-07-02T00:00:00+00:00
[2024-07-02T09:12:10.505+0000] {processor.py:183} INFO - Processing /home/airflow/.local/lib/python3.8/site-packages/airflow/example_dags/example_setup_teardown_taskflow.py took 0.072 seconds
[2024-07-02T09:12:40.610+0000] {processor.py:161} INFO - Started process (PID=995) to work on /home/airflow/.local/lib/python3.8/site-packages/airflow/example_dags/example_setup_teardown_taskflow.py
[2024-07-02T09:12:40.611+0000] {processor.py:830} INFO - Processing file /home/airflow/.local/lib/python3.8/site-packages/airflow/example_dags/example_setup_teardown_taskflow.py for tasks to queue
[2024-07-02T09:12:40.614+0000] {logging_mixin.py:188} INFO - [2024-07-02T09:12:40.614+0000] {dagbag.py:538} INFO - Filling up the DagBag from /home/airflow/.local/lib/python3.8/site-packages/airflow/example_dags/example_setup_teardown_taskflow.py
[2024-07-02T09:12:40.628+0000] {processor.py:840} INFO - DAG(s) 'example_setup_teardown_taskflow' retrieved from /home/airflow/.local/lib/python3.8/site-packages/airflow/example_dags/example_setup_teardown_taskflow.py
[2024-07-02T09:12:40.650+0000] {logging_mixin.py:188} INFO - [2024-07-02T09:12:40.650+0000] {dag.py:3033} INFO - Sync 1 DAGs
[2024-07-02T09:12:40.670+0000] {logging_mixin.py:188} INFO - [2024-07-02T09:12:40.670+0000] {dag.py:3820} INFO - Setting next_dagrun for example_setup_teardown_taskflow to 2024-07-01T00:00:00+00:00, run_after=2024-07-02T00:00:00+00:00
[2024-07-02T09:12:40.685+0000] {processor.py:183} INFO - Processing /home/airflow/.local/lib/python3.8/site-packages/airflow/example_dags/example_setup_teardown_taskflow.py took 0.079 seconds
[2024-07-02T09:13:11.258+0000] {processor.py:161} INFO - Started process (PID=1050) to work on /home/airflow/.local/lib/python3.8/site-packages/airflow/example_dags/example_setup_teardown_taskflow.py
[2024-07-02T09:13:11.259+0000] {processor.py:830} INFO - Processing file /home/airflow/.local/lib/python3.8/site-packages/airflow/example_dags/example_setup_teardown_taskflow.py for tasks to queue
[2024-07-02T09:13:11.261+0000] {logging_mixin.py:188} INFO - [2024-07-02T09:13:11.261+0000] {dagbag.py:538} INFO - Filling up the DagBag from /home/airflow/.local/lib/python3.8/site-packages/airflow/example_dags/example_setup_teardown_taskflow.py
[2024-07-02T09:13:11.271+0000] {processor.py:840} INFO - DAG(s) 'example_setup_teardown_taskflow' retrieved from /home/airflow/.local/lib/python3.8/site-packages/airflow/example_dags/example_setup_teardown_taskflow.py
[2024-07-02T09:13:11.294+0000] {logging_mixin.py:188} INFO - [2024-07-02T09:13:11.294+0000] {dag.py:3033} INFO - Sync 1 DAGs
[2024-07-02T09:13:11.314+0000] {logging_mixin.py:188} INFO - [2024-07-02T09:13:11.314+0000] {dag.py:3820} INFO - Setting next_dagrun for example_setup_teardown_taskflow to 2024-07-01T00:00:00+00:00, run_after=2024-07-02T00:00:00+00:00
[2024-07-02T09:13:11.331+0000] {processor.py:183} INFO - Processing /home/airflow/.local/lib/python3.8/site-packages/airflow/example_dags/example_setup_teardown_taskflow.py took 0.076 seconds
[2024-07-02T09:13:41.828+0000] {processor.py:161} INFO - Started process (PID=1105) to work on /home/airflow/.local/lib/python3.8/site-packages/airflow/example_dags/example_setup_teardown_taskflow.py
[2024-07-02T09:13:41.829+0000] {processor.py:830} INFO - Processing file /home/airflow/.local/lib/python3.8/site-packages/airflow/example_dags/example_setup_teardown_taskflow.py for tasks to queue
[2024-07-02T09:13:41.831+0000] {logging_mixin.py:188} INFO - [2024-07-02T09:13:41.831+0000] {dagbag.py:538} INFO - Filling up the DagBag from /home/airflow/.local/lib/python3.8/site-packages/airflow/example_dags/example_setup_teardown_taskflow.py
[2024-07-02T09:13:41.842+0000] {processor.py:840} INFO - DAG(s) 'example_setup_teardown_taskflow' retrieved from /home/airflow/.local/lib/python3.8/site-packages/airflow/example_dags/example_setup_teardown_taskflow.py
[2024-07-02T09:13:41.864+0000] {logging_mixin.py:188} INFO - [2024-07-02T09:13:41.864+0000] {dag.py:3033} INFO - Sync 1 DAGs
[2024-07-02T09:13:41.885+0000] {logging_mixin.py:188} INFO - [2024-07-02T09:13:41.885+0000] {dag.py:3820} INFO - Setting next_dagrun for example_setup_teardown_taskflow to 2024-07-01T00:00:00+00:00, run_after=2024-07-02T00:00:00+00:00
[2024-07-02T09:13:41.902+0000] {processor.py:183} INFO - Processing /home/airflow/.local/lib/python3.8/site-packages/airflow/example_dags/example_setup_teardown_taskflow.py took 0.077 seconds
[2024-07-02T09:14:12.292+0000] {processor.py:161} INFO - Started process (PID=1160) to work on /home/airflow/.local/lib/python3.8/site-packages/airflow/example_dags/example_setup_teardown_taskflow.py
[2024-07-02T09:14:12.293+0000] {processor.py:830} INFO - Processing file /home/airflow/.local/lib/python3.8/site-packages/airflow/example_dags/example_setup_teardown_taskflow.py for tasks to queue
[2024-07-02T09:14:12.295+0000] {logging_mixin.py:188} INFO - [2024-07-02T09:14:12.295+0000] {dagbag.py:538} INFO - Filling up the DagBag from /home/airflow/.local/lib/python3.8/site-packages/airflow/example_dags/example_setup_teardown_taskflow.py
[2024-07-02T09:14:12.307+0000] {processor.py:840} INFO - DAG(s) 'example_setup_teardown_taskflow' retrieved from /home/airflow/.local/lib/python3.8/site-packages/airflow/example_dags/example_setup_teardown_taskflow.py
[2024-07-02T09:14:12.332+0000] {logging_mixin.py:188} INFO - [2024-07-02T09:14:12.332+0000] {dag.py:3033} INFO - Sync 1 DAGs
[2024-07-02T09:14:12.359+0000] {logging_mixin.py:188} INFO - [2024-07-02T09:14:12.359+0000] {dag.py:3820} INFO - Setting next_dagrun for example_setup_teardown_taskflow to 2024-07-01T00:00:00+00:00, run_after=2024-07-02T00:00:00+00:00
[2024-07-02T09:14:12.384+0000] {processor.py:183} INFO - Processing /home/airflow/.local/lib/python3.8/site-packages/airflow/example_dags/example_setup_teardown_taskflow.py took 0.096 seconds
[2024-07-02T09:14:42.809+0000] {processor.py:161} INFO - Started process (PID=1215) to work on /home/airflow/.local/lib/python3.8/site-packages/airflow/example_dags/example_setup_teardown_taskflow.py
[2024-07-02T09:14:42.810+0000] {processor.py:830} INFO - Processing file /home/airflow/.local/lib/python3.8/site-packages/airflow/example_dags/example_setup_teardown_taskflow.py for tasks to queue
[2024-07-02T09:14:42.811+0000] {logging_mixin.py:188} INFO - [2024-07-02T09:14:42.811+0000] {dagbag.py:538} INFO - Filling up the DagBag from /home/airflow/.local/lib/python3.8/site-packages/airflow/example_dags/example_setup_teardown_taskflow.py
[2024-07-02T09:14:42.819+0000] {processor.py:840} INFO - DAG(s) 'example_setup_teardown_taskflow' retrieved from /home/airflow/.local/lib/python3.8/site-packages/airflow/example_dags/example_setup_teardown_taskflow.py
[2024-07-02T09:14:42.840+0000] {logging_mixin.py:188} INFO - [2024-07-02T09:14:42.840+0000] {dag.py:3033} INFO - Sync 1 DAGs
[2024-07-02T09:14:42.859+0000] {logging_mixin.py:188} INFO - [2024-07-02T09:14:42.859+0000] {dag.py:3820} INFO - Setting next_dagrun for example_setup_teardown_taskflow to 2024-07-01T00:00:00+00:00, run_after=2024-07-02T00:00:00+00:00
[2024-07-02T09:14:42.875+0000] {processor.py:183} INFO - Processing /home/airflow/.local/lib/python3.8/site-packages/airflow/example_dags/example_setup_teardown_taskflow.py took 0.068 seconds
[2024-07-02T09:15:13.293+0000] {processor.py:161} INFO - Started process (PID=1270) to work on /home/airflow/.local/lib/python3.8/site-packages/airflow/example_dags/example_setup_teardown_taskflow.py
[2024-07-02T09:15:13.293+0000] {processor.py:830} INFO - Processing file /home/airflow/.local/lib/python3.8/site-packages/airflow/example_dags/example_setup_teardown_taskflow.py for tasks to queue
[2024-07-02T09:15:13.295+0000] {logging_mixin.py:188} INFO - [2024-07-02T09:15:13.295+0000] {dagbag.py:538} INFO - Filling up the DagBag from /home/airflow/.local/lib/python3.8/site-packages/airflow/example_dags/example_setup_teardown_taskflow.py
[2024-07-02T09:15:13.305+0000] {processor.py:840} INFO - DAG(s) 'example_setup_teardown_taskflow' retrieved from /home/airflow/.local/lib/python3.8/site-packages/airflow/example_dags/example_setup_teardown_taskflow.py
[2024-07-02T09:15:13.328+0000] {logging_mixin.py:188} INFO - [2024-07-02T09:15:13.328+0000] {dag.py:3033} INFO - Sync 1 DAGs
[2024-07-02T09:15:13.348+0000] {logging_mixin.py:188} INFO - [2024-07-02T09:15:13.348+0000] {dag.py:3820} INFO - Setting next_dagrun for example_setup_teardown_taskflow to 2024-07-01T00:00:00+00:00, run_after=2024-07-02T00:00:00+00:00
[2024-07-02T09:15:13.365+0000] {processor.py:183} INFO - Processing /home/airflow/.local/lib/python3.8/site-packages/airflow/example_dags/example_setup_teardown_taskflow.py took 0.075 seconds
[2024-07-02T09:15:43.719+0000] {processor.py:161} INFO - Started process (PID=1325) to work on /home/airflow/.local/lib/python3.8/site-packages/airflow/example_dags/example_setup_teardown_taskflow.py
[2024-07-02T09:15:43.722+0000] {processor.py:830} INFO - Processing file /home/airflow/.local/lib/python3.8/site-packages/airflow/example_dags/example_setup_teardown_taskflow.py for tasks to queue
[2024-07-02T09:15:43.726+0000] {logging_mixin.py:188} INFO - [2024-07-02T09:15:43.726+0000] {dagbag.py:538} INFO - Filling up the DagBag from /home/airflow/.local/lib/python3.8/site-packages/airflow/example_dags/example_setup_teardown_taskflow.py
[2024-07-02T09:15:43.739+0000] {processor.py:840} INFO - DAG(s) 'example_setup_teardown_taskflow' retrieved from /home/airflow/.local/lib/python3.8/site-packages/airflow/example_dags/example_setup_teardown_taskflow.py
[2024-07-02T09:15:43.760+0000] {logging_mixin.py:188} INFO - [2024-07-02T09:15:43.760+0000] {dag.py:3033} INFO - Sync 1 DAGs
[2024-07-02T09:15:43.779+0000] {logging_mixin.py:188} INFO - [2024-07-02T09:15:43.779+0000] {dag.py:3820} INFO - Setting next_dagrun for example_setup_teardown_taskflow to 2024-07-01T00:00:00+00:00, run_after=2024-07-02T00:00:00+00:00
[2024-07-02T09:15:43.795+0000] {processor.py:183} INFO - Processing /home/airflow/.local/lib/python3.8/site-packages/airflow/example_dags/example_setup_teardown_taskflow.py took 0.081 seconds
[2024-07-02T09:16:14.354+0000] {processor.py:161} INFO - Started process (PID=1379) to work on /home/airflow/.local/lib/python3.8/site-packages/airflow/example_dags/example_setup_teardown_taskflow.py
[2024-07-02T09:16:14.355+0000] {processor.py:830} INFO - Processing file /home/airflow/.local/lib/python3.8/site-packages/airflow/example_dags/example_setup_teardown_taskflow.py for tasks to queue
[2024-07-02T09:16:14.356+0000] {logging_mixin.py:188} INFO - [2024-07-02T09:16:14.356+0000] {dagbag.py:538} INFO - Filling up the DagBag from /home/airflow/.local/lib/python3.8/site-packages/airflow/example_dags/example_setup_teardown_taskflow.py
[2024-07-02T09:16:14.364+0000] {processor.py:840} INFO - DAG(s) 'example_setup_teardown_taskflow' retrieved from /home/airflow/.local/lib/python3.8/site-packages/airflow/example_dags/example_setup_teardown_taskflow.py
[2024-07-02T09:16:14.386+0000] {logging_mixin.py:188} INFO - [2024-07-02T09:16:14.386+0000] {dag.py:3033} INFO - Sync 1 DAGs
[2024-07-02T09:16:14.413+0000] {logging_mixin.py:188} INFO - [2024-07-02T09:16:14.412+0000] {dag.py:3820} INFO - Setting next_dagrun for example_setup_teardown_taskflow to 2024-07-01T00:00:00+00:00, run_after=2024-07-02T00:00:00+00:00
[2024-07-02T09:16:14.435+0000] {processor.py:183} INFO - Processing /home/airflow/.local/lib/python3.8/site-packages/airflow/example_dags/example_setup_teardown_taskflow.py took 0.083 seconds
[2024-07-02T09:16:44.927+0000] {processor.py:161} INFO - Started process (PID=1434) to work on /home/airflow/.local/lib/python3.8/site-packages/airflow/example_dags/example_setup_teardown_taskflow.py
[2024-07-02T09:16:44.928+0000] {processor.py:830} INFO - Processing file /home/airflow/.local/lib/python3.8/site-packages/airflow/example_dags/example_setup_teardown_taskflow.py for tasks to queue
[2024-07-02T09:16:44.929+0000] {logging_mixin.py:188} INFO - [2024-07-02T09:16:44.929+0000] {dagbag.py:538} INFO - Filling up the DagBag from /home/airflow/.local/lib/python3.8/site-packages/airflow/example_dags/example_setup_teardown_taskflow.py
[2024-07-02T09:16:44.937+0000] {processor.py:840} INFO - DAG(s) 'example_setup_teardown_taskflow' retrieved from /home/airflow/.local/lib/python3.8/site-packages/airflow/example_dags/example_setup_teardown_taskflow.py
[2024-07-02T09:16:44.960+0000] {logging_mixin.py:188} INFO - [2024-07-02T09:16:44.959+0000] {dag.py:3033} INFO - Sync 1 DAGs
[2024-07-02T09:16:44.985+0000] {logging_mixin.py:188} INFO - [2024-07-02T09:16:44.985+0000] {dag.py:3820} INFO - Setting next_dagrun for example_setup_teardown_taskflow to 2024-07-01T00:00:00+00:00, run_after=2024-07-02T00:00:00+00:00
[2024-07-02T09:16:45.007+0000] {processor.py:183} INFO - Processing /home/airflow/.local/lib/python3.8/site-packages/airflow/example_dags/example_setup_teardown_taskflow.py took 0.082 seconds
[2024-07-02T09:17:15.550+0000] {processor.py:161} INFO - Started process (PID=1489) to work on /home/airflow/.local/lib/python3.8/site-packages/airflow/example_dags/example_setup_teardown_taskflow.py
[2024-07-02T09:17:15.551+0000] {processor.py:830} INFO - Processing file /home/airflow/.local/lib/python3.8/site-packages/airflow/example_dags/example_setup_teardown_taskflow.py for tasks to queue
[2024-07-02T09:17:15.553+0000] {logging_mixin.py:188} INFO - [2024-07-02T09:17:15.553+0000] {dagbag.py:538} INFO - Filling up the DagBag from /home/airflow/.local/lib/python3.8/site-packages/airflow/example_dags/example_setup_teardown_taskflow.py
[2024-07-02T09:17:15.564+0000] {processor.py:840} INFO - DAG(s) 'example_setup_teardown_taskflow' retrieved from /home/airflow/.local/lib/python3.8/site-packages/airflow/example_dags/example_setup_teardown_taskflow.py
[2024-07-02T09:17:15.587+0000] {logging_mixin.py:188} INFO - [2024-07-02T09:17:15.586+0000] {dag.py:3033} INFO - Sync 1 DAGs
[2024-07-02T09:17:15.606+0000] {logging_mixin.py:188} INFO - [2024-07-02T09:17:15.606+0000] {dag.py:3820} INFO - Setting next_dagrun for example_setup_teardown_taskflow to 2024-07-01T00:00:00+00:00, run_after=2024-07-02T00:00:00+00:00
[2024-07-02T09:17:15.623+0000] {processor.py:183} INFO - Processing /home/airflow/.local/lib/python3.8/site-packages/airflow/example_dags/example_setup_teardown_taskflow.py took 0.076 seconds
[2024-07-02T09:17:45.877+0000] {processor.py:161} INFO - Started process (PID=1545) to work on /home/airflow/.local/lib/python3.8/site-packages/airflow/example_dags/example_setup_teardown_taskflow.py
[2024-07-02T09:17:45.878+0000] {processor.py:830} INFO - Processing file /home/airflow/.local/lib/python3.8/site-packages/airflow/example_dags/example_setup_teardown_taskflow.py for tasks to queue
[2024-07-02T09:17:45.881+0000] {logging_mixin.py:188} INFO - [2024-07-02T09:17:45.880+0000] {dagbag.py:538} INFO - Filling up the DagBag from /home/airflow/.local/lib/python3.8/site-packages/airflow/example_dags/example_setup_teardown_taskflow.py
[2024-07-02T09:17:45.895+0000] {processor.py:840} INFO - DAG(s) 'example_setup_teardown_taskflow' retrieved from /home/airflow/.local/lib/python3.8/site-packages/airflow/example_dags/example_setup_teardown_taskflow.py
[2024-07-02T09:17:45.920+0000] {logging_mixin.py:188} INFO - [2024-07-02T09:17:45.920+0000] {dag.py:3033} INFO - Sync 1 DAGs
[2024-07-02T09:17:45.943+0000] {logging_mixin.py:188} INFO - [2024-07-02T09:17:45.942+0000] {dag.py:3820} INFO - Setting next_dagrun for example_setup_teardown_taskflow to 2024-07-01T00:00:00+00:00, run_after=2024-07-02T00:00:00+00:00
[2024-07-02T09:17:45.960+0000] {processor.py:183} INFO - Processing /home/airflow/.local/lib/python3.8/site-packages/airflow/example_dags/example_setup_teardown_taskflow.py took 0.088 seconds
[2024-07-02T09:18:16.434+0000] {processor.py:161} INFO - Started process (PID=1600) to work on /home/airflow/.local/lib/python3.8/site-packages/airflow/example_dags/example_setup_teardown_taskflow.py
[2024-07-02T09:18:16.435+0000] {processor.py:830} INFO - Processing file /home/airflow/.local/lib/python3.8/site-packages/airflow/example_dags/example_setup_teardown_taskflow.py for tasks to queue
[2024-07-02T09:18:16.438+0000] {logging_mixin.py:188} INFO - [2024-07-02T09:18:16.437+0000] {dagbag.py:538} INFO - Filling up the DagBag from /home/airflow/.local/lib/python3.8/site-packages/airflow/example_dags/example_setup_teardown_taskflow.py
[2024-07-02T09:18:16.448+0000] {processor.py:840} INFO - DAG(s) 'example_setup_teardown_taskflow' retrieved from /home/airflow/.local/lib/python3.8/site-packages/airflow/example_dags/example_setup_teardown_taskflow.py
[2024-07-02T09:18:16.472+0000] {logging_mixin.py:188} INFO - [2024-07-02T09:18:16.472+0000] {dag.py:3033} INFO - Sync 1 DAGs
[2024-07-02T09:18:16.493+0000] {logging_mixin.py:188} INFO - [2024-07-02T09:18:16.492+0000] {dag.py:3820} INFO - Setting next_dagrun for example_setup_teardown_taskflow to 2024-07-01T00:00:00+00:00, run_after=2024-07-02T00:00:00+00:00
[2024-07-02T09:18:16.510+0000] {processor.py:183} INFO - Processing /home/airflow/.local/lib/python3.8/site-packages/airflow/example_dags/example_setup_teardown_taskflow.py took 0.079 seconds
[2024-07-02T09:18:46.934+0000] {processor.py:161} INFO - Started process (PID=1655) to work on /home/airflow/.local/lib/python3.8/site-packages/airflow/example_dags/example_setup_teardown_taskflow.py
[2024-07-02T09:18:46.935+0000] {processor.py:830} INFO - Processing file /home/airflow/.local/lib/python3.8/site-packages/airflow/example_dags/example_setup_teardown_taskflow.py for tasks to queue
[2024-07-02T09:18:46.937+0000] {logging_mixin.py:188} INFO - [2024-07-02T09:18:46.937+0000] {dagbag.py:538} INFO - Filling up the DagBag from /home/airflow/.local/lib/python3.8/site-packages/airflow/example_dags/example_setup_teardown_taskflow.py
[2024-07-02T09:18:46.946+0000] {processor.py:840} INFO - DAG(s) 'example_setup_teardown_taskflow' retrieved from /home/airflow/.local/lib/python3.8/site-packages/airflow/example_dags/example_setup_teardown_taskflow.py
[2024-07-02T09:18:46.967+0000] {logging_mixin.py:188} INFO - [2024-07-02T09:18:46.966+0000] {dag.py:3033} INFO - Sync 1 DAGs
[2024-07-02T09:18:46.986+0000] {logging_mixin.py:188} INFO - [2024-07-02T09:18:46.986+0000] {dag.py:3820} INFO - Setting next_dagrun for example_setup_teardown_taskflow to 2024-07-01T00:00:00+00:00, run_after=2024-07-02T00:00:00+00:00
[2024-07-02T09:18:47.003+0000] {processor.py:183} INFO - Processing /home/airflow/.local/lib/python3.8/site-packages/airflow/example_dags/example_setup_teardown_taskflow.py took 0.071 seconds
[2024-07-02T09:19:17.310+0000] {processor.py:161} INFO - Started process (PID=1710) to work on /home/airflow/.local/lib/python3.8/site-packages/airflow/example_dags/example_setup_teardown_taskflow.py
[2024-07-02T09:19:17.311+0000] {processor.py:830} INFO - Processing file /home/airflow/.local/lib/python3.8/site-packages/airflow/example_dags/example_setup_teardown_taskflow.py for tasks to queue
[2024-07-02T09:19:17.314+0000] {logging_mixin.py:188} INFO - [2024-07-02T09:19:17.313+0000] {dagbag.py:538} INFO - Filling up the DagBag from /home/airflow/.local/lib/python3.8/site-packages/airflow/example_dags/example_setup_teardown_taskflow.py
[2024-07-02T09:19:17.325+0000] {processor.py:840} INFO - DAG(s) 'example_setup_teardown_taskflow' retrieved from /home/airflow/.local/lib/python3.8/site-packages/airflow/example_dags/example_setup_teardown_taskflow.py
[2024-07-02T09:19:17.348+0000] {logging_mixin.py:188} INFO - [2024-07-02T09:19:17.347+0000] {dag.py:3033} INFO - Sync 1 DAGs
[2024-07-02T09:19:17.370+0000] {logging_mixin.py:188} INFO - [2024-07-02T09:19:17.370+0000] {dag.py:3820} INFO - Setting next_dagrun for example_setup_teardown_taskflow to 2024-07-01T00:00:00+00:00, run_after=2024-07-02T00:00:00+00:00
[2024-07-02T09:19:17.387+0000] {processor.py:183} INFO - Processing /home/airflow/.local/lib/python3.8/site-packages/airflow/example_dags/example_setup_teardown_taskflow.py took 0.082 seconds
[2024-07-02T09:19:47.660+0000] {processor.py:161} INFO - Started process (PID=1764) to work on /home/airflow/.local/lib/python3.8/site-packages/airflow/example_dags/example_setup_teardown_taskflow.py
[2024-07-02T09:19:47.661+0000] {processor.py:830} INFO - Processing file /home/airflow/.local/lib/python3.8/site-packages/airflow/example_dags/example_setup_teardown_taskflow.py for tasks to queue
[2024-07-02T09:19:47.663+0000] {logging_mixin.py:188} INFO - [2024-07-02T09:19:47.663+0000] {dagbag.py:538} INFO - Filling up the DagBag from /home/airflow/.local/lib/python3.8/site-packages/airflow/example_dags/example_setup_teardown_taskflow.py
[2024-07-02T09:19:47.674+0000] {processor.py:840} INFO - DAG(s) 'example_setup_teardown_taskflow' retrieved from /home/airflow/.local/lib/python3.8/site-packages/airflow/example_dags/example_setup_teardown_taskflow.py
[2024-07-02T09:19:47.696+0000] {logging_mixin.py:188} INFO - [2024-07-02T09:19:47.696+0000] {dag.py:3033} INFO - Sync 1 DAGs
[2024-07-02T09:19:47.719+0000] {logging_mixin.py:188} INFO - [2024-07-02T09:19:47.719+0000] {dag.py:3820} INFO - Setting next_dagrun for example_setup_teardown_taskflow to 2024-07-01T00:00:00+00:00, run_after=2024-07-02T00:00:00+00:00
[2024-07-02T09:19:47.735+0000] {processor.py:183} INFO - Processing /home/airflow/.local/lib/python3.8/site-packages/airflow/example_dags/example_setup_teardown_taskflow.py took 0.079 seconds
[2024-07-02T09:20:18.212+0000] {processor.py:161} INFO - Started process (PID=1818) to work on /home/airflow/.local/lib/python3.8/site-packages/airflow/example_dags/example_setup_teardown_taskflow.py
[2024-07-02T09:20:18.213+0000] {processor.py:830} INFO - Processing file /home/airflow/.local/lib/python3.8/site-packages/airflow/example_dags/example_setup_teardown_taskflow.py for tasks to queue
[2024-07-02T09:20:18.216+0000] {logging_mixin.py:188} INFO - [2024-07-02T09:20:18.215+0000] {dagbag.py:538} INFO - Filling up the DagBag from /home/airflow/.local/lib/python3.8/site-packages/airflow/example_dags/example_setup_teardown_taskflow.py
[2024-07-02T09:20:18.231+0000] {processor.py:840} INFO - DAG(s) 'example_setup_teardown_taskflow' retrieved from /home/airflow/.local/lib/python3.8/site-packages/airflow/example_dags/example_setup_teardown_taskflow.py
[2024-07-02T09:20:18.263+0000] {logging_mixin.py:188} INFO - [2024-07-02T09:20:18.262+0000] {dag.py:3033} INFO - Sync 1 DAGs
[2024-07-02T09:20:18.298+0000] {logging_mixin.py:188} INFO - [2024-07-02T09:20:18.297+0000] {dag.py:3820} INFO - Setting next_dagrun for example_setup_teardown_taskflow to 2024-07-01T00:00:00+00:00, run_after=2024-07-02T00:00:00+00:00
[2024-07-02T09:20:18.323+0000] {processor.py:183} INFO - Processing /home/airflow/.local/lib/python3.8/site-packages/airflow/example_dags/example_setup_teardown_taskflow.py took 0.115 seconds
[2024-07-02T09:20:48.771+0000] {processor.py:161} INFO - Started process (PID=1873) to work on /home/airflow/.local/lib/python3.8/site-packages/airflow/example_dags/example_setup_teardown_taskflow.py
[2024-07-02T09:20:48.772+0000] {processor.py:830} INFO - Processing file /home/airflow/.local/lib/python3.8/site-packages/airflow/example_dags/example_setup_teardown_taskflow.py for tasks to queue
[2024-07-02T09:20:48.774+0000] {logging_mixin.py:188} INFO - [2024-07-02T09:20:48.774+0000] {dagbag.py:538} INFO - Filling up the DagBag from /home/airflow/.local/lib/python3.8/site-packages/airflow/example_dags/example_setup_teardown_taskflow.py
[2024-07-02T09:20:48.785+0000] {processor.py:840} INFO - DAG(s) 'example_setup_teardown_taskflow' retrieved from /home/airflow/.local/lib/python3.8/site-packages/airflow/example_dags/example_setup_teardown_taskflow.py
[2024-07-02T09:20:48.808+0000] {logging_mixin.py:188} INFO - [2024-07-02T09:20:48.808+0000] {dag.py:3033} INFO - Sync 1 DAGs
[2024-07-02T09:20:48.830+0000] {logging_mixin.py:188} INFO - [2024-07-02T09:20:48.830+0000] {dag.py:3820} INFO - Setting next_dagrun for example_setup_teardown_taskflow to 2024-07-01T00:00:00+00:00, run_after=2024-07-02T00:00:00+00:00
[2024-07-02T09:20:48.848+0000] {processor.py:183} INFO - Processing /home/airflow/.local/lib/python3.8/site-packages/airflow/example_dags/example_setup_teardown_taskflow.py took 0.080 seconds
[2024-07-02T09:21:18.993+0000] {processor.py:161} INFO - Started process (PID=1928) to work on /home/airflow/.local/lib/python3.8/site-packages/airflow/example_dags/example_setup_teardown_taskflow.py
[2024-07-02T09:21:18.994+0000] {processor.py:830} INFO - Processing file /home/airflow/.local/lib/python3.8/site-packages/airflow/example_dags/example_setup_teardown_taskflow.py for tasks to queue
[2024-07-02T09:21:18.996+0000] {logging_mixin.py:188} INFO - [2024-07-02T09:21:18.995+0000] {dagbag.py:538} INFO - Filling up the DagBag from /home/airflow/.local/lib/python3.8/site-packages/airflow/example_dags/example_setup_teardown_taskflow.py
[2024-07-02T09:21:19.004+0000] {processor.py:840} INFO - DAG(s) 'example_setup_teardown_taskflow' retrieved from /home/airflow/.local/lib/python3.8/site-packages/airflow/example_dags/example_setup_teardown_taskflow.py
[2024-07-02T09:21:19.030+0000] {logging_mixin.py:188} INFO - [2024-07-02T09:21:19.029+0000] {dag.py:3033} INFO - Sync 1 DAGs
[2024-07-02T09:21:19.057+0000] {logging_mixin.py:188} INFO - [2024-07-02T09:21:19.056+0000] {dag.py:3820} INFO - Setting next_dagrun for example_setup_teardown_taskflow to 2024-07-01T00:00:00+00:00, run_after=2024-07-02T00:00:00+00:00
[2024-07-02T09:21:19.076+0000] {processor.py:183} INFO - Processing /home/airflow/.local/lib/python3.8/site-packages/airflow/example_dags/example_setup_teardown_taskflow.py took 0.086 seconds
[2024-07-02T09:21:49.540+0000] {processor.py:161} INFO - Started process (PID=1982) to work on /home/airflow/.local/lib/python3.8/site-packages/airflow/example_dags/example_setup_teardown_taskflow.py
[2024-07-02T09:21:49.544+0000] {processor.py:830} INFO - Processing file /home/airflow/.local/lib/python3.8/site-packages/airflow/example_dags/example_setup_teardown_taskflow.py for tasks to queue
[2024-07-02T09:21:49.547+0000] {logging_mixin.py:188} INFO - [2024-07-02T09:21:49.547+0000] {dagbag.py:538} INFO - Filling up the DagBag from /home/airflow/.local/lib/python3.8/site-packages/airflow/example_dags/example_setup_teardown_taskflow.py
[2024-07-02T09:21:49.566+0000] {processor.py:840} INFO - DAG(s) 'example_setup_teardown_taskflow' retrieved from /home/airflow/.local/lib/python3.8/site-packages/airflow/example_dags/example_setup_teardown_taskflow.py
[2024-07-02T09:21:49.596+0000] {logging_mixin.py:188} INFO - [2024-07-02T09:21:49.596+0000] {dag.py:3033} INFO - Sync 1 DAGs
[2024-07-02T09:21:49.621+0000] {logging_mixin.py:188} INFO - [2024-07-02T09:21:49.621+0000] {dag.py:3820} INFO - Setting next_dagrun for example_setup_teardown_taskflow to 2024-07-01T00:00:00+00:00, run_after=2024-07-02T00:00:00+00:00
[2024-07-02T09:21:49.645+0000] {processor.py:183} INFO - Processing /home/airflow/.local/lib/python3.8/site-packages/airflow/example_dags/example_setup_teardown_taskflow.py took 0.108 seconds
[2024-07-02T09:22:19.727+0000] {processor.py:161} INFO - Started process (PID=2037) to work on /home/airflow/.local/lib/python3.8/site-packages/airflow/example_dags/example_setup_teardown_taskflow.py
[2024-07-02T09:22:19.727+0000] {processor.py:830} INFO - Processing file /home/airflow/.local/lib/python3.8/site-packages/airflow/example_dags/example_setup_teardown_taskflow.py for tasks to queue
[2024-07-02T09:22:19.729+0000] {logging_mixin.py:188} INFO - [2024-07-02T09:22:19.729+0000] {dagbag.py:538} INFO - Filling up the DagBag from /home/airflow/.local/lib/python3.8/site-packages/airflow/example_dags/example_setup_teardown_taskflow.py
[2024-07-02T09:22:19.739+0000] {processor.py:840} INFO - DAG(s) 'example_setup_teardown_taskflow' retrieved from /home/airflow/.local/lib/python3.8/site-packages/airflow/example_dags/example_setup_teardown_taskflow.py
[2024-07-02T09:22:19.761+0000] {logging_mixin.py:188} INFO - [2024-07-02T09:22:19.761+0000] {dag.py:3033} INFO - Sync 1 DAGs
[2024-07-02T09:22:19.785+0000] {logging_mixin.py:188} INFO - [2024-07-02T09:22:19.785+0000] {dag.py:3820} INFO - Setting next_dagrun for example_setup_teardown_taskflow to 2024-07-01T00:00:00+00:00, run_after=2024-07-02T00:00:00+00:00
[2024-07-02T09:22:19.805+0000] {processor.py:183} INFO - Processing /home/airflow/.local/lib/python3.8/site-packages/airflow/example_dags/example_setup_teardown_taskflow.py took 0.082 seconds
[2024-07-02T09:22:50.163+0000] {processor.py:161} INFO - Started process (PID=2092) to work on /home/airflow/.local/lib/python3.8/site-packages/airflow/example_dags/example_setup_teardown_taskflow.py
[2024-07-02T09:22:50.164+0000] {processor.py:830} INFO - Processing file /home/airflow/.local/lib/python3.8/site-packages/airflow/example_dags/example_setup_teardown_taskflow.py for tasks to queue
[2024-07-02T09:22:50.167+0000] {logging_mixin.py:188} INFO - [2024-07-02T09:22:50.167+0000] {dagbag.py:538} INFO - Filling up the DagBag from /home/airflow/.local/lib/python3.8/site-packages/airflow/example_dags/example_setup_teardown_taskflow.py
[2024-07-02T09:22:50.179+0000] {processor.py:840} INFO - DAG(s) 'example_setup_teardown_taskflow' retrieved from /home/airflow/.local/lib/python3.8/site-packages/airflow/example_dags/example_setup_teardown_taskflow.py
[2024-07-02T09:22:50.198+0000] {logging_mixin.py:188} INFO - [2024-07-02T09:22:50.198+0000] {dag.py:3033} INFO - Sync 1 DAGs
[2024-07-02T09:22:50.219+0000] {logging_mixin.py:188} INFO - [2024-07-02T09:22:50.219+0000] {dag.py:3820} INFO - Setting next_dagrun for example_setup_teardown_taskflow to 2024-07-01T00:00:00+00:00, run_after=2024-07-02T00:00:00+00:00
[2024-07-02T09:22:50.234+0000] {processor.py:183} INFO - Processing /home/airflow/.local/lib/python3.8/site-packages/airflow/example_dags/example_setup_teardown_taskflow.py took 0.075 seconds
[2024-07-02T09:23:20.392+0000] {processor.py:161} INFO - Started process (PID=2147) to work on /home/airflow/.local/lib/python3.8/site-packages/airflow/example_dags/example_setup_teardown_taskflow.py
[2024-07-02T09:23:20.396+0000] {processor.py:830} INFO - Processing file /home/airflow/.local/lib/python3.8/site-packages/airflow/example_dags/example_setup_teardown_taskflow.py for tasks to queue
[2024-07-02T09:23:20.398+0000] {logging_mixin.py:188} INFO - [2024-07-02T09:23:20.397+0000] {dagbag.py:538} INFO - Filling up the DagBag from /home/airflow/.local/lib/python3.8/site-packages/airflow/example_dags/example_setup_teardown_taskflow.py
[2024-07-02T09:23:20.407+0000] {processor.py:840} INFO - DAG(s) 'example_setup_teardown_taskflow' retrieved from /home/airflow/.local/lib/python3.8/site-packages/airflow/example_dags/example_setup_teardown_taskflow.py
[2024-07-02T09:23:20.427+0000] {logging_mixin.py:188} INFO - [2024-07-02T09:23:20.426+0000] {dag.py:3033} INFO - Sync 1 DAGs
[2024-07-02T09:23:20.446+0000] {logging_mixin.py:188} INFO - [2024-07-02T09:23:20.446+0000] {dag.py:3820} INFO - Setting next_dagrun for example_setup_teardown_taskflow to 2024-07-01T00:00:00+00:00, run_after=2024-07-02T00:00:00+00:00
[2024-07-02T09:23:20.462+0000] {processor.py:183} INFO - Processing /home/airflow/.local/lib/python3.8/site-packages/airflow/example_dags/example_setup_teardown_taskflow.py took 0.072 seconds
[2024-07-02T09:23:50.979+0000] {processor.py:161} INFO - Started process (PID=2202) to work on /home/airflow/.local/lib/python3.8/site-packages/airflow/example_dags/example_setup_teardown_taskflow.py
[2024-07-02T09:23:50.980+0000] {processor.py:830} INFO - Processing file /home/airflow/.local/lib/python3.8/site-packages/airflow/example_dags/example_setup_teardown_taskflow.py for tasks to queue
[2024-07-02T09:23:50.981+0000] {logging_mixin.py:188} INFO - [2024-07-02T09:23:50.981+0000] {dagbag.py:538} INFO - Filling up the DagBag from /home/airflow/.local/lib/python3.8/site-packages/airflow/example_dags/example_setup_teardown_taskflow.py
[2024-07-02T09:23:50.989+0000] {processor.py:840} INFO - DAG(s) 'example_setup_teardown_taskflow' retrieved from /home/airflow/.local/lib/python3.8/site-packages/airflow/example_dags/example_setup_teardown_taskflow.py
[2024-07-02T09:23:51.013+0000] {logging_mixin.py:188} INFO - [2024-07-02T09:23:51.013+0000] {dag.py:3033} INFO - Sync 1 DAGs
[2024-07-02T09:23:51.042+0000] {logging_mixin.py:188} INFO - [2024-07-02T09:23:51.042+0000] {dag.py:3820} INFO - Setting next_dagrun for example_setup_teardown_taskflow to 2024-07-01T00:00:00+00:00, run_after=2024-07-02T00:00:00+00:00
[2024-07-02T09:23:51.063+0000] {processor.py:183} INFO - Processing /home/airflow/.local/lib/python3.8/site-packages/airflow/example_dags/example_setup_teardown_taskflow.py took 0.087 seconds
