[2024-07-02T09:04:01.330+0000] {processor.py:161} INFO - Started process (PID=58) to work on /home/airflow/.local/lib/python3.8/site-packages/airflow/example_dags/example_nested_branch_dag.py
[2024-07-02T09:04:01.332+0000] {processor.py:830} INFO - Processing file /home/airflow/.local/lib/python3.8/site-packages/airflow/example_dags/example_nested_branch_dag.py for tasks to queue
[2024-07-02T09:04:01.336+0000] {logging_mixin.py:188} INFO - [2024-07-02T09:04:01.335+0000] {dagbag.py:538} INFO - Filling up the DagBag from /home/airflow/.local/lib/python3.8/site-packages/airflow/example_dags/example_nested_branch_dag.py
[2024-07-02T09:04:01.360+0000] {processor.py:840} INFO - DAG(s) 'example_nested_branch_dag' retrieved from /home/airflow/.local/lib/python3.8/site-packages/airflow/example_dags/example_nested_branch_dag.py
[2024-07-02T09:04:01.514+0000] {logging_mixin.py:188} INFO - [2024-07-02T09:04:01.513+0000] {override.py:1769} INFO - Created Permission View: can edit on DAG:example_nested_branch_dag
[2024-07-02T09:04:01.536+0000] {logging_mixin.py:188} INFO - [2024-07-02T09:04:01.535+0000] {override.py:1769} INFO - Created Permission View: can delete on DAG:example_nested_branch_dag
[2024-07-02T09:04:01.549+0000] {logging_mixin.py:188} INFO - [2024-07-02T09:04:01.549+0000] {override.py:1769} INFO - Created Permission View: can read on DAG:example_nested_branch_dag
[2024-07-02T09:04:01.550+0000] {logging_mixin.py:188} INFO - [2024-07-02T09:04:01.550+0000] {dag.py:3033} INFO - Sync 1 DAGs
[2024-07-02T09:04:01.569+0000] {logging_mixin.py:188} INFO - [2024-07-02T09:04:01.569+0000] {dag.py:3055} INFO - Creating ORM DAG for example_nested_branch_dag
[2024-07-02T09:04:01.589+0000] {logging_mixin.py:188} INFO - [2024-07-02T09:04:01.588+0000] {dag.py:3820} INFO - Setting next_dagrun for example_nested_branch_dag to 2024-07-01T00:00:00+00:00, run_after=2024-07-02T00:00:00+00:00
[2024-07-02T09:04:01.620+0000] {processor.py:183} INFO - Processing /home/airflow/.local/lib/python3.8/site-packages/airflow/example_dags/example_nested_branch_dag.py took 0.296 seconds
[2024-07-02T09:04:32.195+0000] {processor.py:161} INFO - Started process (PID=112) to work on /home/airflow/.local/lib/python3.8/site-packages/airflow/example_dags/example_nested_branch_dag.py
[2024-07-02T09:04:32.202+0000] {processor.py:830} INFO - Processing file /home/airflow/.local/lib/python3.8/site-packages/airflow/example_dags/example_nested_branch_dag.py for tasks to queue
[2024-07-02T09:04:32.208+0000] {logging_mixin.py:188} INFO - [2024-07-02T09:04:32.208+0000] {dagbag.py:538} INFO - Filling up the DagBag from /home/airflow/.local/lib/python3.8/site-packages/airflow/example_dags/example_nested_branch_dag.py
[2024-07-02T09:04:32.236+0000] {processor.py:840} INFO - DAG(s) 'example_nested_branch_dag' retrieved from /home/airflow/.local/lib/python3.8/site-packages/airflow/example_dags/example_nested_branch_dag.py
[2024-07-02T09:04:32.279+0000] {logging_mixin.py:188} INFO - [2024-07-02T09:04:32.279+0000] {dag.py:3033} INFO - Sync 1 DAGs
[2024-07-02T09:04:32.318+0000] {logging_mixin.py:188} INFO - [2024-07-02T09:04:32.318+0000] {dag.py:3820} INFO - Setting next_dagrun for example_nested_branch_dag to 2024-07-01T00:00:00+00:00, run_after=2024-07-02T00:00:00+00:00
[2024-07-02T09:04:32.349+0000] {processor.py:183} INFO - Processing /home/airflow/.local/lib/python3.8/site-packages/airflow/example_dags/example_nested_branch_dag.py took 0.158 seconds
[2024-07-02T09:05:02.663+0000] {processor.py:161} INFO - Started process (PID=168) to work on /home/airflow/.local/lib/python3.8/site-packages/airflow/example_dags/example_nested_branch_dag.py
[2024-07-02T09:05:02.663+0000] {processor.py:830} INFO - Processing file /home/airflow/.local/lib/python3.8/site-packages/airflow/example_dags/example_nested_branch_dag.py for tasks to queue
[2024-07-02T09:05:02.665+0000] {logging_mixin.py:188} INFO - [2024-07-02T09:05:02.665+0000] {dagbag.py:538} INFO - Filling up the DagBag from /home/airflow/.local/lib/python3.8/site-packages/airflow/example_dags/example_nested_branch_dag.py
[2024-07-02T09:05:02.675+0000] {processor.py:840} INFO - DAG(s) 'example_nested_branch_dag' retrieved from /home/airflow/.local/lib/python3.8/site-packages/airflow/example_dags/example_nested_branch_dag.py
[2024-07-02T09:05:02.696+0000] {logging_mixin.py:188} INFO - [2024-07-02T09:05:02.696+0000] {dag.py:3033} INFO - Sync 1 DAGs
[2024-07-02T09:05:02.717+0000] {logging_mixin.py:188} INFO - [2024-07-02T09:05:02.717+0000] {dag.py:3820} INFO - Setting next_dagrun for example_nested_branch_dag to 2024-07-01T00:00:00+00:00, run_after=2024-07-02T00:00:00+00:00
[2024-07-02T09:05:02.735+0000] {processor.py:183} INFO - Processing /home/airflow/.local/lib/python3.8/site-packages/airflow/example_dags/example_nested_branch_dag.py took 0.075 seconds
[2024-07-02T09:05:32.798+0000] {processor.py:161} INFO - Started process (PID=223) to work on /home/airflow/.local/lib/python3.8/site-packages/airflow/example_dags/example_nested_branch_dag.py
[2024-07-02T09:05:32.799+0000] {processor.py:830} INFO - Processing file /home/airflow/.local/lib/python3.8/site-packages/airflow/example_dags/example_nested_branch_dag.py for tasks to queue
[2024-07-02T09:05:32.801+0000] {logging_mixin.py:188} INFO - [2024-07-02T09:05:32.800+0000] {dagbag.py:538} INFO - Filling up the DagBag from /home/airflow/.local/lib/python3.8/site-packages/airflow/example_dags/example_nested_branch_dag.py
[2024-07-02T09:05:32.810+0000] {processor.py:840} INFO - DAG(s) 'example_nested_branch_dag' retrieved from /home/airflow/.local/lib/python3.8/site-packages/airflow/example_dags/example_nested_branch_dag.py
[2024-07-02T09:05:32.829+0000] {logging_mixin.py:188} INFO - [2024-07-02T09:05:32.829+0000] {dag.py:3033} INFO - Sync 1 DAGs
[2024-07-02T09:05:32.851+0000] {logging_mixin.py:188} INFO - [2024-07-02T09:05:32.850+0000] {dag.py:3820} INFO - Setting next_dagrun for example_nested_branch_dag to 2024-07-01T00:00:00+00:00, run_after=2024-07-02T00:00:00+00:00
[2024-07-02T09:05:32.871+0000] {processor.py:183} INFO - Processing /home/airflow/.local/lib/python3.8/site-packages/airflow/example_dags/example_nested_branch_dag.py took 0.077 seconds
[2024-07-02T09:06:02.991+0000] {processor.py:161} INFO - Started process (PID=278) to work on /home/airflow/.local/lib/python3.8/site-packages/airflow/example_dags/example_nested_branch_dag.py
[2024-07-02T09:06:02.992+0000] {processor.py:830} INFO - Processing file /home/airflow/.local/lib/python3.8/site-packages/airflow/example_dags/example_nested_branch_dag.py for tasks to queue
[2024-07-02T09:06:02.994+0000] {logging_mixin.py:188} INFO - [2024-07-02T09:06:02.994+0000] {dagbag.py:538} INFO - Filling up the DagBag from /home/airflow/.local/lib/python3.8/site-packages/airflow/example_dags/example_nested_branch_dag.py
[2024-07-02T09:06:03.004+0000] {processor.py:840} INFO - DAG(s) 'example_nested_branch_dag' retrieved from /home/airflow/.local/lib/python3.8/site-packages/airflow/example_dags/example_nested_branch_dag.py
[2024-07-02T09:06:03.025+0000] {logging_mixin.py:188} INFO - [2024-07-02T09:06:03.025+0000] {dag.py:3033} INFO - Sync 1 DAGs
[2024-07-02T09:06:03.048+0000] {logging_mixin.py:188} INFO - [2024-07-02T09:06:03.048+0000] {dag.py:3820} INFO - Setting next_dagrun for example_nested_branch_dag to 2024-07-01T00:00:00+00:00, run_after=2024-07-02T00:00:00+00:00
[2024-07-02T09:06:03.066+0000] {processor.py:183} INFO - Processing /home/airflow/.local/lib/python3.8/site-packages/airflow/example_dags/example_nested_branch_dag.py took 0.077 seconds
[2024-07-02T09:06:33.370+0000] {processor.py:161} INFO - Started process (PID=332) to work on /home/airflow/.local/lib/python3.8/site-packages/airflow/example_dags/example_nested_branch_dag.py
[2024-07-02T09:06:33.375+0000] {processor.py:830} INFO - Processing file /home/airflow/.local/lib/python3.8/site-packages/airflow/example_dags/example_nested_branch_dag.py for tasks to queue
[2024-07-02T09:06:33.377+0000] {logging_mixin.py:188} INFO - [2024-07-02T09:06:33.377+0000] {dagbag.py:538} INFO - Filling up the DagBag from /home/airflow/.local/lib/python3.8/site-packages/airflow/example_dags/example_nested_branch_dag.py
[2024-07-02T09:06:33.391+0000] {processor.py:840} INFO - DAG(s) 'example_nested_branch_dag' retrieved from /home/airflow/.local/lib/python3.8/site-packages/airflow/example_dags/example_nested_branch_dag.py
[2024-07-02T09:06:33.416+0000] {logging_mixin.py:188} INFO - [2024-07-02T09:06:33.416+0000] {dag.py:3033} INFO - Sync 1 DAGs
[2024-07-02T09:06:33.442+0000] {logging_mixin.py:188} INFO - [2024-07-02T09:06:33.442+0000] {dag.py:3820} INFO - Setting next_dagrun for example_nested_branch_dag to 2024-07-01T00:00:00+00:00, run_after=2024-07-02T00:00:00+00:00
[2024-07-02T09:06:33.460+0000] {processor.py:183} INFO - Processing /home/airflow/.local/lib/python3.8/site-packages/airflow/example_dags/example_nested_branch_dag.py took 0.094 seconds
[2024-07-02T09:07:03.954+0000] {processor.py:161} INFO - Started process (PID=387) to work on /home/airflow/.local/lib/python3.8/site-packages/airflow/example_dags/example_nested_branch_dag.py
[2024-07-02T09:07:03.955+0000] {processor.py:830} INFO - Processing file /home/airflow/.local/lib/python3.8/site-packages/airflow/example_dags/example_nested_branch_dag.py for tasks to queue
[2024-07-02T09:07:03.957+0000] {logging_mixin.py:188} INFO - [2024-07-02T09:07:03.957+0000] {dagbag.py:538} INFO - Filling up the DagBag from /home/airflow/.local/lib/python3.8/site-packages/airflow/example_dags/example_nested_branch_dag.py
[2024-07-02T09:07:03.968+0000] {processor.py:840} INFO - DAG(s) 'example_nested_branch_dag' retrieved from /home/airflow/.local/lib/python3.8/site-packages/airflow/example_dags/example_nested_branch_dag.py
[2024-07-02T09:07:03.989+0000] {logging_mixin.py:188} INFO - [2024-07-02T09:07:03.989+0000] {dag.py:3033} INFO - Sync 1 DAGs
[2024-07-02T09:07:04.011+0000] {logging_mixin.py:188} INFO - [2024-07-02T09:07:04.011+0000] {dag.py:3820} INFO - Setting next_dagrun for example_nested_branch_dag to 2024-07-01T00:00:00+00:00, run_after=2024-07-02T00:00:00+00:00
[2024-07-02T09:07:04.027+0000] {processor.py:183} INFO - Processing /home/airflow/.local/lib/python3.8/site-packages/airflow/example_dags/example_nested_branch_dag.py took 0.076 seconds
[2024-07-02T09:07:34.540+0000] {processor.py:161} INFO - Started process (PID=442) to work on /home/airflow/.local/lib/python3.8/site-packages/airflow/example_dags/example_nested_branch_dag.py
[2024-07-02T09:07:34.541+0000] {processor.py:830} INFO - Processing file /home/airflow/.local/lib/python3.8/site-packages/airflow/example_dags/example_nested_branch_dag.py for tasks to queue
[2024-07-02T09:07:34.543+0000] {logging_mixin.py:188} INFO - [2024-07-02T09:07:34.542+0000] {dagbag.py:538} INFO - Filling up the DagBag from /home/airflow/.local/lib/python3.8/site-packages/airflow/example_dags/example_nested_branch_dag.py
[2024-07-02T09:07:34.553+0000] {processor.py:840} INFO - DAG(s) 'example_nested_branch_dag' retrieved from /home/airflow/.local/lib/python3.8/site-packages/airflow/example_dags/example_nested_branch_dag.py
[2024-07-02T09:07:34.575+0000] {logging_mixin.py:188} INFO - [2024-07-02T09:07:34.575+0000] {dag.py:3033} INFO - Sync 1 DAGs
[2024-07-02T09:07:34.597+0000] {logging_mixin.py:188} INFO - [2024-07-02T09:07:34.597+0000] {dag.py:3820} INFO - Setting next_dagrun for example_nested_branch_dag to 2024-07-01T00:00:00+00:00, run_after=2024-07-02T00:00:00+00:00
[2024-07-02T09:07:34.615+0000] {processor.py:183} INFO - Processing /home/airflow/.local/lib/python3.8/site-packages/airflow/example_dags/example_nested_branch_dag.py took 0.078 seconds
[2024-07-02T09:08:05.082+0000] {processor.py:161} INFO - Started process (PID=497) to work on /home/airflow/.local/lib/python3.8/site-packages/airflow/example_dags/example_nested_branch_dag.py
[2024-07-02T09:08:05.083+0000] {processor.py:830} INFO - Processing file /home/airflow/.local/lib/python3.8/site-packages/airflow/example_dags/example_nested_branch_dag.py for tasks to queue
[2024-07-02T09:08:05.085+0000] {logging_mixin.py:188} INFO - [2024-07-02T09:08:05.084+0000] {dagbag.py:538} INFO - Filling up the DagBag from /home/airflow/.local/lib/python3.8/site-packages/airflow/example_dags/example_nested_branch_dag.py
[2024-07-02T09:08:05.094+0000] {processor.py:840} INFO - DAG(s) 'example_nested_branch_dag' retrieved from /home/airflow/.local/lib/python3.8/site-packages/airflow/example_dags/example_nested_branch_dag.py
[2024-07-02T09:08:05.115+0000] {logging_mixin.py:188} INFO - [2024-07-02T09:08:05.115+0000] {dag.py:3033} INFO - Sync 1 DAGs
[2024-07-02T09:08:05.136+0000] {logging_mixin.py:188} INFO - [2024-07-02T09:08:05.135+0000] {dag.py:3820} INFO - Setting next_dagrun for example_nested_branch_dag to 2024-07-01T00:00:00+00:00, run_after=2024-07-02T00:00:00+00:00
[2024-07-02T09:08:05.153+0000] {processor.py:183} INFO - Processing /home/airflow/.local/lib/python3.8/site-packages/airflow/example_dags/example_nested_branch_dag.py took 0.074 seconds
[2024-07-02T09:08:35.663+0000] {processor.py:161} INFO - Started process (PID=552) to work on /home/airflow/.local/lib/python3.8/site-packages/airflow/example_dags/example_nested_branch_dag.py
[2024-07-02T09:08:35.664+0000] {processor.py:830} INFO - Processing file /home/airflow/.local/lib/python3.8/site-packages/airflow/example_dags/example_nested_branch_dag.py for tasks to queue
[2024-07-02T09:08:35.666+0000] {logging_mixin.py:188} INFO - [2024-07-02T09:08:35.666+0000] {dagbag.py:538} INFO - Filling up the DagBag from /home/airflow/.local/lib/python3.8/site-packages/airflow/example_dags/example_nested_branch_dag.py
[2024-07-02T09:08:35.677+0000] {processor.py:840} INFO - DAG(s) 'example_nested_branch_dag' retrieved from /home/airflow/.local/lib/python3.8/site-packages/airflow/example_dags/example_nested_branch_dag.py
[2024-07-02T09:08:35.696+0000] {logging_mixin.py:188} INFO - [2024-07-02T09:08:35.696+0000] {dag.py:3033} INFO - Sync 1 DAGs
[2024-07-02T09:08:35.717+0000] {logging_mixin.py:188} INFO - [2024-07-02T09:08:35.717+0000] {dag.py:3820} INFO - Setting next_dagrun for example_nested_branch_dag to 2024-07-01T00:00:00+00:00, run_after=2024-07-02T00:00:00+00:00
[2024-07-02T09:08:35.733+0000] {processor.py:183} INFO - Processing /home/airflow/.local/lib/python3.8/site-packages/airflow/example_dags/example_nested_branch_dag.py took 0.073 seconds
[2024-07-02T09:09:06.230+0000] {processor.py:161} INFO - Started process (PID=607) to work on /home/airflow/.local/lib/python3.8/site-packages/airflow/example_dags/example_nested_branch_dag.py
[2024-07-02T09:09:06.234+0000] {processor.py:830} INFO - Processing file /home/airflow/.local/lib/python3.8/site-packages/airflow/example_dags/example_nested_branch_dag.py for tasks to queue
[2024-07-02T09:09:06.235+0000] {logging_mixin.py:188} INFO - [2024-07-02T09:09:06.235+0000] {dagbag.py:538} INFO - Filling up the DagBag from /home/airflow/.local/lib/python3.8/site-packages/airflow/example_dags/example_nested_branch_dag.py
[2024-07-02T09:09:06.244+0000] {processor.py:840} INFO - DAG(s) 'example_nested_branch_dag' retrieved from /home/airflow/.local/lib/python3.8/site-packages/airflow/example_dags/example_nested_branch_dag.py
[2024-07-02T09:09:06.267+0000] {logging_mixin.py:188} INFO - [2024-07-02T09:09:06.266+0000] {dag.py:3033} INFO - Sync 1 DAGs
[2024-07-02T09:09:06.290+0000] {logging_mixin.py:188} INFO - [2024-07-02T09:09:06.290+0000] {dag.py:3820} INFO - Setting next_dagrun for example_nested_branch_dag to 2024-07-01T00:00:00+00:00, run_after=2024-07-02T00:00:00+00:00
[2024-07-02T09:09:06.307+0000] {processor.py:183} INFO - Processing /home/airflow/.local/lib/python3.8/site-packages/airflow/example_dags/example_nested_branch_dag.py took 0.080 seconds
[2024-07-02T09:09:36.962+0000] {processor.py:161} INFO - Started process (PID=662) to work on /home/airflow/.local/lib/python3.8/site-packages/airflow/example_dags/example_nested_branch_dag.py
[2024-07-02T09:09:36.965+0000] {processor.py:830} INFO - Processing file /home/airflow/.local/lib/python3.8/site-packages/airflow/example_dags/example_nested_branch_dag.py for tasks to queue
[2024-07-02T09:09:36.967+0000] {logging_mixin.py:188} INFO - [2024-07-02T09:09:36.966+0000] {dagbag.py:538} INFO - Filling up the DagBag from /home/airflow/.local/lib/python3.8/site-packages/airflow/example_dags/example_nested_branch_dag.py
[2024-07-02T09:09:36.975+0000] {processor.py:840} INFO - DAG(s) 'example_nested_branch_dag' retrieved from /home/airflow/.local/lib/python3.8/site-packages/airflow/example_dags/example_nested_branch_dag.py
[2024-07-02T09:09:36.997+0000] {logging_mixin.py:188} INFO - [2024-07-02T09:09:36.997+0000] {dag.py:3033} INFO - Sync 1 DAGs
[2024-07-02T09:09:37.020+0000] {logging_mixin.py:188} INFO - [2024-07-02T09:09:37.019+0000] {dag.py:3820} INFO - Setting next_dagrun for example_nested_branch_dag to 2024-07-01T00:00:00+00:00, run_after=2024-07-02T00:00:00+00:00
[2024-07-02T09:09:37.036+0000] {processor.py:183} INFO - Processing /home/airflow/.local/lib/python3.8/site-packages/airflow/example_dags/example_nested_branch_dag.py took 0.077 seconds
[2024-07-02T09:10:07.281+0000] {processor.py:161} INFO - Started process (PID=718) to work on /home/airflow/.local/lib/python3.8/site-packages/airflow/example_dags/example_nested_branch_dag.py
[2024-07-02T09:10:07.281+0000] {processor.py:830} INFO - Processing file /home/airflow/.local/lib/python3.8/site-packages/airflow/example_dags/example_nested_branch_dag.py for tasks to queue
[2024-07-02T09:10:07.283+0000] {logging_mixin.py:188} INFO - [2024-07-02T09:10:07.283+0000] {dagbag.py:538} INFO - Filling up the DagBag from /home/airflow/.local/lib/python3.8/site-packages/airflow/example_dags/example_nested_branch_dag.py
[2024-07-02T09:10:07.294+0000] {processor.py:840} INFO - DAG(s) 'example_nested_branch_dag' retrieved from /home/airflow/.local/lib/python3.8/site-packages/airflow/example_dags/example_nested_branch_dag.py
[2024-07-02T09:10:07.315+0000] {logging_mixin.py:188} INFO - [2024-07-02T09:10:07.315+0000] {dag.py:3033} INFO - Sync 1 DAGs
[2024-07-02T09:10:07.337+0000] {logging_mixin.py:188} INFO - [2024-07-02T09:10:07.336+0000] {dag.py:3820} INFO - Setting next_dagrun for example_nested_branch_dag to 2024-07-01T00:00:00+00:00, run_after=2024-07-02T00:00:00+00:00
[2024-07-02T09:10:07.353+0000] {processor.py:183} INFO - Processing /home/airflow/.local/lib/python3.8/site-packages/airflow/example_dags/example_nested_branch_dag.py took 0.076 seconds
[2024-07-02T09:10:37.809+0000] {processor.py:161} INFO - Started process (PID=772) to work on /home/airflow/.local/lib/python3.8/site-packages/airflow/example_dags/example_nested_branch_dag.py
[2024-07-02T09:10:37.813+0000] {processor.py:830} INFO - Processing file /home/airflow/.local/lib/python3.8/site-packages/airflow/example_dags/example_nested_branch_dag.py for tasks to queue
[2024-07-02T09:10:37.814+0000] {logging_mixin.py:188} INFO - [2024-07-02T09:10:37.814+0000] {dagbag.py:538} INFO - Filling up the DagBag from /home/airflow/.local/lib/python3.8/site-packages/airflow/example_dags/example_nested_branch_dag.py
[2024-07-02T09:10:37.823+0000] {processor.py:840} INFO - DAG(s) 'example_nested_branch_dag' retrieved from /home/airflow/.local/lib/python3.8/site-packages/airflow/example_dags/example_nested_branch_dag.py
[2024-07-02T09:10:37.848+0000] {logging_mixin.py:188} INFO - [2024-07-02T09:10:37.847+0000] {dag.py:3033} INFO - Sync 1 DAGs
[2024-07-02T09:10:37.874+0000] {logging_mixin.py:188} INFO - [2024-07-02T09:10:37.874+0000] {dag.py:3820} INFO - Setting next_dagrun for example_nested_branch_dag to 2024-07-01T00:00:00+00:00, run_after=2024-07-02T00:00:00+00:00
[2024-07-02T09:10:37.891+0000] {processor.py:183} INFO - Processing /home/airflow/.local/lib/python3.8/site-packages/airflow/example_dags/example_nested_branch_dag.py took 0.084 seconds
[2024-07-02T09:11:08.371+0000] {processor.py:161} INFO - Started process (PID=827) to work on /home/airflow/.local/lib/python3.8/site-packages/airflow/example_dags/example_nested_branch_dag.py
[2024-07-02T09:11:08.373+0000] {processor.py:830} INFO - Processing file /home/airflow/.local/lib/python3.8/site-packages/airflow/example_dags/example_nested_branch_dag.py for tasks to queue
[2024-07-02T09:11:08.375+0000] {logging_mixin.py:188} INFO - [2024-07-02T09:11:08.375+0000] {dagbag.py:538} INFO - Filling up the DagBag from /home/airflow/.local/lib/python3.8/site-packages/airflow/example_dags/example_nested_branch_dag.py
[2024-07-02T09:11:08.385+0000] {processor.py:840} INFO - DAG(s) 'example_nested_branch_dag' retrieved from /home/airflow/.local/lib/python3.8/site-packages/airflow/example_dags/example_nested_branch_dag.py
[2024-07-02T09:11:08.408+0000] {logging_mixin.py:188} INFO - [2024-07-02T09:11:08.408+0000] {dag.py:3033} INFO - Sync 1 DAGs
[2024-07-02T09:11:08.431+0000] {logging_mixin.py:188} INFO - [2024-07-02T09:11:08.430+0000] {dag.py:3820} INFO - Setting next_dagrun for example_nested_branch_dag to 2024-07-01T00:00:00+00:00, run_after=2024-07-02T00:00:00+00:00
[2024-07-02T09:11:08.448+0000] {processor.py:183} INFO - Processing /home/airflow/.local/lib/python3.8/site-packages/airflow/example_dags/example_nested_branch_dag.py took 0.080 seconds
[2024-07-02T09:11:38.811+0000] {processor.py:161} INFO - Started process (PID=882) to work on /home/airflow/.local/lib/python3.8/site-packages/airflow/example_dags/example_nested_branch_dag.py
[2024-07-02T09:11:38.813+0000] {processor.py:830} INFO - Processing file /home/airflow/.local/lib/python3.8/site-packages/airflow/example_dags/example_nested_branch_dag.py for tasks to queue
[2024-07-02T09:11:38.817+0000] {logging_mixin.py:188} INFO - [2024-07-02T09:11:38.817+0000] {dagbag.py:538} INFO - Filling up the DagBag from /home/airflow/.local/lib/python3.8/site-packages/airflow/example_dags/example_nested_branch_dag.py
[2024-07-02T09:11:38.845+0000] {processor.py:840} INFO - DAG(s) 'example_nested_branch_dag' retrieved from /home/airflow/.local/lib/python3.8/site-packages/airflow/example_dags/example_nested_branch_dag.py
[2024-07-02T09:11:38.904+0000] {logging_mixin.py:188} INFO - [2024-07-02T09:11:38.903+0000] {dag.py:3033} INFO - Sync 1 DAGs
[2024-07-02T09:11:38.961+0000] {logging_mixin.py:188} INFO - [2024-07-02T09:11:38.960+0000] {dag.py:3820} INFO - Setting next_dagrun for example_nested_branch_dag to 2024-07-01T00:00:00+00:00, run_after=2024-07-02T00:00:00+00:00
[2024-07-02T09:11:39.005+0000] {processor.py:183} INFO - Processing /home/airflow/.local/lib/python3.8/site-packages/airflow/example_dags/example_nested_branch_dag.py took 0.201 seconds
[2024-07-02T09:12:09.323+0000] {processor.py:161} INFO - Started process (PID=937) to work on /home/airflow/.local/lib/python3.8/site-packages/airflow/example_dags/example_nested_branch_dag.py
[2024-07-02T09:12:09.324+0000] {processor.py:830} INFO - Processing file /home/airflow/.local/lib/python3.8/site-packages/airflow/example_dags/example_nested_branch_dag.py for tasks to queue
[2024-07-02T09:12:09.325+0000] {logging_mixin.py:188} INFO - [2024-07-02T09:12:09.325+0000] {dagbag.py:538} INFO - Filling up the DagBag from /home/airflow/.local/lib/python3.8/site-packages/airflow/example_dags/example_nested_branch_dag.py
[2024-07-02T09:12:09.335+0000] {processor.py:840} INFO - DAG(s) 'example_nested_branch_dag' retrieved from /home/airflow/.local/lib/python3.8/site-packages/airflow/example_dags/example_nested_branch_dag.py
[2024-07-02T09:12:09.355+0000] {logging_mixin.py:188} INFO - [2024-07-02T09:12:09.355+0000] {dag.py:3033} INFO - Sync 1 DAGs
[2024-07-02T09:12:09.379+0000] {logging_mixin.py:188} INFO - [2024-07-02T09:12:09.378+0000] {dag.py:3820} INFO - Setting next_dagrun for example_nested_branch_dag to 2024-07-01T00:00:00+00:00, run_after=2024-07-02T00:00:00+00:00
[2024-07-02T09:12:09.401+0000] {processor.py:183} INFO - Processing /home/airflow/.local/lib/python3.8/site-packages/airflow/example_dags/example_nested_branch_dag.py took 0.081 seconds
[2024-07-02T09:12:39.482+0000] {processor.py:161} INFO - Started process (PID=992) to work on /home/airflow/.local/lib/python3.8/site-packages/airflow/example_dags/example_nested_branch_dag.py
[2024-07-02T09:12:39.483+0000] {processor.py:830} INFO - Processing file /home/airflow/.local/lib/python3.8/site-packages/airflow/example_dags/example_nested_branch_dag.py for tasks to queue
[2024-07-02T09:12:39.484+0000] {logging_mixin.py:188} INFO - [2024-07-02T09:12:39.484+0000] {dagbag.py:538} INFO - Filling up the DagBag from /home/airflow/.local/lib/python3.8/site-packages/airflow/example_dags/example_nested_branch_dag.py
[2024-07-02T09:12:39.493+0000] {processor.py:840} INFO - DAG(s) 'example_nested_branch_dag' retrieved from /home/airflow/.local/lib/python3.8/site-packages/airflow/example_dags/example_nested_branch_dag.py
[2024-07-02T09:12:39.514+0000] {logging_mixin.py:188} INFO - [2024-07-02T09:12:39.514+0000] {dag.py:3033} INFO - Sync 1 DAGs
[2024-07-02T09:12:39.534+0000] {logging_mixin.py:188} INFO - [2024-07-02T09:12:39.533+0000] {dag.py:3820} INFO - Setting next_dagrun for example_nested_branch_dag to 2024-07-01T00:00:00+00:00, run_after=2024-07-02T00:00:00+00:00
[2024-07-02T09:12:39.551+0000] {processor.py:183} INFO - Processing /home/airflow/.local/lib/python3.8/site-packages/airflow/example_dags/example_nested_branch_dag.py took 0.072 seconds
[2024-07-02T09:13:10.131+0000] {processor.py:161} INFO - Started process (PID=1047) to work on /home/airflow/.local/lib/python3.8/site-packages/airflow/example_dags/example_nested_branch_dag.py
[2024-07-02T09:13:10.132+0000] {processor.py:830} INFO - Processing file /home/airflow/.local/lib/python3.8/site-packages/airflow/example_dags/example_nested_branch_dag.py for tasks to queue
[2024-07-02T09:13:10.133+0000] {logging_mixin.py:188} INFO - [2024-07-02T09:13:10.133+0000] {dagbag.py:538} INFO - Filling up the DagBag from /home/airflow/.local/lib/python3.8/site-packages/airflow/example_dags/example_nested_branch_dag.py
[2024-07-02T09:13:10.142+0000] {processor.py:840} INFO - DAG(s) 'example_nested_branch_dag' retrieved from /home/airflow/.local/lib/python3.8/site-packages/airflow/example_dags/example_nested_branch_dag.py
[2024-07-02T09:13:10.161+0000] {logging_mixin.py:188} INFO - [2024-07-02T09:13:10.161+0000] {dag.py:3033} INFO - Sync 1 DAGs
[2024-07-02T09:13:10.185+0000] {logging_mixin.py:188} INFO - [2024-07-02T09:13:10.185+0000] {dag.py:3820} INFO - Setting next_dagrun for example_nested_branch_dag to 2024-07-01T00:00:00+00:00, run_after=2024-07-02T00:00:00+00:00
[2024-07-02T09:13:10.207+0000] {processor.py:183} INFO - Processing /home/airflow/.local/lib/python3.8/site-packages/airflow/example_dags/example_nested_branch_dag.py took 0.079 seconds
[2024-07-02T09:13:40.701+0000] {processor.py:161} INFO - Started process (PID=1102) to work on /home/airflow/.local/lib/python3.8/site-packages/airflow/example_dags/example_nested_branch_dag.py
[2024-07-02T09:13:40.702+0000] {processor.py:830} INFO - Processing file /home/airflow/.local/lib/python3.8/site-packages/airflow/example_dags/example_nested_branch_dag.py for tasks to queue
[2024-07-02T09:13:40.704+0000] {logging_mixin.py:188} INFO - [2024-07-02T09:13:40.703+0000] {dagbag.py:538} INFO - Filling up the DagBag from /home/airflow/.local/lib/python3.8/site-packages/airflow/example_dags/example_nested_branch_dag.py
[2024-07-02T09:13:40.712+0000] {processor.py:840} INFO - DAG(s) 'example_nested_branch_dag' retrieved from /home/airflow/.local/lib/python3.8/site-packages/airflow/example_dags/example_nested_branch_dag.py
[2024-07-02T09:13:40.735+0000] {logging_mixin.py:188} INFO - [2024-07-02T09:13:40.734+0000] {dag.py:3033} INFO - Sync 1 DAGs
[2024-07-02T09:13:40.758+0000] {logging_mixin.py:188} INFO - [2024-07-02T09:13:40.758+0000] {dag.py:3820} INFO - Setting next_dagrun for example_nested_branch_dag to 2024-07-01T00:00:00+00:00, run_after=2024-07-02T00:00:00+00:00
[2024-07-02T09:13:40.775+0000] {processor.py:183} INFO - Processing /home/airflow/.local/lib/python3.8/site-packages/airflow/example_dags/example_nested_branch_dag.py took 0.076 seconds
[2024-07-02T09:14:11.167+0000] {processor.py:161} INFO - Started process (PID=1157) to work on /home/airflow/.local/lib/python3.8/site-packages/airflow/example_dags/example_nested_branch_dag.py
[2024-07-02T09:14:11.168+0000] {processor.py:830} INFO - Processing file /home/airflow/.local/lib/python3.8/site-packages/airflow/example_dags/example_nested_branch_dag.py for tasks to queue
[2024-07-02T09:14:11.170+0000] {logging_mixin.py:188} INFO - [2024-07-02T09:14:11.170+0000] {dagbag.py:538} INFO - Filling up the DagBag from /home/airflow/.local/lib/python3.8/site-packages/airflow/example_dags/example_nested_branch_dag.py
[2024-07-02T09:14:11.181+0000] {processor.py:840} INFO - DAG(s) 'example_nested_branch_dag' retrieved from /home/airflow/.local/lib/python3.8/site-packages/airflow/example_dags/example_nested_branch_dag.py
[2024-07-02T09:14:11.201+0000] {logging_mixin.py:188} INFO - [2024-07-02T09:14:11.201+0000] {dag.py:3033} INFO - Sync 1 DAGs
[2024-07-02T09:14:11.224+0000] {logging_mixin.py:188} INFO - [2024-07-02T09:14:11.223+0000] {dag.py:3820} INFO - Setting next_dagrun for example_nested_branch_dag to 2024-07-01T00:00:00+00:00, run_after=2024-07-02T00:00:00+00:00
[2024-07-02T09:14:11.243+0000] {processor.py:183} INFO - Processing /home/airflow/.local/lib/python3.8/site-packages/airflow/example_dags/example_nested_branch_dag.py took 0.079 seconds
[2024-07-02T09:14:41.704+0000] {processor.py:161} INFO - Started process (PID=1212) to work on /home/airflow/.local/lib/python3.8/site-packages/airflow/example_dags/example_nested_branch_dag.py
[2024-07-02T09:14:41.705+0000] {processor.py:830} INFO - Processing file /home/airflow/.local/lib/python3.8/site-packages/airflow/example_dags/example_nested_branch_dag.py for tasks to queue
[2024-07-02T09:14:41.706+0000] {logging_mixin.py:188} INFO - [2024-07-02T09:14:41.706+0000] {dagbag.py:538} INFO - Filling up the DagBag from /home/airflow/.local/lib/python3.8/site-packages/airflow/example_dags/example_nested_branch_dag.py
[2024-07-02T09:14:41.717+0000] {processor.py:840} INFO - DAG(s) 'example_nested_branch_dag' retrieved from /home/airflow/.local/lib/python3.8/site-packages/airflow/example_dags/example_nested_branch_dag.py
[2024-07-02T09:14:41.738+0000] {logging_mixin.py:188} INFO - [2024-07-02T09:14:41.738+0000] {dag.py:3033} INFO - Sync 1 DAGs
[2024-07-02T09:14:41.759+0000] {logging_mixin.py:188} INFO - [2024-07-02T09:14:41.759+0000] {dag.py:3820} INFO - Setting next_dagrun for example_nested_branch_dag to 2024-07-01T00:00:00+00:00, run_after=2024-07-02T00:00:00+00:00
[2024-07-02T09:14:41.779+0000] {processor.py:183} INFO - Processing /home/airflow/.local/lib/python3.8/site-packages/airflow/example_dags/example_nested_branch_dag.py took 0.078 seconds
[2024-07-02T09:15:12.268+0000] {processor.py:161} INFO - Started process (PID=1267) to work on /home/airflow/.local/lib/python3.8/site-packages/airflow/example_dags/example_nested_branch_dag.py
[2024-07-02T09:15:12.269+0000] {processor.py:830} INFO - Processing file /home/airflow/.local/lib/python3.8/site-packages/airflow/example_dags/example_nested_branch_dag.py for tasks to queue
[2024-07-02T09:15:12.271+0000] {logging_mixin.py:188} INFO - [2024-07-02T09:15:12.271+0000] {dagbag.py:538} INFO - Filling up the DagBag from /home/airflow/.local/lib/python3.8/site-packages/airflow/example_dags/example_nested_branch_dag.py
[2024-07-02T09:15:12.281+0000] {processor.py:840} INFO - DAG(s) 'example_nested_branch_dag' retrieved from /home/airflow/.local/lib/python3.8/site-packages/airflow/example_dags/example_nested_branch_dag.py
[2024-07-02T09:15:12.302+0000] {logging_mixin.py:188} INFO - [2024-07-02T09:15:12.302+0000] {dag.py:3033} INFO - Sync 1 DAGs
[2024-07-02T09:15:12.323+0000] {logging_mixin.py:188} INFO - [2024-07-02T09:15:12.323+0000] {dag.py:3820} INFO - Setting next_dagrun for example_nested_branch_dag to 2024-07-01T00:00:00+00:00, run_after=2024-07-02T00:00:00+00:00
[2024-07-02T09:15:12.343+0000] {processor.py:183} INFO - Processing /home/airflow/.local/lib/python3.8/site-packages/airflow/example_dags/example_nested_branch_dag.py took 0.077 seconds
[2024-07-02T09:15:42.604+0000] {processor.py:161} INFO - Started process (PID=1322) to work on /home/airflow/.local/lib/python3.8/site-packages/airflow/example_dags/example_nested_branch_dag.py
[2024-07-02T09:15:42.604+0000] {processor.py:830} INFO - Processing file /home/airflow/.local/lib/python3.8/site-packages/airflow/example_dags/example_nested_branch_dag.py for tasks to queue
[2024-07-02T09:15:42.606+0000] {logging_mixin.py:188} INFO - [2024-07-02T09:15:42.606+0000] {dagbag.py:538} INFO - Filling up the DagBag from /home/airflow/.local/lib/python3.8/site-packages/airflow/example_dags/example_nested_branch_dag.py
[2024-07-02T09:15:42.615+0000] {processor.py:840} INFO - DAG(s) 'example_nested_branch_dag' retrieved from /home/airflow/.local/lib/python3.8/site-packages/airflow/example_dags/example_nested_branch_dag.py
[2024-07-02T09:15:42.634+0000] {logging_mixin.py:188} INFO - [2024-07-02T09:15:42.634+0000] {dag.py:3033} INFO - Sync 1 DAGs
[2024-07-02T09:15:42.656+0000] {logging_mixin.py:188} INFO - [2024-07-02T09:15:42.656+0000] {dag.py:3820} INFO - Setting next_dagrun for example_nested_branch_dag to 2024-07-01T00:00:00+00:00, run_after=2024-07-02T00:00:00+00:00
[2024-07-02T09:15:42.677+0000] {processor.py:183} INFO - Processing /home/airflow/.local/lib/python3.8/site-packages/airflow/example_dags/example_nested_branch_dag.py took 0.076 seconds
[2024-07-02T09:16:13.333+0000] {processor.py:161} INFO - Started process (PID=1376) to work on /home/airflow/.local/lib/python3.8/site-packages/airflow/example_dags/example_nested_branch_dag.py
[2024-07-02T09:16:13.333+0000] {processor.py:830} INFO - Processing file /home/airflow/.local/lib/python3.8/site-packages/airflow/example_dags/example_nested_branch_dag.py for tasks to queue
[2024-07-02T09:16:13.335+0000] {logging_mixin.py:188} INFO - [2024-07-02T09:16:13.335+0000] {dagbag.py:538} INFO - Filling up the DagBag from /home/airflow/.local/lib/python3.8/site-packages/airflow/example_dags/example_nested_branch_dag.py
[2024-07-02T09:16:13.344+0000] {processor.py:840} INFO - DAG(s) 'example_nested_branch_dag' retrieved from /home/airflow/.local/lib/python3.8/site-packages/airflow/example_dags/example_nested_branch_dag.py
[2024-07-02T09:16:13.363+0000] {logging_mixin.py:188} INFO - [2024-07-02T09:16:13.363+0000] {dag.py:3033} INFO - Sync 1 DAGs
[2024-07-02T09:16:13.383+0000] {logging_mixin.py:188} INFO - [2024-07-02T09:16:13.383+0000] {dag.py:3820} INFO - Setting next_dagrun for example_nested_branch_dag to 2024-07-01T00:00:00+00:00, run_after=2024-07-02T00:00:00+00:00
[2024-07-02T09:16:13.403+0000] {processor.py:183} INFO - Processing /home/airflow/.local/lib/python3.8/site-packages/airflow/example_dags/example_nested_branch_dag.py took 0.073 seconds
[2024-07-02T09:16:43.900+0000] {processor.py:161} INFO - Started process (PID=1431) to work on /home/airflow/.local/lib/python3.8/site-packages/airflow/example_dags/example_nested_branch_dag.py
[2024-07-02T09:16:43.901+0000] {processor.py:830} INFO - Processing file /home/airflow/.local/lib/python3.8/site-packages/airflow/example_dags/example_nested_branch_dag.py for tasks to queue
[2024-07-02T09:16:43.903+0000] {logging_mixin.py:188} INFO - [2024-07-02T09:16:43.903+0000] {dagbag.py:538} INFO - Filling up the DagBag from /home/airflow/.local/lib/python3.8/site-packages/airflow/example_dags/example_nested_branch_dag.py
[2024-07-02T09:16:43.914+0000] {processor.py:840} INFO - DAG(s) 'example_nested_branch_dag' retrieved from /home/airflow/.local/lib/python3.8/site-packages/airflow/example_dags/example_nested_branch_dag.py
[2024-07-02T09:16:43.936+0000] {logging_mixin.py:188} INFO - [2024-07-02T09:16:43.936+0000] {dag.py:3033} INFO - Sync 1 DAGs
[2024-07-02T09:16:43.957+0000] {logging_mixin.py:188} INFO - [2024-07-02T09:16:43.956+0000] {dag.py:3820} INFO - Setting next_dagrun for example_nested_branch_dag to 2024-07-01T00:00:00+00:00, run_after=2024-07-02T00:00:00+00:00
[2024-07-02T09:16:43.972+0000] {processor.py:183} INFO - Processing /home/airflow/.local/lib/python3.8/site-packages/airflow/example_dags/example_nested_branch_dag.py took 0.075 seconds
[2024-07-02T09:17:14.422+0000] {processor.py:161} INFO - Started process (PID=1486) to work on /home/airflow/.local/lib/python3.8/site-packages/airflow/example_dags/example_nested_branch_dag.py
[2024-07-02T09:17:14.423+0000] {processor.py:830} INFO - Processing file /home/airflow/.local/lib/python3.8/site-packages/airflow/example_dags/example_nested_branch_dag.py for tasks to queue
[2024-07-02T09:17:14.425+0000] {logging_mixin.py:188} INFO - [2024-07-02T09:17:14.425+0000] {dagbag.py:538} INFO - Filling up the DagBag from /home/airflow/.local/lib/python3.8/site-packages/airflow/example_dags/example_nested_branch_dag.py
[2024-07-02T09:17:14.434+0000] {processor.py:840} INFO - DAG(s) 'example_nested_branch_dag' retrieved from /home/airflow/.local/lib/python3.8/site-packages/airflow/example_dags/example_nested_branch_dag.py
[2024-07-02T09:17:14.454+0000] {logging_mixin.py:188} INFO - [2024-07-02T09:17:14.454+0000] {dag.py:3033} INFO - Sync 1 DAGs
[2024-07-02T09:17:14.474+0000] {logging_mixin.py:188} INFO - [2024-07-02T09:17:14.474+0000] {dag.py:3820} INFO - Setting next_dagrun for example_nested_branch_dag to 2024-07-01T00:00:00+00:00, run_after=2024-07-02T00:00:00+00:00
[2024-07-02T09:17:14.489+0000] {processor.py:183} INFO - Processing /home/airflow/.local/lib/python3.8/site-packages/airflow/example_dags/example_nested_branch_dag.py took 0.069 seconds
[2024-07-02T09:17:44.832+0000] {processor.py:161} INFO - Started process (PID=1542) to work on /home/airflow/.local/lib/python3.8/site-packages/airflow/example_dags/example_nested_branch_dag.py
[2024-07-02T09:17:44.833+0000] {processor.py:830} INFO - Processing file /home/airflow/.local/lib/python3.8/site-packages/airflow/example_dags/example_nested_branch_dag.py for tasks to queue
[2024-07-02T09:17:44.834+0000] {logging_mixin.py:188} INFO - [2024-07-02T09:17:44.834+0000] {dagbag.py:538} INFO - Filling up the DagBag from /home/airflow/.local/lib/python3.8/site-packages/airflow/example_dags/example_nested_branch_dag.py
[2024-07-02T09:17:44.845+0000] {processor.py:840} INFO - DAG(s) 'example_nested_branch_dag' retrieved from /home/airflow/.local/lib/python3.8/site-packages/airflow/example_dags/example_nested_branch_dag.py
[2024-07-02T09:17:44.866+0000] {logging_mixin.py:188} INFO - [2024-07-02T09:17:44.866+0000] {dag.py:3033} INFO - Sync 1 DAGs
[2024-07-02T09:17:44.891+0000] {logging_mixin.py:188} INFO - [2024-07-02T09:17:44.890+0000] {dag.py:3820} INFO - Setting next_dagrun for example_nested_branch_dag to 2024-07-01T00:00:00+00:00, run_after=2024-07-02T00:00:00+00:00
[2024-07-02T09:17:44.911+0000] {processor.py:183} INFO - Processing /home/airflow/.local/lib/python3.8/site-packages/airflow/example_dags/example_nested_branch_dag.py took 0.083 seconds
[2024-07-02T09:18:15.290+0000] {processor.py:161} INFO - Started process (PID=1597) to work on /home/airflow/.local/lib/python3.8/site-packages/airflow/example_dags/example_nested_branch_dag.py
[2024-07-02T09:18:15.290+0000] {processor.py:830} INFO - Processing file /home/airflow/.local/lib/python3.8/site-packages/airflow/example_dags/example_nested_branch_dag.py for tasks to queue
[2024-07-02T09:18:15.292+0000] {logging_mixin.py:188} INFO - [2024-07-02T09:18:15.292+0000] {dagbag.py:538} INFO - Filling up the DagBag from /home/airflow/.local/lib/python3.8/site-packages/airflow/example_dags/example_nested_branch_dag.py
[2024-07-02T09:18:15.302+0000] {processor.py:840} INFO - DAG(s) 'example_nested_branch_dag' retrieved from /home/airflow/.local/lib/python3.8/site-packages/airflow/example_dags/example_nested_branch_dag.py
[2024-07-02T09:18:15.325+0000] {logging_mixin.py:188} INFO - [2024-07-02T09:18:15.325+0000] {dag.py:3033} INFO - Sync 1 DAGs
[2024-07-02T09:18:15.355+0000] {logging_mixin.py:188} INFO - [2024-07-02T09:18:15.355+0000] {dag.py:3820} INFO - Setting next_dagrun for example_nested_branch_dag to 2024-07-01T00:00:00+00:00, run_after=2024-07-02T00:00:00+00:00
[2024-07-02T09:18:15.376+0000] {processor.py:183} INFO - Processing /home/airflow/.local/lib/python3.8/site-packages/airflow/example_dags/example_nested_branch_dag.py took 0.089 seconds
[2024-07-02T09:18:45.827+0000] {processor.py:161} INFO - Started process (PID=1652) to work on /home/airflow/.local/lib/python3.8/site-packages/airflow/example_dags/example_nested_branch_dag.py
[2024-07-02T09:18:45.828+0000] {processor.py:830} INFO - Processing file /home/airflow/.local/lib/python3.8/site-packages/airflow/example_dags/example_nested_branch_dag.py for tasks to queue
[2024-07-02T09:18:45.830+0000] {logging_mixin.py:188} INFO - [2024-07-02T09:18:45.829+0000] {dagbag.py:538} INFO - Filling up the DagBag from /home/airflow/.local/lib/python3.8/site-packages/airflow/example_dags/example_nested_branch_dag.py
[2024-07-02T09:18:45.840+0000] {processor.py:840} INFO - DAG(s) 'example_nested_branch_dag' retrieved from /home/airflow/.local/lib/python3.8/site-packages/airflow/example_dags/example_nested_branch_dag.py
[2024-07-02T09:18:45.861+0000] {logging_mixin.py:188} INFO - [2024-07-02T09:18:45.861+0000] {dag.py:3033} INFO - Sync 1 DAGs
[2024-07-02T09:18:45.882+0000] {logging_mixin.py:188} INFO - [2024-07-02T09:18:45.882+0000] {dag.py:3820} INFO - Setting next_dagrun for example_nested_branch_dag to 2024-07-01T00:00:00+00:00, run_after=2024-07-02T00:00:00+00:00
[2024-07-02T09:18:45.902+0000] {processor.py:183} INFO - Processing /home/airflow/.local/lib/python3.8/site-packages/airflow/example_dags/example_nested_branch_dag.py took 0.078 seconds
[2024-07-02T09:19:16.258+0000] {processor.py:161} INFO - Started process (PID=1707) to work on /home/airflow/.local/lib/python3.8/site-packages/airflow/example_dags/example_nested_branch_dag.py
[2024-07-02T09:19:16.259+0000] {processor.py:830} INFO - Processing file /home/airflow/.local/lib/python3.8/site-packages/airflow/example_dags/example_nested_branch_dag.py for tasks to queue
[2024-07-02T09:19:16.261+0000] {logging_mixin.py:188} INFO - [2024-07-02T09:19:16.260+0000] {dagbag.py:538} INFO - Filling up the DagBag from /home/airflow/.local/lib/python3.8/site-packages/airflow/example_dags/example_nested_branch_dag.py
[2024-07-02T09:19:16.270+0000] {processor.py:840} INFO - DAG(s) 'example_nested_branch_dag' retrieved from /home/airflow/.local/lib/python3.8/site-packages/airflow/example_dags/example_nested_branch_dag.py
[2024-07-02T09:19:16.291+0000] {logging_mixin.py:188} INFO - [2024-07-02T09:19:16.291+0000] {dag.py:3033} INFO - Sync 1 DAGs
[2024-07-02T09:19:16.313+0000] {logging_mixin.py:188} INFO - [2024-07-02T09:19:16.313+0000] {dag.py:3820} INFO - Setting next_dagrun for example_nested_branch_dag to 2024-07-01T00:00:00+00:00, run_after=2024-07-02T00:00:00+00:00
[2024-07-02T09:19:16.334+0000] {processor.py:183} INFO - Processing /home/airflow/.local/lib/python3.8/site-packages/airflow/example_dags/example_nested_branch_dag.py took 0.079 seconds
[2024-07-02T09:19:46.532+0000] {processor.py:161} INFO - Started process (PID=1761) to work on /home/airflow/.local/lib/python3.8/site-packages/airflow/example_dags/example_nested_branch_dag.py
[2024-07-02T09:19:46.540+0000] {processor.py:830} INFO - Processing file /home/airflow/.local/lib/python3.8/site-packages/airflow/example_dags/example_nested_branch_dag.py for tasks to queue
[2024-07-02T09:19:46.541+0000] {logging_mixin.py:188} INFO - [2024-07-02T09:19:46.541+0000] {dagbag.py:538} INFO - Filling up the DagBag from /home/airflow/.local/lib/python3.8/site-packages/airflow/example_dags/example_nested_branch_dag.py
[2024-07-02T09:19:46.551+0000] {processor.py:840} INFO - DAG(s) 'example_nested_branch_dag' retrieved from /home/airflow/.local/lib/python3.8/site-packages/airflow/example_dags/example_nested_branch_dag.py
[2024-07-02T09:19:46.571+0000] {logging_mixin.py:188} INFO - [2024-07-02T09:19:46.570+0000] {dag.py:3033} INFO - Sync 1 DAGs
[2024-07-02T09:19:46.591+0000] {logging_mixin.py:188} INFO - [2024-07-02T09:19:46.591+0000] {dag.py:3820} INFO - Setting next_dagrun for example_nested_branch_dag to 2024-07-01T00:00:00+00:00, run_after=2024-07-02T00:00:00+00:00
[2024-07-02T09:19:46.607+0000] {processor.py:183} INFO - Processing /home/airflow/.local/lib/python3.8/site-packages/airflow/example_dags/example_nested_branch_dag.py took 0.077 seconds
[2024-07-02T09:20:17.099+0000] {processor.py:161} INFO - Started process (PID=1815) to work on /home/airflow/.local/lib/python3.8/site-packages/airflow/example_dags/example_nested_branch_dag.py
[2024-07-02T09:20:17.100+0000] {processor.py:830} INFO - Processing file /home/airflow/.local/lib/python3.8/site-packages/airflow/example_dags/example_nested_branch_dag.py for tasks to queue
[2024-07-02T09:20:17.102+0000] {logging_mixin.py:188} INFO - [2024-07-02T09:20:17.102+0000] {dagbag.py:538} INFO - Filling up the DagBag from /home/airflow/.local/lib/python3.8/site-packages/airflow/example_dags/example_nested_branch_dag.py
[2024-07-02T09:20:17.113+0000] {processor.py:840} INFO - DAG(s) 'example_nested_branch_dag' retrieved from /home/airflow/.local/lib/python3.8/site-packages/airflow/example_dags/example_nested_branch_dag.py
[2024-07-02T09:20:17.132+0000] {logging_mixin.py:188} INFO - [2024-07-02T09:20:17.131+0000] {dag.py:3033} INFO - Sync 1 DAGs
[2024-07-02T09:20:17.150+0000] {logging_mixin.py:188} INFO - [2024-07-02T09:20:17.150+0000] {dag.py:3820} INFO - Setting next_dagrun for example_nested_branch_dag to 2024-07-01T00:00:00+00:00, run_after=2024-07-02T00:00:00+00:00
[2024-07-02T09:20:17.167+0000] {processor.py:183} INFO - Processing /home/airflow/.local/lib/python3.8/site-packages/airflow/example_dags/example_nested_branch_dag.py took 0.072 seconds
[2024-07-02T09:20:47.657+0000] {processor.py:161} INFO - Started process (PID=1870) to work on /home/airflow/.local/lib/python3.8/site-packages/airflow/example_dags/example_nested_branch_dag.py
[2024-07-02T09:20:47.658+0000] {processor.py:830} INFO - Processing file /home/airflow/.local/lib/python3.8/site-packages/airflow/example_dags/example_nested_branch_dag.py for tasks to queue
[2024-07-02T09:20:47.660+0000] {logging_mixin.py:188} INFO - [2024-07-02T09:20:47.659+0000] {dagbag.py:538} INFO - Filling up the DagBag from /home/airflow/.local/lib/python3.8/site-packages/airflow/example_dags/example_nested_branch_dag.py
[2024-07-02T09:20:47.670+0000] {processor.py:840} INFO - DAG(s) 'example_nested_branch_dag' retrieved from /home/airflow/.local/lib/python3.8/site-packages/airflow/example_dags/example_nested_branch_dag.py
[2024-07-02T09:20:47.692+0000] {logging_mixin.py:188} INFO - [2024-07-02T09:20:47.691+0000] {dag.py:3033} INFO - Sync 1 DAGs
[2024-07-02T09:20:47.714+0000] {logging_mixin.py:188} INFO - [2024-07-02T09:20:47.714+0000] {dag.py:3820} INFO - Setting next_dagrun for example_nested_branch_dag to 2024-07-01T00:00:00+00:00, run_after=2024-07-02T00:00:00+00:00
[2024-07-02T09:20:47.732+0000] {processor.py:183} INFO - Processing /home/airflow/.local/lib/python3.8/site-packages/airflow/example_dags/example_nested_branch_dag.py took 0.078 seconds
[2024-07-02T09:21:18.802+0000] {processor.py:161} INFO - Started process (PID=1925) to work on /home/airflow/.local/lib/python3.8/site-packages/airflow/example_dags/example_nested_branch_dag.py
[2024-07-02T09:21:18.803+0000] {processor.py:830} INFO - Processing file /home/airflow/.local/lib/python3.8/site-packages/airflow/example_dags/example_nested_branch_dag.py for tasks to queue
[2024-07-02T09:21:18.805+0000] {logging_mixin.py:188} INFO - [2024-07-02T09:21:18.804+0000] {dagbag.py:538} INFO - Filling up the DagBag from /home/airflow/.local/lib/python3.8/site-packages/airflow/example_dags/example_nested_branch_dag.py
[2024-07-02T09:21:18.813+0000] {processor.py:840} INFO - DAG(s) 'example_nested_branch_dag' retrieved from /home/airflow/.local/lib/python3.8/site-packages/airflow/example_dags/example_nested_branch_dag.py
[2024-07-02T09:21:18.835+0000] {logging_mixin.py:188} INFO - [2024-07-02T09:21:18.835+0000] {dag.py:3033} INFO - Sync 1 DAGs
[2024-07-02T09:21:18.857+0000] {logging_mixin.py:188} INFO - [2024-07-02T09:21:18.857+0000] {dag.py:3820} INFO - Setting next_dagrun for example_nested_branch_dag to 2024-07-01T00:00:00+00:00, run_after=2024-07-02T00:00:00+00:00
[2024-07-02T09:21:18.877+0000] {processor.py:183} INFO - Processing /home/airflow/.local/lib/python3.8/site-packages/airflow/example_dags/example_nested_branch_dag.py took 0.077 seconds
[2024-07-02T09:21:49.303+0000] {processor.py:161} INFO - Started process (PID=1979) to work on /home/airflow/.local/lib/python3.8/site-packages/airflow/example_dags/example_nested_branch_dag.py
[2024-07-02T09:21:49.306+0000] {processor.py:830} INFO - Processing file /home/airflow/.local/lib/python3.8/site-packages/airflow/example_dags/example_nested_branch_dag.py for tasks to queue
[2024-07-02T09:21:49.307+0000] {logging_mixin.py:188} INFO - [2024-07-02T09:21:49.307+0000] {dagbag.py:538} INFO - Filling up the DagBag from /home/airflow/.local/lib/python3.8/site-packages/airflow/example_dags/example_nested_branch_dag.py
[2024-07-02T09:21:49.319+0000] {processor.py:840} INFO - DAG(s) 'example_nested_branch_dag' retrieved from /home/airflow/.local/lib/python3.8/site-packages/airflow/example_dags/example_nested_branch_dag.py
[2024-07-02T09:21:49.345+0000] {logging_mixin.py:188} INFO - [2024-07-02T09:21:49.345+0000] {dag.py:3033} INFO - Sync 1 DAGs
[2024-07-02T09:21:49.371+0000] {logging_mixin.py:188} INFO - [2024-07-02T09:21:49.370+0000] {dag.py:3820} INFO - Setting next_dagrun for example_nested_branch_dag to 2024-07-01T00:00:00+00:00, run_after=2024-07-02T00:00:00+00:00
[2024-07-02T09:21:49.390+0000] {processor.py:183} INFO - Processing /home/airflow/.local/lib/python3.8/site-packages/airflow/example_dags/example_nested_branch_dag.py took 0.090 seconds
[2024-07-02T09:22:19.614+0000] {processor.py:161} INFO - Started process (PID=2035) to work on /home/airflow/.local/lib/python3.8/site-packages/airflow/example_dags/example_nested_branch_dag.py
[2024-07-02T09:22:19.615+0000] {processor.py:830} INFO - Processing file /home/airflow/.local/lib/python3.8/site-packages/airflow/example_dags/example_nested_branch_dag.py for tasks to queue
[2024-07-02T09:22:19.617+0000] {logging_mixin.py:188} INFO - [2024-07-02T09:22:19.617+0000] {dagbag.py:538} INFO - Filling up the DagBag from /home/airflow/.local/lib/python3.8/site-packages/airflow/example_dags/example_nested_branch_dag.py
[2024-07-02T09:22:19.627+0000] {processor.py:840} INFO - DAG(s) 'example_nested_branch_dag' retrieved from /home/airflow/.local/lib/python3.8/site-packages/airflow/example_dags/example_nested_branch_dag.py
[2024-07-02T09:22:19.650+0000] {logging_mixin.py:188} INFO - [2024-07-02T09:22:19.650+0000] {dag.py:3033} INFO - Sync 1 DAGs
[2024-07-02T09:22:19.680+0000] {logging_mixin.py:188} INFO - [2024-07-02T09:22:19.680+0000] {dag.py:3820} INFO - Setting next_dagrun for example_nested_branch_dag to 2024-07-01T00:00:00+00:00, run_after=2024-07-02T00:00:00+00:00
[2024-07-02T09:22:19.702+0000] {processor.py:183} INFO - Processing /home/airflow/.local/lib/python3.8/site-packages/airflow/example_dags/example_nested_branch_dag.py took 0.090 seconds
[2024-07-02T09:22:49.961+0000] {processor.py:161} INFO - Started process (PID=2089) to work on /home/airflow/.local/lib/python3.8/site-packages/airflow/example_dags/example_nested_branch_dag.py
[2024-07-02T09:22:49.962+0000] {processor.py:830} INFO - Processing file /home/airflow/.local/lib/python3.8/site-packages/airflow/example_dags/example_nested_branch_dag.py for tasks to queue
[2024-07-02T09:22:49.964+0000] {logging_mixin.py:188} INFO - [2024-07-02T09:22:49.964+0000] {dagbag.py:538} INFO - Filling up the DagBag from /home/airflow/.local/lib/python3.8/site-packages/airflow/example_dags/example_nested_branch_dag.py
[2024-07-02T09:22:49.975+0000] {processor.py:840} INFO - DAG(s) 'example_nested_branch_dag' retrieved from /home/airflow/.local/lib/python3.8/site-packages/airflow/example_dags/example_nested_branch_dag.py
[2024-07-02T09:22:49.997+0000] {logging_mixin.py:188} INFO - [2024-07-02T09:22:49.996+0000] {dag.py:3033} INFO - Sync 1 DAGs
[2024-07-02T09:22:50.019+0000] {logging_mixin.py:188} INFO - [2024-07-02T09:22:50.019+0000] {dag.py:3820} INFO - Setting next_dagrun for example_nested_branch_dag to 2024-07-01T00:00:00+00:00, run_after=2024-07-02T00:00:00+00:00
[2024-07-02T09:22:50.040+0000] {processor.py:183} INFO - Processing /home/airflow/.local/lib/python3.8/site-packages/airflow/example_dags/example_nested_branch_dag.py took 0.081 seconds
[2024-07-02T09:23:20.102+0000] {processor.py:161} INFO - Started process (PID=2144) to work on /home/airflow/.local/lib/python3.8/site-packages/airflow/example_dags/example_nested_branch_dag.py
[2024-07-02T09:23:20.102+0000] {processor.py:830} INFO - Processing file /home/airflow/.local/lib/python3.8/site-packages/airflow/example_dags/example_nested_branch_dag.py for tasks to queue
[2024-07-02T09:23:20.105+0000] {logging_mixin.py:188} INFO - [2024-07-02T09:23:20.104+0000] {dagbag.py:538} INFO - Filling up the DagBag from /home/airflow/.local/lib/python3.8/site-packages/airflow/example_dags/example_nested_branch_dag.py
[2024-07-02T09:23:20.115+0000] {processor.py:840} INFO - DAG(s) 'example_nested_branch_dag' retrieved from /home/airflow/.local/lib/python3.8/site-packages/airflow/example_dags/example_nested_branch_dag.py
[2024-07-02T09:23:20.135+0000] {logging_mixin.py:188} INFO - [2024-07-02T09:23:20.135+0000] {dag.py:3033} INFO - Sync 1 DAGs
[2024-07-02T09:23:20.155+0000] {logging_mixin.py:188} INFO - [2024-07-02T09:23:20.155+0000] {dag.py:3820} INFO - Setting next_dagrun for example_nested_branch_dag to 2024-07-01T00:00:00+00:00, run_after=2024-07-02T00:00:00+00:00
[2024-07-02T09:23:20.172+0000] {processor.py:183} INFO - Processing /home/airflow/.local/lib/python3.8/site-packages/airflow/example_dags/example_nested_branch_dag.py took 0.074 seconds
[2024-07-02T09:23:50.769+0000] {processor.py:161} INFO - Started process (PID=2199) to work on /home/airflow/.local/lib/python3.8/site-packages/airflow/example_dags/example_nested_branch_dag.py
[2024-07-02T09:23:50.769+0000] {processor.py:830} INFO - Processing file /home/airflow/.local/lib/python3.8/site-packages/airflow/example_dags/example_nested_branch_dag.py for tasks to queue
[2024-07-02T09:23:50.772+0000] {logging_mixin.py:188} INFO - [2024-07-02T09:23:50.771+0000] {dagbag.py:538} INFO - Filling up the DagBag from /home/airflow/.local/lib/python3.8/site-packages/airflow/example_dags/example_nested_branch_dag.py
[2024-07-02T09:23:50.783+0000] {processor.py:840} INFO - DAG(s) 'example_nested_branch_dag' retrieved from /home/airflow/.local/lib/python3.8/site-packages/airflow/example_dags/example_nested_branch_dag.py
[2024-07-02T09:23:50.803+0000] {logging_mixin.py:188} INFO - [2024-07-02T09:23:50.803+0000] {dag.py:3033} INFO - Sync 1 DAGs
[2024-07-02T09:23:50.827+0000] {logging_mixin.py:188} INFO - [2024-07-02T09:23:50.826+0000] {dag.py:3820} INFO - Setting next_dagrun for example_nested_branch_dag to 2024-07-01T00:00:00+00:00, run_after=2024-07-02T00:00:00+00:00
[2024-07-02T09:23:50.848+0000] {processor.py:183} INFO - Processing /home/airflow/.local/lib/python3.8/site-packages/airflow/example_dags/example_nested_branch_dag.py took 0.082 seconds
