[2024-07-02T09:04:02.680+0000] {processor.py:161} INFO - Started process (PID=65) to work on /home/airflow/.local/lib/python3.8/site-packages/airflow/example_dags/example_dag_decorator.py
[2024-07-02T09:04:02.681+0000] {processor.py:830} INFO - Processing file /home/airflow/.local/lib/python3.8/site-packages/airflow/example_dags/example_dag_decorator.py for tasks to queue
[2024-07-02T09:04:02.685+0000] {logging_mixin.py:188} INFO - [2024-07-02T09:04:02.684+0000] {dagbag.py:538} INFO - Filling up the DagBag from /home/airflow/.local/lib/python3.8/site-packages/airflow/example_dags/example_dag_decorator.py
[2024-07-02T09:04:03.216+0000] {processor.py:840} INFO - DAG(s) 'example_dag_decorator' retrieved from /home/airflow/.local/lib/python3.8/site-packages/airflow/example_dags/example_dag_decorator.py
[2024-07-02T09:04:03.338+0000] {logging_mixin.py:188} INFO - [2024-07-02T09:04:03.337+0000] {override.py:1769} INFO - Created Permission View: can edit on DAG:example_dag_decorator
[2024-07-02T09:04:03.355+0000] {logging_mixin.py:188} INFO - [2024-07-02T09:04:03.354+0000] {override.py:1769} INFO - Created Permission View: can delete on DAG:example_dag_decorator
[2024-07-02T09:04:03.370+0000] {logging_mixin.py:188} INFO - [2024-07-02T09:04:03.369+0000] {override.py:1769} INFO - Created Permission View: can read on DAG:example_dag_decorator
[2024-07-02T09:04:03.370+0000] {logging_mixin.py:188} INFO - [2024-07-02T09:04:03.370+0000] {dag.py:3033} INFO - Sync 1 DAGs
[2024-07-02T09:04:03.395+0000] {logging_mixin.py:188} INFO - [2024-07-02T09:04:03.395+0000] {dag.py:3055} INFO - Creating ORM DAG for example_dag_decorator
[2024-07-02T09:04:03.397+0000] {logging_mixin.py:188} INFO - [2024-07-02T09:04:03.396+0000] {dag.py:3820} INFO - Setting next_dagrun for example_dag_decorator to None, run_after=None
[2024-07-02T09:04:03.436+0000] {processor.py:183} INFO - Processing /home/airflow/.local/lib/python3.8/site-packages/airflow/example_dags/example_dag_decorator.py took 0.761 seconds
[2024-07-02T09:04:33.857+0000] {processor.py:161} INFO - Started process (PID=119) to work on /home/airflow/.local/lib/python3.8/site-packages/airflow/example_dags/example_dag_decorator.py
[2024-07-02T09:04:33.861+0000] {processor.py:830} INFO - Processing file /home/airflow/.local/lib/python3.8/site-packages/airflow/example_dags/example_dag_decorator.py for tasks to queue
[2024-07-02T09:04:33.864+0000] {logging_mixin.py:188} INFO - [2024-07-02T09:04:33.864+0000] {dagbag.py:538} INFO - Filling up the DagBag from /home/airflow/.local/lib/python3.8/site-packages/airflow/example_dags/example_dag_decorator.py
[2024-07-02T09:04:34.029+0000] {processor.py:840} INFO - DAG(s) 'example_dag_decorator' retrieved from /home/airflow/.local/lib/python3.8/site-packages/airflow/example_dags/example_dag_decorator.py
[2024-07-02T09:04:34.147+0000] {logging_mixin.py:188} INFO - [2024-07-02T09:04:34.146+0000] {dag.py:3033} INFO - Sync 1 DAGs
[2024-07-02T09:04:34.166+0000] {logging_mixin.py:188} INFO - [2024-07-02T09:04:34.166+0000] {dag.py:3820} INFO - Setting next_dagrun for example_dag_decorator to None, run_after=None
[2024-07-02T09:04:34.193+0000] {processor.py:183} INFO - Processing /home/airflow/.local/lib/python3.8/site-packages/airflow/example_dags/example_dag_decorator.py took 0.341 seconds
[2024-07-02T09:05:04.268+0000] {processor.py:161} INFO - Started process (PID=177) to work on /home/airflow/.local/lib/python3.8/site-packages/airflow/example_dags/example_dag_decorator.py
[2024-07-02T09:05:04.269+0000] {processor.py:830} INFO - Processing file /home/airflow/.local/lib/python3.8/site-packages/airflow/example_dags/example_dag_decorator.py for tasks to queue
[2024-07-02T09:05:04.270+0000] {logging_mixin.py:188} INFO - [2024-07-02T09:05:04.270+0000] {dagbag.py:538} INFO - Filling up the DagBag from /home/airflow/.local/lib/python3.8/site-packages/airflow/example_dags/example_dag_decorator.py
[2024-07-02T09:05:04.348+0000] {processor.py:840} INFO - DAG(s) 'example_dag_decorator' retrieved from /home/airflow/.local/lib/python3.8/site-packages/airflow/example_dags/example_dag_decorator.py
[2024-07-02T09:05:04.409+0000] {logging_mixin.py:188} INFO - [2024-07-02T09:05:04.409+0000] {dag.py:3033} INFO - Sync 1 DAGs
[2024-07-02T09:05:04.418+0000] {logging_mixin.py:188} INFO - [2024-07-02T09:05:04.418+0000] {dag.py:3820} INFO - Setting next_dagrun for example_dag_decorator to None, run_after=None
[2024-07-02T09:05:04.435+0000] {processor.py:183} INFO - Processing /home/airflow/.local/lib/python3.8/site-packages/airflow/example_dags/example_dag_decorator.py took 0.170 seconds
[2024-07-02T09:05:34.515+0000] {processor.py:161} INFO - Started process (PID=233) to work on /home/airflow/.local/lib/python3.8/site-packages/airflow/example_dags/example_dag_decorator.py
[2024-07-02T09:05:34.518+0000] {processor.py:830} INFO - Processing file /home/airflow/.local/lib/python3.8/site-packages/airflow/example_dags/example_dag_decorator.py for tasks to queue
[2024-07-02T09:05:34.520+0000] {logging_mixin.py:188} INFO - [2024-07-02T09:05:34.520+0000] {dagbag.py:538} INFO - Filling up the DagBag from /home/airflow/.local/lib/python3.8/site-packages/airflow/example_dags/example_dag_decorator.py
[2024-07-02T09:05:34.608+0000] {processor.py:840} INFO - DAG(s) 'example_dag_decorator' retrieved from /home/airflow/.local/lib/python3.8/site-packages/airflow/example_dags/example_dag_decorator.py
[2024-07-02T09:05:34.668+0000] {logging_mixin.py:188} INFO - [2024-07-02T09:05:34.667+0000] {dag.py:3033} INFO - Sync 1 DAGs
[2024-07-02T09:05:34.677+0000] {logging_mixin.py:188} INFO - [2024-07-02T09:05:34.677+0000] {dag.py:3820} INFO - Setting next_dagrun for example_dag_decorator to None, run_after=None
[2024-07-02T09:05:34.697+0000] {processor.py:183} INFO - Processing /home/airflow/.local/lib/python3.8/site-packages/airflow/example_dags/example_dag_decorator.py took 0.185 seconds
[2024-07-02T09:06:05.324+0000] {processor.py:161} INFO - Started process (PID=285) to work on /home/airflow/.local/lib/python3.8/site-packages/airflow/example_dags/example_dag_decorator.py
[2024-07-02T09:06:05.325+0000] {processor.py:830} INFO - Processing file /home/airflow/.local/lib/python3.8/site-packages/airflow/example_dags/example_dag_decorator.py for tasks to queue
[2024-07-02T09:06:05.328+0000] {logging_mixin.py:188} INFO - [2024-07-02T09:06:05.328+0000] {dagbag.py:538} INFO - Filling up the DagBag from /home/airflow/.local/lib/python3.8/site-packages/airflow/example_dags/example_dag_decorator.py
[2024-07-02T09:06:05.423+0000] {processor.py:840} INFO - DAG(s) 'example_dag_decorator' retrieved from /home/airflow/.local/lib/python3.8/site-packages/airflow/example_dags/example_dag_decorator.py
[2024-07-02T09:06:05.488+0000] {logging_mixin.py:188} INFO - [2024-07-02T09:06:05.488+0000] {dag.py:3033} INFO - Sync 1 DAGs
[2024-07-02T09:06:05.498+0000] {logging_mixin.py:188} INFO - [2024-07-02T09:06:05.498+0000] {dag.py:3820} INFO - Setting next_dagrun for example_dag_decorator to None, run_after=None
[2024-07-02T09:06:05.518+0000] {processor.py:183} INFO - Processing /home/airflow/.local/lib/python3.8/site-packages/airflow/example_dags/example_dag_decorator.py took 0.197 seconds
[2024-07-02T09:06:35.859+0000] {processor.py:161} INFO - Started process (PID=339) to work on /home/airflow/.local/lib/python3.8/site-packages/airflow/example_dags/example_dag_decorator.py
[2024-07-02T09:06:35.899+0000] {processor.py:830} INFO - Processing file /home/airflow/.local/lib/python3.8/site-packages/airflow/example_dags/example_dag_decorator.py for tasks to queue
[2024-07-02T09:06:35.900+0000] {logging_mixin.py:188} INFO - [2024-07-02T09:06:35.900+0000] {dagbag.py:538} INFO - Filling up the DagBag from /home/airflow/.local/lib/python3.8/site-packages/airflow/example_dags/example_dag_decorator.py
[2024-07-02T09:06:35.974+0000] {processor.py:840} INFO - DAG(s) 'example_dag_decorator' retrieved from /home/airflow/.local/lib/python3.8/site-packages/airflow/example_dags/example_dag_decorator.py
[2024-07-02T09:06:36.038+0000] {logging_mixin.py:188} INFO - [2024-07-02T09:06:36.038+0000] {dag.py:3033} INFO - Sync 1 DAGs
[2024-07-02T09:06:36.049+0000] {logging_mixin.py:188} INFO - [2024-07-02T09:06:36.049+0000] {dag.py:3820} INFO - Setting next_dagrun for example_dag_decorator to None, run_after=None
[2024-07-02T09:06:36.070+0000] {processor.py:183} INFO - Processing /home/airflow/.local/lib/python3.8/site-packages/airflow/example_dags/example_dag_decorator.py took 0.214 seconds
[2024-07-02T09:07:06.355+0000] {processor.py:161} INFO - Started process (PID=394) to work on /home/airflow/.local/lib/python3.8/site-packages/airflow/example_dags/example_dag_decorator.py
[2024-07-02T09:07:06.359+0000] {processor.py:830} INFO - Processing file /home/airflow/.local/lib/python3.8/site-packages/airflow/example_dags/example_dag_decorator.py for tasks to queue
[2024-07-02T09:07:06.362+0000] {logging_mixin.py:188} INFO - [2024-07-02T09:07:06.362+0000] {dagbag.py:538} INFO - Filling up the DagBag from /home/airflow/.local/lib/python3.8/site-packages/airflow/example_dags/example_dag_decorator.py
[2024-07-02T09:07:06.459+0000] {processor.py:840} INFO - DAG(s) 'example_dag_decorator' retrieved from /home/airflow/.local/lib/python3.8/site-packages/airflow/example_dags/example_dag_decorator.py
[2024-07-02T09:07:06.525+0000] {logging_mixin.py:188} INFO - [2024-07-02T09:07:06.525+0000] {dag.py:3033} INFO - Sync 1 DAGs
[2024-07-02T09:07:06.536+0000] {logging_mixin.py:188} INFO - [2024-07-02T09:07:06.536+0000] {dag.py:3820} INFO - Setting next_dagrun for example_dag_decorator to None, run_after=None
[2024-07-02T09:07:06.554+0000] {processor.py:183} INFO - Processing /home/airflow/.local/lib/python3.8/site-packages/airflow/example_dags/example_dag_decorator.py took 0.206 seconds
[2024-07-02T09:07:36.877+0000] {processor.py:161} INFO - Started process (PID=449) to work on /home/airflow/.local/lib/python3.8/site-packages/airflow/example_dags/example_dag_decorator.py
[2024-07-02T09:07:36.881+0000] {processor.py:830} INFO - Processing file /home/airflow/.local/lib/python3.8/site-packages/airflow/example_dags/example_dag_decorator.py for tasks to queue
[2024-07-02T09:07:36.883+0000] {logging_mixin.py:188} INFO - [2024-07-02T09:07:36.883+0000] {dagbag.py:538} INFO - Filling up the DagBag from /home/airflow/.local/lib/python3.8/site-packages/airflow/example_dags/example_dag_decorator.py
[2024-07-02T09:07:36.979+0000] {processor.py:840} INFO - DAG(s) 'example_dag_decorator' retrieved from /home/airflow/.local/lib/python3.8/site-packages/airflow/example_dags/example_dag_decorator.py
[2024-07-02T09:07:37.060+0000] {logging_mixin.py:188} INFO - [2024-07-02T09:07:37.060+0000] {dag.py:3033} INFO - Sync 1 DAGs
[2024-07-02T09:07:37.071+0000] {logging_mixin.py:188} INFO - [2024-07-02T09:07:37.071+0000] {dag.py:3820} INFO - Setting next_dagrun for example_dag_decorator to None, run_after=None
[2024-07-02T09:07:37.088+0000] {processor.py:183} INFO - Processing /home/airflow/.local/lib/python3.8/site-packages/airflow/example_dags/example_dag_decorator.py took 0.214 seconds
[2024-07-02T09:08:07.464+0000] {processor.py:161} INFO - Started process (PID=504) to work on /home/airflow/.local/lib/python3.8/site-packages/airflow/example_dags/example_dag_decorator.py
[2024-07-02T09:08:07.467+0000] {processor.py:830} INFO - Processing file /home/airflow/.local/lib/python3.8/site-packages/airflow/example_dags/example_dag_decorator.py for tasks to queue
[2024-07-02T09:08:07.469+0000] {logging_mixin.py:188} INFO - [2024-07-02T09:08:07.469+0000] {dagbag.py:538} INFO - Filling up the DagBag from /home/airflow/.local/lib/python3.8/site-packages/airflow/example_dags/example_dag_decorator.py
[2024-07-02T09:08:07.556+0000] {processor.py:840} INFO - DAG(s) 'example_dag_decorator' retrieved from /home/airflow/.local/lib/python3.8/site-packages/airflow/example_dags/example_dag_decorator.py
[2024-07-02T09:08:07.643+0000] {logging_mixin.py:188} INFO - [2024-07-02T09:08:07.643+0000] {dag.py:3033} INFO - Sync 1 DAGs
[2024-07-02T09:08:07.659+0000] {logging_mixin.py:188} INFO - [2024-07-02T09:08:07.659+0000] {dag.py:3820} INFO - Setting next_dagrun for example_dag_decorator to None, run_after=None
[2024-07-02T09:08:07.681+0000] {processor.py:183} INFO - Processing /home/airflow/.local/lib/python3.8/site-packages/airflow/example_dags/example_dag_decorator.py took 0.220 seconds
[2024-07-02T09:08:38.060+0000] {processor.py:161} INFO - Started process (PID=559) to work on /home/airflow/.local/lib/python3.8/site-packages/airflow/example_dags/example_dag_decorator.py
[2024-07-02T09:08:38.064+0000] {processor.py:830} INFO - Processing file /home/airflow/.local/lib/python3.8/site-packages/airflow/example_dags/example_dag_decorator.py for tasks to queue
[2024-07-02T09:08:38.067+0000] {logging_mixin.py:188} INFO - [2024-07-02T09:08:38.067+0000] {dagbag.py:538} INFO - Filling up the DagBag from /home/airflow/.local/lib/python3.8/site-packages/airflow/example_dags/example_dag_decorator.py
[2024-07-02T09:08:38.168+0000] {processor.py:840} INFO - DAG(s) 'example_dag_decorator' retrieved from /home/airflow/.local/lib/python3.8/site-packages/airflow/example_dags/example_dag_decorator.py
[2024-07-02T09:08:38.236+0000] {logging_mixin.py:188} INFO - [2024-07-02T09:08:38.236+0000] {dag.py:3033} INFO - Sync 1 DAGs
[2024-07-02T09:08:38.247+0000] {logging_mixin.py:188} INFO - [2024-07-02T09:08:38.247+0000] {dag.py:3820} INFO - Setting next_dagrun for example_dag_decorator to None, run_after=None
[2024-07-02T09:08:38.266+0000] {processor.py:183} INFO - Processing /home/airflow/.local/lib/python3.8/site-packages/airflow/example_dags/example_dag_decorator.py took 0.215 seconds
[2024-07-02T09:09:08.657+0000] {processor.py:161} INFO - Started process (PID=614) to work on /home/airflow/.local/lib/python3.8/site-packages/airflow/example_dags/example_dag_decorator.py
[2024-07-02T09:09:08.658+0000] {processor.py:830} INFO - Processing file /home/airflow/.local/lib/python3.8/site-packages/airflow/example_dags/example_dag_decorator.py for tasks to queue
[2024-07-02T09:09:08.661+0000] {logging_mixin.py:188} INFO - [2024-07-02T09:09:08.661+0000] {dagbag.py:538} INFO - Filling up the DagBag from /home/airflow/.local/lib/python3.8/site-packages/airflow/example_dags/example_dag_decorator.py
[2024-07-02T09:09:08.752+0000] {processor.py:840} INFO - DAG(s) 'example_dag_decorator' retrieved from /home/airflow/.local/lib/python3.8/site-packages/airflow/example_dags/example_dag_decorator.py
[2024-07-02T09:09:08.821+0000] {logging_mixin.py:188} INFO - [2024-07-02T09:09:08.821+0000] {dag.py:3033} INFO - Sync 1 DAGs
[2024-07-02T09:09:08.832+0000] {logging_mixin.py:188} INFO - [2024-07-02T09:09:08.832+0000] {dag.py:3820} INFO - Setting next_dagrun for example_dag_decorator to None, run_after=None
[2024-07-02T09:09:08.851+0000] {processor.py:183} INFO - Processing /home/airflow/.local/lib/python3.8/site-packages/airflow/example_dags/example_dag_decorator.py took 0.200 seconds
[2024-07-02T09:09:39.587+0000] {processor.py:161} INFO - Started process (PID=669) to work on /home/airflow/.local/lib/python3.8/site-packages/airflow/example_dags/example_dag_decorator.py
[2024-07-02T09:09:39.588+0000] {processor.py:830} INFO - Processing file /home/airflow/.local/lib/python3.8/site-packages/airflow/example_dags/example_dag_decorator.py for tasks to queue
[2024-07-02T09:09:39.590+0000] {logging_mixin.py:188} INFO - [2024-07-02T09:09:39.589+0000] {dagbag.py:538} INFO - Filling up the DagBag from /home/airflow/.local/lib/python3.8/site-packages/airflow/example_dags/example_dag_decorator.py
[2024-07-02T09:09:39.675+0000] {processor.py:840} INFO - DAG(s) 'example_dag_decorator' retrieved from /home/airflow/.local/lib/python3.8/site-packages/airflow/example_dags/example_dag_decorator.py
[2024-07-02T09:09:39.752+0000] {logging_mixin.py:188} INFO - [2024-07-02T09:09:39.752+0000] {dag.py:3033} INFO - Sync 1 DAGs
[2024-07-02T09:09:39.762+0000] {logging_mixin.py:188} INFO - [2024-07-02T09:09:39.762+0000] {dag.py:3820} INFO - Setting next_dagrun for example_dag_decorator to None, run_after=None
[2024-07-02T09:09:39.782+0000] {processor.py:183} INFO - Processing /home/airflow/.local/lib/python3.8/site-packages/airflow/example_dags/example_dag_decorator.py took 0.198 seconds
[2024-07-02T09:10:10.573+0000] {processor.py:161} INFO - Started process (PID=724) to work on /home/airflow/.local/lib/python3.8/site-packages/airflow/example_dags/example_dag_decorator.py
[2024-07-02T09:10:10.577+0000] {processor.py:830} INFO - Processing file /home/airflow/.local/lib/python3.8/site-packages/airflow/example_dags/example_dag_decorator.py for tasks to queue
[2024-07-02T09:10:10.580+0000] {logging_mixin.py:188} INFO - [2024-07-02T09:10:10.579+0000] {dagbag.py:538} INFO - Filling up the DagBag from /home/airflow/.local/lib/python3.8/site-packages/airflow/example_dags/example_dag_decorator.py
[2024-07-02T09:10:10.674+0000] {processor.py:840} INFO - DAG(s) 'example_dag_decorator' retrieved from /home/airflow/.local/lib/python3.8/site-packages/airflow/example_dags/example_dag_decorator.py
[2024-07-02T09:10:10.757+0000] {logging_mixin.py:188} INFO - [2024-07-02T09:10:10.757+0000] {dag.py:3033} INFO - Sync 1 DAGs
[2024-07-02T09:10:10.767+0000] {logging_mixin.py:188} INFO - [2024-07-02T09:10:10.767+0000] {dag.py:3820} INFO - Setting next_dagrun for example_dag_decorator to None, run_after=None
[2024-07-02T09:10:10.786+0000] {processor.py:183} INFO - Processing /home/airflow/.local/lib/python3.8/site-packages/airflow/example_dags/example_dag_decorator.py took 0.214 seconds
[2024-07-02T09:10:41.193+0000] {processor.py:161} INFO - Started process (PID=779) to work on /home/airflow/.local/lib/python3.8/site-packages/airflow/example_dags/example_dag_decorator.py
[2024-07-02T09:10:41.196+0000] {processor.py:830} INFO - Processing file /home/airflow/.local/lib/python3.8/site-packages/airflow/example_dags/example_dag_decorator.py for tasks to queue
[2024-07-02T09:10:41.198+0000] {logging_mixin.py:188} INFO - [2024-07-02T09:10:41.198+0000] {dagbag.py:538} INFO - Filling up the DagBag from /home/airflow/.local/lib/python3.8/site-packages/airflow/example_dags/example_dag_decorator.py
[2024-07-02T09:10:41.278+0000] {processor.py:840} INFO - DAG(s) 'example_dag_decorator' retrieved from /home/airflow/.local/lib/python3.8/site-packages/airflow/example_dags/example_dag_decorator.py
[2024-07-02T09:10:41.341+0000] {logging_mixin.py:188} INFO - [2024-07-02T09:10:41.341+0000] {dag.py:3033} INFO - Sync 1 DAGs
[2024-07-02T09:10:41.352+0000] {logging_mixin.py:188} INFO - [2024-07-02T09:10:41.352+0000] {dag.py:3820} INFO - Setting next_dagrun for example_dag_decorator to None, run_after=None
[2024-07-02T09:10:41.371+0000] {processor.py:183} INFO - Processing /home/airflow/.local/lib/python3.8/site-packages/airflow/example_dags/example_dag_decorator.py took 0.181 seconds
[2024-07-02T09:11:11.737+0000] {processor.py:161} INFO - Started process (PID=834) to work on /home/airflow/.local/lib/python3.8/site-packages/airflow/example_dags/example_dag_decorator.py
[2024-07-02T09:11:11.741+0000] {processor.py:830} INFO - Processing file /home/airflow/.local/lib/python3.8/site-packages/airflow/example_dags/example_dag_decorator.py for tasks to queue
[2024-07-02T09:11:11.743+0000] {logging_mixin.py:188} INFO - [2024-07-02T09:11:11.743+0000] {dagbag.py:538} INFO - Filling up the DagBag from /home/airflow/.local/lib/python3.8/site-packages/airflow/example_dags/example_dag_decorator.py
[2024-07-02T09:11:11.834+0000] {processor.py:840} INFO - DAG(s) 'example_dag_decorator' retrieved from /home/airflow/.local/lib/python3.8/site-packages/airflow/example_dags/example_dag_decorator.py
[2024-07-02T09:11:11.902+0000] {logging_mixin.py:188} INFO - [2024-07-02T09:11:11.902+0000] {dag.py:3033} INFO - Sync 1 DAGs
[2024-07-02T09:11:11.916+0000] {logging_mixin.py:188} INFO - [2024-07-02T09:11:11.916+0000] {dag.py:3820} INFO - Setting next_dagrun for example_dag_decorator to None, run_after=None
[2024-07-02T09:11:11.936+0000] {processor.py:183} INFO - Processing /home/airflow/.local/lib/python3.8/site-packages/airflow/example_dags/example_dag_decorator.py took 0.202 seconds
[2024-07-02T09:11:42.713+0000] {processor.py:161} INFO - Started process (PID=889) to work on /home/airflow/.local/lib/python3.8/site-packages/airflow/example_dags/example_dag_decorator.py
[2024-07-02T09:11:42.715+0000] {processor.py:830} INFO - Processing file /home/airflow/.local/lib/python3.8/site-packages/airflow/example_dags/example_dag_decorator.py for tasks to queue
[2024-07-02T09:11:42.719+0000] {logging_mixin.py:188} INFO - [2024-07-02T09:11:42.718+0000] {dagbag.py:538} INFO - Filling up the DagBag from /home/airflow/.local/lib/python3.8/site-packages/airflow/example_dags/example_dag_decorator.py
[2024-07-02T09:11:42.948+0000] {processor.py:840} INFO - DAG(s) 'example_dag_decorator' retrieved from /home/airflow/.local/lib/python3.8/site-packages/airflow/example_dags/example_dag_decorator.py
[2024-07-02T09:11:43.121+0000] {logging_mixin.py:188} INFO - [2024-07-02T09:11:43.121+0000] {dag.py:3033} INFO - Sync 1 DAGs
[2024-07-02T09:11:43.150+0000] {logging_mixin.py:188} INFO - [2024-07-02T09:11:43.150+0000] {dag.py:3820} INFO - Setting next_dagrun for example_dag_decorator to None, run_after=None
[2024-07-02T09:11:43.198+0000] {processor.py:183} INFO - Processing /home/airflow/.local/lib/python3.8/site-packages/airflow/example_dags/example_dag_decorator.py took 0.491 seconds
[2024-07-02T09:12:13.686+0000] {processor.py:161} INFO - Started process (PID=944) to work on /home/airflow/.local/lib/python3.8/site-packages/airflow/example_dags/example_dag_decorator.py
[2024-07-02T09:12:13.690+0000] {processor.py:830} INFO - Processing file /home/airflow/.local/lib/python3.8/site-packages/airflow/example_dags/example_dag_decorator.py for tasks to queue
[2024-07-02T09:12:13.693+0000] {logging_mixin.py:188} INFO - [2024-07-02T09:12:13.692+0000] {dagbag.py:538} INFO - Filling up the DagBag from /home/airflow/.local/lib/python3.8/site-packages/airflow/example_dags/example_dag_decorator.py
[2024-07-02T09:12:13.808+0000] {processor.py:840} INFO - DAG(s) 'example_dag_decorator' retrieved from /home/airflow/.local/lib/python3.8/site-packages/airflow/example_dags/example_dag_decorator.py
[2024-07-02T09:12:13.893+0000] {logging_mixin.py:188} INFO - [2024-07-02T09:12:13.893+0000] {dag.py:3033} INFO - Sync 1 DAGs
[2024-07-02T09:12:13.908+0000] {logging_mixin.py:188} INFO - [2024-07-02T09:12:13.908+0000] {dag.py:3820} INFO - Setting next_dagrun for example_dag_decorator to None, run_after=None
[2024-07-02T09:12:13.934+0000] {processor.py:183} INFO - Processing /home/airflow/.local/lib/python3.8/site-packages/airflow/example_dags/example_dag_decorator.py took 0.252 seconds
[2024-07-02T09:12:43.972+0000] {processor.py:161} INFO - Started process (PID=1001) to work on /home/airflow/.local/lib/python3.8/site-packages/airflow/example_dags/example_dag_decorator.py
[2024-07-02T09:12:43.972+0000] {processor.py:830} INFO - Processing file /home/airflow/.local/lib/python3.8/site-packages/airflow/example_dags/example_dag_decorator.py for tasks to queue
[2024-07-02T09:12:43.974+0000] {logging_mixin.py:188} INFO - [2024-07-02T09:12:43.974+0000] {dagbag.py:538} INFO - Filling up the DagBag from /home/airflow/.local/lib/python3.8/site-packages/airflow/example_dags/example_dag_decorator.py
[2024-07-02T09:12:44.076+0000] {processor.py:840} INFO - DAG(s) 'example_dag_decorator' retrieved from /home/airflow/.local/lib/python3.8/site-packages/airflow/example_dags/example_dag_decorator.py
[2024-07-02T09:12:44.150+0000] {logging_mixin.py:188} INFO - [2024-07-02T09:12:44.149+0000] {dag.py:3033} INFO - Sync 1 DAGs
[2024-07-02T09:12:44.160+0000] {logging_mixin.py:188} INFO - [2024-07-02T09:12:44.159+0000] {dag.py:3820} INFO - Setting next_dagrun for example_dag_decorator to None, run_after=None
[2024-07-02T09:12:44.178+0000] {processor.py:183} INFO - Processing /home/airflow/.local/lib/python3.8/site-packages/airflow/example_dags/example_dag_decorator.py took 0.209 seconds
[2024-07-02T09:13:14.496+0000] {processor.py:161} INFO - Started process (PID=1054) to work on /home/airflow/.local/lib/python3.8/site-packages/airflow/example_dags/example_dag_decorator.py
[2024-07-02T09:13:14.500+0000] {processor.py:830} INFO - Processing file /home/airflow/.local/lib/python3.8/site-packages/airflow/example_dags/example_dag_decorator.py for tasks to queue
[2024-07-02T09:13:14.502+0000] {logging_mixin.py:188} INFO - [2024-07-02T09:13:14.502+0000] {dagbag.py:538} INFO - Filling up the DagBag from /home/airflow/.local/lib/python3.8/site-packages/airflow/example_dags/example_dag_decorator.py
[2024-07-02T09:13:14.578+0000] {processor.py:840} INFO - DAG(s) 'example_dag_decorator' retrieved from /home/airflow/.local/lib/python3.8/site-packages/airflow/example_dags/example_dag_decorator.py
[2024-07-02T09:13:14.638+0000] {logging_mixin.py:188} INFO - [2024-07-02T09:13:14.638+0000] {dag.py:3033} INFO - Sync 1 DAGs
[2024-07-02T09:13:14.648+0000] {logging_mixin.py:188} INFO - [2024-07-02T09:13:14.648+0000] {dag.py:3820} INFO - Setting next_dagrun for example_dag_decorator to None, run_after=None
[2024-07-02T09:13:14.668+0000] {processor.py:183} INFO - Processing /home/airflow/.local/lib/python3.8/site-packages/airflow/example_dags/example_dag_decorator.py took 0.174 seconds
[2024-07-02T09:13:45.100+0000] {processor.py:161} INFO - Started process (PID=1109) to work on /home/airflow/.local/lib/python3.8/site-packages/airflow/example_dags/example_dag_decorator.py
[2024-07-02T09:13:45.101+0000] {processor.py:830} INFO - Processing file /home/airflow/.local/lib/python3.8/site-packages/airflow/example_dags/example_dag_decorator.py for tasks to queue
[2024-07-02T09:13:45.103+0000] {logging_mixin.py:188} INFO - [2024-07-02T09:13:45.103+0000] {dagbag.py:538} INFO - Filling up the DagBag from /home/airflow/.local/lib/python3.8/site-packages/airflow/example_dags/example_dag_decorator.py
[2024-07-02T09:13:45.182+0000] {processor.py:840} INFO - DAG(s) 'example_dag_decorator' retrieved from /home/airflow/.local/lib/python3.8/site-packages/airflow/example_dags/example_dag_decorator.py
[2024-07-02T09:13:45.246+0000] {logging_mixin.py:188} INFO - [2024-07-02T09:13:45.246+0000] {dag.py:3033} INFO - Sync 1 DAGs
[2024-07-02T09:13:45.255+0000] {logging_mixin.py:188} INFO - [2024-07-02T09:13:45.255+0000] {dag.py:3820} INFO - Setting next_dagrun for example_dag_decorator to None, run_after=None
[2024-07-02T09:13:45.272+0000] {processor.py:183} INFO - Processing /home/airflow/.local/lib/python3.8/site-packages/airflow/example_dags/example_dag_decorator.py took 0.174 seconds
[2024-07-02T09:14:15.570+0000] {processor.py:161} INFO - Started process (PID=1164) to work on /home/airflow/.local/lib/python3.8/site-packages/airflow/example_dags/example_dag_decorator.py
[2024-07-02T09:14:15.571+0000] {processor.py:830} INFO - Processing file /home/airflow/.local/lib/python3.8/site-packages/airflow/example_dags/example_dag_decorator.py for tasks to queue
[2024-07-02T09:14:15.573+0000] {logging_mixin.py:188} INFO - [2024-07-02T09:14:15.573+0000] {dagbag.py:538} INFO - Filling up the DagBag from /home/airflow/.local/lib/python3.8/site-packages/airflow/example_dags/example_dag_decorator.py
[2024-07-02T09:14:15.663+0000] {processor.py:840} INFO - DAG(s) 'example_dag_decorator' retrieved from /home/airflow/.local/lib/python3.8/site-packages/airflow/example_dags/example_dag_decorator.py
[2024-07-02T09:14:15.730+0000] {logging_mixin.py:188} INFO - [2024-07-02T09:14:15.730+0000] {dag.py:3033} INFO - Sync 1 DAGs
[2024-07-02T09:14:15.740+0000] {logging_mixin.py:188} INFO - [2024-07-02T09:14:15.740+0000] {dag.py:3820} INFO - Setting next_dagrun for example_dag_decorator to None, run_after=None
[2024-07-02T09:14:15.758+0000] {processor.py:183} INFO - Processing /home/airflow/.local/lib/python3.8/site-packages/airflow/example_dags/example_dag_decorator.py took 0.191 seconds
[2024-07-02T09:14:46.095+0000] {processor.py:161} INFO - Started process (PID=1219) to work on /home/airflow/.local/lib/python3.8/site-packages/airflow/example_dags/example_dag_decorator.py
[2024-07-02T09:14:46.099+0000] {processor.py:830} INFO - Processing file /home/airflow/.local/lib/python3.8/site-packages/airflow/example_dags/example_dag_decorator.py for tasks to queue
[2024-07-02T09:14:46.103+0000] {logging_mixin.py:188} INFO - [2024-07-02T09:14:46.102+0000] {dagbag.py:538} INFO - Filling up the DagBag from /home/airflow/.local/lib/python3.8/site-packages/airflow/example_dags/example_dag_decorator.py
[2024-07-02T09:14:46.203+0000] {processor.py:840} INFO - DAG(s) 'example_dag_decorator' retrieved from /home/airflow/.local/lib/python3.8/site-packages/airflow/example_dags/example_dag_decorator.py
[2024-07-02T09:14:46.273+0000] {logging_mixin.py:188} INFO - [2024-07-02T09:14:46.273+0000] {dag.py:3033} INFO - Sync 1 DAGs
[2024-07-02T09:14:46.283+0000] {logging_mixin.py:188} INFO - [2024-07-02T09:14:46.283+0000] {dag.py:3820} INFO - Setting next_dagrun for example_dag_decorator to None, run_after=None
[2024-07-02T09:14:46.306+0000] {processor.py:183} INFO - Processing /home/airflow/.local/lib/python3.8/site-packages/airflow/example_dags/example_dag_decorator.py took 0.219 seconds
[2024-07-02T09:15:16.517+0000] {processor.py:161} INFO - Started process (PID=1274) to work on /home/airflow/.local/lib/python3.8/site-packages/airflow/example_dags/example_dag_decorator.py
[2024-07-02T09:15:16.520+0000] {processor.py:830} INFO - Processing file /home/airflow/.local/lib/python3.8/site-packages/airflow/example_dags/example_dag_decorator.py for tasks to queue
[2024-07-02T09:15:16.523+0000] {logging_mixin.py:188} INFO - [2024-07-02T09:15:16.523+0000] {dagbag.py:538} INFO - Filling up the DagBag from /home/airflow/.local/lib/python3.8/site-packages/airflow/example_dags/example_dag_decorator.py
[2024-07-02T09:15:16.635+0000] {processor.py:840} INFO - DAG(s) 'example_dag_decorator' retrieved from /home/airflow/.local/lib/python3.8/site-packages/airflow/example_dags/example_dag_decorator.py
[2024-07-02T09:15:16.659+0000] {logging_mixin.py:188} INFO - [2024-07-02T09:15:16.659+0000] {dag.py:3033} INFO - Sync 1 DAGs
[2024-07-02T09:15:16.672+0000] {logging_mixin.py:188} INFO - [2024-07-02T09:15:16.672+0000] {dag.py:3820} INFO - Setting next_dagrun for example_dag_decorator to None, run_after=None
[2024-07-02T09:15:16.692+0000] {processor.py:183} INFO - Processing /home/airflow/.local/lib/python3.8/site-packages/airflow/example_dags/example_dag_decorator.py took 0.179 seconds
[2024-07-02T09:15:46.943+0000] {processor.py:161} INFO - Started process (PID=1329) to work on /home/airflow/.local/lib/python3.8/site-packages/airflow/example_dags/example_dag_decorator.py
[2024-07-02T09:15:46.947+0000] {processor.py:830} INFO - Processing file /home/airflow/.local/lib/python3.8/site-packages/airflow/example_dags/example_dag_decorator.py for tasks to queue
[2024-07-02T09:15:46.949+0000] {logging_mixin.py:188} INFO - [2024-07-02T09:15:46.949+0000] {dagbag.py:538} INFO - Filling up the DagBag from /home/airflow/.local/lib/python3.8/site-packages/airflow/example_dags/example_dag_decorator.py
[2024-07-02T09:15:47.028+0000] {processor.py:840} INFO - DAG(s) 'example_dag_decorator' retrieved from /home/airflow/.local/lib/python3.8/site-packages/airflow/example_dags/example_dag_decorator.py
[2024-07-02T09:15:47.095+0000] {logging_mixin.py:188} INFO - [2024-07-02T09:15:47.094+0000] {dag.py:3033} INFO - Sync 1 DAGs
[2024-07-02T09:15:47.105+0000] {logging_mixin.py:188} INFO - [2024-07-02T09:15:47.105+0000] {dag.py:3820} INFO - Setting next_dagrun for example_dag_decorator to None, run_after=None
[2024-07-02T09:15:47.123+0000] {processor.py:183} INFO - Processing /home/airflow/.local/lib/python3.8/site-packages/airflow/example_dags/example_dag_decorator.py took 0.182 seconds
[2024-07-02T09:16:17.622+0000] {processor.py:161} INFO - Started process (PID=1383) to work on /home/airflow/.local/lib/python3.8/site-packages/airflow/example_dags/example_dag_decorator.py
[2024-07-02T09:16:17.626+0000] {processor.py:830} INFO - Processing file /home/airflow/.local/lib/python3.8/site-packages/airflow/example_dags/example_dag_decorator.py for tasks to queue
[2024-07-02T09:16:17.628+0000] {logging_mixin.py:188} INFO - [2024-07-02T09:16:17.628+0000] {dagbag.py:538} INFO - Filling up the DagBag from /home/airflow/.local/lib/python3.8/site-packages/airflow/example_dags/example_dag_decorator.py
[2024-07-02T09:16:17.707+0000] {processor.py:840} INFO - DAG(s) 'example_dag_decorator' retrieved from /home/airflow/.local/lib/python3.8/site-packages/airflow/example_dags/example_dag_decorator.py
[2024-07-02T09:16:17.780+0000] {logging_mixin.py:188} INFO - [2024-07-02T09:16:17.780+0000] {dag.py:3033} INFO - Sync 1 DAGs
[2024-07-02T09:16:17.790+0000] {logging_mixin.py:188} INFO - [2024-07-02T09:16:17.790+0000] {dag.py:3820} INFO - Setting next_dagrun for example_dag_decorator to None, run_after=None
[2024-07-02T09:16:17.807+0000] {processor.py:183} INFO - Processing /home/airflow/.local/lib/python3.8/site-packages/airflow/example_dags/example_dag_decorator.py took 0.187 seconds
[2024-07-02T09:16:48.206+0000] {processor.py:161} INFO - Started process (PID=1438) to work on /home/airflow/.local/lib/python3.8/site-packages/airflow/example_dags/example_dag_decorator.py
[2024-07-02T09:16:48.210+0000] {processor.py:830} INFO - Processing file /home/airflow/.local/lib/python3.8/site-packages/airflow/example_dags/example_dag_decorator.py for tasks to queue
[2024-07-02T09:16:48.213+0000] {logging_mixin.py:188} INFO - [2024-07-02T09:16:48.212+0000] {dagbag.py:538} INFO - Filling up the DagBag from /home/airflow/.local/lib/python3.8/site-packages/airflow/example_dags/example_dag_decorator.py
[2024-07-02T09:16:48.303+0000] {processor.py:840} INFO - DAG(s) 'example_dag_decorator' retrieved from /home/airflow/.local/lib/python3.8/site-packages/airflow/example_dags/example_dag_decorator.py
[2024-07-02T09:16:48.330+0000] {logging_mixin.py:188} INFO - [2024-07-02T09:16:48.329+0000] {dag.py:3033} INFO - Sync 1 DAGs
[2024-07-02T09:16:48.342+0000] {logging_mixin.py:188} INFO - [2024-07-02T09:16:48.342+0000] {dag.py:3820} INFO - Setting next_dagrun for example_dag_decorator to None, run_after=None
[2024-07-02T09:16:48.360+0000] {processor.py:183} INFO - Processing /home/airflow/.local/lib/python3.8/site-packages/airflow/example_dags/example_dag_decorator.py took 0.158 seconds
[2024-07-02T09:17:18.833+0000] {processor.py:161} INFO - Started process (PID=1493) to work on /home/airflow/.local/lib/python3.8/site-packages/airflow/example_dags/example_dag_decorator.py
[2024-07-02T09:17:18.837+0000] {processor.py:830} INFO - Processing file /home/airflow/.local/lib/python3.8/site-packages/airflow/example_dags/example_dag_decorator.py for tasks to queue
[2024-07-02T09:17:18.839+0000] {logging_mixin.py:188} INFO - [2024-07-02T09:17:18.839+0000] {dagbag.py:538} INFO - Filling up the DagBag from /home/airflow/.local/lib/python3.8/site-packages/airflow/example_dags/example_dag_decorator.py
[2024-07-02T09:17:18.928+0000] {processor.py:840} INFO - DAG(s) 'example_dag_decorator' retrieved from /home/airflow/.local/lib/python3.8/site-packages/airflow/example_dags/example_dag_decorator.py
[2024-07-02T09:17:18.950+0000] {logging_mixin.py:188} INFO - [2024-07-02T09:17:18.950+0000] {dag.py:3033} INFO - Sync 1 DAGs
[2024-07-02T09:17:18.962+0000] {logging_mixin.py:188} INFO - [2024-07-02T09:17:18.962+0000] {dag.py:3820} INFO - Setting next_dagrun for example_dag_decorator to None, run_after=None
[2024-07-02T09:17:18.978+0000] {processor.py:183} INFO - Processing /home/airflow/.local/lib/python3.8/site-packages/airflow/example_dags/example_dag_decorator.py took 0.149 seconds
[2024-07-02T09:17:49.144+0000] {processor.py:161} INFO - Started process (PID=1549) to work on /home/airflow/.local/lib/python3.8/site-packages/airflow/example_dags/example_dag_decorator.py
[2024-07-02T09:17:49.149+0000] {processor.py:830} INFO - Processing file /home/airflow/.local/lib/python3.8/site-packages/airflow/example_dags/example_dag_decorator.py for tasks to queue
[2024-07-02T09:17:49.153+0000] {logging_mixin.py:188} INFO - [2024-07-02T09:17:49.152+0000] {dagbag.py:538} INFO - Filling up the DagBag from /home/airflow/.local/lib/python3.8/site-packages/airflow/example_dags/example_dag_decorator.py
[2024-07-02T09:17:49.245+0000] {processor.py:840} INFO - DAG(s) 'example_dag_decorator' retrieved from /home/airflow/.local/lib/python3.8/site-packages/airflow/example_dags/example_dag_decorator.py
[2024-07-02T09:17:49.272+0000] {logging_mixin.py:188} INFO - [2024-07-02T09:17:49.272+0000] {dag.py:3033} INFO - Sync 1 DAGs
[2024-07-02T09:17:49.287+0000] {logging_mixin.py:188} INFO - [2024-07-02T09:17:49.286+0000] {dag.py:3820} INFO - Setting next_dagrun for example_dag_decorator to None, run_after=None
[2024-07-02T09:17:49.304+0000] {processor.py:183} INFO - Processing /home/airflow/.local/lib/python3.8/site-packages/airflow/example_dags/example_dag_decorator.py took 0.167 seconds
[2024-07-02T09:18:19.668+0000] {processor.py:161} INFO - Started process (PID=1604) to work on /home/airflow/.local/lib/python3.8/site-packages/airflow/example_dags/example_dag_decorator.py
[2024-07-02T09:18:19.671+0000] {processor.py:830} INFO - Processing file /home/airflow/.local/lib/python3.8/site-packages/airflow/example_dags/example_dag_decorator.py for tasks to queue
[2024-07-02T09:18:19.673+0000] {logging_mixin.py:188} INFO - [2024-07-02T09:18:19.673+0000] {dagbag.py:538} INFO - Filling up the DagBag from /home/airflow/.local/lib/python3.8/site-packages/airflow/example_dags/example_dag_decorator.py
[2024-07-02T09:18:19.767+0000] {processor.py:840} INFO - DAG(s) 'example_dag_decorator' retrieved from /home/airflow/.local/lib/python3.8/site-packages/airflow/example_dags/example_dag_decorator.py
[2024-07-02T09:18:19.848+0000] {logging_mixin.py:188} INFO - [2024-07-02T09:18:19.848+0000] {dag.py:3033} INFO - Sync 1 DAGs
[2024-07-02T09:18:19.858+0000] {logging_mixin.py:188} INFO - [2024-07-02T09:18:19.858+0000] {dag.py:3820} INFO - Setting next_dagrun for example_dag_decorator to None, run_after=None
[2024-07-02T09:18:19.874+0000] {processor.py:183} INFO - Processing /home/airflow/.local/lib/python3.8/site-packages/airflow/example_dags/example_dag_decorator.py took 0.208 seconds
[2024-07-02T09:18:50.183+0000] {processor.py:161} INFO - Started process (PID=1659) to work on /home/airflow/.local/lib/python3.8/site-packages/airflow/example_dags/example_dag_decorator.py
[2024-07-02T09:18:50.186+0000] {processor.py:830} INFO - Processing file /home/airflow/.local/lib/python3.8/site-packages/airflow/example_dags/example_dag_decorator.py for tasks to queue
[2024-07-02T09:18:50.188+0000] {logging_mixin.py:188} INFO - [2024-07-02T09:18:50.188+0000] {dagbag.py:538} INFO - Filling up the DagBag from /home/airflow/.local/lib/python3.8/site-packages/airflow/example_dags/example_dag_decorator.py
[2024-07-02T09:18:50.276+0000] {processor.py:840} INFO - DAG(s) 'example_dag_decorator' retrieved from /home/airflow/.local/lib/python3.8/site-packages/airflow/example_dags/example_dag_decorator.py
[2024-07-02T09:18:50.313+0000] {logging_mixin.py:188} INFO - [2024-07-02T09:18:50.312+0000] {dag.py:3033} INFO - Sync 1 DAGs
[2024-07-02T09:18:50.331+0000] {logging_mixin.py:188} INFO - [2024-07-02T09:18:50.331+0000] {dag.py:3820} INFO - Setting next_dagrun for example_dag_decorator to None, run_after=None
[2024-07-02T09:18:50.357+0000] {processor.py:183} INFO - Processing /home/airflow/.local/lib/python3.8/site-packages/airflow/example_dags/example_dag_decorator.py took 0.177 seconds
[2024-07-02T09:19:20.576+0000] {processor.py:161} INFO - Started process (PID=1714) to work on /home/airflow/.local/lib/python3.8/site-packages/airflow/example_dags/example_dag_decorator.py
[2024-07-02T09:19:20.580+0000] {processor.py:830} INFO - Processing file /home/airflow/.local/lib/python3.8/site-packages/airflow/example_dags/example_dag_decorator.py for tasks to queue
[2024-07-02T09:19:20.583+0000] {logging_mixin.py:188} INFO - [2024-07-02T09:19:20.583+0000] {dagbag.py:538} INFO - Filling up the DagBag from /home/airflow/.local/lib/python3.8/site-packages/airflow/example_dags/example_dag_decorator.py
[2024-07-02T09:19:20.679+0000] {processor.py:840} INFO - DAG(s) 'example_dag_decorator' retrieved from /home/airflow/.local/lib/python3.8/site-packages/airflow/example_dags/example_dag_decorator.py
[2024-07-02T09:19:20.743+0000] {logging_mixin.py:188} INFO - [2024-07-02T09:19:20.742+0000] {dag.py:3033} INFO - Sync 1 DAGs
[2024-07-02T09:19:20.752+0000] {logging_mixin.py:188} INFO - [2024-07-02T09:19:20.752+0000] {dag.py:3820} INFO - Setting next_dagrun for example_dag_decorator to None, run_after=None
[2024-07-02T09:19:20.769+0000] {processor.py:183} INFO - Processing /home/airflow/.local/lib/python3.8/site-packages/airflow/example_dags/example_dag_decorator.py took 0.199 seconds
[2024-07-02T09:19:50.920+0000] {processor.py:161} INFO - Started process (PID=1768) to work on /home/airflow/.local/lib/python3.8/site-packages/airflow/example_dags/example_dag_decorator.py
[2024-07-02T09:19:50.923+0000] {processor.py:830} INFO - Processing file /home/airflow/.local/lib/python3.8/site-packages/airflow/example_dags/example_dag_decorator.py for tasks to queue
[2024-07-02T09:19:50.926+0000] {logging_mixin.py:188} INFO - [2024-07-02T09:19:50.926+0000] {dagbag.py:538} INFO - Filling up the DagBag from /home/airflow/.local/lib/python3.8/site-packages/airflow/example_dags/example_dag_decorator.py
[2024-07-02T09:19:51.015+0000] {processor.py:840} INFO - DAG(s) 'example_dag_decorator' retrieved from /home/airflow/.local/lib/python3.8/site-packages/airflow/example_dags/example_dag_decorator.py
[2024-07-02T09:19:51.038+0000] {logging_mixin.py:188} INFO - [2024-07-02T09:19:51.038+0000] {dag.py:3033} INFO - Sync 1 DAGs
[2024-07-02T09:19:51.051+0000] {logging_mixin.py:188} INFO - [2024-07-02T09:19:51.051+0000] {dag.py:3820} INFO - Setting next_dagrun for example_dag_decorator to None, run_after=None
[2024-07-02T09:19:51.067+0000] {processor.py:183} INFO - Processing /home/airflow/.local/lib/python3.8/site-packages/airflow/example_dags/example_dag_decorator.py took 0.151 seconds
[2024-07-02T09:20:21.508+0000] {processor.py:161} INFO - Started process (PID=1822) to work on /home/airflow/.local/lib/python3.8/site-packages/airflow/example_dags/example_dag_decorator.py
[2024-07-02T09:20:21.511+0000] {processor.py:830} INFO - Processing file /home/airflow/.local/lib/python3.8/site-packages/airflow/example_dags/example_dag_decorator.py for tasks to queue
[2024-07-02T09:20:21.514+0000] {logging_mixin.py:188} INFO - [2024-07-02T09:20:21.514+0000] {dagbag.py:538} INFO - Filling up the DagBag from /home/airflow/.local/lib/python3.8/site-packages/airflow/example_dags/example_dag_decorator.py
[2024-07-02T09:20:21.609+0000] {processor.py:840} INFO - DAG(s) 'example_dag_decorator' retrieved from /home/airflow/.local/lib/python3.8/site-packages/airflow/example_dags/example_dag_decorator.py
[2024-07-02T09:20:21.668+0000] {logging_mixin.py:188} INFO - [2024-07-02T09:20:21.668+0000] {dag.py:3033} INFO - Sync 1 DAGs
[2024-07-02T09:20:21.678+0000] {logging_mixin.py:188} INFO - [2024-07-02T09:20:21.678+0000] {dag.py:3820} INFO - Setting next_dagrun for example_dag_decorator to None, run_after=None
[2024-07-02T09:20:21.692+0000] {processor.py:183} INFO - Processing /home/airflow/.local/lib/python3.8/site-packages/airflow/example_dags/example_dag_decorator.py took 0.187 seconds
[2024-07-02T09:20:52.114+0000] {processor.py:161} INFO - Started process (PID=1877) to work on /home/airflow/.local/lib/python3.8/site-packages/airflow/example_dags/example_dag_decorator.py
[2024-07-02T09:20:52.117+0000] {processor.py:830} INFO - Processing file /home/airflow/.local/lib/python3.8/site-packages/airflow/example_dags/example_dag_decorator.py for tasks to queue
[2024-07-02T09:20:52.120+0000] {logging_mixin.py:188} INFO - [2024-07-02T09:20:52.120+0000] {dagbag.py:538} INFO - Filling up the DagBag from /home/airflow/.local/lib/python3.8/site-packages/airflow/example_dags/example_dag_decorator.py
[2024-07-02T09:20:52.256+0000] {processor.py:840} INFO - DAG(s) 'example_dag_decorator' retrieved from /home/airflow/.local/lib/python3.8/site-packages/airflow/example_dags/example_dag_decorator.py
[2024-07-02T09:20:52.294+0000] {logging_mixin.py:188} INFO - [2024-07-02T09:20:52.293+0000] {dag.py:3033} INFO - Sync 1 DAGs
[2024-07-02T09:20:52.312+0000] {logging_mixin.py:188} INFO - [2024-07-02T09:20:52.312+0000] {dag.py:3820} INFO - Setting next_dagrun for example_dag_decorator to None, run_after=None
[2024-07-02T09:20:52.337+0000] {processor.py:183} INFO - Processing /home/airflow/.local/lib/python3.8/site-packages/airflow/example_dags/example_dag_decorator.py took 0.227 seconds
[2024-07-02T09:21:22.384+0000] {processor.py:161} INFO - Started process (PID=1933) to work on /home/airflow/.local/lib/python3.8/site-packages/airflow/example_dags/example_dag_decorator.py
[2024-07-02T09:21:22.385+0000] {processor.py:830} INFO - Processing file /home/airflow/.local/lib/python3.8/site-packages/airflow/example_dags/example_dag_decorator.py for tasks to queue
[2024-07-02T09:21:22.388+0000] {logging_mixin.py:188} INFO - [2024-07-02T09:21:22.387+0000] {dagbag.py:538} INFO - Filling up the DagBag from /home/airflow/.local/lib/python3.8/site-packages/airflow/example_dags/example_dag_decorator.py
[2024-07-02T09:21:22.491+0000] {processor.py:840} INFO - DAG(s) 'example_dag_decorator' retrieved from /home/airflow/.local/lib/python3.8/site-packages/airflow/example_dags/example_dag_decorator.py
[2024-07-02T09:21:22.517+0000] {logging_mixin.py:188} INFO - [2024-07-02T09:21:22.517+0000] {dag.py:3033} INFO - Sync 1 DAGs
[2024-07-02T09:21:22.532+0000] {logging_mixin.py:188} INFO - [2024-07-02T09:21:22.532+0000] {dag.py:3820} INFO - Setting next_dagrun for example_dag_decorator to None, run_after=None
[2024-07-02T09:21:22.553+0000] {processor.py:183} INFO - Processing /home/airflow/.local/lib/python3.8/site-packages/airflow/example_dags/example_dag_decorator.py took 0.172 seconds
[2024-07-02T09:21:52.773+0000] {processor.py:161} INFO - Started process (PID=1986) to work on /home/airflow/.local/lib/python3.8/site-packages/airflow/example_dags/example_dag_decorator.py
[2024-07-02T09:21:52.778+0000] {processor.py:830} INFO - Processing file /home/airflow/.local/lib/python3.8/site-packages/airflow/example_dags/example_dag_decorator.py for tasks to queue
[2024-07-02T09:21:52.780+0000] {logging_mixin.py:188} INFO - [2024-07-02T09:21:52.780+0000] {dagbag.py:538} INFO - Filling up the DagBag from /home/airflow/.local/lib/python3.8/site-packages/airflow/example_dags/example_dag_decorator.py
[2024-07-02T09:21:52.930+0000] {processor.py:840} INFO - DAG(s) 'example_dag_decorator' retrieved from /home/airflow/.local/lib/python3.8/site-packages/airflow/example_dags/example_dag_decorator.py
[2024-07-02T09:21:53.071+0000] {logging_mixin.py:188} INFO - [2024-07-02T09:21:53.070+0000] {dag.py:3033} INFO - Sync 1 DAGs
[2024-07-02T09:21:53.094+0000] {logging_mixin.py:188} INFO - [2024-07-02T09:21:53.094+0000] {dag.py:3820} INFO - Setting next_dagrun for example_dag_decorator to None, run_after=None
[2024-07-02T09:21:53.124+0000] {processor.py:183} INFO - Processing /home/airflow/.local/lib/python3.8/site-packages/airflow/example_dags/example_dag_decorator.py took 0.354 seconds
[2024-07-02T09:22:23.154+0000] {processor.py:161} INFO - Started process (PID=2043) to work on /home/airflow/.local/lib/python3.8/site-packages/airflow/example_dags/example_dag_decorator.py
[2024-07-02T09:22:23.155+0000] {processor.py:830} INFO - Processing file /home/airflow/.local/lib/python3.8/site-packages/airflow/example_dags/example_dag_decorator.py for tasks to queue
[2024-07-02T09:22:23.157+0000] {logging_mixin.py:188} INFO - [2024-07-02T09:22:23.157+0000] {dagbag.py:538} INFO - Filling up the DagBag from /home/airflow/.local/lib/python3.8/site-packages/airflow/example_dags/example_dag_decorator.py
[2024-07-02T09:22:23.237+0000] {processor.py:840} INFO - DAG(s) 'example_dag_decorator' retrieved from /home/airflow/.local/lib/python3.8/site-packages/airflow/example_dags/example_dag_decorator.py
[2024-07-02T09:22:23.295+0000] {logging_mixin.py:188} INFO - [2024-07-02T09:22:23.295+0000] {dag.py:3033} INFO - Sync 1 DAGs
[2024-07-02T09:22:23.304+0000] {logging_mixin.py:188} INFO - [2024-07-02T09:22:23.303+0000] {dag.py:3820} INFO - Setting next_dagrun for example_dag_decorator to None, run_after=None
[2024-07-02T09:22:23.320+0000] {processor.py:183} INFO - Processing /home/airflow/.local/lib/python3.8/site-packages/airflow/example_dags/example_dag_decorator.py took 0.169 seconds
[2024-07-02T09:22:53.361+0000] {processor.py:161} INFO - Started process (PID=2096) to work on /home/airflow/.local/lib/python3.8/site-packages/airflow/example_dags/example_dag_decorator.py
[2024-07-02T09:22:53.364+0000] {processor.py:830} INFO - Processing file /home/airflow/.local/lib/python3.8/site-packages/airflow/example_dags/example_dag_decorator.py for tasks to queue
[2024-07-02T09:22:53.367+0000] {logging_mixin.py:188} INFO - [2024-07-02T09:22:53.367+0000] {dagbag.py:538} INFO - Filling up the DagBag from /home/airflow/.local/lib/python3.8/site-packages/airflow/example_dags/example_dag_decorator.py
[2024-07-02T09:22:53.458+0000] {processor.py:840} INFO - DAG(s) 'example_dag_decorator' retrieved from /home/airflow/.local/lib/python3.8/site-packages/airflow/example_dags/example_dag_decorator.py
[2024-07-02T09:22:53.524+0000] {logging_mixin.py:188} INFO - [2024-07-02T09:22:53.524+0000] {dag.py:3033} INFO - Sync 1 DAGs
[2024-07-02T09:22:53.533+0000] {logging_mixin.py:188} INFO - [2024-07-02T09:22:53.533+0000] {dag.py:3820} INFO - Setting next_dagrun for example_dag_decorator to None, run_after=None
[2024-07-02T09:22:53.549+0000] {processor.py:183} INFO - Processing /home/airflow/.local/lib/python3.8/site-packages/airflow/example_dags/example_dag_decorator.py took 0.192 seconds
[2024-07-02T09:23:23.591+0000] {processor.py:161} INFO - Started process (PID=2151) to work on /home/airflow/.local/lib/python3.8/site-packages/airflow/example_dags/example_dag_decorator.py
[2024-07-02T09:23:23.592+0000] {processor.py:830} INFO - Processing file /home/airflow/.local/lib/python3.8/site-packages/airflow/example_dags/example_dag_decorator.py for tasks to queue
[2024-07-02T09:23:23.595+0000] {logging_mixin.py:188} INFO - [2024-07-02T09:23:23.594+0000] {dagbag.py:538} INFO - Filling up the DagBag from /home/airflow/.local/lib/python3.8/site-packages/airflow/example_dags/example_dag_decorator.py
[2024-07-02T09:23:23.754+0000] {processor.py:840} INFO - DAG(s) 'example_dag_decorator' retrieved from /home/airflow/.local/lib/python3.8/site-packages/airflow/example_dags/example_dag_decorator.py
[2024-07-02T09:23:23.792+0000] {logging_mixin.py:188} INFO - [2024-07-02T09:23:23.792+0000] {dag.py:3033} INFO - Sync 1 DAGs
[2024-07-02T09:23:23.810+0000] {logging_mixin.py:188} INFO - [2024-07-02T09:23:23.810+0000] {dag.py:3820} INFO - Setting next_dagrun for example_dag_decorator to None, run_after=None
[2024-07-02T09:23:23.836+0000] {processor.py:183} INFO - Processing /home/airflow/.local/lib/python3.8/site-packages/airflow/example_dags/example_dag_decorator.py took 0.249 seconds
[2024-07-02T09:23:54.125+0000] {processor.py:161} INFO - Started process (PID=2206) to work on /home/airflow/.local/lib/python3.8/site-packages/airflow/example_dags/example_dag_decorator.py
[2024-07-02T09:23:54.128+0000] {processor.py:830} INFO - Processing file /home/airflow/.local/lib/python3.8/site-packages/airflow/example_dags/example_dag_decorator.py for tasks to queue
[2024-07-02T09:23:54.130+0000] {logging_mixin.py:188} INFO - [2024-07-02T09:23:54.130+0000] {dagbag.py:538} INFO - Filling up the DagBag from /home/airflow/.local/lib/python3.8/site-packages/airflow/example_dags/example_dag_decorator.py
[2024-07-02T09:23:54.209+0000] {processor.py:840} INFO - DAG(s) 'example_dag_decorator' retrieved from /home/airflow/.local/lib/python3.8/site-packages/airflow/example_dags/example_dag_decorator.py
[2024-07-02T09:23:54.234+0000] {logging_mixin.py:188} INFO - [2024-07-02T09:23:54.234+0000] {dag.py:3033} INFO - Sync 1 DAGs
[2024-07-02T09:23:54.250+0000] {logging_mixin.py:188} INFO - [2024-07-02T09:23:54.249+0000] {dag.py:3820} INFO - Setting next_dagrun for example_dag_decorator to None, run_after=None
[2024-07-02T09:23:54.278+0000] {processor.py:183} INFO - Processing /home/airflow/.local/lib/python3.8/site-packages/airflow/example_dags/example_dag_decorator.py took 0.155 seconds
