[2024-07-02T09:03:58.238+0000] {processor.py:161} INFO - Started process (PID=42) to work on /home/airflow/.local/lib/python3.8/site-packages/airflow/example_dags/example_sensor_decorator.py
[2024-07-02T09:03:58.239+0000] {processor.py:830} INFO - Processing file /home/airflow/.local/lib/python3.8/site-packages/airflow/example_dags/example_sensor_decorator.py for tasks to queue
[2024-07-02T09:03:58.243+0000] {logging_mixin.py:188} INFO - [2024-07-02T09:03:58.242+0000] {dagbag.py:538} INFO - Filling up the DagBag from /home/airflow/.local/lib/python3.8/site-packages/airflow/example_dags/example_sensor_decorator.py
[2024-07-02T09:03:58.256+0000] {processor.py:840} INFO - DAG(s) 'example_sensor_decorator' retrieved from /home/airflow/.local/lib/python3.8/site-packages/airflow/example_dags/example_sensor_decorator.py
[2024-07-02T09:03:58.502+0000] {logging_mixin.py:188} INFO - [2024-07-02T09:03:58.501+0000] {override.py:1769} INFO - Created Permission View: can edit on DAG:example_sensor_decorator
[2024-07-02T09:03:58.524+0000] {logging_mixin.py:188} INFO - [2024-07-02T09:03:58.524+0000] {override.py:1769} INFO - Created Permission View: can delete on DAG:example_sensor_decorator
[2024-07-02T09:03:58.538+0000] {logging_mixin.py:188} INFO - [2024-07-02T09:03:58.538+0000] {override.py:1769} INFO - Created Permission View: can read on DAG:example_sensor_decorator
[2024-07-02T09:03:58.539+0000] {logging_mixin.py:188} INFO - [2024-07-02T09:03:58.539+0000] {dag.py:3033} INFO - Sync 1 DAGs
[2024-07-02T09:03:58.571+0000] {logging_mixin.py:188} INFO - [2024-07-02T09:03:58.571+0000] {dag.py:3055} INFO - Creating ORM DAG for example_sensor_decorator
[2024-07-02T09:03:58.572+0000] {logging_mixin.py:188} INFO - [2024-07-02T09:03:58.572+0000] {dag.py:3820} INFO - Setting next_dagrun for example_sensor_decorator to None, run_after=None
[2024-07-02T09:03:58.608+0000] {processor.py:183} INFO - Processing /home/airflow/.local/lib/python3.8/site-packages/airflow/example_dags/example_sensor_decorator.py took 0.379 seconds
[2024-07-02T09:04:29.240+0000] {processor.py:161} INFO - Started process (PID=96) to work on /home/airflow/.local/lib/python3.8/site-packages/airflow/example_dags/example_sensor_decorator.py
[2024-07-02T09:04:29.241+0000] {processor.py:830} INFO - Processing file /home/airflow/.local/lib/python3.8/site-packages/airflow/example_dags/example_sensor_decorator.py for tasks to queue
[2024-07-02T09:04:29.244+0000] {logging_mixin.py:188} INFO - [2024-07-02T09:04:29.244+0000] {dagbag.py:538} INFO - Filling up the DagBag from /home/airflow/.local/lib/python3.8/site-packages/airflow/example_dags/example_sensor_decorator.py
[2024-07-02T09:04:29.252+0000] {processor.py:840} INFO - DAG(s) 'example_sensor_decorator' retrieved from /home/airflow/.local/lib/python3.8/site-packages/airflow/example_dags/example_sensor_decorator.py
[2024-07-02T09:04:29.277+0000] {logging_mixin.py:188} INFO - [2024-07-02T09:04:29.277+0000] {dag.py:3033} INFO - Sync 1 DAGs
[2024-07-02T09:04:29.297+0000] {logging_mixin.py:188} INFO - [2024-07-02T09:04:29.296+0000] {dag.py:3820} INFO - Setting next_dagrun for example_sensor_decorator to None, run_after=None
[2024-07-02T09:04:29.321+0000] {processor.py:183} INFO - Processing /home/airflow/.local/lib/python3.8/site-packages/airflow/example_dags/example_sensor_decorator.py took 0.086 seconds
[2024-07-02T09:04:59.664+0000] {processor.py:161} INFO - Started process (PID=152) to work on /home/airflow/.local/lib/python3.8/site-packages/airflow/example_dags/example_sensor_decorator.py
[2024-07-02T09:04:59.665+0000] {processor.py:830} INFO - Processing file /home/airflow/.local/lib/python3.8/site-packages/airflow/example_dags/example_sensor_decorator.py for tasks to queue
[2024-07-02T09:04:59.668+0000] {logging_mixin.py:188} INFO - [2024-07-02T09:04:59.668+0000] {dagbag.py:538} INFO - Filling up the DagBag from /home/airflow/.local/lib/python3.8/site-packages/airflow/example_dags/example_sensor_decorator.py
[2024-07-02T09:04:59.676+0000] {processor.py:840} INFO - DAG(s) 'example_sensor_decorator' retrieved from /home/airflow/.local/lib/python3.8/site-packages/airflow/example_dags/example_sensor_decorator.py
[2024-07-02T09:04:59.706+0000] {logging_mixin.py:188} INFO - [2024-07-02T09:04:59.705+0000] {dag.py:3033} INFO - Sync 1 DAGs
[2024-07-02T09:04:59.722+0000] {logging_mixin.py:188} INFO - [2024-07-02T09:04:59.722+0000] {dag.py:3820} INFO - Setting next_dagrun for example_sensor_decorator to None, run_after=None
[2024-07-02T09:04:59.746+0000] {processor.py:183} INFO - Processing /home/airflow/.local/lib/python3.8/site-packages/airflow/example_dags/example_sensor_decorator.py took 0.086 seconds
[2024-07-02T09:05:29.938+0000] {processor.py:161} INFO - Started process (PID=207) to work on /home/airflow/.local/lib/python3.8/site-packages/airflow/example_dags/example_sensor_decorator.py
[2024-07-02T09:05:29.939+0000] {processor.py:830} INFO - Processing file /home/airflow/.local/lib/python3.8/site-packages/airflow/example_dags/example_sensor_decorator.py for tasks to queue
[2024-07-02T09:05:29.941+0000] {logging_mixin.py:188} INFO - [2024-07-02T09:05:29.941+0000] {dagbag.py:538} INFO - Filling up the DagBag from /home/airflow/.local/lib/python3.8/site-packages/airflow/example_dags/example_sensor_decorator.py
[2024-07-02T09:05:29.948+0000] {processor.py:840} INFO - DAG(s) 'example_sensor_decorator' retrieved from /home/airflow/.local/lib/python3.8/site-packages/airflow/example_dags/example_sensor_decorator.py
[2024-07-02T09:05:29.968+0000] {logging_mixin.py:188} INFO - [2024-07-02T09:05:29.968+0000] {dag.py:3033} INFO - Sync 1 DAGs
[2024-07-02T09:05:29.980+0000] {logging_mixin.py:188} INFO - [2024-07-02T09:05:29.980+0000] {dag.py:3820} INFO - Setting next_dagrun for example_sensor_decorator to None, run_after=None
[2024-07-02T09:05:29.996+0000] {processor.py:183} INFO - Processing /home/airflow/.local/lib/python3.8/site-packages/airflow/example_dags/example_sensor_decorator.py took 0.061 seconds
[2024-07-02T09:06:00.044+0000] {processor.py:161} INFO - Started process (PID=261) to work on /home/airflow/.local/lib/python3.8/site-packages/airflow/example_dags/example_sensor_decorator.py
[2024-07-02T09:06:00.047+0000] {processor.py:830} INFO - Processing file /home/airflow/.local/lib/python3.8/site-packages/airflow/example_dags/example_sensor_decorator.py for tasks to queue
[2024-07-02T09:06:00.049+0000] {logging_mixin.py:188} INFO - [2024-07-02T09:06:00.049+0000] {dagbag.py:538} INFO - Filling up the DagBag from /home/airflow/.local/lib/python3.8/site-packages/airflow/example_dags/example_sensor_decorator.py
[2024-07-02T09:06:00.054+0000] {processor.py:840} INFO - DAG(s) 'example_sensor_decorator' retrieved from /home/airflow/.local/lib/python3.8/site-packages/airflow/example_dags/example_sensor_decorator.py
[2024-07-02T09:06:00.077+0000] {logging_mixin.py:188} INFO - [2024-07-02T09:06:00.076+0000] {dag.py:3033} INFO - Sync 1 DAGs
[2024-07-02T09:06:00.091+0000] {logging_mixin.py:188} INFO - [2024-07-02T09:06:00.091+0000] {dag.py:3820} INFO - Setting next_dagrun for example_sensor_decorator to None, run_after=None
[2024-07-02T09:06:00.114+0000] {processor.py:183} INFO - Processing /home/airflow/.local/lib/python3.8/site-packages/airflow/example_dags/example_sensor_decorator.py took 0.072 seconds
[2024-07-02T09:06:30.629+0000] {processor.py:161} INFO - Started process (PID=316) to work on /home/airflow/.local/lib/python3.8/site-packages/airflow/example_dags/example_sensor_decorator.py
[2024-07-02T09:06:30.630+0000] {processor.py:830} INFO - Processing file /home/airflow/.local/lib/python3.8/site-packages/airflow/example_dags/example_sensor_decorator.py for tasks to queue
[2024-07-02T09:06:30.631+0000] {logging_mixin.py:188} INFO - [2024-07-02T09:06:30.631+0000] {dagbag.py:538} INFO - Filling up the DagBag from /home/airflow/.local/lib/python3.8/site-packages/airflow/example_dags/example_sensor_decorator.py
[2024-07-02T09:06:30.636+0000] {processor.py:840} INFO - DAG(s) 'example_sensor_decorator' retrieved from /home/airflow/.local/lib/python3.8/site-packages/airflow/example_dags/example_sensor_decorator.py
[2024-07-02T09:06:30.654+0000] {logging_mixin.py:188} INFO - [2024-07-02T09:06:30.654+0000] {dag.py:3033} INFO - Sync 1 DAGs
[2024-07-02T09:06:30.664+0000] {logging_mixin.py:188} INFO - [2024-07-02T09:06:30.664+0000] {dag.py:3820} INFO - Setting next_dagrun for example_sensor_decorator to None, run_after=None
[2024-07-02T09:06:30.680+0000] {processor.py:183} INFO - Processing /home/airflow/.local/lib/python3.8/site-packages/airflow/example_dags/example_sensor_decorator.py took 0.054 seconds
[2024-07-02T09:07:00.925+0000] {processor.py:161} INFO - Started process (PID=371) to work on /home/airflow/.local/lib/python3.8/site-packages/airflow/example_dags/example_sensor_decorator.py
[2024-07-02T09:07:00.926+0000] {processor.py:830} INFO - Processing file /home/airflow/.local/lib/python3.8/site-packages/airflow/example_dags/example_sensor_decorator.py for tasks to queue
[2024-07-02T09:07:00.928+0000] {logging_mixin.py:188} INFO - [2024-07-02T09:07:00.928+0000] {dagbag.py:538} INFO - Filling up the DagBag from /home/airflow/.local/lib/python3.8/site-packages/airflow/example_dags/example_sensor_decorator.py
[2024-07-02T09:07:00.935+0000] {processor.py:840} INFO - DAG(s) 'example_sensor_decorator' retrieved from /home/airflow/.local/lib/python3.8/site-packages/airflow/example_dags/example_sensor_decorator.py
[2024-07-02T09:07:00.964+0000] {logging_mixin.py:188} INFO - [2024-07-02T09:07:00.964+0000] {dag.py:3033} INFO - Sync 1 DAGs
[2024-07-02T09:07:00.985+0000] {logging_mixin.py:188} INFO - [2024-07-02T09:07:00.985+0000] {dag.py:3820} INFO - Setting next_dagrun for example_sensor_decorator to None, run_after=None
[2024-07-02T09:07:01.013+0000] {processor.py:183} INFO - Processing /home/airflow/.local/lib/python3.8/site-packages/airflow/example_dags/example_sensor_decorator.py took 0.091 seconds
[2024-07-02T09:07:31.610+0000] {processor.py:161} INFO - Started process (PID=426) to work on /home/airflow/.local/lib/python3.8/site-packages/airflow/example_dags/example_sensor_decorator.py
[2024-07-02T09:07:31.611+0000] {processor.py:830} INFO - Processing file /home/airflow/.local/lib/python3.8/site-packages/airflow/example_dags/example_sensor_decorator.py for tasks to queue
[2024-07-02T09:07:31.612+0000] {logging_mixin.py:188} INFO - [2024-07-02T09:07:31.612+0000] {dagbag.py:538} INFO - Filling up the DagBag from /home/airflow/.local/lib/python3.8/site-packages/airflow/example_dags/example_sensor_decorator.py
[2024-07-02T09:07:31.618+0000] {processor.py:840} INFO - DAG(s) 'example_sensor_decorator' retrieved from /home/airflow/.local/lib/python3.8/site-packages/airflow/example_dags/example_sensor_decorator.py
[2024-07-02T09:07:31.643+0000] {logging_mixin.py:188} INFO - [2024-07-02T09:07:31.643+0000] {dag.py:3033} INFO - Sync 1 DAGs
[2024-07-02T09:07:31.660+0000] {logging_mixin.py:188} INFO - [2024-07-02T09:07:31.660+0000] {dag.py:3820} INFO - Setting next_dagrun for example_sensor_decorator to None, run_after=None
[2024-07-02T09:07:31.684+0000] {processor.py:183} INFO - Processing /home/airflow/.local/lib/python3.8/site-packages/airflow/example_dags/example_sensor_decorator.py took 0.076 seconds
[2024-07-02T09:08:02.219+0000] {processor.py:161} INFO - Started process (PID=481) to work on /home/airflow/.local/lib/python3.8/site-packages/airflow/example_dags/example_sensor_decorator.py
[2024-07-02T09:08:02.220+0000] {processor.py:830} INFO - Processing file /home/airflow/.local/lib/python3.8/site-packages/airflow/example_dags/example_sensor_decorator.py for tasks to queue
[2024-07-02T09:08:02.222+0000] {logging_mixin.py:188} INFO - [2024-07-02T09:08:02.221+0000] {dagbag.py:538} INFO - Filling up the DagBag from /home/airflow/.local/lib/python3.8/site-packages/airflow/example_dags/example_sensor_decorator.py
[2024-07-02T09:08:02.227+0000] {processor.py:840} INFO - DAG(s) 'example_sensor_decorator' retrieved from /home/airflow/.local/lib/python3.8/site-packages/airflow/example_dags/example_sensor_decorator.py
[2024-07-02T09:08:02.248+0000] {logging_mixin.py:188} INFO - [2024-07-02T09:08:02.248+0000] {dag.py:3033} INFO - Sync 1 DAGs
[2024-07-02T09:08:02.262+0000] {logging_mixin.py:188} INFO - [2024-07-02T09:08:02.262+0000] {dag.py:3820} INFO - Setting next_dagrun for example_sensor_decorator to None, run_after=None
[2024-07-02T09:08:02.280+0000] {processor.py:183} INFO - Processing /home/airflow/.local/lib/python3.8/site-packages/airflow/example_dags/example_sensor_decorator.py took 0.063 seconds
[2024-07-02T09:08:32.850+0000] {processor.py:161} INFO - Started process (PID=536) to work on /home/airflow/.local/lib/python3.8/site-packages/airflow/example_dags/example_sensor_decorator.py
[2024-07-02T09:08:32.851+0000] {processor.py:830} INFO - Processing file /home/airflow/.local/lib/python3.8/site-packages/airflow/example_dags/example_sensor_decorator.py for tasks to queue
[2024-07-02T09:08:32.853+0000] {logging_mixin.py:188} INFO - [2024-07-02T09:08:32.853+0000] {dagbag.py:538} INFO - Filling up the DagBag from /home/airflow/.local/lib/python3.8/site-packages/airflow/example_dags/example_sensor_decorator.py
[2024-07-02T09:08:32.859+0000] {processor.py:840} INFO - DAG(s) 'example_sensor_decorator' retrieved from /home/airflow/.local/lib/python3.8/site-packages/airflow/example_dags/example_sensor_decorator.py
[2024-07-02T09:08:32.878+0000] {logging_mixin.py:188} INFO - [2024-07-02T09:08:32.878+0000] {dag.py:3033} INFO - Sync 1 DAGs
[2024-07-02T09:08:32.890+0000] {logging_mixin.py:188} INFO - [2024-07-02T09:08:32.890+0000] {dag.py:3820} INFO - Setting next_dagrun for example_sensor_decorator to None, run_after=None
[2024-07-02T09:08:32.906+0000] {processor.py:183} INFO - Processing /home/airflow/.local/lib/python3.8/site-packages/airflow/example_dags/example_sensor_decorator.py took 0.060 seconds
[2024-07-02T09:09:03.384+0000] {processor.py:161} INFO - Started process (PID=591) to work on /home/airflow/.local/lib/python3.8/site-packages/airflow/example_dags/example_sensor_decorator.py
[2024-07-02T09:09:03.386+0000] {processor.py:830} INFO - Processing file /home/airflow/.local/lib/python3.8/site-packages/airflow/example_dags/example_sensor_decorator.py for tasks to queue
[2024-07-02T09:09:03.388+0000] {logging_mixin.py:188} INFO - [2024-07-02T09:09:03.388+0000] {dagbag.py:538} INFO - Filling up the DagBag from /home/airflow/.local/lib/python3.8/site-packages/airflow/example_dags/example_sensor_decorator.py
[2024-07-02T09:09:03.395+0000] {processor.py:840} INFO - DAG(s) 'example_sensor_decorator' retrieved from /home/airflow/.local/lib/python3.8/site-packages/airflow/example_dags/example_sensor_decorator.py
[2024-07-02T09:09:03.416+0000] {logging_mixin.py:188} INFO - [2024-07-02T09:09:03.416+0000] {dag.py:3033} INFO - Sync 1 DAGs
[2024-07-02T09:09:03.428+0000] {logging_mixin.py:188} INFO - [2024-07-02T09:09:03.428+0000] {dag.py:3820} INFO - Setting next_dagrun for example_sensor_decorator to None, run_after=None
[2024-07-02T09:09:03.444+0000] {processor.py:183} INFO - Processing /home/airflow/.local/lib/python3.8/site-packages/airflow/example_dags/example_sensor_decorator.py took 0.064 seconds
[2024-07-02T09:09:33.949+0000] {processor.py:161} INFO - Started process (PID=646) to work on /home/airflow/.local/lib/python3.8/site-packages/airflow/example_dags/example_sensor_decorator.py
[2024-07-02T09:09:33.950+0000] {processor.py:830} INFO - Processing file /home/airflow/.local/lib/python3.8/site-packages/airflow/example_dags/example_sensor_decorator.py for tasks to queue
[2024-07-02T09:09:33.953+0000] {logging_mixin.py:188} INFO - [2024-07-02T09:09:33.953+0000] {dagbag.py:538} INFO - Filling up the DagBag from /home/airflow/.local/lib/python3.8/site-packages/airflow/example_dags/example_sensor_decorator.py
[2024-07-02T09:09:33.959+0000] {processor.py:840} INFO - DAG(s) 'example_sensor_decorator' retrieved from /home/airflow/.local/lib/python3.8/site-packages/airflow/example_dags/example_sensor_decorator.py
[2024-07-02T09:09:33.984+0000] {logging_mixin.py:188} INFO - [2024-07-02T09:09:33.984+0000] {dag.py:3033} INFO - Sync 1 DAGs
[2024-07-02T09:09:34.002+0000] {logging_mixin.py:188} INFO - [2024-07-02T09:09:34.002+0000] {dag.py:3820} INFO - Setting next_dagrun for example_sensor_decorator to None, run_after=None
[2024-07-02T09:09:34.022+0000] {processor.py:183} INFO - Processing /home/airflow/.local/lib/python3.8/site-packages/airflow/example_dags/example_sensor_decorator.py took 0.076 seconds
[2024-07-02T09:10:04.287+0000] {processor.py:161} INFO - Started process (PID=701) to work on /home/airflow/.local/lib/python3.8/site-packages/airflow/example_dags/example_sensor_decorator.py
[2024-07-02T09:10:04.288+0000] {processor.py:830} INFO - Processing file /home/airflow/.local/lib/python3.8/site-packages/airflow/example_dags/example_sensor_decorator.py for tasks to queue
[2024-07-02T09:10:04.291+0000] {logging_mixin.py:188} INFO - [2024-07-02T09:10:04.290+0000] {dagbag.py:538} INFO - Filling up the DagBag from /home/airflow/.local/lib/python3.8/site-packages/airflow/example_dags/example_sensor_decorator.py
[2024-07-02T09:10:04.298+0000] {processor.py:840} INFO - DAG(s) 'example_sensor_decorator' retrieved from /home/airflow/.local/lib/python3.8/site-packages/airflow/example_dags/example_sensor_decorator.py
[2024-07-02T09:10:04.317+0000] {logging_mixin.py:188} INFO - [2024-07-02T09:10:04.317+0000] {dag.py:3033} INFO - Sync 1 DAGs
[2024-07-02T09:10:04.328+0000] {logging_mixin.py:188} INFO - [2024-07-02T09:10:04.328+0000] {dag.py:3820} INFO - Setting next_dagrun for example_sensor_decorator to None, run_after=None
[2024-07-02T09:10:04.344+0000] {processor.py:183} INFO - Processing /home/airflow/.local/lib/python3.8/site-packages/airflow/example_dags/example_sensor_decorator.py took 0.061 seconds
[2024-07-02T09:10:34.980+0000] {processor.py:161} INFO - Started process (PID=756) to work on /home/airflow/.local/lib/python3.8/site-packages/airflow/example_dags/example_sensor_decorator.py
[2024-07-02T09:10:34.981+0000] {processor.py:830} INFO - Processing file /home/airflow/.local/lib/python3.8/site-packages/airflow/example_dags/example_sensor_decorator.py for tasks to queue
[2024-07-02T09:10:34.983+0000] {logging_mixin.py:188} INFO - [2024-07-02T09:10:34.983+0000] {dagbag.py:538} INFO - Filling up the DagBag from /home/airflow/.local/lib/python3.8/site-packages/airflow/example_dags/example_sensor_decorator.py
[2024-07-02T09:10:34.989+0000] {processor.py:840} INFO - DAG(s) 'example_sensor_decorator' retrieved from /home/airflow/.local/lib/python3.8/site-packages/airflow/example_dags/example_sensor_decorator.py
[2024-07-02T09:10:35.011+0000] {logging_mixin.py:188} INFO - [2024-07-02T09:10:35.011+0000] {dag.py:3033} INFO - Sync 1 DAGs
[2024-07-02T09:10:35.023+0000] {logging_mixin.py:188} INFO - [2024-07-02T09:10:35.023+0000] {dag.py:3820} INFO - Setting next_dagrun for example_sensor_decorator to None, run_after=None
[2024-07-02T09:10:35.039+0000] {processor.py:183} INFO - Processing /home/airflow/.local/lib/python3.8/site-packages/airflow/example_dags/example_sensor_decorator.py took 0.062 seconds
[2024-07-02T09:11:05.486+0000] {processor.py:161} INFO - Started process (PID=811) to work on /home/airflow/.local/lib/python3.8/site-packages/airflow/example_dags/example_sensor_decorator.py
[2024-07-02T09:11:05.487+0000] {processor.py:830} INFO - Processing file /home/airflow/.local/lib/python3.8/site-packages/airflow/example_dags/example_sensor_decorator.py for tasks to queue
[2024-07-02T09:11:05.490+0000] {logging_mixin.py:188} INFO - [2024-07-02T09:11:05.489+0000] {dagbag.py:538} INFO - Filling up the DagBag from /home/airflow/.local/lib/python3.8/site-packages/airflow/example_dags/example_sensor_decorator.py
[2024-07-02T09:11:05.498+0000] {processor.py:840} INFO - DAG(s) 'example_sensor_decorator' retrieved from /home/airflow/.local/lib/python3.8/site-packages/airflow/example_dags/example_sensor_decorator.py
[2024-07-02T09:11:05.522+0000] {logging_mixin.py:188} INFO - [2024-07-02T09:11:05.522+0000] {dag.py:3033} INFO - Sync 1 DAGs
[2024-07-02T09:11:05.536+0000] {logging_mixin.py:188} INFO - [2024-07-02T09:11:05.536+0000] {dag.py:3820} INFO - Setting next_dagrun for example_sensor_decorator to None, run_after=None
[2024-07-02T09:11:05.556+0000] {processor.py:183} INFO - Processing /home/airflow/.local/lib/python3.8/site-packages/airflow/example_dags/example_sensor_decorator.py took 0.074 seconds
[2024-07-02T09:11:35.966+0000] {processor.py:161} INFO - Started process (PID=866) to work on /home/airflow/.local/lib/python3.8/site-packages/airflow/example_dags/example_sensor_decorator.py
[2024-07-02T09:11:35.970+0000] {processor.py:830} INFO - Processing file /home/airflow/.local/lib/python3.8/site-packages/airflow/example_dags/example_sensor_decorator.py for tasks to queue
[2024-07-02T09:11:35.972+0000] {logging_mixin.py:188} INFO - [2024-07-02T09:11:35.972+0000] {dagbag.py:538} INFO - Filling up the DagBag from /home/airflow/.local/lib/python3.8/site-packages/airflow/example_dags/example_sensor_decorator.py
[2024-07-02T09:11:35.980+0000] {processor.py:840} INFO - DAG(s) 'example_sensor_decorator' retrieved from /home/airflow/.local/lib/python3.8/site-packages/airflow/example_dags/example_sensor_decorator.py
[2024-07-02T09:11:36.010+0000] {logging_mixin.py:188} INFO - [2024-07-02T09:11:36.010+0000] {dag.py:3033} INFO - Sync 1 DAGs
[2024-07-02T09:11:36.030+0000] {logging_mixin.py:188} INFO - [2024-07-02T09:11:36.030+0000] {dag.py:3820} INFO - Setting next_dagrun for example_sensor_decorator to None, run_after=None
[2024-07-02T09:11:36.071+0000] {processor.py:183} INFO - Processing /home/airflow/.local/lib/python3.8/site-packages/airflow/example_dags/example_sensor_decorator.py took 0.108 seconds
[2024-07-02T09:12:06.431+0000] {processor.py:161} INFO - Started process (PID=921) to work on /home/airflow/.local/lib/python3.8/site-packages/airflow/example_dags/example_sensor_decorator.py
[2024-07-02T09:12:06.432+0000] {processor.py:830} INFO - Processing file /home/airflow/.local/lib/python3.8/site-packages/airflow/example_dags/example_sensor_decorator.py for tasks to queue
[2024-07-02T09:12:06.434+0000] {logging_mixin.py:188} INFO - [2024-07-02T09:12:06.433+0000] {dagbag.py:538} INFO - Filling up the DagBag from /home/airflow/.local/lib/python3.8/site-packages/airflow/example_dags/example_sensor_decorator.py
[2024-07-02T09:12:06.440+0000] {processor.py:840} INFO - DAG(s) 'example_sensor_decorator' retrieved from /home/airflow/.local/lib/python3.8/site-packages/airflow/example_dags/example_sensor_decorator.py
[2024-07-02T09:12:06.462+0000] {logging_mixin.py:188} INFO - [2024-07-02T09:12:06.462+0000] {dag.py:3033} INFO - Sync 1 DAGs
[2024-07-02T09:12:06.474+0000] {logging_mixin.py:188} INFO - [2024-07-02T09:12:06.474+0000] {dag.py:3820} INFO - Setting next_dagrun for example_sensor_decorator to None, run_after=None
[2024-07-02T09:12:06.491+0000] {processor.py:183} INFO - Processing /home/airflow/.local/lib/python3.8/site-packages/airflow/example_dags/example_sensor_decorator.py took 0.064 seconds
[2024-07-02T09:12:36.555+0000] {processor.py:161} INFO - Started process (PID=976) to work on /home/airflow/.local/lib/python3.8/site-packages/airflow/example_dags/example_sensor_decorator.py
[2024-07-02T09:12:36.556+0000] {processor.py:830} INFO - Processing file /home/airflow/.local/lib/python3.8/site-packages/airflow/example_dags/example_sensor_decorator.py for tasks to queue
[2024-07-02T09:12:36.557+0000] {logging_mixin.py:188} INFO - [2024-07-02T09:12:36.557+0000] {dagbag.py:538} INFO - Filling up the DagBag from /home/airflow/.local/lib/python3.8/site-packages/airflow/example_dags/example_sensor_decorator.py
[2024-07-02T09:12:36.562+0000] {processor.py:840} INFO - DAG(s) 'example_sensor_decorator' retrieved from /home/airflow/.local/lib/python3.8/site-packages/airflow/example_dags/example_sensor_decorator.py
[2024-07-02T09:12:36.579+0000] {logging_mixin.py:188} INFO - [2024-07-02T09:12:36.579+0000] {dag.py:3033} INFO - Sync 1 DAGs
[2024-07-02T09:12:36.590+0000] {logging_mixin.py:188} INFO - [2024-07-02T09:12:36.590+0000] {dag.py:3820} INFO - Setting next_dagrun for example_sensor_decorator to None, run_after=None
[2024-07-02T09:12:36.606+0000] {processor.py:183} INFO - Processing /home/airflow/.local/lib/python3.8/site-packages/airflow/example_dags/example_sensor_decorator.py took 0.054 seconds
[2024-07-02T09:13:07.328+0000] {processor.py:161} INFO - Started process (PID=1031) to work on /home/airflow/.local/lib/python3.8/site-packages/airflow/example_dags/example_sensor_decorator.py
[2024-07-02T09:13:07.329+0000] {processor.py:830} INFO - Processing file /home/airflow/.local/lib/python3.8/site-packages/airflow/example_dags/example_sensor_decorator.py for tasks to queue
[2024-07-02T09:13:07.330+0000] {logging_mixin.py:188} INFO - [2024-07-02T09:13:07.330+0000] {dagbag.py:538} INFO - Filling up the DagBag from /home/airflow/.local/lib/python3.8/site-packages/airflow/example_dags/example_sensor_decorator.py
[2024-07-02T09:13:07.335+0000] {processor.py:840} INFO - DAG(s) 'example_sensor_decorator' retrieved from /home/airflow/.local/lib/python3.8/site-packages/airflow/example_dags/example_sensor_decorator.py
[2024-07-02T09:13:07.356+0000] {logging_mixin.py:188} INFO - [2024-07-02T09:13:07.355+0000] {dag.py:3033} INFO - Sync 1 DAGs
[2024-07-02T09:13:07.376+0000] {logging_mixin.py:188} INFO - [2024-07-02T09:13:07.375+0000] {dag.py:3820} INFO - Setting next_dagrun for example_sensor_decorator to None, run_after=None
[2024-07-02T09:13:07.401+0000] {processor.py:183} INFO - Processing /home/airflow/.local/lib/python3.8/site-packages/airflow/example_dags/example_sensor_decorator.py took 0.075 seconds
[2024-07-02T09:13:37.820+0000] {processor.py:161} INFO - Started process (PID=1086) to work on /home/airflow/.local/lib/python3.8/site-packages/airflow/example_dags/example_sensor_decorator.py
[2024-07-02T09:13:37.821+0000] {processor.py:830} INFO - Processing file /home/airflow/.local/lib/python3.8/site-packages/airflow/example_dags/example_sensor_decorator.py for tasks to queue
[2024-07-02T09:13:37.823+0000] {logging_mixin.py:188} INFO - [2024-07-02T09:13:37.823+0000] {dagbag.py:538} INFO - Filling up the DagBag from /home/airflow/.local/lib/python3.8/site-packages/airflow/example_dags/example_sensor_decorator.py
[2024-07-02T09:13:37.829+0000] {processor.py:840} INFO - DAG(s) 'example_sensor_decorator' retrieved from /home/airflow/.local/lib/python3.8/site-packages/airflow/example_dags/example_sensor_decorator.py
[2024-07-02T09:13:37.848+0000] {logging_mixin.py:188} INFO - [2024-07-02T09:13:37.848+0000] {dag.py:3033} INFO - Sync 1 DAGs
[2024-07-02T09:13:37.860+0000] {logging_mixin.py:188} INFO - [2024-07-02T09:13:37.860+0000] {dag.py:3820} INFO - Setting next_dagrun for example_sensor_decorator to None, run_after=None
[2024-07-02T09:13:37.874+0000] {processor.py:183} INFO - Processing /home/airflow/.local/lib/python3.8/site-packages/airflow/example_dags/example_sensor_decorator.py took 0.058 seconds
[2024-07-02T09:14:08.394+0000] {processor.py:161} INFO - Started process (PID=1141) to work on /home/airflow/.local/lib/python3.8/site-packages/airflow/example_dags/example_sensor_decorator.py
[2024-07-02T09:14:08.394+0000] {processor.py:830} INFO - Processing file /home/airflow/.local/lib/python3.8/site-packages/airflow/example_dags/example_sensor_decorator.py for tasks to queue
[2024-07-02T09:14:08.396+0000] {logging_mixin.py:188} INFO - [2024-07-02T09:14:08.396+0000] {dagbag.py:538} INFO - Filling up the DagBag from /home/airflow/.local/lib/python3.8/site-packages/airflow/example_dags/example_sensor_decorator.py
[2024-07-02T09:14:08.400+0000] {processor.py:840} INFO - DAG(s) 'example_sensor_decorator' retrieved from /home/airflow/.local/lib/python3.8/site-packages/airflow/example_dags/example_sensor_decorator.py
[2024-07-02T09:14:08.421+0000] {logging_mixin.py:188} INFO - [2024-07-02T09:14:08.421+0000] {dag.py:3033} INFO - Sync 1 DAGs
[2024-07-02T09:14:08.437+0000] {logging_mixin.py:188} INFO - [2024-07-02T09:14:08.436+0000] {dag.py:3820} INFO - Setting next_dagrun for example_sensor_decorator to None, run_after=None
[2024-07-02T09:14:08.457+0000] {processor.py:183} INFO - Processing /home/airflow/.local/lib/python3.8/site-packages/airflow/example_dags/example_sensor_decorator.py took 0.066 seconds
[2024-07-02T09:14:38.791+0000] {processor.py:161} INFO - Started process (PID=1196) to work on /home/airflow/.local/lib/python3.8/site-packages/airflow/example_dags/example_sensor_decorator.py
[2024-07-02T09:14:38.792+0000] {processor.py:830} INFO - Processing file /home/airflow/.local/lib/python3.8/site-packages/airflow/example_dags/example_sensor_decorator.py for tasks to queue
[2024-07-02T09:14:38.793+0000] {logging_mixin.py:188} INFO - [2024-07-02T09:14:38.793+0000] {dagbag.py:538} INFO - Filling up the DagBag from /home/airflow/.local/lib/python3.8/site-packages/airflow/example_dags/example_sensor_decorator.py
[2024-07-02T09:14:38.798+0000] {processor.py:840} INFO - DAG(s) 'example_sensor_decorator' retrieved from /home/airflow/.local/lib/python3.8/site-packages/airflow/example_dags/example_sensor_decorator.py
[2024-07-02T09:14:38.815+0000] {logging_mixin.py:188} INFO - [2024-07-02T09:14:38.815+0000] {dag.py:3033} INFO - Sync 1 DAGs
[2024-07-02T09:14:38.825+0000] {logging_mixin.py:188} INFO - [2024-07-02T09:14:38.825+0000] {dag.py:3820} INFO - Setting next_dagrun for example_sensor_decorator to None, run_after=None
[2024-07-02T09:14:38.840+0000] {processor.py:183} INFO - Processing /home/airflow/.local/lib/python3.8/site-packages/airflow/example_dags/example_sensor_decorator.py took 0.052 seconds
[2024-07-02T09:15:09.383+0000] {processor.py:161} INFO - Started process (PID=1251) to work on /home/airflow/.local/lib/python3.8/site-packages/airflow/example_dags/example_sensor_decorator.py
[2024-07-02T09:15:09.384+0000] {processor.py:830} INFO - Processing file /home/airflow/.local/lib/python3.8/site-packages/airflow/example_dags/example_sensor_decorator.py for tasks to queue
[2024-07-02T09:15:09.386+0000] {logging_mixin.py:188} INFO - [2024-07-02T09:15:09.385+0000] {dagbag.py:538} INFO - Filling up the DagBag from /home/airflow/.local/lib/python3.8/site-packages/airflow/example_dags/example_sensor_decorator.py
[2024-07-02T09:15:09.390+0000] {processor.py:840} INFO - DAG(s) 'example_sensor_decorator' retrieved from /home/airflow/.local/lib/python3.8/site-packages/airflow/example_dags/example_sensor_decorator.py
[2024-07-02T09:15:09.408+0000] {logging_mixin.py:188} INFO - [2024-07-02T09:15:09.407+0000] {dag.py:3033} INFO - Sync 1 DAGs
[2024-07-02T09:15:09.419+0000] {logging_mixin.py:188} INFO - [2024-07-02T09:15:09.419+0000] {dag.py:3820} INFO - Setting next_dagrun for example_sensor_decorator to None, run_after=None
[2024-07-02T09:15:09.436+0000] {processor.py:183} INFO - Processing /home/airflow/.local/lib/python3.8/site-packages/airflow/example_dags/example_sensor_decorator.py took 0.055 seconds
[2024-07-02T09:15:39.789+0000] {processor.py:161} INFO - Started process (PID=1306) to work on /home/airflow/.local/lib/python3.8/site-packages/airflow/example_dags/example_sensor_decorator.py
[2024-07-02T09:15:39.790+0000] {processor.py:830} INFO - Processing file /home/airflow/.local/lib/python3.8/site-packages/airflow/example_dags/example_sensor_decorator.py for tasks to queue
[2024-07-02T09:15:39.792+0000] {logging_mixin.py:188} INFO - [2024-07-02T09:15:39.792+0000] {dagbag.py:538} INFO - Filling up the DagBag from /home/airflow/.local/lib/python3.8/site-packages/airflow/example_dags/example_sensor_decorator.py
[2024-07-02T09:15:39.798+0000] {processor.py:840} INFO - DAG(s) 'example_sensor_decorator' retrieved from /home/airflow/.local/lib/python3.8/site-packages/airflow/example_dags/example_sensor_decorator.py
[2024-07-02T09:15:39.819+0000] {logging_mixin.py:188} INFO - [2024-07-02T09:15:39.819+0000] {dag.py:3033} INFO - Sync 1 DAGs
[2024-07-02T09:15:39.832+0000] {logging_mixin.py:188} INFO - [2024-07-02T09:15:39.832+0000] {dag.py:3820} INFO - Setting next_dagrun for example_sensor_decorator to None, run_after=None
[2024-07-02T09:15:39.848+0000] {processor.py:183} INFO - Processing /home/airflow/.local/lib/python3.8/site-packages/airflow/example_dags/example_sensor_decorator.py took 0.062 seconds
[2024-07-02T09:16:10.398+0000] {processor.py:161} INFO - Started process (PID=1360) to work on /home/airflow/.local/lib/python3.8/site-packages/airflow/example_dags/example_sensor_decorator.py
[2024-07-02T09:16:10.399+0000] {processor.py:830} INFO - Processing file /home/airflow/.local/lib/python3.8/site-packages/airflow/example_dags/example_sensor_decorator.py for tasks to queue
[2024-07-02T09:16:10.401+0000] {logging_mixin.py:188} INFO - [2024-07-02T09:16:10.401+0000] {dagbag.py:538} INFO - Filling up the DagBag from /home/airflow/.local/lib/python3.8/site-packages/airflow/example_dags/example_sensor_decorator.py
[2024-07-02T09:16:10.407+0000] {processor.py:840} INFO - DAG(s) 'example_sensor_decorator' retrieved from /home/airflow/.local/lib/python3.8/site-packages/airflow/example_dags/example_sensor_decorator.py
[2024-07-02T09:16:10.430+0000] {logging_mixin.py:188} INFO - [2024-07-02T09:16:10.430+0000] {dag.py:3033} INFO - Sync 1 DAGs
[2024-07-02T09:16:10.442+0000] {logging_mixin.py:188} INFO - [2024-07-02T09:16:10.442+0000] {dag.py:3820} INFO - Setting next_dagrun for example_sensor_decorator to None, run_after=None
[2024-07-02T09:16:10.460+0000] {processor.py:183} INFO - Processing /home/airflow/.local/lib/python3.8/site-packages/airflow/example_dags/example_sensor_decorator.py took 0.065 seconds
[2024-07-02T09:16:41.025+0000] {processor.py:161} INFO - Started process (PID=1415) to work on /home/airflow/.local/lib/python3.8/site-packages/airflow/example_dags/example_sensor_decorator.py
[2024-07-02T09:16:41.026+0000] {processor.py:830} INFO - Processing file /home/airflow/.local/lib/python3.8/site-packages/airflow/example_dags/example_sensor_decorator.py for tasks to queue
[2024-07-02T09:16:41.028+0000] {logging_mixin.py:188} INFO - [2024-07-02T09:16:41.028+0000] {dagbag.py:538} INFO - Filling up the DagBag from /home/airflow/.local/lib/python3.8/site-packages/airflow/example_dags/example_sensor_decorator.py
[2024-07-02T09:16:41.035+0000] {processor.py:840} INFO - DAG(s) 'example_sensor_decorator' retrieved from /home/airflow/.local/lib/python3.8/site-packages/airflow/example_dags/example_sensor_decorator.py
[2024-07-02T09:16:41.058+0000] {logging_mixin.py:188} INFO - [2024-07-02T09:16:41.058+0000] {dag.py:3033} INFO - Sync 1 DAGs
[2024-07-02T09:16:41.071+0000] {logging_mixin.py:188} INFO - [2024-07-02T09:16:41.070+0000] {dag.py:3820} INFO - Setting next_dagrun for example_sensor_decorator to None, run_after=None
[2024-07-02T09:16:41.087+0000] {processor.py:183} INFO - Processing /home/airflow/.local/lib/python3.8/site-packages/airflow/example_dags/example_sensor_decorator.py took 0.065 seconds
[2024-07-02T09:17:11.554+0000] {processor.py:161} INFO - Started process (PID=1470) to work on /home/airflow/.local/lib/python3.8/site-packages/airflow/example_dags/example_sensor_decorator.py
[2024-07-02T09:17:11.555+0000] {processor.py:830} INFO - Processing file /home/airflow/.local/lib/python3.8/site-packages/airflow/example_dags/example_sensor_decorator.py for tasks to queue
[2024-07-02T09:17:11.558+0000] {logging_mixin.py:188} INFO - [2024-07-02T09:17:11.557+0000] {dagbag.py:538} INFO - Filling up the DagBag from /home/airflow/.local/lib/python3.8/site-packages/airflow/example_dags/example_sensor_decorator.py
[2024-07-02T09:17:11.564+0000] {processor.py:840} INFO - DAG(s) 'example_sensor_decorator' retrieved from /home/airflow/.local/lib/python3.8/site-packages/airflow/example_dags/example_sensor_decorator.py
[2024-07-02T09:17:11.585+0000] {logging_mixin.py:188} INFO - [2024-07-02T09:17:11.585+0000] {dag.py:3033} INFO - Sync 1 DAGs
[2024-07-02T09:17:11.597+0000] {logging_mixin.py:188} INFO - [2024-07-02T09:17:11.597+0000] {dag.py:3820} INFO - Setting next_dagrun for example_sensor_decorator to None, run_after=None
[2024-07-02T09:17:11.612+0000] {processor.py:183} INFO - Processing /home/airflow/.local/lib/python3.8/site-packages/airflow/example_dags/example_sensor_decorator.py took 0.063 seconds
[2024-07-02T09:17:41.993+0000] {processor.py:161} INFO - Started process (PID=1526) to work on /home/airflow/.local/lib/python3.8/site-packages/airflow/example_dags/example_sensor_decorator.py
[2024-07-02T09:17:41.994+0000] {processor.py:830} INFO - Processing file /home/airflow/.local/lib/python3.8/site-packages/airflow/example_dags/example_sensor_decorator.py for tasks to queue
[2024-07-02T09:17:41.998+0000] {logging_mixin.py:188} INFO - [2024-07-02T09:17:41.997+0000] {dagbag.py:538} INFO - Filling up the DagBag from /home/airflow/.local/lib/python3.8/site-packages/airflow/example_dags/example_sensor_decorator.py
[2024-07-02T09:17:42.006+0000] {processor.py:840} INFO - DAG(s) 'example_sensor_decorator' retrieved from /home/airflow/.local/lib/python3.8/site-packages/airflow/example_dags/example_sensor_decorator.py
[2024-07-02T09:17:42.028+0000] {logging_mixin.py:188} INFO - [2024-07-02T09:17:42.027+0000] {dag.py:3033} INFO - Sync 1 DAGs
[2024-07-02T09:17:42.040+0000] {logging_mixin.py:188} INFO - [2024-07-02T09:17:42.040+0000] {dag.py:3820} INFO - Setting next_dagrun for example_sensor_decorator to None, run_after=None
[2024-07-02T09:17:42.058+0000] {processor.py:183} INFO - Processing /home/airflow/.local/lib/python3.8/site-packages/airflow/example_dags/example_sensor_decorator.py took 0.073 seconds
[2024-07-02T09:18:12.479+0000] {processor.py:161} INFO - Started process (PID=1581) to work on /home/airflow/.local/lib/python3.8/site-packages/airflow/example_dags/example_sensor_decorator.py
[2024-07-02T09:18:12.480+0000] {processor.py:830} INFO - Processing file /home/airflow/.local/lib/python3.8/site-packages/airflow/example_dags/example_sensor_decorator.py for tasks to queue
[2024-07-02T09:18:12.482+0000] {logging_mixin.py:188} INFO - [2024-07-02T09:18:12.482+0000] {dagbag.py:538} INFO - Filling up the DagBag from /home/airflow/.local/lib/python3.8/site-packages/airflow/example_dags/example_sensor_decorator.py
[2024-07-02T09:18:12.489+0000] {processor.py:840} INFO - DAG(s) 'example_sensor_decorator' retrieved from /home/airflow/.local/lib/python3.8/site-packages/airflow/example_dags/example_sensor_decorator.py
[2024-07-02T09:18:12.510+0000] {logging_mixin.py:188} INFO - [2024-07-02T09:18:12.510+0000] {dag.py:3033} INFO - Sync 1 DAGs
[2024-07-02T09:18:12.523+0000] {logging_mixin.py:188} INFO - [2024-07-02T09:18:12.523+0000] {dag.py:3820} INFO - Setting next_dagrun for example_sensor_decorator to None, run_after=None
[2024-07-02T09:18:12.539+0000] {processor.py:183} INFO - Processing /home/airflow/.local/lib/python3.8/site-packages/airflow/example_dags/example_sensor_decorator.py took 0.065 seconds
[2024-07-02T09:18:42.895+0000] {processor.py:161} INFO - Started process (PID=1636) to work on /home/airflow/.local/lib/python3.8/site-packages/airflow/example_dags/example_sensor_decorator.py
[2024-07-02T09:18:42.896+0000] {processor.py:830} INFO - Processing file /home/airflow/.local/lib/python3.8/site-packages/airflow/example_dags/example_sensor_decorator.py for tasks to queue
[2024-07-02T09:18:42.898+0000] {logging_mixin.py:188} INFO - [2024-07-02T09:18:42.898+0000] {dagbag.py:538} INFO - Filling up the DagBag from /home/airflow/.local/lib/python3.8/site-packages/airflow/example_dags/example_sensor_decorator.py
[2024-07-02T09:18:42.905+0000] {processor.py:840} INFO - DAG(s) 'example_sensor_decorator' retrieved from /home/airflow/.local/lib/python3.8/site-packages/airflow/example_dags/example_sensor_decorator.py
[2024-07-02T09:18:42.926+0000] {logging_mixin.py:188} INFO - [2024-07-02T09:18:42.926+0000] {dag.py:3033} INFO - Sync 1 DAGs
[2024-07-02T09:18:42.938+0000] {logging_mixin.py:188} INFO - [2024-07-02T09:18:42.938+0000] {dag.py:3820} INFO - Setting next_dagrun for example_sensor_decorator to None, run_after=None
[2024-07-02T09:18:42.956+0000] {processor.py:183} INFO - Processing /home/airflow/.local/lib/python3.8/site-packages/airflow/example_dags/example_sensor_decorator.py took 0.066 seconds
[2024-07-02T09:19:13.317+0000] {processor.py:161} INFO - Started process (PID=1691) to work on /home/airflow/.local/lib/python3.8/site-packages/airflow/example_dags/example_sensor_decorator.py
[2024-07-02T09:19:13.318+0000] {processor.py:830} INFO - Processing file /home/airflow/.local/lib/python3.8/site-packages/airflow/example_dags/example_sensor_decorator.py for tasks to queue
[2024-07-02T09:19:13.320+0000] {logging_mixin.py:188} INFO - [2024-07-02T09:19:13.319+0000] {dagbag.py:538} INFO - Filling up the DagBag from /home/airflow/.local/lib/python3.8/site-packages/airflow/example_dags/example_sensor_decorator.py
[2024-07-02T09:19:13.325+0000] {processor.py:840} INFO - DAG(s) 'example_sensor_decorator' retrieved from /home/airflow/.local/lib/python3.8/site-packages/airflow/example_dags/example_sensor_decorator.py
[2024-07-02T09:19:13.343+0000] {logging_mixin.py:188} INFO - [2024-07-02T09:19:13.343+0000] {dag.py:3033} INFO - Sync 1 DAGs
[2024-07-02T09:19:13.353+0000] {logging_mixin.py:188} INFO - [2024-07-02T09:19:13.353+0000] {dag.py:3820} INFO - Setting next_dagrun for example_sensor_decorator to None, run_after=None
[2024-07-02T09:19:13.368+0000] {processor.py:183} INFO - Processing /home/airflow/.local/lib/python3.8/site-packages/airflow/example_dags/example_sensor_decorator.py took 0.054 seconds
[2024-07-02T09:19:43.611+0000] {processor.py:161} INFO - Started process (PID=1745) to work on /home/airflow/.local/lib/python3.8/site-packages/airflow/example_dags/example_sensor_decorator.py
[2024-07-02T09:19:43.612+0000] {processor.py:830} INFO - Processing file /home/airflow/.local/lib/python3.8/site-packages/airflow/example_dags/example_sensor_decorator.py for tasks to queue
[2024-07-02T09:19:43.614+0000] {logging_mixin.py:188} INFO - [2024-07-02T09:19:43.614+0000] {dagbag.py:538} INFO - Filling up the DagBag from /home/airflow/.local/lib/python3.8/site-packages/airflow/example_dags/example_sensor_decorator.py
[2024-07-02T09:19:43.620+0000] {processor.py:840} INFO - DAG(s) 'example_sensor_decorator' retrieved from /home/airflow/.local/lib/python3.8/site-packages/airflow/example_dags/example_sensor_decorator.py
[2024-07-02T09:19:43.642+0000] {logging_mixin.py:188} INFO - [2024-07-02T09:19:43.642+0000] {dag.py:3033} INFO - Sync 1 DAGs
[2024-07-02T09:19:43.654+0000] {logging_mixin.py:188} INFO - [2024-07-02T09:19:43.654+0000] {dag.py:3820} INFO - Setting next_dagrun for example_sensor_decorator to None, run_after=None
[2024-07-02T09:19:43.671+0000] {processor.py:183} INFO - Processing /home/airflow/.local/lib/python3.8/site-packages/airflow/example_dags/example_sensor_decorator.py took 0.063 seconds
[2024-07-02T09:20:14.284+0000] {processor.py:161} INFO - Started process (PID=1799) to work on /home/airflow/.local/lib/python3.8/site-packages/airflow/example_dags/example_sensor_decorator.py
[2024-07-02T09:20:14.284+0000] {processor.py:830} INFO - Processing file /home/airflow/.local/lib/python3.8/site-packages/airflow/example_dags/example_sensor_decorator.py for tasks to queue
[2024-07-02T09:20:14.286+0000] {logging_mixin.py:188} INFO - [2024-07-02T09:20:14.286+0000] {dagbag.py:538} INFO - Filling up the DagBag from /home/airflow/.local/lib/python3.8/site-packages/airflow/example_dags/example_sensor_decorator.py
[2024-07-02T09:20:14.292+0000] {processor.py:840} INFO - DAG(s) 'example_sensor_decorator' retrieved from /home/airflow/.local/lib/python3.8/site-packages/airflow/example_dags/example_sensor_decorator.py
[2024-07-02T09:20:14.313+0000] {logging_mixin.py:188} INFO - [2024-07-02T09:20:14.312+0000] {dag.py:3033} INFO - Sync 1 DAGs
[2024-07-02T09:20:14.325+0000] {logging_mixin.py:188} INFO - [2024-07-02T09:20:14.325+0000] {dag.py:3820} INFO - Setting next_dagrun for example_sensor_decorator to None, run_after=None
[2024-07-02T09:20:14.342+0000] {processor.py:183} INFO - Processing /home/airflow/.local/lib/python3.8/site-packages/airflow/example_dags/example_sensor_decorator.py took 0.061 seconds
[2024-07-02T09:20:44.750+0000] {processor.py:161} INFO - Started process (PID=1854) to work on /home/airflow/.local/lib/python3.8/site-packages/airflow/example_dags/example_sensor_decorator.py
[2024-07-02T09:20:44.751+0000] {processor.py:830} INFO - Processing file /home/airflow/.local/lib/python3.8/site-packages/airflow/example_dags/example_sensor_decorator.py for tasks to queue
[2024-07-02T09:20:44.753+0000] {logging_mixin.py:188} INFO - [2024-07-02T09:20:44.753+0000] {dagbag.py:538} INFO - Filling up the DagBag from /home/airflow/.local/lib/python3.8/site-packages/airflow/example_dags/example_sensor_decorator.py
[2024-07-02T09:20:44.760+0000] {processor.py:840} INFO - DAG(s) 'example_sensor_decorator' retrieved from /home/airflow/.local/lib/python3.8/site-packages/airflow/example_dags/example_sensor_decorator.py
[2024-07-02T09:20:44.783+0000] {logging_mixin.py:188} INFO - [2024-07-02T09:20:44.783+0000] {dag.py:3033} INFO - Sync 1 DAGs
[2024-07-02T09:20:44.797+0000] {logging_mixin.py:188} INFO - [2024-07-02T09:20:44.797+0000] {dag.py:3820} INFO - Setting next_dagrun for example_sensor_decorator to None, run_after=None
[2024-07-02T09:20:44.814+0000] {processor.py:183} INFO - Processing /home/airflow/.local/lib/python3.8/site-packages/airflow/example_dags/example_sensor_decorator.py took 0.069 seconds
[2024-07-02T09:21:14.911+0000] {processor.py:161} INFO - Started process (PID=1909) to work on /home/airflow/.local/lib/python3.8/site-packages/airflow/example_dags/example_sensor_decorator.py
[2024-07-02T09:21:14.912+0000] {processor.py:830} INFO - Processing file /home/airflow/.local/lib/python3.8/site-packages/airflow/example_dags/example_sensor_decorator.py for tasks to queue
[2024-07-02T09:21:14.913+0000] {logging_mixin.py:188} INFO - [2024-07-02T09:21:14.913+0000] {dagbag.py:538} INFO - Filling up the DagBag from /home/airflow/.local/lib/python3.8/site-packages/airflow/example_dags/example_sensor_decorator.py
[2024-07-02T09:21:14.918+0000] {processor.py:840} INFO - DAG(s) 'example_sensor_decorator' retrieved from /home/airflow/.local/lib/python3.8/site-packages/airflow/example_dags/example_sensor_decorator.py
[2024-07-02T09:21:14.934+0000] {logging_mixin.py:188} INFO - [2024-07-02T09:21:14.934+0000] {dag.py:3033} INFO - Sync 1 DAGs
[2024-07-02T09:21:14.945+0000] {logging_mixin.py:188} INFO - [2024-07-02T09:21:14.945+0000] {dag.py:3820} INFO - Setting next_dagrun for example_sensor_decorator to None, run_after=None
[2024-07-02T09:21:14.959+0000] {processor.py:183} INFO - Processing /home/airflow/.local/lib/python3.8/site-packages/airflow/example_dags/example_sensor_decorator.py took 0.051 seconds
[2024-07-02T09:21:45.335+0000] {processor.py:161} INFO - Started process (PID=1963) to work on /home/airflow/.local/lib/python3.8/site-packages/airflow/example_dags/example_sensor_decorator.py
[2024-07-02T09:21:45.336+0000] {processor.py:830} INFO - Processing file /home/airflow/.local/lib/python3.8/site-packages/airflow/example_dags/example_sensor_decorator.py for tasks to queue
[2024-07-02T09:21:45.338+0000] {logging_mixin.py:188} INFO - [2024-07-02T09:21:45.338+0000] {dagbag.py:538} INFO - Filling up the DagBag from /home/airflow/.local/lib/python3.8/site-packages/airflow/example_dags/example_sensor_decorator.py
[2024-07-02T09:21:45.345+0000] {processor.py:840} INFO - DAG(s) 'example_sensor_decorator' retrieved from /home/airflow/.local/lib/python3.8/site-packages/airflow/example_dags/example_sensor_decorator.py
[2024-07-02T09:21:45.367+0000] {logging_mixin.py:188} INFO - [2024-07-02T09:21:45.366+0000] {dag.py:3033} INFO - Sync 1 DAGs
[2024-07-02T09:21:45.380+0000] {logging_mixin.py:188} INFO - [2024-07-02T09:21:45.380+0000] {dag.py:3820} INFO - Setting next_dagrun for example_sensor_decorator to None, run_after=None
[2024-07-02T09:21:45.396+0000] {processor.py:183} INFO - Processing /home/airflow/.local/lib/python3.8/site-packages/airflow/example_dags/example_sensor_decorator.py took 0.064 seconds
[2024-07-02T09:22:15.491+0000] {processor.py:161} INFO - Started process (PID=2018) to work on /home/airflow/.local/lib/python3.8/site-packages/airflow/example_dags/example_sensor_decorator.py
[2024-07-02T09:22:15.492+0000] {processor.py:830} INFO - Processing file /home/airflow/.local/lib/python3.8/site-packages/airflow/example_dags/example_sensor_decorator.py for tasks to queue
[2024-07-02T09:22:15.495+0000] {logging_mixin.py:188} INFO - [2024-07-02T09:22:15.495+0000] {dagbag.py:538} INFO - Filling up the DagBag from /home/airflow/.local/lib/python3.8/site-packages/airflow/example_dags/example_sensor_decorator.py
[2024-07-02T09:22:15.503+0000] {processor.py:840} INFO - DAG(s) 'example_sensor_decorator' retrieved from /home/airflow/.local/lib/python3.8/site-packages/airflow/example_dags/example_sensor_decorator.py
[2024-07-02T09:22:15.524+0000] {logging_mixin.py:188} INFO - [2024-07-02T09:22:15.524+0000] {dag.py:3033} INFO - Sync 1 DAGs
[2024-07-02T09:22:15.536+0000] {logging_mixin.py:188} INFO - [2024-07-02T09:22:15.536+0000] {dag.py:3820} INFO - Setting next_dagrun for example_sensor_decorator to None, run_after=None
[2024-07-02T09:22:15.552+0000] {processor.py:183} INFO - Processing /home/airflow/.local/lib/python3.8/site-packages/airflow/example_dags/example_sensor_decorator.py took 0.066 seconds
[2024-07-02T09:22:46.001+0000] {processor.py:161} INFO - Started process (PID=2073) to work on /home/airflow/.local/lib/python3.8/site-packages/airflow/example_dags/example_sensor_decorator.py
[2024-07-02T09:22:46.002+0000] {processor.py:830} INFO - Processing file /home/airflow/.local/lib/python3.8/site-packages/airflow/example_dags/example_sensor_decorator.py for tasks to queue
[2024-07-02T09:22:46.003+0000] {logging_mixin.py:188} INFO - [2024-07-02T09:22:46.003+0000] {dagbag.py:538} INFO - Filling up the DagBag from /home/airflow/.local/lib/python3.8/site-packages/airflow/example_dags/example_sensor_decorator.py
[2024-07-02T09:22:46.008+0000] {processor.py:840} INFO - DAG(s) 'example_sensor_decorator' retrieved from /home/airflow/.local/lib/python3.8/site-packages/airflow/example_dags/example_sensor_decorator.py
[2024-07-02T09:22:46.026+0000] {logging_mixin.py:188} INFO - [2024-07-02T09:22:46.026+0000] {dag.py:3033} INFO - Sync 1 DAGs
[2024-07-02T09:22:46.038+0000] {logging_mixin.py:188} INFO - [2024-07-02T09:22:46.037+0000] {dag.py:3820} INFO - Setting next_dagrun for example_sensor_decorator to None, run_after=None
[2024-07-02T09:22:46.056+0000] {processor.py:183} INFO - Processing /home/airflow/.local/lib/python3.8/site-packages/airflow/example_dags/example_sensor_decorator.py took 0.058 seconds
[2024-07-02T09:23:16.130+0000] {processor.py:161} INFO - Started process (PID=2127) to work on /home/airflow/.local/lib/python3.8/site-packages/airflow/example_dags/example_sensor_decorator.py
[2024-07-02T09:23:16.134+0000] {processor.py:830} INFO - Processing file /home/airflow/.local/lib/python3.8/site-packages/airflow/example_dags/example_sensor_decorator.py for tasks to queue
[2024-07-02T09:23:16.136+0000] {logging_mixin.py:188} INFO - [2024-07-02T09:23:16.136+0000] {dagbag.py:538} INFO - Filling up the DagBag from /home/airflow/.local/lib/python3.8/site-packages/airflow/example_dags/example_sensor_decorator.py
[2024-07-02T09:23:16.140+0000] {processor.py:840} INFO - DAG(s) 'example_sensor_decorator' retrieved from /home/airflow/.local/lib/python3.8/site-packages/airflow/example_dags/example_sensor_decorator.py
[2024-07-02T09:23:16.157+0000] {logging_mixin.py:188} INFO - [2024-07-02T09:23:16.157+0000] {dag.py:3033} INFO - Sync 1 DAGs
[2024-07-02T09:23:16.167+0000] {logging_mixin.py:188} INFO - [2024-07-02T09:23:16.167+0000] {dag.py:3820} INFO - Setting next_dagrun for example_sensor_decorator to None, run_after=None
[2024-07-02T09:23:16.183+0000] {processor.py:183} INFO - Processing /home/airflow/.local/lib/python3.8/site-packages/airflow/example_dags/example_sensor_decorator.py took 0.054 seconds
[2024-07-02T09:23:46.488+0000] {processor.py:161} INFO - Started process (PID=2183) to work on /home/airflow/.local/lib/python3.8/site-packages/airflow/example_dags/example_sensor_decorator.py
[2024-07-02T09:23:46.489+0000] {processor.py:830} INFO - Processing file /home/airflow/.local/lib/python3.8/site-packages/airflow/example_dags/example_sensor_decorator.py for tasks to queue
[2024-07-02T09:23:46.491+0000] {logging_mixin.py:188} INFO - [2024-07-02T09:23:46.490+0000] {dagbag.py:538} INFO - Filling up the DagBag from /home/airflow/.local/lib/python3.8/site-packages/airflow/example_dags/example_sensor_decorator.py
[2024-07-02T09:23:46.496+0000] {processor.py:840} INFO - DAG(s) 'example_sensor_decorator' retrieved from /home/airflow/.local/lib/python3.8/site-packages/airflow/example_dags/example_sensor_decorator.py
[2024-07-02T09:23:46.520+0000] {logging_mixin.py:188} INFO - [2024-07-02T09:23:46.519+0000] {dag.py:3033} INFO - Sync 1 DAGs
[2024-07-02T09:23:46.536+0000] {logging_mixin.py:188} INFO - [2024-07-02T09:23:46.536+0000] {dag.py:3820} INFO - Setting next_dagrun for example_sensor_decorator to None, run_after=None
[2024-07-02T09:23:46.558+0000] {processor.py:183} INFO - Processing /home/airflow/.local/lib/python3.8/site-packages/airflow/example_dags/example_sensor_decorator.py took 0.073 seconds
