[2024-07-02T09:03:59.874+0000] {processor.py:161} INFO - Started process (PID=50) to work on /home/airflow/.local/lib/python3.8/site-packages/airflow/example_dags/example_trigger_controller_dag.py
[2024-07-02T09:03:59.875+0000] {processor.py:830} INFO - Processing file /home/airflow/.local/lib/python3.8/site-packages/airflow/example_dags/example_trigger_controller_dag.py for tasks to queue
[2024-07-02T09:03:59.883+0000] {logging_mixin.py:188} INFO - [2024-07-02T09:03:59.883+0000] {dagbag.py:538} INFO - Filling up the DagBag from /home/airflow/.local/lib/python3.8/site-packages/airflow/example_dags/example_trigger_controller_dag.py
[2024-07-02T09:03:59.892+0000] {processor.py:840} INFO - DAG(s) 'example_trigger_controller_dag' retrieved from /home/airflow/.local/lib/python3.8/site-packages/airflow/example_dags/example_trigger_controller_dag.py
[2024-07-02T09:04:00.001+0000] {logging_mixin.py:188} INFO - [2024-07-02T09:03:59.997+0000] {override.py:1769} INFO - Created Permission View: can edit on DAG:example_trigger_controller_dag
[2024-07-02T09:04:00.022+0000] {logging_mixin.py:188} INFO - [2024-07-02T09:04:00.021+0000] {override.py:1769} INFO - Created Permission View: can delete on DAG:example_trigger_controller_dag
[2024-07-02T09:04:00.034+0000] {logging_mixin.py:188} INFO - [2024-07-02T09:04:00.034+0000] {override.py:1769} INFO - Created Permission View: can read on DAG:example_trigger_controller_dag
[2024-07-02T09:04:00.035+0000] {logging_mixin.py:188} INFO - [2024-07-02T09:04:00.035+0000] {dag.py:3033} INFO - Sync 1 DAGs
[2024-07-02T09:04:00.059+0000] {logging_mixin.py:188} INFO - [2024-07-02T09:04:00.059+0000] {dag.py:3055} INFO - Creating ORM DAG for example_trigger_controller_dag
[2024-07-02T09:04:00.082+0000] {logging_mixin.py:188} INFO - [2024-07-02T09:04:00.081+0000] {dag.py:3820} INFO - Setting next_dagrun for example_trigger_controller_dag to 2021-01-01T00:00:00+00:00, run_after=2021-01-01T00:00:00+00:00
[2024-07-02T09:04:00.116+0000] {processor.py:183} INFO - Processing /home/airflow/.local/lib/python3.8/site-packages/airflow/example_dags/example_trigger_controller_dag.py took 0.248 seconds
[2024-07-02T09:04:30.758+0000] {processor.py:161} INFO - Started process (PID=104) to work on /home/airflow/.local/lib/python3.8/site-packages/airflow/example_dags/example_trigger_controller_dag.py
[2024-07-02T09:04:30.761+0000] {processor.py:830} INFO - Processing file /home/airflow/.local/lib/python3.8/site-packages/airflow/example_dags/example_trigger_controller_dag.py for tasks to queue
[2024-07-02T09:04:30.763+0000] {logging_mixin.py:188} INFO - [2024-07-02T09:04:30.763+0000] {dagbag.py:538} INFO - Filling up the DagBag from /home/airflow/.local/lib/python3.8/site-packages/airflow/example_dags/example_trigger_controller_dag.py
[2024-07-02T09:04:30.768+0000] {processor.py:840} INFO - DAG(s) 'example_trigger_controller_dag' retrieved from /home/airflow/.local/lib/python3.8/site-packages/airflow/example_dags/example_trigger_controller_dag.py
[2024-07-02T09:04:30.787+0000] {logging_mixin.py:188} INFO - [2024-07-02T09:04:30.786+0000] {dag.py:3033} INFO - Sync 1 DAGs
[2024-07-02T09:04:30.809+0000] {logging_mixin.py:188} INFO - [2024-07-02T09:04:30.809+0000] {dag.py:3820} INFO - Setting next_dagrun for example_trigger_controller_dag to 2021-01-01T00:00:00+00:00, run_after=2021-01-01T00:00:00+00:00
[2024-07-02T09:04:30.829+0000] {processor.py:183} INFO - Processing /home/airflow/.local/lib/python3.8/site-packages/airflow/example_dags/example_trigger_controller_dag.py took 0.074 seconds
[2024-07-02T09:05:01.227+0000] {processor.py:161} INFO - Started process (PID=160) to work on /home/airflow/.local/lib/python3.8/site-packages/airflow/example_dags/example_trigger_controller_dag.py
[2024-07-02T09:05:01.227+0000] {processor.py:830} INFO - Processing file /home/airflow/.local/lib/python3.8/site-packages/airflow/example_dags/example_trigger_controller_dag.py for tasks to queue
[2024-07-02T09:05:01.229+0000] {logging_mixin.py:188} INFO - [2024-07-02T09:05:01.229+0000] {dagbag.py:538} INFO - Filling up the DagBag from /home/airflow/.local/lib/python3.8/site-packages/airflow/example_dags/example_trigger_controller_dag.py
[2024-07-02T09:05:01.234+0000] {processor.py:840} INFO - DAG(s) 'example_trigger_controller_dag' retrieved from /home/airflow/.local/lib/python3.8/site-packages/airflow/example_dags/example_trigger_controller_dag.py
[2024-07-02T09:05:01.254+0000] {logging_mixin.py:188} INFO - [2024-07-02T09:05:01.254+0000] {dag.py:3033} INFO - Sync 1 DAGs
[2024-07-02T09:05:01.278+0000] {logging_mixin.py:188} INFO - [2024-07-02T09:05:01.278+0000] {dag.py:3820} INFO - Setting next_dagrun for example_trigger_controller_dag to 2021-01-01T00:00:00+00:00, run_after=2021-01-01T00:00:00+00:00
[2024-07-02T09:05:01.296+0000] {processor.py:183} INFO - Processing /home/airflow/.local/lib/python3.8/site-packages/airflow/example_dags/example_trigger_controller_dag.py took 0.071 seconds
[2024-07-02T09:05:31.397+0000] {processor.py:161} INFO - Started process (PID=215) to work on /home/airflow/.local/lib/python3.8/site-packages/airflow/example_dags/example_trigger_controller_dag.py
[2024-07-02T09:05:31.398+0000] {processor.py:830} INFO - Processing file /home/airflow/.local/lib/python3.8/site-packages/airflow/example_dags/example_trigger_controller_dag.py for tasks to queue
[2024-07-02T09:05:31.399+0000] {logging_mixin.py:188} INFO - [2024-07-02T09:05:31.399+0000] {dagbag.py:538} INFO - Filling up the DagBag from /home/airflow/.local/lib/python3.8/site-packages/airflow/example_dags/example_trigger_controller_dag.py
[2024-07-02T09:05:31.403+0000] {processor.py:840} INFO - DAG(s) 'example_trigger_controller_dag' retrieved from /home/airflow/.local/lib/python3.8/site-packages/airflow/example_dags/example_trigger_controller_dag.py
[2024-07-02T09:05:31.422+0000] {logging_mixin.py:188} INFO - [2024-07-02T09:05:31.421+0000] {dag.py:3033} INFO - Sync 1 DAGs
[2024-07-02T09:05:31.442+0000] {logging_mixin.py:188} INFO - [2024-07-02T09:05:31.442+0000] {dag.py:3820} INFO - Setting next_dagrun for example_trigger_controller_dag to 2021-01-01T00:00:00+00:00, run_after=2021-01-01T00:00:00+00:00
[2024-07-02T09:05:31.461+0000] {processor.py:183} INFO - Processing /home/airflow/.local/lib/python3.8/site-packages/airflow/example_dags/example_trigger_controller_dag.py took 0.066 seconds
[2024-07-02T09:06:01.592+0000] {processor.py:161} INFO - Started process (PID=270) to work on /home/airflow/.local/lib/python3.8/site-packages/airflow/example_dags/example_trigger_controller_dag.py
[2024-07-02T09:06:01.592+0000] {processor.py:830} INFO - Processing file /home/airflow/.local/lib/python3.8/site-packages/airflow/example_dags/example_trigger_controller_dag.py for tasks to queue
[2024-07-02T09:06:01.594+0000] {logging_mixin.py:188} INFO - [2024-07-02T09:06:01.594+0000] {dagbag.py:538} INFO - Filling up the DagBag from /home/airflow/.local/lib/python3.8/site-packages/airflow/example_dags/example_trigger_controller_dag.py
[2024-07-02T09:06:01.598+0000] {processor.py:840} INFO - DAG(s) 'example_trigger_controller_dag' retrieved from /home/airflow/.local/lib/python3.8/site-packages/airflow/example_dags/example_trigger_controller_dag.py
[2024-07-02T09:06:01.617+0000] {logging_mixin.py:188} INFO - [2024-07-02T09:06:01.617+0000] {dag.py:3033} INFO - Sync 1 DAGs
[2024-07-02T09:06:01.637+0000] {logging_mixin.py:188} INFO - [2024-07-02T09:06:01.637+0000] {dag.py:3820} INFO - Setting next_dagrun for example_trigger_controller_dag to 2021-01-01T00:00:00+00:00, run_after=2021-01-01T00:00:00+00:00
[2024-07-02T09:06:01.656+0000] {processor.py:183} INFO - Processing /home/airflow/.local/lib/python3.8/site-packages/airflow/example_dags/example_trigger_controller_dag.py took 0.067 seconds
[2024-07-02T09:06:32.047+0000] {processor.py:161} INFO - Started process (PID=324) to work on /home/airflow/.local/lib/python3.8/site-packages/airflow/example_dags/example_trigger_controller_dag.py
[2024-07-02T09:06:32.048+0000] {processor.py:830} INFO - Processing file /home/airflow/.local/lib/python3.8/site-packages/airflow/example_dags/example_trigger_controller_dag.py for tasks to queue
[2024-07-02T09:06:32.050+0000] {logging_mixin.py:188} INFO - [2024-07-02T09:06:32.050+0000] {dagbag.py:538} INFO - Filling up the DagBag from /home/airflow/.local/lib/python3.8/site-packages/airflow/example_dags/example_trigger_controller_dag.py
[2024-07-02T09:06:32.055+0000] {processor.py:840} INFO - DAG(s) 'example_trigger_controller_dag' retrieved from /home/airflow/.local/lib/python3.8/site-packages/airflow/example_dags/example_trigger_controller_dag.py
[2024-07-02T09:06:32.074+0000] {logging_mixin.py:188} INFO - [2024-07-02T09:06:32.074+0000] {dag.py:3033} INFO - Sync 1 DAGs
[2024-07-02T09:06:32.096+0000] {logging_mixin.py:188} INFO - [2024-07-02T09:06:32.095+0000] {dag.py:3820} INFO - Setting next_dagrun for example_trigger_controller_dag to 2021-01-01T00:00:00+00:00, run_after=2021-01-01T00:00:00+00:00
[2024-07-02T09:06:32.113+0000] {processor.py:183} INFO - Processing /home/airflow/.local/lib/python3.8/site-packages/airflow/example_dags/example_trigger_controller_dag.py took 0.069 seconds
[2024-07-02T09:07:02.550+0000] {processor.py:161} INFO - Started process (PID=379) to work on /home/airflow/.local/lib/python3.8/site-packages/airflow/example_dags/example_trigger_controller_dag.py
[2024-07-02T09:07:02.554+0000] {processor.py:830} INFO - Processing file /home/airflow/.local/lib/python3.8/site-packages/airflow/example_dags/example_trigger_controller_dag.py for tasks to queue
[2024-07-02T09:07:02.556+0000] {logging_mixin.py:188} INFO - [2024-07-02T09:07:02.556+0000] {dagbag.py:538} INFO - Filling up the DagBag from /home/airflow/.local/lib/python3.8/site-packages/airflow/example_dags/example_trigger_controller_dag.py
[2024-07-02T09:07:02.561+0000] {processor.py:840} INFO - DAG(s) 'example_trigger_controller_dag' retrieved from /home/airflow/.local/lib/python3.8/site-packages/airflow/example_dags/example_trigger_controller_dag.py
[2024-07-02T09:07:02.580+0000] {logging_mixin.py:188} INFO - [2024-07-02T09:07:02.580+0000] {dag.py:3033} INFO - Sync 1 DAGs
[2024-07-02T09:07:02.601+0000] {logging_mixin.py:188} INFO - [2024-07-02T09:07:02.601+0000] {dag.py:3820} INFO - Setting next_dagrun for example_trigger_controller_dag to 2021-01-01T00:00:00+00:00, run_after=2021-01-01T00:00:00+00:00
[2024-07-02T09:07:02.618+0000] {processor.py:183} INFO - Processing /home/airflow/.local/lib/python3.8/site-packages/airflow/example_dags/example_trigger_controller_dag.py took 0.071 seconds
[2024-07-02T09:07:33.133+0000] {processor.py:161} INFO - Started process (PID=434) to work on /home/airflow/.local/lib/python3.8/site-packages/airflow/example_dags/example_trigger_controller_dag.py
[2024-07-02T09:07:33.134+0000] {processor.py:830} INFO - Processing file /home/airflow/.local/lib/python3.8/site-packages/airflow/example_dags/example_trigger_controller_dag.py for tasks to queue
[2024-07-02T09:07:33.135+0000] {logging_mixin.py:188} INFO - [2024-07-02T09:07:33.135+0000] {dagbag.py:538} INFO - Filling up the DagBag from /home/airflow/.local/lib/python3.8/site-packages/airflow/example_dags/example_trigger_controller_dag.py
[2024-07-02T09:07:33.140+0000] {processor.py:840} INFO - DAG(s) 'example_trigger_controller_dag' retrieved from /home/airflow/.local/lib/python3.8/site-packages/airflow/example_dags/example_trigger_controller_dag.py
[2024-07-02T09:07:33.159+0000] {logging_mixin.py:188} INFO - [2024-07-02T09:07:33.158+0000] {dag.py:3033} INFO - Sync 1 DAGs
[2024-07-02T09:07:33.180+0000] {logging_mixin.py:188} INFO - [2024-07-02T09:07:33.180+0000] {dag.py:3820} INFO - Setting next_dagrun for example_trigger_controller_dag to 2021-01-01T00:00:00+00:00, run_after=2021-01-01T00:00:00+00:00
[2024-07-02T09:07:33.199+0000] {processor.py:183} INFO - Processing /home/airflow/.local/lib/python3.8/site-packages/airflow/example_dags/example_trigger_controller_dag.py took 0.069 seconds
[2024-07-02T09:08:03.684+0000] {processor.py:161} INFO - Started process (PID=489) to work on /home/airflow/.local/lib/python3.8/site-packages/airflow/example_dags/example_trigger_controller_dag.py
[2024-07-02T09:08:03.684+0000] {processor.py:830} INFO - Processing file /home/airflow/.local/lib/python3.8/site-packages/airflow/example_dags/example_trigger_controller_dag.py for tasks to queue
[2024-07-02T09:08:03.686+0000] {logging_mixin.py:188} INFO - [2024-07-02T09:08:03.686+0000] {dagbag.py:538} INFO - Filling up the DagBag from /home/airflow/.local/lib/python3.8/site-packages/airflow/example_dags/example_trigger_controller_dag.py
[2024-07-02T09:08:03.690+0000] {processor.py:840} INFO - DAG(s) 'example_trigger_controller_dag' retrieved from /home/airflow/.local/lib/python3.8/site-packages/airflow/example_dags/example_trigger_controller_dag.py
[2024-07-02T09:08:03.708+0000] {logging_mixin.py:188} INFO - [2024-07-02T09:08:03.708+0000] {dag.py:3033} INFO - Sync 1 DAGs
[2024-07-02T09:08:03.728+0000] {logging_mixin.py:188} INFO - [2024-07-02T09:08:03.728+0000] {dag.py:3820} INFO - Setting next_dagrun for example_trigger_controller_dag to 2021-01-01T00:00:00+00:00, run_after=2021-01-01T00:00:00+00:00
[2024-07-02T09:08:03.746+0000] {processor.py:183} INFO - Processing /home/airflow/.local/lib/python3.8/site-packages/airflow/example_dags/example_trigger_controller_dag.py took 0.065 seconds
[2024-07-02T09:08:34.281+0000] {processor.py:161} INFO - Started process (PID=544) to work on /home/airflow/.local/lib/python3.8/site-packages/airflow/example_dags/example_trigger_controller_dag.py
[2024-07-02T09:08:34.282+0000] {processor.py:830} INFO - Processing file /home/airflow/.local/lib/python3.8/site-packages/airflow/example_dags/example_trigger_controller_dag.py for tasks to queue
[2024-07-02T09:08:34.284+0000] {logging_mixin.py:188} INFO - [2024-07-02T09:08:34.284+0000] {dagbag.py:538} INFO - Filling up the DagBag from /home/airflow/.local/lib/python3.8/site-packages/airflow/example_dags/example_trigger_controller_dag.py
[2024-07-02T09:08:34.288+0000] {processor.py:840} INFO - DAG(s) 'example_trigger_controller_dag' retrieved from /home/airflow/.local/lib/python3.8/site-packages/airflow/example_dags/example_trigger_controller_dag.py
[2024-07-02T09:08:34.308+0000] {logging_mixin.py:188} INFO - [2024-07-02T09:08:34.307+0000] {dag.py:3033} INFO - Sync 1 DAGs
[2024-07-02T09:08:34.334+0000] {logging_mixin.py:188} INFO - [2024-07-02T09:08:34.333+0000] {dag.py:3820} INFO - Setting next_dagrun for example_trigger_controller_dag to 2021-01-01T00:00:00+00:00, run_after=2021-01-01T00:00:00+00:00
[2024-07-02T09:08:34.352+0000] {processor.py:183} INFO - Processing /home/airflow/.local/lib/python3.8/site-packages/airflow/example_dags/example_trigger_controller_dag.py took 0.073 seconds
[2024-07-02T09:09:04.904+0000] {processor.py:161} INFO - Started process (PID=599) to work on /home/airflow/.local/lib/python3.8/site-packages/airflow/example_dags/example_trigger_controller_dag.py
[2024-07-02T09:09:04.905+0000] {processor.py:830} INFO - Processing file /home/airflow/.local/lib/python3.8/site-packages/airflow/example_dags/example_trigger_controller_dag.py for tasks to queue
[2024-07-02T09:09:04.907+0000] {logging_mixin.py:188} INFO - [2024-07-02T09:09:04.907+0000] {dagbag.py:538} INFO - Filling up the DagBag from /home/airflow/.local/lib/python3.8/site-packages/airflow/example_dags/example_trigger_controller_dag.py
[2024-07-02T09:09:04.911+0000] {processor.py:840} INFO - DAG(s) 'example_trigger_controller_dag' retrieved from /home/airflow/.local/lib/python3.8/site-packages/airflow/example_dags/example_trigger_controller_dag.py
[2024-07-02T09:09:04.931+0000] {logging_mixin.py:188} INFO - [2024-07-02T09:09:04.931+0000] {dag.py:3033} INFO - Sync 1 DAGs
[2024-07-02T09:09:04.954+0000] {logging_mixin.py:188} INFO - [2024-07-02T09:09:04.954+0000] {dag.py:3820} INFO - Setting next_dagrun for example_trigger_controller_dag to 2021-01-01T00:00:00+00:00, run_after=2021-01-01T00:00:00+00:00
[2024-07-02T09:09:04.971+0000] {processor.py:183} INFO - Processing /home/airflow/.local/lib/python3.8/site-packages/airflow/example_dags/example_trigger_controller_dag.py took 0.069 seconds
[2024-07-02T09:09:35.474+0000] {processor.py:161} INFO - Started process (PID=654) to work on /home/airflow/.local/lib/python3.8/site-packages/airflow/example_dags/example_trigger_controller_dag.py
[2024-07-02T09:09:35.475+0000] {processor.py:830} INFO - Processing file /home/airflow/.local/lib/python3.8/site-packages/airflow/example_dags/example_trigger_controller_dag.py for tasks to queue
[2024-07-02T09:09:35.477+0000] {logging_mixin.py:188} INFO - [2024-07-02T09:09:35.476+0000] {dagbag.py:538} INFO - Filling up the DagBag from /home/airflow/.local/lib/python3.8/site-packages/airflow/example_dags/example_trigger_controller_dag.py
[2024-07-02T09:09:35.481+0000] {processor.py:840} INFO - DAG(s) 'example_trigger_controller_dag' retrieved from /home/airflow/.local/lib/python3.8/site-packages/airflow/example_dags/example_trigger_controller_dag.py
[2024-07-02T09:09:35.499+0000] {logging_mixin.py:188} INFO - [2024-07-02T09:09:35.499+0000] {dag.py:3033} INFO - Sync 1 DAGs
[2024-07-02T09:09:35.520+0000] {logging_mixin.py:188} INFO - [2024-07-02T09:09:35.520+0000] {dag.py:3820} INFO - Setting next_dagrun for example_trigger_controller_dag to 2021-01-01T00:00:00+00:00, run_after=2021-01-01T00:00:00+00:00
[2024-07-02T09:09:35.540+0000] {processor.py:183} INFO - Processing /home/airflow/.local/lib/python3.8/site-packages/airflow/example_dags/example_trigger_controller_dag.py took 0.069 seconds
[2024-07-02T09:10:05.796+0000] {processor.py:161} INFO - Started process (PID=709) to work on /home/airflow/.local/lib/python3.8/site-packages/airflow/example_dags/example_trigger_controller_dag.py
[2024-07-02T09:10:05.796+0000] {processor.py:830} INFO - Processing file /home/airflow/.local/lib/python3.8/site-packages/airflow/example_dags/example_trigger_controller_dag.py for tasks to queue
[2024-07-02T09:10:05.798+0000] {logging_mixin.py:188} INFO - [2024-07-02T09:10:05.798+0000] {dagbag.py:538} INFO - Filling up the DagBag from /home/airflow/.local/lib/python3.8/site-packages/airflow/example_dags/example_trigger_controller_dag.py
[2024-07-02T09:10:05.802+0000] {processor.py:840} INFO - DAG(s) 'example_trigger_controller_dag' retrieved from /home/airflow/.local/lib/python3.8/site-packages/airflow/example_dags/example_trigger_controller_dag.py
[2024-07-02T09:10:05.820+0000] {logging_mixin.py:188} INFO - [2024-07-02T09:10:05.820+0000] {dag.py:3033} INFO - Sync 1 DAGs
[2024-07-02T09:10:05.844+0000] {logging_mixin.py:188} INFO - [2024-07-02T09:10:05.843+0000] {dag.py:3820} INFO - Setting next_dagrun for example_trigger_controller_dag to 2021-01-01T00:00:00+00:00, run_after=2021-01-01T00:00:00+00:00
[2024-07-02T09:10:05.864+0000] {processor.py:183} INFO - Processing /home/airflow/.local/lib/python3.8/site-packages/airflow/example_dags/example_trigger_controller_dag.py took 0.071 seconds
[2024-07-02T09:10:36.438+0000] {processor.py:161} INFO - Started process (PID=764) to work on /home/airflow/.local/lib/python3.8/site-packages/airflow/example_dags/example_trigger_controller_dag.py
[2024-07-02T09:10:36.439+0000] {processor.py:830} INFO - Processing file /home/airflow/.local/lib/python3.8/site-packages/airflow/example_dags/example_trigger_controller_dag.py for tasks to queue
[2024-07-02T09:10:36.441+0000] {logging_mixin.py:188} INFO - [2024-07-02T09:10:36.440+0000] {dagbag.py:538} INFO - Filling up the DagBag from /home/airflow/.local/lib/python3.8/site-packages/airflow/example_dags/example_trigger_controller_dag.py
[2024-07-02T09:10:36.445+0000] {processor.py:840} INFO - DAG(s) 'example_trigger_controller_dag' retrieved from /home/airflow/.local/lib/python3.8/site-packages/airflow/example_dags/example_trigger_controller_dag.py
[2024-07-02T09:10:36.463+0000] {logging_mixin.py:188} INFO - [2024-07-02T09:10:36.463+0000] {dag.py:3033} INFO - Sync 1 DAGs
[2024-07-02T09:10:36.483+0000] {logging_mixin.py:188} INFO - [2024-07-02T09:10:36.482+0000] {dag.py:3820} INFO - Setting next_dagrun for example_trigger_controller_dag to 2021-01-01T00:00:00+00:00, run_after=2021-01-01T00:00:00+00:00
[2024-07-02T09:10:36.501+0000] {processor.py:183} INFO - Processing /home/airflow/.local/lib/python3.8/site-packages/airflow/example_dags/example_trigger_controller_dag.py took 0.066 seconds
[2024-07-02T09:11:06.993+0000] {processor.py:161} INFO - Started process (PID=819) to work on /home/airflow/.local/lib/python3.8/site-packages/airflow/example_dags/example_trigger_controller_dag.py
[2024-07-02T09:11:06.994+0000] {processor.py:830} INFO - Processing file /home/airflow/.local/lib/python3.8/site-packages/airflow/example_dags/example_trigger_controller_dag.py for tasks to queue
[2024-07-02T09:11:06.996+0000] {logging_mixin.py:188} INFO - [2024-07-02T09:11:06.995+0000] {dagbag.py:538} INFO - Filling up the DagBag from /home/airflow/.local/lib/python3.8/site-packages/airflow/example_dags/example_trigger_controller_dag.py
[2024-07-02T09:11:06.999+0000] {processor.py:840} INFO - DAG(s) 'example_trigger_controller_dag' retrieved from /home/airflow/.local/lib/python3.8/site-packages/airflow/example_dags/example_trigger_controller_dag.py
[2024-07-02T09:11:07.017+0000] {logging_mixin.py:188} INFO - [2024-07-02T09:11:07.017+0000] {dag.py:3033} INFO - Sync 1 DAGs
[2024-07-02T09:11:07.036+0000] {logging_mixin.py:188} INFO - [2024-07-02T09:11:07.036+0000] {dag.py:3820} INFO - Setting next_dagrun for example_trigger_controller_dag to 2021-01-01T00:00:00+00:00, run_after=2021-01-01T00:00:00+00:00
[2024-07-02T09:11:07.052+0000] {processor.py:183} INFO - Processing /home/airflow/.local/lib/python3.8/site-packages/airflow/example_dags/example_trigger_controller_dag.py took 0.061 seconds
[2024-07-02T09:11:37.890+0000] {processor.py:161} INFO - Started process (PID=874) to work on /home/airflow/.local/lib/python3.8/site-packages/airflow/example_dags/example_trigger_controller_dag.py
[2024-07-02T09:11:37.896+0000] {processor.py:830} INFO - Processing file /home/airflow/.local/lib/python3.8/site-packages/airflow/example_dags/example_trigger_controller_dag.py for tasks to queue
[2024-07-02T09:11:37.900+0000] {logging_mixin.py:188} INFO - [2024-07-02T09:11:37.900+0000] {dagbag.py:538} INFO - Filling up the DagBag from /home/airflow/.local/lib/python3.8/site-packages/airflow/example_dags/example_trigger_controller_dag.py
[2024-07-02T09:11:37.910+0000] {processor.py:840} INFO - DAG(s) 'example_trigger_controller_dag' retrieved from /home/airflow/.local/lib/python3.8/site-packages/airflow/example_dags/example_trigger_controller_dag.py
[2024-07-02T09:11:37.959+0000] {logging_mixin.py:188} INFO - [2024-07-02T09:11:37.959+0000] {dag.py:3033} INFO - Sync 1 DAGs
[2024-07-02T09:11:38.015+0000] {logging_mixin.py:188} INFO - [2024-07-02T09:11:38.015+0000] {dag.py:3820} INFO - Setting next_dagrun for example_trigger_controller_dag to 2021-01-01T00:00:00+00:00, run_after=2021-01-01T00:00:00+00:00
[2024-07-02T09:11:38.060+0000] {processor.py:183} INFO - Processing /home/airflow/.local/lib/python3.8/site-packages/airflow/example_dags/example_trigger_controller_dag.py took 0.176 seconds
[2024-07-02T09:12:08.827+0000] {processor.py:161} INFO - Started process (PID=929) to work on /home/airflow/.local/lib/python3.8/site-packages/airflow/example_dags/example_trigger_controller_dag.py
[2024-07-02T09:12:08.828+0000] {processor.py:830} INFO - Processing file /home/airflow/.local/lib/python3.8/site-packages/airflow/example_dags/example_trigger_controller_dag.py for tasks to queue
[2024-07-02T09:12:08.830+0000] {logging_mixin.py:188} INFO - [2024-07-02T09:12:08.830+0000] {dagbag.py:538} INFO - Filling up the DagBag from /home/airflow/.local/lib/python3.8/site-packages/airflow/example_dags/example_trigger_controller_dag.py
[2024-07-02T09:12:08.835+0000] {processor.py:840} INFO - DAG(s) 'example_trigger_controller_dag' retrieved from /home/airflow/.local/lib/python3.8/site-packages/airflow/example_dags/example_trigger_controller_dag.py
[2024-07-02T09:12:08.863+0000] {logging_mixin.py:188} INFO - [2024-07-02T09:12:08.863+0000] {dag.py:3033} INFO - Sync 1 DAGs
[2024-07-02T09:12:08.889+0000] {logging_mixin.py:188} INFO - [2024-07-02T09:12:08.889+0000] {dag.py:3820} INFO - Setting next_dagrun for example_trigger_controller_dag to 2021-01-01T00:00:00+00:00, run_after=2021-01-01T00:00:00+00:00
[2024-07-02T09:12:08.908+0000] {processor.py:183} INFO - Processing /home/airflow/.local/lib/python3.8/site-packages/airflow/example_dags/example_trigger_controller_dag.py took 0.085 seconds
[2024-07-02T09:12:38.948+0000] {processor.py:161} INFO - Started process (PID=984) to work on /home/airflow/.local/lib/python3.8/site-packages/airflow/example_dags/example_trigger_controller_dag.py
[2024-07-02T09:12:38.949+0000] {processor.py:830} INFO - Processing file /home/airflow/.local/lib/python3.8/site-packages/airflow/example_dags/example_trigger_controller_dag.py for tasks to queue
[2024-07-02T09:12:38.951+0000] {logging_mixin.py:188} INFO - [2024-07-02T09:12:38.951+0000] {dagbag.py:538} INFO - Filling up the DagBag from /home/airflow/.local/lib/python3.8/site-packages/airflow/example_dags/example_trigger_controller_dag.py
[2024-07-02T09:12:38.955+0000] {processor.py:840} INFO - DAG(s) 'example_trigger_controller_dag' retrieved from /home/airflow/.local/lib/python3.8/site-packages/airflow/example_dags/example_trigger_controller_dag.py
[2024-07-02T09:12:38.972+0000] {logging_mixin.py:188} INFO - [2024-07-02T09:12:38.971+0000] {dag.py:3033} INFO - Sync 1 DAGs
[2024-07-02T09:12:38.990+0000] {logging_mixin.py:188} INFO - [2024-07-02T09:12:38.990+0000] {dag.py:3820} INFO - Setting next_dagrun for example_trigger_controller_dag to 2021-01-01T00:00:00+00:00, run_after=2021-01-01T00:00:00+00:00
[2024-07-02T09:12:39.006+0000] {processor.py:183} INFO - Processing /home/airflow/.local/lib/python3.8/site-packages/airflow/example_dags/example_trigger_controller_dag.py took 0.060 seconds
[2024-07-02T09:13:09.733+0000] {processor.py:161} INFO - Started process (PID=1039) to work on /home/airflow/.local/lib/python3.8/site-packages/airflow/example_dags/example_trigger_controller_dag.py
[2024-07-02T09:13:09.734+0000] {processor.py:830} INFO - Processing file /home/airflow/.local/lib/python3.8/site-packages/airflow/example_dags/example_trigger_controller_dag.py for tasks to queue
[2024-07-02T09:13:09.736+0000] {logging_mixin.py:188} INFO - [2024-07-02T09:13:09.736+0000] {dagbag.py:538} INFO - Filling up the DagBag from /home/airflow/.local/lib/python3.8/site-packages/airflow/example_dags/example_trigger_controller_dag.py
[2024-07-02T09:13:09.740+0000] {processor.py:840} INFO - DAG(s) 'example_trigger_controller_dag' retrieved from /home/airflow/.local/lib/python3.8/site-packages/airflow/example_dags/example_trigger_controller_dag.py
[2024-07-02T09:13:09.756+0000] {logging_mixin.py:188} INFO - [2024-07-02T09:13:09.756+0000] {dag.py:3033} INFO - Sync 1 DAGs
[2024-07-02T09:13:09.775+0000] {logging_mixin.py:188} INFO - [2024-07-02T09:13:09.775+0000] {dag.py:3820} INFO - Setting next_dagrun for example_trigger_controller_dag to 2021-01-01T00:00:00+00:00, run_after=2021-01-01T00:00:00+00:00
[2024-07-02T09:13:09.791+0000] {processor.py:183} INFO - Processing /home/airflow/.local/lib/python3.8/site-packages/airflow/example_dags/example_trigger_controller_dag.py took 0.060 seconds
[2024-07-02T09:13:40.229+0000] {processor.py:161} INFO - Started process (PID=1094) to work on /home/airflow/.local/lib/python3.8/site-packages/airflow/example_dags/example_trigger_controller_dag.py
[2024-07-02T09:13:40.229+0000] {processor.py:830} INFO - Processing file /home/airflow/.local/lib/python3.8/site-packages/airflow/example_dags/example_trigger_controller_dag.py for tasks to queue
[2024-07-02T09:13:40.232+0000] {logging_mixin.py:188} INFO - [2024-07-02T09:13:40.231+0000] {dagbag.py:538} INFO - Filling up the DagBag from /home/airflow/.local/lib/python3.8/site-packages/airflow/example_dags/example_trigger_controller_dag.py
[2024-07-02T09:13:40.236+0000] {processor.py:840} INFO - DAG(s) 'example_trigger_controller_dag' retrieved from /home/airflow/.local/lib/python3.8/site-packages/airflow/example_dags/example_trigger_controller_dag.py
[2024-07-02T09:13:40.257+0000] {logging_mixin.py:188} INFO - [2024-07-02T09:13:40.257+0000] {dag.py:3033} INFO - Sync 1 DAGs
[2024-07-02T09:13:40.283+0000] {logging_mixin.py:188} INFO - [2024-07-02T09:13:40.282+0000] {dag.py:3820} INFO - Setting next_dagrun for example_trigger_controller_dag to 2021-01-01T00:00:00+00:00, run_after=2021-01-01T00:00:00+00:00
[2024-07-02T09:13:40.304+0000] {processor.py:183} INFO - Processing /home/airflow/.local/lib/python3.8/site-packages/airflow/example_dags/example_trigger_controller_dag.py took 0.078 seconds
[2024-07-02T09:14:10.794+0000] {processor.py:161} INFO - Started process (PID=1149) to work on /home/airflow/.local/lib/python3.8/site-packages/airflow/example_dags/example_trigger_controller_dag.py
[2024-07-02T09:14:10.795+0000] {processor.py:830} INFO - Processing file /home/airflow/.local/lib/python3.8/site-packages/airflow/example_dags/example_trigger_controller_dag.py for tasks to queue
[2024-07-02T09:14:10.796+0000] {logging_mixin.py:188} INFO - [2024-07-02T09:14:10.796+0000] {dagbag.py:538} INFO - Filling up the DagBag from /home/airflow/.local/lib/python3.8/site-packages/airflow/example_dags/example_trigger_controller_dag.py
[2024-07-02T09:14:10.800+0000] {processor.py:840} INFO - DAG(s) 'example_trigger_controller_dag' retrieved from /home/airflow/.local/lib/python3.8/site-packages/airflow/example_dags/example_trigger_controller_dag.py
[2024-07-02T09:14:10.817+0000] {logging_mixin.py:188} INFO - [2024-07-02T09:14:10.817+0000] {dag.py:3033} INFO - Sync 1 DAGs
[2024-07-02T09:14:10.836+0000] {logging_mixin.py:188} INFO - [2024-07-02T09:14:10.836+0000] {dag.py:3820} INFO - Setting next_dagrun for example_trigger_controller_dag to 2021-01-01T00:00:00+00:00, run_after=2021-01-01T00:00:00+00:00
[2024-07-02T09:14:10.854+0000] {processor.py:183} INFO - Processing /home/airflow/.local/lib/python3.8/site-packages/airflow/example_dags/example_trigger_controller_dag.py took 0.063 seconds
[2024-07-02T09:14:41.218+0000] {processor.py:161} INFO - Started process (PID=1204) to work on /home/airflow/.local/lib/python3.8/site-packages/airflow/example_dags/example_trigger_controller_dag.py
[2024-07-02T09:14:41.219+0000] {processor.py:830} INFO - Processing file /home/airflow/.local/lib/python3.8/site-packages/airflow/example_dags/example_trigger_controller_dag.py for tasks to queue
[2024-07-02T09:14:41.221+0000] {logging_mixin.py:188} INFO - [2024-07-02T09:14:41.221+0000] {dagbag.py:538} INFO - Filling up the DagBag from /home/airflow/.local/lib/python3.8/site-packages/airflow/example_dags/example_trigger_controller_dag.py
[2024-07-02T09:14:41.226+0000] {processor.py:840} INFO - DAG(s) 'example_trigger_controller_dag' retrieved from /home/airflow/.local/lib/python3.8/site-packages/airflow/example_dags/example_trigger_controller_dag.py
[2024-07-02T09:14:41.252+0000] {logging_mixin.py:188} INFO - [2024-07-02T09:14:41.252+0000] {dag.py:3033} INFO - Sync 1 DAGs
[2024-07-02T09:14:41.279+0000] {logging_mixin.py:188} INFO - [2024-07-02T09:14:41.279+0000] {dag.py:3820} INFO - Setting next_dagrun for example_trigger_controller_dag to 2021-01-01T00:00:00+00:00, run_after=2021-01-01T00:00:00+00:00
[2024-07-02T09:14:41.298+0000] {processor.py:183} INFO - Processing /home/airflow/.local/lib/python3.8/site-packages/airflow/example_dags/example_trigger_controller_dag.py took 0.083 seconds
[2024-07-02T09:15:11.797+0000] {processor.py:161} INFO - Started process (PID=1259) to work on /home/airflow/.local/lib/python3.8/site-packages/airflow/example_dags/example_trigger_controller_dag.py
[2024-07-02T09:15:11.798+0000] {processor.py:830} INFO - Processing file /home/airflow/.local/lib/python3.8/site-packages/airflow/example_dags/example_trigger_controller_dag.py for tasks to queue
[2024-07-02T09:15:11.800+0000] {logging_mixin.py:188} INFO - [2024-07-02T09:15:11.800+0000] {dagbag.py:538} INFO - Filling up the DagBag from /home/airflow/.local/lib/python3.8/site-packages/airflow/example_dags/example_trigger_controller_dag.py
[2024-07-02T09:15:11.805+0000] {processor.py:840} INFO - DAG(s) 'example_trigger_controller_dag' retrieved from /home/airflow/.local/lib/python3.8/site-packages/airflow/example_dags/example_trigger_controller_dag.py
[2024-07-02T09:15:11.825+0000] {logging_mixin.py:188} INFO - [2024-07-02T09:15:11.825+0000] {dag.py:3033} INFO - Sync 1 DAGs
[2024-07-02T09:15:11.847+0000] {logging_mixin.py:188} INFO - [2024-07-02T09:15:11.847+0000] {dag.py:3820} INFO - Setting next_dagrun for example_trigger_controller_dag to 2021-01-01T00:00:00+00:00, run_after=2021-01-01T00:00:00+00:00
[2024-07-02T09:15:11.866+0000] {processor.py:183} INFO - Processing /home/airflow/.local/lib/python3.8/site-packages/airflow/example_dags/example_trigger_controller_dag.py took 0.072 seconds
[2024-07-02T09:15:42.214+0000] {processor.py:161} INFO - Started process (PID=1314) to work on /home/airflow/.local/lib/python3.8/site-packages/airflow/example_dags/example_trigger_controller_dag.py
[2024-07-02T09:15:42.215+0000] {processor.py:830} INFO - Processing file /home/airflow/.local/lib/python3.8/site-packages/airflow/example_dags/example_trigger_controller_dag.py for tasks to queue
[2024-07-02T09:15:42.217+0000] {logging_mixin.py:188} INFO - [2024-07-02T09:15:42.217+0000] {dagbag.py:538} INFO - Filling up the DagBag from /home/airflow/.local/lib/python3.8/site-packages/airflow/example_dags/example_trigger_controller_dag.py
[2024-07-02T09:15:42.222+0000] {processor.py:840} INFO - DAG(s) 'example_trigger_controller_dag' retrieved from /home/airflow/.local/lib/python3.8/site-packages/airflow/example_dags/example_trigger_controller_dag.py
[2024-07-02T09:15:42.242+0000] {logging_mixin.py:188} INFO - [2024-07-02T09:15:42.241+0000] {dag.py:3033} INFO - Sync 1 DAGs
[2024-07-02T09:15:42.263+0000] {logging_mixin.py:188} INFO - [2024-07-02T09:15:42.262+0000] {dag.py:3820} INFO - Setting next_dagrun for example_trigger_controller_dag to 2021-01-01T00:00:00+00:00, run_after=2021-01-01T00:00:00+00:00
[2024-07-02T09:15:42.282+0000] {processor.py:183} INFO - Processing /home/airflow/.local/lib/python3.8/site-packages/airflow/example_dags/example_trigger_controller_dag.py took 0.070 seconds
[2024-07-02T09:16:12.854+0000] {processor.py:161} INFO - Started process (PID=1368) to work on /home/airflow/.local/lib/python3.8/site-packages/airflow/example_dags/example_trigger_controller_dag.py
[2024-07-02T09:16:12.855+0000] {processor.py:830} INFO - Processing file /home/airflow/.local/lib/python3.8/site-packages/airflow/example_dags/example_trigger_controller_dag.py for tasks to queue
[2024-07-02T09:16:12.857+0000] {logging_mixin.py:188} INFO - [2024-07-02T09:16:12.856+0000] {dagbag.py:538} INFO - Filling up the DagBag from /home/airflow/.local/lib/python3.8/site-packages/airflow/example_dags/example_trigger_controller_dag.py
[2024-07-02T09:16:12.862+0000] {processor.py:840} INFO - DAG(s) 'example_trigger_controller_dag' retrieved from /home/airflow/.local/lib/python3.8/site-packages/airflow/example_dags/example_trigger_controller_dag.py
[2024-07-02T09:16:12.888+0000] {logging_mixin.py:188} INFO - [2024-07-02T09:16:12.888+0000] {dag.py:3033} INFO - Sync 1 DAGs
[2024-07-02T09:16:12.919+0000] {logging_mixin.py:188} INFO - [2024-07-02T09:16:12.919+0000] {dag.py:3820} INFO - Setting next_dagrun for example_trigger_controller_dag to 2021-01-01T00:00:00+00:00, run_after=2021-01-01T00:00:00+00:00
[2024-07-02T09:16:12.939+0000] {processor.py:183} INFO - Processing /home/airflow/.local/lib/python3.8/site-packages/airflow/example_dags/example_trigger_controller_dag.py took 0.090 seconds
[2024-07-02T09:16:43.457+0000] {processor.py:161} INFO - Started process (PID=1423) to work on /home/airflow/.local/lib/python3.8/site-packages/airflow/example_dags/example_trigger_controller_dag.py
[2024-07-02T09:16:43.458+0000] {processor.py:830} INFO - Processing file /home/airflow/.local/lib/python3.8/site-packages/airflow/example_dags/example_trigger_controller_dag.py for tasks to queue
[2024-07-02T09:16:43.460+0000] {logging_mixin.py:188} INFO - [2024-07-02T09:16:43.460+0000] {dagbag.py:538} INFO - Filling up the DagBag from /home/airflow/.local/lib/python3.8/site-packages/airflow/example_dags/example_trigger_controller_dag.py
[2024-07-02T09:16:43.465+0000] {processor.py:840} INFO - DAG(s) 'example_trigger_controller_dag' retrieved from /home/airflow/.local/lib/python3.8/site-packages/airflow/example_dags/example_trigger_controller_dag.py
[2024-07-02T09:16:43.485+0000] {logging_mixin.py:188} INFO - [2024-07-02T09:16:43.485+0000] {dag.py:3033} INFO - Sync 1 DAGs
[2024-07-02T09:16:43.506+0000] {logging_mixin.py:188} INFO - [2024-07-02T09:16:43.506+0000] {dag.py:3820} INFO - Setting next_dagrun for example_trigger_controller_dag to 2021-01-01T00:00:00+00:00, run_after=2021-01-01T00:00:00+00:00
[2024-07-02T09:16:43.524+0000] {processor.py:183} INFO - Processing /home/airflow/.local/lib/python3.8/site-packages/airflow/example_dags/example_trigger_controller_dag.py took 0.071 seconds
[2024-07-02T09:17:13.957+0000] {processor.py:161} INFO - Started process (PID=1478) to work on /home/airflow/.local/lib/python3.8/site-packages/airflow/example_dags/example_trigger_controller_dag.py
[2024-07-02T09:17:13.957+0000] {processor.py:830} INFO - Processing file /home/airflow/.local/lib/python3.8/site-packages/airflow/example_dags/example_trigger_controller_dag.py for tasks to queue
[2024-07-02T09:17:13.960+0000] {logging_mixin.py:188} INFO - [2024-07-02T09:17:13.959+0000] {dagbag.py:538} INFO - Filling up the DagBag from /home/airflow/.local/lib/python3.8/site-packages/airflow/example_dags/example_trigger_controller_dag.py
[2024-07-02T09:17:13.964+0000] {processor.py:840} INFO - DAG(s) 'example_trigger_controller_dag' retrieved from /home/airflow/.local/lib/python3.8/site-packages/airflow/example_dags/example_trigger_controller_dag.py
[2024-07-02T09:17:13.987+0000] {logging_mixin.py:188} INFO - [2024-07-02T09:17:13.987+0000] {dag.py:3033} INFO - Sync 1 DAGs
[2024-07-02T09:17:14.010+0000] {logging_mixin.py:188} INFO - [2024-07-02T09:17:14.010+0000] {dag.py:3820} INFO - Setting next_dagrun for example_trigger_controller_dag to 2021-01-01T00:00:00+00:00, run_after=2021-01-01T00:00:00+00:00
[2024-07-02T09:17:14.028+0000] {processor.py:183} INFO - Processing /home/airflow/.local/lib/python3.8/site-packages/airflow/example_dags/example_trigger_controller_dag.py took 0.075 seconds
[2024-07-02T09:17:44.396+0000] {processor.py:161} INFO - Started process (PID=1534) to work on /home/airflow/.local/lib/python3.8/site-packages/airflow/example_dags/example_trigger_controller_dag.py
[2024-07-02T09:17:44.397+0000] {processor.py:830} INFO - Processing file /home/airflow/.local/lib/python3.8/site-packages/airflow/example_dags/example_trigger_controller_dag.py for tasks to queue
[2024-07-02T09:17:44.399+0000] {logging_mixin.py:188} INFO - [2024-07-02T09:17:44.399+0000] {dagbag.py:538} INFO - Filling up the DagBag from /home/airflow/.local/lib/python3.8/site-packages/airflow/example_dags/example_trigger_controller_dag.py
[2024-07-02T09:17:44.404+0000] {processor.py:840} INFO - DAG(s) 'example_trigger_controller_dag' retrieved from /home/airflow/.local/lib/python3.8/site-packages/airflow/example_dags/example_trigger_controller_dag.py
[2024-07-02T09:17:44.425+0000] {logging_mixin.py:188} INFO - [2024-07-02T09:17:44.425+0000] {dag.py:3033} INFO - Sync 1 DAGs
[2024-07-02T09:17:44.447+0000] {logging_mixin.py:188} INFO - [2024-07-02T09:17:44.447+0000] {dag.py:3820} INFO - Setting next_dagrun for example_trigger_controller_dag to 2021-01-01T00:00:00+00:00, run_after=2021-01-01T00:00:00+00:00
[2024-07-02T09:17:44.465+0000] {processor.py:183} INFO - Processing /home/airflow/.local/lib/python3.8/site-packages/airflow/example_dags/example_trigger_controller_dag.py took 0.072 seconds
[2024-07-02T09:18:14.864+0000] {processor.py:161} INFO - Started process (PID=1589) to work on /home/airflow/.local/lib/python3.8/site-packages/airflow/example_dags/example_trigger_controller_dag.py
[2024-07-02T09:18:14.865+0000] {processor.py:830} INFO - Processing file /home/airflow/.local/lib/python3.8/site-packages/airflow/example_dags/example_trigger_controller_dag.py for tasks to queue
[2024-07-02T09:18:14.867+0000] {logging_mixin.py:188} INFO - [2024-07-02T09:18:14.867+0000] {dagbag.py:538} INFO - Filling up the DagBag from /home/airflow/.local/lib/python3.8/site-packages/airflow/example_dags/example_trigger_controller_dag.py
[2024-07-02T09:18:14.872+0000] {processor.py:840} INFO - DAG(s) 'example_trigger_controller_dag' retrieved from /home/airflow/.local/lib/python3.8/site-packages/airflow/example_dags/example_trigger_controller_dag.py
[2024-07-02T09:18:14.892+0000] {logging_mixin.py:188} INFO - [2024-07-02T09:18:14.892+0000] {dag.py:3033} INFO - Sync 1 DAGs
[2024-07-02T09:18:14.913+0000] {logging_mixin.py:188} INFO - [2024-07-02T09:18:14.913+0000] {dag.py:3820} INFO - Setting next_dagrun for example_trigger_controller_dag to 2021-01-01T00:00:00+00:00, run_after=2021-01-01T00:00:00+00:00
[2024-07-02T09:18:14.930+0000] {processor.py:183} INFO - Processing /home/airflow/.local/lib/python3.8/site-packages/airflow/example_dags/example_trigger_controller_dag.py took 0.069 seconds
[2024-07-02T09:18:45.341+0000] {processor.py:161} INFO - Started process (PID=1644) to work on /home/airflow/.local/lib/python3.8/site-packages/airflow/example_dags/example_trigger_controller_dag.py
[2024-07-02T09:18:45.342+0000] {processor.py:830} INFO - Processing file /home/airflow/.local/lib/python3.8/site-packages/airflow/example_dags/example_trigger_controller_dag.py for tasks to queue
[2024-07-02T09:18:45.344+0000] {logging_mixin.py:188} INFO - [2024-07-02T09:18:45.344+0000] {dagbag.py:538} INFO - Filling up the DagBag from /home/airflow/.local/lib/python3.8/site-packages/airflow/example_dags/example_trigger_controller_dag.py
[2024-07-02T09:18:45.349+0000] {processor.py:840} INFO - DAG(s) 'example_trigger_controller_dag' retrieved from /home/airflow/.local/lib/python3.8/site-packages/airflow/example_dags/example_trigger_controller_dag.py
[2024-07-02T09:18:45.375+0000] {logging_mixin.py:188} INFO - [2024-07-02T09:18:45.375+0000] {dag.py:3033} INFO - Sync 1 DAGs
[2024-07-02T09:18:45.403+0000] {logging_mixin.py:188} INFO - [2024-07-02T09:18:45.402+0000] {dag.py:3820} INFO - Setting next_dagrun for example_trigger_controller_dag to 2021-01-01T00:00:00+00:00, run_after=2021-01-01T00:00:00+00:00
[2024-07-02T09:18:45.421+0000] {processor.py:183} INFO - Processing /home/airflow/.local/lib/python3.8/site-packages/airflow/example_dags/example_trigger_controller_dag.py took 0.083 seconds
[2024-07-02T09:19:15.776+0000] {processor.py:161} INFO - Started process (PID=1699) to work on /home/airflow/.local/lib/python3.8/site-packages/airflow/example_dags/example_trigger_controller_dag.py
[2024-07-02T09:19:15.779+0000] {processor.py:830} INFO - Processing file /home/airflow/.local/lib/python3.8/site-packages/airflow/example_dags/example_trigger_controller_dag.py for tasks to queue
[2024-07-02T09:19:15.782+0000] {logging_mixin.py:188} INFO - [2024-07-02T09:19:15.782+0000] {dagbag.py:538} INFO - Filling up the DagBag from /home/airflow/.local/lib/python3.8/site-packages/airflow/example_dags/example_trigger_controller_dag.py
[2024-07-02T09:19:15.789+0000] {processor.py:840} INFO - DAG(s) 'example_trigger_controller_dag' retrieved from /home/airflow/.local/lib/python3.8/site-packages/airflow/example_dags/example_trigger_controller_dag.py
[2024-07-02T09:19:15.810+0000] {logging_mixin.py:188} INFO - [2024-07-02T09:19:15.810+0000] {dag.py:3033} INFO - Sync 1 DAGs
[2024-07-02T09:19:15.836+0000] {logging_mixin.py:188} INFO - [2024-07-02T09:19:15.836+0000] {dag.py:3820} INFO - Setting next_dagrun for example_trigger_controller_dag to 2021-01-01T00:00:00+00:00, run_after=2021-01-01T00:00:00+00:00
[2024-07-02T09:19:15.852+0000] {processor.py:183} INFO - Processing /home/airflow/.local/lib/python3.8/site-packages/airflow/example_dags/example_trigger_controller_dag.py took 0.080 seconds
[2024-07-02T09:19:45.987+0000] {processor.py:161} INFO - Started process (PID=1753) to work on /home/airflow/.local/lib/python3.8/site-packages/airflow/example_dags/example_trigger_controller_dag.py
[2024-07-02T09:19:45.988+0000] {processor.py:830} INFO - Processing file /home/airflow/.local/lib/python3.8/site-packages/airflow/example_dags/example_trigger_controller_dag.py for tasks to queue
[2024-07-02T09:19:45.989+0000] {logging_mixin.py:188} INFO - [2024-07-02T09:19:45.989+0000] {dagbag.py:538} INFO - Filling up the DagBag from /home/airflow/.local/lib/python3.8/site-packages/airflow/example_dags/example_trigger_controller_dag.py
[2024-07-02T09:19:45.993+0000] {processor.py:840} INFO - DAG(s) 'example_trigger_controller_dag' retrieved from /home/airflow/.local/lib/python3.8/site-packages/airflow/example_dags/example_trigger_controller_dag.py
[2024-07-02T09:19:46.009+0000] {logging_mixin.py:188} INFO - [2024-07-02T09:19:46.009+0000] {dag.py:3033} INFO - Sync 1 DAGs
[2024-07-02T09:19:46.032+0000] {logging_mixin.py:188} INFO - [2024-07-02T09:19:46.031+0000] {dag.py:3820} INFO - Setting next_dagrun for example_trigger_controller_dag to 2021-01-01T00:00:00+00:00, run_after=2021-01-01T00:00:00+00:00
[2024-07-02T09:19:46.052+0000] {processor.py:183} INFO - Processing /home/airflow/.local/lib/python3.8/site-packages/airflow/example_dags/example_trigger_controller_dag.py took 0.068 seconds
[2024-07-02T09:20:16.641+0000] {processor.py:161} INFO - Started process (PID=1807) to work on /home/airflow/.local/lib/python3.8/site-packages/airflow/example_dags/example_trigger_controller_dag.py
[2024-07-02T09:20:16.646+0000] {processor.py:830} INFO - Processing file /home/airflow/.local/lib/python3.8/site-packages/airflow/example_dags/example_trigger_controller_dag.py for tasks to queue
[2024-07-02T09:20:16.647+0000] {logging_mixin.py:188} INFO - [2024-07-02T09:20:16.647+0000] {dagbag.py:538} INFO - Filling up the DagBag from /home/airflow/.local/lib/python3.8/site-packages/airflow/example_dags/example_trigger_controller_dag.py
[2024-07-02T09:20:16.652+0000] {processor.py:840} INFO - DAG(s) 'example_trigger_controller_dag' retrieved from /home/airflow/.local/lib/python3.8/site-packages/airflow/example_dags/example_trigger_controller_dag.py
[2024-07-02T09:20:16.672+0000] {logging_mixin.py:188} INFO - [2024-07-02T09:20:16.672+0000] {dag.py:3033} INFO - Sync 1 DAGs
[2024-07-02T09:20:16.694+0000] {logging_mixin.py:188} INFO - [2024-07-02T09:20:16.694+0000] {dag.py:3820} INFO - Setting next_dagrun for example_trigger_controller_dag to 2021-01-01T00:00:00+00:00, run_after=2021-01-01T00:00:00+00:00
[2024-07-02T09:20:16.712+0000] {processor.py:183} INFO - Processing /home/airflow/.local/lib/python3.8/site-packages/airflow/example_dags/example_trigger_controller_dag.py took 0.074 seconds
[2024-07-02T09:20:47.192+0000] {processor.py:161} INFO - Started process (PID=1862) to work on /home/airflow/.local/lib/python3.8/site-packages/airflow/example_dags/example_trigger_controller_dag.py
[2024-07-02T09:20:47.193+0000] {processor.py:830} INFO - Processing file /home/airflow/.local/lib/python3.8/site-packages/airflow/example_dags/example_trigger_controller_dag.py for tasks to queue
[2024-07-02T09:20:47.196+0000] {logging_mixin.py:188} INFO - [2024-07-02T09:20:47.195+0000] {dagbag.py:538} INFO - Filling up the DagBag from /home/airflow/.local/lib/python3.8/site-packages/airflow/example_dags/example_trigger_controller_dag.py
[2024-07-02T09:20:47.201+0000] {processor.py:840} INFO - DAG(s) 'example_trigger_controller_dag' retrieved from /home/airflow/.local/lib/python3.8/site-packages/airflow/example_dags/example_trigger_controller_dag.py
[2024-07-02T09:20:47.222+0000] {logging_mixin.py:188} INFO - [2024-07-02T09:20:47.222+0000] {dag.py:3033} INFO - Sync 1 DAGs
[2024-07-02T09:20:47.246+0000] {logging_mixin.py:188} INFO - [2024-07-02T09:20:47.246+0000] {dag.py:3820} INFO - Setting next_dagrun for example_trigger_controller_dag to 2021-01-01T00:00:00+00:00, run_after=2021-01-01T00:00:00+00:00
[2024-07-02T09:20:47.265+0000] {processor.py:183} INFO - Processing /home/airflow/.local/lib/python3.8/site-packages/airflow/example_dags/example_trigger_controller_dag.py took 0.077 seconds
[2024-07-02T09:21:18.305+0000] {processor.py:161} INFO - Started process (PID=1917) to work on /home/airflow/.local/lib/python3.8/site-packages/airflow/example_dags/example_trigger_controller_dag.py
[2024-07-02T09:21:18.306+0000] {processor.py:830} INFO - Processing file /home/airflow/.local/lib/python3.8/site-packages/airflow/example_dags/example_trigger_controller_dag.py for tasks to queue
[2024-07-02T09:21:18.308+0000] {logging_mixin.py:188} INFO - [2024-07-02T09:21:18.308+0000] {dagbag.py:538} INFO - Filling up the DagBag from /home/airflow/.local/lib/python3.8/site-packages/airflow/example_dags/example_trigger_controller_dag.py
[2024-07-02T09:21:18.314+0000] {processor.py:840} INFO - DAG(s) 'example_trigger_controller_dag' retrieved from /home/airflow/.local/lib/python3.8/site-packages/airflow/example_dags/example_trigger_controller_dag.py
[2024-07-02T09:21:18.334+0000] {logging_mixin.py:188} INFO - [2024-07-02T09:21:18.334+0000] {dag.py:3033} INFO - Sync 1 DAGs
[2024-07-02T09:21:18.356+0000] {logging_mixin.py:188} INFO - [2024-07-02T09:21:18.356+0000] {dag.py:3820} INFO - Setting next_dagrun for example_trigger_controller_dag to 2021-01-01T00:00:00+00:00, run_after=2021-01-01T00:00:00+00:00
[2024-07-02T09:21:18.374+0000] {processor.py:183} INFO - Processing /home/airflow/.local/lib/python3.8/site-packages/airflow/example_dags/example_trigger_controller_dag.py took 0.073 seconds
[2024-07-02T09:21:48.761+0000] {processor.py:161} INFO - Started process (PID=1971) to work on /home/airflow/.local/lib/python3.8/site-packages/airflow/example_dags/example_trigger_controller_dag.py
[2024-07-02T09:21:48.762+0000] {processor.py:830} INFO - Processing file /home/airflow/.local/lib/python3.8/site-packages/airflow/example_dags/example_trigger_controller_dag.py for tasks to queue
[2024-07-02T09:21:48.763+0000] {logging_mixin.py:188} INFO - [2024-07-02T09:21:48.763+0000] {dagbag.py:538} INFO - Filling up the DagBag from /home/airflow/.local/lib/python3.8/site-packages/airflow/example_dags/example_trigger_controller_dag.py
[2024-07-02T09:21:48.768+0000] {processor.py:840} INFO - DAG(s) 'example_trigger_controller_dag' retrieved from /home/airflow/.local/lib/python3.8/site-packages/airflow/example_dags/example_trigger_controller_dag.py
[2024-07-02T09:21:48.789+0000] {logging_mixin.py:188} INFO - [2024-07-02T09:21:48.788+0000] {dag.py:3033} INFO - Sync 1 DAGs
[2024-07-02T09:21:48.819+0000] {logging_mixin.py:188} INFO - [2024-07-02T09:21:48.818+0000] {dag.py:3820} INFO - Setting next_dagrun for example_trigger_controller_dag to 2021-01-01T00:00:00+00:00, run_after=2021-01-01T00:00:00+00:00
[2024-07-02T09:21:48.842+0000] {processor.py:183} INFO - Processing /home/airflow/.local/lib/python3.8/site-packages/airflow/example_dags/example_trigger_controller_dag.py took 0.083 seconds
[2024-07-02T09:22:18.886+0000] {processor.py:161} INFO - Started process (PID=2026) to work on /home/airflow/.local/lib/python3.8/site-packages/airflow/example_dags/example_trigger_controller_dag.py
[2024-07-02T09:22:18.887+0000] {processor.py:830} INFO - Processing file /home/airflow/.local/lib/python3.8/site-packages/airflow/example_dags/example_trigger_controller_dag.py for tasks to queue
[2024-07-02T09:22:18.888+0000] {logging_mixin.py:188} INFO - [2024-07-02T09:22:18.888+0000] {dagbag.py:538} INFO - Filling up the DagBag from /home/airflow/.local/lib/python3.8/site-packages/airflow/example_dags/example_trigger_controller_dag.py
[2024-07-02T09:22:18.893+0000] {processor.py:840} INFO - DAG(s) 'example_trigger_controller_dag' retrieved from /home/airflow/.local/lib/python3.8/site-packages/airflow/example_dags/example_trigger_controller_dag.py
[2024-07-02T09:22:18.914+0000] {logging_mixin.py:188} INFO - [2024-07-02T09:22:18.914+0000] {dag.py:3033} INFO - Sync 1 DAGs
[2024-07-02T09:22:18.942+0000] {logging_mixin.py:188} INFO - [2024-07-02T09:22:18.942+0000] {dag.py:3820} INFO - Setting next_dagrun for example_trigger_controller_dag to 2021-01-01T00:00:00+00:00, run_after=2021-01-01T00:00:00+00:00
[2024-07-02T09:22:18.961+0000] {processor.py:183} INFO - Processing /home/airflow/.local/lib/python3.8/site-packages/airflow/example_dags/example_trigger_controller_dag.py took 0.078 seconds
[2024-07-02T09:22:49.464+0000] {processor.py:161} INFO - Started process (PID=2081) to work on /home/airflow/.local/lib/python3.8/site-packages/airflow/example_dags/example_trigger_controller_dag.py
[2024-07-02T09:22:49.465+0000] {processor.py:830} INFO - Processing file /home/airflow/.local/lib/python3.8/site-packages/airflow/example_dags/example_trigger_controller_dag.py for tasks to queue
[2024-07-02T09:22:49.467+0000] {logging_mixin.py:188} INFO - [2024-07-02T09:22:49.466+0000] {dagbag.py:538} INFO - Filling up the DagBag from /home/airflow/.local/lib/python3.8/site-packages/airflow/example_dags/example_trigger_controller_dag.py
[2024-07-02T09:22:49.472+0000] {processor.py:840} INFO - DAG(s) 'example_trigger_controller_dag' retrieved from /home/airflow/.local/lib/python3.8/site-packages/airflow/example_dags/example_trigger_controller_dag.py
[2024-07-02T09:22:49.497+0000] {logging_mixin.py:188} INFO - [2024-07-02T09:22:49.497+0000] {dag.py:3033} INFO - Sync 1 DAGs
[2024-07-02T09:22:49.521+0000] {logging_mixin.py:188} INFO - [2024-07-02T09:22:49.520+0000] {dag.py:3820} INFO - Setting next_dagrun for example_trigger_controller_dag to 2021-01-01T00:00:00+00:00, run_after=2021-01-01T00:00:00+00:00
[2024-07-02T09:22:49.542+0000] {processor.py:183} INFO - Processing /home/airflow/.local/lib/python3.8/site-packages/airflow/example_dags/example_trigger_controller_dag.py took 0.082 seconds
[2024-07-02T09:23:19.624+0000] {processor.py:161} INFO - Started process (PID=2136) to work on /home/airflow/.local/lib/python3.8/site-packages/airflow/example_dags/example_trigger_controller_dag.py
[2024-07-02T09:23:19.625+0000] {processor.py:830} INFO - Processing file /home/airflow/.local/lib/python3.8/site-packages/airflow/example_dags/example_trigger_controller_dag.py for tasks to queue
[2024-07-02T09:23:19.627+0000] {logging_mixin.py:188} INFO - [2024-07-02T09:23:19.627+0000] {dagbag.py:538} INFO - Filling up the DagBag from /home/airflow/.local/lib/python3.8/site-packages/airflow/example_dags/example_trigger_controller_dag.py
[2024-07-02T09:23:19.632+0000] {processor.py:840} INFO - DAG(s) 'example_trigger_controller_dag' retrieved from /home/airflow/.local/lib/python3.8/site-packages/airflow/example_dags/example_trigger_controller_dag.py
[2024-07-02T09:23:19.651+0000] {logging_mixin.py:188} INFO - [2024-07-02T09:23:19.651+0000] {dag.py:3033} INFO - Sync 1 DAGs
[2024-07-02T09:23:19.672+0000] {logging_mixin.py:188} INFO - [2024-07-02T09:23:19.672+0000] {dag.py:3820} INFO - Setting next_dagrun for example_trigger_controller_dag to 2021-01-01T00:00:00+00:00, run_after=2021-01-01T00:00:00+00:00
[2024-07-02T09:23:19.689+0000] {processor.py:183} INFO - Processing /home/airflow/.local/lib/python3.8/site-packages/airflow/example_dags/example_trigger_controller_dag.py took 0.068 seconds
[2024-07-02T09:23:49.955+0000] {processor.py:161} INFO - Started process (PID=2191) to work on /home/airflow/.local/lib/python3.8/site-packages/airflow/example_dags/example_trigger_controller_dag.py
[2024-07-02T09:23:49.956+0000] {processor.py:830} INFO - Processing file /home/airflow/.local/lib/python3.8/site-packages/airflow/example_dags/example_trigger_controller_dag.py for tasks to queue
[2024-07-02T09:23:49.958+0000] {logging_mixin.py:188} INFO - [2024-07-02T09:23:49.958+0000] {dagbag.py:538} INFO - Filling up the DagBag from /home/airflow/.local/lib/python3.8/site-packages/airflow/example_dags/example_trigger_controller_dag.py
[2024-07-02T09:23:49.963+0000] {processor.py:840} INFO - DAG(s) 'example_trigger_controller_dag' retrieved from /home/airflow/.local/lib/python3.8/site-packages/airflow/example_dags/example_trigger_controller_dag.py
[2024-07-02T09:23:49.986+0000] {logging_mixin.py:188} INFO - [2024-07-02T09:23:49.986+0000] {dag.py:3033} INFO - Sync 1 DAGs
[2024-07-02T09:23:50.016+0000] {logging_mixin.py:188} INFO - [2024-07-02T09:23:50.015+0000] {dag.py:3820} INFO - Setting next_dagrun for example_trigger_controller_dag to 2021-01-01T00:00:00+00:00, run_after=2021-01-01T00:00:00+00:00
[2024-07-02T09:23:50.159+0000] {processor.py:183} INFO - Processing /home/airflow/.local/lib/python3.8/site-packages/airflow/example_dags/example_trigger_controller_dag.py took 0.208 seconds
