[2024-07-02T09:04:00.155+0000] {processor.py:161} INFO - Started process (PID=52) to work on /home/airflow/.local/lib/python3.8/site-packages/airflow/example_dags/example_skip_dag.py
[2024-07-02T09:04:00.156+0000] {processor.py:830} INFO - Processing file /home/airflow/.local/lib/python3.8/site-packages/airflow/example_dags/example_skip_dag.py for tasks to queue
[2024-07-02T09:04:00.159+0000] {logging_mixin.py:188} INFO - [2024-07-02T09:04:00.159+0000] {dagbag.py:538} INFO - Filling up the DagBag from /home/airflow/.local/lib/python3.8/site-packages/airflow/example_dags/example_skip_dag.py
[2024-07-02T09:04:00.171+0000] {processor.py:840} INFO - DAG(s) 'example_skip_dag' retrieved from /home/airflow/.local/lib/python3.8/site-packages/airflow/example_dags/example_skip_dag.py
[2024-07-02T09:04:00.299+0000] {logging_mixin.py:188} INFO - [2024-07-02T09:04:00.298+0000] {override.py:1769} INFO - Created Permission View: can edit on DAG:example_skip_dag
[2024-07-02T09:04:00.315+0000] {logging_mixin.py:188} INFO - [2024-07-02T09:04:00.315+0000] {override.py:1769} INFO - Created Permission View: can delete on DAG:example_skip_dag
[2024-07-02T09:04:00.344+0000] {logging_mixin.py:188} INFO - [2024-07-02T09:04:00.343+0000] {override.py:1769} INFO - Created Permission View: can read on DAG:example_skip_dag
[2024-07-02T09:04:00.345+0000] {logging_mixin.py:188} INFO - [2024-07-02T09:04:00.345+0000] {dag.py:3033} INFO - Sync 1 DAGs
[2024-07-02T09:04:00.373+0000] {logging_mixin.py:188} INFO - [2024-07-02T09:04:00.373+0000] {dag.py:3055} INFO - Creating ORM DAG for example_skip_dag
[2024-07-02T09:04:00.397+0000] {logging_mixin.py:188} INFO - [2024-07-02T09:04:00.397+0000] {dag.py:3820} INFO - Setting next_dagrun for example_skip_dag to 2024-07-01T00:00:00+00:00, run_after=2024-07-02T00:00:00+00:00
[2024-07-02T09:04:00.439+0000] {processor.py:183} INFO - Processing /home/airflow/.local/lib/python3.8/site-packages/airflow/example_dags/example_skip_dag.py took 0.289 seconds
[2024-07-02T09:04:30.850+0000] {processor.py:161} INFO - Started process (PID=106) to work on /home/airflow/.local/lib/python3.8/site-packages/airflow/example_dags/example_skip_dag.py
[2024-07-02T09:04:30.851+0000] {processor.py:830} INFO - Processing file /home/airflow/.local/lib/python3.8/site-packages/airflow/example_dags/example_skip_dag.py for tasks to queue
[2024-07-02T09:04:30.852+0000] {logging_mixin.py:188} INFO - [2024-07-02T09:04:30.852+0000] {dagbag.py:538} INFO - Filling up the DagBag from /home/airflow/.local/lib/python3.8/site-packages/airflow/example_dags/example_skip_dag.py
[2024-07-02T09:04:30.858+0000] {processor.py:840} INFO - DAG(s) 'example_skip_dag' retrieved from /home/airflow/.local/lib/python3.8/site-packages/airflow/example_dags/example_skip_dag.py
[2024-07-02T09:04:30.878+0000] {logging_mixin.py:188} INFO - [2024-07-02T09:04:30.878+0000] {dag.py:3033} INFO - Sync 1 DAGs
[2024-07-02T09:04:30.900+0000] {logging_mixin.py:188} INFO - [2024-07-02T09:04:30.900+0000] {dag.py:3820} INFO - Setting next_dagrun for example_skip_dag to 2024-07-01T00:00:00+00:00, run_after=2024-07-02T00:00:00+00:00
[2024-07-02T09:04:30.920+0000] {processor.py:183} INFO - Processing /home/airflow/.local/lib/python3.8/site-packages/airflow/example_dags/example_skip_dag.py took 0.073 seconds
[2024-07-02T09:05:01.316+0000] {processor.py:161} INFO - Started process (PID=162) to work on /home/airflow/.local/lib/python3.8/site-packages/airflow/example_dags/example_skip_dag.py
[2024-07-02T09:05:01.316+0000] {processor.py:830} INFO - Processing file /home/airflow/.local/lib/python3.8/site-packages/airflow/example_dags/example_skip_dag.py for tasks to queue
[2024-07-02T09:05:01.318+0000] {logging_mixin.py:188} INFO - [2024-07-02T09:05:01.318+0000] {dagbag.py:538} INFO - Filling up the DagBag from /home/airflow/.local/lib/python3.8/site-packages/airflow/example_dags/example_skip_dag.py
[2024-07-02T09:05:01.323+0000] {processor.py:840} INFO - DAG(s) 'example_skip_dag' retrieved from /home/airflow/.local/lib/python3.8/site-packages/airflow/example_dags/example_skip_dag.py
[2024-07-02T09:05:01.344+0000] {logging_mixin.py:188} INFO - [2024-07-02T09:05:01.344+0000] {dag.py:3033} INFO - Sync 1 DAGs
[2024-07-02T09:05:01.365+0000] {logging_mixin.py:188} INFO - [2024-07-02T09:05:01.365+0000] {dag.py:3820} INFO - Setting next_dagrun for example_skip_dag to 2024-07-01T00:00:00+00:00, run_after=2024-07-02T00:00:00+00:00
[2024-07-02T09:05:01.391+0000] {processor.py:183} INFO - Processing /home/airflow/.local/lib/python3.8/site-packages/airflow/example_dags/example_skip_dag.py took 0.078 seconds
[2024-07-02T09:05:31.482+0000] {processor.py:161} INFO - Started process (PID=217) to work on /home/airflow/.local/lib/python3.8/site-packages/airflow/example_dags/example_skip_dag.py
[2024-07-02T09:05:31.483+0000] {processor.py:830} INFO - Processing file /home/airflow/.local/lib/python3.8/site-packages/airflow/example_dags/example_skip_dag.py for tasks to queue
[2024-07-02T09:05:31.484+0000] {logging_mixin.py:188} INFO - [2024-07-02T09:05:31.484+0000] {dagbag.py:538} INFO - Filling up the DagBag from /home/airflow/.local/lib/python3.8/site-packages/airflow/example_dags/example_skip_dag.py
[2024-07-02T09:05:31.490+0000] {processor.py:840} INFO - DAG(s) 'example_skip_dag' retrieved from /home/airflow/.local/lib/python3.8/site-packages/airflow/example_dags/example_skip_dag.py
[2024-07-02T09:05:31.511+0000] {logging_mixin.py:188} INFO - [2024-07-02T09:05:31.510+0000] {dag.py:3033} INFO - Sync 1 DAGs
[2024-07-02T09:05:31.530+0000] {logging_mixin.py:188} INFO - [2024-07-02T09:05:31.530+0000] {dag.py:3820} INFO - Setting next_dagrun for example_skip_dag to 2024-07-01T00:00:00+00:00, run_after=2024-07-02T00:00:00+00:00
[2024-07-02T09:05:31.552+0000] {processor.py:183} INFO - Processing /home/airflow/.local/lib/python3.8/site-packages/airflow/example_dags/example_skip_dag.py took 0.072 seconds
[2024-07-02T09:06:01.678+0000] {processor.py:161} INFO - Started process (PID=272) to work on /home/airflow/.local/lib/python3.8/site-packages/airflow/example_dags/example_skip_dag.py
[2024-07-02T09:06:01.678+0000] {processor.py:830} INFO - Processing file /home/airflow/.local/lib/python3.8/site-packages/airflow/example_dags/example_skip_dag.py for tasks to queue
[2024-07-02T09:06:01.680+0000] {logging_mixin.py:188} INFO - [2024-07-02T09:06:01.680+0000] {dagbag.py:538} INFO - Filling up the DagBag from /home/airflow/.local/lib/python3.8/site-packages/airflow/example_dags/example_skip_dag.py
[2024-07-02T09:06:01.686+0000] {processor.py:840} INFO - DAG(s) 'example_skip_dag' retrieved from /home/airflow/.local/lib/python3.8/site-packages/airflow/example_dags/example_skip_dag.py
[2024-07-02T09:06:01.706+0000] {logging_mixin.py:188} INFO - [2024-07-02T09:06:01.706+0000] {dag.py:3033} INFO - Sync 1 DAGs
[2024-07-02T09:06:01.725+0000] {logging_mixin.py:188} INFO - [2024-07-02T09:06:01.725+0000] {dag.py:3820} INFO - Setting next_dagrun for example_skip_dag to 2024-07-01T00:00:00+00:00, run_after=2024-07-02T00:00:00+00:00
[2024-07-02T09:06:01.741+0000] {processor.py:183} INFO - Processing /home/airflow/.local/lib/python3.8/site-packages/airflow/example_dags/example_skip_dag.py took 0.066 seconds
[2024-07-02T09:06:32.134+0000] {processor.py:161} INFO - Started process (PID=326) to work on /home/airflow/.local/lib/python3.8/site-packages/airflow/example_dags/example_skip_dag.py
[2024-07-02T09:06:32.138+0000] {processor.py:830} INFO - Processing file /home/airflow/.local/lib/python3.8/site-packages/airflow/example_dags/example_skip_dag.py for tasks to queue
[2024-07-02T09:06:32.140+0000] {logging_mixin.py:188} INFO - [2024-07-02T09:06:32.140+0000] {dagbag.py:538} INFO - Filling up the DagBag from /home/airflow/.local/lib/python3.8/site-packages/airflow/example_dags/example_skip_dag.py
[2024-07-02T09:06:32.146+0000] {processor.py:840} INFO - DAG(s) 'example_skip_dag' retrieved from /home/airflow/.local/lib/python3.8/site-packages/airflow/example_dags/example_skip_dag.py
[2024-07-02T09:06:32.166+0000] {logging_mixin.py:188} INFO - [2024-07-02T09:06:32.166+0000] {dag.py:3033} INFO - Sync 1 DAGs
[2024-07-02T09:06:32.188+0000] {logging_mixin.py:188} INFO - [2024-07-02T09:06:32.188+0000] {dag.py:3820} INFO - Setting next_dagrun for example_skip_dag to 2024-07-01T00:00:00+00:00, run_after=2024-07-02T00:00:00+00:00
[2024-07-02T09:06:32.206+0000] {processor.py:183} INFO - Processing /home/airflow/.local/lib/python3.8/site-packages/airflow/example_dags/example_skip_dag.py took 0.075 seconds
[2024-07-02T09:07:02.639+0000] {processor.py:161} INFO - Started process (PID=381) to work on /home/airflow/.local/lib/python3.8/site-packages/airflow/example_dags/example_skip_dag.py
[2024-07-02T09:07:02.639+0000] {processor.py:830} INFO - Processing file /home/airflow/.local/lib/python3.8/site-packages/airflow/example_dags/example_skip_dag.py for tasks to queue
[2024-07-02T09:07:02.641+0000] {logging_mixin.py:188} INFO - [2024-07-02T09:07:02.641+0000] {dagbag.py:538} INFO - Filling up the DagBag from /home/airflow/.local/lib/python3.8/site-packages/airflow/example_dags/example_skip_dag.py
[2024-07-02T09:07:02.646+0000] {processor.py:840} INFO - DAG(s) 'example_skip_dag' retrieved from /home/airflow/.local/lib/python3.8/site-packages/airflow/example_dags/example_skip_dag.py
[2024-07-02T09:07:02.666+0000] {logging_mixin.py:188} INFO - [2024-07-02T09:07:02.666+0000] {dag.py:3033} INFO - Sync 1 DAGs
[2024-07-02T09:07:02.686+0000] {logging_mixin.py:188} INFO - [2024-07-02T09:07:02.686+0000] {dag.py:3820} INFO - Setting next_dagrun for example_skip_dag to 2024-07-01T00:00:00+00:00, run_after=2024-07-02T00:00:00+00:00
[2024-07-02T09:07:02.704+0000] {processor.py:183} INFO - Processing /home/airflow/.local/lib/python3.8/site-packages/airflow/example_dags/example_skip_dag.py took 0.068 seconds
[2024-07-02T09:07:33.221+0000] {processor.py:161} INFO - Started process (PID=436) to work on /home/airflow/.local/lib/python3.8/site-packages/airflow/example_dags/example_skip_dag.py
[2024-07-02T09:07:33.222+0000] {processor.py:830} INFO - Processing file /home/airflow/.local/lib/python3.8/site-packages/airflow/example_dags/example_skip_dag.py for tasks to queue
[2024-07-02T09:07:33.224+0000] {logging_mixin.py:188} INFO - [2024-07-02T09:07:33.224+0000] {dagbag.py:538} INFO - Filling up the DagBag from /home/airflow/.local/lib/python3.8/site-packages/airflow/example_dags/example_skip_dag.py
[2024-07-02T09:07:33.229+0000] {processor.py:840} INFO - DAG(s) 'example_skip_dag' retrieved from /home/airflow/.local/lib/python3.8/site-packages/airflow/example_dags/example_skip_dag.py
[2024-07-02T09:07:33.250+0000] {logging_mixin.py:188} INFO - [2024-07-02T09:07:33.250+0000] {dag.py:3033} INFO - Sync 1 DAGs
[2024-07-02T09:07:33.270+0000] {logging_mixin.py:188} INFO - [2024-07-02T09:07:33.270+0000] {dag.py:3820} INFO - Setting next_dagrun for example_skip_dag to 2024-07-01T00:00:00+00:00, run_after=2024-07-02T00:00:00+00:00
[2024-07-02T09:07:33.287+0000] {processor.py:183} INFO - Processing /home/airflow/.local/lib/python3.8/site-packages/airflow/example_dags/example_skip_dag.py took 0.068 seconds
[2024-07-02T09:08:03.767+0000] {processor.py:161} INFO - Started process (PID=491) to work on /home/airflow/.local/lib/python3.8/site-packages/airflow/example_dags/example_skip_dag.py
[2024-07-02T09:08:03.768+0000] {processor.py:830} INFO - Processing file /home/airflow/.local/lib/python3.8/site-packages/airflow/example_dags/example_skip_dag.py for tasks to queue
[2024-07-02T09:08:03.770+0000] {logging_mixin.py:188} INFO - [2024-07-02T09:08:03.769+0000] {dagbag.py:538} INFO - Filling up the DagBag from /home/airflow/.local/lib/python3.8/site-packages/airflow/example_dags/example_skip_dag.py
[2024-07-02T09:08:03.775+0000] {processor.py:840} INFO - DAG(s) 'example_skip_dag' retrieved from /home/airflow/.local/lib/python3.8/site-packages/airflow/example_dags/example_skip_dag.py
[2024-07-02T09:08:03.794+0000] {logging_mixin.py:188} INFO - [2024-07-02T09:08:03.794+0000] {dag.py:3033} INFO - Sync 1 DAGs
[2024-07-02T09:08:03.813+0000] {logging_mixin.py:188} INFO - [2024-07-02T09:08:03.813+0000] {dag.py:3820} INFO - Setting next_dagrun for example_skip_dag to 2024-07-01T00:00:00+00:00, run_after=2024-07-02T00:00:00+00:00
[2024-07-02T09:08:03.829+0000] {processor.py:183} INFO - Processing /home/airflow/.local/lib/python3.8/site-packages/airflow/example_dags/example_skip_dag.py took 0.064 seconds
[2024-07-02T09:08:34.373+0000] {processor.py:161} INFO - Started process (PID=546) to work on /home/airflow/.local/lib/python3.8/site-packages/airflow/example_dags/example_skip_dag.py
[2024-07-02T09:08:34.374+0000] {processor.py:830} INFO - Processing file /home/airflow/.local/lib/python3.8/site-packages/airflow/example_dags/example_skip_dag.py for tasks to queue
[2024-07-02T09:08:34.375+0000] {logging_mixin.py:188} INFO - [2024-07-02T09:08:34.375+0000] {dagbag.py:538} INFO - Filling up the DagBag from /home/airflow/.local/lib/python3.8/site-packages/airflow/example_dags/example_skip_dag.py
[2024-07-02T09:08:34.381+0000] {processor.py:840} INFO - DAG(s) 'example_skip_dag' retrieved from /home/airflow/.local/lib/python3.8/site-packages/airflow/example_dags/example_skip_dag.py
[2024-07-02T09:08:34.401+0000] {logging_mixin.py:188} INFO - [2024-07-02T09:08:34.401+0000] {dag.py:3033} INFO - Sync 1 DAGs
[2024-07-02T09:08:34.421+0000] {logging_mixin.py:188} INFO - [2024-07-02T09:08:34.421+0000] {dag.py:3820} INFO - Setting next_dagrun for example_skip_dag to 2024-07-01T00:00:00+00:00, run_after=2024-07-02T00:00:00+00:00
[2024-07-02T09:08:34.437+0000] {processor.py:183} INFO - Processing /home/airflow/.local/lib/python3.8/site-packages/airflow/example_dags/example_skip_dag.py took 0.067 seconds
[2024-07-02T09:09:04.994+0000] {processor.py:161} INFO - Started process (PID=601) to work on /home/airflow/.local/lib/python3.8/site-packages/airflow/example_dags/example_skip_dag.py
[2024-07-02T09:09:04.995+0000] {processor.py:830} INFO - Processing file /home/airflow/.local/lib/python3.8/site-packages/airflow/example_dags/example_skip_dag.py for tasks to queue
[2024-07-02T09:09:04.997+0000] {logging_mixin.py:188} INFO - [2024-07-02T09:09:04.996+0000] {dagbag.py:538} INFO - Filling up the DagBag from /home/airflow/.local/lib/python3.8/site-packages/airflow/example_dags/example_skip_dag.py
[2024-07-02T09:09:05.002+0000] {processor.py:840} INFO - DAG(s) 'example_skip_dag' retrieved from /home/airflow/.local/lib/python3.8/site-packages/airflow/example_dags/example_skip_dag.py
[2024-07-02T09:09:05.022+0000] {logging_mixin.py:188} INFO - [2024-07-02T09:09:05.022+0000] {dag.py:3033} INFO - Sync 1 DAGs
[2024-07-02T09:09:05.045+0000] {logging_mixin.py:188} INFO - [2024-07-02T09:09:05.044+0000] {dag.py:3820} INFO - Setting next_dagrun for example_skip_dag to 2024-07-01T00:00:00+00:00, run_after=2024-07-02T00:00:00+00:00
[2024-07-02T09:09:05.069+0000] {processor.py:183} INFO - Processing /home/airflow/.local/lib/python3.8/site-packages/airflow/example_dags/example_skip_dag.py took 0.077 seconds
[2024-07-02T09:09:35.562+0000] {processor.py:161} INFO - Started process (PID=656) to work on /home/airflow/.local/lib/python3.8/site-packages/airflow/example_dags/example_skip_dag.py
[2024-07-02T09:09:35.562+0000] {processor.py:830} INFO - Processing file /home/airflow/.local/lib/python3.8/site-packages/airflow/example_dags/example_skip_dag.py for tasks to queue
[2024-07-02T09:09:35.564+0000] {logging_mixin.py:188} INFO - [2024-07-02T09:09:35.564+0000] {dagbag.py:538} INFO - Filling up the DagBag from /home/airflow/.local/lib/python3.8/site-packages/airflow/example_dags/example_skip_dag.py
[2024-07-02T09:09:35.570+0000] {processor.py:840} INFO - DAG(s) 'example_skip_dag' retrieved from /home/airflow/.local/lib/python3.8/site-packages/airflow/example_dags/example_skip_dag.py
[2024-07-02T09:09:35.591+0000] {logging_mixin.py:188} INFO - [2024-07-02T09:09:35.591+0000] {dag.py:3033} INFO - Sync 1 DAGs
[2024-07-02T09:09:35.611+0000] {logging_mixin.py:188} INFO - [2024-07-02T09:09:35.611+0000] {dag.py:3820} INFO - Setting next_dagrun for example_skip_dag to 2024-07-01T00:00:00+00:00, run_after=2024-07-02T00:00:00+00:00
[2024-07-02T09:09:35.628+0000] {processor.py:183} INFO - Processing /home/airflow/.local/lib/python3.8/site-packages/airflow/example_dags/example_skip_dag.py took 0.070 seconds
[2024-07-02T09:10:05.884+0000] {processor.py:161} INFO - Started process (PID=711) to work on /home/airflow/.local/lib/python3.8/site-packages/airflow/example_dags/example_skip_dag.py
[2024-07-02T09:10:05.885+0000] {processor.py:830} INFO - Processing file /home/airflow/.local/lib/python3.8/site-packages/airflow/example_dags/example_skip_dag.py for tasks to queue
[2024-07-02T09:10:05.887+0000] {logging_mixin.py:188} INFO - [2024-07-02T09:10:05.887+0000] {dagbag.py:538} INFO - Filling up the DagBag from /home/airflow/.local/lib/python3.8/site-packages/airflow/example_dags/example_skip_dag.py
[2024-07-02T09:10:05.892+0000] {processor.py:840} INFO - DAG(s) 'example_skip_dag' retrieved from /home/airflow/.local/lib/python3.8/site-packages/airflow/example_dags/example_skip_dag.py
[2024-07-02T09:10:05.911+0000] {logging_mixin.py:188} INFO - [2024-07-02T09:10:05.911+0000] {dag.py:3033} INFO - Sync 1 DAGs
[2024-07-02T09:10:05.929+0000] {logging_mixin.py:188} INFO - [2024-07-02T09:10:05.929+0000] {dag.py:3820} INFO - Setting next_dagrun for example_skip_dag to 2024-07-01T00:00:00+00:00, run_after=2024-07-02T00:00:00+00:00
[2024-07-02T09:10:05.948+0000] {processor.py:183} INFO - Processing /home/airflow/.local/lib/python3.8/site-packages/airflow/example_dags/example_skip_dag.py took 0.067 seconds
[2024-07-02T09:10:36.523+0000] {processor.py:161} INFO - Started process (PID=766) to work on /home/airflow/.local/lib/python3.8/site-packages/airflow/example_dags/example_skip_dag.py
[2024-07-02T09:10:36.524+0000] {processor.py:830} INFO - Processing file /home/airflow/.local/lib/python3.8/site-packages/airflow/example_dags/example_skip_dag.py for tasks to queue
[2024-07-02T09:10:36.525+0000] {logging_mixin.py:188} INFO - [2024-07-02T09:10:36.525+0000] {dagbag.py:538} INFO - Filling up the DagBag from /home/airflow/.local/lib/python3.8/site-packages/airflow/example_dags/example_skip_dag.py
[2024-07-02T09:10:36.531+0000] {processor.py:840} INFO - DAG(s) 'example_skip_dag' retrieved from /home/airflow/.local/lib/python3.8/site-packages/airflow/example_dags/example_skip_dag.py
[2024-07-02T09:10:36.551+0000] {logging_mixin.py:188} INFO - [2024-07-02T09:10:36.550+0000] {dag.py:3033} INFO - Sync 1 DAGs
[2024-07-02T09:10:36.570+0000] {logging_mixin.py:188} INFO - [2024-07-02T09:10:36.569+0000] {dag.py:3820} INFO - Setting next_dagrun for example_skip_dag to 2024-07-01T00:00:00+00:00, run_after=2024-07-02T00:00:00+00:00
[2024-07-02T09:10:36.588+0000] {processor.py:183} INFO - Processing /home/airflow/.local/lib/python3.8/site-packages/airflow/example_dags/example_skip_dag.py took 0.067 seconds
[2024-07-02T09:11:07.072+0000] {processor.py:161} INFO - Started process (PID=821) to work on /home/airflow/.local/lib/python3.8/site-packages/airflow/example_dags/example_skip_dag.py
[2024-07-02T09:11:07.072+0000] {processor.py:830} INFO - Processing file /home/airflow/.local/lib/python3.8/site-packages/airflow/example_dags/example_skip_dag.py for tasks to queue
[2024-07-02T09:11:07.074+0000] {logging_mixin.py:188} INFO - [2024-07-02T09:11:07.074+0000] {dagbag.py:538} INFO - Filling up the DagBag from /home/airflow/.local/lib/python3.8/site-packages/airflow/example_dags/example_skip_dag.py
[2024-07-02T09:11:07.080+0000] {processor.py:840} INFO - DAG(s) 'example_skip_dag' retrieved from /home/airflow/.local/lib/python3.8/site-packages/airflow/example_dags/example_skip_dag.py
[2024-07-02T09:11:07.101+0000] {logging_mixin.py:188} INFO - [2024-07-02T09:11:07.101+0000] {dag.py:3033} INFO - Sync 1 DAGs
[2024-07-02T09:11:07.121+0000] {logging_mixin.py:188} INFO - [2024-07-02T09:11:07.120+0000] {dag.py:3820} INFO - Setting next_dagrun for example_skip_dag to 2024-07-01T00:00:00+00:00, run_after=2024-07-02T00:00:00+00:00
[2024-07-02T09:11:07.140+0000] {processor.py:183} INFO - Processing /home/airflow/.local/lib/python3.8/site-packages/airflow/example_dags/example_skip_dag.py took 0.071 seconds
[2024-07-02T09:11:38.104+0000] {processor.py:161} INFO - Started process (PID=876) to work on /home/airflow/.local/lib/python3.8/site-packages/airflow/example_dags/example_skip_dag.py
[2024-07-02T09:11:38.109+0000] {processor.py:830} INFO - Processing file /home/airflow/.local/lib/python3.8/site-packages/airflow/example_dags/example_skip_dag.py for tasks to queue
[2024-07-02T09:11:38.114+0000] {logging_mixin.py:188} INFO - [2024-07-02T09:11:38.113+0000] {dagbag.py:538} INFO - Filling up the DagBag from /home/airflow/.local/lib/python3.8/site-packages/airflow/example_dags/example_skip_dag.py
[2024-07-02T09:11:38.128+0000] {processor.py:840} INFO - DAG(s) 'example_skip_dag' retrieved from /home/airflow/.local/lib/python3.8/site-packages/airflow/example_dags/example_skip_dag.py
[2024-07-02T09:11:38.167+0000] {logging_mixin.py:188} INFO - [2024-07-02T09:11:38.167+0000] {dag.py:3033} INFO - Sync 1 DAGs
[2024-07-02T09:11:38.209+0000] {logging_mixin.py:188} INFO - [2024-07-02T09:11:38.209+0000] {dag.py:3820} INFO - Setting next_dagrun for example_skip_dag to 2024-07-01T00:00:00+00:00, run_after=2024-07-02T00:00:00+00:00
[2024-07-02T09:11:38.241+0000] {processor.py:183} INFO - Processing /home/airflow/.local/lib/python3.8/site-packages/airflow/example_dags/example_skip_dag.py took 0.143 seconds
[2024-07-02T09:12:08.931+0000] {processor.py:161} INFO - Started process (PID=931) to work on /home/airflow/.local/lib/python3.8/site-packages/airflow/example_dags/example_skip_dag.py
[2024-07-02T09:12:08.936+0000] {processor.py:830} INFO - Processing file /home/airflow/.local/lib/python3.8/site-packages/airflow/example_dags/example_skip_dag.py for tasks to queue
[2024-07-02T09:12:08.938+0000] {logging_mixin.py:188} INFO - [2024-07-02T09:12:08.937+0000] {dagbag.py:538} INFO - Filling up the DagBag from /home/airflow/.local/lib/python3.8/site-packages/airflow/example_dags/example_skip_dag.py
[2024-07-02T09:12:08.944+0000] {processor.py:840} INFO - DAG(s) 'example_skip_dag' retrieved from /home/airflow/.local/lib/python3.8/site-packages/airflow/example_dags/example_skip_dag.py
[2024-07-02T09:12:08.972+0000] {logging_mixin.py:188} INFO - [2024-07-02T09:12:08.971+0000] {dag.py:3033} INFO - Sync 1 DAGs
[2024-07-02T09:12:08.998+0000] {logging_mixin.py:188} INFO - [2024-07-02T09:12:08.997+0000] {dag.py:3820} INFO - Setting next_dagrun for example_skip_dag to 2024-07-01T00:00:00+00:00, run_after=2024-07-02T00:00:00+00:00
[2024-07-02T09:12:09.016+0000] {processor.py:183} INFO - Processing /home/airflow/.local/lib/python3.8/site-packages/airflow/example_dags/example_skip_dag.py took 0.089 seconds
[2024-07-02T09:12:39.122+0000] {processor.py:161} INFO - Started process (PID=986) to work on /home/airflow/.local/lib/python3.8/site-packages/airflow/example_dags/example_skip_dag.py
[2024-07-02T09:12:39.123+0000] {processor.py:830} INFO - Processing file /home/airflow/.local/lib/python3.8/site-packages/airflow/example_dags/example_skip_dag.py for tasks to queue
[2024-07-02T09:12:39.125+0000] {logging_mixin.py:188} INFO - [2024-07-02T09:12:39.124+0000] {dagbag.py:538} INFO - Filling up the DagBag from /home/airflow/.local/lib/python3.8/site-packages/airflow/example_dags/example_skip_dag.py
[2024-07-02T09:12:39.131+0000] {processor.py:840} INFO - DAG(s) 'example_skip_dag' retrieved from /home/airflow/.local/lib/python3.8/site-packages/airflow/example_dags/example_skip_dag.py
[2024-07-02T09:12:39.149+0000] {logging_mixin.py:188} INFO - [2024-07-02T09:12:39.149+0000] {dag.py:3033} INFO - Sync 1 DAGs
[2024-07-02T09:12:39.169+0000] {logging_mixin.py:188} INFO - [2024-07-02T09:12:39.169+0000] {dag.py:3820} INFO - Setting next_dagrun for example_skip_dag to 2024-07-01T00:00:00+00:00, run_after=2024-07-02T00:00:00+00:00
[2024-07-02T09:12:39.187+0000] {processor.py:183} INFO - Processing /home/airflow/.local/lib/python3.8/site-packages/airflow/example_dags/example_skip_dag.py took 0.069 seconds
[2024-07-02T09:13:09.879+0000] {processor.py:161} INFO - Started process (PID=1041) to work on /home/airflow/.local/lib/python3.8/site-packages/airflow/example_dags/example_skip_dag.py
[2024-07-02T09:13:09.880+0000] {processor.py:830} INFO - Processing file /home/airflow/.local/lib/python3.8/site-packages/airflow/example_dags/example_skip_dag.py for tasks to queue
[2024-07-02T09:13:09.882+0000] {logging_mixin.py:188} INFO - [2024-07-02T09:13:09.882+0000] {dagbag.py:538} INFO - Filling up the DagBag from /home/airflow/.local/lib/python3.8/site-packages/airflow/example_dags/example_skip_dag.py
[2024-07-02T09:13:09.887+0000] {processor.py:840} INFO - DAG(s) 'example_skip_dag' retrieved from /home/airflow/.local/lib/python3.8/site-packages/airflow/example_dags/example_skip_dag.py
[2024-07-02T09:13:09.906+0000] {logging_mixin.py:188} INFO - [2024-07-02T09:13:09.906+0000] {dag.py:3033} INFO - Sync 1 DAGs
[2024-07-02T09:13:09.925+0000] {logging_mixin.py:188} INFO - [2024-07-02T09:13:09.924+0000] {dag.py:3820} INFO - Setting next_dagrun for example_skip_dag to 2024-07-01T00:00:00+00:00, run_after=2024-07-02T00:00:00+00:00
[2024-07-02T09:13:09.940+0000] {processor.py:183} INFO - Processing /home/airflow/.local/lib/python3.8/site-packages/airflow/example_dags/example_skip_dag.py took 0.063 seconds
[2024-07-02T09:13:40.352+0000] {processor.py:161} INFO - Started process (PID=1096) to work on /home/airflow/.local/lib/python3.8/site-packages/airflow/example_dags/example_skip_dag.py
[2024-07-02T09:13:40.352+0000] {processor.py:830} INFO - Processing file /home/airflow/.local/lib/python3.8/site-packages/airflow/example_dags/example_skip_dag.py for tasks to queue
[2024-07-02T09:13:40.354+0000] {logging_mixin.py:188} INFO - [2024-07-02T09:13:40.354+0000] {dagbag.py:538} INFO - Filling up the DagBag from /home/airflow/.local/lib/python3.8/site-packages/airflow/example_dags/example_skip_dag.py
[2024-07-02T09:13:40.362+0000] {processor.py:840} INFO - DAG(s) 'example_skip_dag' retrieved from /home/airflow/.local/lib/python3.8/site-packages/airflow/example_dags/example_skip_dag.py
[2024-07-02T09:13:40.388+0000] {logging_mixin.py:188} INFO - [2024-07-02T09:13:40.388+0000] {dag.py:3033} INFO - Sync 1 DAGs
[2024-07-02T09:13:40.414+0000] {logging_mixin.py:188} INFO - [2024-07-02T09:13:40.414+0000] {dag.py:3820} INFO - Setting next_dagrun for example_skip_dag to 2024-07-01T00:00:00+00:00, run_after=2024-07-02T00:00:00+00:00
[2024-07-02T09:13:40.433+0000] {processor.py:183} INFO - Processing /home/airflow/.local/lib/python3.8/site-packages/airflow/example_dags/example_skip_dag.py took 0.085 seconds
[2024-07-02T09:14:10.876+0000] {processor.py:161} INFO - Started process (PID=1151) to work on /home/airflow/.local/lib/python3.8/site-packages/airflow/example_dags/example_skip_dag.py
[2024-07-02T09:14:10.876+0000] {processor.py:830} INFO - Processing file /home/airflow/.local/lib/python3.8/site-packages/airflow/example_dags/example_skip_dag.py for tasks to queue
[2024-07-02T09:14:10.878+0000] {logging_mixin.py:188} INFO - [2024-07-02T09:14:10.878+0000] {dagbag.py:538} INFO - Filling up the DagBag from /home/airflow/.local/lib/python3.8/site-packages/airflow/example_dags/example_skip_dag.py
[2024-07-02T09:14:10.883+0000] {processor.py:840} INFO - DAG(s) 'example_skip_dag' retrieved from /home/airflow/.local/lib/python3.8/site-packages/airflow/example_dags/example_skip_dag.py
[2024-07-02T09:14:10.903+0000] {logging_mixin.py:188} INFO - [2024-07-02T09:14:10.903+0000] {dag.py:3033} INFO - Sync 1 DAGs
[2024-07-02T09:14:10.924+0000] {logging_mixin.py:188} INFO - [2024-07-02T09:14:10.924+0000] {dag.py:3820} INFO - Setting next_dagrun for example_skip_dag to 2024-07-01T00:00:00+00:00, run_after=2024-07-02T00:00:00+00:00
[2024-07-02T09:14:10.942+0000] {processor.py:183} INFO - Processing /home/airflow/.local/lib/python3.8/site-packages/airflow/example_dags/example_skip_dag.py took 0.069 seconds
[2024-07-02T09:14:41.321+0000] {processor.py:161} INFO - Started process (PID=1206) to work on /home/airflow/.local/lib/python3.8/site-packages/airflow/example_dags/example_skip_dag.py
[2024-07-02T09:14:41.325+0000] {processor.py:830} INFO - Processing file /home/airflow/.local/lib/python3.8/site-packages/airflow/example_dags/example_skip_dag.py for tasks to queue
[2024-07-02T09:14:41.327+0000] {logging_mixin.py:188} INFO - [2024-07-02T09:14:41.327+0000] {dagbag.py:538} INFO - Filling up the DagBag from /home/airflow/.local/lib/python3.8/site-packages/airflow/example_dags/example_skip_dag.py
[2024-07-02T09:14:41.333+0000] {processor.py:840} INFO - DAG(s) 'example_skip_dag' retrieved from /home/airflow/.local/lib/python3.8/site-packages/airflow/example_dags/example_skip_dag.py
[2024-07-02T09:14:41.353+0000] {logging_mixin.py:188} INFO - [2024-07-02T09:14:41.353+0000] {dag.py:3033} INFO - Sync 1 DAGs
[2024-07-02T09:14:41.374+0000] {logging_mixin.py:188} INFO - [2024-07-02T09:14:41.373+0000] {dag.py:3820} INFO - Setting next_dagrun for example_skip_dag to 2024-07-01T00:00:00+00:00, run_after=2024-07-02T00:00:00+00:00
[2024-07-02T09:14:41.393+0000] {processor.py:183} INFO - Processing /home/airflow/.local/lib/python3.8/site-packages/airflow/example_dags/example_skip_dag.py took 0.075 seconds
[2024-07-02T09:15:11.890+0000] {processor.py:161} INFO - Started process (PID=1261) to work on /home/airflow/.local/lib/python3.8/site-packages/airflow/example_dags/example_skip_dag.py
[2024-07-02T09:15:11.894+0000] {processor.py:830} INFO - Processing file /home/airflow/.local/lib/python3.8/site-packages/airflow/example_dags/example_skip_dag.py for tasks to queue
[2024-07-02T09:15:11.896+0000] {logging_mixin.py:188} INFO - [2024-07-02T09:15:11.895+0000] {dagbag.py:538} INFO - Filling up the DagBag from /home/airflow/.local/lib/python3.8/site-packages/airflow/example_dags/example_skip_dag.py
[2024-07-02T09:15:11.902+0000] {processor.py:840} INFO - DAG(s) 'example_skip_dag' retrieved from /home/airflow/.local/lib/python3.8/site-packages/airflow/example_dags/example_skip_dag.py
[2024-07-02T09:15:11.928+0000] {logging_mixin.py:188} INFO - [2024-07-02T09:15:11.928+0000] {dag.py:3033} INFO - Sync 1 DAGs
[2024-07-02T09:15:11.953+0000] {logging_mixin.py:188} INFO - [2024-07-02T09:15:11.953+0000] {dag.py:3820} INFO - Setting next_dagrun for example_skip_dag to 2024-07-01T00:00:00+00:00, run_after=2024-07-02T00:00:00+00:00
[2024-07-02T09:15:11.972+0000] {processor.py:183} INFO - Processing /home/airflow/.local/lib/python3.8/site-packages/airflow/example_dags/example_skip_dag.py took 0.084 seconds
[2024-07-02T09:15:42.306+0000] {processor.py:161} INFO - Started process (PID=1316) to work on /home/airflow/.local/lib/python3.8/site-packages/airflow/example_dags/example_skip_dag.py
[2024-07-02T09:15:42.307+0000] {processor.py:830} INFO - Processing file /home/airflow/.local/lib/python3.8/site-packages/airflow/example_dags/example_skip_dag.py for tasks to queue
[2024-07-02T09:15:42.309+0000] {logging_mixin.py:188} INFO - [2024-07-02T09:15:42.309+0000] {dagbag.py:538} INFO - Filling up the DagBag from /home/airflow/.local/lib/python3.8/site-packages/airflow/example_dags/example_skip_dag.py
[2024-07-02T09:15:42.314+0000] {processor.py:840} INFO - DAG(s) 'example_skip_dag' retrieved from /home/airflow/.local/lib/python3.8/site-packages/airflow/example_dags/example_skip_dag.py
[2024-07-02T09:15:42.339+0000] {logging_mixin.py:188} INFO - [2024-07-02T09:15:42.338+0000] {dag.py:3033} INFO - Sync 1 DAGs
[2024-07-02T09:15:42.362+0000] {logging_mixin.py:188} INFO - [2024-07-02T09:15:42.362+0000] {dag.py:3820} INFO - Setting next_dagrun for example_skip_dag to 2024-07-01T00:00:00+00:00, run_after=2024-07-02T00:00:00+00:00
[2024-07-02T09:15:42.380+0000] {processor.py:183} INFO - Processing /home/airflow/.local/lib/python3.8/site-packages/airflow/example_dags/example_skip_dag.py took 0.076 seconds
[2024-07-02T09:16:12.965+0000] {processor.py:161} INFO - Started process (PID=1370) to work on /home/airflow/.local/lib/python3.8/site-packages/airflow/example_dags/example_skip_dag.py
[2024-07-02T09:16:12.965+0000] {processor.py:830} INFO - Processing file /home/airflow/.local/lib/python3.8/site-packages/airflow/example_dags/example_skip_dag.py for tasks to queue
[2024-07-02T09:16:12.967+0000] {logging_mixin.py:188} INFO - [2024-07-02T09:16:12.967+0000] {dagbag.py:538} INFO - Filling up the DagBag from /home/airflow/.local/lib/python3.8/site-packages/airflow/example_dags/example_skip_dag.py
[2024-07-02T09:16:12.974+0000] {processor.py:840} INFO - DAG(s) 'example_skip_dag' retrieved from /home/airflow/.local/lib/python3.8/site-packages/airflow/example_dags/example_skip_dag.py
[2024-07-02T09:16:13.000+0000] {logging_mixin.py:188} INFO - [2024-07-02T09:16:13.000+0000] {dag.py:3033} INFO - Sync 1 DAGs
[2024-07-02T09:16:13.026+0000] {logging_mixin.py:188} INFO - [2024-07-02T09:16:13.026+0000] {dag.py:3820} INFO - Setting next_dagrun for example_skip_dag to 2024-07-01T00:00:00+00:00, run_after=2024-07-02T00:00:00+00:00
[2024-07-02T09:16:13.046+0000] {processor.py:183} INFO - Processing /home/airflow/.local/lib/python3.8/site-packages/airflow/example_dags/example_skip_dag.py took 0.085 seconds
[2024-07-02T09:16:43.546+0000] {processor.py:161} INFO - Started process (PID=1425) to work on /home/airflow/.local/lib/python3.8/site-packages/airflow/example_dags/example_skip_dag.py
[2024-07-02T09:16:43.547+0000] {processor.py:830} INFO - Processing file /home/airflow/.local/lib/python3.8/site-packages/airflow/example_dags/example_skip_dag.py for tasks to queue
[2024-07-02T09:16:43.549+0000] {logging_mixin.py:188} INFO - [2024-07-02T09:16:43.548+0000] {dagbag.py:538} INFO - Filling up the DagBag from /home/airflow/.local/lib/python3.8/site-packages/airflow/example_dags/example_skip_dag.py
[2024-07-02T09:16:43.555+0000] {processor.py:840} INFO - DAG(s) 'example_skip_dag' retrieved from /home/airflow/.local/lib/python3.8/site-packages/airflow/example_dags/example_skip_dag.py
[2024-07-02T09:16:43.575+0000] {logging_mixin.py:188} INFO - [2024-07-02T09:16:43.575+0000] {dag.py:3033} INFO - Sync 1 DAGs
[2024-07-02T09:16:43.600+0000] {logging_mixin.py:188} INFO - [2024-07-02T09:16:43.600+0000] {dag.py:3820} INFO - Setting next_dagrun for example_skip_dag to 2024-07-01T00:00:00+00:00, run_after=2024-07-02T00:00:00+00:00
[2024-07-02T09:16:43.616+0000] {processor.py:183} INFO - Processing /home/airflow/.local/lib/python3.8/site-packages/airflow/example_dags/example_skip_dag.py took 0.072 seconds
[2024-07-02T09:17:14.053+0000] {processor.py:161} INFO - Started process (PID=1480) to work on /home/airflow/.local/lib/python3.8/site-packages/airflow/example_dags/example_skip_dag.py
[2024-07-02T09:17:14.059+0000] {processor.py:830} INFO - Processing file /home/airflow/.local/lib/python3.8/site-packages/airflow/example_dags/example_skip_dag.py for tasks to queue
[2024-07-02T09:17:14.061+0000] {logging_mixin.py:188} INFO - [2024-07-02T09:17:14.061+0000] {dagbag.py:538} INFO - Filling up the DagBag from /home/airflow/.local/lib/python3.8/site-packages/airflow/example_dags/example_skip_dag.py
[2024-07-02T09:17:14.068+0000] {processor.py:840} INFO - DAG(s) 'example_skip_dag' retrieved from /home/airflow/.local/lib/python3.8/site-packages/airflow/example_dags/example_skip_dag.py
[2024-07-02T09:17:14.093+0000] {logging_mixin.py:188} INFO - [2024-07-02T09:17:14.093+0000] {dag.py:3033} INFO - Sync 1 DAGs
[2024-07-02T09:17:14.112+0000] {logging_mixin.py:188} INFO - [2024-07-02T09:17:14.112+0000] {dag.py:3820} INFO - Setting next_dagrun for example_skip_dag to 2024-07-01T00:00:00+00:00, run_after=2024-07-02T00:00:00+00:00
[2024-07-02T09:17:14.132+0000] {processor.py:183} INFO - Processing /home/airflow/.local/lib/python3.8/site-packages/airflow/example_dags/example_skip_dag.py took 0.081 seconds
[2024-07-02T09:17:44.489+0000] {processor.py:161} INFO - Started process (PID=1536) to work on /home/airflow/.local/lib/python3.8/site-packages/airflow/example_dags/example_skip_dag.py
[2024-07-02T09:17:44.490+0000] {processor.py:830} INFO - Processing file /home/airflow/.local/lib/python3.8/site-packages/airflow/example_dags/example_skip_dag.py for tasks to queue
[2024-07-02T09:17:44.492+0000] {logging_mixin.py:188} INFO - [2024-07-02T09:17:44.491+0000] {dagbag.py:538} INFO - Filling up the DagBag from /home/airflow/.local/lib/python3.8/site-packages/airflow/example_dags/example_skip_dag.py
[2024-07-02T09:17:44.497+0000] {processor.py:840} INFO - DAG(s) 'example_skip_dag' retrieved from /home/airflow/.local/lib/python3.8/site-packages/airflow/example_dags/example_skip_dag.py
[2024-07-02T09:17:44.518+0000] {logging_mixin.py:188} INFO - [2024-07-02T09:17:44.518+0000] {dag.py:3033} INFO - Sync 1 DAGs
[2024-07-02T09:17:44.538+0000] {logging_mixin.py:188} INFO - [2024-07-02T09:17:44.537+0000] {dag.py:3820} INFO - Setting next_dagrun for example_skip_dag to 2024-07-01T00:00:00+00:00, run_after=2024-07-02T00:00:00+00:00
[2024-07-02T09:17:44.553+0000] {processor.py:183} INFO - Processing /home/airflow/.local/lib/python3.8/site-packages/airflow/example_dags/example_skip_dag.py took 0.067 seconds
[2024-07-02T09:18:15.023+0000] {processor.py:161} INFO - Started process (PID=1591) to work on /home/airflow/.local/lib/python3.8/site-packages/airflow/example_dags/example_skip_dag.py
[2024-07-02T09:18:15.024+0000] {processor.py:830} INFO - Processing file /home/airflow/.local/lib/python3.8/site-packages/airflow/example_dags/example_skip_dag.py for tasks to queue
[2024-07-02T09:18:15.026+0000] {logging_mixin.py:188} INFO - [2024-07-02T09:18:15.026+0000] {dagbag.py:538} INFO - Filling up the DagBag from /home/airflow/.local/lib/python3.8/site-packages/airflow/example_dags/example_skip_dag.py
[2024-07-02T09:18:15.032+0000] {processor.py:840} INFO - DAG(s) 'example_skip_dag' retrieved from /home/airflow/.local/lib/python3.8/site-packages/airflow/example_dags/example_skip_dag.py
[2024-07-02T09:18:15.054+0000] {logging_mixin.py:188} INFO - [2024-07-02T09:18:15.053+0000] {dag.py:3033} INFO - Sync 1 DAGs
[2024-07-02T09:18:15.074+0000] {logging_mixin.py:188} INFO - [2024-07-02T09:18:15.074+0000] {dag.py:3820} INFO - Setting next_dagrun for example_skip_dag to 2024-07-01T00:00:00+00:00, run_after=2024-07-02T00:00:00+00:00
[2024-07-02T09:18:15.093+0000] {processor.py:183} INFO - Processing /home/airflow/.local/lib/python3.8/site-packages/airflow/example_dags/example_skip_dag.py took 0.073 seconds
[2024-07-02T09:18:45.446+0000] {processor.py:161} INFO - Started process (PID=1646) to work on /home/airflow/.local/lib/python3.8/site-packages/airflow/example_dags/example_skip_dag.py
[2024-07-02T09:18:45.449+0000] {processor.py:830} INFO - Processing file /home/airflow/.local/lib/python3.8/site-packages/airflow/example_dags/example_skip_dag.py for tasks to queue
[2024-07-02T09:18:45.451+0000] {logging_mixin.py:188} INFO - [2024-07-02T09:18:45.451+0000] {dagbag.py:538} INFO - Filling up the DagBag from /home/airflow/.local/lib/python3.8/site-packages/airflow/example_dags/example_skip_dag.py
[2024-07-02T09:18:45.458+0000] {processor.py:840} INFO - DAG(s) 'example_skip_dag' retrieved from /home/airflow/.local/lib/python3.8/site-packages/airflow/example_dags/example_skip_dag.py
[2024-07-02T09:18:45.480+0000] {logging_mixin.py:188} INFO - [2024-07-02T09:18:45.480+0000] {dag.py:3033} INFO - Sync 1 DAGs
[2024-07-02T09:18:45.500+0000] {logging_mixin.py:188} INFO - [2024-07-02T09:18:45.500+0000] {dag.py:3820} INFO - Setting next_dagrun for example_skip_dag to 2024-07-01T00:00:00+00:00, run_after=2024-07-02T00:00:00+00:00
[2024-07-02T09:18:45.517+0000] {processor.py:183} INFO - Processing /home/airflow/.local/lib/python3.8/site-packages/airflow/example_dags/example_skip_dag.py took 0.075 seconds
[2024-07-02T09:19:15.874+0000] {processor.py:161} INFO - Started process (PID=1701) to work on /home/airflow/.local/lib/python3.8/site-packages/airflow/example_dags/example_skip_dag.py
[2024-07-02T09:19:15.877+0000] {processor.py:830} INFO - Processing file /home/airflow/.local/lib/python3.8/site-packages/airflow/example_dags/example_skip_dag.py for tasks to queue
[2024-07-02T09:19:15.880+0000] {logging_mixin.py:188} INFO - [2024-07-02T09:19:15.879+0000] {dagbag.py:538} INFO - Filling up the DagBag from /home/airflow/.local/lib/python3.8/site-packages/airflow/example_dags/example_skip_dag.py
[2024-07-02T09:19:15.887+0000] {processor.py:840} INFO - DAG(s) 'example_skip_dag' retrieved from /home/airflow/.local/lib/python3.8/site-packages/airflow/example_dags/example_skip_dag.py
[2024-07-02T09:19:15.910+0000] {logging_mixin.py:188} INFO - [2024-07-02T09:19:15.909+0000] {dag.py:3033} INFO - Sync 1 DAGs
[2024-07-02T09:19:15.931+0000] {logging_mixin.py:188} INFO - [2024-07-02T09:19:15.931+0000] {dag.py:3820} INFO - Setting next_dagrun for example_skip_dag to 2024-07-01T00:00:00+00:00, run_after=2024-07-02T00:00:00+00:00
[2024-07-02T09:19:15.948+0000] {processor.py:183} INFO - Processing /home/airflow/.local/lib/python3.8/site-packages/airflow/example_dags/example_skip_dag.py took 0.077 seconds
[2024-07-02T09:19:46.074+0000] {processor.py:161} INFO - Started process (PID=1755) to work on /home/airflow/.local/lib/python3.8/site-packages/airflow/example_dags/example_skip_dag.py
[2024-07-02T09:19:46.075+0000] {processor.py:830} INFO - Processing file /home/airflow/.local/lib/python3.8/site-packages/airflow/example_dags/example_skip_dag.py for tasks to queue
[2024-07-02T09:19:46.077+0000] {logging_mixin.py:188} INFO - [2024-07-02T09:19:46.076+0000] {dagbag.py:538} INFO - Filling up the DagBag from /home/airflow/.local/lib/python3.8/site-packages/airflow/example_dags/example_skip_dag.py
[2024-07-02T09:19:46.083+0000] {processor.py:840} INFO - DAG(s) 'example_skip_dag' retrieved from /home/airflow/.local/lib/python3.8/site-packages/airflow/example_dags/example_skip_dag.py
[2024-07-02T09:19:46.104+0000] {logging_mixin.py:188} INFO - [2024-07-02T09:19:46.104+0000] {dag.py:3033} INFO - Sync 1 DAGs
[2024-07-02T09:19:46.128+0000] {logging_mixin.py:188} INFO - [2024-07-02T09:19:46.127+0000] {dag.py:3820} INFO - Setting next_dagrun for example_skip_dag to 2024-07-01T00:00:00+00:00, run_after=2024-07-02T00:00:00+00:00
[2024-07-02T09:19:46.150+0000] {processor.py:183} INFO - Processing /home/airflow/.local/lib/python3.8/site-packages/airflow/example_dags/example_skip_dag.py took 0.078 seconds
[2024-07-02T09:20:16.733+0000] {processor.py:161} INFO - Started process (PID=1809) to work on /home/airflow/.local/lib/python3.8/site-packages/airflow/example_dags/example_skip_dag.py
[2024-07-02T09:20:16.733+0000] {processor.py:830} INFO - Processing file /home/airflow/.local/lib/python3.8/site-packages/airflow/example_dags/example_skip_dag.py for tasks to queue
[2024-07-02T09:20:16.735+0000] {logging_mixin.py:188} INFO - [2024-07-02T09:20:16.735+0000] {dagbag.py:538} INFO - Filling up the DagBag from /home/airflow/.local/lib/python3.8/site-packages/airflow/example_dags/example_skip_dag.py
[2024-07-02T09:20:16.740+0000] {processor.py:840} INFO - DAG(s) 'example_skip_dag' retrieved from /home/airflow/.local/lib/python3.8/site-packages/airflow/example_dags/example_skip_dag.py
[2024-07-02T09:20:16.765+0000] {logging_mixin.py:188} INFO - [2024-07-02T09:20:16.764+0000] {dag.py:3033} INFO - Sync 1 DAGs
[2024-07-02T09:20:16.792+0000] {logging_mixin.py:188} INFO - [2024-07-02T09:20:16.792+0000] {dag.py:3820} INFO - Setting next_dagrun for example_skip_dag to 2024-07-01T00:00:00+00:00, run_after=2024-07-02T00:00:00+00:00
[2024-07-02T09:20:16.814+0000] {processor.py:183} INFO - Processing /home/airflow/.local/lib/python3.8/site-packages/airflow/example_dags/example_skip_dag.py took 0.084 seconds
[2024-07-02T09:20:47.379+0000] {processor.py:161} INFO - Started process (PID=1864) to work on /home/airflow/.local/lib/python3.8/site-packages/airflow/example_dags/example_skip_dag.py
[2024-07-02T09:20:47.380+0000] {processor.py:830} INFO - Processing file /home/airflow/.local/lib/python3.8/site-packages/airflow/example_dags/example_skip_dag.py for tasks to queue
[2024-07-02T09:20:47.382+0000] {logging_mixin.py:188} INFO - [2024-07-02T09:20:47.382+0000] {dagbag.py:538} INFO - Filling up the DagBag from /home/airflow/.local/lib/python3.8/site-packages/airflow/example_dags/example_skip_dag.py
[2024-07-02T09:20:47.389+0000] {processor.py:840} INFO - DAG(s) 'example_skip_dag' retrieved from /home/airflow/.local/lib/python3.8/site-packages/airflow/example_dags/example_skip_dag.py
[2024-07-02T09:20:47.413+0000] {logging_mixin.py:188} INFO - [2024-07-02T09:20:47.412+0000] {dag.py:3033} INFO - Sync 1 DAGs
[2024-07-02T09:20:47.433+0000] {logging_mixin.py:188} INFO - [2024-07-02T09:20:47.433+0000] {dag.py:3820} INFO - Setting next_dagrun for example_skip_dag to 2024-07-01T00:00:00+00:00, run_after=2024-07-02T00:00:00+00:00
[2024-07-02T09:20:47.454+0000] {processor.py:183} INFO - Processing /home/airflow/.local/lib/python3.8/site-packages/airflow/example_dags/example_skip_dag.py took 0.078 seconds
[2024-07-02T09:21:18.395+0000] {processor.py:161} INFO - Started process (PID=1919) to work on /home/airflow/.local/lib/python3.8/site-packages/airflow/example_dags/example_skip_dag.py
[2024-07-02T09:21:18.396+0000] {processor.py:830} INFO - Processing file /home/airflow/.local/lib/python3.8/site-packages/airflow/example_dags/example_skip_dag.py for tasks to queue
[2024-07-02T09:21:18.398+0000] {logging_mixin.py:188} INFO - [2024-07-02T09:21:18.398+0000] {dagbag.py:538} INFO - Filling up the DagBag from /home/airflow/.local/lib/python3.8/site-packages/airflow/example_dags/example_skip_dag.py
[2024-07-02T09:21:18.403+0000] {processor.py:840} INFO - DAG(s) 'example_skip_dag' retrieved from /home/airflow/.local/lib/python3.8/site-packages/airflow/example_dags/example_skip_dag.py
[2024-07-02T09:21:18.422+0000] {logging_mixin.py:188} INFO - [2024-07-02T09:21:18.422+0000] {dag.py:3033} INFO - Sync 1 DAGs
[2024-07-02T09:21:18.440+0000] {logging_mixin.py:188} INFO - [2024-07-02T09:21:18.440+0000] {dag.py:3820} INFO - Setting next_dagrun for example_skip_dag to 2024-07-01T00:00:00+00:00, run_after=2024-07-02T00:00:00+00:00
[2024-07-02T09:21:18.464+0000] {processor.py:183} INFO - Processing /home/airflow/.local/lib/python3.8/site-packages/airflow/example_dags/example_skip_dag.py took 0.071 seconds
[2024-07-02T09:21:48.866+0000] {processor.py:161} INFO - Started process (PID=1973) to work on /home/airflow/.local/lib/python3.8/site-packages/airflow/example_dags/example_skip_dag.py
[2024-07-02T09:21:48.869+0000] {processor.py:830} INFO - Processing file /home/airflow/.local/lib/python3.8/site-packages/airflow/example_dags/example_skip_dag.py for tasks to queue
[2024-07-02T09:21:48.871+0000] {logging_mixin.py:188} INFO - [2024-07-02T09:21:48.871+0000] {dagbag.py:538} INFO - Filling up the DagBag from /home/airflow/.local/lib/python3.8/site-packages/airflow/example_dags/example_skip_dag.py
[2024-07-02T09:21:48.877+0000] {processor.py:840} INFO - DAG(s) 'example_skip_dag' retrieved from /home/airflow/.local/lib/python3.8/site-packages/airflow/example_dags/example_skip_dag.py
[2024-07-02T09:21:48.901+0000] {logging_mixin.py:188} INFO - [2024-07-02T09:21:48.901+0000] {dag.py:3033} INFO - Sync 1 DAGs
[2024-07-02T09:21:48.925+0000] {logging_mixin.py:188} INFO - [2024-07-02T09:21:48.925+0000] {dag.py:3820} INFO - Setting next_dagrun for example_skip_dag to 2024-07-01T00:00:00+00:00, run_after=2024-07-02T00:00:00+00:00
[2024-07-02T09:21:48.948+0000] {processor.py:183} INFO - Processing /home/airflow/.local/lib/python3.8/site-packages/airflow/example_dags/example_skip_dag.py took 0.086 seconds
[2024-07-02T09:22:19.064+0000] {processor.py:161} INFO - Started process (PID=2028) to work on /home/airflow/.local/lib/python3.8/site-packages/airflow/example_dags/example_skip_dag.py
[2024-07-02T09:22:19.064+0000] {processor.py:830} INFO - Processing file /home/airflow/.local/lib/python3.8/site-packages/airflow/example_dags/example_skip_dag.py for tasks to queue
[2024-07-02T09:22:19.066+0000] {logging_mixin.py:188} INFO - [2024-07-02T09:22:19.066+0000] {dagbag.py:538} INFO - Filling up the DagBag from /home/airflow/.local/lib/python3.8/site-packages/airflow/example_dags/example_skip_dag.py
[2024-07-02T09:22:19.073+0000] {processor.py:840} INFO - DAG(s) 'example_skip_dag' retrieved from /home/airflow/.local/lib/python3.8/site-packages/airflow/example_dags/example_skip_dag.py
[2024-07-02T09:22:19.097+0000] {logging_mixin.py:188} INFO - [2024-07-02T09:22:19.097+0000] {dag.py:3033} INFO - Sync 1 DAGs
[2024-07-02T09:22:19.126+0000] {logging_mixin.py:188} INFO - [2024-07-02T09:22:19.125+0000] {dag.py:3820} INFO - Setting next_dagrun for example_skip_dag to 2024-07-01T00:00:00+00:00, run_after=2024-07-02T00:00:00+00:00
[2024-07-02T09:22:19.151+0000] {processor.py:183} INFO - Processing /home/airflow/.local/lib/python3.8/site-packages/airflow/example_dags/example_skip_dag.py took 0.090 seconds
[2024-07-02T09:22:49.565+0000] {processor.py:161} INFO - Started process (PID=2083) to work on /home/airflow/.local/lib/python3.8/site-packages/airflow/example_dags/example_skip_dag.py
[2024-07-02T09:22:49.566+0000] {processor.py:830} INFO - Processing file /home/airflow/.local/lib/python3.8/site-packages/airflow/example_dags/example_skip_dag.py for tasks to queue
[2024-07-02T09:22:49.569+0000] {logging_mixin.py:188} INFO - [2024-07-02T09:22:49.568+0000] {dagbag.py:538} INFO - Filling up the DagBag from /home/airflow/.local/lib/python3.8/site-packages/airflow/example_dags/example_skip_dag.py
[2024-07-02T09:22:49.576+0000] {processor.py:840} INFO - DAG(s) 'example_skip_dag' retrieved from /home/airflow/.local/lib/python3.8/site-packages/airflow/example_dags/example_skip_dag.py
[2024-07-02T09:22:49.596+0000] {logging_mixin.py:188} INFO - [2024-07-02T09:22:49.596+0000] {dag.py:3033} INFO - Sync 1 DAGs
[2024-07-02T09:22:49.618+0000] {logging_mixin.py:188} INFO - [2024-07-02T09:22:49.618+0000] {dag.py:3820} INFO - Setting next_dagrun for example_skip_dag to 2024-07-01T00:00:00+00:00, run_after=2024-07-02T00:00:00+00:00
[2024-07-02T09:22:49.643+0000] {processor.py:183} INFO - Processing /home/airflow/.local/lib/python3.8/site-packages/airflow/example_dags/example_skip_dag.py took 0.081 seconds
[2024-07-02T09:23:19.782+0000] {processor.py:161} INFO - Started process (PID=2138) to work on /home/airflow/.local/lib/python3.8/site-packages/airflow/example_dags/example_skip_dag.py
[2024-07-02T09:23:19.782+0000] {processor.py:830} INFO - Processing file /home/airflow/.local/lib/python3.8/site-packages/airflow/example_dags/example_skip_dag.py for tasks to queue
[2024-07-02T09:23:19.784+0000] {logging_mixin.py:188} INFO - [2024-07-02T09:23:19.784+0000] {dagbag.py:538} INFO - Filling up the DagBag from /home/airflow/.local/lib/python3.8/site-packages/airflow/example_dags/example_skip_dag.py
[2024-07-02T09:23:19.790+0000] {processor.py:840} INFO - DAG(s) 'example_skip_dag' retrieved from /home/airflow/.local/lib/python3.8/site-packages/airflow/example_dags/example_skip_dag.py
[2024-07-02T09:23:19.810+0000] {logging_mixin.py:188} INFO - [2024-07-02T09:23:19.810+0000] {dag.py:3033} INFO - Sync 1 DAGs
[2024-07-02T09:23:19.832+0000] {logging_mixin.py:188} INFO - [2024-07-02T09:23:19.832+0000] {dag.py:3820} INFO - Setting next_dagrun for example_skip_dag to 2024-07-01T00:00:00+00:00, run_after=2024-07-02T00:00:00+00:00
[2024-07-02T09:23:19.849+0000] {processor.py:183} INFO - Processing /home/airflow/.local/lib/python3.8/site-packages/airflow/example_dags/example_skip_dag.py took 0.070 seconds
[2024-07-02T09:23:50.414+0000] {processor.py:161} INFO - Started process (PID=2193) to work on /home/airflow/.local/lib/python3.8/site-packages/airflow/example_dags/example_skip_dag.py
[2024-07-02T09:23:50.419+0000] {processor.py:830} INFO - Processing file /home/airflow/.local/lib/python3.8/site-packages/airflow/example_dags/example_skip_dag.py for tasks to queue
[2024-07-02T09:23:50.421+0000] {logging_mixin.py:188} INFO - [2024-07-02T09:23:50.421+0000] {dagbag.py:538} INFO - Filling up the DagBag from /home/airflow/.local/lib/python3.8/site-packages/airflow/example_dags/example_skip_dag.py
[2024-07-02T09:23:50.428+0000] {processor.py:840} INFO - DAG(s) 'example_skip_dag' retrieved from /home/airflow/.local/lib/python3.8/site-packages/airflow/example_dags/example_skip_dag.py
[2024-07-02T09:23:50.453+0000] {logging_mixin.py:188} INFO - [2024-07-02T09:23:50.453+0000] {dag.py:3033} INFO - Sync 1 DAGs
[2024-07-02T09:23:50.480+0000] {logging_mixin.py:188} INFO - [2024-07-02T09:23:50.479+0000] {dag.py:3820} INFO - Setting next_dagrun for example_skip_dag to 2024-07-01T00:00:00+00:00, run_after=2024-07-02T00:00:00+00:00
[2024-07-02T09:23:50.499+0000] {processor.py:183} INFO - Processing /home/airflow/.local/lib/python3.8/site-packages/airflow/example_dags/example_skip_dag.py took 0.088 seconds
