[2024-07-02T09:03:59.051+0000] {processor.py:161} INFO - Started process (PID=45) to work on /home/airflow/.local/lib/python3.8/site-packages/airflow/example_dags/example_bash_operator.py
[2024-07-02T09:03:59.052+0000] {processor.py:830} INFO - Processing file /home/airflow/.local/lib/python3.8/site-packages/airflow/example_dags/example_bash_operator.py for tasks to queue
[2024-07-02T09:03:59.056+0000] {logging_mixin.py:188} INFO - [2024-07-02T09:03:59.055+0000] {dagbag.py:538} INFO - Filling up the DagBag from /home/airflow/.local/lib/python3.8/site-packages/airflow/example_dags/example_bash_operator.py
[2024-07-02T09:03:59.087+0000] {processor.py:840} INFO - DAG(s) 'example_bash_operator' retrieved from /home/airflow/.local/lib/python3.8/site-packages/airflow/example_dags/example_bash_operator.py
[2024-07-02T09:03:59.305+0000] {logging_mixin.py:188} INFO - [2024-07-02T09:03:59.303+0000] {override.py:1769} INFO - Created Permission View: can edit on DAG:example_bash_operator
[2024-07-02T09:03:59.331+0000] {logging_mixin.py:188} INFO - [2024-07-02T09:03:59.330+0000] {override.py:1769} INFO - Created Permission View: can delete on DAG:example_bash_operator
[2024-07-02T09:03:59.346+0000] {logging_mixin.py:188} INFO - [2024-07-02T09:03:59.345+0000] {override.py:1769} INFO - Created Permission View: can read on DAG:example_bash_operator
[2024-07-02T09:03:59.347+0000] {logging_mixin.py:188} INFO - [2024-07-02T09:03:59.346+0000] {dag.py:3033} INFO - Sync 1 DAGs
[2024-07-02T09:03:59.375+0000] {logging_mixin.py:188} INFO - [2024-07-02T09:03:59.375+0000] {dag.py:3055} INFO - Creating ORM DAG for example_bash_operator
[2024-07-02T09:03:59.441+0000] {logging_mixin.py:188} INFO - [2024-07-02T09:03:59.440+0000] {dag.py:3820} INFO - Setting next_dagrun for example_bash_operator to 2024-07-01T00:00:00+00:00, run_after=2024-07-02T00:00:00+00:00
[2024-07-02T09:03:59.477+0000] {processor.py:183} INFO - Processing /home/airflow/.local/lib/python3.8/site-packages/airflow/example_dags/example_bash_operator.py took 0.431 seconds
[2024-07-02T09:04:29.517+0000] {processor.py:161} INFO - Started process (PID=100) to work on /home/airflow/.local/lib/python3.8/site-packages/airflow/example_dags/example_bash_operator.py
[2024-07-02T09:04:29.518+0000] {processor.py:830} INFO - Processing file /home/airflow/.local/lib/python3.8/site-packages/airflow/example_dags/example_bash_operator.py for tasks to queue
[2024-07-02T09:04:29.520+0000] {logging_mixin.py:188} INFO - [2024-07-02T09:04:29.520+0000] {dagbag.py:538} INFO - Filling up the DagBag from /home/airflow/.local/lib/python3.8/site-packages/airflow/example_dags/example_bash_operator.py
[2024-07-02T09:04:29.534+0000] {processor.py:840} INFO - DAG(s) 'example_bash_operator' retrieved from /home/airflow/.local/lib/python3.8/site-packages/airflow/example_dags/example_bash_operator.py
[2024-07-02T09:04:29.568+0000] {logging_mixin.py:188} INFO - [2024-07-02T09:04:29.568+0000] {dag.py:3033} INFO - Sync 1 DAGs
[2024-07-02T09:04:29.593+0000] {logging_mixin.py:188} INFO - [2024-07-02T09:04:29.592+0000] {dag.py:3820} INFO - Setting next_dagrun for example_bash_operator to 2024-07-01T00:00:00+00:00, run_after=2024-07-02T00:00:00+00:00
[2024-07-02T09:04:29.611+0000] {processor.py:183} INFO - Processing /home/airflow/.local/lib/python3.8/site-packages/airflow/example_dags/example_bash_operator.py took 0.096 seconds
[2024-07-02T09:04:59.906+0000] {processor.py:161} INFO - Started process (PID=155) to work on /home/airflow/.local/lib/python3.8/site-packages/airflow/example_dags/example_bash_operator.py
[2024-07-02T09:04:59.907+0000] {processor.py:830} INFO - Processing file /home/airflow/.local/lib/python3.8/site-packages/airflow/example_dags/example_bash_operator.py for tasks to queue
[2024-07-02T09:04:59.910+0000] {logging_mixin.py:188} INFO - [2024-07-02T09:04:59.909+0000] {dagbag.py:538} INFO - Filling up the DagBag from /home/airflow/.local/lib/python3.8/site-packages/airflow/example_dags/example_bash_operator.py
[2024-07-02T09:04:59.926+0000] {processor.py:840} INFO - DAG(s) 'example_bash_operator' retrieved from /home/airflow/.local/lib/python3.8/site-packages/airflow/example_dags/example_bash_operator.py
[2024-07-02T09:04:59.963+0000] {logging_mixin.py:188} INFO - [2024-07-02T09:04:59.962+0000] {dag.py:3033} INFO - Sync 1 DAGs
[2024-07-02T09:04:59.987+0000] {logging_mixin.py:188} INFO - [2024-07-02T09:04:59.987+0000] {dag.py:3820} INFO - Setting next_dagrun for example_bash_operator to 2024-07-01T00:00:00+00:00, run_after=2024-07-02T00:00:00+00:00
[2024-07-02T09:05:00.006+0000] {processor.py:183} INFO - Processing /home/airflow/.local/lib/python3.8/site-packages/airflow/example_dags/example_bash_operator.py took 0.104 seconds
[2024-07-02T09:05:30.116+0000] {processor.py:161} INFO - Started process (PID=210) to work on /home/airflow/.local/lib/python3.8/site-packages/airflow/example_dags/example_bash_operator.py
[2024-07-02T09:05:30.122+0000] {processor.py:830} INFO - Processing file /home/airflow/.local/lib/python3.8/site-packages/airflow/example_dags/example_bash_operator.py for tasks to queue
[2024-07-02T09:05:30.124+0000] {logging_mixin.py:188} INFO - [2024-07-02T09:05:30.123+0000] {dagbag.py:538} INFO - Filling up the DagBag from /home/airflow/.local/lib/python3.8/site-packages/airflow/example_dags/example_bash_operator.py
[2024-07-02T09:05:30.136+0000] {processor.py:840} INFO - DAG(s) 'example_bash_operator' retrieved from /home/airflow/.local/lib/python3.8/site-packages/airflow/example_dags/example_bash_operator.py
[2024-07-02T09:05:30.166+0000] {logging_mixin.py:188} INFO - [2024-07-02T09:05:30.165+0000] {dag.py:3033} INFO - Sync 1 DAGs
[2024-07-02T09:05:30.187+0000] {logging_mixin.py:188} INFO - [2024-07-02T09:05:30.187+0000] {dag.py:3820} INFO - Setting next_dagrun for example_bash_operator to 2024-07-01T00:00:00+00:00, run_after=2024-07-02T00:00:00+00:00
[2024-07-02T09:05:30.203+0000] {processor.py:183} INFO - Processing /home/airflow/.local/lib/python3.8/site-packages/airflow/example_dags/example_bash_operator.py took 0.090 seconds
[2024-07-02T09:06:00.282+0000] {processor.py:161} INFO - Started process (PID=265) to work on /home/airflow/.local/lib/python3.8/site-packages/airflow/example_dags/example_bash_operator.py
[2024-07-02T09:06:00.282+0000] {processor.py:830} INFO - Processing file /home/airflow/.local/lib/python3.8/site-packages/airflow/example_dags/example_bash_operator.py for tasks to queue
[2024-07-02T09:06:00.284+0000] {logging_mixin.py:188} INFO - [2024-07-02T09:06:00.284+0000] {dagbag.py:538} INFO - Filling up the DagBag from /home/airflow/.local/lib/python3.8/site-packages/airflow/example_dags/example_bash_operator.py
[2024-07-02T09:06:00.294+0000] {processor.py:840} INFO - DAG(s) 'example_bash_operator' retrieved from /home/airflow/.local/lib/python3.8/site-packages/airflow/example_dags/example_bash_operator.py
[2024-07-02T09:06:00.327+0000] {logging_mixin.py:188} INFO - [2024-07-02T09:06:00.327+0000] {dag.py:3033} INFO - Sync 1 DAGs
[2024-07-02T09:06:00.350+0000] {logging_mixin.py:188} INFO - [2024-07-02T09:06:00.350+0000] {dag.py:3820} INFO - Setting next_dagrun for example_bash_operator to 2024-07-01T00:00:00+00:00, run_after=2024-07-02T00:00:00+00:00
[2024-07-02T09:06:00.368+0000] {processor.py:183} INFO - Processing /home/airflow/.local/lib/python3.8/site-packages/airflow/example_dags/example_bash_operator.py took 0.088 seconds
[2024-07-02T09:06:30.800+0000] {processor.py:161} INFO - Started process (PID=319) to work on /home/airflow/.local/lib/python3.8/site-packages/airflow/example_dags/example_bash_operator.py
[2024-07-02T09:06:30.801+0000] {processor.py:830} INFO - Processing file /home/airflow/.local/lib/python3.8/site-packages/airflow/example_dags/example_bash_operator.py for tasks to queue
[2024-07-02T09:06:30.802+0000] {logging_mixin.py:188} INFO - [2024-07-02T09:06:30.802+0000] {dagbag.py:538} INFO - Filling up the DagBag from /home/airflow/.local/lib/python3.8/site-packages/airflow/example_dags/example_bash_operator.py
[2024-07-02T09:06:30.816+0000] {processor.py:840} INFO - DAG(s) 'example_bash_operator' retrieved from /home/airflow/.local/lib/python3.8/site-packages/airflow/example_dags/example_bash_operator.py
[2024-07-02T09:06:30.846+0000] {logging_mixin.py:188} INFO - [2024-07-02T09:06:30.846+0000] {dag.py:3033} INFO - Sync 1 DAGs
[2024-07-02T09:06:30.873+0000] {logging_mixin.py:188} INFO - [2024-07-02T09:06:30.873+0000] {dag.py:3820} INFO - Setting next_dagrun for example_bash_operator to 2024-07-01T00:00:00+00:00, run_after=2024-07-02T00:00:00+00:00
[2024-07-02T09:06:30.890+0000] {processor.py:183} INFO - Processing /home/airflow/.local/lib/python3.8/site-packages/airflow/example_dags/example_bash_operator.py took 0.093 seconds
[2024-07-02T09:07:01.201+0000] {processor.py:161} INFO - Started process (PID=374) to work on /home/airflow/.local/lib/python3.8/site-packages/airflow/example_dags/example_bash_operator.py
[2024-07-02T09:07:01.202+0000] {processor.py:830} INFO - Processing file /home/airflow/.local/lib/python3.8/site-packages/airflow/example_dags/example_bash_operator.py for tasks to queue
[2024-07-02T09:07:01.204+0000] {logging_mixin.py:188} INFO - [2024-07-02T09:07:01.204+0000] {dagbag.py:538} INFO - Filling up the DagBag from /home/airflow/.local/lib/python3.8/site-packages/airflow/example_dags/example_bash_operator.py
[2024-07-02T09:07:01.223+0000] {processor.py:840} INFO - DAG(s) 'example_bash_operator' retrieved from /home/airflow/.local/lib/python3.8/site-packages/airflow/example_dags/example_bash_operator.py
[2024-07-02T09:07:01.264+0000] {logging_mixin.py:188} INFO - [2024-07-02T09:07:01.264+0000] {dag.py:3033} INFO - Sync 1 DAGs
[2024-07-02T09:07:01.295+0000] {logging_mixin.py:188} INFO - [2024-07-02T09:07:01.295+0000] {dag.py:3820} INFO - Setting next_dagrun for example_bash_operator to 2024-07-01T00:00:00+00:00, run_after=2024-07-02T00:00:00+00:00
[2024-07-02T09:07:01.316+0000] {processor.py:183} INFO - Processing /home/airflow/.local/lib/python3.8/site-packages/airflow/example_dags/example_bash_operator.py took 0.119 seconds
[2024-07-02T09:07:31.820+0000] {processor.py:161} INFO - Started process (PID=429) to work on /home/airflow/.local/lib/python3.8/site-packages/airflow/example_dags/example_bash_operator.py
[2024-07-02T09:07:31.821+0000] {processor.py:830} INFO - Processing file /home/airflow/.local/lib/python3.8/site-packages/airflow/example_dags/example_bash_operator.py for tasks to queue
[2024-07-02T09:07:31.823+0000] {logging_mixin.py:188} INFO - [2024-07-02T09:07:31.822+0000] {dagbag.py:538} INFO - Filling up the DagBag from /home/airflow/.local/lib/python3.8/site-packages/airflow/example_dags/example_bash_operator.py
[2024-07-02T09:07:31.834+0000] {processor.py:840} INFO - DAG(s) 'example_bash_operator' retrieved from /home/airflow/.local/lib/python3.8/site-packages/airflow/example_dags/example_bash_operator.py
[2024-07-02T09:07:31.866+0000] {logging_mixin.py:188} INFO - [2024-07-02T09:07:31.866+0000] {dag.py:3033} INFO - Sync 1 DAGs
[2024-07-02T09:07:31.892+0000] {logging_mixin.py:188} INFO - [2024-07-02T09:07:31.892+0000] {dag.py:3820} INFO - Setting next_dagrun for example_bash_operator to 2024-07-01T00:00:00+00:00, run_after=2024-07-02T00:00:00+00:00
[2024-07-02T09:07:31.911+0000] {processor.py:183} INFO - Processing /home/airflow/.local/lib/python3.8/site-packages/airflow/example_dags/example_bash_operator.py took 0.094 seconds
[2024-07-02T09:08:02.403+0000] {processor.py:161} INFO - Started process (PID=484) to work on /home/airflow/.local/lib/python3.8/site-packages/airflow/example_dags/example_bash_operator.py
[2024-07-02T09:08:02.404+0000] {processor.py:830} INFO - Processing file /home/airflow/.local/lib/python3.8/site-packages/airflow/example_dags/example_bash_operator.py for tasks to queue
[2024-07-02T09:08:02.405+0000] {logging_mixin.py:188} INFO - [2024-07-02T09:08:02.405+0000] {dagbag.py:538} INFO - Filling up the DagBag from /home/airflow/.local/lib/python3.8/site-packages/airflow/example_dags/example_bash_operator.py
[2024-07-02T09:08:02.415+0000] {processor.py:840} INFO - DAG(s) 'example_bash_operator' retrieved from /home/airflow/.local/lib/python3.8/site-packages/airflow/example_dags/example_bash_operator.py
[2024-07-02T09:08:02.446+0000] {logging_mixin.py:188} INFO - [2024-07-02T09:08:02.445+0000] {dag.py:3033} INFO - Sync 1 DAGs
[2024-07-02T09:08:02.469+0000] {logging_mixin.py:188} INFO - [2024-07-02T09:08:02.469+0000] {dag.py:3820} INFO - Setting next_dagrun for example_bash_operator to 2024-07-01T00:00:00+00:00, run_after=2024-07-02T00:00:00+00:00
[2024-07-02T09:08:02.484+0000] {processor.py:183} INFO - Processing /home/airflow/.local/lib/python3.8/site-packages/airflow/example_dags/example_bash_operator.py took 0.085 seconds
[2024-07-02T09:08:33.029+0000] {processor.py:161} INFO - Started process (PID=539) to work on /home/airflow/.local/lib/python3.8/site-packages/airflow/example_dags/example_bash_operator.py
[2024-07-02T09:08:33.032+0000] {processor.py:830} INFO - Processing file /home/airflow/.local/lib/python3.8/site-packages/airflow/example_dags/example_bash_operator.py for tasks to queue
[2024-07-02T09:08:33.035+0000] {logging_mixin.py:188} INFO - [2024-07-02T09:08:33.034+0000] {dagbag.py:538} INFO - Filling up the DagBag from /home/airflow/.local/lib/python3.8/site-packages/airflow/example_dags/example_bash_operator.py
[2024-07-02T09:08:33.049+0000] {processor.py:840} INFO - DAG(s) 'example_bash_operator' retrieved from /home/airflow/.local/lib/python3.8/site-packages/airflow/example_dags/example_bash_operator.py
[2024-07-02T09:08:33.078+0000] {logging_mixin.py:188} INFO - [2024-07-02T09:08:33.078+0000] {dag.py:3033} INFO - Sync 1 DAGs
[2024-07-02T09:08:33.101+0000] {logging_mixin.py:188} INFO - [2024-07-02T09:08:33.100+0000] {dag.py:3820} INFO - Setting next_dagrun for example_bash_operator to 2024-07-01T00:00:00+00:00, run_after=2024-07-02T00:00:00+00:00
[2024-07-02T09:08:33.117+0000] {processor.py:183} INFO - Processing /home/airflow/.local/lib/python3.8/site-packages/airflow/example_dags/example_bash_operator.py took 0.091 seconds
[2024-07-02T09:09:03.569+0000] {processor.py:161} INFO - Started process (PID=594) to work on /home/airflow/.local/lib/python3.8/site-packages/airflow/example_dags/example_bash_operator.py
[2024-07-02T09:09:03.573+0000] {processor.py:830} INFO - Processing file /home/airflow/.local/lib/python3.8/site-packages/airflow/example_dags/example_bash_operator.py for tasks to queue
[2024-07-02T09:09:03.575+0000] {logging_mixin.py:188} INFO - [2024-07-02T09:09:03.574+0000] {dagbag.py:538} INFO - Filling up the DagBag from /home/airflow/.local/lib/python3.8/site-packages/airflow/example_dags/example_bash_operator.py
[2024-07-02T09:09:03.587+0000] {processor.py:840} INFO - DAG(s) 'example_bash_operator' retrieved from /home/airflow/.local/lib/python3.8/site-packages/airflow/example_dags/example_bash_operator.py
[2024-07-02T09:09:03.624+0000] {logging_mixin.py:188} INFO - [2024-07-02T09:09:03.624+0000] {dag.py:3033} INFO - Sync 1 DAGs
[2024-07-02T09:09:03.652+0000] {logging_mixin.py:188} INFO - [2024-07-02T09:09:03.652+0000] {dag.py:3820} INFO - Setting next_dagrun for example_bash_operator to 2024-07-01T00:00:00+00:00, run_after=2024-07-02T00:00:00+00:00
[2024-07-02T09:09:03.667+0000] {processor.py:183} INFO - Processing /home/airflow/.local/lib/python3.8/site-packages/airflow/example_dags/example_bash_operator.py took 0.101 seconds
[2024-07-02T09:09:34.156+0000] {processor.py:161} INFO - Started process (PID=649) to work on /home/airflow/.local/lib/python3.8/site-packages/airflow/example_dags/example_bash_operator.py
[2024-07-02T09:09:34.157+0000] {processor.py:830} INFO - Processing file /home/airflow/.local/lib/python3.8/site-packages/airflow/example_dags/example_bash_operator.py for tasks to queue
[2024-07-02T09:09:34.158+0000] {logging_mixin.py:188} INFO - [2024-07-02T09:09:34.158+0000] {dagbag.py:538} INFO - Filling up the DagBag from /home/airflow/.local/lib/python3.8/site-packages/airflow/example_dags/example_bash_operator.py
[2024-07-02T09:09:34.170+0000] {processor.py:840} INFO - DAG(s) 'example_bash_operator' retrieved from /home/airflow/.local/lib/python3.8/site-packages/airflow/example_dags/example_bash_operator.py
[2024-07-02T09:09:34.201+0000] {logging_mixin.py:188} INFO - [2024-07-02T09:09:34.201+0000] {dag.py:3033} INFO - Sync 1 DAGs
[2024-07-02T09:09:34.225+0000] {logging_mixin.py:188} INFO - [2024-07-02T09:09:34.225+0000] {dag.py:3820} INFO - Setting next_dagrun for example_bash_operator to 2024-07-01T00:00:00+00:00, run_after=2024-07-02T00:00:00+00:00
[2024-07-02T09:09:34.246+0000] {processor.py:183} INFO - Processing /home/airflow/.local/lib/python3.8/site-packages/airflow/example_dags/example_bash_operator.py took 0.093 seconds
[2024-07-02T09:10:04.461+0000] {processor.py:161} INFO - Started process (PID=704) to work on /home/airflow/.local/lib/python3.8/site-packages/airflow/example_dags/example_bash_operator.py
[2024-07-02T09:10:04.468+0000] {processor.py:830} INFO - Processing file /home/airflow/.local/lib/python3.8/site-packages/airflow/example_dags/example_bash_operator.py for tasks to queue
[2024-07-02T09:10:04.470+0000] {logging_mixin.py:188} INFO - [2024-07-02T09:10:04.470+0000] {dagbag.py:538} INFO - Filling up the DagBag from /home/airflow/.local/lib/python3.8/site-packages/airflow/example_dags/example_bash_operator.py
[2024-07-02T09:10:04.482+0000] {processor.py:840} INFO - DAG(s) 'example_bash_operator' retrieved from /home/airflow/.local/lib/python3.8/site-packages/airflow/example_dags/example_bash_operator.py
[2024-07-02T09:10:04.513+0000] {logging_mixin.py:188} INFO - [2024-07-02T09:10:04.513+0000] {dag.py:3033} INFO - Sync 1 DAGs
[2024-07-02T09:10:04.537+0000] {logging_mixin.py:188} INFO - [2024-07-02T09:10:04.537+0000] {dag.py:3820} INFO - Setting next_dagrun for example_bash_operator to 2024-07-01T00:00:00+00:00, run_after=2024-07-02T00:00:00+00:00
[2024-07-02T09:10:04.555+0000] {processor.py:183} INFO - Processing /home/airflow/.local/lib/python3.8/site-packages/airflow/example_dags/example_bash_operator.py took 0.096 seconds
[2024-07-02T09:10:35.158+0000] {processor.py:161} INFO - Started process (PID=759) to work on /home/airflow/.local/lib/python3.8/site-packages/airflow/example_dags/example_bash_operator.py
[2024-07-02T09:10:35.159+0000] {processor.py:830} INFO - Processing file /home/airflow/.local/lib/python3.8/site-packages/airflow/example_dags/example_bash_operator.py for tasks to queue
[2024-07-02T09:10:35.161+0000] {logging_mixin.py:188} INFO - [2024-07-02T09:10:35.160+0000] {dagbag.py:538} INFO - Filling up the DagBag from /home/airflow/.local/lib/python3.8/site-packages/airflow/example_dags/example_bash_operator.py
[2024-07-02T09:10:35.172+0000] {processor.py:840} INFO - DAG(s) 'example_bash_operator' retrieved from /home/airflow/.local/lib/python3.8/site-packages/airflow/example_dags/example_bash_operator.py
[2024-07-02T09:10:35.200+0000] {logging_mixin.py:188} INFO - [2024-07-02T09:10:35.200+0000] {dag.py:3033} INFO - Sync 1 DAGs
[2024-07-02T09:10:35.222+0000] {logging_mixin.py:188} INFO - [2024-07-02T09:10:35.222+0000] {dag.py:3820} INFO - Setting next_dagrun for example_bash_operator to 2024-07-01T00:00:00+00:00, run_after=2024-07-02T00:00:00+00:00
[2024-07-02T09:10:35.238+0000] {processor.py:183} INFO - Processing /home/airflow/.local/lib/python3.8/site-packages/airflow/example_dags/example_bash_operator.py took 0.083 seconds
[2024-07-02T09:11:05.708+0000] {processor.py:161} INFO - Started process (PID=814) to work on /home/airflow/.local/lib/python3.8/site-packages/airflow/example_dags/example_bash_operator.py
[2024-07-02T09:11:05.709+0000] {processor.py:830} INFO - Processing file /home/airflow/.local/lib/python3.8/site-packages/airflow/example_dags/example_bash_operator.py for tasks to queue
[2024-07-02T09:11:05.711+0000] {logging_mixin.py:188} INFO - [2024-07-02T09:11:05.711+0000] {dagbag.py:538} INFO - Filling up the DagBag from /home/airflow/.local/lib/python3.8/site-packages/airflow/example_dags/example_bash_operator.py
[2024-07-02T09:11:05.723+0000] {processor.py:840} INFO - DAG(s) 'example_bash_operator' retrieved from /home/airflow/.local/lib/python3.8/site-packages/airflow/example_dags/example_bash_operator.py
[2024-07-02T09:11:05.764+0000] {logging_mixin.py:188} INFO - [2024-07-02T09:11:05.764+0000] {dag.py:3033} INFO - Sync 1 DAGs
[2024-07-02T09:11:05.787+0000] {logging_mixin.py:188} INFO - [2024-07-02T09:11:05.787+0000] {dag.py:3820} INFO - Setting next_dagrun for example_bash_operator to 2024-07-01T00:00:00+00:00, run_after=2024-07-02T00:00:00+00:00
[2024-07-02T09:11:05.806+0000] {processor.py:183} INFO - Processing /home/airflow/.local/lib/python3.8/site-packages/airflow/example_dags/example_bash_operator.py took 0.101 seconds
[2024-07-02T09:11:36.296+0000] {processor.py:161} INFO - Started process (PID=869) to work on /home/airflow/.local/lib/python3.8/site-packages/airflow/example_dags/example_bash_operator.py
[2024-07-02T09:11:36.297+0000] {processor.py:830} INFO - Processing file /home/airflow/.local/lib/python3.8/site-packages/airflow/example_dags/example_bash_operator.py for tasks to queue
[2024-07-02T09:11:36.300+0000] {logging_mixin.py:188} INFO - [2024-07-02T09:11:36.300+0000] {dagbag.py:538} INFO - Filling up the DagBag from /home/airflow/.local/lib/python3.8/site-packages/airflow/example_dags/example_bash_operator.py
[2024-07-02T09:11:36.317+0000] {processor.py:840} INFO - DAG(s) 'example_bash_operator' retrieved from /home/airflow/.local/lib/python3.8/site-packages/airflow/example_dags/example_bash_operator.py
[2024-07-02T09:11:36.361+0000] {logging_mixin.py:188} INFO - [2024-07-02T09:11:36.361+0000] {dag.py:3033} INFO - Sync 1 DAGs
[2024-07-02T09:11:36.393+0000] {logging_mixin.py:188} INFO - [2024-07-02T09:11:36.393+0000] {dag.py:3820} INFO - Setting next_dagrun for example_bash_operator to 2024-07-01T00:00:00+00:00, run_after=2024-07-02T00:00:00+00:00
[2024-07-02T09:11:36.435+0000] {processor.py:183} INFO - Processing /home/airflow/.local/lib/python3.8/site-packages/airflow/example_dags/example_bash_operator.py took 0.142 seconds
[2024-07-02T09:12:06.614+0000] {processor.py:161} INFO - Started process (PID=924) to work on /home/airflow/.local/lib/python3.8/site-packages/airflow/example_dags/example_bash_operator.py
[2024-07-02T09:12:06.615+0000] {processor.py:830} INFO - Processing file /home/airflow/.local/lib/python3.8/site-packages/airflow/example_dags/example_bash_operator.py for tasks to queue
[2024-07-02T09:12:06.616+0000] {logging_mixin.py:188} INFO - [2024-07-02T09:12:06.616+0000] {dagbag.py:538} INFO - Filling up the DagBag from /home/airflow/.local/lib/python3.8/site-packages/airflow/example_dags/example_bash_operator.py
[2024-07-02T09:12:06.628+0000] {processor.py:840} INFO - DAG(s) 'example_bash_operator' retrieved from /home/airflow/.local/lib/python3.8/site-packages/airflow/example_dags/example_bash_operator.py
[2024-07-02T09:12:06.660+0000] {logging_mixin.py:188} INFO - [2024-07-02T09:12:06.660+0000] {dag.py:3033} INFO - Sync 1 DAGs
[2024-07-02T09:12:06.683+0000] {logging_mixin.py:188} INFO - [2024-07-02T09:12:06.682+0000] {dag.py:3820} INFO - Setting next_dagrun for example_bash_operator to 2024-07-01T00:00:00+00:00, run_after=2024-07-02T00:00:00+00:00
[2024-07-02T09:12:06.700+0000] {processor.py:183} INFO - Processing /home/airflow/.local/lib/python3.8/site-packages/airflow/example_dags/example_bash_operator.py took 0.088 seconds
[2024-07-02T09:12:36.723+0000] {processor.py:161} INFO - Started process (PID=979) to work on /home/airflow/.local/lib/python3.8/site-packages/airflow/example_dags/example_bash_operator.py
[2024-07-02T09:12:36.723+0000] {processor.py:830} INFO - Processing file /home/airflow/.local/lib/python3.8/site-packages/airflow/example_dags/example_bash_operator.py for tasks to queue
[2024-07-02T09:12:36.725+0000] {logging_mixin.py:188} INFO - [2024-07-02T09:12:36.725+0000] {dagbag.py:538} INFO - Filling up the DagBag from /home/airflow/.local/lib/python3.8/site-packages/airflow/example_dags/example_bash_operator.py
[2024-07-02T09:12:36.735+0000] {processor.py:840} INFO - DAG(s) 'example_bash_operator' retrieved from /home/airflow/.local/lib/python3.8/site-packages/airflow/example_dags/example_bash_operator.py
[2024-07-02T09:12:36.763+0000] {logging_mixin.py:188} INFO - [2024-07-02T09:12:36.762+0000] {dag.py:3033} INFO - Sync 1 DAGs
[2024-07-02T09:12:36.783+0000] {logging_mixin.py:188} INFO - [2024-07-02T09:12:36.783+0000] {dag.py:3820} INFO - Setting next_dagrun for example_bash_operator to 2024-07-01T00:00:00+00:00, run_after=2024-07-02T00:00:00+00:00
[2024-07-02T09:12:36.802+0000] {processor.py:183} INFO - Processing /home/airflow/.local/lib/python3.8/site-packages/airflow/example_dags/example_bash_operator.py took 0.082 seconds
[2024-07-02T09:13:07.526+0000] {processor.py:161} INFO - Started process (PID=1034) to work on /home/airflow/.local/lib/python3.8/site-packages/airflow/example_dags/example_bash_operator.py
[2024-07-02T09:13:07.528+0000] {processor.py:830} INFO - Processing file /home/airflow/.local/lib/python3.8/site-packages/airflow/example_dags/example_bash_operator.py for tasks to queue
[2024-07-02T09:13:07.530+0000] {logging_mixin.py:188} INFO - [2024-07-02T09:13:07.530+0000] {dagbag.py:538} INFO - Filling up the DagBag from /home/airflow/.local/lib/python3.8/site-packages/airflow/example_dags/example_bash_operator.py
[2024-07-02T09:13:07.539+0000] {processor.py:840} INFO - DAG(s) 'example_bash_operator' retrieved from /home/airflow/.local/lib/python3.8/site-packages/airflow/example_dags/example_bash_operator.py
[2024-07-02T09:13:07.569+0000] {logging_mixin.py:188} INFO - [2024-07-02T09:13:07.569+0000] {dag.py:3033} INFO - Sync 1 DAGs
[2024-07-02T09:13:07.590+0000] {logging_mixin.py:188} INFO - [2024-07-02T09:13:07.589+0000] {dag.py:3820} INFO - Setting next_dagrun for example_bash_operator to 2024-07-01T00:00:00+00:00, run_after=2024-07-02T00:00:00+00:00
[2024-07-02T09:13:07.605+0000] {processor.py:183} INFO - Processing /home/airflow/.local/lib/python3.8/site-packages/airflow/example_dags/example_bash_operator.py took 0.082 seconds
[2024-07-02T09:13:38.005+0000] {processor.py:161} INFO - Started process (PID=1089) to work on /home/airflow/.local/lib/python3.8/site-packages/airflow/example_dags/example_bash_operator.py
[2024-07-02T09:13:38.009+0000] {processor.py:830} INFO - Processing file /home/airflow/.local/lib/python3.8/site-packages/airflow/example_dags/example_bash_operator.py for tasks to queue
[2024-07-02T09:13:38.010+0000] {logging_mixin.py:188} INFO - [2024-07-02T09:13:38.010+0000] {dagbag.py:538} INFO - Filling up the DagBag from /home/airflow/.local/lib/python3.8/site-packages/airflow/example_dags/example_bash_operator.py
[2024-07-02T09:13:38.021+0000] {processor.py:840} INFO - DAG(s) 'example_bash_operator' retrieved from /home/airflow/.local/lib/python3.8/site-packages/airflow/example_dags/example_bash_operator.py
[2024-07-02T09:13:38.050+0000] {logging_mixin.py:188} INFO - [2024-07-02T09:13:38.050+0000] {dag.py:3033} INFO - Sync 1 DAGs
[2024-07-02T09:13:38.074+0000] {logging_mixin.py:188} INFO - [2024-07-02T09:13:38.074+0000] {dag.py:3820} INFO - Setting next_dagrun for example_bash_operator to 2024-07-01T00:00:00+00:00, run_after=2024-07-02T00:00:00+00:00
[2024-07-02T09:13:38.090+0000] {processor.py:183} INFO - Processing /home/airflow/.local/lib/python3.8/site-packages/airflow/example_dags/example_bash_operator.py took 0.087 seconds
[2024-07-02T09:14:08.593+0000] {processor.py:161} INFO - Started process (PID=1144) to work on /home/airflow/.local/lib/python3.8/site-packages/airflow/example_dags/example_bash_operator.py
[2024-07-02T09:14:08.594+0000] {processor.py:830} INFO - Processing file /home/airflow/.local/lib/python3.8/site-packages/airflow/example_dags/example_bash_operator.py for tasks to queue
[2024-07-02T09:14:08.596+0000] {logging_mixin.py:188} INFO - [2024-07-02T09:14:08.595+0000] {dagbag.py:538} INFO - Filling up the DagBag from /home/airflow/.local/lib/python3.8/site-packages/airflow/example_dags/example_bash_operator.py
[2024-07-02T09:14:08.606+0000] {processor.py:840} INFO - DAG(s) 'example_bash_operator' retrieved from /home/airflow/.local/lib/python3.8/site-packages/airflow/example_dags/example_bash_operator.py
[2024-07-02T09:14:08.634+0000] {logging_mixin.py:188} INFO - [2024-07-02T09:14:08.634+0000] {dag.py:3033} INFO - Sync 1 DAGs
[2024-07-02T09:14:08.653+0000] {logging_mixin.py:188} INFO - [2024-07-02T09:14:08.653+0000] {dag.py:3820} INFO - Setting next_dagrun for example_bash_operator to 2024-07-01T00:00:00+00:00, run_after=2024-07-02T00:00:00+00:00
[2024-07-02T09:14:08.672+0000] {processor.py:183} INFO - Processing /home/airflow/.local/lib/python3.8/site-packages/airflow/example_dags/example_bash_operator.py took 0.081 seconds
[2024-07-02T09:14:38.962+0000] {processor.py:161} INFO - Started process (PID=1199) to work on /home/airflow/.local/lib/python3.8/site-packages/airflow/example_dags/example_bash_operator.py
[2024-07-02T09:14:38.963+0000] {processor.py:830} INFO - Processing file /home/airflow/.local/lib/python3.8/site-packages/airflow/example_dags/example_bash_operator.py for tasks to queue
[2024-07-02T09:14:38.965+0000] {logging_mixin.py:188} INFO - [2024-07-02T09:14:38.964+0000] {dagbag.py:538} INFO - Filling up the DagBag from /home/airflow/.local/lib/python3.8/site-packages/airflow/example_dags/example_bash_operator.py
[2024-07-02T09:14:38.976+0000] {processor.py:840} INFO - DAG(s) 'example_bash_operator' retrieved from /home/airflow/.local/lib/python3.8/site-packages/airflow/example_dags/example_bash_operator.py
[2024-07-02T09:14:39.007+0000] {logging_mixin.py:188} INFO - [2024-07-02T09:14:39.007+0000] {dag.py:3033} INFO - Sync 1 DAGs
[2024-07-02T09:14:39.029+0000] {logging_mixin.py:188} INFO - [2024-07-02T09:14:39.029+0000] {dag.py:3820} INFO - Setting next_dagrun for example_bash_operator to 2024-07-01T00:00:00+00:00, run_after=2024-07-02T00:00:00+00:00
[2024-07-02T09:14:39.046+0000] {processor.py:183} INFO - Processing /home/airflow/.local/lib/python3.8/site-packages/airflow/example_dags/example_bash_operator.py took 0.087 seconds
[2024-07-02T09:15:09.570+0000] {processor.py:161} INFO - Started process (PID=1254) to work on /home/airflow/.local/lib/python3.8/site-packages/airflow/example_dags/example_bash_operator.py
[2024-07-02T09:15:09.571+0000] {processor.py:830} INFO - Processing file /home/airflow/.local/lib/python3.8/site-packages/airflow/example_dags/example_bash_operator.py for tasks to queue
[2024-07-02T09:15:09.572+0000] {logging_mixin.py:188} INFO - [2024-07-02T09:15:09.572+0000] {dagbag.py:538} INFO - Filling up the DagBag from /home/airflow/.local/lib/python3.8/site-packages/airflow/example_dags/example_bash_operator.py
[2024-07-02T09:15:09.583+0000] {processor.py:840} INFO - DAG(s) 'example_bash_operator' retrieved from /home/airflow/.local/lib/python3.8/site-packages/airflow/example_dags/example_bash_operator.py
[2024-07-02T09:15:09.622+0000] {logging_mixin.py:188} INFO - [2024-07-02T09:15:09.622+0000] {dag.py:3033} INFO - Sync 1 DAGs
[2024-07-02T09:15:09.651+0000] {logging_mixin.py:188} INFO - [2024-07-02T09:15:09.651+0000] {dag.py:3820} INFO - Setting next_dagrun for example_bash_operator to 2024-07-01T00:00:00+00:00, run_after=2024-07-02T00:00:00+00:00
[2024-07-02T09:15:09.671+0000] {processor.py:183} INFO - Processing /home/airflow/.local/lib/python3.8/site-packages/airflow/example_dags/example_bash_operator.py took 0.104 seconds
[2024-07-02T09:15:39.975+0000] {processor.py:161} INFO - Started process (PID=1309) to work on /home/airflow/.local/lib/python3.8/site-packages/airflow/example_dags/example_bash_operator.py
[2024-07-02T09:15:39.975+0000] {processor.py:830} INFO - Processing file /home/airflow/.local/lib/python3.8/site-packages/airflow/example_dags/example_bash_operator.py for tasks to queue
[2024-07-02T09:15:39.977+0000] {logging_mixin.py:188} INFO - [2024-07-02T09:15:39.977+0000] {dagbag.py:538} INFO - Filling up the DagBag from /home/airflow/.local/lib/python3.8/site-packages/airflow/example_dags/example_bash_operator.py
[2024-07-02T09:15:39.988+0000] {processor.py:840} INFO - DAG(s) 'example_bash_operator' retrieved from /home/airflow/.local/lib/python3.8/site-packages/airflow/example_dags/example_bash_operator.py
[2024-07-02T09:15:40.019+0000] {logging_mixin.py:188} INFO - [2024-07-02T09:15:40.019+0000] {dag.py:3033} INFO - Sync 1 DAGs
[2024-07-02T09:15:40.044+0000] {logging_mixin.py:188} INFO - [2024-07-02T09:15:40.044+0000] {dag.py:3820} INFO - Setting next_dagrun for example_bash_operator to 2024-07-01T00:00:00+00:00, run_after=2024-07-02T00:00:00+00:00
[2024-07-02T09:15:40.062+0000] {processor.py:183} INFO - Processing /home/airflow/.local/lib/python3.8/site-packages/airflow/example_dags/example_bash_operator.py took 0.090 seconds
[2024-07-02T09:16:10.580+0000] {processor.py:161} INFO - Started process (PID=1363) to work on /home/airflow/.local/lib/python3.8/site-packages/airflow/example_dags/example_bash_operator.py
[2024-07-02T09:16:10.581+0000] {processor.py:830} INFO - Processing file /home/airflow/.local/lib/python3.8/site-packages/airflow/example_dags/example_bash_operator.py for tasks to queue
[2024-07-02T09:16:10.582+0000] {logging_mixin.py:188} INFO - [2024-07-02T09:16:10.582+0000] {dagbag.py:538} INFO - Filling up the DagBag from /home/airflow/.local/lib/python3.8/site-packages/airflow/example_dags/example_bash_operator.py
[2024-07-02T09:16:10.593+0000] {processor.py:840} INFO - DAG(s) 'example_bash_operator' retrieved from /home/airflow/.local/lib/python3.8/site-packages/airflow/example_dags/example_bash_operator.py
[2024-07-02T09:16:10.624+0000] {logging_mixin.py:188} INFO - [2024-07-02T09:16:10.624+0000] {dag.py:3033} INFO - Sync 1 DAGs
[2024-07-02T09:16:10.650+0000] {logging_mixin.py:188} INFO - [2024-07-02T09:16:10.650+0000] {dag.py:3820} INFO - Setting next_dagrun for example_bash_operator to 2024-07-01T00:00:00+00:00, run_after=2024-07-02T00:00:00+00:00
[2024-07-02T09:16:10.668+0000] {processor.py:183} INFO - Processing /home/airflow/.local/lib/python3.8/site-packages/airflow/example_dags/example_bash_operator.py took 0.090 seconds
[2024-07-02T09:16:41.207+0000] {processor.py:161} INFO - Started process (PID=1418) to work on /home/airflow/.local/lib/python3.8/site-packages/airflow/example_dags/example_bash_operator.py
[2024-07-02T09:16:41.208+0000] {processor.py:830} INFO - Processing file /home/airflow/.local/lib/python3.8/site-packages/airflow/example_dags/example_bash_operator.py for tasks to queue
[2024-07-02T09:16:41.209+0000] {logging_mixin.py:188} INFO - [2024-07-02T09:16:41.209+0000] {dagbag.py:538} INFO - Filling up the DagBag from /home/airflow/.local/lib/python3.8/site-packages/airflow/example_dags/example_bash_operator.py
[2024-07-02T09:16:41.219+0000] {processor.py:840} INFO - DAG(s) 'example_bash_operator' retrieved from /home/airflow/.local/lib/python3.8/site-packages/airflow/example_dags/example_bash_operator.py
[2024-07-02T09:16:41.247+0000] {logging_mixin.py:188} INFO - [2024-07-02T09:16:41.246+0000] {dag.py:3033} INFO - Sync 1 DAGs
[2024-07-02T09:16:41.274+0000] {logging_mixin.py:188} INFO - [2024-07-02T09:16:41.273+0000] {dag.py:3820} INFO - Setting next_dagrun for example_bash_operator to 2024-07-01T00:00:00+00:00, run_after=2024-07-02T00:00:00+00:00
[2024-07-02T09:16:41.289+0000] {processor.py:183} INFO - Processing /home/airflow/.local/lib/python3.8/site-packages/airflow/example_dags/example_bash_operator.py took 0.085 seconds
[2024-07-02T09:17:11.729+0000] {processor.py:161} INFO - Started process (PID=1473) to work on /home/airflow/.local/lib/python3.8/site-packages/airflow/example_dags/example_bash_operator.py
[2024-07-02T09:17:11.730+0000] {processor.py:830} INFO - Processing file /home/airflow/.local/lib/python3.8/site-packages/airflow/example_dags/example_bash_operator.py for tasks to queue
[2024-07-02T09:17:11.731+0000] {logging_mixin.py:188} INFO - [2024-07-02T09:17:11.731+0000] {dagbag.py:538} INFO - Filling up the DagBag from /home/airflow/.local/lib/python3.8/site-packages/airflow/example_dags/example_bash_operator.py
[2024-07-02T09:17:11.741+0000] {processor.py:840} INFO - DAG(s) 'example_bash_operator' retrieved from /home/airflow/.local/lib/python3.8/site-packages/airflow/example_dags/example_bash_operator.py
[2024-07-02T09:17:11.770+0000] {logging_mixin.py:188} INFO - [2024-07-02T09:17:11.770+0000] {dag.py:3033} INFO - Sync 1 DAGs
[2024-07-02T09:17:11.793+0000] {logging_mixin.py:188} INFO - [2024-07-02T09:17:11.793+0000] {dag.py:3820} INFO - Setting next_dagrun for example_bash_operator to 2024-07-01T00:00:00+00:00, run_after=2024-07-02T00:00:00+00:00
[2024-07-02T09:17:11.809+0000] {processor.py:183} INFO - Processing /home/airflow/.local/lib/python3.8/site-packages/airflow/example_dags/example_bash_operator.py took 0.083 seconds
[2024-07-02T09:17:42.178+0000] {processor.py:161} INFO - Started process (PID=1529) to work on /home/airflow/.local/lib/python3.8/site-packages/airflow/example_dags/example_bash_operator.py
[2024-07-02T09:17:42.179+0000] {processor.py:830} INFO - Processing file /home/airflow/.local/lib/python3.8/site-packages/airflow/example_dags/example_bash_operator.py for tasks to queue
[2024-07-02T09:17:42.181+0000] {logging_mixin.py:188} INFO - [2024-07-02T09:17:42.181+0000] {dagbag.py:538} INFO - Filling up the DagBag from /home/airflow/.local/lib/python3.8/site-packages/airflow/example_dags/example_bash_operator.py
[2024-07-02T09:17:42.191+0000] {processor.py:840} INFO - DAG(s) 'example_bash_operator' retrieved from /home/airflow/.local/lib/python3.8/site-packages/airflow/example_dags/example_bash_operator.py
[2024-07-02T09:17:42.223+0000] {logging_mixin.py:188} INFO - [2024-07-02T09:17:42.223+0000] {dag.py:3033} INFO - Sync 1 DAGs
[2024-07-02T09:17:42.246+0000] {logging_mixin.py:188} INFO - [2024-07-02T09:17:42.246+0000] {dag.py:3820} INFO - Setting next_dagrun for example_bash_operator to 2024-07-01T00:00:00+00:00, run_after=2024-07-02T00:00:00+00:00
[2024-07-02T09:17:42.261+0000] {processor.py:183} INFO - Processing /home/airflow/.local/lib/python3.8/site-packages/airflow/example_dags/example_bash_operator.py took 0.085 seconds
[2024-07-02T09:18:12.658+0000] {processor.py:161} INFO - Started process (PID=1584) to work on /home/airflow/.local/lib/python3.8/site-packages/airflow/example_dags/example_bash_operator.py
[2024-07-02T09:18:12.659+0000] {processor.py:830} INFO - Processing file /home/airflow/.local/lib/python3.8/site-packages/airflow/example_dags/example_bash_operator.py for tasks to queue
[2024-07-02T09:18:12.660+0000] {logging_mixin.py:188} INFO - [2024-07-02T09:18:12.660+0000] {dagbag.py:538} INFO - Filling up the DagBag from /home/airflow/.local/lib/python3.8/site-packages/airflow/example_dags/example_bash_operator.py
[2024-07-02T09:18:12.671+0000] {processor.py:840} INFO - DAG(s) 'example_bash_operator' retrieved from /home/airflow/.local/lib/python3.8/site-packages/airflow/example_dags/example_bash_operator.py
[2024-07-02T09:18:12.699+0000] {logging_mixin.py:188} INFO - [2024-07-02T09:18:12.699+0000] {dag.py:3033} INFO - Sync 1 DAGs
[2024-07-02T09:18:12.721+0000] {logging_mixin.py:188} INFO - [2024-07-02T09:18:12.721+0000] {dag.py:3820} INFO - Setting next_dagrun for example_bash_operator to 2024-07-01T00:00:00+00:00, run_after=2024-07-02T00:00:00+00:00
[2024-07-02T09:18:12.738+0000] {processor.py:183} INFO - Processing /home/airflow/.local/lib/python3.8/site-packages/airflow/example_dags/example_bash_operator.py took 0.082 seconds
[2024-07-02T09:18:43.079+0000] {processor.py:161} INFO - Started process (PID=1639) to work on /home/airflow/.local/lib/python3.8/site-packages/airflow/example_dags/example_bash_operator.py
[2024-07-02T09:18:43.079+0000] {processor.py:830} INFO - Processing file /home/airflow/.local/lib/python3.8/site-packages/airflow/example_dags/example_bash_operator.py for tasks to queue
[2024-07-02T09:18:43.081+0000] {logging_mixin.py:188} INFO - [2024-07-02T09:18:43.081+0000] {dagbag.py:538} INFO - Filling up the DagBag from /home/airflow/.local/lib/python3.8/site-packages/airflow/example_dags/example_bash_operator.py
[2024-07-02T09:18:43.092+0000] {processor.py:840} INFO - DAG(s) 'example_bash_operator' retrieved from /home/airflow/.local/lib/python3.8/site-packages/airflow/example_dags/example_bash_operator.py
[2024-07-02T09:18:43.120+0000] {logging_mixin.py:188} INFO - [2024-07-02T09:18:43.119+0000] {dag.py:3033} INFO - Sync 1 DAGs
[2024-07-02T09:18:43.142+0000] {logging_mixin.py:188} INFO - [2024-07-02T09:18:43.141+0000] {dag.py:3820} INFO - Setting next_dagrun for example_bash_operator to 2024-07-01T00:00:00+00:00, run_after=2024-07-02T00:00:00+00:00
[2024-07-02T09:18:43.158+0000] {processor.py:183} INFO - Processing /home/airflow/.local/lib/python3.8/site-packages/airflow/example_dags/example_bash_operator.py took 0.081 seconds
[2024-07-02T09:19:13.490+0000] {processor.py:161} INFO - Started process (PID=1694) to work on /home/airflow/.local/lib/python3.8/site-packages/airflow/example_dags/example_bash_operator.py
[2024-07-02T09:19:13.491+0000] {processor.py:830} INFO - Processing file /home/airflow/.local/lib/python3.8/site-packages/airflow/example_dags/example_bash_operator.py for tasks to queue
[2024-07-02T09:19:13.493+0000] {logging_mixin.py:188} INFO - [2024-07-02T09:19:13.493+0000] {dagbag.py:538} INFO - Filling up the DagBag from /home/airflow/.local/lib/python3.8/site-packages/airflow/example_dags/example_bash_operator.py
[2024-07-02T09:19:13.505+0000] {processor.py:840} INFO - DAG(s) 'example_bash_operator' retrieved from /home/airflow/.local/lib/python3.8/site-packages/airflow/example_dags/example_bash_operator.py
[2024-07-02T09:19:13.539+0000] {logging_mixin.py:188} INFO - [2024-07-02T09:19:13.539+0000] {dag.py:3033} INFO - Sync 1 DAGs
[2024-07-02T09:19:13.564+0000] {logging_mixin.py:188} INFO - [2024-07-02T09:19:13.564+0000] {dag.py:3820} INFO - Setting next_dagrun for example_bash_operator to 2024-07-01T00:00:00+00:00, run_after=2024-07-02T00:00:00+00:00
[2024-07-02T09:19:13.581+0000] {processor.py:183} INFO - Processing /home/airflow/.local/lib/python3.8/site-packages/airflow/example_dags/example_bash_operator.py took 0.094 seconds
[2024-07-02T09:19:43.787+0000] {processor.py:161} INFO - Started process (PID=1748) to work on /home/airflow/.local/lib/python3.8/site-packages/airflow/example_dags/example_bash_operator.py
[2024-07-02T09:19:43.787+0000] {processor.py:830} INFO - Processing file /home/airflow/.local/lib/python3.8/site-packages/airflow/example_dags/example_bash_operator.py for tasks to queue
[2024-07-02T09:19:43.789+0000] {logging_mixin.py:188} INFO - [2024-07-02T09:19:43.789+0000] {dagbag.py:538} INFO - Filling up the DagBag from /home/airflow/.local/lib/python3.8/site-packages/airflow/example_dags/example_bash_operator.py
[2024-07-02T09:19:43.799+0000] {processor.py:840} INFO - DAG(s) 'example_bash_operator' retrieved from /home/airflow/.local/lib/python3.8/site-packages/airflow/example_dags/example_bash_operator.py
[2024-07-02T09:19:43.827+0000] {logging_mixin.py:188} INFO - [2024-07-02T09:19:43.827+0000] {dag.py:3033} INFO - Sync 1 DAGs
[2024-07-02T09:19:43.849+0000] {logging_mixin.py:188} INFO - [2024-07-02T09:19:43.849+0000] {dag.py:3820} INFO - Setting next_dagrun for example_bash_operator to 2024-07-01T00:00:00+00:00, run_after=2024-07-02T00:00:00+00:00
[2024-07-02T09:19:43.867+0000] {processor.py:183} INFO - Processing /home/airflow/.local/lib/python3.8/site-packages/airflow/example_dags/example_bash_operator.py took 0.083 seconds
[2024-07-02T09:20:14.468+0000] {processor.py:161} INFO - Started process (PID=1802) to work on /home/airflow/.local/lib/python3.8/site-packages/airflow/example_dags/example_bash_operator.py
[2024-07-02T09:20:14.469+0000] {processor.py:830} INFO - Processing file /home/airflow/.local/lib/python3.8/site-packages/airflow/example_dags/example_bash_operator.py for tasks to queue
[2024-07-02T09:20:14.470+0000] {logging_mixin.py:188} INFO - [2024-07-02T09:20:14.470+0000] {dagbag.py:538} INFO - Filling up the DagBag from /home/airflow/.local/lib/python3.8/site-packages/airflow/example_dags/example_bash_operator.py
[2024-07-02T09:20:14.481+0000] {processor.py:840} INFO - DAG(s) 'example_bash_operator' retrieved from /home/airflow/.local/lib/python3.8/site-packages/airflow/example_dags/example_bash_operator.py
[2024-07-02T09:20:14.517+0000] {logging_mixin.py:188} INFO - [2024-07-02T09:20:14.517+0000] {dag.py:3033} INFO - Sync 1 DAGs
[2024-07-02T09:20:14.540+0000] {logging_mixin.py:188} INFO - [2024-07-02T09:20:14.540+0000] {dag.py:3820} INFO - Setting next_dagrun for example_bash_operator to 2024-07-01T00:00:00+00:00, run_after=2024-07-02T00:00:00+00:00
[2024-07-02T09:20:14.558+0000] {processor.py:183} INFO - Processing /home/airflow/.local/lib/python3.8/site-packages/airflow/example_dags/example_bash_operator.py took 0.093 seconds
[2024-07-02T09:20:44.949+0000] {processor.py:161} INFO - Started process (PID=1857) to work on /home/airflow/.local/lib/python3.8/site-packages/airflow/example_dags/example_bash_operator.py
[2024-07-02T09:20:44.953+0000] {processor.py:830} INFO - Processing file /home/airflow/.local/lib/python3.8/site-packages/airflow/example_dags/example_bash_operator.py for tasks to queue
[2024-07-02T09:20:44.955+0000] {logging_mixin.py:188} INFO - [2024-07-02T09:20:44.955+0000] {dagbag.py:538} INFO - Filling up the DagBag from /home/airflow/.local/lib/python3.8/site-packages/airflow/example_dags/example_bash_operator.py
[2024-07-02T09:20:44.968+0000] {processor.py:840} INFO - DAG(s) 'example_bash_operator' retrieved from /home/airflow/.local/lib/python3.8/site-packages/airflow/example_dags/example_bash_operator.py
[2024-07-02T09:20:45.001+0000] {logging_mixin.py:188} INFO - [2024-07-02T09:20:45.001+0000] {dag.py:3033} INFO - Sync 1 DAGs
[2024-07-02T09:20:45.027+0000] {logging_mixin.py:188} INFO - [2024-07-02T09:20:45.026+0000] {dag.py:3820} INFO - Setting next_dagrun for example_bash_operator to 2024-07-01T00:00:00+00:00, run_after=2024-07-02T00:00:00+00:00
[2024-07-02T09:20:45.046+0000] {processor.py:183} INFO - Processing /home/airflow/.local/lib/python3.8/site-packages/airflow/example_dags/example_bash_operator.py took 0.100 seconds
[2024-07-02T09:21:15.081+0000] {processor.py:161} INFO - Started process (PID=1912) to work on /home/airflow/.local/lib/python3.8/site-packages/airflow/example_dags/example_bash_operator.py
[2024-07-02T09:21:15.082+0000] {processor.py:830} INFO - Processing file /home/airflow/.local/lib/python3.8/site-packages/airflow/example_dags/example_bash_operator.py for tasks to queue
[2024-07-02T09:21:15.083+0000] {logging_mixin.py:188} INFO - [2024-07-02T09:21:15.083+0000] {dagbag.py:538} INFO - Filling up the DagBag from /home/airflow/.local/lib/python3.8/site-packages/airflow/example_dags/example_bash_operator.py
[2024-07-02T09:21:15.094+0000] {processor.py:840} INFO - DAG(s) 'example_bash_operator' retrieved from /home/airflow/.local/lib/python3.8/site-packages/airflow/example_dags/example_bash_operator.py
[2024-07-02T09:21:15.121+0000] {logging_mixin.py:188} INFO - [2024-07-02T09:21:15.121+0000] {dag.py:3033} INFO - Sync 1 DAGs
[2024-07-02T09:21:15.142+0000] {logging_mixin.py:188} INFO - [2024-07-02T09:21:15.142+0000] {dag.py:3820} INFO - Setting next_dagrun for example_bash_operator to 2024-07-01T00:00:00+00:00, run_after=2024-07-02T00:00:00+00:00
[2024-07-02T09:21:15.159+0000] {processor.py:183} INFO - Processing /home/airflow/.local/lib/python3.8/site-packages/airflow/example_dags/example_bash_operator.py took 0.080 seconds
[2024-07-02T09:21:45.518+0000] {processor.py:161} INFO - Started process (PID=1966) to work on /home/airflow/.local/lib/python3.8/site-packages/airflow/example_dags/example_bash_operator.py
[2024-07-02T09:21:45.518+0000] {processor.py:830} INFO - Processing file /home/airflow/.local/lib/python3.8/site-packages/airflow/example_dags/example_bash_operator.py for tasks to queue
[2024-07-02T09:21:45.520+0000] {logging_mixin.py:188} INFO - [2024-07-02T09:21:45.520+0000] {dagbag.py:538} INFO - Filling up the DagBag from /home/airflow/.local/lib/python3.8/site-packages/airflow/example_dags/example_bash_operator.py
[2024-07-02T09:21:45.531+0000] {processor.py:840} INFO - DAG(s) 'example_bash_operator' retrieved from /home/airflow/.local/lib/python3.8/site-packages/airflow/example_dags/example_bash_operator.py
[2024-07-02T09:21:45.560+0000] {logging_mixin.py:188} INFO - [2024-07-02T09:21:45.560+0000] {dag.py:3033} INFO - Sync 1 DAGs
[2024-07-02T09:21:45.589+0000] {logging_mixin.py:188} INFO - [2024-07-02T09:21:45.589+0000] {dag.py:3820} INFO - Setting next_dagrun for example_bash_operator to 2024-07-01T00:00:00+00:00, run_after=2024-07-02T00:00:00+00:00
[2024-07-02T09:21:45.610+0000] {processor.py:183} INFO - Processing /home/airflow/.local/lib/python3.8/site-packages/airflow/example_dags/example_bash_operator.py took 0.095 seconds
[2024-07-02T09:22:15.678+0000] {processor.py:161} INFO - Started process (PID=2021) to work on /home/airflow/.local/lib/python3.8/site-packages/airflow/example_dags/example_bash_operator.py
[2024-07-02T09:22:15.682+0000] {processor.py:830} INFO - Processing file /home/airflow/.local/lib/python3.8/site-packages/airflow/example_dags/example_bash_operator.py for tasks to queue
[2024-07-02T09:22:15.683+0000] {logging_mixin.py:188} INFO - [2024-07-02T09:22:15.683+0000] {dagbag.py:538} INFO - Filling up the DagBag from /home/airflow/.local/lib/python3.8/site-packages/airflow/example_dags/example_bash_operator.py
[2024-07-02T09:22:15.695+0000] {processor.py:840} INFO - DAG(s) 'example_bash_operator' retrieved from /home/airflow/.local/lib/python3.8/site-packages/airflow/example_dags/example_bash_operator.py
[2024-07-02T09:22:15.725+0000] {logging_mixin.py:188} INFO - [2024-07-02T09:22:15.725+0000] {dag.py:3033} INFO - Sync 1 DAGs
[2024-07-02T09:22:15.747+0000] {logging_mixin.py:188} INFO - [2024-07-02T09:22:15.747+0000] {dag.py:3820} INFO - Setting next_dagrun for example_bash_operator to 2024-07-01T00:00:00+00:00, run_after=2024-07-02T00:00:00+00:00
[2024-07-02T09:22:15.763+0000] {processor.py:183} INFO - Processing /home/airflow/.local/lib/python3.8/site-packages/airflow/example_dags/example_bash_operator.py took 0.088 seconds
[2024-07-02T09:22:46.190+0000] {processor.py:161} INFO - Started process (PID=2076) to work on /home/airflow/.local/lib/python3.8/site-packages/airflow/example_dags/example_bash_operator.py
[2024-07-02T09:22:46.193+0000] {processor.py:830} INFO - Processing file /home/airflow/.local/lib/python3.8/site-packages/airflow/example_dags/example_bash_operator.py for tasks to queue
[2024-07-02T09:22:46.196+0000] {logging_mixin.py:188} INFO - [2024-07-02T09:22:46.195+0000] {dagbag.py:538} INFO - Filling up the DagBag from /home/airflow/.local/lib/python3.8/site-packages/airflow/example_dags/example_bash_operator.py
[2024-07-02T09:22:46.211+0000] {processor.py:840} INFO - DAG(s) 'example_bash_operator' retrieved from /home/airflow/.local/lib/python3.8/site-packages/airflow/example_dags/example_bash_operator.py
[2024-07-02T09:22:46.247+0000] {logging_mixin.py:188} INFO - [2024-07-02T09:22:46.247+0000] {dag.py:3033} INFO - Sync 1 DAGs
[2024-07-02T09:22:46.271+0000] {logging_mixin.py:188} INFO - [2024-07-02T09:22:46.271+0000] {dag.py:3820} INFO - Setting next_dagrun for example_bash_operator to 2024-07-01T00:00:00+00:00, run_after=2024-07-02T00:00:00+00:00
[2024-07-02T09:22:46.289+0000] {processor.py:183} INFO - Processing /home/airflow/.local/lib/python3.8/site-packages/airflow/example_dags/example_bash_operator.py took 0.102 seconds
[2024-07-02T09:23:16.373+0000] {processor.py:161} INFO - Started process (PID=2131) to work on /home/airflow/.local/lib/python3.8/site-packages/airflow/example_dags/example_bash_operator.py
[2024-07-02T09:23:16.374+0000] {processor.py:830} INFO - Processing file /home/airflow/.local/lib/python3.8/site-packages/airflow/example_dags/example_bash_operator.py for tasks to queue
[2024-07-02T09:23:16.376+0000] {logging_mixin.py:188} INFO - [2024-07-02T09:23:16.376+0000] {dagbag.py:538} INFO - Filling up the DagBag from /home/airflow/.local/lib/python3.8/site-packages/airflow/example_dags/example_bash_operator.py
[2024-07-02T09:23:16.389+0000] {processor.py:840} INFO - DAG(s) 'example_bash_operator' retrieved from /home/airflow/.local/lib/python3.8/site-packages/airflow/example_dags/example_bash_operator.py
[2024-07-02T09:23:16.436+0000] {logging_mixin.py:188} INFO - [2024-07-02T09:23:16.435+0000] {dag.py:3033} INFO - Sync 1 DAGs
[2024-07-02T09:23:16.463+0000] {logging_mixin.py:188} INFO - [2024-07-02T09:23:16.463+0000] {dag.py:3820} INFO - Setting next_dagrun for example_bash_operator to 2024-07-01T00:00:00+00:00, run_after=2024-07-02T00:00:00+00:00
[2024-07-02T09:23:16.486+0000] {processor.py:183} INFO - Processing /home/airflow/.local/lib/python3.8/site-packages/airflow/example_dags/example_bash_operator.py took 0.116 seconds
[2024-07-02T09:23:46.699+0000] {processor.py:161} INFO - Started process (PID=2186) to work on /home/airflow/.local/lib/python3.8/site-packages/airflow/example_dags/example_bash_operator.py
[2024-07-02T09:23:46.700+0000] {processor.py:830} INFO - Processing file /home/airflow/.local/lib/python3.8/site-packages/airflow/example_dags/example_bash_operator.py for tasks to queue
[2024-07-02T09:23:46.703+0000] {logging_mixin.py:188} INFO - [2024-07-02T09:23:46.703+0000] {dagbag.py:538} INFO - Filling up the DagBag from /home/airflow/.local/lib/python3.8/site-packages/airflow/example_dags/example_bash_operator.py
[2024-07-02T09:23:46.717+0000] {processor.py:840} INFO - DAG(s) 'example_bash_operator' retrieved from /home/airflow/.local/lib/python3.8/site-packages/airflow/example_dags/example_bash_operator.py
[2024-07-02T09:23:46.762+0000] {logging_mixin.py:188} INFO - [2024-07-02T09:23:46.761+0000] {dag.py:3033} INFO - Sync 1 DAGs
[2024-07-02T09:23:46.786+0000] {logging_mixin.py:188} INFO - [2024-07-02T09:23:46.786+0000] {dag.py:3820} INFO - Setting next_dagrun for example_bash_operator to 2024-07-01T00:00:00+00:00, run_after=2024-07-02T00:00:00+00:00
[2024-07-02T09:23:46.806+0000] {processor.py:183} INFO - Processing /home/airflow/.local/lib/python3.8/site-packages/airflow/example_dags/example_bash_operator.py took 0.110 seconds
