[2024-07-02T09:04:00.826+0000] {processor.py:161} INFO - Started process (PID=55) to work on /home/airflow/.local/lib/python3.8/site-packages/airflow/example_dags/example_branch_operator_decorator.py
[2024-07-02T09:04:00.827+0000] {processor.py:830} INFO - Processing file /home/airflow/.local/lib/python3.8/site-packages/airflow/example_dags/example_branch_operator_decorator.py for tasks to queue
[2024-07-02T09:04:00.831+0000] {logging_mixin.py:188} INFO - [2024-07-02T09:04:00.830+0000] {dagbag.py:538} INFO - Filling up the DagBag from /home/airflow/.local/lib/python3.8/site-packages/airflow/example_dags/example_branch_operator_decorator.py
[2024-07-02T09:04:00.884+0000] {processor.py:840} INFO - DAG(s) 'example_branch_python_operator_decorator' retrieved from /home/airflow/.local/lib/python3.8/site-packages/airflow/example_dags/example_branch_operator_decorator.py
[2024-07-02T09:04:01.084+0000] {logging_mixin.py:188} INFO - [2024-07-02T09:04:01.082+0000] {override.py:1769} INFO - Created Permission View: can edit on DAG:example_branch_python_operator_decorator
[2024-07-02T09:04:01.108+0000] {logging_mixin.py:188} INFO - [2024-07-02T09:04:01.107+0000] {override.py:1769} INFO - Created Permission View: can delete on DAG:example_branch_python_operator_decorator
[2024-07-02T09:04:01.124+0000] {logging_mixin.py:188} INFO - [2024-07-02T09:04:01.123+0000] {override.py:1769} INFO - Created Permission View: can read on DAG:example_branch_python_operator_decorator
[2024-07-02T09:04:01.125+0000] {logging_mixin.py:188} INFO - [2024-07-02T09:04:01.124+0000] {dag.py:3033} INFO - Sync 1 DAGs
[2024-07-02T09:04:01.153+0000] {logging_mixin.py:188} INFO - [2024-07-02T09:04:01.152+0000] {dag.py:3055} INFO - Creating ORM DAG for example_branch_python_operator_decorator
[2024-07-02T09:04:01.178+0000] {logging_mixin.py:188} INFO - [2024-07-02T09:04:01.178+0000] {dag.py:3820} INFO - Setting next_dagrun for example_branch_python_operator_decorator to 2024-07-01T00:00:00+00:00, run_after=2024-07-02T00:00:00+00:00
[2024-07-02T09:04:01.214+0000] {processor.py:183} INFO - Processing /home/airflow/.local/lib/python3.8/site-packages/airflow/example_dags/example_branch_operator_decorator.py took 0.400 seconds
[2024-07-02T09:04:32.041+0000] {processor.py:161} INFO - Started process (PID=109) to work on /home/airflow/.local/lib/python3.8/site-packages/airflow/example_dags/example_branch_operator_decorator.py
[2024-07-02T09:04:32.041+0000] {processor.py:830} INFO - Processing file /home/airflow/.local/lib/python3.8/site-packages/airflow/example_dags/example_branch_operator_decorator.py for tasks to queue
[2024-07-02T09:04:32.043+0000] {logging_mixin.py:188} INFO - [2024-07-02T09:04:32.043+0000] {dagbag.py:538} INFO - Filling up the DagBag from /home/airflow/.local/lib/python3.8/site-packages/airflow/example_dags/example_branch_operator_decorator.py
[2024-07-02T09:04:32.067+0000] {processor.py:840} INFO - DAG(s) 'example_branch_python_operator_decorator' retrieved from /home/airflow/.local/lib/python3.8/site-packages/airflow/example_dags/example_branch_operator_decorator.py
[2024-07-02T09:04:32.103+0000] {logging_mixin.py:188} INFO - [2024-07-02T09:04:32.103+0000] {dag.py:3033} INFO - Sync 1 DAGs
[2024-07-02T09:04:32.130+0000] {logging_mixin.py:188} INFO - [2024-07-02T09:04:32.130+0000] {dag.py:3820} INFO - Setting next_dagrun for example_branch_python_operator_decorator to 2024-07-01T00:00:00+00:00, run_after=2024-07-02T00:00:00+00:00
[2024-07-02T09:04:32.153+0000] {processor.py:183} INFO - Processing /home/airflow/.local/lib/python3.8/site-packages/airflow/example_dags/example_branch_operator_decorator.py took 0.115 seconds
[2024-07-02T09:05:02.533+0000] {processor.py:161} INFO - Started process (PID=165) to work on /home/airflow/.local/lib/python3.8/site-packages/airflow/example_dags/example_branch_operator_decorator.py
[2024-07-02T09:05:02.537+0000] {processor.py:830} INFO - Processing file /home/airflow/.local/lib/python3.8/site-packages/airflow/example_dags/example_branch_operator_decorator.py for tasks to queue
[2024-07-02T09:05:02.540+0000] {logging_mixin.py:188} INFO - [2024-07-02T09:05:02.540+0000] {dagbag.py:538} INFO - Filling up the DagBag from /home/airflow/.local/lib/python3.8/site-packages/airflow/example_dags/example_branch_operator_decorator.py
[2024-07-02T09:05:02.567+0000] {processor.py:840} INFO - DAG(s) 'example_branch_python_operator_decorator' retrieved from /home/airflow/.local/lib/python3.8/site-packages/airflow/example_dags/example_branch_operator_decorator.py
[2024-07-02T09:05:02.597+0000] {logging_mixin.py:188} INFO - [2024-07-02T09:05:02.597+0000] {dag.py:3033} INFO - Sync 1 DAGs
[2024-07-02T09:05:02.621+0000] {logging_mixin.py:188} INFO - [2024-07-02T09:05:02.621+0000] {dag.py:3820} INFO - Setting next_dagrun for example_branch_python_operator_decorator to 2024-07-01T00:00:00+00:00, run_after=2024-07-02T00:00:00+00:00
[2024-07-02T09:05:02.639+0000] {processor.py:183} INFO - Processing /home/airflow/.local/lib/python3.8/site-packages/airflow/example_dags/example_branch_operator_decorator.py took 0.112 seconds
[2024-07-02T09:05:32.667+0000] {processor.py:161} INFO - Started process (PID=220) to work on /home/airflow/.local/lib/python3.8/site-packages/airflow/example_dags/example_branch_operator_decorator.py
[2024-07-02T09:05:32.671+0000] {processor.py:830} INFO - Processing file /home/airflow/.local/lib/python3.8/site-packages/airflow/example_dags/example_branch_operator_decorator.py for tasks to queue
[2024-07-02T09:05:32.673+0000] {logging_mixin.py:188} INFO - [2024-07-02T09:05:32.672+0000] {dagbag.py:538} INFO - Filling up the DagBag from /home/airflow/.local/lib/python3.8/site-packages/airflow/example_dags/example_branch_operator_decorator.py
[2024-07-02T09:05:32.694+0000] {processor.py:840} INFO - DAG(s) 'example_branch_python_operator_decorator' retrieved from /home/airflow/.local/lib/python3.8/site-packages/airflow/example_dags/example_branch_operator_decorator.py
[2024-07-02T09:05:32.720+0000] {logging_mixin.py:188} INFO - [2024-07-02T09:05:32.720+0000] {dag.py:3033} INFO - Sync 1 DAGs
[2024-07-02T09:05:32.750+0000] {logging_mixin.py:188} INFO - [2024-07-02T09:05:32.750+0000] {dag.py:3820} INFO - Setting next_dagrun for example_branch_python_operator_decorator to 2024-07-01T00:00:00+00:00, run_after=2024-07-02T00:00:00+00:00
[2024-07-02T09:05:32.766+0000] {processor.py:183} INFO - Processing /home/airflow/.local/lib/python3.8/site-packages/airflow/example_dags/example_branch_operator_decorator.py took 0.102 seconds
[2024-07-02T09:06:02.878+0000] {processor.py:161} INFO - Started process (PID=275) to work on /home/airflow/.local/lib/python3.8/site-packages/airflow/example_dags/example_branch_operator_decorator.py
[2024-07-02T09:06:02.881+0000] {processor.py:830} INFO - Processing file /home/airflow/.local/lib/python3.8/site-packages/airflow/example_dags/example_branch_operator_decorator.py for tasks to queue
[2024-07-02T09:06:02.884+0000] {logging_mixin.py:188} INFO - [2024-07-02T09:06:02.884+0000] {dagbag.py:538} INFO - Filling up the DagBag from /home/airflow/.local/lib/python3.8/site-packages/airflow/example_dags/example_branch_operator_decorator.py
[2024-07-02T09:06:02.905+0000] {processor.py:840} INFO - DAG(s) 'example_branch_python_operator_decorator' retrieved from /home/airflow/.local/lib/python3.8/site-packages/airflow/example_dags/example_branch_operator_decorator.py
[2024-07-02T09:06:02.931+0000] {logging_mixin.py:188} INFO - [2024-07-02T09:06:02.931+0000] {dag.py:3033} INFO - Sync 1 DAGs
[2024-07-02T09:06:02.952+0000] {logging_mixin.py:188} INFO - [2024-07-02T09:06:02.951+0000] {dag.py:3820} INFO - Setting next_dagrun for example_branch_python_operator_decorator to 2024-07-01T00:00:00+00:00, run_after=2024-07-02T00:00:00+00:00
[2024-07-02T09:06:02.969+0000] {processor.py:183} INFO - Processing /home/airflow/.local/lib/python3.8/site-packages/airflow/example_dags/example_branch_operator_decorator.py took 0.095 seconds
[2024-07-02T09:06:33.253+0000] {processor.py:161} INFO - Started process (PID=329) to work on /home/airflow/.local/lib/python3.8/site-packages/airflow/example_dags/example_branch_operator_decorator.py
[2024-07-02T09:06:33.256+0000] {processor.py:830} INFO - Processing file /home/airflow/.local/lib/python3.8/site-packages/airflow/example_dags/example_branch_operator_decorator.py for tasks to queue
[2024-07-02T09:06:33.259+0000] {logging_mixin.py:188} INFO - [2024-07-02T09:06:33.259+0000] {dagbag.py:538} INFO - Filling up the DagBag from /home/airflow/.local/lib/python3.8/site-packages/airflow/example_dags/example_branch_operator_decorator.py
[2024-07-02T09:06:33.281+0000] {processor.py:840} INFO - DAG(s) 'example_branch_python_operator_decorator' retrieved from /home/airflow/.local/lib/python3.8/site-packages/airflow/example_dags/example_branch_operator_decorator.py
[2024-07-02T09:06:33.308+0000] {logging_mixin.py:188} INFO - [2024-07-02T09:06:33.308+0000] {dag.py:3033} INFO - Sync 1 DAGs
[2024-07-02T09:06:33.329+0000] {logging_mixin.py:188} INFO - [2024-07-02T09:06:33.329+0000] {dag.py:3820} INFO - Setting next_dagrun for example_branch_python_operator_decorator to 2024-07-01T00:00:00+00:00, run_after=2024-07-02T00:00:00+00:00
[2024-07-02T09:06:33.347+0000] {processor.py:183} INFO - Processing /home/airflow/.local/lib/python3.8/site-packages/airflow/example_dags/example_branch_operator_decorator.py took 0.097 seconds
[2024-07-02T09:07:03.835+0000] {processor.py:161} INFO - Started process (PID=384) to work on /home/airflow/.local/lib/python3.8/site-packages/airflow/example_dags/example_branch_operator_decorator.py
[2024-07-02T09:07:03.839+0000] {processor.py:830} INFO - Processing file /home/airflow/.local/lib/python3.8/site-packages/airflow/example_dags/example_branch_operator_decorator.py for tasks to queue
[2024-07-02T09:07:03.841+0000] {logging_mixin.py:188} INFO - [2024-07-02T09:07:03.841+0000] {dagbag.py:538} INFO - Filling up the DagBag from /home/airflow/.local/lib/python3.8/site-packages/airflow/example_dags/example_branch_operator_decorator.py
[2024-07-02T09:07:03.864+0000] {processor.py:840} INFO - DAG(s) 'example_branch_python_operator_decorator' retrieved from /home/airflow/.local/lib/python3.8/site-packages/airflow/example_dags/example_branch_operator_decorator.py
[2024-07-02T09:07:03.891+0000] {logging_mixin.py:188} INFO - [2024-07-02T09:07:03.891+0000] {dag.py:3033} INFO - Sync 1 DAGs
[2024-07-02T09:07:03.913+0000] {logging_mixin.py:188} INFO - [2024-07-02T09:07:03.912+0000] {dag.py:3820} INFO - Setting next_dagrun for example_branch_python_operator_decorator to 2024-07-01T00:00:00+00:00, run_after=2024-07-02T00:00:00+00:00
[2024-07-02T09:07:03.932+0000] {processor.py:183} INFO - Processing /home/airflow/.local/lib/python3.8/site-packages/airflow/example_dags/example_branch_operator_decorator.py took 0.104 seconds
[2024-07-02T09:07:34.422+0000] {processor.py:161} INFO - Started process (PID=439) to work on /home/airflow/.local/lib/python3.8/site-packages/airflow/example_dags/example_branch_operator_decorator.py
[2024-07-02T09:07:34.426+0000] {processor.py:830} INFO - Processing file /home/airflow/.local/lib/python3.8/site-packages/airflow/example_dags/example_branch_operator_decorator.py for tasks to queue
[2024-07-02T09:07:34.428+0000] {logging_mixin.py:188} INFO - [2024-07-02T09:07:34.428+0000] {dagbag.py:538} INFO - Filling up the DagBag from /home/airflow/.local/lib/python3.8/site-packages/airflow/example_dags/example_branch_operator_decorator.py
[2024-07-02T09:07:34.451+0000] {processor.py:840} INFO - DAG(s) 'example_branch_python_operator_decorator' retrieved from /home/airflow/.local/lib/python3.8/site-packages/airflow/example_dags/example_branch_operator_decorator.py
[2024-07-02T09:07:34.478+0000] {logging_mixin.py:188} INFO - [2024-07-02T09:07:34.477+0000] {dag.py:3033} INFO - Sync 1 DAGs
[2024-07-02T09:07:34.499+0000] {logging_mixin.py:188} INFO - [2024-07-02T09:07:34.499+0000] {dag.py:3820} INFO - Setting next_dagrun for example_branch_python_operator_decorator to 2024-07-01T00:00:00+00:00, run_after=2024-07-02T00:00:00+00:00
[2024-07-02T09:07:34.517+0000] {processor.py:183} INFO - Processing /home/airflow/.local/lib/python3.8/site-packages/airflow/example_dags/example_branch_operator_decorator.py took 0.100 seconds
[2024-07-02T09:08:04.957+0000] {processor.py:161} INFO - Started process (PID=494) to work on /home/airflow/.local/lib/python3.8/site-packages/airflow/example_dags/example_branch_operator_decorator.py
[2024-07-02T09:08:04.961+0000] {processor.py:830} INFO - Processing file /home/airflow/.local/lib/python3.8/site-packages/airflow/example_dags/example_branch_operator_decorator.py for tasks to queue
[2024-07-02T09:08:04.965+0000] {logging_mixin.py:188} INFO - [2024-07-02T09:08:04.964+0000] {dagbag.py:538} INFO - Filling up the DagBag from /home/airflow/.local/lib/python3.8/site-packages/airflow/example_dags/example_branch_operator_decorator.py
[2024-07-02T09:08:04.989+0000] {processor.py:840} INFO - DAG(s) 'example_branch_python_operator_decorator' retrieved from /home/airflow/.local/lib/python3.8/site-packages/airflow/example_dags/example_branch_operator_decorator.py
[2024-07-02T09:08:05.018+0000] {logging_mixin.py:188} INFO - [2024-07-02T09:08:05.018+0000] {dag.py:3033} INFO - Sync 1 DAGs
[2024-07-02T09:08:05.041+0000] {logging_mixin.py:188} INFO - [2024-07-02T09:08:05.041+0000] {dag.py:3820} INFO - Setting next_dagrun for example_branch_python_operator_decorator to 2024-07-01T00:00:00+00:00, run_after=2024-07-02T00:00:00+00:00
[2024-07-02T09:08:05.059+0000] {processor.py:183} INFO - Processing /home/airflow/.local/lib/python3.8/site-packages/airflow/example_dags/example_branch_operator_decorator.py took 0.109 seconds
[2024-07-02T09:08:35.549+0000] {processor.py:161} INFO - Started process (PID=549) to work on /home/airflow/.local/lib/python3.8/site-packages/airflow/example_dags/example_branch_operator_decorator.py
[2024-07-02T09:08:35.552+0000] {processor.py:830} INFO - Processing file /home/airflow/.local/lib/python3.8/site-packages/airflow/example_dags/example_branch_operator_decorator.py for tasks to queue
[2024-07-02T09:08:35.554+0000] {logging_mixin.py:188} INFO - [2024-07-02T09:08:35.554+0000] {dagbag.py:538} INFO - Filling up the DagBag from /home/airflow/.local/lib/python3.8/site-packages/airflow/example_dags/example_branch_operator_decorator.py
[2024-07-02T09:08:35.570+0000] {processor.py:840} INFO - DAG(s) 'example_branch_python_operator_decorator' retrieved from /home/airflow/.local/lib/python3.8/site-packages/airflow/example_dags/example_branch_operator_decorator.py
[2024-07-02T09:08:35.603+0000] {logging_mixin.py:188} INFO - [2024-07-02T09:08:35.603+0000] {dag.py:3033} INFO - Sync 1 DAGs
[2024-07-02T09:08:35.624+0000] {logging_mixin.py:188} INFO - [2024-07-02T09:08:35.624+0000] {dag.py:3820} INFO - Setting next_dagrun for example_branch_python_operator_decorator to 2024-07-01T00:00:00+00:00, run_after=2024-07-02T00:00:00+00:00
[2024-07-02T09:08:35.642+0000] {processor.py:183} INFO - Processing /home/airflow/.local/lib/python3.8/site-packages/airflow/example_dags/example_branch_operator_decorator.py took 0.096 seconds
[2024-07-02T09:09:06.125+0000] {processor.py:161} INFO - Started process (PID=604) to work on /home/airflow/.local/lib/python3.8/site-packages/airflow/example_dags/example_branch_operator_decorator.py
[2024-07-02T09:09:06.128+0000] {processor.py:830} INFO - Processing file /home/airflow/.local/lib/python3.8/site-packages/airflow/example_dags/example_branch_operator_decorator.py for tasks to queue
[2024-07-02T09:09:06.130+0000] {logging_mixin.py:188} INFO - [2024-07-02T09:09:06.130+0000] {dagbag.py:538} INFO - Filling up the DagBag from /home/airflow/.local/lib/python3.8/site-packages/airflow/example_dags/example_branch_operator_decorator.py
[2024-07-02T09:09:06.147+0000] {processor.py:840} INFO - DAG(s) 'example_branch_python_operator_decorator' retrieved from /home/airflow/.local/lib/python3.8/site-packages/airflow/example_dags/example_branch_operator_decorator.py
[2024-07-02T09:09:06.171+0000] {logging_mixin.py:188} INFO - [2024-07-02T09:09:06.171+0000] {dag.py:3033} INFO - Sync 1 DAGs
[2024-07-02T09:09:06.191+0000] {logging_mixin.py:188} INFO - [2024-07-02T09:09:06.191+0000] {dag.py:3820} INFO - Setting next_dagrun for example_branch_python_operator_decorator to 2024-07-01T00:00:00+00:00, run_after=2024-07-02T00:00:00+00:00
[2024-07-02T09:09:06.210+0000] {processor.py:183} INFO - Processing /home/airflow/.local/lib/python3.8/site-packages/airflow/example_dags/example_branch_operator_decorator.py took 0.087 seconds
[2024-07-02T09:09:36.762+0000] {processor.py:161} INFO - Started process (PID=659) to work on /home/airflow/.local/lib/python3.8/site-packages/airflow/example_dags/example_branch_operator_decorator.py
[2024-07-02T09:09:36.763+0000] {processor.py:830} INFO - Processing file /home/airflow/.local/lib/python3.8/site-packages/airflow/example_dags/example_branch_operator_decorator.py for tasks to queue
[2024-07-02T09:09:36.765+0000] {logging_mixin.py:188} INFO - [2024-07-02T09:09:36.765+0000] {dagbag.py:538} INFO - Filling up the DagBag from /home/airflow/.local/lib/python3.8/site-packages/airflow/example_dags/example_branch_operator_decorator.py
[2024-07-02T09:09:36.787+0000] {processor.py:840} INFO - DAG(s) 'example_branch_python_operator_decorator' retrieved from /home/airflow/.local/lib/python3.8/site-packages/airflow/example_dags/example_branch_operator_decorator.py
[2024-07-02T09:09:36.825+0000] {logging_mixin.py:188} INFO - [2024-07-02T09:09:36.825+0000] {dag.py:3033} INFO - Sync 1 DAGs
[2024-07-02T09:09:36.852+0000] {logging_mixin.py:188} INFO - [2024-07-02T09:09:36.852+0000] {dag.py:3820} INFO - Setting next_dagrun for example_branch_python_operator_decorator to 2024-07-01T00:00:00+00:00, run_after=2024-07-02T00:00:00+00:00
[2024-07-02T09:09:36.871+0000] {processor.py:183} INFO - Processing /home/airflow/.local/lib/python3.8/site-packages/airflow/example_dags/example_branch_operator_decorator.py took 0.113 seconds
[2024-07-02T09:10:07.061+0000] {processor.py:161} INFO - Started process (PID=714) to work on /home/airflow/.local/lib/python3.8/site-packages/airflow/example_dags/example_branch_operator_decorator.py
[2024-07-02T09:10:07.065+0000] {processor.py:830} INFO - Processing file /home/airflow/.local/lib/python3.8/site-packages/airflow/example_dags/example_branch_operator_decorator.py for tasks to queue
[2024-07-02T09:10:07.068+0000] {logging_mixin.py:188} INFO - [2024-07-02T09:10:07.068+0000] {dagbag.py:538} INFO - Filling up the DagBag from /home/airflow/.local/lib/python3.8/site-packages/airflow/example_dags/example_branch_operator_decorator.py
[2024-07-02T09:10:07.094+0000] {processor.py:840} INFO - DAG(s) 'example_branch_python_operator_decorator' retrieved from /home/airflow/.local/lib/python3.8/site-packages/airflow/example_dags/example_branch_operator_decorator.py
[2024-07-02T09:10:07.126+0000] {logging_mixin.py:188} INFO - [2024-07-02T09:10:07.125+0000] {dag.py:3033} INFO - Sync 1 DAGs
[2024-07-02T09:10:07.155+0000] {logging_mixin.py:188} INFO - [2024-07-02T09:10:07.155+0000] {dag.py:3820} INFO - Setting next_dagrun for example_branch_python_operator_decorator to 2024-07-01T00:00:00+00:00, run_after=2024-07-02T00:00:00+00:00
[2024-07-02T09:10:07.183+0000] {processor.py:183} INFO - Processing /home/airflow/.local/lib/python3.8/site-packages/airflow/example_dags/example_branch_operator_decorator.py took 0.126 seconds
[2024-07-02T09:10:37.700+0000] {processor.py:161} INFO - Started process (PID=769) to work on /home/airflow/.local/lib/python3.8/site-packages/airflow/example_dags/example_branch_operator_decorator.py
[2024-07-02T09:10:37.704+0000] {processor.py:830} INFO - Processing file /home/airflow/.local/lib/python3.8/site-packages/airflow/example_dags/example_branch_operator_decorator.py for tasks to queue
[2024-07-02T09:10:37.706+0000] {logging_mixin.py:188} INFO - [2024-07-02T09:10:37.706+0000] {dagbag.py:538} INFO - Filling up the DagBag from /home/airflow/.local/lib/python3.8/site-packages/airflow/example_dags/example_branch_operator_decorator.py
[2024-07-02T09:10:37.726+0000] {processor.py:840} INFO - DAG(s) 'example_branch_python_operator_decorator' retrieved from /home/airflow/.local/lib/python3.8/site-packages/airflow/example_dags/example_branch_operator_decorator.py
[2024-07-02T09:10:37.751+0000] {logging_mixin.py:188} INFO - [2024-07-02T09:10:37.751+0000] {dag.py:3033} INFO - Sync 1 DAGs
[2024-07-02T09:10:37.773+0000] {logging_mixin.py:188} INFO - [2024-07-02T09:10:37.773+0000] {dag.py:3820} INFO - Setting next_dagrun for example_branch_python_operator_decorator to 2024-07-01T00:00:00+00:00, run_after=2024-07-02T00:00:00+00:00
[2024-07-02T09:10:37.790+0000] {processor.py:183} INFO - Processing /home/airflow/.local/lib/python3.8/site-packages/airflow/example_dags/example_branch_operator_decorator.py took 0.092 seconds
[2024-07-02T09:11:08.258+0000] {processor.py:161} INFO - Started process (PID=824) to work on /home/airflow/.local/lib/python3.8/site-packages/airflow/example_dags/example_branch_operator_decorator.py
[2024-07-02T09:11:08.262+0000] {processor.py:830} INFO - Processing file /home/airflow/.local/lib/python3.8/site-packages/airflow/example_dags/example_branch_operator_decorator.py for tasks to queue
[2024-07-02T09:11:08.264+0000] {logging_mixin.py:188} INFO - [2024-07-02T09:11:08.264+0000] {dagbag.py:538} INFO - Filling up the DagBag from /home/airflow/.local/lib/python3.8/site-packages/airflow/example_dags/example_branch_operator_decorator.py
[2024-07-02T09:11:08.285+0000] {processor.py:840} INFO - DAG(s) 'example_branch_python_operator_decorator' retrieved from /home/airflow/.local/lib/python3.8/site-packages/airflow/example_dags/example_branch_operator_decorator.py
[2024-07-02T09:11:08.312+0000] {logging_mixin.py:188} INFO - [2024-07-02T09:11:08.312+0000] {dag.py:3033} INFO - Sync 1 DAGs
[2024-07-02T09:11:08.333+0000] {logging_mixin.py:188} INFO - [2024-07-02T09:11:08.333+0000] {dag.py:3820} INFO - Setting next_dagrun for example_branch_python_operator_decorator to 2024-07-01T00:00:00+00:00, run_after=2024-07-02T00:00:00+00:00
[2024-07-02T09:11:08.350+0000] {processor.py:183} INFO - Processing /home/airflow/.local/lib/python3.8/site-packages/airflow/example_dags/example_branch_operator_decorator.py took 0.095 seconds
[2024-07-02T09:11:38.500+0000] {processor.py:161} INFO - Started process (PID=879) to work on /home/airflow/.local/lib/python3.8/site-packages/airflow/example_dags/example_branch_operator_decorator.py
[2024-07-02T09:11:38.501+0000] {processor.py:830} INFO - Processing file /home/airflow/.local/lib/python3.8/site-packages/airflow/example_dags/example_branch_operator_decorator.py for tasks to queue
[2024-07-02T09:11:38.505+0000] {logging_mixin.py:188} INFO - [2024-07-02T09:11:38.505+0000] {dagbag.py:538} INFO - Filling up the DagBag from /home/airflow/.local/lib/python3.8/site-packages/airflow/example_dags/example_branch_operator_decorator.py
[2024-07-02T09:11:38.554+0000] {processor.py:840} INFO - DAG(s) 'example_branch_python_operator_decorator' retrieved from /home/airflow/.local/lib/python3.8/site-packages/airflow/example_dags/example_branch_operator_decorator.py
[2024-07-02T09:11:38.623+0000] {logging_mixin.py:188} INFO - [2024-07-02T09:11:38.623+0000] {dag.py:3033} INFO - Sync 1 DAGs
[2024-07-02T09:11:38.682+0000] {logging_mixin.py:188} INFO - [2024-07-02T09:11:38.681+0000] {dag.py:3820} INFO - Setting next_dagrun for example_branch_python_operator_decorator to 2024-07-01T00:00:00+00:00, run_after=2024-07-02T00:00:00+00:00
[2024-07-02T09:11:38.724+0000] {processor.py:183} INFO - Processing /home/airflow/.local/lib/python3.8/site-packages/airflow/example_dags/example_branch_operator_decorator.py took 0.231 seconds
[2024-07-02T09:12:09.129+0000] {processor.py:161} INFO - Started process (PID=934) to work on /home/airflow/.local/lib/python3.8/site-packages/airflow/example_dags/example_branch_operator_decorator.py
[2024-07-02T09:12:09.130+0000] {processor.py:830} INFO - Processing file /home/airflow/.local/lib/python3.8/site-packages/airflow/example_dags/example_branch_operator_decorator.py for tasks to queue
[2024-07-02T09:12:09.132+0000] {logging_mixin.py:188} INFO - [2024-07-02T09:12:09.131+0000] {dagbag.py:538} INFO - Filling up the DagBag from /home/airflow/.local/lib/python3.8/site-packages/airflow/example_dags/example_branch_operator_decorator.py
[2024-07-02T09:12:09.148+0000] {processor.py:840} INFO - DAG(s) 'example_branch_python_operator_decorator' retrieved from /home/airflow/.local/lib/python3.8/site-packages/airflow/example_dags/example_branch_operator_decorator.py
[2024-07-02T09:12:09.173+0000] {logging_mixin.py:188} INFO - [2024-07-02T09:12:09.173+0000] {dag.py:3033} INFO - Sync 1 DAGs
[2024-07-02T09:12:09.194+0000] {logging_mixin.py:188} INFO - [2024-07-02T09:12:09.194+0000] {dag.py:3820} INFO - Setting next_dagrun for example_branch_python_operator_decorator to 2024-07-01T00:00:00+00:00, run_after=2024-07-02T00:00:00+00:00
[2024-07-02T09:12:09.210+0000] {processor.py:183} INFO - Processing /home/airflow/.local/lib/python3.8/site-packages/airflow/example_dags/example_branch_operator_decorator.py took 0.083 seconds
[2024-07-02T09:12:39.288+0000] {processor.py:161} INFO - Started process (PID=989) to work on /home/airflow/.local/lib/python3.8/site-packages/airflow/example_dags/example_branch_operator_decorator.py
[2024-07-02T09:12:39.289+0000] {processor.py:830} INFO - Processing file /home/airflow/.local/lib/python3.8/site-packages/airflow/example_dags/example_branch_operator_decorator.py for tasks to queue
[2024-07-02T09:12:39.291+0000] {logging_mixin.py:188} INFO - [2024-07-02T09:12:39.290+0000] {dagbag.py:538} INFO - Filling up the DagBag from /home/airflow/.local/lib/python3.8/site-packages/airflow/example_dags/example_branch_operator_decorator.py
[2024-07-02T09:12:39.308+0000] {processor.py:840} INFO - DAG(s) 'example_branch_python_operator_decorator' retrieved from /home/airflow/.local/lib/python3.8/site-packages/airflow/example_dags/example_branch_operator_decorator.py
[2024-07-02T09:12:39.340+0000] {logging_mixin.py:188} INFO - [2024-07-02T09:12:39.340+0000] {dag.py:3033} INFO - Sync 1 DAGs
[2024-07-02T09:12:39.360+0000] {logging_mixin.py:188} INFO - [2024-07-02T09:12:39.359+0000] {dag.py:3820} INFO - Setting next_dagrun for example_branch_python_operator_decorator to 2024-07-01T00:00:00+00:00, run_after=2024-07-02T00:00:00+00:00
[2024-07-02T09:12:39.375+0000] {processor.py:183} INFO - Processing /home/airflow/.local/lib/python3.8/site-packages/airflow/example_dags/example_branch_operator_decorator.py took 0.089 seconds
[2024-07-02T09:13:09.990+0000] {processor.py:161} INFO - Started process (PID=1044) to work on /home/airflow/.local/lib/python3.8/site-packages/airflow/example_dags/example_branch_operator_decorator.py
[2024-07-02T09:13:09.991+0000] {processor.py:830} INFO - Processing file /home/airflow/.local/lib/python3.8/site-packages/airflow/example_dags/example_branch_operator_decorator.py for tasks to queue
[2024-07-02T09:13:09.993+0000] {logging_mixin.py:188} INFO - [2024-07-02T09:13:09.993+0000] {dagbag.py:538} INFO - Filling up the DagBag from /home/airflow/.local/lib/python3.8/site-packages/airflow/example_dags/example_branch_operator_decorator.py
[2024-07-02T09:13:10.011+0000] {processor.py:840} INFO - DAG(s) 'example_branch_python_operator_decorator' retrieved from /home/airflow/.local/lib/python3.8/site-packages/airflow/example_dags/example_branch_operator_decorator.py
[2024-07-02T09:13:10.045+0000] {logging_mixin.py:188} INFO - [2024-07-02T09:13:10.045+0000] {dag.py:3033} INFO - Sync 1 DAGs
[2024-07-02T09:13:10.067+0000] {logging_mixin.py:188} INFO - [2024-07-02T09:13:10.066+0000] {dag.py:3820} INFO - Setting next_dagrun for example_branch_python_operator_decorator to 2024-07-01T00:00:00+00:00, run_after=2024-07-02T00:00:00+00:00
[2024-07-02T09:13:10.084+0000] {processor.py:183} INFO - Processing /home/airflow/.local/lib/python3.8/site-packages/airflow/example_dags/example_branch_operator_decorator.py took 0.096 seconds
[2024-07-02T09:13:40.533+0000] {processor.py:161} INFO - Started process (PID=1099) to work on /home/airflow/.local/lib/python3.8/site-packages/airflow/example_dags/example_branch_operator_decorator.py
[2024-07-02T09:13:40.540+0000] {processor.py:830} INFO - Processing file /home/airflow/.local/lib/python3.8/site-packages/airflow/example_dags/example_branch_operator_decorator.py for tasks to queue
[2024-07-02T09:13:40.542+0000] {logging_mixin.py:188} INFO - [2024-07-02T09:13:40.541+0000] {dagbag.py:538} INFO - Filling up the DagBag from /home/airflow/.local/lib/python3.8/site-packages/airflow/example_dags/example_branch_operator_decorator.py
[2024-07-02T09:13:40.562+0000] {processor.py:840} INFO - DAG(s) 'example_branch_python_operator_decorator' retrieved from /home/airflow/.local/lib/python3.8/site-packages/airflow/example_dags/example_branch_operator_decorator.py
[2024-07-02T09:13:40.590+0000] {logging_mixin.py:188} INFO - [2024-07-02T09:13:40.590+0000] {dag.py:3033} INFO - Sync 1 DAGs
[2024-07-02T09:13:40.611+0000] {logging_mixin.py:188} INFO - [2024-07-02T09:13:40.611+0000] {dag.py:3820} INFO - Setting next_dagrun for example_branch_python_operator_decorator to 2024-07-01T00:00:00+00:00, run_after=2024-07-02T00:00:00+00:00
[2024-07-02T09:13:40.629+0000] {processor.py:183} INFO - Processing /home/airflow/.local/lib/python3.8/site-packages/airflow/example_dags/example_branch_operator_decorator.py took 0.098 seconds
[2024-07-02T09:14:11.040+0000] {processor.py:161} INFO - Started process (PID=1154) to work on /home/airflow/.local/lib/python3.8/site-packages/airflow/example_dags/example_branch_operator_decorator.py
[2024-07-02T09:14:11.042+0000] {processor.py:830} INFO - Processing file /home/airflow/.local/lib/python3.8/site-packages/airflow/example_dags/example_branch_operator_decorator.py for tasks to queue
[2024-07-02T09:14:11.044+0000] {logging_mixin.py:188} INFO - [2024-07-02T09:14:11.043+0000] {dagbag.py:538} INFO - Filling up the DagBag from /home/airflow/.local/lib/python3.8/site-packages/airflow/example_dags/example_branch_operator_decorator.py
[2024-07-02T09:14:11.061+0000] {processor.py:840} INFO - DAG(s) 'example_branch_python_operator_decorator' retrieved from /home/airflow/.local/lib/python3.8/site-packages/airflow/example_dags/example_branch_operator_decorator.py
[2024-07-02T09:14:11.097+0000] {logging_mixin.py:188} INFO - [2024-07-02T09:14:11.097+0000] {dag.py:3033} INFO - Sync 1 DAGs
[2024-07-02T09:14:11.121+0000] {logging_mixin.py:188} INFO - [2024-07-02T09:14:11.121+0000] {dag.py:3820} INFO - Setting next_dagrun for example_branch_python_operator_decorator to 2024-07-01T00:00:00+00:00, run_after=2024-07-02T00:00:00+00:00
[2024-07-02T09:14:11.142+0000] {processor.py:183} INFO - Processing /home/airflow/.local/lib/python3.8/site-packages/airflow/example_dags/example_branch_operator_decorator.py took 0.105 seconds
[2024-07-02T09:14:41.494+0000] {processor.py:161} INFO - Started process (PID=1209) to work on /home/airflow/.local/lib/python3.8/site-packages/airflow/example_dags/example_branch_operator_decorator.py
[2024-07-02T09:14:41.495+0000] {processor.py:830} INFO - Processing file /home/airflow/.local/lib/python3.8/site-packages/airflow/example_dags/example_branch_operator_decorator.py for tasks to queue
[2024-07-02T09:14:41.496+0000] {logging_mixin.py:188} INFO - [2024-07-02T09:14:41.496+0000] {dagbag.py:538} INFO - Filling up the DagBag from /home/airflow/.local/lib/python3.8/site-packages/airflow/example_dags/example_branch_operator_decorator.py
[2024-07-02T09:14:41.513+0000] {processor.py:840} INFO - DAG(s) 'example_branch_python_operator_decorator' retrieved from /home/airflow/.local/lib/python3.8/site-packages/airflow/example_dags/example_branch_operator_decorator.py
[2024-07-02T09:14:41.538+0000] {logging_mixin.py:188} INFO - [2024-07-02T09:14:41.538+0000] {dag.py:3033} INFO - Sync 1 DAGs
[2024-07-02T09:14:41.562+0000] {logging_mixin.py:188} INFO - [2024-07-02T09:14:41.562+0000] {dag.py:3820} INFO - Setting next_dagrun for example_branch_python_operator_decorator to 2024-07-01T00:00:00+00:00, run_after=2024-07-02T00:00:00+00:00
[2024-07-02T09:14:41.578+0000] {processor.py:183} INFO - Processing /home/airflow/.local/lib/python3.8/site-packages/airflow/example_dags/example_branch_operator_decorator.py took 0.087 seconds
[2024-07-02T09:15:12.079+0000] {processor.py:161} INFO - Started process (PID=1264) to work on /home/airflow/.local/lib/python3.8/site-packages/airflow/example_dags/example_branch_operator_decorator.py
[2024-07-02T09:15:12.079+0000] {processor.py:830} INFO - Processing file /home/airflow/.local/lib/python3.8/site-packages/airflow/example_dags/example_branch_operator_decorator.py for tasks to queue
[2024-07-02T09:15:12.081+0000] {logging_mixin.py:188} INFO - [2024-07-02T09:15:12.081+0000] {dagbag.py:538} INFO - Filling up the DagBag from /home/airflow/.local/lib/python3.8/site-packages/airflow/example_dags/example_branch_operator_decorator.py
[2024-07-02T09:15:12.099+0000] {processor.py:840} INFO - DAG(s) 'example_branch_python_operator_decorator' retrieved from /home/airflow/.local/lib/python3.8/site-packages/airflow/example_dags/example_branch_operator_decorator.py
[2024-07-02T09:15:12.124+0000] {logging_mixin.py:188} INFO - [2024-07-02T09:15:12.124+0000] {dag.py:3033} INFO - Sync 1 DAGs
[2024-07-02T09:15:12.151+0000] {logging_mixin.py:188} INFO - [2024-07-02T09:15:12.150+0000] {dag.py:3820} INFO - Setting next_dagrun for example_branch_python_operator_decorator to 2024-07-01T00:00:00+00:00, run_after=2024-07-02T00:00:00+00:00
[2024-07-02T09:15:12.166+0000] {processor.py:183} INFO - Processing /home/airflow/.local/lib/python3.8/site-packages/airflow/example_dags/example_branch_operator_decorator.py took 0.090 seconds
[2024-07-02T09:15:42.477+0000] {processor.py:161} INFO - Started process (PID=1319) to work on /home/airflow/.local/lib/python3.8/site-packages/airflow/example_dags/example_branch_operator_decorator.py
[2024-07-02T09:15:42.477+0000] {processor.py:830} INFO - Processing file /home/airflow/.local/lib/python3.8/site-packages/airflow/example_dags/example_branch_operator_decorator.py for tasks to queue
[2024-07-02T09:15:42.479+0000] {logging_mixin.py:188} INFO - [2024-07-02T09:15:42.479+0000] {dagbag.py:538} INFO - Filling up the DagBag from /home/airflow/.local/lib/python3.8/site-packages/airflow/example_dags/example_branch_operator_decorator.py
[2024-07-02T09:15:42.496+0000] {processor.py:840} INFO - DAG(s) 'example_branch_python_operator_decorator' retrieved from /home/airflow/.local/lib/python3.8/site-packages/airflow/example_dags/example_branch_operator_decorator.py
[2024-07-02T09:15:42.530+0000] {logging_mixin.py:188} INFO - [2024-07-02T09:15:42.530+0000] {dag.py:3033} INFO - Sync 1 DAGs
[2024-07-02T09:15:42.556+0000] {logging_mixin.py:188} INFO - [2024-07-02T09:15:42.555+0000] {dag.py:3820} INFO - Setting next_dagrun for example_branch_python_operator_decorator to 2024-07-01T00:00:00+00:00, run_after=2024-07-02T00:00:00+00:00
[2024-07-02T09:15:42.579+0000] {processor.py:183} INFO - Processing /home/airflow/.local/lib/python3.8/site-packages/airflow/example_dags/example_branch_operator_decorator.py took 0.105 seconds
[2024-07-02T09:16:13.146+0000] {processor.py:161} INFO - Started process (PID=1373) to work on /home/airflow/.local/lib/python3.8/site-packages/airflow/example_dags/example_branch_operator_decorator.py
[2024-07-02T09:16:13.146+0000] {processor.py:830} INFO - Processing file /home/airflow/.local/lib/python3.8/site-packages/airflow/example_dags/example_branch_operator_decorator.py for tasks to queue
[2024-07-02T09:16:13.148+0000] {logging_mixin.py:188} INFO - [2024-07-02T09:16:13.148+0000] {dagbag.py:538} INFO - Filling up the DagBag from /home/airflow/.local/lib/python3.8/site-packages/airflow/example_dags/example_branch_operator_decorator.py
[2024-07-02T09:16:13.167+0000] {processor.py:840} INFO - DAG(s) 'example_branch_python_operator_decorator' retrieved from /home/airflow/.local/lib/python3.8/site-packages/airflow/example_dags/example_branch_operator_decorator.py
[2024-07-02T09:16:13.192+0000] {logging_mixin.py:188} INFO - [2024-07-02T09:16:13.192+0000] {dag.py:3033} INFO - Sync 1 DAGs
[2024-07-02T09:16:13.213+0000] {logging_mixin.py:188} INFO - [2024-07-02T09:16:13.213+0000] {dag.py:3820} INFO - Setting next_dagrun for example_branch_python_operator_decorator to 2024-07-01T00:00:00+00:00, run_after=2024-07-02T00:00:00+00:00
[2024-07-02T09:16:13.229+0000] {processor.py:183} INFO - Processing /home/airflow/.local/lib/python3.8/site-packages/airflow/example_dags/example_branch_operator_decorator.py took 0.086 seconds
[2024-07-02T09:16:43.718+0000] {processor.py:161} INFO - Started process (PID=1428) to work on /home/airflow/.local/lib/python3.8/site-packages/airflow/example_dags/example_branch_operator_decorator.py
[2024-07-02T09:16:43.718+0000] {processor.py:830} INFO - Processing file /home/airflow/.local/lib/python3.8/site-packages/airflow/example_dags/example_branch_operator_decorator.py for tasks to queue
[2024-07-02T09:16:43.720+0000] {logging_mixin.py:188} INFO - [2024-07-02T09:16:43.720+0000] {dagbag.py:538} INFO - Filling up the DagBag from /home/airflow/.local/lib/python3.8/site-packages/airflow/example_dags/example_branch_operator_decorator.py
[2024-07-02T09:16:43.738+0000] {processor.py:840} INFO - DAG(s) 'example_branch_python_operator_decorator' retrieved from /home/airflow/.local/lib/python3.8/site-packages/airflow/example_dags/example_branch_operator_decorator.py
[2024-07-02T09:16:43.763+0000] {logging_mixin.py:188} INFO - [2024-07-02T09:16:43.763+0000] {dag.py:3033} INFO - Sync 1 DAGs
[2024-07-02T09:16:43.784+0000] {logging_mixin.py:188} INFO - [2024-07-02T09:16:43.784+0000] {dag.py:3820} INFO - Setting next_dagrun for example_branch_python_operator_decorator to 2024-07-01T00:00:00+00:00, run_after=2024-07-02T00:00:00+00:00
[2024-07-02T09:16:43.802+0000] {processor.py:183} INFO - Processing /home/airflow/.local/lib/python3.8/site-packages/airflow/example_dags/example_branch_operator_decorator.py took 0.087 seconds
[2024-07-02T09:17:14.231+0000] {processor.py:161} INFO - Started process (PID=1483) to work on /home/airflow/.local/lib/python3.8/site-packages/airflow/example_dags/example_branch_operator_decorator.py
[2024-07-02T09:17:14.231+0000] {processor.py:830} INFO - Processing file /home/airflow/.local/lib/python3.8/site-packages/airflow/example_dags/example_branch_operator_decorator.py for tasks to queue
[2024-07-02T09:17:14.233+0000] {logging_mixin.py:188} INFO - [2024-07-02T09:17:14.233+0000] {dagbag.py:538} INFO - Filling up the DagBag from /home/airflow/.local/lib/python3.8/site-packages/airflow/example_dags/example_branch_operator_decorator.py
[2024-07-02T09:17:14.250+0000] {processor.py:840} INFO - DAG(s) 'example_branch_python_operator_decorator' retrieved from /home/airflow/.local/lib/python3.8/site-packages/airflow/example_dags/example_branch_operator_decorator.py
[2024-07-02T09:17:14.276+0000] {logging_mixin.py:188} INFO - [2024-07-02T09:17:14.275+0000] {dag.py:3033} INFO - Sync 1 DAGs
[2024-07-02T09:17:14.297+0000] {logging_mixin.py:188} INFO - [2024-07-02T09:17:14.297+0000] {dag.py:3820} INFO - Setting next_dagrun for example_branch_python_operator_decorator to 2024-07-01T00:00:00+00:00, run_after=2024-07-02T00:00:00+00:00
[2024-07-02T09:17:14.313+0000] {processor.py:183} INFO - Processing /home/airflow/.local/lib/python3.8/site-packages/airflow/example_dags/example_branch_operator_decorator.py took 0.085 seconds
[2024-07-02T09:17:44.653+0000] {processor.py:161} INFO - Started process (PID=1539) to work on /home/airflow/.local/lib/python3.8/site-packages/airflow/example_dags/example_branch_operator_decorator.py
[2024-07-02T09:17:44.654+0000] {processor.py:830} INFO - Processing file /home/airflow/.local/lib/python3.8/site-packages/airflow/example_dags/example_branch_operator_decorator.py for tasks to queue
[2024-07-02T09:17:44.656+0000] {logging_mixin.py:188} INFO - [2024-07-02T09:17:44.655+0000] {dagbag.py:538} INFO - Filling up the DagBag from /home/airflow/.local/lib/python3.8/site-packages/airflow/example_dags/example_branch_operator_decorator.py
[2024-07-02T09:17:44.674+0000] {processor.py:840} INFO - DAG(s) 'example_branch_python_operator_decorator' retrieved from /home/airflow/.local/lib/python3.8/site-packages/airflow/example_dags/example_branch_operator_decorator.py
[2024-07-02T09:17:44.698+0000] {logging_mixin.py:188} INFO - [2024-07-02T09:17:44.698+0000] {dag.py:3033} INFO - Sync 1 DAGs
[2024-07-02T09:17:44.718+0000] {logging_mixin.py:188} INFO - [2024-07-02T09:17:44.718+0000] {dag.py:3820} INFO - Setting next_dagrun for example_branch_python_operator_decorator to 2024-07-01T00:00:00+00:00, run_after=2024-07-02T00:00:00+00:00
[2024-07-02T09:17:44.737+0000] {processor.py:183} INFO - Processing /home/airflow/.local/lib/python3.8/site-packages/airflow/example_dags/example_branch_operator_decorator.py took 0.087 seconds
[2024-07-02T09:18:15.138+0000] {processor.py:161} INFO - Started process (PID=1594) to work on /home/airflow/.local/lib/python3.8/site-packages/airflow/example_dags/example_branch_operator_decorator.py
[2024-07-02T09:18:15.139+0000] {processor.py:830} INFO - Processing file /home/airflow/.local/lib/python3.8/site-packages/airflow/example_dags/example_branch_operator_decorator.py for tasks to queue
[2024-07-02T09:18:15.140+0000] {logging_mixin.py:188} INFO - [2024-07-02T09:18:15.140+0000] {dagbag.py:538} INFO - Filling up the DagBag from /home/airflow/.local/lib/python3.8/site-packages/airflow/example_dags/example_branch_operator_decorator.py
[2024-07-02T09:18:15.158+0000] {processor.py:840} INFO - DAG(s) 'example_branch_python_operator_decorator' retrieved from /home/airflow/.local/lib/python3.8/site-packages/airflow/example_dags/example_branch_operator_decorator.py
[2024-07-02T09:18:15.184+0000] {logging_mixin.py:188} INFO - [2024-07-02T09:18:15.184+0000] {dag.py:3033} INFO - Sync 1 DAGs
[2024-07-02T09:18:15.207+0000] {logging_mixin.py:188} INFO - [2024-07-02T09:18:15.207+0000] {dag.py:3820} INFO - Setting next_dagrun for example_branch_python_operator_decorator to 2024-07-01T00:00:00+00:00, run_after=2024-07-02T00:00:00+00:00
[2024-07-02T09:18:15.225+0000] {processor.py:183} INFO - Processing /home/airflow/.local/lib/python3.8/site-packages/airflow/example_dags/example_branch_operator_decorator.py took 0.090 seconds
[2024-07-02T09:18:45.632+0000] {processor.py:161} INFO - Started process (PID=1649) to work on /home/airflow/.local/lib/python3.8/site-packages/airflow/example_dags/example_branch_operator_decorator.py
[2024-07-02T09:18:45.633+0000] {processor.py:830} INFO - Processing file /home/airflow/.local/lib/python3.8/site-packages/airflow/example_dags/example_branch_operator_decorator.py for tasks to queue
[2024-07-02T09:18:45.634+0000] {logging_mixin.py:188} INFO - [2024-07-02T09:18:45.634+0000] {dagbag.py:538} INFO - Filling up the DagBag from /home/airflow/.local/lib/python3.8/site-packages/airflow/example_dags/example_branch_operator_decorator.py
[2024-07-02T09:18:45.650+0000] {processor.py:840} INFO - DAG(s) 'example_branch_python_operator_decorator' retrieved from /home/airflow/.local/lib/python3.8/site-packages/airflow/example_dags/example_branch_operator_decorator.py
[2024-07-02T09:18:45.674+0000] {logging_mixin.py:188} INFO - [2024-07-02T09:18:45.674+0000] {dag.py:3033} INFO - Sync 1 DAGs
[2024-07-02T09:18:45.694+0000] {logging_mixin.py:188} INFO - [2024-07-02T09:18:45.694+0000] {dag.py:3820} INFO - Setting next_dagrun for example_branch_python_operator_decorator to 2024-07-01T00:00:00+00:00, run_after=2024-07-02T00:00:00+00:00
[2024-07-02T09:18:45.710+0000] {processor.py:183} INFO - Processing /home/airflow/.local/lib/python3.8/site-packages/airflow/example_dags/example_branch_operator_decorator.py took 0.080 seconds
[2024-07-02T09:19:16.056+0000] {processor.py:161} INFO - Started process (PID=1704) to work on /home/airflow/.local/lib/python3.8/site-packages/airflow/example_dags/example_branch_operator_decorator.py
[2024-07-02T09:19:16.057+0000] {processor.py:830} INFO - Processing file /home/airflow/.local/lib/python3.8/site-packages/airflow/example_dags/example_branch_operator_decorator.py for tasks to queue
[2024-07-02T09:19:16.059+0000] {logging_mixin.py:188} INFO - [2024-07-02T09:19:16.059+0000] {dagbag.py:538} INFO - Filling up the DagBag from /home/airflow/.local/lib/python3.8/site-packages/airflow/example_dags/example_branch_operator_decorator.py
[2024-07-02T09:19:16.078+0000] {processor.py:840} INFO - DAG(s) 'example_branch_python_operator_decorator' retrieved from /home/airflow/.local/lib/python3.8/site-packages/airflow/example_dags/example_branch_operator_decorator.py
[2024-07-02T09:19:16.107+0000] {logging_mixin.py:188} INFO - [2024-07-02T09:19:16.107+0000] {dag.py:3033} INFO - Sync 1 DAGs
[2024-07-02T09:19:16.130+0000] {logging_mixin.py:188} INFO - [2024-07-02T09:19:16.130+0000] {dag.py:3820} INFO - Setting next_dagrun for example_branch_python_operator_decorator to 2024-07-01T00:00:00+00:00, run_after=2024-07-02T00:00:00+00:00
[2024-07-02T09:19:16.147+0000] {processor.py:183} INFO - Processing /home/airflow/.local/lib/python3.8/site-packages/airflow/example_dags/example_branch_operator_decorator.py took 0.093 seconds
[2024-07-02T09:19:46.300+0000] {processor.py:161} INFO - Started process (PID=1758) to work on /home/airflow/.local/lib/python3.8/site-packages/airflow/example_dags/example_branch_operator_decorator.py
[2024-07-02T09:19:46.301+0000] {processor.py:830} INFO - Processing file /home/airflow/.local/lib/python3.8/site-packages/airflow/example_dags/example_branch_operator_decorator.py for tasks to queue
[2024-07-02T09:19:46.303+0000] {logging_mixin.py:188} INFO - [2024-07-02T09:19:46.303+0000] {dagbag.py:538} INFO - Filling up the DagBag from /home/airflow/.local/lib/python3.8/site-packages/airflow/example_dags/example_branch_operator_decorator.py
[2024-07-02T09:19:46.326+0000] {processor.py:840} INFO - DAG(s) 'example_branch_python_operator_decorator' retrieved from /home/airflow/.local/lib/python3.8/site-packages/airflow/example_dags/example_branch_operator_decorator.py
[2024-07-02T09:19:46.363+0000] {logging_mixin.py:188} INFO - [2024-07-02T09:19:46.363+0000] {dag.py:3033} INFO - Sync 1 DAGs
[2024-07-02T09:19:46.391+0000] {logging_mixin.py:188} INFO - [2024-07-02T09:19:46.391+0000] {dag.py:3820} INFO - Setting next_dagrun for example_branch_python_operator_decorator to 2024-07-01T00:00:00+00:00, run_after=2024-07-02T00:00:00+00:00
[2024-07-02T09:19:46.413+0000] {processor.py:183} INFO - Processing /home/airflow/.local/lib/python3.8/site-packages/airflow/example_dags/example_branch_operator_decorator.py took 0.116 seconds
[2024-07-02T09:20:16.916+0000] {processor.py:161} INFO - Started process (PID=1812) to work on /home/airflow/.local/lib/python3.8/site-packages/airflow/example_dags/example_branch_operator_decorator.py
[2024-07-02T09:20:16.917+0000] {processor.py:830} INFO - Processing file /home/airflow/.local/lib/python3.8/site-packages/airflow/example_dags/example_branch_operator_decorator.py for tasks to queue
[2024-07-02T09:20:16.919+0000] {logging_mixin.py:188} INFO - [2024-07-02T09:20:16.918+0000] {dagbag.py:538} INFO - Filling up the DagBag from /home/airflow/.local/lib/python3.8/site-packages/airflow/example_dags/example_branch_operator_decorator.py
[2024-07-02T09:20:16.935+0000] {processor.py:840} INFO - DAG(s) 'example_branch_python_operator_decorator' retrieved from /home/airflow/.local/lib/python3.8/site-packages/airflow/example_dags/example_branch_operator_decorator.py
[2024-07-02T09:20:16.960+0000] {logging_mixin.py:188} INFO - [2024-07-02T09:20:16.960+0000] {dag.py:3033} INFO - Sync 1 DAGs
[2024-07-02T09:20:16.984+0000] {logging_mixin.py:188} INFO - [2024-07-02T09:20:16.984+0000] {dag.py:3820} INFO - Setting next_dagrun for example_branch_python_operator_decorator to 2024-07-01T00:00:00+00:00, run_after=2024-07-02T00:00:00+00:00
[2024-07-02T09:20:17.001+0000] {processor.py:183} INFO - Processing /home/airflow/.local/lib/python3.8/site-packages/airflow/example_dags/example_branch_operator_decorator.py took 0.087 seconds
[2024-07-02T09:20:47.515+0000] {processor.py:161} INFO - Started process (PID=1867) to work on /home/airflow/.local/lib/python3.8/site-packages/airflow/example_dags/example_branch_operator_decorator.py
[2024-07-02T09:20:47.516+0000] {processor.py:830} INFO - Processing file /home/airflow/.local/lib/python3.8/site-packages/airflow/example_dags/example_branch_operator_decorator.py for tasks to queue
[2024-07-02T09:20:47.518+0000] {logging_mixin.py:188} INFO - [2024-07-02T09:20:47.517+0000] {dagbag.py:538} INFO - Filling up the DagBag from /home/airflow/.local/lib/python3.8/site-packages/airflow/example_dags/example_branch_operator_decorator.py
[2024-07-02T09:20:47.538+0000] {processor.py:840} INFO - DAG(s) 'example_branch_python_operator_decorator' retrieved from /home/airflow/.local/lib/python3.8/site-packages/airflow/example_dags/example_branch_operator_decorator.py
[2024-07-02T09:20:47.569+0000] {logging_mixin.py:188} INFO - [2024-07-02T09:20:47.569+0000] {dag.py:3033} INFO - Sync 1 DAGs
[2024-07-02T09:20:47.592+0000] {logging_mixin.py:188} INFO - [2024-07-02T09:20:47.592+0000] {dag.py:3820} INFO - Setting next_dagrun for example_branch_python_operator_decorator to 2024-07-01T00:00:00+00:00, run_after=2024-07-02T00:00:00+00:00
[2024-07-02T09:20:47.609+0000] {processor.py:183} INFO - Processing /home/airflow/.local/lib/python3.8/site-packages/airflow/example_dags/example_branch_operator_decorator.py took 0.097 seconds
[2024-07-02T09:21:18.610+0000] {processor.py:161} INFO - Started process (PID=1922) to work on /home/airflow/.local/lib/python3.8/site-packages/airflow/example_dags/example_branch_operator_decorator.py
[2024-07-02T09:21:18.611+0000] {processor.py:830} INFO - Processing file /home/airflow/.local/lib/python3.8/site-packages/airflow/example_dags/example_branch_operator_decorator.py for tasks to queue
[2024-07-02T09:21:18.612+0000] {logging_mixin.py:188} INFO - [2024-07-02T09:21:18.612+0000] {dagbag.py:538} INFO - Filling up the DagBag from /home/airflow/.local/lib/python3.8/site-packages/airflow/example_dags/example_branch_operator_decorator.py
[2024-07-02T09:21:18.630+0000] {processor.py:840} INFO - DAG(s) 'example_branch_python_operator_decorator' retrieved from /home/airflow/.local/lib/python3.8/site-packages/airflow/example_dags/example_branch_operator_decorator.py
[2024-07-02T09:21:18.656+0000] {logging_mixin.py:188} INFO - [2024-07-02T09:21:18.655+0000] {dag.py:3033} INFO - Sync 1 DAGs
[2024-07-02T09:21:18.676+0000] {logging_mixin.py:188} INFO - [2024-07-02T09:21:18.676+0000] {dag.py:3820} INFO - Setting next_dagrun for example_branch_python_operator_decorator to 2024-07-01T00:00:00+00:00, run_after=2024-07-02T00:00:00+00:00
[2024-07-02T09:21:18.691+0000] {processor.py:183} INFO - Processing /home/airflow/.local/lib/python3.8/site-packages/airflow/example_dags/example_branch_operator_decorator.py took 0.084 seconds
[2024-07-02T09:21:49.068+0000] {processor.py:161} INFO - Started process (PID=1976) to work on /home/airflow/.local/lib/python3.8/site-packages/airflow/example_dags/example_branch_operator_decorator.py
[2024-07-02T09:21:49.069+0000] {processor.py:830} INFO - Processing file /home/airflow/.local/lib/python3.8/site-packages/airflow/example_dags/example_branch_operator_decorator.py for tasks to queue
[2024-07-02T09:21:49.071+0000] {logging_mixin.py:188} INFO - [2024-07-02T09:21:49.071+0000] {dagbag.py:538} INFO - Filling up the DagBag from /home/airflow/.local/lib/python3.8/site-packages/airflow/example_dags/example_branch_operator_decorator.py
[2024-07-02T09:21:49.098+0000] {processor.py:840} INFO - DAG(s) 'example_branch_python_operator_decorator' retrieved from /home/airflow/.local/lib/python3.8/site-packages/airflow/example_dags/example_branch_operator_decorator.py
[2024-07-02T09:21:49.134+0000] {logging_mixin.py:188} INFO - [2024-07-02T09:21:49.134+0000] {dag.py:3033} INFO - Sync 1 DAGs
[2024-07-02T09:21:49.161+0000] {logging_mixin.py:188} INFO - [2024-07-02T09:21:49.161+0000] {dag.py:3820} INFO - Setting next_dagrun for example_branch_python_operator_decorator to 2024-07-01T00:00:00+00:00, run_after=2024-07-02T00:00:00+00:00
[2024-07-02T09:21:49.182+0000] {processor.py:183} INFO - Processing /home/airflow/.local/lib/python3.8/site-packages/airflow/example_dags/example_branch_operator_decorator.py took 0.118 seconds
[2024-07-02T09:22:19.285+0000] {processor.py:161} INFO - Started process (PID=2031) to work on /home/airflow/.local/lib/python3.8/site-packages/airflow/example_dags/example_branch_operator_decorator.py
[2024-07-02T09:22:19.286+0000] {processor.py:830} INFO - Processing file /home/airflow/.local/lib/python3.8/site-packages/airflow/example_dags/example_branch_operator_decorator.py for tasks to queue
[2024-07-02T09:22:19.288+0000] {logging_mixin.py:188} INFO - [2024-07-02T09:22:19.287+0000] {dagbag.py:538} INFO - Filling up the DagBag from /home/airflow/.local/lib/python3.8/site-packages/airflow/example_dags/example_branch_operator_decorator.py
[2024-07-02T09:22:19.309+0000] {processor.py:840} INFO - DAG(s) 'example_branch_python_operator_decorator' retrieved from /home/airflow/.local/lib/python3.8/site-packages/airflow/example_dags/example_branch_operator_decorator.py
[2024-07-02T09:22:19.341+0000] {logging_mixin.py:188} INFO - [2024-07-02T09:22:19.341+0000] {dag.py:3033} INFO - Sync 1 DAGs
[2024-07-02T09:22:19.368+0000] {logging_mixin.py:188} INFO - [2024-07-02T09:22:19.367+0000] {dag.py:3820} INFO - Setting next_dagrun for example_branch_python_operator_decorator to 2024-07-01T00:00:00+00:00, run_after=2024-07-02T00:00:00+00:00
[2024-07-02T09:22:19.390+0000] {processor.py:183} INFO - Processing /home/airflow/.local/lib/python3.8/site-packages/airflow/example_dags/example_branch_operator_decorator.py took 0.110 seconds
[2024-07-02T09:22:49.763+0000] {processor.py:161} INFO - Started process (PID=2086) to work on /home/airflow/.local/lib/python3.8/site-packages/airflow/example_dags/example_branch_operator_decorator.py
[2024-07-02T09:22:49.764+0000] {processor.py:830} INFO - Processing file /home/airflow/.local/lib/python3.8/site-packages/airflow/example_dags/example_branch_operator_decorator.py for tasks to queue
[2024-07-02T09:22:49.766+0000] {logging_mixin.py:188} INFO - [2024-07-02T09:22:49.766+0000] {dagbag.py:538} INFO - Filling up the DagBag from /home/airflow/.local/lib/python3.8/site-packages/airflow/example_dags/example_branch_operator_decorator.py
[2024-07-02T09:22:49.784+0000] {processor.py:840} INFO - DAG(s) 'example_branch_python_operator_decorator' retrieved from /home/airflow/.local/lib/python3.8/site-packages/airflow/example_dags/example_branch_operator_decorator.py
[2024-07-02T09:22:49.810+0000] {logging_mixin.py:188} INFO - [2024-07-02T09:22:49.810+0000] {dag.py:3033} INFO - Sync 1 DAGs
[2024-07-02T09:22:49.831+0000] {logging_mixin.py:188} INFO - [2024-07-02T09:22:49.830+0000] {dag.py:3820} INFO - Setting next_dagrun for example_branch_python_operator_decorator to 2024-07-01T00:00:00+00:00, run_after=2024-07-02T00:00:00+00:00
[2024-07-02T09:22:49.847+0000] {processor.py:183} INFO - Processing /home/airflow/.local/lib/python3.8/site-packages/airflow/example_dags/example_branch_operator_decorator.py took 0.086 seconds
[2024-07-02T09:23:19.901+0000] {processor.py:161} INFO - Started process (PID=2141) to work on /home/airflow/.local/lib/python3.8/site-packages/airflow/example_dags/example_branch_operator_decorator.py
[2024-07-02T09:23:19.902+0000] {processor.py:830} INFO - Processing file /home/airflow/.local/lib/python3.8/site-packages/airflow/example_dags/example_branch_operator_decorator.py for tasks to queue
[2024-07-02T09:23:19.904+0000] {logging_mixin.py:188} INFO - [2024-07-02T09:23:19.903+0000] {dagbag.py:538} INFO - Filling up the DagBag from /home/airflow/.local/lib/python3.8/site-packages/airflow/example_dags/example_branch_operator_decorator.py
[2024-07-02T09:23:19.920+0000] {processor.py:840} INFO - DAG(s) 'example_branch_python_operator_decorator' retrieved from /home/airflow/.local/lib/python3.8/site-packages/airflow/example_dags/example_branch_operator_decorator.py
[2024-07-02T09:23:19.945+0000] {logging_mixin.py:188} INFO - [2024-07-02T09:23:19.945+0000] {dag.py:3033} INFO - Sync 1 DAGs
[2024-07-02T09:23:19.967+0000] {logging_mixin.py:188} INFO - [2024-07-02T09:23:19.966+0000] {dag.py:3820} INFO - Setting next_dagrun for example_branch_python_operator_decorator to 2024-07-01T00:00:00+00:00, run_after=2024-07-02T00:00:00+00:00
[2024-07-02T09:23:19.985+0000] {processor.py:183} INFO - Processing /home/airflow/.local/lib/python3.8/site-packages/airflow/example_dags/example_branch_operator_decorator.py took 0.086 seconds
[2024-07-02T09:23:50.552+0000] {processor.py:161} INFO - Started process (PID=2196) to work on /home/airflow/.local/lib/python3.8/site-packages/airflow/example_dags/example_branch_operator_decorator.py
[2024-07-02T09:23:50.553+0000] {processor.py:830} INFO - Processing file /home/airflow/.local/lib/python3.8/site-packages/airflow/example_dags/example_branch_operator_decorator.py for tasks to queue
[2024-07-02T09:23:50.554+0000] {logging_mixin.py:188} INFO - [2024-07-02T09:23:50.554+0000] {dagbag.py:538} INFO - Filling up the DagBag from /home/airflow/.local/lib/python3.8/site-packages/airflow/example_dags/example_branch_operator_decorator.py
[2024-07-02T09:23:50.572+0000] {processor.py:840} INFO - DAG(s) 'example_branch_python_operator_decorator' retrieved from /home/airflow/.local/lib/python3.8/site-packages/airflow/example_dags/example_branch_operator_decorator.py
[2024-07-02T09:23:50.610+0000] {logging_mixin.py:188} INFO - [2024-07-02T09:23:50.609+0000] {dag.py:3033} INFO - Sync 1 DAGs
[2024-07-02T09:23:50.640+0000] {logging_mixin.py:188} INFO - [2024-07-02T09:23:50.640+0000] {dag.py:3820} INFO - Setting next_dagrun for example_branch_python_operator_decorator to 2024-07-01T00:00:00+00:00, run_after=2024-07-02T00:00:00+00:00
[2024-07-02T09:23:50.662+0000] {processor.py:183} INFO - Processing /home/airflow/.local/lib/python3.8/site-packages/airflow/example_dags/example_branch_operator_decorator.py took 0.113 seconds
