[2024-07-02T09:04:01.521+0000] {processor.py:161} INFO - Started process (PID=59) to work on /home/airflow/.local/lib/python3.8/site-packages/airflow/example_dags/example_xcom.py
[2024-07-02T09:04:01.522+0000] {processor.py:830} INFO - Processing file /home/airflow/.local/lib/python3.8/site-packages/airflow/example_dags/example_xcom.py for tasks to queue
[2024-07-02T09:04:01.525+0000] {logging_mixin.py:188} INFO - [2024-07-02T09:04:01.525+0000] {dagbag.py:538} INFO - Filling up the DagBag from /home/airflow/.local/lib/python3.8/site-packages/airflow/example_dags/example_xcom.py
[2024-07-02T09:04:01.538+0000] {processor.py:840} INFO - DAG(s) 'example_xcom' retrieved from /home/airflow/.local/lib/python3.8/site-packages/airflow/example_dags/example_xcom.py
[2024-07-02T09:04:01.683+0000] {logging_mixin.py:188} INFO - [2024-07-02T09:04:01.681+0000] {override.py:1769} INFO - Created Permission View: can edit on DAG:example_xcom
[2024-07-02T09:04:01.706+0000] {logging_mixin.py:188} INFO - [2024-07-02T09:04:01.705+0000] {override.py:1769} INFO - Created Permission View: can delete on DAG:example_xcom
[2024-07-02T09:04:01.723+0000] {logging_mixin.py:188} INFO - [2024-07-02T09:04:01.723+0000] {override.py:1769} INFO - Created Permission View: can read on DAG:example_xcom
[2024-07-02T09:04:01.724+0000] {logging_mixin.py:188} INFO - [2024-07-02T09:04:01.724+0000] {dag.py:3033} INFO - Sync 1 DAGs
[2024-07-02T09:04:01.750+0000] {logging_mixin.py:188} INFO - [2024-07-02T09:04:01.750+0000] {dag.py:3055} INFO - Creating ORM DAG for example_xcom
[2024-07-02T09:04:01.779+0000] {logging_mixin.py:188} INFO - [2024-07-02T09:04:01.778+0000] {dag.py:3820} INFO - Setting next_dagrun for example_xcom to 2021-01-01T00:00:00+00:00, run_after=2021-01-01T00:00:00+00:00
[2024-07-02T09:04:01.815+0000] {processor.py:183} INFO - Processing /home/airflow/.local/lib/python3.8/site-packages/airflow/example_dags/example_xcom.py took 0.298 seconds
[2024-07-02T09:04:32.322+0000] {processor.py:161} INFO - Started process (PID=113) to work on /home/airflow/.local/lib/python3.8/site-packages/airflow/example_dags/example_xcom.py
[2024-07-02T09:04:32.323+0000] {processor.py:830} INFO - Processing file /home/airflow/.local/lib/python3.8/site-packages/airflow/example_dags/example_xcom.py for tasks to queue
[2024-07-02T09:04:32.326+0000] {logging_mixin.py:188} INFO - [2024-07-02T09:04:32.326+0000] {dagbag.py:538} INFO - Filling up the DagBag from /home/airflow/.local/lib/python3.8/site-packages/airflow/example_dags/example_xcom.py
[2024-07-02T09:04:32.338+0000] {processor.py:840} INFO - DAG(s) 'example_xcom' retrieved from /home/airflow/.local/lib/python3.8/site-packages/airflow/example_dags/example_xcom.py
[2024-07-02T09:04:32.373+0000] {logging_mixin.py:188} INFO - [2024-07-02T09:04:32.373+0000] {dag.py:3033} INFO - Sync 1 DAGs
[2024-07-02T09:04:32.402+0000] {logging_mixin.py:188} INFO - [2024-07-02T09:04:32.402+0000] {dag.py:3820} INFO - Setting next_dagrun for example_xcom to 2021-01-01T00:00:00+00:00, run_after=2021-01-01T00:00:00+00:00
[2024-07-02T09:04:32.424+0000] {processor.py:183} INFO - Processing /home/airflow/.local/lib/python3.8/site-packages/airflow/example_dags/example_xcom.py took 0.107 seconds
[2024-07-02T09:05:02.726+0000] {processor.py:161} INFO - Started process (PID=169) to work on /home/airflow/.local/lib/python3.8/site-packages/airflow/example_dags/example_xcom.py
[2024-07-02T09:05:02.727+0000] {processor.py:830} INFO - Processing file /home/airflow/.local/lib/python3.8/site-packages/airflow/example_dags/example_xcom.py for tasks to queue
[2024-07-02T09:05:02.728+0000] {logging_mixin.py:188} INFO - [2024-07-02T09:05:02.728+0000] {dagbag.py:538} INFO - Filling up the DagBag from /home/airflow/.local/lib/python3.8/site-packages/airflow/example_dags/example_xcom.py
[2024-07-02T09:05:02.735+0000] {processor.py:840} INFO - DAG(s) 'example_xcom' retrieved from /home/airflow/.local/lib/python3.8/site-packages/airflow/example_dags/example_xcom.py
[2024-07-02T09:05:02.756+0000] {logging_mixin.py:188} INFO - [2024-07-02T09:05:02.756+0000] {dag.py:3033} INFO - Sync 1 DAGs
[2024-07-02T09:05:02.779+0000] {logging_mixin.py:188} INFO - [2024-07-02T09:05:02.779+0000] {dag.py:3820} INFO - Setting next_dagrun for example_xcom to 2021-01-01T00:00:00+00:00, run_after=2021-01-01T00:00:00+00:00
[2024-07-02T09:05:02.796+0000] {processor.py:183} INFO - Processing /home/airflow/.local/lib/python3.8/site-packages/airflow/example_dags/example_xcom.py took 0.073 seconds
[2024-07-02T09:05:32.887+0000] {processor.py:161} INFO - Started process (PID=224) to work on /home/airflow/.local/lib/python3.8/site-packages/airflow/example_dags/example_xcom.py
[2024-07-02T09:05:32.891+0000] {processor.py:830} INFO - Processing file /home/airflow/.local/lib/python3.8/site-packages/airflow/example_dags/example_xcom.py for tasks to queue
[2024-07-02T09:05:32.892+0000] {logging_mixin.py:188} INFO - [2024-07-02T09:05:32.892+0000] {dagbag.py:538} INFO - Filling up the DagBag from /home/airflow/.local/lib/python3.8/site-packages/airflow/example_dags/example_xcom.py
[2024-07-02T09:05:32.899+0000] {processor.py:840} INFO - DAG(s) 'example_xcom' retrieved from /home/airflow/.local/lib/python3.8/site-packages/airflow/example_dags/example_xcom.py
[2024-07-02T09:05:32.919+0000] {logging_mixin.py:188} INFO - [2024-07-02T09:05:32.919+0000] {dag.py:3033} INFO - Sync 1 DAGs
[2024-07-02T09:05:32.938+0000] {logging_mixin.py:188} INFO - [2024-07-02T09:05:32.938+0000] {dag.py:3820} INFO - Setting next_dagrun for example_xcom to 2021-01-01T00:00:00+00:00, run_after=2021-01-01T00:00:00+00:00
[2024-07-02T09:05:32.956+0000] {processor.py:183} INFO - Processing /home/airflow/.local/lib/python3.8/site-packages/airflow/example_dags/example_xcom.py took 0.071 seconds
[2024-07-02T09:06:03.062+0000] {processor.py:161} INFO - Started process (PID=279) to work on /home/airflow/.local/lib/python3.8/site-packages/airflow/example_dags/example_xcom.py
[2024-07-02T09:06:03.063+0000] {processor.py:830} INFO - Processing file /home/airflow/.local/lib/python3.8/site-packages/airflow/example_dags/example_xcom.py for tasks to queue
[2024-07-02T09:06:03.064+0000] {logging_mixin.py:188} INFO - [2024-07-02T09:06:03.064+0000] {dagbag.py:538} INFO - Filling up the DagBag from /home/airflow/.local/lib/python3.8/site-packages/airflow/example_dags/example_xcom.py
[2024-07-02T09:06:03.072+0000] {processor.py:840} INFO - DAG(s) 'example_xcom' retrieved from /home/airflow/.local/lib/python3.8/site-packages/airflow/example_dags/example_xcom.py
[2024-07-02T09:06:03.092+0000] {logging_mixin.py:188} INFO - [2024-07-02T09:06:03.092+0000] {dag.py:3033} INFO - Sync 1 DAGs
[2024-07-02T09:06:03.114+0000] {logging_mixin.py:188} INFO - [2024-07-02T09:06:03.113+0000] {dag.py:3820} INFO - Setting next_dagrun for example_xcom to 2021-01-01T00:00:00+00:00, run_after=2021-01-01T00:00:00+00:00
[2024-07-02T09:06:03.130+0000] {processor.py:183} INFO - Processing /home/airflow/.local/lib/python3.8/site-packages/airflow/example_dags/example_xcom.py took 0.071 seconds
[2024-07-02T09:06:33.451+0000] {processor.py:161} INFO - Started process (PID=333) to work on /home/airflow/.local/lib/python3.8/site-packages/airflow/example_dags/example_xcom.py
[2024-07-02T09:06:33.452+0000] {processor.py:830} INFO - Processing file /home/airflow/.local/lib/python3.8/site-packages/airflow/example_dags/example_xcom.py for tasks to queue
[2024-07-02T09:06:33.454+0000] {logging_mixin.py:188} INFO - [2024-07-02T09:06:33.453+0000] {dagbag.py:538} INFO - Filling up the DagBag from /home/airflow/.local/lib/python3.8/site-packages/airflow/example_dags/example_xcom.py
[2024-07-02T09:06:33.460+0000] {processor.py:840} INFO - DAG(s) 'example_xcom' retrieved from /home/airflow/.local/lib/python3.8/site-packages/airflow/example_dags/example_xcom.py
[2024-07-02T09:06:33.480+0000] {logging_mixin.py:188} INFO - [2024-07-02T09:06:33.480+0000] {dag.py:3033} INFO - Sync 1 DAGs
[2024-07-02T09:06:33.502+0000] {logging_mixin.py:188} INFO - [2024-07-02T09:06:33.502+0000] {dag.py:3820} INFO - Setting next_dagrun for example_xcom to 2021-01-01T00:00:00+00:00, run_after=2021-01-01T00:00:00+00:00
[2024-07-02T09:06:33.546+0000] {processor.py:183} INFO - Processing /home/airflow/.local/lib/python3.8/site-packages/airflow/example_dags/example_xcom.py took 0.097 seconds
[2024-07-02T09:07:04.033+0000] {processor.py:161} INFO - Started process (PID=388) to work on /home/airflow/.local/lib/python3.8/site-packages/airflow/example_dags/example_xcom.py
[2024-07-02T09:07:04.033+0000] {processor.py:830} INFO - Processing file /home/airflow/.local/lib/python3.8/site-packages/airflow/example_dags/example_xcom.py for tasks to queue
[2024-07-02T09:07:04.035+0000] {logging_mixin.py:188} INFO - [2024-07-02T09:07:04.035+0000] {dagbag.py:538} INFO - Filling up the DagBag from /home/airflow/.local/lib/python3.8/site-packages/airflow/example_dags/example_xcom.py
[2024-07-02T09:07:04.042+0000] {processor.py:840} INFO - DAG(s) 'example_xcom' retrieved from /home/airflow/.local/lib/python3.8/site-packages/airflow/example_dags/example_xcom.py
[2024-07-02T09:07:04.065+0000] {logging_mixin.py:188} INFO - [2024-07-02T09:07:04.064+0000] {dag.py:3033} INFO - Sync 1 DAGs
[2024-07-02T09:07:04.086+0000] {logging_mixin.py:188} INFO - [2024-07-02T09:07:04.086+0000] {dag.py:3820} INFO - Setting next_dagrun for example_xcom to 2021-01-01T00:00:00+00:00, run_after=2021-01-01T00:00:00+00:00
[2024-07-02T09:07:04.103+0000] {processor.py:183} INFO - Processing /home/airflow/.local/lib/python3.8/site-packages/airflow/example_dags/example_xcom.py took 0.073 seconds
[2024-07-02T09:07:34.611+0000] {processor.py:161} INFO - Started process (PID=443) to work on /home/airflow/.local/lib/python3.8/site-packages/airflow/example_dags/example_xcom.py
[2024-07-02T09:07:34.611+0000] {processor.py:830} INFO - Processing file /home/airflow/.local/lib/python3.8/site-packages/airflow/example_dags/example_xcom.py for tasks to queue
[2024-07-02T09:07:34.613+0000] {logging_mixin.py:188} INFO - [2024-07-02T09:07:34.613+0000] {dagbag.py:538} INFO - Filling up the DagBag from /home/airflow/.local/lib/python3.8/site-packages/airflow/example_dags/example_xcom.py
[2024-07-02T09:07:34.620+0000] {processor.py:840} INFO - DAG(s) 'example_xcom' retrieved from /home/airflow/.local/lib/python3.8/site-packages/airflow/example_dags/example_xcom.py
[2024-07-02T09:07:34.641+0000] {logging_mixin.py:188} INFO - [2024-07-02T09:07:34.641+0000] {dag.py:3033} INFO - Sync 1 DAGs
[2024-07-02T09:07:34.663+0000] {logging_mixin.py:188} INFO - [2024-07-02T09:07:34.663+0000] {dag.py:3820} INFO - Setting next_dagrun for example_xcom to 2021-01-01T00:00:00+00:00, run_after=2021-01-01T00:00:00+00:00
[2024-07-02T09:07:34.680+0000] {processor.py:183} INFO - Processing /home/airflow/.local/lib/python3.8/site-packages/airflow/example_dags/example_xcom.py took 0.072 seconds
[2024-07-02T09:08:05.154+0000] {processor.py:161} INFO - Started process (PID=498) to work on /home/airflow/.local/lib/python3.8/site-packages/airflow/example_dags/example_xcom.py
[2024-07-02T09:08:05.154+0000] {processor.py:830} INFO - Processing file /home/airflow/.local/lib/python3.8/site-packages/airflow/example_dags/example_xcom.py for tasks to queue
[2024-07-02T09:08:05.156+0000] {logging_mixin.py:188} INFO - [2024-07-02T09:08:05.156+0000] {dagbag.py:538} INFO - Filling up the DagBag from /home/airflow/.local/lib/python3.8/site-packages/airflow/example_dags/example_xcom.py
[2024-07-02T09:08:05.163+0000] {processor.py:840} INFO - DAG(s) 'example_xcom' retrieved from /home/airflow/.local/lib/python3.8/site-packages/airflow/example_dags/example_xcom.py
[2024-07-02T09:08:05.184+0000] {logging_mixin.py:188} INFO - [2024-07-02T09:08:05.184+0000] {dag.py:3033} INFO - Sync 1 DAGs
[2024-07-02T09:08:05.220+0000] {logging_mixin.py:188} INFO - [2024-07-02T09:08:05.220+0000] {dag.py:3820} INFO - Setting next_dagrun for example_xcom to 2021-01-01T00:00:00+00:00, run_after=2021-01-01T00:00:00+00:00
[2024-07-02T09:08:05.251+0000] {processor.py:183} INFO - Processing /home/airflow/.local/lib/python3.8/site-packages/airflow/example_dags/example_xcom.py took 0.100 seconds
[2024-07-02T09:08:35.724+0000] {processor.py:161} INFO - Started process (PID=553) to work on /home/airflow/.local/lib/python3.8/site-packages/airflow/example_dags/example_xcom.py
[2024-07-02T09:08:35.724+0000] {processor.py:830} INFO - Processing file /home/airflow/.local/lib/python3.8/site-packages/airflow/example_dags/example_xcom.py for tasks to queue
[2024-07-02T09:08:35.726+0000] {logging_mixin.py:188} INFO - [2024-07-02T09:08:35.726+0000] {dagbag.py:538} INFO - Filling up the DagBag from /home/airflow/.local/lib/python3.8/site-packages/airflow/example_dags/example_xcom.py
[2024-07-02T09:08:35.732+0000] {processor.py:840} INFO - DAG(s) 'example_xcom' retrieved from /home/airflow/.local/lib/python3.8/site-packages/airflow/example_dags/example_xcom.py
[2024-07-02T09:08:35.751+0000] {logging_mixin.py:188} INFO - [2024-07-02T09:08:35.751+0000] {dag.py:3033} INFO - Sync 1 DAGs
[2024-07-02T09:08:35.772+0000] {logging_mixin.py:188} INFO - [2024-07-02T09:08:35.772+0000] {dag.py:3820} INFO - Setting next_dagrun for example_xcom to 2021-01-01T00:00:00+00:00, run_after=2021-01-01T00:00:00+00:00
[2024-07-02T09:08:35.793+0000] {processor.py:183} INFO - Processing /home/airflow/.local/lib/python3.8/site-packages/airflow/example_dags/example_xcom.py took 0.072 seconds
[2024-07-02T09:09:06.300+0000] {processor.py:161} INFO - Started process (PID=608) to work on /home/airflow/.local/lib/python3.8/site-packages/airflow/example_dags/example_xcom.py
[2024-07-02T09:09:06.301+0000] {processor.py:830} INFO - Processing file /home/airflow/.local/lib/python3.8/site-packages/airflow/example_dags/example_xcom.py for tasks to queue
[2024-07-02T09:09:06.302+0000] {logging_mixin.py:188} INFO - [2024-07-02T09:09:06.302+0000] {dagbag.py:538} INFO - Filling up the DagBag from /home/airflow/.local/lib/python3.8/site-packages/airflow/example_dags/example_xcom.py
[2024-07-02T09:09:06.309+0000] {processor.py:840} INFO - DAG(s) 'example_xcom' retrieved from /home/airflow/.local/lib/python3.8/site-packages/airflow/example_dags/example_xcom.py
[2024-07-02T09:09:06.331+0000] {logging_mixin.py:188} INFO - [2024-07-02T09:09:06.331+0000] {dag.py:3033} INFO - Sync 1 DAGs
[2024-07-02T09:09:06.358+0000] {logging_mixin.py:188} INFO - [2024-07-02T09:09:06.357+0000] {dag.py:3820} INFO - Setting next_dagrun for example_xcom to 2021-01-01T00:00:00+00:00, run_after=2021-01-01T00:00:00+00:00
[2024-07-02T09:09:06.378+0000] {processor.py:183} INFO - Processing /home/airflow/.local/lib/python3.8/site-packages/airflow/example_dags/example_xcom.py took 0.081 seconds
[2024-07-02T09:09:36.968+0000] {processor.py:161} INFO - Started process (PID=663) to work on /home/airflow/.local/lib/python3.8/site-packages/airflow/example_dags/example_xcom.py
[2024-07-02T09:09:36.968+0000] {processor.py:830} INFO - Processing file /home/airflow/.local/lib/python3.8/site-packages/airflow/example_dags/example_xcom.py for tasks to queue
[2024-07-02T09:09:36.970+0000] {logging_mixin.py:188} INFO - [2024-07-02T09:09:36.970+0000] {dagbag.py:538} INFO - Filling up the DagBag from /home/airflow/.local/lib/python3.8/site-packages/airflow/example_dags/example_xcom.py
[2024-07-02T09:09:36.978+0000] {processor.py:840} INFO - DAG(s) 'example_xcom' retrieved from /home/airflow/.local/lib/python3.8/site-packages/airflow/example_dags/example_xcom.py
[2024-07-02T09:09:36.998+0000] {logging_mixin.py:188} INFO - [2024-07-02T09:09:36.998+0000] {dag.py:3033} INFO - Sync 1 DAGs
[2024-07-02T09:09:37.018+0000] {logging_mixin.py:188} INFO - [2024-07-02T09:09:37.017+0000] {dag.py:3820} INFO - Setting next_dagrun for example_xcom to 2021-01-01T00:00:00+00:00, run_after=2021-01-01T00:00:00+00:00
[2024-07-02T09:09:37.033+0000] {processor.py:183} INFO - Processing /home/airflow/.local/lib/python3.8/site-packages/airflow/example_dags/example_xcom.py took 0.068 seconds
[2024-07-02T09:10:07.210+0000] {processor.py:161} INFO - Started process (PID=717) to work on /home/airflow/.local/lib/python3.8/site-packages/airflow/example_dags/example_xcom.py
[2024-07-02T09:10:07.211+0000] {processor.py:830} INFO - Processing file /home/airflow/.local/lib/python3.8/site-packages/airflow/example_dags/example_xcom.py for tasks to queue
[2024-07-02T09:10:07.213+0000] {logging_mixin.py:188} INFO - [2024-07-02T09:10:07.212+0000] {dagbag.py:538} INFO - Filling up the DagBag from /home/airflow/.local/lib/python3.8/site-packages/airflow/example_dags/example_xcom.py
[2024-07-02T09:10:07.221+0000] {processor.py:840} INFO - DAG(s) 'example_xcom' retrieved from /home/airflow/.local/lib/python3.8/site-packages/airflow/example_dags/example_xcom.py
[2024-07-02T09:10:07.241+0000] {logging_mixin.py:188} INFO - [2024-07-02T09:10:07.241+0000] {dag.py:3033} INFO - Sync 1 DAGs
[2024-07-02T09:10:07.262+0000] {logging_mixin.py:188} INFO - [2024-07-02T09:10:07.262+0000] {dag.py:3820} INFO - Setting next_dagrun for example_xcom to 2021-01-01T00:00:00+00:00, run_after=2021-01-01T00:00:00+00:00
[2024-07-02T09:10:07.285+0000] {processor.py:183} INFO - Processing /home/airflow/.local/lib/python3.8/site-packages/airflow/example_dags/example_xcom.py took 0.079 seconds
[2024-07-02T09:10:37.884+0000] {processor.py:161} INFO - Started process (PID=773) to work on /home/airflow/.local/lib/python3.8/site-packages/airflow/example_dags/example_xcom.py
[2024-07-02T09:10:37.885+0000] {processor.py:830} INFO - Processing file /home/airflow/.local/lib/python3.8/site-packages/airflow/example_dags/example_xcom.py for tasks to queue
[2024-07-02T09:10:37.887+0000] {logging_mixin.py:188} INFO - [2024-07-02T09:10:37.887+0000] {dagbag.py:538} INFO - Filling up the DagBag from /home/airflow/.local/lib/python3.8/site-packages/airflow/example_dags/example_xcom.py
[2024-07-02T09:10:37.893+0000] {processor.py:840} INFO - DAG(s) 'example_xcom' retrieved from /home/airflow/.local/lib/python3.8/site-packages/airflow/example_dags/example_xcom.py
[2024-07-02T09:10:37.911+0000] {logging_mixin.py:188} INFO - [2024-07-02T09:10:37.911+0000] {dag.py:3033} INFO - Sync 1 DAGs
[2024-07-02T09:10:37.930+0000] {logging_mixin.py:188} INFO - [2024-07-02T09:10:37.930+0000] {dag.py:3820} INFO - Setting next_dagrun for example_xcom to 2021-01-01T00:00:00+00:00, run_after=2021-01-01T00:00:00+00:00
[2024-07-02T09:10:37.946+0000] {processor.py:183} INFO - Processing /home/airflow/.local/lib/python3.8/site-packages/airflow/example_dags/example_xcom.py took 0.064 seconds
[2024-07-02T09:11:08.439+0000] {processor.py:161} INFO - Started process (PID=828) to work on /home/airflow/.local/lib/python3.8/site-packages/airflow/example_dags/example_xcom.py
[2024-07-02T09:11:08.440+0000] {processor.py:830} INFO - Processing file /home/airflow/.local/lib/python3.8/site-packages/airflow/example_dags/example_xcom.py for tasks to queue
[2024-07-02T09:11:08.442+0000] {logging_mixin.py:188} INFO - [2024-07-02T09:11:08.442+0000] {dagbag.py:538} INFO - Filling up the DagBag from /home/airflow/.local/lib/python3.8/site-packages/airflow/example_dags/example_xcom.py
[2024-07-02T09:11:08.448+0000] {processor.py:840} INFO - DAG(s) 'example_xcom' retrieved from /home/airflow/.local/lib/python3.8/site-packages/airflow/example_dags/example_xcom.py
[2024-07-02T09:11:08.467+0000] {logging_mixin.py:188} INFO - [2024-07-02T09:11:08.467+0000] {dag.py:3033} INFO - Sync 1 DAGs
[2024-07-02T09:11:08.487+0000] {logging_mixin.py:188} INFO - [2024-07-02T09:11:08.487+0000] {dag.py:3820} INFO - Setting next_dagrun for example_xcom to 2021-01-01T00:00:00+00:00, run_after=2021-01-01T00:00:00+00:00
[2024-07-02T09:11:08.505+0000] {processor.py:183} INFO - Processing /home/airflow/.local/lib/python3.8/site-packages/airflow/example_dags/example_xcom.py took 0.068 seconds
[2024-07-02T09:11:39.004+0000] {processor.py:161} INFO - Started process (PID=883) to work on /home/airflow/.local/lib/python3.8/site-packages/airflow/example_dags/example_xcom.py
[2024-07-02T09:11:39.012+0000] {processor.py:830} INFO - Processing file /home/airflow/.local/lib/python3.8/site-packages/airflow/example_dags/example_xcom.py for tasks to queue
[2024-07-02T09:11:39.016+0000] {logging_mixin.py:188} INFO - [2024-07-02T09:11:39.016+0000] {dagbag.py:538} INFO - Filling up the DagBag from /home/airflow/.local/lib/python3.8/site-packages/airflow/example_dags/example_xcom.py
[2024-07-02T09:11:39.047+0000] {processor.py:840} INFO - DAG(s) 'example_xcom' retrieved from /home/airflow/.local/lib/python3.8/site-packages/airflow/example_dags/example_xcom.py
[2024-07-02T09:11:39.120+0000] {logging_mixin.py:188} INFO - [2024-07-02T09:11:39.119+0000] {dag.py:3033} INFO - Sync 1 DAGs
[2024-07-02T09:11:39.179+0000] {logging_mixin.py:188} INFO - [2024-07-02T09:11:39.178+0000] {dag.py:3820} INFO - Setting next_dagrun for example_xcom to 2021-01-01T00:00:00+00:00, run_after=2021-01-01T00:00:00+00:00
[2024-07-02T09:11:39.236+0000] {processor.py:183} INFO - Processing /home/airflow/.local/lib/python3.8/site-packages/airflow/example_dags/example_xcom.py took 0.238 seconds
[2024-07-02T09:12:09.405+0000] {processor.py:161} INFO - Started process (PID=938) to work on /home/airflow/.local/lib/python3.8/site-packages/airflow/example_dags/example_xcom.py
[2024-07-02T09:12:09.406+0000] {processor.py:830} INFO - Processing file /home/airflow/.local/lib/python3.8/site-packages/airflow/example_dags/example_xcom.py for tasks to queue
[2024-07-02T09:12:09.407+0000] {logging_mixin.py:188} INFO - [2024-07-02T09:12:09.407+0000] {dagbag.py:538} INFO - Filling up the DagBag from /home/airflow/.local/lib/python3.8/site-packages/airflow/example_dags/example_xcom.py
[2024-07-02T09:12:09.415+0000] {processor.py:840} INFO - DAG(s) 'example_xcom' retrieved from /home/airflow/.local/lib/python3.8/site-packages/airflow/example_dags/example_xcom.py
[2024-07-02T09:12:09.436+0000] {logging_mixin.py:188} INFO - [2024-07-02T09:12:09.436+0000] {dag.py:3033} INFO - Sync 1 DAGs
[2024-07-02T09:12:09.458+0000] {logging_mixin.py:188} INFO - [2024-07-02T09:12:09.458+0000] {dag.py:3820} INFO - Setting next_dagrun for example_xcom to 2021-01-01T00:00:00+00:00, run_after=2021-01-01T00:00:00+00:00
[2024-07-02T09:12:09.478+0000] {processor.py:183} INFO - Processing /home/airflow/.local/lib/python3.8/site-packages/airflow/example_dags/example_xcom.py took 0.076 seconds
[2024-07-02T09:12:39.572+0000] {processor.py:161} INFO - Started process (PID=993) to work on /home/airflow/.local/lib/python3.8/site-packages/airflow/example_dags/example_xcom.py
[2024-07-02T09:12:39.573+0000] {processor.py:830} INFO - Processing file /home/airflow/.local/lib/python3.8/site-packages/airflow/example_dags/example_xcom.py for tasks to queue
[2024-07-02T09:12:39.575+0000] {logging_mixin.py:188} INFO - [2024-07-02T09:12:39.575+0000] {dagbag.py:538} INFO - Filling up the DagBag from /home/airflow/.local/lib/python3.8/site-packages/airflow/example_dags/example_xcom.py
[2024-07-02T09:12:39.583+0000] {processor.py:840} INFO - DAG(s) 'example_xcom' retrieved from /home/airflow/.local/lib/python3.8/site-packages/airflow/example_dags/example_xcom.py
[2024-07-02T09:12:39.608+0000] {logging_mixin.py:188} INFO - [2024-07-02T09:12:39.608+0000] {dag.py:3033} INFO - Sync 1 DAGs
[2024-07-02T09:12:39.635+0000] {logging_mixin.py:188} INFO - [2024-07-02T09:12:39.635+0000] {dag.py:3820} INFO - Setting next_dagrun for example_xcom to 2021-01-01T00:00:00+00:00, run_after=2021-01-01T00:00:00+00:00
[2024-07-02T09:12:39.657+0000] {processor.py:183} INFO - Processing /home/airflow/.local/lib/python3.8/site-packages/airflow/example_dags/example_xcom.py took 0.088 seconds
[2024-07-02T09:13:10.192+0000] {processor.py:161} INFO - Started process (PID=1048) to work on /home/airflow/.local/lib/python3.8/site-packages/airflow/example_dags/example_xcom.py
[2024-07-02T09:13:10.192+0000] {processor.py:830} INFO - Processing file /home/airflow/.local/lib/python3.8/site-packages/airflow/example_dags/example_xcom.py for tasks to queue
[2024-07-02T09:13:10.194+0000] {logging_mixin.py:188} INFO - [2024-07-02T09:13:10.194+0000] {dagbag.py:538} INFO - Filling up the DagBag from /home/airflow/.local/lib/python3.8/site-packages/airflow/example_dags/example_xcom.py
[2024-07-02T09:13:10.200+0000] {processor.py:840} INFO - DAG(s) 'example_xcom' retrieved from /home/airflow/.local/lib/python3.8/site-packages/airflow/example_dags/example_xcom.py
[2024-07-02T09:13:10.220+0000] {logging_mixin.py:188} INFO - [2024-07-02T09:13:10.220+0000] {dag.py:3033} INFO - Sync 1 DAGs
[2024-07-02T09:13:10.239+0000] {logging_mixin.py:188} INFO - [2024-07-02T09:13:10.239+0000] {dag.py:3820} INFO - Setting next_dagrun for example_xcom to 2021-01-01T00:00:00+00:00, run_after=2021-01-01T00:00:00+00:00
[2024-07-02T09:13:10.254+0000] {processor.py:183} INFO - Processing /home/airflow/.local/lib/python3.8/site-packages/airflow/example_dags/example_xcom.py took 0.065 seconds
[2024-07-02T09:13:40.756+0000] {processor.py:161} INFO - Started process (PID=1103) to work on /home/airflow/.local/lib/python3.8/site-packages/airflow/example_dags/example_xcom.py
[2024-07-02T09:13:40.757+0000] {processor.py:830} INFO - Processing file /home/airflow/.local/lib/python3.8/site-packages/airflow/example_dags/example_xcom.py for tasks to queue
[2024-07-02T09:13:40.758+0000] {logging_mixin.py:188} INFO - [2024-07-02T09:13:40.758+0000] {dagbag.py:538} INFO - Filling up the DagBag from /home/airflow/.local/lib/python3.8/site-packages/airflow/example_dags/example_xcom.py
[2024-07-02T09:13:40.766+0000] {processor.py:840} INFO - DAG(s) 'example_xcom' retrieved from /home/airflow/.local/lib/python3.8/site-packages/airflow/example_dags/example_xcom.py
[2024-07-02T09:13:40.790+0000] {logging_mixin.py:188} INFO - [2024-07-02T09:13:40.790+0000] {dag.py:3033} INFO - Sync 1 DAGs
[2024-07-02T09:13:40.814+0000] {logging_mixin.py:188} INFO - [2024-07-02T09:13:40.814+0000] {dag.py:3820} INFO - Setting next_dagrun for example_xcom to 2021-01-01T00:00:00+00:00, run_after=2021-01-01T00:00:00+00:00
[2024-07-02T09:13:40.829+0000] {processor.py:183} INFO - Processing /home/airflow/.local/lib/python3.8/site-packages/airflow/example_dags/example_xcom.py took 0.076 seconds
[2024-07-02T09:14:11.247+0000] {processor.py:161} INFO - Started process (PID=1158) to work on /home/airflow/.local/lib/python3.8/site-packages/airflow/example_dags/example_xcom.py
[2024-07-02T09:14:11.248+0000] {processor.py:830} INFO - Processing file /home/airflow/.local/lib/python3.8/site-packages/airflow/example_dags/example_xcom.py for tasks to queue
[2024-07-02T09:14:11.249+0000] {logging_mixin.py:188} INFO - [2024-07-02T09:14:11.249+0000] {dagbag.py:538} INFO - Filling up the DagBag from /home/airflow/.local/lib/python3.8/site-packages/airflow/example_dags/example_xcom.py
[2024-07-02T09:14:11.257+0000] {processor.py:840} INFO - DAG(s) 'example_xcom' retrieved from /home/airflow/.local/lib/python3.8/site-packages/airflow/example_dags/example_xcom.py
[2024-07-02T09:14:11.275+0000] {logging_mixin.py:188} INFO - [2024-07-02T09:14:11.275+0000] {dag.py:3033} INFO - Sync 1 DAGs
[2024-07-02T09:14:11.293+0000] {logging_mixin.py:188} INFO - [2024-07-02T09:14:11.293+0000] {dag.py:3820} INFO - Setting next_dagrun for example_xcom to 2021-01-01T00:00:00+00:00, run_after=2021-01-01T00:00:00+00:00
[2024-07-02T09:14:11.312+0000] {processor.py:183} INFO - Processing /home/airflow/.local/lib/python3.8/site-packages/airflow/example_dags/example_xcom.py took 0.068 seconds
[2024-07-02T09:14:41.784+0000] {processor.py:161} INFO - Started process (PID=1213) to work on /home/airflow/.local/lib/python3.8/site-packages/airflow/example_dags/example_xcom.py
[2024-07-02T09:14:41.784+0000] {processor.py:830} INFO - Processing file /home/airflow/.local/lib/python3.8/site-packages/airflow/example_dags/example_xcom.py for tasks to queue
[2024-07-02T09:14:41.786+0000] {logging_mixin.py:188} INFO - [2024-07-02T09:14:41.786+0000] {dagbag.py:538} INFO - Filling up the DagBag from /home/airflow/.local/lib/python3.8/site-packages/airflow/example_dags/example_xcom.py
[2024-07-02T09:14:41.793+0000] {processor.py:840} INFO - DAG(s) 'example_xcom' retrieved from /home/airflow/.local/lib/python3.8/site-packages/airflow/example_dags/example_xcom.py
[2024-07-02T09:14:41.813+0000] {logging_mixin.py:188} INFO - [2024-07-02T09:14:41.813+0000] {dag.py:3033} INFO - Sync 1 DAGs
[2024-07-02T09:14:41.835+0000] {logging_mixin.py:188} INFO - [2024-07-02T09:14:41.835+0000] {dag.py:3820} INFO - Setting next_dagrun for example_xcom to 2021-01-01T00:00:00+00:00, run_after=2021-01-01T00:00:00+00:00
[2024-07-02T09:14:41.851+0000] {processor.py:183} INFO - Processing /home/airflow/.local/lib/python3.8/site-packages/airflow/example_dags/example_xcom.py took 0.070 seconds
[2024-07-02T09:15:12.275+0000] {processor.py:161} INFO - Started process (PID=1268) to work on /home/airflow/.local/lib/python3.8/site-packages/airflow/example_dags/example_xcom.py
[2024-07-02T09:15:12.276+0000] {processor.py:830} INFO - Processing file /home/airflow/.local/lib/python3.8/site-packages/airflow/example_dags/example_xcom.py for tasks to queue
[2024-07-02T09:15:12.278+0000] {logging_mixin.py:188} INFO - [2024-07-02T09:15:12.278+0000] {dagbag.py:538} INFO - Filling up the DagBag from /home/airflow/.local/lib/python3.8/site-packages/airflow/example_dags/example_xcom.py
[2024-07-02T09:15:12.285+0000] {processor.py:840} INFO - DAG(s) 'example_xcom' retrieved from /home/airflow/.local/lib/python3.8/site-packages/airflow/example_dags/example_xcom.py
[2024-07-02T09:15:12.305+0000] {logging_mixin.py:188} INFO - [2024-07-02T09:15:12.305+0000] {dag.py:3033} INFO - Sync 1 DAGs
[2024-07-02T09:15:12.324+0000] {logging_mixin.py:188} INFO - [2024-07-02T09:15:12.324+0000] {dag.py:3820} INFO - Setting next_dagrun for example_xcom to 2021-01-01T00:00:00+00:00, run_after=2021-01-01T00:00:00+00:00
[2024-07-02T09:15:12.343+0000] {processor.py:183} INFO - Processing /home/airflow/.local/lib/python3.8/site-packages/airflow/example_dags/example_xcom.py took 0.071 seconds
[2024-07-02T09:15:42.675+0000] {processor.py:161} INFO - Started process (PID=1323) to work on /home/airflow/.local/lib/python3.8/site-packages/airflow/example_dags/example_xcom.py
[2024-07-02T09:15:42.676+0000] {processor.py:830} INFO - Processing file /home/airflow/.local/lib/python3.8/site-packages/airflow/example_dags/example_xcom.py for tasks to queue
[2024-07-02T09:15:42.677+0000] {logging_mixin.py:188} INFO - [2024-07-02T09:15:42.677+0000] {dagbag.py:538} INFO - Filling up the DagBag from /home/airflow/.local/lib/python3.8/site-packages/airflow/example_dags/example_xcom.py
[2024-07-02T09:15:42.684+0000] {processor.py:840} INFO - DAG(s) 'example_xcom' retrieved from /home/airflow/.local/lib/python3.8/site-packages/airflow/example_dags/example_xcom.py
[2024-07-02T09:15:42.703+0000] {logging_mixin.py:188} INFO - [2024-07-02T09:15:42.703+0000] {dag.py:3033} INFO - Sync 1 DAGs
[2024-07-02T09:15:42.725+0000] {logging_mixin.py:188} INFO - [2024-07-02T09:15:42.724+0000] {dag.py:3820} INFO - Setting next_dagrun for example_xcom to 2021-01-01T00:00:00+00:00, run_after=2021-01-01T00:00:00+00:00
[2024-07-02T09:15:42.741+0000] {processor.py:183} INFO - Processing /home/airflow/.local/lib/python3.8/site-packages/airflow/example_dags/example_xcom.py took 0.068 seconds
[2024-07-02T09:16:13.339+0000] {processor.py:161} INFO - Started process (PID=1377) to work on /home/airflow/.local/lib/python3.8/site-packages/airflow/example_dags/example_xcom.py
[2024-07-02T09:16:13.340+0000] {processor.py:830} INFO - Processing file /home/airflow/.local/lib/python3.8/site-packages/airflow/example_dags/example_xcom.py for tasks to queue
[2024-07-02T09:16:13.341+0000] {logging_mixin.py:188} INFO - [2024-07-02T09:16:13.341+0000] {dagbag.py:538} INFO - Filling up the DagBag from /home/airflow/.local/lib/python3.8/site-packages/airflow/example_dags/example_xcom.py
[2024-07-02T09:16:13.348+0000] {processor.py:840} INFO - DAG(s) 'example_xcom' retrieved from /home/airflow/.local/lib/python3.8/site-packages/airflow/example_dags/example_xcom.py
[2024-07-02T09:16:13.366+0000] {logging_mixin.py:188} INFO - [2024-07-02T09:16:13.366+0000] {dag.py:3033} INFO - Sync 1 DAGs
[2024-07-02T09:16:13.386+0000] {logging_mixin.py:188} INFO - [2024-07-02T09:16:13.385+0000] {dag.py:3820} INFO - Setting next_dagrun for example_xcom to 2021-01-01T00:00:00+00:00, run_after=2021-01-01T00:00:00+00:00
[2024-07-02T09:16:13.403+0000] {processor.py:183} INFO - Processing /home/airflow/.local/lib/python3.8/site-packages/airflow/example_dags/example_xcom.py took 0.066 seconds
[2024-07-02T09:16:43.908+0000] {processor.py:161} INFO - Started process (PID=1432) to work on /home/airflow/.local/lib/python3.8/site-packages/airflow/example_dags/example_xcom.py
[2024-07-02T09:16:43.909+0000] {processor.py:830} INFO - Processing file /home/airflow/.local/lib/python3.8/site-packages/airflow/example_dags/example_xcom.py for tasks to queue
[2024-07-02T09:16:43.911+0000] {logging_mixin.py:188} INFO - [2024-07-02T09:16:43.910+0000] {dagbag.py:538} INFO - Filling up the DagBag from /home/airflow/.local/lib/python3.8/site-packages/airflow/example_dags/example_xcom.py
[2024-07-02T09:16:43.918+0000] {processor.py:840} INFO - DAG(s) 'example_xcom' retrieved from /home/airflow/.local/lib/python3.8/site-packages/airflow/example_dags/example_xcom.py
[2024-07-02T09:16:43.938+0000] {logging_mixin.py:188} INFO - [2024-07-02T09:16:43.938+0000] {dag.py:3033} INFO - Sync 1 DAGs
[2024-07-02T09:16:43.957+0000] {logging_mixin.py:188} INFO - [2024-07-02T09:16:43.957+0000] {dag.py:3820} INFO - Setting next_dagrun for example_xcom to 2021-01-01T00:00:00+00:00, run_after=2021-01-01T00:00:00+00:00
[2024-07-02T09:16:43.974+0000] {processor.py:183} INFO - Processing /home/airflow/.local/lib/python3.8/site-packages/airflow/example_dags/example_xcom.py took 0.069 seconds
[2024-07-02T09:17:14.509+0000] {processor.py:161} INFO - Started process (PID=1487) to work on /home/airflow/.local/lib/python3.8/site-packages/airflow/example_dags/example_xcom.py
[2024-07-02T09:17:14.510+0000] {processor.py:830} INFO - Processing file /home/airflow/.local/lib/python3.8/site-packages/airflow/example_dags/example_xcom.py for tasks to queue
[2024-07-02T09:17:14.512+0000] {logging_mixin.py:188} INFO - [2024-07-02T09:17:14.512+0000] {dagbag.py:538} INFO - Filling up the DagBag from /home/airflow/.local/lib/python3.8/site-packages/airflow/example_dags/example_xcom.py
[2024-07-02T09:17:14.519+0000] {processor.py:840} INFO - DAG(s) 'example_xcom' retrieved from /home/airflow/.local/lib/python3.8/site-packages/airflow/example_dags/example_xcom.py
[2024-07-02T09:17:14.539+0000] {logging_mixin.py:188} INFO - [2024-07-02T09:17:14.539+0000] {dag.py:3033} INFO - Sync 1 DAGs
[2024-07-02T09:17:14.558+0000] {logging_mixin.py:188} INFO - [2024-07-02T09:17:14.557+0000] {dag.py:3820} INFO - Setting next_dagrun for example_xcom to 2021-01-01T00:00:00+00:00, run_after=2021-01-01T00:00:00+00:00
[2024-07-02T09:17:14.573+0000] {processor.py:183} INFO - Processing /home/airflow/.local/lib/python3.8/site-packages/airflow/example_dags/example_xcom.py took 0.067 seconds
[2024-07-02T09:17:44.839+0000] {processor.py:161} INFO - Started process (PID=1543) to work on /home/airflow/.local/lib/python3.8/site-packages/airflow/example_dags/example_xcom.py
[2024-07-02T09:17:44.840+0000] {processor.py:830} INFO - Processing file /home/airflow/.local/lib/python3.8/site-packages/airflow/example_dags/example_xcom.py for tasks to queue
[2024-07-02T09:17:44.842+0000] {logging_mixin.py:188} INFO - [2024-07-02T09:17:44.842+0000] {dagbag.py:538} INFO - Filling up the DagBag from /home/airflow/.local/lib/python3.8/site-packages/airflow/example_dags/example_xcom.py
[2024-07-02T09:17:44.850+0000] {processor.py:840} INFO - DAG(s) 'example_xcom' retrieved from /home/airflow/.local/lib/python3.8/site-packages/airflow/example_dags/example_xcom.py
[2024-07-02T09:17:44.869+0000] {logging_mixin.py:188} INFO - [2024-07-02T09:17:44.869+0000] {dag.py:3033} INFO - Sync 1 DAGs
[2024-07-02T09:17:44.891+0000] {logging_mixin.py:188} INFO - [2024-07-02T09:17:44.891+0000] {dag.py:3820} INFO - Setting next_dagrun for example_xcom to 2021-01-01T00:00:00+00:00, run_after=2021-01-01T00:00:00+00:00
[2024-07-02T09:17:44.910+0000] {processor.py:183} INFO - Processing /home/airflow/.local/lib/python3.8/site-packages/airflow/example_dags/example_xcom.py took 0.074 seconds
[2024-07-02T09:18:15.339+0000] {processor.py:161} INFO - Started process (PID=1598) to work on /home/airflow/.local/lib/python3.8/site-packages/airflow/example_dags/example_xcom.py
[2024-07-02T09:18:15.339+0000] {processor.py:830} INFO - Processing file /home/airflow/.local/lib/python3.8/site-packages/airflow/example_dags/example_xcom.py for tasks to queue
[2024-07-02T09:18:15.341+0000] {logging_mixin.py:188} INFO - [2024-07-02T09:18:15.341+0000] {dagbag.py:538} INFO - Filling up the DagBag from /home/airflow/.local/lib/python3.8/site-packages/airflow/example_dags/example_xcom.py
[2024-07-02T09:18:15.350+0000] {processor.py:840} INFO - DAG(s) 'example_xcom' retrieved from /home/airflow/.local/lib/python3.8/site-packages/airflow/example_dags/example_xcom.py
[2024-07-02T09:18:15.369+0000] {logging_mixin.py:188} INFO - [2024-07-02T09:18:15.369+0000] {dag.py:3033} INFO - Sync 1 DAGs
[2024-07-02T09:18:15.388+0000] {logging_mixin.py:188} INFO - [2024-07-02T09:18:15.388+0000] {dag.py:3820} INFO - Setting next_dagrun for example_xcom to 2021-01-01T00:00:00+00:00, run_after=2021-01-01T00:00:00+00:00
[2024-07-02T09:18:15.403+0000] {processor.py:183} INFO - Processing /home/airflow/.local/lib/python3.8/site-packages/airflow/example_dags/example_xcom.py took 0.068 seconds
[2024-07-02T09:18:45.906+0000] {processor.py:161} INFO - Started process (PID=1653) to work on /home/airflow/.local/lib/python3.8/site-packages/airflow/example_dags/example_xcom.py
[2024-07-02T09:18:45.907+0000] {processor.py:830} INFO - Processing file /home/airflow/.local/lib/python3.8/site-packages/airflow/example_dags/example_xcom.py for tasks to queue
[2024-07-02T09:18:45.909+0000] {logging_mixin.py:188} INFO - [2024-07-02T09:18:45.909+0000] {dagbag.py:538} INFO - Filling up the DagBag from /home/airflow/.local/lib/python3.8/site-packages/airflow/example_dags/example_xcom.py
[2024-07-02T09:18:45.916+0000] {processor.py:840} INFO - DAG(s) 'example_xcom' retrieved from /home/airflow/.local/lib/python3.8/site-packages/airflow/example_dags/example_xcom.py
[2024-07-02T09:18:45.938+0000] {logging_mixin.py:188} INFO - [2024-07-02T09:18:45.938+0000] {dag.py:3033} INFO - Sync 1 DAGs
[2024-07-02T09:18:45.959+0000] {logging_mixin.py:188} INFO - [2024-07-02T09:18:45.959+0000] {dag.py:3820} INFO - Setting next_dagrun for example_xcom to 2021-01-01T00:00:00+00:00, run_after=2021-01-01T00:00:00+00:00
[2024-07-02T09:18:45.974+0000] {processor.py:183} INFO - Processing /home/airflow/.local/lib/python3.8/site-packages/airflow/example_dags/example_xcom.py took 0.071 seconds
[2024-07-02T09:19:16.265+0000] {processor.py:161} INFO - Started process (PID=1708) to work on /home/airflow/.local/lib/python3.8/site-packages/airflow/example_dags/example_xcom.py
[2024-07-02T09:19:16.266+0000] {processor.py:830} INFO - Processing file /home/airflow/.local/lib/python3.8/site-packages/airflow/example_dags/example_xcom.py for tasks to queue
[2024-07-02T09:19:16.267+0000] {logging_mixin.py:188} INFO - [2024-07-02T09:19:16.267+0000] {dagbag.py:538} INFO - Filling up the DagBag from /home/airflow/.local/lib/python3.8/site-packages/airflow/example_dags/example_xcom.py
[2024-07-02T09:19:16.275+0000] {processor.py:840} INFO - DAG(s) 'example_xcom' retrieved from /home/airflow/.local/lib/python3.8/site-packages/airflow/example_dags/example_xcom.py
[2024-07-02T09:19:16.294+0000] {logging_mixin.py:188} INFO - [2024-07-02T09:19:16.294+0000] {dag.py:3033} INFO - Sync 1 DAGs
[2024-07-02T09:19:16.315+0000] {logging_mixin.py:188} INFO - [2024-07-02T09:19:16.315+0000] {dag.py:3820} INFO - Setting next_dagrun for example_xcom to 2021-01-01T00:00:00+00:00, run_after=2021-01-01T00:00:00+00:00
[2024-07-02T09:19:16.334+0000] {processor.py:183} INFO - Processing /home/airflow/.local/lib/python3.8/site-packages/airflow/example_dags/example_xcom.py took 0.072 seconds
[2024-07-02T09:19:46.539+0000] {processor.py:161} INFO - Started process (PID=1762) to work on /home/airflow/.local/lib/python3.8/site-packages/airflow/example_dags/example_xcom.py
[2024-07-02T09:19:46.540+0000] {processor.py:830} INFO - Processing file /home/airflow/.local/lib/python3.8/site-packages/airflow/example_dags/example_xcom.py for tasks to queue
[2024-07-02T09:19:46.541+0000] {logging_mixin.py:188} INFO - [2024-07-02T09:19:46.541+0000] {dagbag.py:538} INFO - Filling up the DagBag from /home/airflow/.local/lib/python3.8/site-packages/airflow/example_dags/example_xcom.py
[2024-07-02T09:19:46.549+0000] {processor.py:840} INFO - DAG(s) 'example_xcom' retrieved from /home/airflow/.local/lib/python3.8/site-packages/airflow/example_dags/example_xcom.py
[2024-07-02T09:19:46.573+0000] {logging_mixin.py:188} INFO - [2024-07-02T09:19:46.573+0000] {dag.py:3033} INFO - Sync 1 DAGs
[2024-07-02T09:19:46.600+0000] {logging_mixin.py:188} INFO - [2024-07-02T09:19:46.600+0000] {dag.py:3820} INFO - Setting next_dagrun for example_xcom to 2021-01-01T00:00:00+00:00, run_after=2021-01-01T00:00:00+00:00
[2024-07-02T09:19:46.621+0000] {processor.py:183} INFO - Processing /home/airflow/.local/lib/python3.8/site-packages/airflow/example_dags/example_xcom.py took 0.084 seconds
[2024-07-02T09:20:17.194+0000] {processor.py:161} INFO - Started process (PID=1816) to work on /home/airflow/.local/lib/python3.8/site-packages/airflow/example_dags/example_xcom.py
[2024-07-02T09:20:17.194+0000] {processor.py:830} INFO - Processing file /home/airflow/.local/lib/python3.8/site-packages/airflow/example_dags/example_xcom.py for tasks to queue
[2024-07-02T09:20:17.196+0000] {logging_mixin.py:188} INFO - [2024-07-02T09:20:17.195+0000] {dagbag.py:538} INFO - Filling up the DagBag from /home/airflow/.local/lib/python3.8/site-packages/airflow/example_dags/example_xcom.py
[2024-07-02T09:20:17.202+0000] {processor.py:840} INFO - DAG(s) 'example_xcom' retrieved from /home/airflow/.local/lib/python3.8/site-packages/airflow/example_dags/example_xcom.py
[2024-07-02T09:20:17.220+0000] {logging_mixin.py:188} INFO - [2024-07-02T09:20:17.220+0000] {dag.py:3033} INFO - Sync 1 DAGs
[2024-07-02T09:20:17.238+0000] {logging_mixin.py:188} INFO - [2024-07-02T09:20:17.238+0000] {dag.py:3820} INFO - Setting next_dagrun for example_xcom to 2021-01-01T00:00:00+00:00, run_after=2021-01-01T00:00:00+00:00
[2024-07-02T09:20:17.253+0000] {processor.py:183} INFO - Processing /home/airflow/.local/lib/python3.8/site-packages/airflow/example_dags/example_xcom.py took 0.062 seconds
[2024-07-02T09:20:47.723+0000] {processor.py:161} INFO - Started process (PID=1871) to work on /home/airflow/.local/lib/python3.8/site-packages/airflow/example_dags/example_xcom.py
[2024-07-02T09:20:47.723+0000] {processor.py:830} INFO - Processing file /home/airflow/.local/lib/python3.8/site-packages/airflow/example_dags/example_xcom.py for tasks to queue
[2024-07-02T09:20:47.725+0000] {logging_mixin.py:188} INFO - [2024-07-02T09:20:47.725+0000] {dagbag.py:538} INFO - Filling up the DagBag from /home/airflow/.local/lib/python3.8/site-packages/airflow/example_dags/example_xcom.py
[2024-07-02T09:20:47.732+0000] {processor.py:840} INFO - DAG(s) 'example_xcom' retrieved from /home/airflow/.local/lib/python3.8/site-packages/airflow/example_dags/example_xcom.py
[2024-07-02T09:20:47.753+0000] {logging_mixin.py:188} INFO - [2024-07-02T09:20:47.753+0000] {dag.py:3033} INFO - Sync 1 DAGs
[2024-07-02T09:20:47.775+0000] {logging_mixin.py:188} INFO - [2024-07-02T09:20:47.775+0000] {dag.py:3820} INFO - Setting next_dagrun for example_xcom to 2021-01-01T00:00:00+00:00, run_after=2021-01-01T00:00:00+00:00
[2024-07-02T09:20:47.793+0000] {processor.py:183} INFO - Processing /home/airflow/.local/lib/python3.8/site-packages/airflow/example_dags/example_xcom.py took 0.073 seconds
[2024-07-02T09:21:18.901+0000] {processor.py:161} INFO - Started process (PID=1926) to work on /home/airflow/.local/lib/python3.8/site-packages/airflow/example_dags/example_xcom.py
[2024-07-02T09:21:18.902+0000] {processor.py:830} INFO - Processing file /home/airflow/.local/lib/python3.8/site-packages/airflow/example_dags/example_xcom.py for tasks to queue
[2024-07-02T09:21:18.904+0000] {logging_mixin.py:188} INFO - [2024-07-02T09:21:18.903+0000] {dagbag.py:538} INFO - Filling up the DagBag from /home/airflow/.local/lib/python3.8/site-packages/airflow/example_dags/example_xcom.py
[2024-07-02T09:21:18.912+0000] {processor.py:840} INFO - DAG(s) 'example_xcom' retrieved from /home/airflow/.local/lib/python3.8/site-packages/airflow/example_dags/example_xcom.py
[2024-07-02T09:21:18.933+0000] {logging_mixin.py:188} INFO - [2024-07-02T09:21:18.933+0000] {dag.py:3033} INFO - Sync 1 DAGs
[2024-07-02T09:21:18.952+0000] {logging_mixin.py:188} INFO - [2024-07-02T09:21:18.952+0000] {dag.py:3820} INFO - Setting next_dagrun for example_xcom to 2021-01-01T00:00:00+00:00, run_after=2021-01-01T00:00:00+00:00
[2024-07-02T09:21:18.967+0000] {processor.py:183} INFO - Processing /home/airflow/.local/lib/python3.8/site-packages/airflow/example_dags/example_xcom.py took 0.070 seconds
[2024-07-02T09:21:49.310+0000] {processor.py:161} INFO - Started process (PID=1980) to work on /home/airflow/.local/lib/python3.8/site-packages/airflow/example_dags/example_xcom.py
[2024-07-02T09:21:49.311+0000] {processor.py:830} INFO - Processing file /home/airflow/.local/lib/python3.8/site-packages/airflow/example_dags/example_xcom.py for tasks to queue
[2024-07-02T09:21:49.313+0000] {logging_mixin.py:188} INFO - [2024-07-02T09:21:49.313+0000] {dagbag.py:538} INFO - Filling up the DagBag from /home/airflow/.local/lib/python3.8/site-packages/airflow/example_dags/example_xcom.py
[2024-07-02T09:21:49.321+0000] {processor.py:840} INFO - DAG(s) 'example_xcom' retrieved from /home/airflow/.local/lib/python3.8/site-packages/airflow/example_dags/example_xcom.py
[2024-07-02T09:21:49.346+0000] {logging_mixin.py:188} INFO - [2024-07-02T09:21:49.345+0000] {dag.py:3033} INFO - Sync 1 DAGs
[2024-07-02T09:21:49.369+0000] {logging_mixin.py:188} INFO - [2024-07-02T09:21:49.369+0000] {dag.py:3820} INFO - Setting next_dagrun for example_xcom to 2021-01-01T00:00:00+00:00, run_after=2021-01-01T00:00:00+00:00
[2024-07-02T09:21:49.389+0000] {processor.py:183} INFO - Processing /home/airflow/.local/lib/python3.8/site-packages/airflow/example_dags/example_xcom.py took 0.082 seconds
[2024-07-02T09:22:19.513+0000] {processor.py:161} INFO - Started process (PID=2034) to work on /home/airflow/.local/lib/python3.8/site-packages/airflow/example_dags/example_xcom.py
[2024-07-02T09:22:19.513+0000] {processor.py:830} INFO - Processing file /home/airflow/.local/lib/python3.8/site-packages/airflow/example_dags/example_xcom.py for tasks to queue
[2024-07-02T09:22:19.515+0000] {logging_mixin.py:188} INFO - [2024-07-02T09:22:19.515+0000] {dagbag.py:538} INFO - Filling up the DagBag from /home/airflow/.local/lib/python3.8/site-packages/airflow/example_dags/example_xcom.py
[2024-07-02T09:22:19.523+0000] {processor.py:840} INFO - DAG(s) 'example_xcom' retrieved from /home/airflow/.local/lib/python3.8/site-packages/airflow/example_dags/example_xcom.py
[2024-07-02T09:22:19.545+0000] {logging_mixin.py:188} INFO - [2024-07-02T09:22:19.545+0000] {dag.py:3033} INFO - Sync 1 DAGs
[2024-07-02T09:22:19.568+0000] {logging_mixin.py:188} INFO - [2024-07-02T09:22:19.568+0000] {dag.py:3820} INFO - Setting next_dagrun for example_xcom to 2021-01-01T00:00:00+00:00, run_after=2021-01-01T00:00:00+00:00
[2024-07-02T09:22:19.592+0000] {processor.py:183} INFO - Processing /home/airflow/.local/lib/python3.8/site-packages/airflow/example_dags/example_xcom.py took 0.082 seconds
[2024-07-02T09:22:50.054+0000] {processor.py:161} INFO - Started process (PID=2090) to work on /home/airflow/.local/lib/python3.8/site-packages/airflow/example_dags/example_xcom.py
[2024-07-02T09:22:50.055+0000] {processor.py:830} INFO - Processing file /home/airflow/.local/lib/python3.8/site-packages/airflow/example_dags/example_xcom.py for tasks to queue
[2024-07-02T09:22:50.057+0000] {logging_mixin.py:188} INFO - [2024-07-02T09:22:50.057+0000] {dagbag.py:538} INFO - Filling up the DagBag from /home/airflow/.local/lib/python3.8/site-packages/airflow/example_dags/example_xcom.py
[2024-07-02T09:22:50.065+0000] {processor.py:840} INFO - DAG(s) 'example_xcom' retrieved from /home/airflow/.local/lib/python3.8/site-packages/airflow/example_dags/example_xcom.py
[2024-07-02T09:22:50.090+0000] {logging_mixin.py:188} INFO - [2024-07-02T09:22:50.090+0000] {dag.py:3033} INFO - Sync 1 DAGs
[2024-07-02T09:22:50.119+0000] {logging_mixin.py:188} INFO - [2024-07-02T09:22:50.119+0000] {dag.py:3820} INFO - Setting next_dagrun for example_xcom to 2021-01-01T00:00:00+00:00, run_after=2021-01-01T00:00:00+00:00
[2024-07-02T09:22:50.137+0000] {processor.py:183} INFO - Processing /home/airflow/.local/lib/python3.8/site-packages/airflow/example_dags/example_xcom.py took 0.086 seconds
[2024-07-02T09:23:20.191+0000] {processor.py:161} INFO - Started process (PID=2145) to work on /home/airflow/.local/lib/python3.8/site-packages/airflow/example_dags/example_xcom.py
[2024-07-02T09:23:20.191+0000] {processor.py:830} INFO - Processing file /home/airflow/.local/lib/python3.8/site-packages/airflow/example_dags/example_xcom.py for tasks to queue
[2024-07-02T09:23:20.193+0000] {logging_mixin.py:188} INFO - [2024-07-02T09:23:20.193+0000] {dagbag.py:538} INFO - Filling up the DagBag from /home/airflow/.local/lib/python3.8/site-packages/airflow/example_dags/example_xcom.py
[2024-07-02T09:23:20.200+0000] {processor.py:840} INFO - DAG(s) 'example_xcom' retrieved from /home/airflow/.local/lib/python3.8/site-packages/airflow/example_dags/example_xcom.py
[2024-07-02T09:23:20.223+0000] {logging_mixin.py:188} INFO - [2024-07-02T09:23:20.223+0000] {dag.py:3033} INFO - Sync 1 DAGs
[2024-07-02T09:23:20.243+0000] {logging_mixin.py:188} INFO - [2024-07-02T09:23:20.242+0000] {dag.py:3820} INFO - Setting next_dagrun for example_xcom to 2021-01-01T00:00:00+00:00, run_after=2021-01-01T00:00:00+00:00
[2024-07-02T09:23:20.261+0000] {processor.py:183} INFO - Processing /home/airflow/.local/lib/python3.8/site-packages/airflow/example_dags/example_xcom.py took 0.073 seconds
[2024-07-02T09:23:50.776+0000] {processor.py:161} INFO - Started process (PID=2200) to work on /home/airflow/.local/lib/python3.8/site-packages/airflow/example_dags/example_xcom.py
[2024-07-02T09:23:50.777+0000] {processor.py:830} INFO - Processing file /home/airflow/.local/lib/python3.8/site-packages/airflow/example_dags/example_xcom.py for tasks to queue
[2024-07-02T09:23:50.779+0000] {logging_mixin.py:188} INFO - [2024-07-02T09:23:50.779+0000] {dagbag.py:538} INFO - Filling up the DagBag from /home/airflow/.local/lib/python3.8/site-packages/airflow/example_dags/example_xcom.py
[2024-07-02T09:23:50.786+0000] {processor.py:840} INFO - DAG(s) 'example_xcom' retrieved from /home/airflow/.local/lib/python3.8/site-packages/airflow/example_dags/example_xcom.py
[2024-07-02T09:23:50.805+0000] {logging_mixin.py:188} INFO - [2024-07-02T09:23:50.805+0000] {dag.py:3033} INFO - Sync 1 DAGs
[2024-07-02T09:23:50.826+0000] {logging_mixin.py:188} INFO - [2024-07-02T09:23:50.825+0000] {dag.py:3820} INFO - Setting next_dagrun for example_xcom to 2021-01-01T00:00:00+00:00, run_after=2021-01-01T00:00:00+00:00
[2024-07-02T09:23:50.847+0000] {processor.py:183} INFO - Processing /home/airflow/.local/lib/python3.8/site-packages/airflow/example_dags/example_xcom.py took 0.073 seconds
