[2024-07-02T09:04:01.249+0000] {processor.py:161} INFO - Started process (PID=57) to work on /home/airflow/.local/lib/python3.8/site-packages/airflow/example_dags/example_latest_only_with_trigger.py
[2024-07-02T09:04:01.250+0000] {processor.py:830} INFO - Processing file /home/airflow/.local/lib/python3.8/site-packages/airflow/example_dags/example_latest_only_with_trigger.py for tasks to queue
[2024-07-02T09:04:01.253+0000] {logging_mixin.py:188} INFO - [2024-07-02T09:04:01.252+0000] {dagbag.py:538} INFO - Filling up the DagBag from /home/airflow/.local/lib/python3.8/site-packages/airflow/example_dags/example_latest_only_with_trigger.py
[2024-07-02T09:04:01.262+0000] {processor.py:840} INFO - DAG(s) 'latest_only_with_trigger' retrieved from /home/airflow/.local/lib/python3.8/site-packages/airflow/example_dags/example_latest_only_with_trigger.py
[2024-07-02T09:04:01.395+0000] {logging_mixin.py:188} INFO - [2024-07-02T09:04:01.394+0000] {override.py:1769} INFO - Created Permission View: can edit on DAG:latest_only_with_trigger
[2024-07-02T09:04:01.416+0000] {logging_mixin.py:188} INFO - [2024-07-02T09:04:01.415+0000] {override.py:1769} INFO - Created Permission View: can delete on DAG:latest_only_with_trigger
[2024-07-02T09:04:01.427+0000] {logging_mixin.py:188} INFO - [2024-07-02T09:04:01.427+0000] {override.py:1769} INFO - Created Permission View: can read on DAG:latest_only_with_trigger
[2024-07-02T09:04:01.428+0000] {logging_mixin.py:188} INFO - [2024-07-02T09:04:01.428+0000] {dag.py:3033} INFO - Sync 1 DAGs
[2024-07-02T09:04:01.447+0000] {logging_mixin.py:188} INFO - [2024-07-02T09:04:01.446+0000] {dag.py:3055} INFO - Creating ORM DAG for latest_only_with_trigger
[2024-07-02T09:04:01.462+0000] {logging_mixin.py:188} INFO - [2024-07-02T09:04:01.461+0000] {dag.py:3820} INFO - Setting next_dagrun for latest_only_with_trigger to 2024-07-02T04:00:00+00:00, run_after=2024-07-02T08:00:00+00:00
[2024-07-02T09:04:01.488+0000] {processor.py:183} INFO - Processing /home/airflow/.local/lib/python3.8/site-packages/airflow/example_dags/example_latest_only_with_trigger.py took 0.243 seconds
[2024-07-02T09:04:32.165+0000] {processor.py:161} INFO - Started process (PID=111) to work on /home/airflow/.local/lib/python3.8/site-packages/airflow/example_dags/example_latest_only_with_trigger.py
[2024-07-02T09:04:32.166+0000] {processor.py:830} INFO - Processing file /home/airflow/.local/lib/python3.8/site-packages/airflow/example_dags/example_latest_only_with_trigger.py for tasks to queue
[2024-07-02T09:04:32.169+0000] {logging_mixin.py:188} INFO - [2024-07-02T09:04:32.169+0000] {dagbag.py:538} INFO - Filling up the DagBag from /home/airflow/.local/lib/python3.8/site-packages/airflow/example_dags/example_latest_only_with_trigger.py
[2024-07-02T09:04:32.177+0000] {processor.py:840} INFO - DAG(s) 'latest_only_with_trigger' retrieved from /home/airflow/.local/lib/python3.8/site-packages/airflow/example_dags/example_latest_only_with_trigger.py
[2024-07-02T09:04:32.210+0000] {logging_mixin.py:188} INFO - [2024-07-02T09:04:32.209+0000] {dag.py:3033} INFO - Sync 1 DAGs
[2024-07-02T09:04:32.249+0000] {logging_mixin.py:188} INFO - [2024-07-02T09:04:32.248+0000] {dag.py:3820} INFO - Setting next_dagrun for latest_only_with_trigger to 2024-07-02T04:00:00+00:00, run_after=2024-07-02T08:00:00+00:00
[2024-07-02T09:04:32.283+0000] {processor.py:183} INFO - Processing /home/airflow/.local/lib/python3.8/site-packages/airflow/example_dags/example_latest_only_with_trigger.py took 0.122 seconds
[2024-07-02T09:05:02.639+0000] {processor.py:161} INFO - Started process (PID=167) to work on /home/airflow/.local/lib/python3.8/site-packages/airflow/example_dags/example_latest_only_with_trigger.py
[2024-07-02T09:05:02.641+0000] {processor.py:830} INFO - Processing file /home/airflow/.local/lib/python3.8/site-packages/airflow/example_dags/example_latest_only_with_trigger.py for tasks to queue
[2024-07-02T09:05:02.643+0000] {logging_mixin.py:188} INFO - [2024-07-02T09:05:02.643+0000] {dagbag.py:538} INFO - Filling up the DagBag from /home/airflow/.local/lib/python3.8/site-packages/airflow/example_dags/example_latest_only_with_trigger.py
[2024-07-02T09:05:02.649+0000] {processor.py:840} INFO - DAG(s) 'latest_only_with_trigger' retrieved from /home/airflow/.local/lib/python3.8/site-packages/airflow/example_dags/example_latest_only_with_trigger.py
[2024-07-02T09:05:02.670+0000] {logging_mixin.py:188} INFO - [2024-07-02T09:05:02.670+0000] {dag.py:3033} INFO - Sync 1 DAGs
[2024-07-02T09:05:02.691+0000] {logging_mixin.py:188} INFO - [2024-07-02T09:05:02.691+0000] {dag.py:3820} INFO - Setting next_dagrun for latest_only_with_trigger to 2024-07-02T04:00:00+00:00, run_after=2024-07-02T08:00:00+00:00
[2024-07-02T09:05:02.706+0000] {processor.py:183} INFO - Processing /home/airflow/.local/lib/python3.8/site-packages/airflow/example_dags/example_latest_only_with_trigger.py took 0.069 seconds
[2024-07-02T09:05:32.787+0000] {processor.py:161} INFO - Started process (PID=222) to work on /home/airflow/.local/lib/python3.8/site-packages/airflow/example_dags/example_latest_only_with_trigger.py
[2024-07-02T09:05:32.788+0000] {processor.py:830} INFO - Processing file /home/airflow/.local/lib/python3.8/site-packages/airflow/example_dags/example_latest_only_with_trigger.py for tasks to queue
[2024-07-02T09:05:32.791+0000] {logging_mixin.py:188} INFO - [2024-07-02T09:05:32.790+0000] {dagbag.py:538} INFO - Filling up the DagBag from /home/airflow/.local/lib/python3.8/site-packages/airflow/example_dags/example_latest_only_with_trigger.py
[2024-07-02T09:05:32.796+0000] {processor.py:840} INFO - DAG(s) 'latest_only_with_trigger' retrieved from /home/airflow/.local/lib/python3.8/site-packages/airflow/example_dags/example_latest_only_with_trigger.py
[2024-07-02T09:05:32.821+0000] {logging_mixin.py:188} INFO - [2024-07-02T09:05:32.821+0000] {dag.py:3033} INFO - Sync 1 DAGs
[2024-07-02T09:05:32.846+0000] {logging_mixin.py:188} INFO - [2024-07-02T09:05:32.845+0000] {dag.py:3820} INFO - Setting next_dagrun for latest_only_with_trigger to 2024-07-02T04:00:00+00:00, run_after=2024-07-02T08:00:00+00:00
[2024-07-02T09:05:32.864+0000] {processor.py:183} INFO - Processing /home/airflow/.local/lib/python3.8/site-packages/airflow/example_dags/example_latest_only_with_trigger.py took 0.080 seconds
[2024-07-02T09:06:02.972+0000] {processor.py:161} INFO - Started process (PID=277) to work on /home/airflow/.local/lib/python3.8/site-packages/airflow/example_dags/example_latest_only_with_trigger.py
[2024-07-02T09:06:02.973+0000] {processor.py:830} INFO - Processing file /home/airflow/.local/lib/python3.8/site-packages/airflow/example_dags/example_latest_only_with_trigger.py for tasks to queue
[2024-07-02T09:06:02.975+0000] {logging_mixin.py:188} INFO - [2024-07-02T09:06:02.975+0000] {dagbag.py:538} INFO - Filling up the DagBag from /home/airflow/.local/lib/python3.8/site-packages/airflow/example_dags/example_latest_only_with_trigger.py
[2024-07-02T09:06:02.980+0000] {processor.py:840} INFO - DAG(s) 'latest_only_with_trigger' retrieved from /home/airflow/.local/lib/python3.8/site-packages/airflow/example_dags/example_latest_only_with_trigger.py
[2024-07-02T09:06:03.002+0000] {logging_mixin.py:188} INFO - [2024-07-02T09:06:03.001+0000] {dag.py:3033} INFO - Sync 1 DAGs
[2024-07-02T09:06:03.024+0000] {logging_mixin.py:188} INFO - [2024-07-02T09:06:03.023+0000] {dag.py:3820} INFO - Setting next_dagrun for latest_only_with_trigger to 2024-07-02T04:00:00+00:00, run_after=2024-07-02T08:00:00+00:00
[2024-07-02T09:06:03.041+0000] {processor.py:183} INFO - Processing /home/airflow/.local/lib/python3.8/site-packages/airflow/example_dags/example_latest_only_with_trigger.py took 0.071 seconds
[2024-07-02T09:06:33.350+0000] {processor.py:161} INFO - Started process (PID=331) to work on /home/airflow/.local/lib/python3.8/site-packages/airflow/example_dags/example_latest_only_with_trigger.py
[2024-07-02T09:06:33.351+0000] {processor.py:830} INFO - Processing file /home/airflow/.local/lib/python3.8/site-packages/airflow/example_dags/example_latest_only_with_trigger.py for tasks to queue
[2024-07-02T09:06:33.353+0000] {logging_mixin.py:188} INFO - [2024-07-02T09:06:33.352+0000] {dagbag.py:538} INFO - Filling up the DagBag from /home/airflow/.local/lib/python3.8/site-packages/airflow/example_dags/example_latest_only_with_trigger.py
[2024-07-02T09:06:33.358+0000] {processor.py:840} INFO - DAG(s) 'latest_only_with_trigger' retrieved from /home/airflow/.local/lib/python3.8/site-packages/airflow/example_dags/example_latest_only_with_trigger.py
[2024-07-02T09:06:33.381+0000] {logging_mixin.py:188} INFO - [2024-07-02T09:06:33.381+0000] {dag.py:3033} INFO - Sync 1 DAGs
[2024-07-02T09:06:33.409+0000] {logging_mixin.py:188} INFO - [2024-07-02T09:06:33.409+0000] {dag.py:3820} INFO - Setting next_dagrun for latest_only_with_trigger to 2024-07-02T04:00:00+00:00, run_after=2024-07-02T08:00:00+00:00
[2024-07-02T09:06:33.429+0000] {processor.py:183} INFO - Processing /home/airflow/.local/lib/python3.8/site-packages/airflow/example_dags/example_latest_only_with_trigger.py took 0.082 seconds
[2024-07-02T09:07:03.936+0000] {processor.py:161} INFO - Started process (PID=386) to work on /home/airflow/.local/lib/python3.8/site-packages/airflow/example_dags/example_latest_only_with_trigger.py
[2024-07-02T09:07:03.944+0000] {processor.py:830} INFO - Processing file /home/airflow/.local/lib/python3.8/site-packages/airflow/example_dags/example_latest_only_with_trigger.py for tasks to queue
[2024-07-02T09:07:03.946+0000] {logging_mixin.py:188} INFO - [2024-07-02T09:07:03.946+0000] {dagbag.py:538} INFO - Filling up the DagBag from /home/airflow/.local/lib/python3.8/site-packages/airflow/example_dags/example_latest_only_with_trigger.py
[2024-07-02T09:07:03.952+0000] {processor.py:840} INFO - DAG(s) 'latest_only_with_trigger' retrieved from /home/airflow/.local/lib/python3.8/site-packages/airflow/example_dags/example_latest_only_with_trigger.py
[2024-07-02T09:07:03.976+0000] {logging_mixin.py:188} INFO - [2024-07-02T09:07:03.975+0000] {dag.py:3033} INFO - Sync 1 DAGs
[2024-07-02T09:07:03.996+0000] {logging_mixin.py:188} INFO - [2024-07-02T09:07:03.996+0000] {dag.py:3820} INFO - Setting next_dagrun for latest_only_with_trigger to 2024-07-02T04:00:00+00:00, run_after=2024-07-02T08:00:00+00:00
[2024-07-02T09:07:04.012+0000] {processor.py:183} INFO - Processing /home/airflow/.local/lib/python3.8/site-packages/airflow/example_dags/example_latest_only_with_trigger.py took 0.079 seconds
[2024-07-02T09:07:34.522+0000] {processor.py:161} INFO - Started process (PID=441) to work on /home/airflow/.local/lib/python3.8/site-packages/airflow/example_dags/example_latest_only_with_trigger.py
[2024-07-02T09:07:34.522+0000] {processor.py:830} INFO - Processing file /home/airflow/.local/lib/python3.8/site-packages/airflow/example_dags/example_latest_only_with_trigger.py for tasks to queue
[2024-07-02T09:07:34.524+0000] {logging_mixin.py:188} INFO - [2024-07-02T09:07:34.524+0000] {dagbag.py:538} INFO - Filling up the DagBag from /home/airflow/.local/lib/python3.8/site-packages/airflow/example_dags/example_latest_only_with_trigger.py
[2024-07-02T09:07:34.529+0000] {processor.py:840} INFO - DAG(s) 'latest_only_with_trigger' retrieved from /home/airflow/.local/lib/python3.8/site-packages/airflow/example_dags/example_latest_only_with_trigger.py
[2024-07-02T09:07:34.552+0000] {logging_mixin.py:188} INFO - [2024-07-02T09:07:34.551+0000] {dag.py:3033} INFO - Sync 1 DAGs
[2024-07-02T09:07:34.574+0000] {logging_mixin.py:188} INFO - [2024-07-02T09:07:34.574+0000] {dag.py:3820} INFO - Setting next_dagrun for latest_only_with_trigger to 2024-07-02T04:00:00+00:00, run_after=2024-07-02T08:00:00+00:00
[2024-07-02T09:07:34.590+0000] {processor.py:183} INFO - Processing /home/airflow/.local/lib/python3.8/site-packages/airflow/example_dags/example_latest_only_with_trigger.py took 0.071 seconds
[2024-07-02T09:08:05.066+0000] {processor.py:161} INFO - Started process (PID=496) to work on /home/airflow/.local/lib/python3.8/site-packages/airflow/example_dags/example_latest_only_with_trigger.py
[2024-07-02T09:08:05.068+0000] {processor.py:830} INFO - Processing file /home/airflow/.local/lib/python3.8/site-packages/airflow/example_dags/example_latest_only_with_trigger.py for tasks to queue
[2024-07-02T09:08:05.070+0000] {logging_mixin.py:188} INFO - [2024-07-02T09:08:05.070+0000] {dagbag.py:538} INFO - Filling up the DagBag from /home/airflow/.local/lib/python3.8/site-packages/airflow/example_dags/example_latest_only_with_trigger.py
[2024-07-02T09:08:05.076+0000] {processor.py:840} INFO - DAG(s) 'latest_only_with_trigger' retrieved from /home/airflow/.local/lib/python3.8/site-packages/airflow/example_dags/example_latest_only_with_trigger.py
[2024-07-02T09:08:05.097+0000] {logging_mixin.py:188} INFO - [2024-07-02T09:08:05.097+0000] {dag.py:3033} INFO - Sync 1 DAGs
[2024-07-02T09:08:05.118+0000] {logging_mixin.py:188} INFO - [2024-07-02T09:08:05.118+0000] {dag.py:3820} INFO - Setting next_dagrun for latest_only_with_trigger to 2024-07-02T04:00:00+00:00, run_after=2024-07-02T08:00:00+00:00
[2024-07-02T09:08:05.134+0000] {processor.py:183} INFO - Processing /home/airflow/.local/lib/python3.8/site-packages/airflow/example_dags/example_latest_only_with_trigger.py took 0.070 seconds
[2024-07-02T09:08:35.635+0000] {processor.py:161} INFO - Started process (PID=551) to work on /home/airflow/.local/lib/python3.8/site-packages/airflow/example_dags/example_latest_only_with_trigger.py
[2024-07-02T09:08:35.636+0000] {processor.py:830} INFO - Processing file /home/airflow/.local/lib/python3.8/site-packages/airflow/example_dags/example_latest_only_with_trigger.py for tasks to queue
[2024-07-02T09:08:35.638+0000] {logging_mixin.py:188} INFO - [2024-07-02T09:08:35.638+0000] {dagbag.py:538} INFO - Filling up the DagBag from /home/airflow/.local/lib/python3.8/site-packages/airflow/example_dags/example_latest_only_with_trigger.py
[2024-07-02T09:08:35.642+0000] {processor.py:840} INFO - DAG(s) 'latest_only_with_trigger' retrieved from /home/airflow/.local/lib/python3.8/site-packages/airflow/example_dags/example_latest_only_with_trigger.py
[2024-07-02T09:08:35.662+0000] {logging_mixin.py:188} INFO - [2024-07-02T09:08:35.661+0000] {dag.py:3033} INFO - Sync 1 DAGs
[2024-07-02T09:08:35.687+0000] {logging_mixin.py:188} INFO - [2024-07-02T09:08:35.687+0000] {dag.py:3820} INFO - Setting next_dagrun for latest_only_with_trigger to 2024-07-02T04:00:00+00:00, run_after=2024-07-02T08:00:00+00:00
[2024-07-02T09:08:35.704+0000] {processor.py:183} INFO - Processing /home/airflow/.local/lib/python3.8/site-packages/airflow/example_dags/example_latest_only_with_trigger.py took 0.072 seconds
[2024-07-02T09:09:06.214+0000] {processor.py:161} INFO - Started process (PID=606) to work on /home/airflow/.local/lib/python3.8/site-packages/airflow/example_dags/example_latest_only_with_trigger.py
[2024-07-02T09:09:06.214+0000] {processor.py:830} INFO - Processing file /home/airflow/.local/lib/python3.8/site-packages/airflow/example_dags/example_latest_only_with_trigger.py for tasks to queue
[2024-07-02T09:09:06.216+0000] {logging_mixin.py:188} INFO - [2024-07-02T09:09:06.216+0000] {dagbag.py:538} INFO - Filling up the DagBag from /home/airflow/.local/lib/python3.8/site-packages/airflow/example_dags/example_latest_only_with_trigger.py
[2024-07-02T09:09:06.221+0000] {processor.py:840} INFO - DAG(s) 'latest_only_with_trigger' retrieved from /home/airflow/.local/lib/python3.8/site-packages/airflow/example_dags/example_latest_only_with_trigger.py
[2024-07-02T09:09:06.240+0000] {logging_mixin.py:188} INFO - [2024-07-02T09:09:06.240+0000] {dag.py:3033} INFO - Sync 1 DAGs
[2024-07-02T09:09:06.263+0000] {logging_mixin.py:188} INFO - [2024-07-02T09:09:06.263+0000] {dag.py:3820} INFO - Setting next_dagrun for latest_only_with_trigger to 2024-07-02T04:00:00+00:00, run_after=2024-07-02T08:00:00+00:00
[2024-07-02T09:09:06.281+0000] {processor.py:183} INFO - Processing /home/airflow/.local/lib/python3.8/site-packages/airflow/example_dags/example_latest_only_with_trigger.py took 0.070 seconds
[2024-07-02T09:09:36.884+0000] {processor.py:161} INFO - Started process (PID=661) to work on /home/airflow/.local/lib/python3.8/site-packages/airflow/example_dags/example_latest_only_with_trigger.py
[2024-07-02T09:09:36.884+0000] {processor.py:830} INFO - Processing file /home/airflow/.local/lib/python3.8/site-packages/airflow/example_dags/example_latest_only_with_trigger.py for tasks to queue
[2024-07-02T09:09:36.886+0000] {logging_mixin.py:188} INFO - [2024-07-02T09:09:36.886+0000] {dagbag.py:538} INFO - Filling up the DagBag from /home/airflow/.local/lib/python3.8/site-packages/airflow/example_dags/example_latest_only_with_trigger.py
[2024-07-02T09:09:36.890+0000] {processor.py:840} INFO - DAG(s) 'latest_only_with_trigger' retrieved from /home/airflow/.local/lib/python3.8/site-packages/airflow/example_dags/example_latest_only_with_trigger.py
[2024-07-02T09:09:36.908+0000] {logging_mixin.py:188} INFO - [2024-07-02T09:09:36.908+0000] {dag.py:3033} INFO - Sync 1 DAGs
[2024-07-02T09:09:36.927+0000] {logging_mixin.py:188} INFO - [2024-07-02T09:09:36.927+0000] {dag.py:3820} INFO - Setting next_dagrun for latest_only_with_trigger to 2024-07-02T04:00:00+00:00, run_after=2024-07-02T08:00:00+00:00
[2024-07-02T09:09:36.944+0000] {processor.py:183} INFO - Processing /home/airflow/.local/lib/python3.8/site-packages/airflow/example_dags/example_latest_only_with_trigger.py took 0.063 seconds
[2024-07-02T09:10:07.183+0000] {processor.py:161} INFO - Started process (PID=716) to work on /home/airflow/.local/lib/python3.8/site-packages/airflow/example_dags/example_latest_only_with_trigger.py
[2024-07-02T09:10:07.184+0000] {processor.py:830} INFO - Processing file /home/airflow/.local/lib/python3.8/site-packages/airflow/example_dags/example_latest_only_with_trigger.py for tasks to queue
[2024-07-02T09:10:07.186+0000] {logging_mixin.py:188} INFO - [2024-07-02T09:10:07.186+0000] {dagbag.py:538} INFO - Filling up the DagBag from /home/airflow/.local/lib/python3.8/site-packages/airflow/example_dags/example_latest_only_with_trigger.py
[2024-07-02T09:10:07.193+0000] {processor.py:840} INFO - DAG(s) 'latest_only_with_trigger' retrieved from /home/airflow/.local/lib/python3.8/site-packages/airflow/example_dags/example_latest_only_with_trigger.py
[2024-07-02T09:10:07.218+0000] {logging_mixin.py:188} INFO - [2024-07-02T09:10:07.218+0000] {dag.py:3033} INFO - Sync 1 DAGs
[2024-07-02T09:10:07.242+0000] {logging_mixin.py:188} INFO - [2024-07-02T09:10:07.241+0000] {dag.py:3820} INFO - Setting next_dagrun for latest_only_with_trigger to 2024-07-02T04:00:00+00:00, run_after=2024-07-02T08:00:00+00:00
[2024-07-02T09:10:07.257+0000] {processor.py:183} INFO - Processing /home/airflow/.local/lib/python3.8/site-packages/airflow/example_dags/example_latest_only_with_trigger.py took 0.078 seconds
[2024-07-02T09:10:37.792+0000] {processor.py:161} INFO - Started process (PID=771) to work on /home/airflow/.local/lib/python3.8/site-packages/airflow/example_dags/example_latest_only_with_trigger.py
[2024-07-02T09:10:37.793+0000] {processor.py:830} INFO - Processing file /home/airflow/.local/lib/python3.8/site-packages/airflow/example_dags/example_latest_only_with_trigger.py for tasks to queue
[2024-07-02T09:10:37.794+0000] {logging_mixin.py:188} INFO - [2024-07-02T09:10:37.794+0000] {dagbag.py:538} INFO - Filling up the DagBag from /home/airflow/.local/lib/python3.8/site-packages/airflow/example_dags/example_latest_only_with_trigger.py
[2024-07-02T09:10:37.799+0000] {processor.py:840} INFO - DAG(s) 'latest_only_with_trigger' retrieved from /home/airflow/.local/lib/python3.8/site-packages/airflow/example_dags/example_latest_only_with_trigger.py
[2024-07-02T09:10:37.818+0000] {logging_mixin.py:188} INFO - [2024-07-02T09:10:37.817+0000] {dag.py:3033} INFO - Sync 1 DAGs
[2024-07-02T09:10:37.843+0000] {logging_mixin.py:188} INFO - [2024-07-02T09:10:37.843+0000] {dag.py:3820} INFO - Setting next_dagrun for latest_only_with_trigger to 2024-07-02T04:00:00+00:00, run_after=2024-07-02T08:00:00+00:00
[2024-07-02T09:10:37.864+0000] {processor.py:183} INFO - Processing /home/airflow/.local/lib/python3.8/site-packages/airflow/example_dags/example_latest_only_with_trigger.py took 0.075 seconds
[2024-07-02T09:11:08.354+0000] {processor.py:161} INFO - Started process (PID=826) to work on /home/airflow/.local/lib/python3.8/site-packages/airflow/example_dags/example_latest_only_with_trigger.py
[2024-07-02T09:11:08.355+0000] {processor.py:830} INFO - Processing file /home/airflow/.local/lib/python3.8/site-packages/airflow/example_dags/example_latest_only_with_trigger.py for tasks to queue
[2024-07-02T09:11:08.356+0000] {logging_mixin.py:188} INFO - [2024-07-02T09:11:08.356+0000] {dagbag.py:538} INFO - Filling up the DagBag from /home/airflow/.local/lib/python3.8/site-packages/airflow/example_dags/example_latest_only_with_trigger.py
[2024-07-02T09:11:08.361+0000] {processor.py:840} INFO - DAG(s) 'latest_only_with_trigger' retrieved from /home/airflow/.local/lib/python3.8/site-packages/airflow/example_dags/example_latest_only_with_trigger.py
[2024-07-02T09:11:08.383+0000] {logging_mixin.py:188} INFO - [2024-07-02T09:11:08.382+0000] {dag.py:3033} INFO - Sync 1 DAGs
[2024-07-02T09:11:08.404+0000] {logging_mixin.py:188} INFO - [2024-07-02T09:11:08.404+0000] {dag.py:3820} INFO - Setting next_dagrun for latest_only_with_trigger to 2024-07-02T04:00:00+00:00, run_after=2024-07-02T08:00:00+00:00
[2024-07-02T09:11:08.420+0000] {processor.py:183} INFO - Processing /home/airflow/.local/lib/python3.8/site-packages/airflow/example_dags/example_latest_only_with_trigger.py took 0.069 seconds
[2024-07-02T09:11:38.759+0000] {processor.py:161} INFO - Started process (PID=881) to work on /home/airflow/.local/lib/python3.8/site-packages/airflow/example_dags/example_latest_only_with_trigger.py
[2024-07-02T09:11:38.760+0000] {processor.py:830} INFO - Processing file /home/airflow/.local/lib/python3.8/site-packages/airflow/example_dags/example_latest_only_with_trigger.py for tasks to queue
[2024-07-02T09:11:38.763+0000] {logging_mixin.py:188} INFO - [2024-07-02T09:11:38.763+0000] {dagbag.py:538} INFO - Filling up the DagBag from /home/airflow/.local/lib/python3.8/site-packages/airflow/example_dags/example_latest_only_with_trigger.py
[2024-07-02T09:11:38.774+0000] {processor.py:840} INFO - DAG(s) 'latest_only_with_trigger' retrieved from /home/airflow/.local/lib/python3.8/site-packages/airflow/example_dags/example_latest_only_with_trigger.py
[2024-07-02T09:11:38.823+0000] {logging_mixin.py:188} INFO - [2024-07-02T09:11:38.823+0000] {dag.py:3033} INFO - Sync 1 DAGs
[2024-07-02T09:11:38.887+0000] {logging_mixin.py:188} INFO - [2024-07-02T09:11:38.887+0000] {dag.py:3820} INFO - Setting next_dagrun for latest_only_with_trigger to 2024-07-02T04:00:00+00:00, run_after=2024-07-02T08:00:00+00:00
[2024-07-02T09:11:38.933+0000] {processor.py:183} INFO - Processing /home/airflow/.local/lib/python3.8/site-packages/airflow/example_dags/example_latest_only_with_trigger.py took 0.179 seconds
[2024-07-02T09:12:09.316+0000] {processor.py:161} INFO - Started process (PID=936) to work on /home/airflow/.local/lib/python3.8/site-packages/airflow/example_dags/example_latest_only_with_trigger.py
[2024-07-02T09:12:09.317+0000] {processor.py:830} INFO - Processing file /home/airflow/.local/lib/python3.8/site-packages/airflow/example_dags/example_latest_only_with_trigger.py for tasks to queue
[2024-07-02T09:12:09.319+0000] {logging_mixin.py:188} INFO - [2024-07-02T09:12:09.319+0000] {dagbag.py:538} INFO - Filling up the DagBag from /home/airflow/.local/lib/python3.8/site-packages/airflow/example_dags/example_latest_only_with_trigger.py
[2024-07-02T09:12:09.324+0000] {processor.py:840} INFO - DAG(s) 'latest_only_with_trigger' retrieved from /home/airflow/.local/lib/python3.8/site-packages/airflow/example_dags/example_latest_only_with_trigger.py
[2024-07-02T09:12:09.344+0000] {logging_mixin.py:188} INFO - [2024-07-02T09:12:09.344+0000] {dag.py:3033} INFO - Sync 1 DAGs
[2024-07-02T09:12:09.365+0000] {logging_mixin.py:188} INFO - [2024-07-02T09:12:09.365+0000] {dag.py:3820} INFO - Setting next_dagrun for latest_only_with_trigger to 2024-07-02T04:00:00+00:00, run_after=2024-07-02T08:00:00+00:00
[2024-07-02T09:12:09.383+0000] {processor.py:183} INFO - Processing /home/airflow/.local/lib/python3.8/site-packages/airflow/example_dags/example_latest_only_with_trigger.py took 0.070 seconds
[2024-07-02T09:12:39.474+0000] {processor.py:161} INFO - Started process (PID=991) to work on /home/airflow/.local/lib/python3.8/site-packages/airflow/example_dags/example_latest_only_with_trigger.py
[2024-07-02T09:12:39.475+0000] {processor.py:830} INFO - Processing file /home/airflow/.local/lib/python3.8/site-packages/airflow/example_dags/example_latest_only_with_trigger.py for tasks to queue
[2024-07-02T09:12:39.477+0000] {logging_mixin.py:188} INFO - [2024-07-02T09:12:39.477+0000] {dagbag.py:538} INFO - Filling up the DagBag from /home/airflow/.local/lib/python3.8/site-packages/airflow/example_dags/example_latest_only_with_trigger.py
[2024-07-02T09:12:39.483+0000] {processor.py:840} INFO - DAG(s) 'latest_only_with_trigger' retrieved from /home/airflow/.local/lib/python3.8/site-packages/airflow/example_dags/example_latest_only_with_trigger.py
[2024-07-02T09:12:39.508+0000] {logging_mixin.py:188} INFO - [2024-07-02T09:12:39.508+0000] {dag.py:3033} INFO - Sync 1 DAGs
[2024-07-02T09:12:39.535+0000] {logging_mixin.py:188} INFO - [2024-07-02T09:12:39.535+0000] {dag.py:3820} INFO - Setting next_dagrun for latest_only_with_trigger to 2024-07-02T04:00:00+00:00, run_after=2024-07-02T08:00:00+00:00
[2024-07-02T09:12:39.556+0000] {processor.py:183} INFO - Processing /home/airflow/.local/lib/python3.8/site-packages/airflow/example_dags/example_latest_only_with_trigger.py took 0.084 seconds
[2024-07-02T09:13:10.106+0000] {processor.py:161} INFO - Started process (PID=1046) to work on /home/airflow/.local/lib/python3.8/site-packages/airflow/example_dags/example_latest_only_with_trigger.py
[2024-07-02T09:13:10.107+0000] {processor.py:830} INFO - Processing file /home/airflow/.local/lib/python3.8/site-packages/airflow/example_dags/example_latest_only_with_trigger.py for tasks to queue
[2024-07-02T09:13:10.109+0000] {logging_mixin.py:188} INFO - [2024-07-02T09:13:10.108+0000] {dagbag.py:538} INFO - Filling up the DagBag from /home/airflow/.local/lib/python3.8/site-packages/airflow/example_dags/example_latest_only_with_trigger.py
[2024-07-02T09:13:10.113+0000] {processor.py:840} INFO - DAG(s) 'latest_only_with_trigger' retrieved from /home/airflow/.local/lib/python3.8/site-packages/airflow/example_dags/example_latest_only_with_trigger.py
[2024-07-02T09:13:10.133+0000] {logging_mixin.py:188} INFO - [2024-07-02T09:13:10.132+0000] {dag.py:3033} INFO - Sync 1 DAGs
[2024-07-02T09:13:10.152+0000] {logging_mixin.py:188} INFO - [2024-07-02T09:13:10.152+0000] {dag.py:3820} INFO - Setting next_dagrun for latest_only_with_trigger to 2024-07-02T04:00:00+00:00, run_after=2024-07-02T08:00:00+00:00
[2024-07-02T09:13:10.170+0000] {processor.py:183} INFO - Processing /home/airflow/.local/lib/python3.8/site-packages/airflow/example_dags/example_latest_only_with_trigger.py took 0.067 seconds
[2024-07-02T09:13:40.651+0000] {processor.py:161} INFO - Started process (PID=1101) to work on /home/airflow/.local/lib/python3.8/site-packages/airflow/example_dags/example_latest_only_with_trigger.py
[2024-07-02T09:13:40.655+0000] {processor.py:830} INFO - Processing file /home/airflow/.local/lib/python3.8/site-packages/airflow/example_dags/example_latest_only_with_trigger.py for tasks to queue
[2024-07-02T09:13:40.657+0000] {logging_mixin.py:188} INFO - [2024-07-02T09:13:40.657+0000] {dagbag.py:538} INFO - Filling up the DagBag from /home/airflow/.local/lib/python3.8/site-packages/airflow/example_dags/example_latest_only_with_trigger.py
[2024-07-02T09:13:40.662+0000] {processor.py:840} INFO - DAG(s) 'latest_only_with_trigger' retrieved from /home/airflow/.local/lib/python3.8/site-packages/airflow/example_dags/example_latest_only_with_trigger.py
[2024-07-02T09:13:40.687+0000] {logging_mixin.py:188} INFO - [2024-07-02T09:13:40.687+0000] {dag.py:3033} INFO - Sync 1 DAGs
[2024-07-02T09:13:40.711+0000] {logging_mixin.py:188} INFO - [2024-07-02T09:13:40.711+0000] {dag.py:3820} INFO - Setting next_dagrun for latest_only_with_trigger to 2024-07-02T04:00:00+00:00, run_after=2024-07-02T08:00:00+00:00
[2024-07-02T09:13:40.731+0000] {processor.py:183} INFO - Processing /home/airflow/.local/lib/python3.8/site-packages/airflow/example_dags/example_latest_only_with_trigger.py took 0.082 seconds
[2024-07-02T09:14:11.154+0000] {processor.py:161} INFO - Started process (PID=1156) to work on /home/airflow/.local/lib/python3.8/site-packages/airflow/example_dags/example_latest_only_with_trigger.py
[2024-07-02T09:14:11.158+0000] {processor.py:830} INFO - Processing file /home/airflow/.local/lib/python3.8/site-packages/airflow/example_dags/example_latest_only_with_trigger.py for tasks to queue
[2024-07-02T09:14:11.160+0000] {logging_mixin.py:188} INFO - [2024-07-02T09:14:11.160+0000] {dagbag.py:538} INFO - Filling up the DagBag from /home/airflow/.local/lib/python3.8/site-packages/airflow/example_dags/example_latest_only_with_trigger.py
[2024-07-02T09:14:11.166+0000] {processor.py:840} INFO - DAG(s) 'latest_only_with_trigger' retrieved from /home/airflow/.local/lib/python3.8/site-packages/airflow/example_dags/example_latest_only_with_trigger.py
[2024-07-02T09:14:11.187+0000] {logging_mixin.py:188} INFO - [2024-07-02T09:14:11.187+0000] {dag.py:3033} INFO - Sync 1 DAGs
[2024-07-02T09:14:11.208+0000] {logging_mixin.py:188} INFO - [2024-07-02T09:14:11.208+0000] {dag.py:3820} INFO - Setting next_dagrun for latest_only_with_trigger to 2024-07-02T04:00:00+00:00, run_after=2024-07-02T08:00:00+00:00
[2024-07-02T09:14:11.226+0000] {processor.py:183} INFO - Processing /home/airflow/.local/lib/python3.8/site-packages/airflow/example_dags/example_latest_only_with_trigger.py took 0.074 seconds
[2024-07-02T09:14:41.697+0000] {processor.py:161} INFO - Started process (PID=1211) to work on /home/airflow/.local/lib/python3.8/site-packages/airflow/example_dags/example_latest_only_with_trigger.py
[2024-07-02T09:14:41.698+0000] {processor.py:830} INFO - Processing file /home/airflow/.local/lib/python3.8/site-packages/airflow/example_dags/example_latest_only_with_trigger.py for tasks to queue
[2024-07-02T09:14:41.699+0000] {logging_mixin.py:188} INFO - [2024-07-02T09:14:41.699+0000] {dagbag.py:538} INFO - Filling up the DagBag from /home/airflow/.local/lib/python3.8/site-packages/airflow/example_dags/example_latest_only_with_trigger.py
[2024-07-02T09:14:41.705+0000] {processor.py:840} INFO - DAG(s) 'latest_only_with_trigger' retrieved from /home/airflow/.local/lib/python3.8/site-packages/airflow/example_dags/example_latest_only_with_trigger.py
[2024-07-02T09:14:41.727+0000] {logging_mixin.py:188} INFO - [2024-07-02T09:14:41.726+0000] {dag.py:3033} INFO - Sync 1 DAGs
[2024-07-02T09:14:41.747+0000] {logging_mixin.py:188} INFO - [2024-07-02T09:14:41.747+0000] {dag.py:3820} INFO - Setting next_dagrun for latest_only_with_trigger to 2024-07-02T04:00:00+00:00, run_after=2024-07-02T08:00:00+00:00
[2024-07-02T09:14:41.763+0000] {processor.py:183} INFO - Processing /home/airflow/.local/lib/python3.8/site-packages/airflow/example_dags/example_latest_only_with_trigger.py took 0.069 seconds
[2024-07-02T09:15:12.182+0000] {processor.py:161} INFO - Started process (PID=1266) to work on /home/airflow/.local/lib/python3.8/site-packages/airflow/example_dags/example_latest_only_with_trigger.py
[2024-07-02T09:15:12.183+0000] {processor.py:830} INFO - Processing file /home/airflow/.local/lib/python3.8/site-packages/airflow/example_dags/example_latest_only_with_trigger.py for tasks to queue
[2024-07-02T09:15:12.184+0000] {logging_mixin.py:188} INFO - [2024-07-02T09:15:12.184+0000] {dagbag.py:538} INFO - Filling up the DagBag from /home/airflow/.local/lib/python3.8/site-packages/airflow/example_dags/example_latest_only_with_trigger.py
[2024-07-02T09:15:12.189+0000] {processor.py:840} INFO - DAG(s) 'latest_only_with_trigger' retrieved from /home/airflow/.local/lib/python3.8/site-packages/airflow/example_dags/example_latest_only_with_trigger.py
[2024-07-02T09:15:12.209+0000] {logging_mixin.py:188} INFO - [2024-07-02T09:15:12.209+0000] {dag.py:3033} INFO - Sync 1 DAGs
[2024-07-02T09:15:12.230+0000] {logging_mixin.py:188} INFO - [2024-07-02T09:15:12.229+0000] {dag.py:3820} INFO - Setting next_dagrun for latest_only_with_trigger to 2024-07-02T04:00:00+00:00, run_after=2024-07-02T08:00:00+00:00
[2024-07-02T09:15:12.248+0000] {processor.py:183} INFO - Processing /home/airflow/.local/lib/python3.8/site-packages/airflow/example_dags/example_latest_only_with_trigger.py took 0.068 seconds
[2024-07-02T09:15:42.587+0000] {processor.py:161} INFO - Started process (PID=1321) to work on /home/airflow/.local/lib/python3.8/site-packages/airflow/example_dags/example_latest_only_with_trigger.py
[2024-07-02T09:15:42.588+0000] {processor.py:830} INFO - Processing file /home/airflow/.local/lib/python3.8/site-packages/airflow/example_dags/example_latest_only_with_trigger.py for tasks to queue
[2024-07-02T09:15:42.590+0000] {logging_mixin.py:188} INFO - [2024-07-02T09:15:42.589+0000] {dagbag.py:538} INFO - Filling up the DagBag from /home/airflow/.local/lib/python3.8/site-packages/airflow/example_dags/example_latest_only_with_trigger.py
[2024-07-02T09:15:42.594+0000] {processor.py:840} INFO - DAG(s) 'latest_only_with_trigger' retrieved from /home/airflow/.local/lib/python3.8/site-packages/airflow/example_dags/example_latest_only_with_trigger.py
[2024-07-02T09:15:42.613+0000] {logging_mixin.py:188} INFO - [2024-07-02T09:15:42.613+0000] {dag.py:3033} INFO - Sync 1 DAGs
[2024-07-02T09:15:42.634+0000] {logging_mixin.py:188} INFO - [2024-07-02T09:15:42.633+0000] {dag.py:3820} INFO - Setting next_dagrun for latest_only_with_trigger to 2024-07-02T04:00:00+00:00, run_after=2024-07-02T08:00:00+00:00
[2024-07-02T09:15:42.652+0000] {processor.py:183} INFO - Processing /home/airflow/.local/lib/python3.8/site-packages/airflow/example_dags/example_latest_only_with_trigger.py took 0.067 seconds
[2024-07-02T09:16:13.248+0000] {processor.py:161} INFO - Started process (PID=1375) to work on /home/airflow/.local/lib/python3.8/site-packages/airflow/example_dags/example_latest_only_with_trigger.py
[2024-07-02T09:16:13.249+0000] {processor.py:830} INFO - Processing file /home/airflow/.local/lib/python3.8/site-packages/airflow/example_dags/example_latest_only_with_trigger.py for tasks to queue
[2024-07-02T09:16:13.251+0000] {logging_mixin.py:188} INFO - [2024-07-02T09:16:13.250+0000] {dagbag.py:538} INFO - Filling up the DagBag from /home/airflow/.local/lib/python3.8/site-packages/airflow/example_dags/example_latest_only_with_trigger.py
[2024-07-02T09:16:13.255+0000] {processor.py:840} INFO - DAG(s) 'latest_only_with_trigger' retrieved from /home/airflow/.local/lib/python3.8/site-packages/airflow/example_dags/example_latest_only_with_trigger.py
[2024-07-02T09:16:13.278+0000] {logging_mixin.py:188} INFO - [2024-07-02T09:16:13.277+0000] {dag.py:3033} INFO - Sync 1 DAGs
[2024-07-02T09:16:13.299+0000] {logging_mixin.py:188} INFO - [2024-07-02T09:16:13.299+0000] {dag.py:3820} INFO - Setting next_dagrun for latest_only_with_trigger to 2024-07-02T04:00:00+00:00, run_after=2024-07-02T08:00:00+00:00
[2024-07-02T09:16:13.315+0000] {processor.py:183} INFO - Processing /home/airflow/.local/lib/python3.8/site-packages/airflow/example_dags/example_latest_only_with_trigger.py took 0.069 seconds
[2024-07-02T09:16:43.816+0000] {processor.py:161} INFO - Started process (PID=1430) to work on /home/airflow/.local/lib/python3.8/site-packages/airflow/example_dags/example_latest_only_with_trigger.py
[2024-07-02T09:16:43.817+0000] {processor.py:830} INFO - Processing file /home/airflow/.local/lib/python3.8/site-packages/airflow/example_dags/example_latest_only_with_trigger.py for tasks to queue
[2024-07-02T09:16:43.818+0000] {logging_mixin.py:188} INFO - [2024-07-02T09:16:43.818+0000] {dagbag.py:538} INFO - Filling up the DagBag from /home/airflow/.local/lib/python3.8/site-packages/airflow/example_dags/example_latest_only_with_trigger.py
[2024-07-02T09:16:43.823+0000] {processor.py:840} INFO - DAG(s) 'latest_only_with_trigger' retrieved from /home/airflow/.local/lib/python3.8/site-packages/airflow/example_dags/example_latest_only_with_trigger.py
[2024-07-02T09:16:43.844+0000] {logging_mixin.py:188} INFO - [2024-07-02T09:16:43.844+0000] {dag.py:3033} INFO - Sync 1 DAGs
[2024-07-02T09:16:43.865+0000] {logging_mixin.py:188} INFO - [2024-07-02T09:16:43.865+0000] {dag.py:3820} INFO - Setting next_dagrun for latest_only_with_trigger to 2024-07-02T04:00:00+00:00, run_after=2024-07-02T08:00:00+00:00
[2024-07-02T09:16:43.880+0000] {processor.py:183} INFO - Processing /home/airflow/.local/lib/python3.8/site-packages/airflow/example_dags/example_latest_only_with_trigger.py took 0.067 seconds
[2024-07-02T09:17:14.339+0000] {processor.py:161} INFO - Started process (PID=1485) to work on /home/airflow/.local/lib/python3.8/site-packages/airflow/example_dags/example_latest_only_with_trigger.py
[2024-07-02T09:17:14.339+0000] {processor.py:830} INFO - Processing file /home/airflow/.local/lib/python3.8/site-packages/airflow/example_dags/example_latest_only_with_trigger.py for tasks to queue
[2024-07-02T09:17:14.341+0000] {logging_mixin.py:188} INFO - [2024-07-02T09:17:14.341+0000] {dagbag.py:538} INFO - Filling up the DagBag from /home/airflow/.local/lib/python3.8/site-packages/airflow/example_dags/example_latest_only_with_trigger.py
[2024-07-02T09:17:14.346+0000] {processor.py:840} INFO - DAG(s) 'latest_only_with_trigger' retrieved from /home/airflow/.local/lib/python3.8/site-packages/airflow/example_dags/example_latest_only_with_trigger.py
[2024-07-02T09:17:14.367+0000] {logging_mixin.py:188} INFO - [2024-07-02T09:17:14.367+0000] {dag.py:3033} INFO - Sync 1 DAGs
[2024-07-02T09:17:14.386+0000] {logging_mixin.py:188} INFO - [2024-07-02T09:17:14.386+0000] {dag.py:3820} INFO - Setting next_dagrun for latest_only_with_trigger to 2024-07-02T04:00:00+00:00, run_after=2024-07-02T08:00:00+00:00
[2024-07-02T09:17:14.405+0000] {processor.py:183} INFO - Processing /home/airflow/.local/lib/python3.8/site-packages/airflow/example_dags/example_latest_only_with_trigger.py took 0.069 seconds
[2024-07-02T09:17:44.749+0000] {processor.py:161} INFO - Started process (PID=1541) to work on /home/airflow/.local/lib/python3.8/site-packages/airflow/example_dags/example_latest_only_with_trigger.py
[2024-07-02T09:17:44.750+0000] {processor.py:830} INFO - Processing file /home/airflow/.local/lib/python3.8/site-packages/airflow/example_dags/example_latest_only_with_trigger.py for tasks to queue
[2024-07-02T09:17:44.751+0000] {logging_mixin.py:188} INFO - [2024-07-02T09:17:44.751+0000] {dagbag.py:538} INFO - Filling up the DagBag from /home/airflow/.local/lib/python3.8/site-packages/airflow/example_dags/example_latest_only_with_trigger.py
[2024-07-02T09:17:44.756+0000] {processor.py:840} INFO - DAG(s) 'latest_only_with_trigger' retrieved from /home/airflow/.local/lib/python3.8/site-packages/airflow/example_dags/example_latest_only_with_trigger.py
[2024-07-02T09:17:44.776+0000] {logging_mixin.py:188} INFO - [2024-07-02T09:17:44.776+0000] {dag.py:3033} INFO - Sync 1 DAGs
[2024-07-02T09:17:44.795+0000] {logging_mixin.py:188} INFO - [2024-07-02T09:17:44.795+0000] {dag.py:3820} INFO - Setting next_dagrun for latest_only_with_trigger to 2024-07-02T04:00:00+00:00, run_after=2024-07-02T08:00:00+00:00
[2024-07-02T09:17:44.811+0000] {processor.py:183} INFO - Processing /home/airflow/.local/lib/python3.8/site-packages/airflow/example_dags/example_latest_only_with_trigger.py took 0.065 seconds
[2024-07-02T09:18:15.245+0000] {processor.py:161} INFO - Started process (PID=1596) to work on /home/airflow/.local/lib/python3.8/site-packages/airflow/example_dags/example_latest_only_with_trigger.py
[2024-07-02T09:18:15.245+0000] {processor.py:830} INFO - Processing file /home/airflow/.local/lib/python3.8/site-packages/airflow/example_dags/example_latest_only_with_trigger.py for tasks to queue
[2024-07-02T09:18:15.248+0000] {logging_mixin.py:188} INFO - [2024-07-02T09:18:15.247+0000] {dagbag.py:538} INFO - Filling up the DagBag from /home/airflow/.local/lib/python3.8/site-packages/airflow/example_dags/example_latest_only_with_trigger.py
[2024-07-02T09:18:15.253+0000] {processor.py:840} INFO - DAG(s) 'latest_only_with_trigger' retrieved from /home/airflow/.local/lib/python3.8/site-packages/airflow/example_dags/example_latest_only_with_trigger.py
[2024-07-02T09:18:15.274+0000] {logging_mixin.py:188} INFO - [2024-07-02T09:18:15.274+0000] {dag.py:3033} INFO - Sync 1 DAGs
[2024-07-02T09:18:15.296+0000] {logging_mixin.py:188} INFO - [2024-07-02T09:18:15.295+0000] {dag.py:3820} INFO - Setting next_dagrun for latest_only_with_trigger to 2024-07-02T04:00:00+00:00, run_after=2024-07-02T08:00:00+00:00
[2024-07-02T09:18:15.317+0000] {processor.py:183} INFO - Processing /home/airflow/.local/lib/python3.8/site-packages/airflow/example_dags/example_latest_only_with_trigger.py took 0.075 seconds
[2024-07-02T09:18:45.820+0000] {processor.py:161} INFO - Started process (PID=1651) to work on /home/airflow/.local/lib/python3.8/site-packages/airflow/example_dags/example_latest_only_with_trigger.py
[2024-07-02T09:18:45.820+0000] {processor.py:830} INFO - Processing file /home/airflow/.local/lib/python3.8/site-packages/airflow/example_dags/example_latest_only_with_trigger.py for tasks to queue
[2024-07-02T09:18:45.823+0000] {logging_mixin.py:188} INFO - [2024-07-02T09:18:45.822+0000] {dagbag.py:538} INFO - Filling up the DagBag from /home/airflow/.local/lib/python3.8/site-packages/airflow/example_dags/example_latest_only_with_trigger.py
[2024-07-02T09:18:45.828+0000] {processor.py:840} INFO - DAG(s) 'latest_only_with_trigger' retrieved from /home/airflow/.local/lib/python3.8/site-packages/airflow/example_dags/example_latest_only_with_trigger.py
[2024-07-02T09:18:45.850+0000] {logging_mixin.py:188} INFO - [2024-07-02T09:18:45.850+0000] {dag.py:3033} INFO - Sync 1 DAGs
[2024-07-02T09:18:45.871+0000] {logging_mixin.py:188} INFO - [2024-07-02T09:18:45.870+0000] {dag.py:3820} INFO - Setting next_dagrun for latest_only_with_trigger to 2024-07-02T04:00:00+00:00, run_after=2024-07-02T08:00:00+00:00
[2024-07-02T09:18:45.886+0000] {processor.py:183} INFO - Processing /home/airflow/.local/lib/python3.8/site-packages/airflow/example_dags/example_latest_only_with_trigger.py took 0.069 seconds
[2024-07-02T09:19:16.169+0000] {processor.py:161} INFO - Started process (PID=1706) to work on /home/airflow/.local/lib/python3.8/site-packages/airflow/example_dags/example_latest_only_with_trigger.py
[2024-07-02T09:19:16.170+0000] {processor.py:830} INFO - Processing file /home/airflow/.local/lib/python3.8/site-packages/airflow/example_dags/example_latest_only_with_trigger.py for tasks to queue
[2024-07-02T09:19:16.172+0000] {logging_mixin.py:188} INFO - [2024-07-02T09:19:16.172+0000] {dagbag.py:538} INFO - Filling up the DagBag from /home/airflow/.local/lib/python3.8/site-packages/airflow/example_dags/example_latest_only_with_trigger.py
[2024-07-02T09:19:16.178+0000] {processor.py:840} INFO - DAG(s) 'latest_only_with_trigger' retrieved from /home/airflow/.local/lib/python3.8/site-packages/airflow/example_dags/example_latest_only_with_trigger.py
[2024-07-02T09:19:16.199+0000] {logging_mixin.py:188} INFO - [2024-07-02T09:19:16.199+0000] {dag.py:3033} INFO - Sync 1 DAGs
[2024-07-02T09:19:16.221+0000] {logging_mixin.py:188} INFO - [2024-07-02T09:19:16.220+0000] {dag.py:3820} INFO - Setting next_dagrun for latest_only_with_trigger to 2024-07-02T04:00:00+00:00, run_after=2024-07-02T08:00:00+00:00
[2024-07-02T09:19:16.238+0000] {processor.py:183} INFO - Processing /home/airflow/.local/lib/python3.8/site-packages/airflow/example_dags/example_latest_only_with_trigger.py took 0.072 seconds
[2024-07-02T09:19:46.440+0000] {processor.py:161} INFO - Started process (PID=1760) to work on /home/airflow/.local/lib/python3.8/site-packages/airflow/example_dags/example_latest_only_with_trigger.py
[2024-07-02T09:19:46.441+0000] {processor.py:830} INFO - Processing file /home/airflow/.local/lib/python3.8/site-packages/airflow/example_dags/example_latest_only_with_trigger.py for tasks to queue
[2024-07-02T09:19:46.443+0000] {logging_mixin.py:188} INFO - [2024-07-02T09:19:46.443+0000] {dagbag.py:538} INFO - Filling up the DagBag from /home/airflow/.local/lib/python3.8/site-packages/airflow/example_dags/example_latest_only_with_trigger.py
[2024-07-02T09:19:46.449+0000] {processor.py:840} INFO - DAG(s) 'latest_only_with_trigger' retrieved from /home/airflow/.local/lib/python3.8/site-packages/airflow/example_dags/example_latest_only_with_trigger.py
[2024-07-02T09:19:46.471+0000] {logging_mixin.py:188} INFO - [2024-07-02T09:19:46.471+0000] {dag.py:3033} INFO - Sync 1 DAGs
[2024-07-02T09:19:46.493+0000] {logging_mixin.py:188} INFO - [2024-07-02T09:19:46.493+0000] {dag.py:3820} INFO - Setting next_dagrun for latest_only_with_trigger to 2024-07-02T04:00:00+00:00, run_after=2024-07-02T08:00:00+00:00
[2024-07-02T09:19:46.512+0000] {processor.py:183} INFO - Processing /home/airflow/.local/lib/python3.8/site-packages/airflow/example_dags/example_latest_only_with_trigger.py took 0.076 seconds
[2024-07-02T09:20:17.015+0000] {processor.py:161} INFO - Started process (PID=1814) to work on /home/airflow/.local/lib/python3.8/site-packages/airflow/example_dags/example_latest_only_with_trigger.py
[2024-07-02T09:20:17.016+0000] {processor.py:830} INFO - Processing file /home/airflow/.local/lib/python3.8/site-packages/airflow/example_dags/example_latest_only_with_trigger.py for tasks to queue
[2024-07-02T09:20:17.018+0000] {logging_mixin.py:188} INFO - [2024-07-02T09:20:17.018+0000] {dagbag.py:538} INFO - Filling up the DagBag from /home/airflow/.local/lib/python3.8/site-packages/airflow/example_dags/example_latest_only_with_trigger.py
[2024-07-02T09:20:17.022+0000] {processor.py:840} INFO - DAG(s) 'latest_only_with_trigger' retrieved from /home/airflow/.local/lib/python3.8/site-packages/airflow/example_dags/example_latest_only_with_trigger.py
[2024-07-02T09:20:17.041+0000] {logging_mixin.py:188} INFO - [2024-07-02T09:20:17.041+0000] {dag.py:3033} INFO - Sync 1 DAGs
[2024-07-02T09:20:17.059+0000] {logging_mixin.py:188} INFO - [2024-07-02T09:20:17.059+0000] {dag.py:3820} INFO - Setting next_dagrun for latest_only_with_trigger to 2024-07-02T04:00:00+00:00, run_after=2024-07-02T08:00:00+00:00
[2024-07-02T09:20:17.076+0000] {processor.py:183} INFO - Processing /home/airflow/.local/lib/python3.8/site-packages/airflow/example_dags/example_latest_only_with_trigger.py took 0.063 seconds
[2024-07-02T09:20:47.630+0000] {processor.py:161} INFO - Started process (PID=1869) to work on /home/airflow/.local/lib/python3.8/site-packages/airflow/example_dags/example_latest_only_with_trigger.py
[2024-07-02T09:20:47.631+0000] {processor.py:830} INFO - Processing file /home/airflow/.local/lib/python3.8/site-packages/airflow/example_dags/example_latest_only_with_trigger.py for tasks to queue
[2024-07-02T09:20:47.633+0000] {logging_mixin.py:188} INFO - [2024-07-02T09:20:47.633+0000] {dagbag.py:538} INFO - Filling up the DagBag from /home/airflow/.local/lib/python3.8/site-packages/airflow/example_dags/example_latest_only_with_trigger.py
[2024-07-02T09:20:47.638+0000] {processor.py:840} INFO - DAG(s) 'latest_only_with_trigger' retrieved from /home/airflow/.local/lib/python3.8/site-packages/airflow/example_dags/example_latest_only_with_trigger.py
[2024-07-02T09:20:47.661+0000] {logging_mixin.py:188} INFO - [2024-07-02T09:20:47.661+0000] {dag.py:3033} INFO - Sync 1 DAGs
[2024-07-02T09:20:47.684+0000] {logging_mixin.py:188} INFO - [2024-07-02T09:20:47.684+0000] {dag.py:3820} INFO - Setting next_dagrun for latest_only_with_trigger to 2024-07-02T04:00:00+00:00, run_after=2024-07-02T08:00:00+00:00
[2024-07-02T09:20:47.701+0000] {processor.py:183} INFO - Processing /home/airflow/.local/lib/python3.8/site-packages/airflow/example_dags/example_latest_only_with_trigger.py took 0.074 seconds
[2024-07-02T09:21:18.716+0000] {processor.py:161} INFO - Started process (PID=1924) to work on /home/airflow/.local/lib/python3.8/site-packages/airflow/example_dags/example_latest_only_with_trigger.py
[2024-07-02T09:21:18.716+0000] {processor.py:830} INFO - Processing file /home/airflow/.local/lib/python3.8/site-packages/airflow/example_dags/example_latest_only_with_trigger.py for tasks to queue
[2024-07-02T09:21:18.718+0000] {logging_mixin.py:188} INFO - [2024-07-02T09:21:18.718+0000] {dagbag.py:538} INFO - Filling up the DagBag from /home/airflow/.local/lib/python3.8/site-packages/airflow/example_dags/example_latest_only_with_trigger.py
[2024-07-02T09:21:18.723+0000] {processor.py:840} INFO - DAG(s) 'latest_only_with_trigger' retrieved from /home/airflow/.local/lib/python3.8/site-packages/airflow/example_dags/example_latest_only_with_trigger.py
[2024-07-02T09:21:18.742+0000] {logging_mixin.py:188} INFO - [2024-07-02T09:21:18.742+0000] {dag.py:3033} INFO - Sync 1 DAGs
[2024-07-02T09:21:18.761+0000] {logging_mixin.py:188} INFO - [2024-07-02T09:21:18.761+0000] {dag.py:3820} INFO - Setting next_dagrun for latest_only_with_trigger to 2024-07-02T04:00:00+00:00, run_after=2024-07-02T08:00:00+00:00
[2024-07-02T09:21:18.779+0000] {processor.py:183} INFO - Processing /home/airflow/.local/lib/python3.8/site-packages/airflow/example_dags/example_latest_only_with_trigger.py took 0.066 seconds
[2024-07-02T09:21:49.202+0000] {processor.py:161} INFO - Started process (PID=1978) to work on /home/airflow/.local/lib/python3.8/site-packages/airflow/example_dags/example_latest_only_with_trigger.py
[2024-07-02T09:21:49.203+0000] {processor.py:830} INFO - Processing file /home/airflow/.local/lib/python3.8/site-packages/airflow/example_dags/example_latest_only_with_trigger.py for tasks to queue
[2024-07-02T09:21:49.205+0000] {logging_mixin.py:188} INFO - [2024-07-02T09:21:49.205+0000] {dagbag.py:538} INFO - Filling up the DagBag from /home/airflow/.local/lib/python3.8/site-packages/airflow/example_dags/example_latest_only_with_trigger.py
[2024-07-02T09:21:49.211+0000] {processor.py:840} INFO - DAG(s) 'latest_only_with_trigger' retrieved from /home/airflow/.local/lib/python3.8/site-packages/airflow/example_dags/example_latest_only_with_trigger.py
[2024-07-02T09:21:49.235+0000] {logging_mixin.py:188} INFO - [2024-07-02T09:21:49.235+0000] {dag.py:3033} INFO - Sync 1 DAGs
[2024-07-02T09:21:49.259+0000] {logging_mixin.py:188} INFO - [2024-07-02T09:21:49.259+0000] {dag.py:3820} INFO - Setting next_dagrun for latest_only_with_trigger to 2024-07-02T04:00:00+00:00, run_after=2024-07-02T08:00:00+00:00
[2024-07-02T09:21:49.281+0000] {processor.py:183} INFO - Processing /home/airflow/.local/lib/python3.8/site-packages/airflow/example_dags/example_latest_only_with_trigger.py took 0.082 seconds
[2024-07-02T09:22:19.414+0000] {processor.py:161} INFO - Started process (PID=2033) to work on /home/airflow/.local/lib/python3.8/site-packages/airflow/example_dags/example_latest_only_with_trigger.py
[2024-07-02T09:22:19.415+0000] {processor.py:830} INFO - Processing file /home/airflow/.local/lib/python3.8/site-packages/airflow/example_dags/example_latest_only_with_trigger.py for tasks to queue
[2024-07-02T09:22:19.416+0000] {logging_mixin.py:188} INFO - [2024-07-02T09:22:19.416+0000] {dagbag.py:538} INFO - Filling up the DagBag from /home/airflow/.local/lib/python3.8/site-packages/airflow/example_dags/example_latest_only_with_trigger.py
[2024-07-02T09:22:19.422+0000] {processor.py:840} INFO - DAG(s) 'latest_only_with_trigger' retrieved from /home/airflow/.local/lib/python3.8/site-packages/airflow/example_dags/example_latest_only_with_trigger.py
[2024-07-02T09:22:19.444+0000] {logging_mixin.py:188} INFO - [2024-07-02T09:22:19.444+0000] {dag.py:3033} INFO - Sync 1 DAGs
[2024-07-02T09:22:19.468+0000] {logging_mixin.py:188} INFO - [2024-07-02T09:22:19.468+0000] {dag.py:3820} INFO - Setting next_dagrun for latest_only_with_trigger to 2024-07-02T04:00:00+00:00, run_after=2024-07-02T08:00:00+00:00
[2024-07-02T09:22:19.488+0000] {processor.py:183} INFO - Processing /home/airflow/.local/lib/python3.8/site-packages/airflow/example_dags/example_latest_only_with_trigger.py took 0.077 seconds
[2024-07-02T09:22:49.954+0000] {processor.py:161} INFO - Started process (PID=2088) to work on /home/airflow/.local/lib/python3.8/site-packages/airflow/example_dags/example_latest_only_with_trigger.py
[2024-07-02T09:22:49.957+0000] {processor.py:830} INFO - Processing file /home/airflow/.local/lib/python3.8/site-packages/airflow/example_dags/example_latest_only_with_trigger.py for tasks to queue
[2024-07-02T09:22:49.959+0000] {logging_mixin.py:188} INFO - [2024-07-02T09:22:49.959+0000] {dagbag.py:538} INFO - Filling up the DagBag from /home/airflow/.local/lib/python3.8/site-packages/airflow/example_dags/example_latest_only_with_trigger.py
[2024-07-02T09:22:49.965+0000] {processor.py:840} INFO - DAG(s) 'latest_only_with_trigger' retrieved from /home/airflow/.local/lib/python3.8/site-packages/airflow/example_dags/example_latest_only_with_trigger.py
[2024-07-02T09:22:49.986+0000] {logging_mixin.py:188} INFO - [2024-07-02T09:22:49.986+0000] {dag.py:3033} INFO - Sync 1 DAGs
[2024-07-02T09:22:50.010+0000] {logging_mixin.py:188} INFO - [2024-07-02T09:22:50.009+0000] {dag.py:3820} INFO - Setting next_dagrun for latest_only_with_trigger to 2024-07-02T04:00:00+00:00, run_after=2024-07-02T08:00:00+00:00
[2024-07-02T09:22:50.028+0000] {processor.py:183} INFO - Processing /home/airflow/.local/lib/python3.8/site-packages/airflow/example_dags/example_latest_only_with_trigger.py took 0.077 seconds
[2024-07-02T09:23:20.094+0000] {processor.py:161} INFO - Started process (PID=2143) to work on /home/airflow/.local/lib/python3.8/site-packages/airflow/example_dags/example_latest_only_with_trigger.py
[2024-07-02T09:23:20.095+0000] {processor.py:830} INFO - Processing file /home/airflow/.local/lib/python3.8/site-packages/airflow/example_dags/example_latest_only_with_trigger.py for tasks to queue
[2024-07-02T09:23:20.097+0000] {logging_mixin.py:188} INFO - [2024-07-02T09:23:20.097+0000] {dagbag.py:538} INFO - Filling up the DagBag from /home/airflow/.local/lib/python3.8/site-packages/airflow/example_dags/example_latest_only_with_trigger.py
[2024-07-02T09:23:20.102+0000] {processor.py:840} INFO - DAG(s) 'latest_only_with_trigger' retrieved from /home/airflow/.local/lib/python3.8/site-packages/airflow/example_dags/example_latest_only_with_trigger.py
[2024-07-02T09:23:20.123+0000] {logging_mixin.py:188} INFO - [2024-07-02T09:23:20.123+0000] {dag.py:3033} INFO - Sync 1 DAGs
[2024-07-02T09:23:20.146+0000] {logging_mixin.py:188} INFO - [2024-07-02T09:23:20.146+0000] {dag.py:3820} INFO - Setting next_dagrun for latest_only_with_trigger to 2024-07-02T04:00:00+00:00, run_after=2024-07-02T08:00:00+00:00
[2024-07-02T09:23:20.171+0000] {processor.py:183} INFO - Processing /home/airflow/.local/lib/python3.8/site-packages/airflow/example_dags/example_latest_only_with_trigger.py took 0.080 seconds
[2024-07-02T09:23:50.684+0000] {processor.py:161} INFO - Started process (PID=2198) to work on /home/airflow/.local/lib/python3.8/site-packages/airflow/example_dags/example_latest_only_with_trigger.py
[2024-07-02T09:23:50.685+0000] {processor.py:830} INFO - Processing file /home/airflow/.local/lib/python3.8/site-packages/airflow/example_dags/example_latest_only_with_trigger.py for tasks to queue
[2024-07-02T09:23:50.686+0000] {logging_mixin.py:188} INFO - [2024-07-02T09:23:50.686+0000] {dagbag.py:538} INFO - Filling up the DagBag from /home/airflow/.local/lib/python3.8/site-packages/airflow/example_dags/example_latest_only_with_trigger.py
[2024-07-02T09:23:50.691+0000] {processor.py:840} INFO - DAG(s) 'latest_only_with_trigger' retrieved from /home/airflow/.local/lib/python3.8/site-packages/airflow/example_dags/example_latest_only_with_trigger.py
[2024-07-02T09:23:50.709+0000] {logging_mixin.py:188} INFO - [2024-07-02T09:23:50.709+0000] {dag.py:3033} INFO - Sync 1 DAGs
[2024-07-02T09:23:50.728+0000] {logging_mixin.py:188} INFO - [2024-07-02T09:23:50.728+0000] {dag.py:3820} INFO - Setting next_dagrun for latest_only_with_trigger to 2024-07-02T04:00:00+00:00, run_after=2024-07-02T08:00:00+00:00
[2024-07-02T09:23:50.747+0000] {processor.py:183} INFO - Processing /home/airflow/.local/lib/python3.8/site-packages/airflow/example_dags/example_latest_only_with_trigger.py took 0.065 seconds
