[2024-07-02T09:03:59.469+0000] {processor.py:161} INFO - Started process (PID=47) to work on /home/airflow/.local/lib/python3.8/site-packages/airflow/example_dags/example_branch_python_dop_operator_3.py
[2024-07-02T09:03:59.471+0000] {processor.py:830} INFO - Processing file /home/airflow/.local/lib/python3.8/site-packages/airflow/example_dags/example_branch_python_dop_operator_3.py for tasks to queue
[2024-07-02T09:03:59.474+0000] {logging_mixin.py:188} INFO - [2024-07-02T09:03:59.474+0000] {dagbag.py:538} INFO - Filling up the DagBag from /home/airflow/.local/lib/python3.8/site-packages/airflow/example_dags/example_branch_python_dop_operator_3.py
[2024-07-02T09:03:59.494+0000] {processor.py:840} INFO - DAG(s) 'example_branch_dop_operator_v3' retrieved from /home/airflow/.local/lib/python3.8/site-packages/airflow/example_dags/example_branch_python_dop_operator_3.py
[2024-07-02T09:03:59.640+0000] {logging_mixin.py:188} INFO - [2024-07-02T09:03:59.638+0000] {override.py:1769} INFO - Created Permission View: can edit on DAG:example_branch_dop_operator_v3
[2024-07-02T09:03:59.665+0000] {logging_mixin.py:188} INFO - [2024-07-02T09:03:59.664+0000] {override.py:1769} INFO - Created Permission View: can delete on DAG:example_branch_dop_operator_v3
[2024-07-02T09:03:59.679+0000] {logging_mixin.py:188} INFO - [2024-07-02T09:03:59.678+0000] {override.py:1769} INFO - Created Permission View: can read on DAG:example_branch_dop_operator_v3
[2024-07-02T09:03:59.679+0000] {logging_mixin.py:188} INFO - [2024-07-02T09:03:59.679+0000] {dag.py:3033} INFO - Sync 1 DAGs
[2024-07-02T09:03:59.698+0000] {logging_mixin.py:188} INFO - [2024-07-02T09:03:59.697+0000] {dag.py:3055} INFO - Creating ORM DAG for example_branch_dop_operator_v3
[2024-07-02T09:03:59.720+0000] {logging_mixin.py:188} INFO - [2024-07-02T09:03:59.720+0000] {dag.py:3820} INFO - Setting next_dagrun for example_branch_dop_operator_v3 to 2024-07-02T09:02:00+00:00, run_after=2024-07-02T09:03:00+00:00
[2024-07-02T09:03:59.747+0000] {processor.py:183} INFO - Processing /home/airflow/.local/lib/python3.8/site-packages/airflow/example_dags/example_branch_python_dop_operator_3.py took 0.284 seconds
[2024-07-02T09:04:30.582+0000] {processor.py:161} INFO - Started process (PID=101) to work on /home/airflow/.local/lib/python3.8/site-packages/airflow/example_dags/example_branch_python_dop_operator_3.py
[2024-07-02T09:04:30.583+0000] {processor.py:830} INFO - Processing file /home/airflow/.local/lib/python3.8/site-packages/airflow/example_dags/example_branch_python_dop_operator_3.py for tasks to queue
[2024-07-02T09:04:30.585+0000] {logging_mixin.py:188} INFO - [2024-07-02T09:04:30.585+0000] {dagbag.py:538} INFO - Filling up the DagBag from /home/airflow/.local/lib/python3.8/site-packages/airflow/example_dags/example_branch_python_dop_operator_3.py
[2024-07-02T09:04:30.595+0000] {processor.py:840} INFO - DAG(s) 'example_branch_dop_operator_v3' retrieved from /home/airflow/.local/lib/python3.8/site-packages/airflow/example_dags/example_branch_python_dop_operator_3.py
[2024-07-02T09:04:30.621+0000] {logging_mixin.py:188} INFO - [2024-07-02T09:04:30.620+0000] {dag.py:3033} INFO - Sync 1 DAGs
[2024-07-02T09:04:30.646+0000] {logging_mixin.py:188} INFO - [2024-07-02T09:04:30.646+0000] {dag.py:3820} INFO - Setting next_dagrun for example_branch_dop_operator_v3 to 2024-07-02T09:03:00+00:00, run_after=2024-07-02T09:04:00+00:00
[2024-07-02T09:04:30.662+0000] {processor.py:183} INFO - Processing /home/airflow/.local/lib/python3.8/site-packages/airflow/example_dags/example_branch_python_dop_operator_3.py took 0.084 seconds
[2024-07-02T09:05:01.035+0000] {processor.py:161} INFO - Started process (PID=157) to work on /home/airflow/.local/lib/python3.8/site-packages/airflow/example_dags/example_branch_python_dop_operator_3.py
[2024-07-02T09:05:01.039+0000] {processor.py:830} INFO - Processing file /home/airflow/.local/lib/python3.8/site-packages/airflow/example_dags/example_branch_python_dop_operator_3.py for tasks to queue
[2024-07-02T09:05:01.042+0000] {logging_mixin.py:188} INFO - [2024-07-02T09:05:01.041+0000] {dagbag.py:538} INFO - Filling up the DagBag from /home/airflow/.local/lib/python3.8/site-packages/airflow/example_dags/example_branch_python_dop_operator_3.py
[2024-07-02T09:05:01.055+0000] {processor.py:840} INFO - DAG(s) 'example_branch_dop_operator_v3' retrieved from /home/airflow/.local/lib/python3.8/site-packages/airflow/example_dags/example_branch_python_dop_operator_3.py
[2024-07-02T09:05:01.078+0000] {logging_mixin.py:188} INFO - [2024-07-02T09:05:01.078+0000] {dag.py:3033} INFO - Sync 1 DAGs
[2024-07-02T09:05:01.107+0000] {logging_mixin.py:188} INFO - [2024-07-02T09:05:01.107+0000] {dag.py:3820} INFO - Setting next_dagrun for example_branch_dop_operator_v3 to 2024-07-02T09:04:00+00:00, run_after=2024-07-02T09:05:00+00:00
[2024-07-02T09:05:01.125+0000] {processor.py:183} INFO - Processing /home/airflow/.local/lib/python3.8/site-packages/airflow/example_dags/example_branch_python_dop_operator_3.py took 0.093 seconds
[2024-07-02T09:05:31.229+0000] {processor.py:161} INFO - Started process (PID=212) to work on /home/airflow/.local/lib/python3.8/site-packages/airflow/example_dags/example_branch_python_dop_operator_3.py
[2024-07-02T09:05:31.233+0000] {processor.py:830} INFO - Processing file /home/airflow/.local/lib/python3.8/site-packages/airflow/example_dags/example_branch_python_dop_operator_3.py for tasks to queue
[2024-07-02T09:05:31.235+0000] {logging_mixin.py:188} INFO - [2024-07-02T09:05:31.235+0000] {dagbag.py:538} INFO - Filling up the DagBag from /home/airflow/.local/lib/python3.8/site-packages/airflow/example_dags/example_branch_python_dop_operator_3.py
[2024-07-02T09:05:31.243+0000] {processor.py:840} INFO - DAG(s) 'example_branch_dop_operator_v3' retrieved from /home/airflow/.local/lib/python3.8/site-packages/airflow/example_dags/example_branch_python_dop_operator_3.py
[2024-07-02T09:05:31.262+0000] {logging_mixin.py:188} INFO - [2024-07-02T09:05:31.262+0000] {dag.py:3033} INFO - Sync 1 DAGs
[2024-07-02T09:05:31.285+0000] {logging_mixin.py:188} INFO - [2024-07-02T09:05:31.285+0000] {dag.py:3820} INFO - Setting next_dagrun for example_branch_dop_operator_v3 to 2024-07-02T09:04:00+00:00, run_after=2024-07-02T09:05:00+00:00
[2024-07-02T09:05:31.302+0000] {processor.py:183} INFO - Processing /home/airflow/.local/lib/python3.8/site-packages/airflow/example_dags/example_branch_python_dop_operator_3.py took 0.076 seconds
[2024-07-02T09:06:01.415+0000] {processor.py:161} INFO - Started process (PID=267) to work on /home/airflow/.local/lib/python3.8/site-packages/airflow/example_dags/example_branch_python_dop_operator_3.py
[2024-07-02T09:06:01.420+0000] {processor.py:830} INFO - Processing file /home/airflow/.local/lib/python3.8/site-packages/airflow/example_dags/example_branch_python_dop_operator_3.py for tasks to queue
[2024-07-02T09:06:01.422+0000] {logging_mixin.py:188} INFO - [2024-07-02T09:06:01.422+0000] {dagbag.py:538} INFO - Filling up the DagBag from /home/airflow/.local/lib/python3.8/site-packages/airflow/example_dags/example_branch_python_dop_operator_3.py
[2024-07-02T09:06:01.433+0000] {processor.py:840} INFO - DAG(s) 'example_branch_dop_operator_v3' retrieved from /home/airflow/.local/lib/python3.8/site-packages/airflow/example_dags/example_branch_python_dop_operator_3.py
[2024-07-02T09:06:01.455+0000] {logging_mixin.py:188} INFO - [2024-07-02T09:06:01.454+0000] {dag.py:3033} INFO - Sync 1 DAGs
[2024-07-02T09:06:01.480+0000] {logging_mixin.py:188} INFO - [2024-07-02T09:06:01.480+0000] {dag.py:3820} INFO - Setting next_dagrun for example_branch_dop_operator_v3 to 2024-07-02T09:05:00+00:00, run_after=2024-07-02T09:06:00+00:00
[2024-07-02T09:06:01.499+0000] {processor.py:183} INFO - Processing /home/airflow/.local/lib/python3.8/site-packages/airflow/example_dags/example_branch_python_dop_operator_3.py took 0.091 seconds
[2024-07-02T09:06:31.918+0000] {processor.py:161} INFO - Started process (PID=321) to work on /home/airflow/.local/lib/python3.8/site-packages/airflow/example_dags/example_branch_python_dop_operator_3.py
[2024-07-02T09:06:31.922+0000] {processor.py:830} INFO - Processing file /home/airflow/.local/lib/python3.8/site-packages/airflow/example_dags/example_branch_python_dop_operator_3.py for tasks to queue
[2024-07-02T09:06:31.924+0000] {logging_mixin.py:188} INFO - [2024-07-02T09:06:31.924+0000] {dagbag.py:538} INFO - Filling up the DagBag from /home/airflow/.local/lib/python3.8/site-packages/airflow/example_dags/example_branch_python_dop_operator_3.py
[2024-07-02T09:06:31.935+0000] {processor.py:840} INFO - DAG(s) 'example_branch_dop_operator_v3' retrieved from /home/airflow/.local/lib/python3.8/site-packages/airflow/example_dags/example_branch_python_dop_operator_3.py
[2024-07-02T09:06:31.965+0000] {logging_mixin.py:188} INFO - [2024-07-02T09:06:31.965+0000] {dag.py:3033} INFO - Sync 1 DAGs
[2024-07-02T09:06:32.006+0000] {logging_mixin.py:188} INFO - [2024-07-02T09:06:32.006+0000] {dag.py:3820} INFO - Setting next_dagrun for example_branch_dop_operator_v3 to 2024-07-02T09:05:00+00:00, run_after=2024-07-02T09:06:00+00:00
[2024-07-02T09:06:32.024+0000] {processor.py:183} INFO - Processing /home/airflow/.local/lib/python3.8/site-packages/airflow/example_dags/example_branch_python_dop_operator_3.py took 0.109 seconds
[2024-07-02T09:07:02.357+0000] {processor.py:161} INFO - Started process (PID=376) to work on /home/airflow/.local/lib/python3.8/site-packages/airflow/example_dags/example_branch_python_dop_operator_3.py
[2024-07-02T09:07:02.359+0000] {processor.py:830} INFO - Processing file /home/airflow/.local/lib/python3.8/site-packages/airflow/example_dags/example_branch_python_dop_operator_3.py for tasks to queue
[2024-07-02T09:07:02.362+0000] {logging_mixin.py:188} INFO - [2024-07-02T09:07:02.361+0000] {dagbag.py:538} INFO - Filling up the DagBag from /home/airflow/.local/lib/python3.8/site-packages/airflow/example_dags/example_branch_python_dop_operator_3.py
[2024-07-02T09:07:02.373+0000] {processor.py:840} INFO - DAG(s) 'example_branch_dop_operator_v3' retrieved from /home/airflow/.local/lib/python3.8/site-packages/airflow/example_dags/example_branch_python_dop_operator_3.py
[2024-07-02T09:07:02.396+0000] {logging_mixin.py:188} INFO - [2024-07-02T09:07:02.396+0000] {dag.py:3033} INFO - Sync 1 DAGs
[2024-07-02T09:07:02.423+0000] {logging_mixin.py:188} INFO - [2024-07-02T09:07:02.422+0000] {dag.py:3820} INFO - Setting next_dagrun for example_branch_dop_operator_v3 to 2024-07-02T09:06:00+00:00, run_after=2024-07-02T09:07:00+00:00
[2024-07-02T09:07:02.440+0000] {processor.py:183} INFO - Processing /home/airflow/.local/lib/python3.8/site-packages/airflow/example_dags/example_branch_python_dop_operator_3.py took 0.088 seconds
[2024-07-02T09:07:32.956+0000] {processor.py:161} INFO - Started process (PID=431) to work on /home/airflow/.local/lib/python3.8/site-packages/airflow/example_dags/example_branch_python_dop_operator_3.py
[2024-07-02T09:07:32.958+0000] {processor.py:830} INFO - Processing file /home/airflow/.local/lib/python3.8/site-packages/airflow/example_dags/example_branch_python_dop_operator_3.py for tasks to queue
[2024-07-02T09:07:32.962+0000] {logging_mixin.py:188} INFO - [2024-07-02T09:07:32.962+0000] {dagbag.py:538} INFO - Filling up the DagBag from /home/airflow/.local/lib/python3.8/site-packages/airflow/example_dags/example_branch_python_dop_operator_3.py
[2024-07-02T09:07:32.974+0000] {processor.py:840} INFO - DAG(s) 'example_branch_dop_operator_v3' retrieved from /home/airflow/.local/lib/python3.8/site-packages/airflow/example_dags/example_branch_python_dop_operator_3.py
[2024-07-02T09:07:32.997+0000] {logging_mixin.py:188} INFO - [2024-07-02T09:07:32.996+0000] {dag.py:3033} INFO - Sync 1 DAGs
[2024-07-02T09:07:33.023+0000] {logging_mixin.py:188} INFO - [2024-07-02T09:07:33.023+0000] {dag.py:3820} INFO - Setting next_dagrun for example_branch_dop_operator_v3 to 2024-07-02T09:06:00+00:00, run_after=2024-07-02T09:07:00+00:00
[2024-07-02T09:07:33.040+0000] {processor.py:183} INFO - Processing /home/airflow/.local/lib/python3.8/site-packages/airflow/example_dags/example_branch_python_dop_operator_3.py took 0.092 seconds
[2024-07-02T09:08:03.512+0000] {processor.py:161} INFO - Started process (PID=486) to work on /home/airflow/.local/lib/python3.8/site-packages/airflow/example_dags/example_branch_python_dop_operator_3.py
[2024-07-02T09:08:03.516+0000] {processor.py:830} INFO - Processing file /home/airflow/.local/lib/python3.8/site-packages/airflow/example_dags/example_branch_python_dop_operator_3.py for tasks to queue
[2024-07-02T09:08:03.518+0000] {logging_mixin.py:188} INFO - [2024-07-02T09:08:03.518+0000] {dagbag.py:538} INFO - Filling up the DagBag from /home/airflow/.local/lib/python3.8/site-packages/airflow/example_dags/example_branch_python_dop_operator_3.py
[2024-07-02T09:08:03.529+0000] {processor.py:840} INFO - DAG(s) 'example_branch_dop_operator_v3' retrieved from /home/airflow/.local/lib/python3.8/site-packages/airflow/example_dags/example_branch_python_dop_operator_3.py
[2024-07-02T09:08:03.551+0000] {logging_mixin.py:188} INFO - [2024-07-02T09:08:03.550+0000] {dag.py:3033} INFO - Sync 1 DAGs
[2024-07-02T09:08:03.575+0000] {logging_mixin.py:188} INFO - [2024-07-02T09:08:03.575+0000] {dag.py:3820} INFO - Setting next_dagrun for example_branch_dop_operator_v3 to 2024-07-02T09:07:00+00:00, run_after=2024-07-02T09:08:00+00:00
[2024-07-02T09:08:03.592+0000] {processor.py:183} INFO - Processing /home/airflow/.local/lib/python3.8/site-packages/airflow/example_dags/example_branch_python_dop_operator_3.py took 0.083 seconds
[2024-07-02T09:08:34.139+0000] {processor.py:161} INFO - Started process (PID=541) to work on /home/airflow/.local/lib/python3.8/site-packages/airflow/example_dags/example_branch_python_dop_operator_3.py
[2024-07-02T09:08:34.142+0000] {processor.py:830} INFO - Processing file /home/airflow/.local/lib/python3.8/site-packages/airflow/example_dags/example_branch_python_dop_operator_3.py for tasks to queue
[2024-07-02T09:08:34.144+0000] {logging_mixin.py:188} INFO - [2024-07-02T09:08:34.143+0000] {dagbag.py:538} INFO - Filling up the DagBag from /home/airflow/.local/lib/python3.8/site-packages/airflow/example_dags/example_branch_python_dop_operator_3.py
[2024-07-02T09:08:34.150+0000] {processor.py:840} INFO - DAG(s) 'example_branch_dop_operator_v3' retrieved from /home/airflow/.local/lib/python3.8/site-packages/airflow/example_dags/example_branch_python_dop_operator_3.py
[2024-07-02T09:08:34.165+0000] {logging_mixin.py:188} INFO - [2024-07-02T09:08:34.165+0000] {dag.py:3033} INFO - Sync 1 DAGs
[2024-07-02T09:08:34.186+0000] {logging_mixin.py:188} INFO - [2024-07-02T09:08:34.186+0000] {dag.py:3820} INFO - Setting next_dagrun for example_branch_dop_operator_v3 to 2024-07-02T09:07:00+00:00, run_after=2024-07-02T09:08:00+00:00
[2024-07-02T09:08:34.200+0000] {processor.py:183} INFO - Processing /home/airflow/.local/lib/python3.8/site-packages/airflow/example_dags/example_branch_python_dop_operator_3.py took 0.064 seconds
[2024-07-02T09:09:04.710+0000] {processor.py:161} INFO - Started process (PID=596) to work on /home/airflow/.local/lib/python3.8/site-packages/airflow/example_dags/example_branch_python_dop_operator_3.py
[2024-07-02T09:09:04.714+0000] {processor.py:830} INFO - Processing file /home/airflow/.local/lib/python3.8/site-packages/airflow/example_dags/example_branch_python_dop_operator_3.py for tasks to queue
[2024-07-02T09:09:04.716+0000] {logging_mixin.py:188} INFO - [2024-07-02T09:09:04.716+0000] {dagbag.py:538} INFO - Filling up the DagBag from /home/airflow/.local/lib/python3.8/site-packages/airflow/example_dags/example_branch_python_dop_operator_3.py
[2024-07-02T09:09:04.728+0000] {processor.py:840} INFO - DAG(s) 'example_branch_dop_operator_v3' retrieved from /home/airflow/.local/lib/python3.8/site-packages/airflow/example_dags/example_branch_python_dop_operator_3.py
[2024-07-02T09:09:04.755+0000] {logging_mixin.py:188} INFO - [2024-07-02T09:09:04.755+0000] {dag.py:3033} INFO - Sync 1 DAGs
[2024-07-02T09:09:04.782+0000] {logging_mixin.py:188} INFO - [2024-07-02T09:09:04.782+0000] {dag.py:3820} INFO - Setting next_dagrun for example_branch_dop_operator_v3 to 2024-07-02T09:08:00+00:00, run_after=2024-07-02T09:09:00+00:00
[2024-07-02T09:09:04.800+0000] {processor.py:183} INFO - Processing /home/airflow/.local/lib/python3.8/site-packages/airflow/example_dags/example_branch_python_dop_operator_3.py took 0.095 seconds
[2024-07-02T09:09:35.294+0000] {processor.py:161} INFO - Started process (PID=651) to work on /home/airflow/.local/lib/python3.8/site-packages/airflow/example_dags/example_branch_python_dop_operator_3.py
[2024-07-02T09:09:35.298+0000] {processor.py:830} INFO - Processing file /home/airflow/.local/lib/python3.8/site-packages/airflow/example_dags/example_branch_python_dop_operator_3.py for tasks to queue
[2024-07-02T09:09:35.301+0000] {logging_mixin.py:188} INFO - [2024-07-02T09:09:35.301+0000] {dagbag.py:538} INFO - Filling up the DagBag from /home/airflow/.local/lib/python3.8/site-packages/airflow/example_dags/example_branch_python_dop_operator_3.py
[2024-07-02T09:09:35.311+0000] {processor.py:840} INFO - DAG(s) 'example_branch_dop_operator_v3' retrieved from /home/airflow/.local/lib/python3.8/site-packages/airflow/example_dags/example_branch_python_dop_operator_3.py
[2024-07-02T09:09:35.332+0000] {logging_mixin.py:188} INFO - [2024-07-02T09:09:35.332+0000] {dag.py:3033} INFO - Sync 1 DAGs
[2024-07-02T09:09:35.359+0000] {logging_mixin.py:188} INFO - [2024-07-02T09:09:35.359+0000] {dag.py:3820} INFO - Setting next_dagrun for example_branch_dop_operator_v3 to 2024-07-02T09:08:00+00:00, run_after=2024-07-02T09:09:00+00:00
[2024-07-02T09:09:35.376+0000] {processor.py:183} INFO - Processing /home/airflow/.local/lib/python3.8/site-packages/airflow/example_dags/example_branch_python_dop_operator_3.py took 0.089 seconds
[2024-07-02T09:10:05.603+0000] {processor.py:161} INFO - Started process (PID=706) to work on /home/airflow/.local/lib/python3.8/site-packages/airflow/example_dags/example_branch_python_dop_operator_3.py
[2024-07-02T09:10:05.607+0000] {processor.py:830} INFO - Processing file /home/airflow/.local/lib/python3.8/site-packages/airflow/example_dags/example_branch_python_dop_operator_3.py for tasks to queue
[2024-07-02T09:10:05.610+0000] {logging_mixin.py:188} INFO - [2024-07-02T09:10:05.610+0000] {dagbag.py:538} INFO - Filling up the DagBag from /home/airflow/.local/lib/python3.8/site-packages/airflow/example_dags/example_branch_python_dop_operator_3.py
[2024-07-02T09:10:05.620+0000] {processor.py:840} INFO - DAG(s) 'example_branch_dop_operator_v3' retrieved from /home/airflow/.local/lib/python3.8/site-packages/airflow/example_dags/example_branch_python_dop_operator_3.py
[2024-07-02T09:10:05.647+0000] {logging_mixin.py:188} INFO - [2024-07-02T09:10:05.647+0000] {dag.py:3033} INFO - Sync 1 DAGs
[2024-07-02T09:10:05.679+0000] {logging_mixin.py:188} INFO - [2024-07-02T09:10:05.679+0000] {dag.py:3820} INFO - Setting next_dagrun for example_branch_dop_operator_v3 to 2024-07-02T09:09:00+00:00, run_after=2024-07-02T09:10:00+00:00
[2024-07-02T09:10:05.698+0000] {processor.py:183} INFO - Processing /home/airflow/.local/lib/python3.8/site-packages/airflow/example_dags/example_branch_python_dop_operator_3.py took 0.102 seconds
[2024-07-02T09:10:36.271+0000] {processor.py:161} INFO - Started process (PID=761) to work on /home/airflow/.local/lib/python3.8/site-packages/airflow/example_dags/example_branch_python_dop_operator_3.py
[2024-07-02T09:10:36.274+0000] {processor.py:830} INFO - Processing file /home/airflow/.local/lib/python3.8/site-packages/airflow/example_dags/example_branch_python_dop_operator_3.py for tasks to queue
[2024-07-02T09:10:36.276+0000] {logging_mixin.py:188} INFO - [2024-07-02T09:10:36.276+0000] {dagbag.py:538} INFO - Filling up the DagBag from /home/airflow/.local/lib/python3.8/site-packages/airflow/example_dags/example_branch_python_dop_operator_3.py
[2024-07-02T09:10:36.286+0000] {processor.py:840} INFO - DAG(s) 'example_branch_dop_operator_v3' retrieved from /home/airflow/.local/lib/python3.8/site-packages/airflow/example_dags/example_branch_python_dop_operator_3.py
[2024-07-02T09:10:36.307+0000] {logging_mixin.py:188} INFO - [2024-07-02T09:10:36.307+0000] {dag.py:3033} INFO - Sync 1 DAGs
[2024-07-02T09:10:36.331+0000] {logging_mixin.py:188} INFO - [2024-07-02T09:10:36.331+0000] {dag.py:3820} INFO - Setting next_dagrun for example_branch_dop_operator_v3 to 2024-07-02T09:09:00+00:00, run_after=2024-07-02T09:10:00+00:00
[2024-07-02T09:10:36.348+0000] {processor.py:183} INFO - Processing /home/airflow/.local/lib/python3.8/site-packages/airflow/example_dags/example_branch_python_dop_operator_3.py took 0.080 seconds
[2024-07-02T09:11:06.835+0000] {processor.py:161} INFO - Started process (PID=816) to work on /home/airflow/.local/lib/python3.8/site-packages/airflow/example_dags/example_branch_python_dop_operator_3.py
[2024-07-02T09:11:06.836+0000] {processor.py:830} INFO - Processing file /home/airflow/.local/lib/python3.8/site-packages/airflow/example_dags/example_branch_python_dop_operator_3.py for tasks to queue
[2024-07-02T09:11:06.837+0000] {logging_mixin.py:188} INFO - [2024-07-02T09:11:06.837+0000] {dagbag.py:538} INFO - Filling up the DagBag from /home/airflow/.local/lib/python3.8/site-packages/airflow/example_dags/example_branch_python_dop_operator_3.py
[2024-07-02T09:11:06.846+0000] {processor.py:840} INFO - DAG(s) 'example_branch_dop_operator_v3' retrieved from /home/airflow/.local/lib/python3.8/site-packages/airflow/example_dags/example_branch_python_dop_operator_3.py
[2024-07-02T09:11:06.865+0000] {logging_mixin.py:188} INFO - [2024-07-02T09:11:06.865+0000] {dag.py:3033} INFO - Sync 1 DAGs
[2024-07-02T09:11:06.888+0000] {logging_mixin.py:188} INFO - [2024-07-02T09:11:06.888+0000] {dag.py:3820} INFO - Setting next_dagrun for example_branch_dop_operator_v3 to 2024-07-02T09:10:00+00:00, run_after=2024-07-02T09:11:00+00:00
[2024-07-02T09:11:06.906+0000] {processor.py:183} INFO - Processing /home/airflow/.local/lib/python3.8/site-packages/airflow/example_dags/example_branch_python_dop_operator_3.py took 0.073 seconds
[2024-07-02T09:11:37.474+0000] {processor.py:161} INFO - Started process (PID=871) to work on /home/airflow/.local/lib/python3.8/site-packages/airflow/example_dags/example_branch_python_dop_operator_3.py
[2024-07-02T09:11:37.476+0000] {processor.py:830} INFO - Processing file /home/airflow/.local/lib/python3.8/site-packages/airflow/example_dags/example_branch_python_dop_operator_3.py for tasks to queue
[2024-07-02T09:11:37.479+0000] {logging_mixin.py:188} INFO - [2024-07-02T09:11:37.479+0000] {dagbag.py:538} INFO - Filling up the DagBag from /home/airflow/.local/lib/python3.8/site-packages/airflow/example_dags/example_branch_python_dop_operator_3.py
[2024-07-02T09:11:37.495+0000] {processor.py:840} INFO - DAG(s) 'example_branch_dop_operator_v3' retrieved from /home/airflow/.local/lib/python3.8/site-packages/airflow/example_dags/example_branch_python_dop_operator_3.py
[2024-07-02T09:11:37.537+0000] {logging_mixin.py:188} INFO - [2024-07-02T09:11:37.537+0000] {dag.py:3033} INFO - Sync 1 DAGs
[2024-07-02T09:11:37.605+0000] {logging_mixin.py:188} INFO - [2024-07-02T09:11:37.604+0000] {dag.py:3820} INFO - Setting next_dagrun for example_branch_dop_operator_v3 to 2024-07-02T09:10:00+00:00, run_after=2024-07-02T09:11:00+00:00
[2024-07-02T09:11:37.644+0000] {processor.py:183} INFO - Processing /home/airflow/.local/lib/python3.8/site-packages/airflow/example_dags/example_branch_python_dop_operator_3.py took 0.174 seconds
[2024-07-02T09:12:07.723+0000] {processor.py:161} INFO - Started process (PID=926) to work on /home/airflow/.local/lib/python3.8/site-packages/airflow/example_dags/example_branch_python_dop_operator_3.py
[2024-07-02T09:12:07.727+0000] {processor.py:830} INFO - Processing file /home/airflow/.local/lib/python3.8/site-packages/airflow/example_dags/example_branch_python_dop_operator_3.py for tasks to queue
[2024-07-02T09:12:07.729+0000] {logging_mixin.py:188} INFO - [2024-07-02T09:12:07.729+0000] {dagbag.py:538} INFO - Filling up the DagBag from /home/airflow/.local/lib/python3.8/site-packages/airflow/example_dags/example_branch_python_dop_operator_3.py
[2024-07-02T09:12:07.737+0000] {processor.py:840} INFO - DAG(s) 'example_branch_dop_operator_v3' retrieved from /home/airflow/.local/lib/python3.8/site-packages/airflow/example_dags/example_branch_python_dop_operator_3.py
[2024-07-02T09:12:07.755+0000] {logging_mixin.py:188} INFO - [2024-07-02T09:12:07.754+0000] {dag.py:3033} INFO - Sync 1 DAGs
[2024-07-02T09:12:07.789+0000] {logging_mixin.py:188} INFO - [2024-07-02T09:12:07.789+0000] {dag.py:3820} INFO - Setting next_dagrun for example_branch_dop_operator_v3 to 2024-07-02T09:11:00+00:00, run_after=2024-07-02T09:12:00+00:00
[2024-07-02T09:12:07.807+0000] {processor.py:183} INFO - Processing /home/airflow/.local/lib/python3.8/site-packages/airflow/example_dags/example_branch_python_dop_operator_3.py took 0.086 seconds
[2024-07-02T09:12:37.830+0000] {processor.py:161} INFO - Started process (PID=981) to work on /home/airflow/.local/lib/python3.8/site-packages/airflow/example_dags/example_branch_python_dop_operator_3.py
[2024-07-02T09:12:37.831+0000] {processor.py:830} INFO - Processing file /home/airflow/.local/lib/python3.8/site-packages/airflow/example_dags/example_branch_python_dop_operator_3.py for tasks to queue
[2024-07-02T09:12:37.834+0000] {logging_mixin.py:188} INFO - [2024-07-02T09:12:37.834+0000] {dagbag.py:538} INFO - Filling up the DagBag from /home/airflow/.local/lib/python3.8/site-packages/airflow/example_dags/example_branch_python_dop_operator_3.py
[2024-07-02T09:12:37.848+0000] {processor.py:840} INFO - DAG(s) 'example_branch_dop_operator_v3' retrieved from /home/airflow/.local/lib/python3.8/site-packages/airflow/example_dags/example_branch_python_dop_operator_3.py
[2024-07-02T09:12:37.868+0000] {logging_mixin.py:188} INFO - [2024-07-02T09:12:37.868+0000] {dag.py:3033} INFO - Sync 1 DAGs
[2024-07-02T09:12:37.890+0000] {logging_mixin.py:188} INFO - [2024-07-02T09:12:37.890+0000] {dag.py:3820} INFO - Setting next_dagrun for example_branch_dop_operator_v3 to 2024-07-02T09:11:00+00:00, run_after=2024-07-02T09:12:00+00:00
[2024-07-02T09:12:37.910+0000] {processor.py:183} INFO - Processing /home/airflow/.local/lib/python3.8/site-packages/airflow/example_dags/example_branch_python_dop_operator_3.py took 0.083 seconds
[2024-07-02T09:13:08.628+0000] {processor.py:161} INFO - Started process (PID=1036) to work on /home/airflow/.local/lib/python3.8/site-packages/airflow/example_dags/example_branch_python_dop_operator_3.py
[2024-07-02T09:13:08.631+0000] {processor.py:830} INFO - Processing file /home/airflow/.local/lib/python3.8/site-packages/airflow/example_dags/example_branch_python_dop_operator_3.py for tasks to queue
[2024-07-02T09:13:08.633+0000] {logging_mixin.py:188} INFO - [2024-07-02T09:13:08.633+0000] {dagbag.py:538} INFO - Filling up the DagBag from /home/airflow/.local/lib/python3.8/site-packages/airflow/example_dags/example_branch_python_dop_operator_3.py
[2024-07-02T09:13:08.640+0000] {processor.py:840} INFO - DAG(s) 'example_branch_dop_operator_v3' retrieved from /home/airflow/.local/lib/python3.8/site-packages/airflow/example_dags/example_branch_python_dop_operator_3.py
[2024-07-02T09:13:08.658+0000] {logging_mixin.py:188} INFO - [2024-07-02T09:13:08.657+0000] {dag.py:3033} INFO - Sync 1 DAGs
[2024-07-02T09:13:08.681+0000] {logging_mixin.py:188} INFO - [2024-07-02T09:13:08.681+0000] {dag.py:3820} INFO - Setting next_dagrun for example_branch_dop_operator_v3 to 2024-07-02T09:12:00+00:00, run_after=2024-07-02T09:13:00+00:00
[2024-07-02T09:13:08.697+0000] {processor.py:183} INFO - Processing /home/airflow/.local/lib/python3.8/site-packages/airflow/example_dags/example_branch_python_dop_operator_3.py took 0.072 seconds
[2024-07-02T09:13:39.114+0000] {processor.py:161} INFO - Started process (PID=1091) to work on /home/airflow/.local/lib/python3.8/site-packages/airflow/example_dags/example_branch_python_dop_operator_3.py
[2024-07-02T09:13:39.115+0000] {processor.py:830} INFO - Processing file /home/airflow/.local/lib/python3.8/site-packages/airflow/example_dags/example_branch_python_dop_operator_3.py for tasks to queue
[2024-07-02T09:13:39.117+0000] {logging_mixin.py:188} INFO - [2024-07-02T09:13:39.117+0000] {dagbag.py:538} INFO - Filling up the DagBag from /home/airflow/.local/lib/python3.8/site-packages/airflow/example_dags/example_branch_python_dop_operator_3.py
[2024-07-02T09:13:39.127+0000] {processor.py:840} INFO - DAG(s) 'example_branch_dop_operator_v3' retrieved from /home/airflow/.local/lib/python3.8/site-packages/airflow/example_dags/example_branch_python_dop_operator_3.py
[2024-07-02T09:13:39.149+0000] {logging_mixin.py:188} INFO - [2024-07-02T09:13:39.149+0000] {dag.py:3033} INFO - Sync 1 DAGs
[2024-07-02T09:13:39.183+0000] {logging_mixin.py:188} INFO - [2024-07-02T09:13:39.183+0000] {dag.py:3820} INFO - Setting next_dagrun for example_branch_dop_operator_v3 to 2024-07-02T09:12:00+00:00, run_after=2024-07-02T09:13:00+00:00
[2024-07-02T09:13:39.204+0000] {processor.py:183} INFO - Processing /home/airflow/.local/lib/python3.8/site-packages/airflow/example_dags/example_branch_python_dop_operator_3.py took 0.093 seconds
[2024-07-02T09:14:09.722+0000] {processor.py:161} INFO - Started process (PID=1146) to work on /home/airflow/.local/lib/python3.8/site-packages/airflow/example_dags/example_branch_python_dop_operator_3.py
[2024-07-02T09:14:09.723+0000] {processor.py:830} INFO - Processing file /home/airflow/.local/lib/python3.8/site-packages/airflow/example_dags/example_branch_python_dop_operator_3.py for tasks to queue
[2024-07-02T09:14:09.727+0000] {logging_mixin.py:188} INFO - [2024-07-02T09:14:09.727+0000] {dagbag.py:538} INFO - Filling up the DagBag from /home/airflow/.local/lib/python3.8/site-packages/airflow/example_dags/example_branch_python_dop_operator_3.py
[2024-07-02T09:14:09.742+0000] {processor.py:840} INFO - DAG(s) 'example_branch_dop_operator_v3' retrieved from /home/airflow/.local/lib/python3.8/site-packages/airflow/example_dags/example_branch_python_dop_operator_3.py
[2024-07-02T09:14:09.765+0000] {logging_mixin.py:188} INFO - [2024-07-02T09:14:09.765+0000] {dag.py:3033} INFO - Sync 1 DAGs
[2024-07-02T09:14:09.790+0000] {logging_mixin.py:188} INFO - [2024-07-02T09:14:09.789+0000] {dag.py:3820} INFO - Setting next_dagrun for example_branch_dop_operator_v3 to 2024-07-02T09:13:00+00:00, run_after=2024-07-02T09:14:00+00:00
[2024-07-02T09:14:09.811+0000] {processor.py:183} INFO - Processing /home/airflow/.local/lib/python3.8/site-packages/airflow/example_dags/example_branch_python_dop_operator_3.py took 0.096 seconds
[2024-07-02T09:14:40.088+0000] {processor.py:161} INFO - Started process (PID=1201) to work on /home/airflow/.local/lib/python3.8/site-packages/airflow/example_dags/example_branch_python_dop_operator_3.py
[2024-07-02T09:14:40.096+0000] {processor.py:830} INFO - Processing file /home/airflow/.local/lib/python3.8/site-packages/airflow/example_dags/example_branch_python_dop_operator_3.py for tasks to queue
[2024-07-02T09:14:40.099+0000] {logging_mixin.py:188} INFO - [2024-07-02T09:14:40.098+0000] {dagbag.py:538} INFO - Filling up the DagBag from /home/airflow/.local/lib/python3.8/site-packages/airflow/example_dags/example_branch_python_dop_operator_3.py
[2024-07-02T09:14:40.110+0000] {processor.py:840} INFO - DAG(s) 'example_branch_dop_operator_v3' retrieved from /home/airflow/.local/lib/python3.8/site-packages/airflow/example_dags/example_branch_python_dop_operator_3.py
[2024-07-02T09:14:40.137+0000] {logging_mixin.py:188} INFO - [2024-07-02T09:14:40.137+0000] {dag.py:3033} INFO - Sync 1 DAGs
[2024-07-02T09:14:40.164+0000] {logging_mixin.py:188} INFO - [2024-07-02T09:14:40.164+0000] {dag.py:3820} INFO - Setting next_dagrun for example_branch_dop_operator_v3 to 2024-07-02T09:13:00+00:00, run_after=2024-07-02T09:14:00+00:00
[2024-07-02T09:14:40.182+0000] {processor.py:183} INFO - Processing /home/airflow/.local/lib/python3.8/site-packages/airflow/example_dags/example_branch_python_dop_operator_3.py took 0.098 seconds
[2024-07-02T09:15:10.678+0000] {processor.py:161} INFO - Started process (PID=1256) to work on /home/airflow/.local/lib/python3.8/site-packages/airflow/example_dags/example_branch_python_dop_operator_3.py
[2024-07-02T09:15:10.682+0000] {processor.py:830} INFO - Processing file /home/airflow/.local/lib/python3.8/site-packages/airflow/example_dags/example_branch_python_dop_operator_3.py for tasks to queue
[2024-07-02T09:15:10.685+0000] {logging_mixin.py:188} INFO - [2024-07-02T09:15:10.684+0000] {dagbag.py:538} INFO - Filling up the DagBag from /home/airflow/.local/lib/python3.8/site-packages/airflow/example_dags/example_branch_python_dop_operator_3.py
[2024-07-02T09:15:10.695+0000] {processor.py:840} INFO - DAG(s) 'example_branch_dop_operator_v3' retrieved from /home/airflow/.local/lib/python3.8/site-packages/airflow/example_dags/example_branch_python_dop_operator_3.py
[2024-07-02T09:15:10.718+0000] {logging_mixin.py:188} INFO - [2024-07-02T09:15:10.717+0000] {dag.py:3033} INFO - Sync 1 DAGs
[2024-07-02T09:15:10.743+0000] {logging_mixin.py:188} INFO - [2024-07-02T09:15:10.743+0000] {dag.py:3820} INFO - Setting next_dagrun for example_branch_dop_operator_v3 to 2024-07-02T09:14:00+00:00, run_after=2024-07-02T09:15:00+00:00
[2024-07-02T09:15:10.761+0000] {processor.py:183} INFO - Processing /home/airflow/.local/lib/python3.8/site-packages/airflow/example_dags/example_branch_python_dop_operator_3.py took 0.086 seconds
[2024-07-02T09:15:41.096+0000] {processor.py:161} INFO - Started process (PID=1311) to work on /home/airflow/.local/lib/python3.8/site-packages/airflow/example_dags/example_branch_python_dop_operator_3.py
[2024-07-02T09:15:41.100+0000] {processor.py:830} INFO - Processing file /home/airflow/.local/lib/python3.8/site-packages/airflow/example_dags/example_branch_python_dop_operator_3.py for tasks to queue
[2024-07-02T09:15:41.102+0000] {logging_mixin.py:188} INFO - [2024-07-02T09:15:41.102+0000] {dagbag.py:538} INFO - Filling up the DagBag from /home/airflow/.local/lib/python3.8/site-packages/airflow/example_dags/example_branch_python_dop_operator_3.py
[2024-07-02T09:15:41.112+0000] {processor.py:840} INFO - DAG(s) 'example_branch_dop_operator_v3' retrieved from /home/airflow/.local/lib/python3.8/site-packages/airflow/example_dags/example_branch_python_dop_operator_3.py
[2024-07-02T09:15:41.135+0000] {logging_mixin.py:188} INFO - [2024-07-02T09:15:41.135+0000] {dag.py:3033} INFO - Sync 1 DAGs
[2024-07-02T09:15:41.164+0000] {logging_mixin.py:188} INFO - [2024-07-02T09:15:41.163+0000] {dag.py:3820} INFO - Setting next_dagrun for example_branch_dop_operator_v3 to 2024-07-02T09:14:00+00:00, run_after=2024-07-02T09:15:00+00:00
[2024-07-02T09:15:41.183+0000] {processor.py:183} INFO - Processing /home/airflow/.local/lib/python3.8/site-packages/airflow/example_dags/example_branch_python_dop_operator_3.py took 0.091 seconds
[2024-07-02T09:16:11.714+0000] {processor.py:161} INFO - Started process (PID=1365) to work on /home/airflow/.local/lib/python3.8/site-packages/airflow/example_dags/example_branch_python_dop_operator_3.py
[2024-07-02T09:16:11.718+0000] {processor.py:830} INFO - Processing file /home/airflow/.local/lib/python3.8/site-packages/airflow/example_dags/example_branch_python_dop_operator_3.py for tasks to queue
[2024-07-02T09:16:11.721+0000] {logging_mixin.py:188} INFO - [2024-07-02T09:16:11.720+0000] {dagbag.py:538} INFO - Filling up the DagBag from /home/airflow/.local/lib/python3.8/site-packages/airflow/example_dags/example_branch_python_dop_operator_3.py
[2024-07-02T09:16:11.732+0000] {processor.py:840} INFO - DAG(s) 'example_branch_dop_operator_v3' retrieved from /home/airflow/.local/lib/python3.8/site-packages/airflow/example_dags/example_branch_python_dop_operator_3.py
[2024-07-02T09:16:11.755+0000] {logging_mixin.py:188} INFO - [2024-07-02T09:16:11.754+0000] {dag.py:3033} INFO - Sync 1 DAGs
[2024-07-02T09:16:11.783+0000] {logging_mixin.py:188} INFO - [2024-07-02T09:16:11.782+0000] {dag.py:3820} INFO - Setting next_dagrun for example_branch_dop_operator_v3 to 2024-07-02T09:15:00+00:00, run_after=2024-07-02T09:16:00+00:00
[2024-07-02T09:16:11.801+0000] {processor.py:183} INFO - Processing /home/airflow/.local/lib/python3.8/site-packages/airflow/example_dags/example_branch_python_dop_operator_3.py took 0.092 seconds
[2024-07-02T09:16:42.328+0000] {processor.py:161} INFO - Started process (PID=1420) to work on /home/airflow/.local/lib/python3.8/site-packages/airflow/example_dags/example_branch_python_dop_operator_3.py
[2024-07-02T09:16:42.332+0000] {processor.py:830} INFO - Processing file /home/airflow/.local/lib/python3.8/site-packages/airflow/example_dags/example_branch_python_dop_operator_3.py for tasks to queue
[2024-07-02T09:16:42.334+0000] {logging_mixin.py:188} INFO - [2024-07-02T09:16:42.334+0000] {dagbag.py:538} INFO - Filling up the DagBag from /home/airflow/.local/lib/python3.8/site-packages/airflow/example_dags/example_branch_python_dop_operator_3.py
[2024-07-02T09:16:42.344+0000] {processor.py:840} INFO - DAG(s) 'example_branch_dop_operator_v3' retrieved from /home/airflow/.local/lib/python3.8/site-packages/airflow/example_dags/example_branch_python_dop_operator_3.py
[2024-07-02T09:16:42.366+0000] {logging_mixin.py:188} INFO - [2024-07-02T09:16:42.366+0000] {dag.py:3033} INFO - Sync 1 DAGs
[2024-07-02T09:16:42.391+0000] {logging_mixin.py:188} INFO - [2024-07-02T09:16:42.391+0000] {dag.py:3820} INFO - Setting next_dagrun for example_branch_dop_operator_v3 to 2024-07-02T09:15:00+00:00, run_after=2024-07-02T09:16:00+00:00
[2024-07-02T09:16:42.410+0000] {processor.py:183} INFO - Processing /home/airflow/.local/lib/python3.8/site-packages/airflow/example_dags/example_branch_python_dop_operator_3.py took 0.085 seconds
[2024-07-02T09:17:12.833+0000] {processor.py:161} INFO - Started process (PID=1475) to work on /home/airflow/.local/lib/python3.8/site-packages/airflow/example_dags/example_branch_python_dop_operator_3.py
[2024-07-02T09:17:12.837+0000] {processor.py:830} INFO - Processing file /home/airflow/.local/lib/python3.8/site-packages/airflow/example_dags/example_branch_python_dop_operator_3.py for tasks to queue
[2024-07-02T09:17:12.839+0000] {logging_mixin.py:188} INFO - [2024-07-02T09:17:12.838+0000] {dagbag.py:538} INFO - Filling up the DagBag from /home/airflow/.local/lib/python3.8/site-packages/airflow/example_dags/example_branch_python_dop_operator_3.py
[2024-07-02T09:17:12.848+0000] {processor.py:840} INFO - DAG(s) 'example_branch_dop_operator_v3' retrieved from /home/airflow/.local/lib/python3.8/site-packages/airflow/example_dags/example_branch_python_dop_operator_3.py
[2024-07-02T09:17:12.869+0000] {logging_mixin.py:188} INFO - [2024-07-02T09:17:12.868+0000] {dag.py:3033} INFO - Sync 1 DAGs
[2024-07-02T09:17:12.897+0000] {logging_mixin.py:188} INFO - [2024-07-02T09:17:12.897+0000] {dag.py:3820} INFO - Setting next_dagrun for example_branch_dop_operator_v3 to 2024-07-02T09:16:00+00:00, run_after=2024-07-02T09:17:00+00:00
[2024-07-02T09:17:12.913+0000] {processor.py:183} INFO - Processing /home/airflow/.local/lib/python3.8/site-packages/airflow/example_dags/example_branch_python_dop_operator_3.py took 0.082 seconds
[2024-07-02T09:17:43.285+0000] {processor.py:161} INFO - Started process (PID=1531) to work on /home/airflow/.local/lib/python3.8/site-packages/airflow/example_dags/example_branch_python_dop_operator_3.py
[2024-07-02T09:17:43.289+0000] {processor.py:830} INFO - Processing file /home/airflow/.local/lib/python3.8/site-packages/airflow/example_dags/example_branch_python_dop_operator_3.py for tasks to queue
[2024-07-02T09:17:43.291+0000] {logging_mixin.py:188} INFO - [2024-07-02T09:17:43.291+0000] {dagbag.py:538} INFO - Filling up the DagBag from /home/airflow/.local/lib/python3.8/site-packages/airflow/example_dags/example_branch_python_dop_operator_3.py
[2024-07-02T09:17:43.301+0000] {processor.py:840} INFO - DAG(s) 'example_branch_dop_operator_v3' retrieved from /home/airflow/.local/lib/python3.8/site-packages/airflow/example_dags/example_branch_python_dop_operator_3.py
[2024-07-02T09:17:43.321+0000] {logging_mixin.py:188} INFO - [2024-07-02T09:17:43.321+0000] {dag.py:3033} INFO - Sync 1 DAGs
[2024-07-02T09:17:43.345+0000] {logging_mixin.py:188} INFO - [2024-07-02T09:17:43.345+0000] {dag.py:3820} INFO - Setting next_dagrun for example_branch_dop_operator_v3 to 2024-07-02T09:16:00+00:00, run_after=2024-07-02T09:17:00+00:00
[2024-07-02T09:17:43.363+0000] {processor.py:183} INFO - Processing /home/airflow/.local/lib/python3.8/site-packages/airflow/example_dags/example_branch_python_dop_operator_3.py took 0.080 seconds
[2024-07-02T09:18:13.760+0000] {processor.py:161} INFO - Started process (PID=1586) to work on /home/airflow/.local/lib/python3.8/site-packages/airflow/example_dags/example_branch_python_dop_operator_3.py
[2024-07-02T09:18:13.764+0000] {processor.py:830} INFO - Processing file /home/airflow/.local/lib/python3.8/site-packages/airflow/example_dags/example_branch_python_dop_operator_3.py for tasks to queue
[2024-07-02T09:18:13.766+0000] {logging_mixin.py:188} INFO - [2024-07-02T09:18:13.766+0000] {dagbag.py:538} INFO - Filling up the DagBag from /home/airflow/.local/lib/python3.8/site-packages/airflow/example_dags/example_branch_python_dop_operator_3.py
[2024-07-02T09:18:13.774+0000] {processor.py:840} INFO - DAG(s) 'example_branch_dop_operator_v3' retrieved from /home/airflow/.local/lib/python3.8/site-packages/airflow/example_dags/example_branch_python_dop_operator_3.py
[2024-07-02T09:18:13.791+0000] {logging_mixin.py:188} INFO - [2024-07-02T09:18:13.791+0000] {dag.py:3033} INFO - Sync 1 DAGs
[2024-07-02T09:18:13.814+0000] {logging_mixin.py:188} INFO - [2024-07-02T09:18:13.814+0000] {dag.py:3820} INFO - Setting next_dagrun for example_branch_dop_operator_v3 to 2024-07-02T09:17:00+00:00, run_after=2024-07-02T09:18:00+00:00
[2024-07-02T09:18:13.831+0000] {processor.py:183} INFO - Processing /home/airflow/.local/lib/python3.8/site-packages/airflow/example_dags/example_branch_python_dop_operator_3.py took 0.073 seconds
[2024-07-02T09:18:44.197+0000] {processor.py:161} INFO - Started process (PID=1641) to work on /home/airflow/.local/lib/python3.8/site-packages/airflow/example_dags/example_branch_python_dop_operator_3.py
[2024-07-02T09:18:44.201+0000] {processor.py:830} INFO - Processing file /home/airflow/.local/lib/python3.8/site-packages/airflow/example_dags/example_branch_python_dop_operator_3.py for tasks to queue
[2024-07-02T09:18:44.204+0000] {logging_mixin.py:188} INFO - [2024-07-02T09:18:44.203+0000] {dagbag.py:538} INFO - Filling up the DagBag from /home/airflow/.local/lib/python3.8/site-packages/airflow/example_dags/example_branch_python_dop_operator_3.py
[2024-07-02T09:18:44.214+0000] {processor.py:840} INFO - DAG(s) 'example_branch_dop_operator_v3' retrieved from /home/airflow/.local/lib/python3.8/site-packages/airflow/example_dags/example_branch_python_dop_operator_3.py
[2024-07-02T09:18:44.241+0000] {logging_mixin.py:188} INFO - [2024-07-02T09:18:44.241+0000] {dag.py:3033} INFO - Sync 1 DAGs
[2024-07-02T09:18:44.277+0000] {logging_mixin.py:188} INFO - [2024-07-02T09:18:44.277+0000] {dag.py:3820} INFO - Setting next_dagrun for example_branch_dop_operator_v3 to 2024-07-02T09:17:00+00:00, run_after=2024-07-02T09:18:00+00:00
[2024-07-02T09:18:44.297+0000] {processor.py:183} INFO - Processing /home/airflow/.local/lib/python3.8/site-packages/airflow/example_dags/example_branch_python_dop_operator_3.py took 0.103 seconds
[2024-07-02T09:19:14.619+0000] {processor.py:161} INFO - Started process (PID=1696) to work on /home/airflow/.local/lib/python3.8/site-packages/airflow/example_dags/example_branch_python_dop_operator_3.py
[2024-07-02T09:19:14.623+0000] {processor.py:830} INFO - Processing file /home/airflow/.local/lib/python3.8/site-packages/airflow/example_dags/example_branch_python_dop_operator_3.py for tasks to queue
[2024-07-02T09:19:14.626+0000] {logging_mixin.py:188} INFO - [2024-07-02T09:19:14.626+0000] {dagbag.py:538} INFO - Filling up the DagBag from /home/airflow/.local/lib/python3.8/site-packages/airflow/example_dags/example_branch_python_dop_operator_3.py
[2024-07-02T09:19:14.640+0000] {processor.py:840} INFO - DAG(s) 'example_branch_dop_operator_v3' retrieved from /home/airflow/.local/lib/python3.8/site-packages/airflow/example_dags/example_branch_python_dop_operator_3.py
[2024-07-02T09:19:14.667+0000] {logging_mixin.py:188} INFO - [2024-07-02T09:19:14.667+0000] {dag.py:3033} INFO - Sync 1 DAGs
[2024-07-02T09:19:14.701+0000] {logging_mixin.py:188} INFO - [2024-07-02T09:19:14.701+0000] {dag.py:3820} INFO - Setting next_dagrun for example_branch_dop_operator_v3 to 2024-07-02T09:18:00+00:00, run_after=2024-07-02T09:19:00+00:00
[2024-07-02T09:19:14.723+0000] {processor.py:183} INFO - Processing /home/airflow/.local/lib/python3.8/site-packages/airflow/example_dags/example_branch_python_dop_operator_3.py took 0.109 seconds
[2024-07-02T09:19:44.891+0000] {processor.py:161} INFO - Started process (PID=1750) to work on /home/airflow/.local/lib/python3.8/site-packages/airflow/example_dags/example_branch_python_dop_operator_3.py
[2024-07-02T09:19:44.894+0000] {processor.py:830} INFO - Processing file /home/airflow/.local/lib/python3.8/site-packages/airflow/example_dags/example_branch_python_dop_operator_3.py for tasks to queue
[2024-07-02T09:19:44.896+0000] {logging_mixin.py:188} INFO - [2024-07-02T09:19:44.896+0000] {dagbag.py:538} INFO - Filling up the DagBag from /home/airflow/.local/lib/python3.8/site-packages/airflow/example_dags/example_branch_python_dop_operator_3.py
[2024-07-02T09:19:44.904+0000] {processor.py:840} INFO - DAG(s) 'example_branch_dop_operator_v3' retrieved from /home/airflow/.local/lib/python3.8/site-packages/airflow/example_dags/example_branch_python_dop_operator_3.py
[2024-07-02T09:19:44.922+0000] {logging_mixin.py:188} INFO - [2024-07-02T09:19:44.922+0000] {dag.py:3033} INFO - Sync 1 DAGs
[2024-07-02T09:19:44.945+0000] {logging_mixin.py:188} INFO - [2024-07-02T09:19:44.944+0000] {dag.py:3820} INFO - Setting next_dagrun for example_branch_dop_operator_v3 to 2024-07-02T09:18:00+00:00, run_after=2024-07-02T09:19:00+00:00
[2024-07-02T09:19:44.962+0000] {processor.py:183} INFO - Processing /home/airflow/.local/lib/python3.8/site-packages/airflow/example_dags/example_branch_python_dop_operator_3.py took 0.073 seconds
[2024-07-02T09:20:15.582+0000] {processor.py:161} INFO - Started process (PID=1804) to work on /home/airflow/.local/lib/python3.8/site-packages/airflow/example_dags/example_branch_python_dop_operator_3.py
[2024-07-02T09:20:15.583+0000] {processor.py:830} INFO - Processing file /home/airflow/.local/lib/python3.8/site-packages/airflow/example_dags/example_branch_python_dop_operator_3.py for tasks to queue
[2024-07-02T09:20:15.585+0000] {logging_mixin.py:188} INFO - [2024-07-02T09:20:15.585+0000] {dagbag.py:538} INFO - Filling up the DagBag from /home/airflow/.local/lib/python3.8/site-packages/airflow/example_dags/example_branch_python_dop_operator_3.py
[2024-07-02T09:20:15.592+0000] {processor.py:840} INFO - DAG(s) 'example_branch_dop_operator_v3' retrieved from /home/airflow/.local/lib/python3.8/site-packages/airflow/example_dags/example_branch_python_dop_operator_3.py
[2024-07-02T09:20:15.613+0000] {logging_mixin.py:188} INFO - [2024-07-02T09:20:15.613+0000] {dag.py:3033} INFO - Sync 1 DAGs
[2024-07-02T09:20:15.643+0000] {logging_mixin.py:188} INFO - [2024-07-02T09:20:15.643+0000] {dag.py:3820} INFO - Setting next_dagrun for example_branch_dop_operator_v3 to 2024-07-02T09:19:00+00:00, run_after=2024-07-02T09:20:00+00:00
[2024-07-02T09:20:15.670+0000] {processor.py:183} INFO - Processing /home/airflow/.local/lib/python3.8/site-packages/airflow/example_dags/example_branch_python_dop_operator_3.py took 0.090 seconds
[2024-07-02T09:20:46.071+0000] {processor.py:161} INFO - Started process (PID=1859) to work on /home/airflow/.local/lib/python3.8/site-packages/airflow/example_dags/example_branch_python_dop_operator_3.py
[2024-07-02T09:20:46.075+0000] {processor.py:830} INFO - Processing file /home/airflow/.local/lib/python3.8/site-packages/airflow/example_dags/example_branch_python_dop_operator_3.py for tasks to queue
[2024-07-02T09:20:46.076+0000] {logging_mixin.py:188} INFO - [2024-07-02T09:20:46.076+0000] {dagbag.py:538} INFO - Filling up the DagBag from /home/airflow/.local/lib/python3.8/site-packages/airflow/example_dags/example_branch_python_dop_operator_3.py
[2024-07-02T09:20:46.083+0000] {processor.py:840} INFO - DAG(s) 'example_branch_dop_operator_v3' retrieved from /home/airflow/.local/lib/python3.8/site-packages/airflow/example_dags/example_branch_python_dop_operator_3.py
[2024-07-02T09:20:46.101+0000] {logging_mixin.py:188} INFO - [2024-07-02T09:20:46.100+0000] {dag.py:3033} INFO - Sync 1 DAGs
[2024-07-02T09:20:46.124+0000] {logging_mixin.py:188} INFO - [2024-07-02T09:20:46.123+0000] {dag.py:3820} INFO - Setting next_dagrun for example_branch_dop_operator_v3 to 2024-07-02T09:19:00+00:00, run_after=2024-07-02T09:20:00+00:00
[2024-07-02T09:20:46.143+0000] {processor.py:183} INFO - Processing /home/airflow/.local/lib/python3.8/site-packages/airflow/example_dags/example_branch_python_dop_operator_3.py took 0.074 seconds
[2024-07-02T09:21:16.183+0000] {processor.py:161} INFO - Started process (PID=1914) to work on /home/airflow/.local/lib/python3.8/site-packages/airflow/example_dags/example_branch_python_dop_operator_3.py
[2024-07-02T09:21:16.186+0000] {processor.py:830} INFO - Processing file /home/airflow/.local/lib/python3.8/site-packages/airflow/example_dags/example_branch_python_dop_operator_3.py for tasks to queue
[2024-07-02T09:21:16.188+0000] {logging_mixin.py:188} INFO - [2024-07-02T09:21:16.188+0000] {dagbag.py:538} INFO - Filling up the DagBag from /home/airflow/.local/lib/python3.8/site-packages/airflow/example_dags/example_branch_python_dop_operator_3.py
[2024-07-02T09:21:16.196+0000] {processor.py:840} INFO - DAG(s) 'example_branch_dop_operator_v3' retrieved from /home/airflow/.local/lib/python3.8/site-packages/airflow/example_dags/example_branch_python_dop_operator_3.py
[2024-07-02T09:21:16.213+0000] {logging_mixin.py:188} INFO - [2024-07-02T09:21:16.213+0000] {dag.py:3033} INFO - Sync 1 DAGs
[2024-07-02T09:21:16.236+0000] {logging_mixin.py:188} INFO - [2024-07-02T09:21:16.236+0000] {dag.py:3820} INFO - Setting next_dagrun for example_branch_dop_operator_v3 to 2024-07-02T09:20:00+00:00, run_after=2024-07-02T09:21:00+00:00
[2024-07-02T09:21:16.253+0000] {processor.py:183} INFO - Processing /home/airflow/.local/lib/python3.8/site-packages/airflow/example_dags/example_branch_python_dop_operator_3.py took 0.072 seconds
[2024-07-02T09:21:46.635+0000] {processor.py:161} INFO - Started process (PID=1968) to work on /home/airflow/.local/lib/python3.8/site-packages/airflow/example_dags/example_branch_python_dop_operator_3.py
[2024-07-02T09:21:46.639+0000] {processor.py:830} INFO - Processing file /home/airflow/.local/lib/python3.8/site-packages/airflow/example_dags/example_branch_python_dop_operator_3.py for tasks to queue
[2024-07-02T09:21:46.641+0000] {logging_mixin.py:188} INFO - [2024-07-02T09:21:46.641+0000] {dagbag.py:538} INFO - Filling up the DagBag from /home/airflow/.local/lib/python3.8/site-packages/airflow/example_dags/example_branch_python_dop_operator_3.py
[2024-07-02T09:21:46.649+0000] {processor.py:840} INFO - DAG(s) 'example_branch_dop_operator_v3' retrieved from /home/airflow/.local/lib/python3.8/site-packages/airflow/example_dags/example_branch_python_dop_operator_3.py
[2024-07-02T09:21:46.670+0000] {logging_mixin.py:188} INFO - [2024-07-02T09:21:46.670+0000] {dag.py:3033} INFO - Sync 1 DAGs
[2024-07-02T09:21:46.709+0000] {logging_mixin.py:188} INFO - [2024-07-02T09:21:46.709+0000] {dag.py:3820} INFO - Setting next_dagrun for example_branch_dop_operator_v3 to 2024-07-02T09:20:00+00:00, run_after=2024-07-02T09:21:00+00:00
[2024-07-02T09:21:46.738+0000] {processor.py:183} INFO - Processing /home/airflow/.local/lib/python3.8/site-packages/airflow/example_dags/example_branch_python_dop_operator_3.py took 0.105 seconds
[2024-07-02T09:22:16.786+0000] {processor.py:161} INFO - Started process (PID=2023) to work on /home/airflow/.local/lib/python3.8/site-packages/airflow/example_dags/example_branch_python_dop_operator_3.py
[2024-07-02T09:22:16.787+0000] {processor.py:830} INFO - Processing file /home/airflow/.local/lib/python3.8/site-packages/airflow/example_dags/example_branch_python_dop_operator_3.py for tasks to queue
[2024-07-02T09:22:16.788+0000] {logging_mixin.py:188} INFO - [2024-07-02T09:22:16.788+0000] {dagbag.py:538} INFO - Filling up the DagBag from /home/airflow/.local/lib/python3.8/site-packages/airflow/example_dags/example_branch_python_dop_operator_3.py
[2024-07-02T09:22:16.795+0000] {processor.py:840} INFO - DAG(s) 'example_branch_dop_operator_v3' retrieved from /home/airflow/.local/lib/python3.8/site-packages/airflow/example_dags/example_branch_python_dop_operator_3.py
[2024-07-02T09:22:16.814+0000] {logging_mixin.py:188} INFO - [2024-07-02T09:22:16.814+0000] {dag.py:3033} INFO - Sync 1 DAGs
[2024-07-02T09:22:16.838+0000] {logging_mixin.py:188} INFO - [2024-07-02T09:22:16.837+0000] {dag.py:3820} INFO - Setting next_dagrun for example_branch_dop_operator_v3 to 2024-07-02T09:21:00+00:00, run_after=2024-07-02T09:22:00+00:00
[2024-07-02T09:22:16.855+0000] {processor.py:183} INFO - Processing /home/airflow/.local/lib/python3.8/site-packages/airflow/example_dags/example_branch_python_dop_operator_3.py took 0.071 seconds
[2024-07-02T09:22:47.313+0000] {processor.py:161} INFO - Started process (PID=2078) to work on /home/airflow/.local/lib/python3.8/site-packages/airflow/example_dags/example_branch_python_dop_operator_3.py
[2024-07-02T09:22:47.316+0000] {processor.py:830} INFO - Processing file /home/airflow/.local/lib/python3.8/site-packages/airflow/example_dags/example_branch_python_dop_operator_3.py for tasks to queue
[2024-07-02T09:22:47.318+0000] {logging_mixin.py:188} INFO - [2024-07-02T09:22:47.318+0000] {dagbag.py:538} INFO - Filling up the DagBag from /home/airflow/.local/lib/python3.8/site-packages/airflow/example_dags/example_branch_python_dop_operator_3.py
[2024-07-02T09:22:47.327+0000] {processor.py:840} INFO - DAG(s) 'example_branch_dop_operator_v3' retrieved from /home/airflow/.local/lib/python3.8/site-packages/airflow/example_dags/example_branch_python_dop_operator_3.py
[2024-07-02T09:22:47.348+0000] {logging_mixin.py:188} INFO - [2024-07-02T09:22:47.348+0000] {dag.py:3033} INFO - Sync 1 DAGs
[2024-07-02T09:22:47.385+0000] {logging_mixin.py:188} INFO - [2024-07-02T09:22:47.384+0000] {dag.py:3820} INFO - Setting next_dagrun for example_branch_dop_operator_v3 to 2024-07-02T09:21:00+00:00, run_after=2024-07-02T09:22:00+00:00
[2024-07-02T09:22:47.414+0000] {processor.py:183} INFO - Processing /home/airflow/.local/lib/python3.8/site-packages/airflow/example_dags/example_branch_python_dop_operator_3.py took 0.104 seconds
[2024-07-02T09:23:17.514+0000] {processor.py:161} INFO - Started process (PID=2133) to work on /home/airflow/.local/lib/python3.8/site-packages/airflow/example_dags/example_branch_python_dop_operator_3.py
[2024-07-02T09:23:17.514+0000] {processor.py:830} INFO - Processing file /home/airflow/.local/lib/python3.8/site-packages/airflow/example_dags/example_branch_python_dop_operator_3.py for tasks to queue
[2024-07-02T09:23:17.516+0000] {logging_mixin.py:188} INFO - [2024-07-02T09:23:17.516+0000] {dagbag.py:538} INFO - Filling up the DagBag from /home/airflow/.local/lib/python3.8/site-packages/airflow/example_dags/example_branch_python_dop_operator_3.py
[2024-07-02T09:23:17.523+0000] {processor.py:840} INFO - DAG(s) 'example_branch_dop_operator_v3' retrieved from /home/airflow/.local/lib/python3.8/site-packages/airflow/example_dags/example_branch_python_dop_operator_3.py
[2024-07-02T09:23:17.544+0000] {logging_mixin.py:188} INFO - [2024-07-02T09:23:17.543+0000] {dag.py:3033} INFO - Sync 1 DAGs
[2024-07-02T09:23:17.578+0000] {logging_mixin.py:188} INFO - [2024-07-02T09:23:17.578+0000] {dag.py:3820} INFO - Setting next_dagrun for example_branch_dop_operator_v3 to 2024-07-02T09:22:00+00:00, run_after=2024-07-02T09:23:00+00:00
[2024-07-02T09:23:17.600+0000] {processor.py:183} INFO - Processing /home/airflow/.local/lib/python3.8/site-packages/airflow/example_dags/example_branch_python_dop_operator_3.py took 0.089 seconds
[2024-07-02T09:23:47.831+0000] {processor.py:161} INFO - Started process (PID=2188) to work on /home/airflow/.local/lib/python3.8/site-packages/airflow/example_dags/example_branch_python_dop_operator_3.py
[2024-07-02T09:23:47.834+0000] {processor.py:830} INFO - Processing file /home/airflow/.local/lib/python3.8/site-packages/airflow/example_dags/example_branch_python_dop_operator_3.py for tasks to queue
[2024-07-02T09:23:47.836+0000] {logging_mixin.py:188} INFO - [2024-07-02T09:23:47.836+0000] {dagbag.py:538} INFO - Filling up the DagBag from /home/airflow/.local/lib/python3.8/site-packages/airflow/example_dags/example_branch_python_dop_operator_3.py
[2024-07-02T09:23:47.844+0000] {processor.py:840} INFO - DAG(s) 'example_branch_dop_operator_v3' retrieved from /home/airflow/.local/lib/python3.8/site-packages/airflow/example_dags/example_branch_python_dop_operator_3.py
[2024-07-02T09:23:47.866+0000] {logging_mixin.py:188} INFO - [2024-07-02T09:23:47.866+0000] {dag.py:3033} INFO - Sync 1 DAGs
[2024-07-02T09:23:47.900+0000] {logging_mixin.py:188} INFO - [2024-07-02T09:23:47.899+0000] {dag.py:3820} INFO - Setting next_dagrun for example_branch_dop_operator_v3 to 2024-07-02T09:22:00+00:00, run_after=2024-07-02T09:23:00+00:00
[2024-07-02T09:23:47.925+0000] {processor.py:183} INFO - Processing /home/airflow/.local/lib/python3.8/site-packages/airflow/example_dags/example_branch_python_dop_operator_3.py took 0.097 seconds
