[2024-07-02T09:04:04.045+0000] {processor.py:161} INFO - Started process (PID=72) to work on /home/airflow/.local/lib/python3.8/site-packages/airflow/example_dags/example_external_task_marker_dag.py
[2024-07-02T09:04:04.046+0000] {processor.py:830} INFO - Processing file /home/airflow/.local/lib/python3.8/site-packages/airflow/example_dags/example_external_task_marker_dag.py for tasks to queue
[2024-07-02T09:04:04.051+0000] {logging_mixin.py:188} INFO - [2024-07-02T09:04:04.050+0000] {dagbag.py:538} INFO - Filling up the DagBag from /home/airflow/.local/lib/python3.8/site-packages/airflow/example_dags/example_external_task_marker_dag.py
[2024-07-02T09:04:04.064+0000] {processor.py:840} INFO - DAG(s) 'example_external_task_marker_parent', 'example_external_task_marker_child' retrieved from /home/airflow/.local/lib/python3.8/site-packages/airflow/example_dags/example_external_task_marker_dag.py
[2024-07-02T09:04:04.212+0000] {logging_mixin.py:188} INFO - [2024-07-02T09:04:04.210+0000] {override.py:1769} INFO - Created Permission View: can edit on DAG:example_external_task_marker_parent
[2024-07-02T09:04:04.232+0000] {logging_mixin.py:188} INFO - [2024-07-02T09:04:04.231+0000] {override.py:1769} INFO - Created Permission View: can delete on DAG:example_external_task_marker_parent
[2024-07-02T09:04:04.244+0000] {logging_mixin.py:188} INFO - [2024-07-02T09:04:04.244+0000] {override.py:1769} INFO - Created Permission View: can read on DAG:example_external_task_marker_parent
[2024-07-02T09:04:04.270+0000] {logging_mixin.py:188} INFO - [2024-07-02T09:04:04.270+0000] {override.py:1769} INFO - Created Permission View: can edit on DAG:example_external_task_marker_child
[2024-07-02T09:04:04.284+0000] {logging_mixin.py:188} INFO - [2024-07-02T09:04:04.283+0000] {override.py:1769} INFO - Created Permission View: can delete on DAG:example_external_task_marker_child
[2024-07-02T09:04:04.296+0000] {logging_mixin.py:188} INFO - [2024-07-02T09:04:04.295+0000] {override.py:1769} INFO - Created Permission View: can read on DAG:example_external_task_marker_child
[2024-07-02T09:04:04.296+0000] {logging_mixin.py:188} INFO - [2024-07-02T09:04:04.296+0000] {dag.py:3033} INFO - Sync 2 DAGs
[2024-07-02T09:04:04.320+0000] {logging_mixin.py:188} INFO - [2024-07-02T09:04:04.319+0000] {dag.py:3055} INFO - Creating ORM DAG for example_external_task_marker_parent
[2024-07-02T09:04:04.321+0000] {logging_mixin.py:188} INFO - [2024-07-02T09:04:04.320+0000] {dag.py:3055} INFO - Creating ORM DAG for example_external_task_marker_child
[2024-07-02T09:04:04.322+0000] {logging_mixin.py:188} INFO - [2024-07-02T09:04:04.321+0000] {dag.py:3820} INFO - Setting next_dagrun for example_external_task_marker_child to None, run_after=None
[2024-07-02T09:04:04.323+0000] {logging_mixin.py:188} INFO - [2024-07-02T09:04:04.322+0000] {dag.py:3820} INFO - Setting next_dagrun for example_external_task_marker_parent to None, run_after=None
[2024-07-02T09:04:04.354+0000] {processor.py:183} INFO - Processing /home/airflow/.local/lib/python3.8/site-packages/airflow/example_dags/example_external_task_marker_dag.py took 0.315 seconds
[2024-07-02T09:04:34.447+0000] {processor.py:161} INFO - Started process (PID=126) to work on /home/airflow/.local/lib/python3.8/site-packages/airflow/example_dags/example_external_task_marker_dag.py
[2024-07-02T09:04:34.448+0000] {processor.py:830} INFO - Processing file /home/airflow/.local/lib/python3.8/site-packages/airflow/example_dags/example_external_task_marker_dag.py for tasks to queue
[2024-07-02T09:04:34.450+0000] {logging_mixin.py:188} INFO - [2024-07-02T09:04:34.450+0000] {dagbag.py:538} INFO - Filling up the DagBag from /home/airflow/.local/lib/python3.8/site-packages/airflow/example_dags/example_external_task_marker_dag.py
[2024-07-02T09:04:34.457+0000] {processor.py:840} INFO - DAG(s) 'example_external_task_marker_child', 'example_external_task_marker_parent' retrieved from /home/airflow/.local/lib/python3.8/site-packages/airflow/example_dags/example_external_task_marker_dag.py
[2024-07-02T09:04:34.492+0000] {logging_mixin.py:188} INFO - [2024-07-02T09:04:34.492+0000] {dag.py:3033} INFO - Sync 2 DAGs
[2024-07-02T09:04:34.513+0000] {logging_mixin.py:188} INFO - [2024-07-02T09:04:34.513+0000] {dag.py:3820} INFO - Setting next_dagrun for example_external_task_marker_child to None, run_after=None
[2024-07-02T09:04:34.519+0000] {logging_mixin.py:188} INFO - [2024-07-02T09:04:34.519+0000] {dag.py:3820} INFO - Setting next_dagrun for example_external_task_marker_parent to None, run_after=None
[2024-07-02T09:04:34.545+0000] {processor.py:183} INFO - Processing /home/airflow/.local/lib/python3.8/site-packages/airflow/example_dags/example_external_task_marker_dag.py took 0.101 seconds
[2024-07-02T09:05:04.649+0000] {processor.py:161} INFO - Started process (PID=182) to work on /home/airflow/.local/lib/python3.8/site-packages/airflow/example_dags/example_external_task_marker_dag.py
[2024-07-02T09:05:04.652+0000] {processor.py:830} INFO - Processing file /home/airflow/.local/lib/python3.8/site-packages/airflow/example_dags/example_external_task_marker_dag.py for tasks to queue
[2024-07-02T09:05:04.655+0000] {logging_mixin.py:188} INFO - [2024-07-02T09:05:04.654+0000] {dagbag.py:538} INFO - Filling up the DagBag from /home/airflow/.local/lib/python3.8/site-packages/airflow/example_dags/example_external_task_marker_dag.py
[2024-07-02T09:05:04.660+0000] {processor.py:840} INFO - DAG(s) 'example_external_task_marker_parent', 'example_external_task_marker_child' retrieved from /home/airflow/.local/lib/python3.8/site-packages/airflow/example_dags/example_external_task_marker_dag.py
[2024-07-02T09:05:04.688+0000] {logging_mixin.py:188} INFO - [2024-07-02T09:05:04.687+0000] {dag.py:3033} INFO - Sync 2 DAGs
[2024-07-02T09:05:04.705+0000] {logging_mixin.py:188} INFO - [2024-07-02T09:05:04.705+0000] {dag.py:3820} INFO - Setting next_dagrun for example_external_task_marker_child to None, run_after=None
[2024-07-02T09:05:04.710+0000] {logging_mixin.py:188} INFO - [2024-07-02T09:05:04.709+0000] {dag.py:3820} INFO - Setting next_dagrun for example_external_task_marker_parent to None, run_after=None
[2024-07-02T09:05:04.725+0000] {processor.py:183} INFO - Processing /home/airflow/.local/lib/python3.8/site-packages/airflow/example_dags/example_external_task_marker_dag.py took 0.079 seconds
[2024-07-02T09:05:34.791+0000] {processor.py:161} INFO - Started process (PID=237) to work on /home/airflow/.local/lib/python3.8/site-packages/airflow/example_dags/example_external_task_marker_dag.py
[2024-07-02T09:05:34.792+0000] {processor.py:830} INFO - Processing file /home/airflow/.local/lib/python3.8/site-packages/airflow/example_dags/example_external_task_marker_dag.py for tasks to queue
[2024-07-02T09:05:34.794+0000] {logging_mixin.py:188} INFO - [2024-07-02T09:05:34.794+0000] {dagbag.py:538} INFO - Filling up the DagBag from /home/airflow/.local/lib/python3.8/site-packages/airflow/example_dags/example_external_task_marker_dag.py
[2024-07-02T09:05:34.799+0000] {processor.py:840} INFO - DAG(s) 'example_external_task_marker_parent', 'example_external_task_marker_child' retrieved from /home/airflow/.local/lib/python3.8/site-packages/airflow/example_dags/example_external_task_marker_dag.py
[2024-07-02T09:05:34.829+0000] {logging_mixin.py:188} INFO - [2024-07-02T09:05:34.829+0000] {dag.py:3033} INFO - Sync 2 DAGs
[2024-07-02T09:05:34.842+0000] {logging_mixin.py:188} INFO - [2024-07-02T09:05:34.841+0000] {dag.py:3820} INFO - Setting next_dagrun for example_external_task_marker_child to None, run_after=None
[2024-07-02T09:05:34.846+0000] {logging_mixin.py:188} INFO - [2024-07-02T09:05:34.845+0000] {dag.py:3820} INFO - Setting next_dagrun for example_external_task_marker_parent to None, run_after=None
[2024-07-02T09:05:34.860+0000] {processor.py:183} INFO - Processing /home/airflow/.local/lib/python3.8/site-packages/airflow/example_dags/example_external_task_marker_dag.py took 0.072 seconds
[2024-07-02T09:06:05.709+0000] {processor.py:161} INFO - Started process (PID=292) to work on /home/airflow/.local/lib/python3.8/site-packages/airflow/example_dags/example_external_task_marker_dag.py
[2024-07-02T09:06:05.709+0000] {processor.py:830} INFO - Processing file /home/airflow/.local/lib/python3.8/site-packages/airflow/example_dags/example_external_task_marker_dag.py for tasks to queue
[2024-07-02T09:06:05.711+0000] {logging_mixin.py:188} INFO - [2024-07-02T09:06:05.711+0000] {dagbag.py:538} INFO - Filling up the DagBag from /home/airflow/.local/lib/python3.8/site-packages/airflow/example_dags/example_external_task_marker_dag.py
[2024-07-02T09:06:05.716+0000] {processor.py:840} INFO - DAG(s) 'example_external_task_marker_child', 'example_external_task_marker_parent' retrieved from /home/airflow/.local/lib/python3.8/site-packages/airflow/example_dags/example_external_task_marker_dag.py
[2024-07-02T09:06:05.739+0000] {logging_mixin.py:188} INFO - [2024-07-02T09:06:05.739+0000] {dag.py:3033} INFO - Sync 2 DAGs
[2024-07-02T09:06:05.751+0000] {logging_mixin.py:188} INFO - [2024-07-02T09:06:05.751+0000] {dag.py:3820} INFO - Setting next_dagrun for example_external_task_marker_child to None, run_after=None
[2024-07-02T09:06:05.755+0000] {logging_mixin.py:188} INFO - [2024-07-02T09:06:05.755+0000] {dag.py:3820} INFO - Setting next_dagrun for example_external_task_marker_parent to None, run_after=None
[2024-07-02T09:06:05.772+0000] {processor.py:183} INFO - Processing /home/airflow/.local/lib/python3.8/site-packages/airflow/example_dags/example_external_task_marker_dag.py took 0.066 seconds
[2024-07-02T09:06:36.387+0000] {processor.py:161} INFO - Started process (PID=346) to work on /home/airflow/.local/lib/python3.8/site-packages/airflow/example_dags/example_external_task_marker_dag.py
[2024-07-02T09:06:36.387+0000] {processor.py:830} INFO - Processing file /home/airflow/.local/lib/python3.8/site-packages/airflow/example_dags/example_external_task_marker_dag.py for tasks to queue
[2024-07-02T09:06:36.390+0000] {logging_mixin.py:188} INFO - [2024-07-02T09:06:36.390+0000] {dagbag.py:538} INFO - Filling up the DagBag from /home/airflow/.local/lib/python3.8/site-packages/airflow/example_dags/example_external_task_marker_dag.py
[2024-07-02T09:06:36.396+0000] {processor.py:840} INFO - DAG(s) 'example_external_task_marker_child', 'example_external_task_marker_parent' retrieved from /home/airflow/.local/lib/python3.8/site-packages/airflow/example_dags/example_external_task_marker_dag.py
[2024-07-02T09:06:36.425+0000] {logging_mixin.py:188} INFO - [2024-07-02T09:06:36.425+0000] {dag.py:3033} INFO - Sync 2 DAGs
[2024-07-02T09:06:36.441+0000] {logging_mixin.py:188} INFO - [2024-07-02T09:06:36.440+0000] {dag.py:3820} INFO - Setting next_dagrun for example_external_task_marker_child to None, run_after=None
[2024-07-02T09:06:36.445+0000] {logging_mixin.py:188} INFO - [2024-07-02T09:06:36.445+0000] {dag.py:3820} INFO - Setting next_dagrun for example_external_task_marker_parent to None, run_after=None
[2024-07-02T09:06:36.524+0000] {processor.py:183} INFO - Processing /home/airflow/.local/lib/python3.8/site-packages/airflow/example_dags/example_external_task_marker_dag.py took 0.140 seconds
[2024-07-02T09:07:06.741+0000] {processor.py:161} INFO - Started process (PID=401) to work on /home/airflow/.local/lib/python3.8/site-packages/airflow/example_dags/example_external_task_marker_dag.py
[2024-07-02T09:07:06.742+0000] {processor.py:830} INFO - Processing file /home/airflow/.local/lib/python3.8/site-packages/airflow/example_dags/example_external_task_marker_dag.py for tasks to queue
[2024-07-02T09:07:06.744+0000] {logging_mixin.py:188} INFO - [2024-07-02T09:07:06.744+0000] {dagbag.py:538} INFO - Filling up the DagBag from /home/airflow/.local/lib/python3.8/site-packages/airflow/example_dags/example_external_task_marker_dag.py
[2024-07-02T09:07:06.749+0000] {processor.py:840} INFO - DAG(s) 'example_external_task_marker_parent', 'example_external_task_marker_child' retrieved from /home/airflow/.local/lib/python3.8/site-packages/airflow/example_dags/example_external_task_marker_dag.py
[2024-07-02T09:07:06.772+0000] {logging_mixin.py:188} INFO - [2024-07-02T09:07:06.772+0000] {dag.py:3033} INFO - Sync 2 DAGs
[2024-07-02T09:07:06.784+0000] {logging_mixin.py:188} INFO - [2024-07-02T09:07:06.784+0000] {dag.py:3820} INFO - Setting next_dagrun for example_external_task_marker_child to None, run_after=None
[2024-07-02T09:07:06.788+0000] {logging_mixin.py:188} INFO - [2024-07-02T09:07:06.788+0000] {dag.py:3820} INFO - Setting next_dagrun for example_external_task_marker_parent to None, run_after=None
[2024-07-02T09:07:06.805+0000] {processor.py:183} INFO - Processing /home/airflow/.local/lib/python3.8/site-packages/airflow/example_dags/example_external_task_marker_dag.py took 0.067 seconds
[2024-07-02T09:07:37.269+0000] {processor.py:161} INFO - Started process (PID=456) to work on /home/airflow/.local/lib/python3.8/site-packages/airflow/example_dags/example_external_task_marker_dag.py
[2024-07-02T09:07:37.270+0000] {processor.py:830} INFO - Processing file /home/airflow/.local/lib/python3.8/site-packages/airflow/example_dags/example_external_task_marker_dag.py for tasks to queue
[2024-07-02T09:07:37.272+0000] {logging_mixin.py:188} INFO - [2024-07-02T09:07:37.272+0000] {dagbag.py:538} INFO - Filling up the DagBag from /home/airflow/.local/lib/python3.8/site-packages/airflow/example_dags/example_external_task_marker_dag.py
[2024-07-02T09:07:37.277+0000] {processor.py:840} INFO - DAG(s) 'example_external_task_marker_child', 'example_external_task_marker_parent' retrieved from /home/airflow/.local/lib/python3.8/site-packages/airflow/example_dags/example_external_task_marker_dag.py
[2024-07-02T09:07:37.300+0000] {logging_mixin.py:188} INFO - [2024-07-02T09:07:37.300+0000] {dag.py:3033} INFO - Sync 2 DAGs
[2024-07-02T09:07:37.313+0000] {logging_mixin.py:188} INFO - [2024-07-02T09:07:37.312+0000] {dag.py:3820} INFO - Setting next_dagrun for example_external_task_marker_child to None, run_after=None
[2024-07-02T09:07:37.316+0000] {logging_mixin.py:188} INFO - [2024-07-02T09:07:37.316+0000] {dag.py:3820} INFO - Setting next_dagrun for example_external_task_marker_parent to None, run_after=None
[2024-07-02T09:07:37.332+0000] {processor.py:183} INFO - Processing /home/airflow/.local/lib/python3.8/site-packages/airflow/example_dags/example_external_task_marker_dag.py took 0.066 seconds
[2024-07-02T09:08:07.918+0000] {processor.py:161} INFO - Started process (PID=511) to work on /home/airflow/.local/lib/python3.8/site-packages/airflow/example_dags/example_external_task_marker_dag.py
[2024-07-02T09:08:07.919+0000] {processor.py:830} INFO - Processing file /home/airflow/.local/lib/python3.8/site-packages/airflow/example_dags/example_external_task_marker_dag.py for tasks to queue
[2024-07-02T09:08:07.921+0000] {logging_mixin.py:188} INFO - [2024-07-02T09:08:07.921+0000] {dagbag.py:538} INFO - Filling up the DagBag from /home/airflow/.local/lib/python3.8/site-packages/airflow/example_dags/example_external_task_marker_dag.py
[2024-07-02T09:08:07.926+0000] {processor.py:840} INFO - DAG(s) 'example_external_task_marker_parent', 'example_external_task_marker_child' retrieved from /home/airflow/.local/lib/python3.8/site-packages/airflow/example_dags/example_external_task_marker_dag.py
[2024-07-02T09:08:07.951+0000] {logging_mixin.py:188} INFO - [2024-07-02T09:08:07.951+0000] {dag.py:3033} INFO - Sync 2 DAGs
[2024-07-02T09:08:07.965+0000] {logging_mixin.py:188} INFO - [2024-07-02T09:08:07.965+0000] {dag.py:3820} INFO - Setting next_dagrun for example_external_task_marker_child to None, run_after=None
[2024-07-02T09:08:07.970+0000] {logging_mixin.py:188} INFO - [2024-07-02T09:08:07.970+0000] {dag.py:3820} INFO - Setting next_dagrun for example_external_task_marker_parent to None, run_after=None
[2024-07-02T09:08:07.990+0000] {processor.py:183} INFO - Processing /home/airflow/.local/lib/python3.8/site-packages/airflow/example_dags/example_external_task_marker_dag.py took 0.075 seconds
[2024-07-02T09:08:38.474+0000] {processor.py:161} INFO - Started process (PID=566) to work on /home/airflow/.local/lib/python3.8/site-packages/airflow/example_dags/example_external_task_marker_dag.py
[2024-07-02T09:08:38.475+0000] {processor.py:830} INFO - Processing file /home/airflow/.local/lib/python3.8/site-packages/airflow/example_dags/example_external_task_marker_dag.py for tasks to queue
[2024-07-02T09:08:38.477+0000] {logging_mixin.py:188} INFO - [2024-07-02T09:08:38.477+0000] {dagbag.py:538} INFO - Filling up the DagBag from /home/airflow/.local/lib/python3.8/site-packages/airflow/example_dags/example_external_task_marker_dag.py
[2024-07-02T09:08:38.482+0000] {processor.py:840} INFO - DAG(s) 'example_external_task_marker_child', 'example_external_task_marker_parent' retrieved from /home/airflow/.local/lib/python3.8/site-packages/airflow/example_dags/example_external_task_marker_dag.py
[2024-07-02T09:08:38.506+0000] {logging_mixin.py:188} INFO - [2024-07-02T09:08:38.506+0000] {dag.py:3033} INFO - Sync 2 DAGs
[2024-07-02T09:08:38.521+0000] {logging_mixin.py:188} INFO - [2024-07-02T09:08:38.520+0000] {dag.py:3820} INFO - Setting next_dagrun for example_external_task_marker_child to None, run_after=None
[2024-07-02T09:08:38.525+0000] {logging_mixin.py:188} INFO - [2024-07-02T09:08:38.524+0000] {dag.py:3820} INFO - Setting next_dagrun for example_external_task_marker_parent to None, run_after=None
[2024-07-02T09:08:38.542+0000] {processor.py:183} INFO - Processing /home/airflow/.local/lib/python3.8/site-packages/airflow/example_dags/example_external_task_marker_dag.py took 0.071 seconds
[2024-07-02T09:09:09.045+0000] {processor.py:161} INFO - Started process (PID=621) to work on /home/airflow/.local/lib/python3.8/site-packages/airflow/example_dags/example_external_task_marker_dag.py
[2024-07-02T09:09:09.046+0000] {processor.py:830} INFO - Processing file /home/airflow/.local/lib/python3.8/site-packages/airflow/example_dags/example_external_task_marker_dag.py for tasks to queue
[2024-07-02T09:09:09.048+0000] {logging_mixin.py:188} INFO - [2024-07-02T09:09:09.048+0000] {dagbag.py:538} INFO - Filling up the DagBag from /home/airflow/.local/lib/python3.8/site-packages/airflow/example_dags/example_external_task_marker_dag.py
[2024-07-02T09:09:09.054+0000] {processor.py:840} INFO - DAG(s) 'example_external_task_marker_child', 'example_external_task_marker_parent' retrieved from /home/airflow/.local/lib/python3.8/site-packages/airflow/example_dags/example_external_task_marker_dag.py
[2024-07-02T09:09:09.077+0000] {logging_mixin.py:188} INFO - [2024-07-02T09:09:09.076+0000] {dag.py:3033} INFO - Sync 2 DAGs
[2024-07-02T09:09:09.089+0000] {logging_mixin.py:188} INFO - [2024-07-02T09:09:09.088+0000] {dag.py:3820} INFO - Setting next_dagrun for example_external_task_marker_child to None, run_after=None
[2024-07-02T09:09:09.092+0000] {logging_mixin.py:188} INFO - [2024-07-02T09:09:09.092+0000] {dag.py:3820} INFO - Setting next_dagrun for example_external_task_marker_parent to None, run_after=None
[2024-07-02T09:09:09.105+0000] {processor.py:183} INFO - Processing /home/airflow/.local/lib/python3.8/site-packages/airflow/example_dags/example_external_task_marker_dag.py took 0.062 seconds
[2024-07-02T09:09:39.976+0000] {processor.py:161} INFO - Started process (PID=676) to work on /home/airflow/.local/lib/python3.8/site-packages/airflow/example_dags/example_external_task_marker_dag.py
[2024-07-02T09:09:39.977+0000] {processor.py:830} INFO - Processing file /home/airflow/.local/lib/python3.8/site-packages/airflow/example_dags/example_external_task_marker_dag.py for tasks to queue
[2024-07-02T09:09:39.979+0000] {logging_mixin.py:188} INFO - [2024-07-02T09:09:39.979+0000] {dagbag.py:538} INFO - Filling up the DagBag from /home/airflow/.local/lib/python3.8/site-packages/airflow/example_dags/example_external_task_marker_dag.py
[2024-07-02T09:09:39.984+0000] {processor.py:840} INFO - DAG(s) 'example_external_task_marker_child', 'example_external_task_marker_parent' retrieved from /home/airflow/.local/lib/python3.8/site-packages/airflow/example_dags/example_external_task_marker_dag.py
[2024-07-02T09:09:40.005+0000] {logging_mixin.py:188} INFO - [2024-07-02T09:09:40.005+0000] {dag.py:3033} INFO - Sync 2 DAGs
[2024-07-02T09:09:40.016+0000] {logging_mixin.py:188} INFO - [2024-07-02T09:09:40.016+0000] {dag.py:3820} INFO - Setting next_dagrun for example_external_task_marker_child to None, run_after=None
[2024-07-02T09:09:40.019+0000] {logging_mixin.py:188} INFO - [2024-07-02T09:09:40.019+0000] {dag.py:3820} INFO - Setting next_dagrun for example_external_task_marker_parent to None, run_after=None
[2024-07-02T09:09:40.033+0000] {processor.py:183} INFO - Processing /home/airflow/.local/lib/python3.8/site-packages/airflow/example_dags/example_external_task_marker_dag.py took 0.059 seconds
[2024-07-02T09:10:10.976+0000] {processor.py:161} INFO - Started process (PID=731) to work on /home/airflow/.local/lib/python3.8/site-packages/airflow/example_dags/example_external_task_marker_dag.py
[2024-07-02T09:10:10.977+0000] {processor.py:830} INFO - Processing file /home/airflow/.local/lib/python3.8/site-packages/airflow/example_dags/example_external_task_marker_dag.py for tasks to queue
[2024-07-02T09:10:10.979+0000] {logging_mixin.py:188} INFO - [2024-07-02T09:10:10.979+0000] {dagbag.py:538} INFO - Filling up the DagBag from /home/airflow/.local/lib/python3.8/site-packages/airflow/example_dags/example_external_task_marker_dag.py
[2024-07-02T09:10:10.986+0000] {processor.py:840} INFO - DAG(s) 'example_external_task_marker_child', 'example_external_task_marker_parent' retrieved from /home/airflow/.local/lib/python3.8/site-packages/airflow/example_dags/example_external_task_marker_dag.py
[2024-07-02T09:10:11.011+0000] {logging_mixin.py:188} INFO - [2024-07-02T09:10:11.011+0000] {dag.py:3033} INFO - Sync 2 DAGs
[2024-07-02T09:10:11.028+0000] {logging_mixin.py:188} INFO - [2024-07-02T09:10:11.028+0000] {dag.py:3820} INFO - Setting next_dagrun for example_external_task_marker_child to None, run_after=None
[2024-07-02T09:10:11.034+0000] {logging_mixin.py:188} INFO - [2024-07-02T09:10:11.034+0000] {dag.py:3820} INFO - Setting next_dagrun for example_external_task_marker_parent to None, run_after=None
[2024-07-02T09:10:11.059+0000] {processor.py:183} INFO - Processing /home/airflow/.local/lib/python3.8/site-packages/airflow/example_dags/example_external_task_marker_dag.py took 0.087 seconds
[2024-07-02T09:10:41.581+0000] {processor.py:161} INFO - Started process (PID=786) to work on /home/airflow/.local/lib/python3.8/site-packages/airflow/example_dags/example_external_task_marker_dag.py
[2024-07-02T09:10:41.581+0000] {processor.py:830} INFO - Processing file /home/airflow/.local/lib/python3.8/site-packages/airflow/example_dags/example_external_task_marker_dag.py for tasks to queue
[2024-07-02T09:10:41.583+0000] {logging_mixin.py:188} INFO - [2024-07-02T09:10:41.583+0000] {dagbag.py:538} INFO - Filling up the DagBag from /home/airflow/.local/lib/python3.8/site-packages/airflow/example_dags/example_external_task_marker_dag.py
[2024-07-02T09:10:41.588+0000] {processor.py:840} INFO - DAG(s) 'example_external_task_marker_child', 'example_external_task_marker_parent' retrieved from /home/airflow/.local/lib/python3.8/site-packages/airflow/example_dags/example_external_task_marker_dag.py
[2024-07-02T09:10:41.608+0000] {logging_mixin.py:188} INFO - [2024-07-02T09:10:41.608+0000] {dag.py:3033} INFO - Sync 2 DAGs
[2024-07-02T09:10:41.619+0000] {logging_mixin.py:188} INFO - [2024-07-02T09:10:41.619+0000] {dag.py:3820} INFO - Setting next_dagrun for example_external_task_marker_child to None, run_after=None
[2024-07-02T09:10:41.623+0000] {logging_mixin.py:188} INFO - [2024-07-02T09:10:41.622+0000] {dag.py:3820} INFO - Setting next_dagrun for example_external_task_marker_parent to None, run_after=None
[2024-07-02T09:10:41.640+0000] {processor.py:183} INFO - Processing /home/airflow/.local/lib/python3.8/site-packages/airflow/example_dags/example_external_task_marker_dag.py took 0.062 seconds
[2024-07-02T09:11:12.116+0000] {processor.py:161} INFO - Started process (PID=841) to work on /home/airflow/.local/lib/python3.8/site-packages/airflow/example_dags/example_external_task_marker_dag.py
[2024-07-02T09:11:12.117+0000] {processor.py:830} INFO - Processing file /home/airflow/.local/lib/python3.8/site-packages/airflow/example_dags/example_external_task_marker_dag.py for tasks to queue
[2024-07-02T09:11:12.119+0000] {logging_mixin.py:188} INFO - [2024-07-02T09:11:12.119+0000] {dagbag.py:538} INFO - Filling up the DagBag from /home/airflow/.local/lib/python3.8/site-packages/airflow/example_dags/example_external_task_marker_dag.py
[2024-07-02T09:11:12.124+0000] {processor.py:840} INFO - DAG(s) 'example_external_task_marker_child', 'example_external_task_marker_parent' retrieved from /home/airflow/.local/lib/python3.8/site-packages/airflow/example_dags/example_external_task_marker_dag.py
[2024-07-02T09:11:12.146+0000] {logging_mixin.py:188} INFO - [2024-07-02T09:11:12.146+0000] {dag.py:3033} INFO - Sync 2 DAGs
[2024-07-02T09:11:12.158+0000] {logging_mixin.py:188} INFO - [2024-07-02T09:11:12.157+0000] {dag.py:3820} INFO - Setting next_dagrun for example_external_task_marker_child to None, run_after=None
[2024-07-02T09:11:12.162+0000] {logging_mixin.py:188} INFO - [2024-07-02T09:11:12.162+0000] {dag.py:3820} INFO - Setting next_dagrun for example_external_task_marker_parent to None, run_after=None
[2024-07-02T09:11:12.181+0000] {processor.py:183} INFO - Processing /home/airflow/.local/lib/python3.8/site-packages/airflow/example_dags/example_external_task_marker_dag.py took 0.067 seconds
[2024-07-02T09:11:43.740+0000] {processor.py:161} INFO - Started process (PID=896) to work on /home/airflow/.local/lib/python3.8/site-packages/airflow/example_dags/example_external_task_marker_dag.py
[2024-07-02T09:11:43.742+0000] {processor.py:830} INFO - Processing file /home/airflow/.local/lib/python3.8/site-packages/airflow/example_dags/example_external_task_marker_dag.py for tasks to queue
[2024-07-02T09:11:43.747+0000] {logging_mixin.py:188} INFO - [2024-07-02T09:11:43.746+0000] {dagbag.py:538} INFO - Filling up the DagBag from /home/airflow/.local/lib/python3.8/site-packages/airflow/example_dags/example_external_task_marker_dag.py
[2024-07-02T09:11:43.762+0000] {processor.py:840} INFO - DAG(s) 'example_external_task_marker_child', 'example_external_task_marker_parent' retrieved from /home/airflow/.local/lib/python3.8/site-packages/airflow/example_dags/example_external_task_marker_dag.py
[2024-07-02T09:11:43.819+0000] {logging_mixin.py:188} INFO - [2024-07-02T09:11:43.818+0000] {dag.py:3033} INFO - Sync 2 DAGs
[2024-07-02T09:11:43.850+0000] {logging_mixin.py:188} INFO - [2024-07-02T09:11:43.850+0000] {dag.py:3820} INFO - Setting next_dagrun for example_external_task_marker_child to None, run_after=None
[2024-07-02T09:11:43.860+0000] {logging_mixin.py:188} INFO - [2024-07-02T09:11:43.859+0000] {dag.py:3820} INFO - Setting next_dagrun for example_external_task_marker_parent to None, run_after=None
[2024-07-02T09:11:43.902+0000] {processor.py:183} INFO - Processing /home/airflow/.local/lib/python3.8/site-packages/airflow/example_dags/example_external_task_marker_dag.py took 0.168 seconds
[2024-07-02T09:12:14.137+0000] {processor.py:161} INFO - Started process (PID=951) to work on /home/airflow/.local/lib/python3.8/site-packages/airflow/example_dags/example_external_task_marker_dag.py
[2024-07-02T09:12:14.138+0000] {processor.py:830} INFO - Processing file /home/airflow/.local/lib/python3.8/site-packages/airflow/example_dags/example_external_task_marker_dag.py for tasks to queue
[2024-07-02T09:12:14.140+0000] {logging_mixin.py:188} INFO - [2024-07-02T09:12:14.140+0000] {dagbag.py:538} INFO - Filling up the DagBag from /home/airflow/.local/lib/python3.8/site-packages/airflow/example_dags/example_external_task_marker_dag.py
[2024-07-02T09:12:14.146+0000] {processor.py:840} INFO - DAG(s) 'example_external_task_marker_child', 'example_external_task_marker_parent' retrieved from /home/airflow/.local/lib/python3.8/site-packages/airflow/example_dags/example_external_task_marker_dag.py
[2024-07-02T09:12:14.175+0000] {logging_mixin.py:188} INFO - [2024-07-02T09:12:14.175+0000] {dag.py:3033} INFO - Sync 2 DAGs
[2024-07-02T09:12:14.189+0000] {logging_mixin.py:188} INFO - [2024-07-02T09:12:14.188+0000] {dag.py:3820} INFO - Setting next_dagrun for example_external_task_marker_child to None, run_after=None
[2024-07-02T09:12:14.193+0000] {logging_mixin.py:188} INFO - [2024-07-02T09:12:14.193+0000] {dag.py:3820} INFO - Setting next_dagrun for example_external_task_marker_parent to None, run_after=None
[2024-07-02T09:12:14.210+0000] {processor.py:183} INFO - Processing /home/airflow/.local/lib/python3.8/site-packages/airflow/example_dags/example_external_task_marker_dag.py took 0.076 seconds
[2024-07-02T09:12:44.477+0000] {processor.py:161} INFO - Started process (PID=1006) to work on /home/airflow/.local/lib/python3.8/site-packages/airflow/example_dags/example_external_task_marker_dag.py
[2024-07-02T09:12:44.477+0000] {processor.py:830} INFO - Processing file /home/airflow/.local/lib/python3.8/site-packages/airflow/example_dags/example_external_task_marker_dag.py for tasks to queue
[2024-07-02T09:12:44.480+0000] {logging_mixin.py:188} INFO - [2024-07-02T09:12:44.479+0000] {dagbag.py:538} INFO - Filling up the DagBag from /home/airflow/.local/lib/python3.8/site-packages/airflow/example_dags/example_external_task_marker_dag.py
[2024-07-02T09:12:44.485+0000] {processor.py:840} INFO - DAG(s) 'example_external_task_marker_child', 'example_external_task_marker_parent' retrieved from /home/airflow/.local/lib/python3.8/site-packages/airflow/example_dags/example_external_task_marker_dag.py
[2024-07-02T09:12:44.507+0000] {logging_mixin.py:188} INFO - [2024-07-02T09:12:44.507+0000] {dag.py:3033} INFO - Sync 2 DAGs
[2024-07-02T09:12:44.518+0000] {logging_mixin.py:188} INFO - [2024-07-02T09:12:44.518+0000] {dag.py:3820} INFO - Setting next_dagrun for example_external_task_marker_child to None, run_after=None
[2024-07-02T09:12:44.521+0000] {logging_mixin.py:188} INFO - [2024-07-02T09:12:44.521+0000] {dag.py:3820} INFO - Setting next_dagrun for example_external_task_marker_parent to None, run_after=None
[2024-07-02T09:12:44.538+0000] {processor.py:183} INFO - Processing /home/airflow/.local/lib/python3.8/site-packages/airflow/example_dags/example_external_task_marker_dag.py took 0.064 seconds
[2024-07-02T09:13:15.023+0000] {processor.py:161} INFO - Started process (PID=1061) to work on /home/airflow/.local/lib/python3.8/site-packages/airflow/example_dags/example_external_task_marker_dag.py
[2024-07-02T09:13:15.024+0000] {processor.py:830} INFO - Processing file /home/airflow/.local/lib/python3.8/site-packages/airflow/example_dags/example_external_task_marker_dag.py for tasks to queue
[2024-07-02T09:13:15.026+0000] {logging_mixin.py:188} INFO - [2024-07-02T09:13:15.026+0000] {dagbag.py:538} INFO - Filling up the DagBag from /home/airflow/.local/lib/python3.8/site-packages/airflow/example_dags/example_external_task_marker_dag.py
[2024-07-02T09:13:15.032+0000] {processor.py:840} INFO - DAG(s) 'example_external_task_marker_parent', 'example_external_task_marker_child' retrieved from /home/airflow/.local/lib/python3.8/site-packages/airflow/example_dags/example_external_task_marker_dag.py
[2024-07-02T09:13:15.056+0000] {logging_mixin.py:188} INFO - [2024-07-02T09:13:15.056+0000] {dag.py:3033} INFO - Sync 2 DAGs
[2024-07-02T09:13:15.071+0000] {logging_mixin.py:188} INFO - [2024-07-02T09:13:15.071+0000] {dag.py:3820} INFO - Setting next_dagrun for example_external_task_marker_child to None, run_after=None
[2024-07-02T09:13:15.075+0000] {logging_mixin.py:188} INFO - [2024-07-02T09:13:15.075+0000] {dag.py:3820} INFO - Setting next_dagrun for example_external_task_marker_parent to None, run_after=None
[2024-07-02T09:13:15.097+0000] {processor.py:183} INFO - Processing /home/airflow/.local/lib/python3.8/site-packages/airflow/example_dags/example_external_task_marker_dag.py took 0.077 seconds
[2024-07-02T09:13:45.482+0000] {processor.py:161} INFO - Started process (PID=1116) to work on /home/airflow/.local/lib/python3.8/site-packages/airflow/example_dags/example_external_task_marker_dag.py
[2024-07-02T09:13:45.483+0000] {processor.py:830} INFO - Processing file /home/airflow/.local/lib/python3.8/site-packages/airflow/example_dags/example_external_task_marker_dag.py for tasks to queue
[2024-07-02T09:13:45.484+0000] {logging_mixin.py:188} INFO - [2024-07-02T09:13:45.484+0000] {dagbag.py:538} INFO - Filling up the DagBag from /home/airflow/.local/lib/python3.8/site-packages/airflow/example_dags/example_external_task_marker_dag.py
[2024-07-02T09:13:45.489+0000] {processor.py:840} INFO - DAG(s) 'example_external_task_marker_child', 'example_external_task_marker_parent' retrieved from /home/airflow/.local/lib/python3.8/site-packages/airflow/example_dags/example_external_task_marker_dag.py
[2024-07-02T09:13:45.509+0000] {logging_mixin.py:188} INFO - [2024-07-02T09:13:45.508+0000] {dag.py:3033} INFO - Sync 2 DAGs
[2024-07-02T09:13:45.519+0000] {logging_mixin.py:188} INFO - [2024-07-02T09:13:45.519+0000] {dag.py:3820} INFO - Setting next_dagrun for example_external_task_marker_child to None, run_after=None
[2024-07-02T09:13:45.523+0000] {logging_mixin.py:188} INFO - [2024-07-02T09:13:45.523+0000] {dag.py:3820} INFO - Setting next_dagrun for example_external_task_marker_parent to None, run_after=None
[2024-07-02T09:13:45.543+0000] {processor.py:183} INFO - Processing /home/airflow/.local/lib/python3.8/site-packages/airflow/example_dags/example_external_task_marker_dag.py took 0.063 seconds
[2024-07-02T09:14:15.950+0000] {processor.py:161} INFO - Started process (PID=1171) to work on /home/airflow/.local/lib/python3.8/site-packages/airflow/example_dags/example_external_task_marker_dag.py
[2024-07-02T09:14:15.950+0000] {processor.py:830} INFO - Processing file /home/airflow/.local/lib/python3.8/site-packages/airflow/example_dags/example_external_task_marker_dag.py for tasks to queue
[2024-07-02T09:14:15.952+0000] {logging_mixin.py:188} INFO - [2024-07-02T09:14:15.952+0000] {dagbag.py:538} INFO - Filling up the DagBag from /home/airflow/.local/lib/python3.8/site-packages/airflow/example_dags/example_external_task_marker_dag.py
[2024-07-02T09:14:15.957+0000] {processor.py:840} INFO - DAG(s) 'example_external_task_marker_parent', 'example_external_task_marker_child' retrieved from /home/airflow/.local/lib/python3.8/site-packages/airflow/example_dags/example_external_task_marker_dag.py
[2024-07-02T09:14:15.981+0000] {logging_mixin.py:188} INFO - [2024-07-02T09:14:15.981+0000] {dag.py:3033} INFO - Sync 2 DAGs
[2024-07-02T09:14:15.992+0000] {logging_mixin.py:188} INFO - [2024-07-02T09:14:15.992+0000] {dag.py:3820} INFO - Setting next_dagrun for example_external_task_marker_child to None, run_after=None
[2024-07-02T09:14:15.995+0000] {logging_mixin.py:188} INFO - [2024-07-02T09:14:15.995+0000] {dag.py:3820} INFO - Setting next_dagrun for example_external_task_marker_parent to None, run_after=None
[2024-07-02T09:14:16.009+0000] {processor.py:183} INFO - Processing /home/airflow/.local/lib/python3.8/site-packages/airflow/example_dags/example_external_task_marker_dag.py took 0.062 seconds
[2024-07-02T09:14:47.424+0000] {processor.py:161} INFO - Started process (PID=1226) to work on /home/airflow/.local/lib/python3.8/site-packages/airflow/example_dags/example_external_task_marker_dag.py
[2024-07-02T09:14:47.425+0000] {processor.py:830} INFO - Processing file /home/airflow/.local/lib/python3.8/site-packages/airflow/example_dags/example_external_task_marker_dag.py for tasks to queue
[2024-07-02T09:14:47.427+0000] {logging_mixin.py:188} INFO - [2024-07-02T09:14:47.426+0000] {dagbag.py:538} INFO - Filling up the DagBag from /home/airflow/.local/lib/python3.8/site-packages/airflow/example_dags/example_external_task_marker_dag.py
[2024-07-02T09:14:47.432+0000] {processor.py:840} INFO - DAG(s) 'example_external_task_marker_parent', 'example_external_task_marker_child' retrieved from /home/airflow/.local/lib/python3.8/site-packages/airflow/example_dags/example_external_task_marker_dag.py
[2024-07-02T09:14:47.456+0000] {logging_mixin.py:188} INFO - [2024-07-02T09:14:47.456+0000] {dag.py:3033} INFO - Sync 2 DAGs
[2024-07-02T09:14:47.470+0000] {logging_mixin.py:188} INFO - [2024-07-02T09:14:47.470+0000] {dag.py:3820} INFO - Setting next_dagrun for example_external_task_marker_child to None, run_after=None
[2024-07-02T09:14:47.474+0000] {logging_mixin.py:188} INFO - [2024-07-02T09:14:47.474+0000] {dag.py:3820} INFO - Setting next_dagrun for example_external_task_marker_parent to None, run_after=None
[2024-07-02T09:14:47.493+0000] {processor.py:183} INFO - Processing /home/airflow/.local/lib/python3.8/site-packages/airflow/example_dags/example_external_task_marker_dag.py took 0.072 seconds
[2024-07-02T09:15:17.858+0000] {processor.py:161} INFO - Started process (PID=1281) to work on /home/airflow/.local/lib/python3.8/site-packages/airflow/example_dags/example_external_task_marker_dag.py
[2024-07-02T09:15:17.861+0000] {processor.py:830} INFO - Processing file /home/airflow/.local/lib/python3.8/site-packages/airflow/example_dags/example_external_task_marker_dag.py for tasks to queue
[2024-07-02T09:15:17.863+0000] {logging_mixin.py:188} INFO - [2024-07-02T09:15:17.863+0000] {dagbag.py:538} INFO - Filling up the DagBag from /home/airflow/.local/lib/python3.8/site-packages/airflow/example_dags/example_external_task_marker_dag.py
[2024-07-02T09:15:17.868+0000] {processor.py:840} INFO - DAG(s) 'example_external_task_marker_parent', 'example_external_task_marker_child' retrieved from /home/airflow/.local/lib/python3.8/site-packages/airflow/example_dags/example_external_task_marker_dag.py
[2024-07-02T09:15:17.893+0000] {logging_mixin.py:188} INFO - [2024-07-02T09:15:17.892+0000] {dag.py:3033} INFO - Sync 2 DAGs
[2024-07-02T09:15:17.905+0000] {logging_mixin.py:188} INFO - [2024-07-02T09:15:17.905+0000] {dag.py:3820} INFO - Setting next_dagrun for example_external_task_marker_child to None, run_after=None
[2024-07-02T09:15:17.909+0000] {logging_mixin.py:188} INFO - [2024-07-02T09:15:17.909+0000] {dag.py:3820} INFO - Setting next_dagrun for example_external_task_marker_parent to None, run_after=None
[2024-07-02T09:15:17.924+0000] {processor.py:183} INFO - Processing /home/airflow/.local/lib/python3.8/site-packages/airflow/example_dags/example_external_task_marker_dag.py took 0.069 seconds
[2024-07-02T09:15:48.311+0000] {processor.py:161} INFO - Started process (PID=1336) to work on /home/airflow/.local/lib/python3.8/site-packages/airflow/example_dags/example_external_task_marker_dag.py
[2024-07-02T09:15:48.312+0000] {processor.py:830} INFO - Processing file /home/airflow/.local/lib/python3.8/site-packages/airflow/example_dags/example_external_task_marker_dag.py for tasks to queue
[2024-07-02T09:15:48.314+0000] {logging_mixin.py:188} INFO - [2024-07-02T09:15:48.314+0000] {dagbag.py:538} INFO - Filling up the DagBag from /home/airflow/.local/lib/python3.8/site-packages/airflow/example_dags/example_external_task_marker_dag.py
[2024-07-02T09:15:48.320+0000] {processor.py:840} INFO - DAG(s) 'example_external_task_marker_child', 'example_external_task_marker_parent' retrieved from /home/airflow/.local/lib/python3.8/site-packages/airflow/example_dags/example_external_task_marker_dag.py
[2024-07-02T09:15:48.353+0000] {logging_mixin.py:188} INFO - [2024-07-02T09:15:48.352+0000] {dag.py:3033} INFO - Sync 2 DAGs
[2024-07-02T09:15:48.370+0000] {logging_mixin.py:188} INFO - [2024-07-02T09:15:48.369+0000] {dag.py:3820} INFO - Setting next_dagrun for example_external_task_marker_child to None, run_after=None
[2024-07-02T09:15:48.373+0000] {logging_mixin.py:188} INFO - [2024-07-02T09:15:48.373+0000] {dag.py:3820} INFO - Setting next_dagrun for example_external_task_marker_parent to None, run_after=None
[2024-07-02T09:15:48.391+0000] {processor.py:183} INFO - Processing /home/airflow/.local/lib/python3.8/site-packages/airflow/example_dags/example_external_task_marker_dag.py took 0.083 seconds
[2024-07-02T09:16:19.042+0000] {processor.py:161} INFO - Started process (PID=1390) to work on /home/airflow/.local/lib/python3.8/site-packages/airflow/example_dags/example_external_task_marker_dag.py
[2024-07-02T09:16:19.043+0000] {processor.py:830} INFO - Processing file /home/airflow/.local/lib/python3.8/site-packages/airflow/example_dags/example_external_task_marker_dag.py for tasks to queue
[2024-07-02T09:16:19.047+0000] {logging_mixin.py:188} INFO - [2024-07-02T09:16:19.046+0000] {dagbag.py:538} INFO - Filling up the DagBag from /home/airflow/.local/lib/python3.8/site-packages/airflow/example_dags/example_external_task_marker_dag.py
[2024-07-02T09:16:19.055+0000] {processor.py:840} INFO - DAG(s) 'example_external_task_marker_parent', 'example_external_task_marker_child' retrieved from /home/airflow/.local/lib/python3.8/site-packages/airflow/example_dags/example_external_task_marker_dag.py
[2024-07-02T09:16:19.090+0000] {logging_mixin.py:188} INFO - [2024-07-02T09:16:19.090+0000] {dag.py:3033} INFO - Sync 2 DAGs
[2024-07-02T09:16:19.110+0000] {logging_mixin.py:188} INFO - [2024-07-02T09:16:19.110+0000] {dag.py:3820} INFO - Setting next_dagrun for example_external_task_marker_child to None, run_after=None
[2024-07-02T09:16:19.116+0000] {logging_mixin.py:188} INFO - [2024-07-02T09:16:19.116+0000] {dag.py:3820} INFO - Setting next_dagrun for example_external_task_marker_parent to None, run_after=None
[2024-07-02T09:16:19.140+0000] {processor.py:183} INFO - Processing /home/airflow/.local/lib/python3.8/site-packages/airflow/example_dags/example_external_task_marker_dag.py took 0.102 seconds
[2024-07-02T09:16:49.553+0000] {processor.py:161} INFO - Started process (PID=1445) to work on /home/airflow/.local/lib/python3.8/site-packages/airflow/example_dags/example_external_task_marker_dag.py
[2024-07-02T09:16:49.556+0000] {processor.py:830} INFO - Processing file /home/airflow/.local/lib/python3.8/site-packages/airflow/example_dags/example_external_task_marker_dag.py for tasks to queue
[2024-07-02T09:16:49.558+0000] {logging_mixin.py:188} INFO - [2024-07-02T09:16:49.558+0000] {dagbag.py:538} INFO - Filling up the DagBag from /home/airflow/.local/lib/python3.8/site-packages/airflow/example_dags/example_external_task_marker_dag.py
[2024-07-02T09:16:49.567+0000] {processor.py:840} INFO - DAG(s) 'example_external_task_marker_parent', 'example_external_task_marker_child' retrieved from /home/airflow/.local/lib/python3.8/site-packages/airflow/example_dags/example_external_task_marker_dag.py
[2024-07-02T09:16:49.601+0000] {logging_mixin.py:188} INFO - [2024-07-02T09:16:49.600+0000] {dag.py:3033} INFO - Sync 2 DAGs
[2024-07-02T09:16:49.619+0000] {logging_mixin.py:188} INFO - [2024-07-02T09:16:49.619+0000] {dag.py:3820} INFO - Setting next_dagrun for example_external_task_marker_child to None, run_after=None
[2024-07-02T09:16:49.624+0000] {logging_mixin.py:188} INFO - [2024-07-02T09:16:49.623+0000] {dag.py:3820} INFO - Setting next_dagrun for example_external_task_marker_parent to None, run_after=None
[2024-07-02T09:16:49.643+0000] {processor.py:183} INFO - Processing /home/airflow/.local/lib/python3.8/site-packages/airflow/example_dags/example_external_task_marker_dag.py took 0.093 seconds
[2024-07-02T09:17:20.142+0000] {processor.py:161} INFO - Started process (PID=1500) to work on /home/airflow/.local/lib/python3.8/site-packages/airflow/example_dags/example_external_task_marker_dag.py
[2024-07-02T09:17:20.142+0000] {processor.py:830} INFO - Processing file /home/airflow/.local/lib/python3.8/site-packages/airflow/example_dags/example_external_task_marker_dag.py for tasks to queue
[2024-07-02T09:17:20.144+0000] {logging_mixin.py:188} INFO - [2024-07-02T09:17:20.144+0000] {dagbag.py:538} INFO - Filling up the DagBag from /home/airflow/.local/lib/python3.8/site-packages/airflow/example_dags/example_external_task_marker_dag.py
[2024-07-02T09:17:20.149+0000] {processor.py:840} INFO - DAG(s) 'example_external_task_marker_parent', 'example_external_task_marker_child' retrieved from /home/airflow/.local/lib/python3.8/site-packages/airflow/example_dags/example_external_task_marker_dag.py
[2024-07-02T09:17:20.175+0000] {logging_mixin.py:188} INFO - [2024-07-02T09:17:20.175+0000] {dag.py:3033} INFO - Sync 2 DAGs
[2024-07-02T09:17:20.188+0000] {logging_mixin.py:188} INFO - [2024-07-02T09:17:20.188+0000] {dag.py:3820} INFO - Setting next_dagrun for example_external_task_marker_child to None, run_after=None
[2024-07-02T09:17:20.192+0000] {logging_mixin.py:188} INFO - [2024-07-02T09:17:20.192+0000] {dag.py:3820} INFO - Setting next_dagrun for example_external_task_marker_parent to None, run_after=None
[2024-07-02T09:17:20.207+0000] {processor.py:183} INFO - Processing /home/airflow/.local/lib/python3.8/site-packages/airflow/example_dags/example_external_task_marker_dag.py took 0.068 seconds
[2024-07-02T09:17:50.459+0000] {processor.py:161} INFO - Started process (PID=1556) to work on /home/airflow/.local/lib/python3.8/site-packages/airflow/example_dags/example_external_task_marker_dag.py
[2024-07-02T09:17:50.460+0000] {processor.py:830} INFO - Processing file /home/airflow/.local/lib/python3.8/site-packages/airflow/example_dags/example_external_task_marker_dag.py for tasks to queue
[2024-07-02T09:17:50.461+0000] {logging_mixin.py:188} INFO - [2024-07-02T09:17:50.461+0000] {dagbag.py:538} INFO - Filling up the DagBag from /home/airflow/.local/lib/python3.8/site-packages/airflow/example_dags/example_external_task_marker_dag.py
[2024-07-02T09:17:50.466+0000] {processor.py:840} INFO - DAG(s) 'example_external_task_marker_child', 'example_external_task_marker_parent' retrieved from /home/airflow/.local/lib/python3.8/site-packages/airflow/example_dags/example_external_task_marker_dag.py
[2024-07-02T09:17:50.489+0000] {logging_mixin.py:188} INFO - [2024-07-02T09:17:50.489+0000] {dag.py:3033} INFO - Sync 2 DAGs
[2024-07-02T09:17:50.502+0000] {logging_mixin.py:188} INFO - [2024-07-02T09:17:50.502+0000] {dag.py:3820} INFO - Setting next_dagrun for example_external_task_marker_child to None, run_after=None
[2024-07-02T09:17:50.506+0000] {logging_mixin.py:188} INFO - [2024-07-02T09:17:50.506+0000] {dag.py:3820} INFO - Setting next_dagrun for example_external_task_marker_parent to None, run_after=None
[2024-07-02T09:17:50.521+0000] {processor.py:183} INFO - Processing /home/airflow/.local/lib/python3.8/site-packages/airflow/example_dags/example_external_task_marker_dag.py took 0.064 seconds
[2024-07-02T09:18:21.058+0000] {processor.py:161} INFO - Started process (PID=1611) to work on /home/airflow/.local/lib/python3.8/site-packages/airflow/example_dags/example_external_task_marker_dag.py
[2024-07-02T09:18:21.061+0000] {processor.py:830} INFO - Processing file /home/airflow/.local/lib/python3.8/site-packages/airflow/example_dags/example_external_task_marker_dag.py for tasks to queue
[2024-07-02T09:18:21.063+0000] {logging_mixin.py:188} INFO - [2024-07-02T09:18:21.062+0000] {dagbag.py:538} INFO - Filling up the DagBag from /home/airflow/.local/lib/python3.8/site-packages/airflow/example_dags/example_external_task_marker_dag.py
[2024-07-02T09:18:21.069+0000] {processor.py:840} INFO - DAG(s) 'example_external_task_marker_parent', 'example_external_task_marker_child' retrieved from /home/airflow/.local/lib/python3.8/site-packages/airflow/example_dags/example_external_task_marker_dag.py
[2024-07-02T09:18:21.097+0000] {logging_mixin.py:188} INFO - [2024-07-02T09:18:21.097+0000] {dag.py:3033} INFO - Sync 2 DAGs
[2024-07-02T09:18:21.114+0000] {logging_mixin.py:188} INFO - [2024-07-02T09:18:21.113+0000] {dag.py:3820} INFO - Setting next_dagrun for example_external_task_marker_child to None, run_after=None
[2024-07-02T09:18:21.118+0000] {logging_mixin.py:188} INFO - [2024-07-02T09:18:21.118+0000] {dag.py:3820} INFO - Setting next_dagrun for example_external_task_marker_parent to None, run_after=None
[2024-07-02T09:18:21.136+0000] {processor.py:183} INFO - Processing /home/airflow/.local/lib/python3.8/site-packages/airflow/example_dags/example_external_task_marker_dag.py took 0.081 seconds
[2024-07-02T09:18:51.576+0000] {processor.py:161} INFO - Started process (PID=1666) to work on /home/airflow/.local/lib/python3.8/site-packages/airflow/example_dags/example_external_task_marker_dag.py
[2024-07-02T09:18:51.578+0000] {processor.py:830} INFO - Processing file /home/airflow/.local/lib/python3.8/site-packages/airflow/example_dags/example_external_task_marker_dag.py for tasks to queue
[2024-07-02T09:18:51.580+0000] {logging_mixin.py:188} INFO - [2024-07-02T09:18:51.580+0000] {dagbag.py:538} INFO - Filling up the DagBag from /home/airflow/.local/lib/python3.8/site-packages/airflow/example_dags/example_external_task_marker_dag.py
[2024-07-02T09:18:51.586+0000] {processor.py:840} INFO - DAG(s) 'example_external_task_marker_parent', 'example_external_task_marker_child' retrieved from /home/airflow/.local/lib/python3.8/site-packages/airflow/example_dags/example_external_task_marker_dag.py
[2024-07-02T09:18:51.610+0000] {logging_mixin.py:188} INFO - [2024-07-02T09:18:51.610+0000] {dag.py:3033} INFO - Sync 2 DAGs
[2024-07-02T09:18:51.624+0000] {logging_mixin.py:188} INFO - [2024-07-02T09:18:51.624+0000] {dag.py:3820} INFO - Setting next_dagrun for example_external_task_marker_child to None, run_after=None
[2024-07-02T09:18:51.627+0000] {logging_mixin.py:188} INFO - [2024-07-02T09:18:51.627+0000] {dag.py:3820} INFO - Setting next_dagrun for example_external_task_marker_parent to None, run_after=None
[2024-07-02T09:18:51.644+0000] {processor.py:183} INFO - Processing /home/airflow/.local/lib/python3.8/site-packages/airflow/example_dags/example_external_task_marker_dag.py took 0.071 seconds
[2024-07-02T09:19:21.959+0000] {processor.py:161} INFO - Started process (PID=1721) to work on /home/airflow/.local/lib/python3.8/site-packages/airflow/example_dags/example_external_task_marker_dag.py
[2024-07-02T09:19:21.959+0000] {processor.py:830} INFO - Processing file /home/airflow/.local/lib/python3.8/site-packages/airflow/example_dags/example_external_task_marker_dag.py for tasks to queue
[2024-07-02T09:19:21.961+0000] {logging_mixin.py:188} INFO - [2024-07-02T09:19:21.961+0000] {dagbag.py:538} INFO - Filling up the DagBag from /home/airflow/.local/lib/python3.8/site-packages/airflow/example_dags/example_external_task_marker_dag.py
[2024-07-02T09:19:21.967+0000] {processor.py:840} INFO - DAG(s) 'example_external_task_marker_child', 'example_external_task_marker_parent' retrieved from /home/airflow/.local/lib/python3.8/site-packages/airflow/example_dags/example_external_task_marker_dag.py
[2024-07-02T09:19:21.997+0000] {logging_mixin.py:188} INFO - [2024-07-02T09:19:21.997+0000] {dag.py:3033} INFO - Sync 2 DAGs
[2024-07-02T09:19:22.017+0000] {logging_mixin.py:188} INFO - [2024-07-02T09:19:22.017+0000] {dag.py:3820} INFO - Setting next_dagrun for example_external_task_marker_child to None, run_after=None
[2024-07-02T09:19:22.023+0000] {logging_mixin.py:188} INFO - [2024-07-02T09:19:22.023+0000] {dag.py:3820} INFO - Setting next_dagrun for example_external_task_marker_parent to None, run_after=None
[2024-07-02T09:19:22.045+0000] {processor.py:183} INFO - Processing /home/airflow/.local/lib/python3.8/site-packages/airflow/example_dags/example_external_task_marker_dag.py took 0.089 seconds
[2024-07-02T09:19:52.285+0000] {processor.py:161} INFO - Started process (PID=1775) to work on /home/airflow/.local/lib/python3.8/site-packages/airflow/example_dags/example_external_task_marker_dag.py
[2024-07-02T09:19:52.285+0000] {processor.py:830} INFO - Processing file /home/airflow/.local/lib/python3.8/site-packages/airflow/example_dags/example_external_task_marker_dag.py for tasks to queue
[2024-07-02T09:19:52.287+0000] {logging_mixin.py:188} INFO - [2024-07-02T09:19:52.287+0000] {dagbag.py:538} INFO - Filling up the DagBag from /home/airflow/.local/lib/python3.8/site-packages/airflow/example_dags/example_external_task_marker_dag.py
[2024-07-02T09:19:52.293+0000] {processor.py:840} INFO - DAG(s) 'example_external_task_marker_child', 'example_external_task_marker_parent' retrieved from /home/airflow/.local/lib/python3.8/site-packages/airflow/example_dags/example_external_task_marker_dag.py
[2024-07-02T09:19:52.318+0000] {logging_mixin.py:188} INFO - [2024-07-02T09:19:52.318+0000] {dag.py:3033} INFO - Sync 2 DAGs
[2024-07-02T09:19:52.331+0000] {logging_mixin.py:188} INFO - [2024-07-02T09:19:52.331+0000] {dag.py:3820} INFO - Setting next_dagrun for example_external_task_marker_child to None, run_after=None
[2024-07-02T09:19:52.336+0000] {logging_mixin.py:188} INFO - [2024-07-02T09:19:52.336+0000] {dag.py:3820} INFO - Setting next_dagrun for example_external_task_marker_parent to None, run_after=None
[2024-07-02T09:19:52.354+0000] {processor.py:183} INFO - Processing /home/airflow/.local/lib/python3.8/site-packages/airflow/example_dags/example_external_task_marker_dag.py took 0.072 seconds
[2024-07-02T09:20:22.886+0000] {processor.py:161} INFO - Started process (PID=1829) to work on /home/airflow/.local/lib/python3.8/site-packages/airflow/example_dags/example_external_task_marker_dag.py
[2024-07-02T09:20:22.887+0000] {processor.py:830} INFO - Processing file /home/airflow/.local/lib/python3.8/site-packages/airflow/example_dags/example_external_task_marker_dag.py for tasks to queue
[2024-07-02T09:20:22.889+0000] {logging_mixin.py:188} INFO - [2024-07-02T09:20:22.888+0000] {dagbag.py:538} INFO - Filling up the DagBag from /home/airflow/.local/lib/python3.8/site-packages/airflow/example_dags/example_external_task_marker_dag.py
[2024-07-02T09:20:22.894+0000] {processor.py:840} INFO - DAG(s) 'example_external_task_marker_child', 'example_external_task_marker_parent' retrieved from /home/airflow/.local/lib/python3.8/site-packages/airflow/example_dags/example_external_task_marker_dag.py
[2024-07-02T09:20:22.920+0000] {logging_mixin.py:188} INFO - [2024-07-02T09:20:22.920+0000] {dag.py:3033} INFO - Sync 2 DAGs
[2024-07-02T09:20:22.933+0000] {logging_mixin.py:188} INFO - [2024-07-02T09:20:22.933+0000] {dag.py:3820} INFO - Setting next_dagrun for example_external_task_marker_child to None, run_after=None
[2024-07-02T09:20:22.937+0000] {logging_mixin.py:188} INFO - [2024-07-02T09:20:22.937+0000] {dag.py:3820} INFO - Setting next_dagrun for example_external_task_marker_parent to None, run_after=None
[2024-07-02T09:20:22.952+0000] {processor.py:183} INFO - Processing /home/airflow/.local/lib/python3.8/site-packages/airflow/example_dags/example_external_task_marker_dag.py took 0.069 seconds
[2024-07-02T09:20:53.571+0000] {processor.py:161} INFO - Started process (PID=1884) to work on /home/airflow/.local/lib/python3.8/site-packages/airflow/example_dags/example_external_task_marker_dag.py
[2024-07-02T09:20:53.572+0000] {processor.py:830} INFO - Processing file /home/airflow/.local/lib/python3.8/site-packages/airflow/example_dags/example_external_task_marker_dag.py for tasks to queue
[2024-07-02T09:20:53.574+0000] {logging_mixin.py:188} INFO - [2024-07-02T09:20:53.573+0000] {dagbag.py:538} INFO - Filling up the DagBag from /home/airflow/.local/lib/python3.8/site-packages/airflow/example_dags/example_external_task_marker_dag.py
[2024-07-02T09:20:53.579+0000] {processor.py:840} INFO - DAG(s) 'example_external_task_marker_parent', 'example_external_task_marker_child' retrieved from /home/airflow/.local/lib/python3.8/site-packages/airflow/example_dags/example_external_task_marker_dag.py
[2024-07-02T09:20:53.601+0000] {logging_mixin.py:188} INFO - [2024-07-02T09:20:53.601+0000] {dag.py:3033} INFO - Sync 2 DAGs
[2024-07-02T09:20:53.613+0000] {logging_mixin.py:188} INFO - [2024-07-02T09:20:53.613+0000] {dag.py:3820} INFO - Setting next_dagrun for example_external_task_marker_child to None, run_after=None
[2024-07-02T09:20:53.616+0000] {logging_mixin.py:188} INFO - [2024-07-02T09:20:53.616+0000] {dag.py:3820} INFO - Setting next_dagrun for example_external_task_marker_parent to None, run_after=None
[2024-07-02T09:20:53.631+0000] {processor.py:183} INFO - Processing /home/airflow/.local/lib/python3.8/site-packages/airflow/example_dags/example_external_task_marker_dag.py took 0.062 seconds
[2024-07-02T09:21:23.694+0000] {processor.py:161} INFO - Started process (PID=1939) to work on /home/airflow/.local/lib/python3.8/site-packages/airflow/example_dags/example_external_task_marker_dag.py
[2024-07-02T09:21:23.697+0000] {processor.py:830} INFO - Processing file /home/airflow/.local/lib/python3.8/site-packages/airflow/example_dags/example_external_task_marker_dag.py for tasks to queue
[2024-07-02T09:21:23.699+0000] {logging_mixin.py:188} INFO - [2024-07-02T09:21:23.699+0000] {dagbag.py:538} INFO - Filling up the DagBag from /home/airflow/.local/lib/python3.8/site-packages/airflow/example_dags/example_external_task_marker_dag.py
[2024-07-02T09:21:23.705+0000] {processor.py:840} INFO - DAG(s) 'example_external_task_marker_parent', 'example_external_task_marker_child' retrieved from /home/airflow/.local/lib/python3.8/site-packages/airflow/example_dags/example_external_task_marker_dag.py
[2024-07-02T09:21:23.733+0000] {logging_mixin.py:188} INFO - [2024-07-02T09:21:23.733+0000] {dag.py:3033} INFO - Sync 2 DAGs
[2024-07-02T09:21:23.753+0000] {logging_mixin.py:188} INFO - [2024-07-02T09:21:23.752+0000] {dag.py:3820} INFO - Setting next_dagrun for example_external_task_marker_child to None, run_after=None
[2024-07-02T09:21:23.758+0000] {logging_mixin.py:188} INFO - [2024-07-02T09:21:23.758+0000] {dag.py:3820} INFO - Setting next_dagrun for example_external_task_marker_parent to None, run_after=None
[2024-07-02T09:21:23.776+0000] {processor.py:183} INFO - Processing /home/airflow/.local/lib/python3.8/site-packages/airflow/example_dags/example_external_task_marker_dag.py took 0.085 seconds
[2024-07-02T09:21:54.318+0000] {processor.py:161} INFO - Started process (PID=1993) to work on /home/airflow/.local/lib/python3.8/site-packages/airflow/example_dags/example_external_task_marker_dag.py
[2024-07-02T09:21:54.319+0000] {processor.py:830} INFO - Processing file /home/airflow/.local/lib/python3.8/site-packages/airflow/example_dags/example_external_task_marker_dag.py for tasks to queue
[2024-07-02T09:21:54.321+0000] {logging_mixin.py:188} INFO - [2024-07-02T09:21:54.321+0000] {dagbag.py:538} INFO - Filling up the DagBag from /home/airflow/.local/lib/python3.8/site-packages/airflow/example_dags/example_external_task_marker_dag.py
[2024-07-02T09:21:54.328+0000] {processor.py:840} INFO - DAG(s) 'example_external_task_marker_child', 'example_external_task_marker_parent' retrieved from /home/airflow/.local/lib/python3.8/site-packages/airflow/example_dags/example_external_task_marker_dag.py
[2024-07-02T09:21:54.358+0000] {logging_mixin.py:188} INFO - [2024-07-02T09:21:54.357+0000] {dag.py:3033} INFO - Sync 2 DAGs
[2024-07-02T09:21:54.374+0000] {logging_mixin.py:188} INFO - [2024-07-02T09:21:54.373+0000] {dag.py:3820} INFO - Setting next_dagrun for example_external_task_marker_child to None, run_after=None
[2024-07-02T09:21:54.379+0000] {logging_mixin.py:188} INFO - [2024-07-02T09:21:54.379+0000] {dag.py:3820} INFO - Setting next_dagrun for example_external_task_marker_parent to None, run_after=None
[2024-07-02T09:21:54.406+0000] {processor.py:183} INFO - Processing /home/airflow/.local/lib/python3.8/site-packages/airflow/example_dags/example_external_task_marker_dag.py took 0.092 seconds
[2024-07-02T09:22:24.462+0000] {processor.py:161} INFO - Started process (PID=2048) to work on /home/airflow/.local/lib/python3.8/site-packages/airflow/example_dags/example_external_task_marker_dag.py
[2024-07-02T09:22:24.462+0000] {processor.py:830} INFO - Processing file /home/airflow/.local/lib/python3.8/site-packages/airflow/example_dags/example_external_task_marker_dag.py for tasks to queue
[2024-07-02T09:22:24.464+0000] {logging_mixin.py:188} INFO - [2024-07-02T09:22:24.464+0000] {dagbag.py:538} INFO - Filling up the DagBag from /home/airflow/.local/lib/python3.8/site-packages/airflow/example_dags/example_external_task_marker_dag.py
[2024-07-02T09:22:24.469+0000] {processor.py:840} INFO - DAG(s) 'example_external_task_marker_child', 'example_external_task_marker_parent' retrieved from /home/airflow/.local/lib/python3.8/site-packages/airflow/example_dags/example_external_task_marker_dag.py
[2024-07-02T09:22:24.491+0000] {logging_mixin.py:188} INFO - [2024-07-02T09:22:24.491+0000] {dag.py:3033} INFO - Sync 2 DAGs
[2024-07-02T09:22:24.502+0000] {logging_mixin.py:188} INFO - [2024-07-02T09:22:24.502+0000] {dag.py:3820} INFO - Setting next_dagrun for example_external_task_marker_child to None, run_after=None
[2024-07-02T09:22:24.505+0000] {logging_mixin.py:188} INFO - [2024-07-02T09:22:24.505+0000] {dag.py:3820} INFO - Setting next_dagrun for example_external_task_marker_parent to None, run_after=None
[2024-07-02T09:22:24.520+0000] {processor.py:183} INFO - Processing /home/airflow/.local/lib/python3.8/site-packages/airflow/example_dags/example_external_task_marker_dag.py took 0.061 seconds
[2024-07-02T09:22:54.828+0000] {processor.py:161} INFO - Started process (PID=2103) to work on /home/airflow/.local/lib/python3.8/site-packages/airflow/example_dags/example_external_task_marker_dag.py
[2024-07-02T09:22:54.829+0000] {processor.py:830} INFO - Processing file /home/airflow/.local/lib/python3.8/site-packages/airflow/example_dags/example_external_task_marker_dag.py for tasks to queue
[2024-07-02T09:22:54.832+0000] {logging_mixin.py:188} INFO - [2024-07-02T09:22:54.832+0000] {dagbag.py:538} INFO - Filling up the DagBag from /home/airflow/.local/lib/python3.8/site-packages/airflow/example_dags/example_external_task_marker_dag.py
[2024-07-02T09:22:54.838+0000] {processor.py:840} INFO - DAG(s) 'example_external_task_marker_parent', 'example_external_task_marker_child' retrieved from /home/airflow/.local/lib/python3.8/site-packages/airflow/example_dags/example_external_task_marker_dag.py
[2024-07-02T09:22:54.862+0000] {logging_mixin.py:188} INFO - [2024-07-02T09:22:54.862+0000] {dag.py:3033} INFO - Sync 2 DAGs
[2024-07-02T09:22:54.876+0000] {logging_mixin.py:188} INFO - [2024-07-02T09:22:54.876+0000] {dag.py:3820} INFO - Setting next_dagrun for example_external_task_marker_child to None, run_after=None
[2024-07-02T09:22:54.879+0000] {logging_mixin.py:188} INFO - [2024-07-02T09:22:54.879+0000] {dag.py:3820} INFO - Setting next_dagrun for example_external_task_marker_parent to None, run_after=None
[2024-07-02T09:22:54.894+0000] {processor.py:183} INFO - Processing /home/airflow/.local/lib/python3.8/site-packages/airflow/example_dags/example_external_task_marker_dag.py took 0.069 seconds
[2024-07-02T09:23:25.241+0000] {processor.py:161} INFO - Started process (PID=2158) to work on /home/airflow/.local/lib/python3.8/site-packages/airflow/example_dags/example_external_task_marker_dag.py
[2024-07-02T09:23:25.242+0000] {processor.py:830} INFO - Processing file /home/airflow/.local/lib/python3.8/site-packages/airflow/example_dags/example_external_task_marker_dag.py for tasks to queue
[2024-07-02T09:23:25.244+0000] {logging_mixin.py:188} INFO - [2024-07-02T09:23:25.244+0000] {dagbag.py:538} INFO - Filling up the DagBag from /home/airflow/.local/lib/python3.8/site-packages/airflow/example_dags/example_external_task_marker_dag.py
[2024-07-02T09:23:25.252+0000] {processor.py:840} INFO - DAG(s) 'example_external_task_marker_parent', 'example_external_task_marker_child' retrieved from /home/airflow/.local/lib/python3.8/site-packages/airflow/example_dags/example_external_task_marker_dag.py
[2024-07-02T09:23:25.283+0000] {logging_mixin.py:188} INFO - [2024-07-02T09:23:25.283+0000] {dag.py:3033} INFO - Sync 2 DAGs
[2024-07-02T09:23:25.306+0000] {logging_mixin.py:188} INFO - [2024-07-02T09:23:25.306+0000] {dag.py:3820} INFO - Setting next_dagrun for example_external_task_marker_child to None, run_after=None
[2024-07-02T09:23:25.313+0000] {logging_mixin.py:188} INFO - [2024-07-02T09:23:25.313+0000] {dag.py:3820} INFO - Setting next_dagrun for example_external_task_marker_parent to None, run_after=None
[2024-07-02T09:23:25.341+0000] {processor.py:183} INFO - Processing /home/airflow/.local/lib/python3.8/site-packages/airflow/example_dags/example_external_task_marker_dag.py took 0.104 seconds
[2024-07-02T09:23:55.414+0000] {processor.py:161} INFO - Started process (PID=2213) to work on /home/airflow/.local/lib/python3.8/site-packages/airflow/example_dags/example_external_task_marker_dag.py
[2024-07-02T09:23:55.415+0000] {processor.py:830} INFO - Processing file /home/airflow/.local/lib/python3.8/site-packages/airflow/example_dags/example_external_task_marker_dag.py for tasks to queue
[2024-07-02T09:23:55.417+0000] {logging_mixin.py:188} INFO - [2024-07-02T09:23:55.417+0000] {dagbag.py:538} INFO - Filling up the DagBag from /home/airflow/.local/lib/python3.8/site-packages/airflow/example_dags/example_external_task_marker_dag.py
[2024-07-02T09:23:55.422+0000] {processor.py:840} INFO - DAG(s) 'example_external_task_marker_child', 'example_external_task_marker_parent' retrieved from /home/airflow/.local/lib/python3.8/site-packages/airflow/example_dags/example_external_task_marker_dag.py
[2024-07-02T09:23:55.443+0000] {logging_mixin.py:188} INFO - [2024-07-02T09:23:55.443+0000] {dag.py:3033} INFO - Sync 2 DAGs
[2024-07-02T09:23:55.455+0000] {logging_mixin.py:188} INFO - [2024-07-02T09:23:55.455+0000] {dag.py:3820} INFO - Setting next_dagrun for example_external_task_marker_child to None, run_after=None
[2024-07-02T09:23:55.459+0000] {logging_mixin.py:188} INFO - [2024-07-02T09:23:55.459+0000] {dag.py:3820} INFO - Setting next_dagrun for example_external_task_marker_parent to None, run_after=None
[2024-07-02T09:23:55.475+0000] {processor.py:183} INFO - Processing /home/airflow/.local/lib/python3.8/site-packages/airflow/example_dags/example_external_task_marker_dag.py took 0.064 seconds
