[2024-07-02T09:04:00.386+0000] {processor.py:161} INFO - Started process (PID=53) to work on /home/airflow/.local/lib/python3.8/site-packages/airflow/example_dags/example_branch_datetime_operator.py
[2024-07-02T09:04:00.399+0000] {processor.py:830} INFO - Processing file /home/airflow/.local/lib/python3.8/site-packages/airflow/example_dags/example_branch_datetime_operator.py for tasks to queue
[2024-07-02T09:04:00.404+0000] {logging_mixin.py:188} INFO - [2024-07-02T09:04:00.403+0000] {dagbag.py:538} INFO - Filling up the DagBag from /home/airflow/.local/lib/python3.8/site-packages/airflow/example_dags/example_branch_datetime_operator.py
[2024-07-02T09:04:00.431+0000] {processor.py:840} INFO - DAG(s) 'example_branch_datetime_operator_2', 'example_branch_datetime_operator', 'example_branch_datetime_operator_3' retrieved from /home/airflow/.local/lib/python3.8/site-packages/airflow/example_dags/example_branch_datetime_operator.py
[2024-07-02T09:04:00.615+0000] {logging_mixin.py:188} INFO - [2024-07-02T09:04:00.613+0000] {override.py:1769} INFO - Created Permission View: can edit on DAG:example_branch_datetime_operator_2
[2024-07-02T09:04:00.639+0000] {logging_mixin.py:188} INFO - [2024-07-02T09:04:00.638+0000] {override.py:1769} INFO - Created Permission View: can delete on DAG:example_branch_datetime_operator_2
[2024-07-02T09:04:00.654+0000] {logging_mixin.py:188} INFO - [2024-07-02T09:04:00.654+0000] {override.py:1769} INFO - Created Permission View: can read on DAG:example_branch_datetime_operator_2
[2024-07-02T09:04:00.687+0000] {logging_mixin.py:188} INFO - [2024-07-02T09:04:00.686+0000] {override.py:1769} INFO - Created Permission View: can edit on DAG:example_branch_datetime_operator
[2024-07-02T09:04:00.699+0000] {logging_mixin.py:188} INFO - [2024-07-02T09:04:00.698+0000] {override.py:1769} INFO - Created Permission View: can delete on DAG:example_branch_datetime_operator
[2024-07-02T09:04:00.719+0000] {logging_mixin.py:188} INFO - [2024-07-02T09:04:00.718+0000] {override.py:1769} INFO - Created Permission View: can read on DAG:example_branch_datetime_operator
[2024-07-02T09:04:00.749+0000] {logging_mixin.py:188} INFO - [2024-07-02T09:04:00.749+0000] {override.py:1769} INFO - Created Permission View: can edit on DAG:example_branch_datetime_operator_3
[2024-07-02T09:04:00.763+0000] {logging_mixin.py:188} INFO - [2024-07-02T09:04:00.763+0000] {override.py:1769} INFO - Created Permission View: can delete on DAG:example_branch_datetime_operator_3
[2024-07-02T09:04:00.778+0000] {logging_mixin.py:188} INFO - [2024-07-02T09:04:00.777+0000] {override.py:1769} INFO - Created Permission View: can read on DAG:example_branch_datetime_operator_3
[2024-07-02T09:04:00.779+0000] {logging_mixin.py:188} INFO - [2024-07-02T09:04:00.778+0000] {dag.py:3033} INFO - Sync 3 DAGs
[2024-07-02T09:04:00.814+0000] {logging_mixin.py:188} INFO - [2024-07-02T09:04:00.814+0000] {dag.py:3055} INFO - Creating ORM DAG for example_branch_datetime_operator_2
[2024-07-02T09:04:00.816+0000] {logging_mixin.py:188} INFO - [2024-07-02T09:04:00.815+0000] {dag.py:3055} INFO - Creating ORM DAG for example_branch_datetime_operator
[2024-07-02T09:04:00.817+0000] {logging_mixin.py:188} INFO - [2024-07-02T09:04:00.817+0000] {dag.py:3055} INFO - Creating ORM DAG for example_branch_datetime_operator_3
[2024-07-02T09:04:00.847+0000] {logging_mixin.py:188} INFO - [2024-07-02T09:04:00.846+0000] {dag.py:3820} INFO - Setting next_dagrun for example_branch_datetime_operator to 2024-07-01T00:00:00+00:00, run_after=2024-07-02T00:00:00+00:00
[2024-07-02T09:04:00.853+0000] {logging_mixin.py:188} INFO - [2024-07-02T09:04:00.853+0000] {dag.py:3820} INFO - Setting next_dagrun for example_branch_datetime_operator_2 to 2024-07-01T00:00:00+00:00, run_after=2024-07-02T00:00:00+00:00
[2024-07-02T09:04:00.859+0000] {logging_mixin.py:188} INFO - [2024-07-02T09:04:00.859+0000] {dag.py:3820} INFO - Setting next_dagrun for example_branch_datetime_operator_3 to 2024-07-01T00:00:00+00:00, run_after=2024-07-02T00:00:00+00:00
[2024-07-02T09:04:00.909+0000] {processor.py:183} INFO - Processing /home/airflow/.local/lib/python3.8/site-packages/airflow/example_dags/example_branch_datetime_operator.py took 0.531 seconds
[2024-07-02T09:04:30.945+0000] {processor.py:161} INFO - Started process (PID=107) to work on /home/airflow/.local/lib/python3.8/site-packages/airflow/example_dags/example_branch_datetime_operator.py
[2024-07-02T09:04:30.946+0000] {processor.py:830} INFO - Processing file /home/airflow/.local/lib/python3.8/site-packages/airflow/example_dags/example_branch_datetime_operator.py for tasks to queue
[2024-07-02T09:04:30.948+0000] {logging_mixin.py:188} INFO - [2024-07-02T09:04:30.948+0000] {dagbag.py:538} INFO - Filling up the DagBag from /home/airflow/.local/lib/python3.8/site-packages/airflow/example_dags/example_branch_datetime_operator.py
[2024-07-02T09:04:30.960+0000] {processor.py:840} INFO - DAG(s) 'example_branch_datetime_operator_2', 'example_branch_datetime_operator_3', 'example_branch_datetime_operator' retrieved from /home/airflow/.local/lib/python3.8/site-packages/airflow/example_dags/example_branch_datetime_operator.py
[2024-07-02T09:04:30.989+0000] {logging_mixin.py:188} INFO - [2024-07-02T09:04:30.989+0000] {dag.py:3033} INFO - Sync 3 DAGs
[2024-07-02T09:04:31.016+0000] {logging_mixin.py:188} INFO - [2024-07-02T09:04:31.016+0000] {dag.py:3820} INFO - Setting next_dagrun for example_branch_datetime_operator to 2024-07-01T00:00:00+00:00, run_after=2024-07-02T00:00:00+00:00
[2024-07-02T09:04:31.022+0000] {logging_mixin.py:188} INFO - [2024-07-02T09:04:31.022+0000] {dag.py:3820} INFO - Setting next_dagrun for example_branch_datetime_operator_2 to 2024-07-01T00:00:00+00:00, run_after=2024-07-02T00:00:00+00:00
[2024-07-02T09:04:31.025+0000] {logging_mixin.py:188} INFO - [2024-07-02T09:04:31.025+0000] {dag.py:3820} INFO - Setting next_dagrun for example_branch_datetime_operator_3 to 2024-07-01T00:00:00+00:00, run_after=2024-07-02T00:00:00+00:00
[2024-07-02T09:04:31.043+0000] {processor.py:183} INFO - Processing /home/airflow/.local/lib/python3.8/site-packages/airflow/example_dags/example_branch_datetime_operator.py took 0.101 seconds
[2024-07-02T09:05:01.500+0000] {processor.py:161} INFO - Started process (PID=164) to work on /home/airflow/.local/lib/python3.8/site-packages/airflow/example_dags/example_branch_datetime_operator.py
[2024-07-02T09:05:01.504+0000] {processor.py:830} INFO - Processing file /home/airflow/.local/lib/python3.8/site-packages/airflow/example_dags/example_branch_datetime_operator.py for tasks to queue
[2024-07-02T09:05:01.506+0000] {logging_mixin.py:188} INFO - [2024-07-02T09:05:01.505+0000] {dagbag.py:538} INFO - Filling up the DagBag from /home/airflow/.local/lib/python3.8/site-packages/airflow/example_dags/example_branch_datetime_operator.py
[2024-07-02T09:05:01.516+0000] {processor.py:840} INFO - DAG(s) 'example_branch_datetime_operator', 'example_branch_datetime_operator_3', 'example_branch_datetime_operator_2' retrieved from /home/airflow/.local/lib/python3.8/site-packages/airflow/example_dags/example_branch_datetime_operator.py
[2024-07-02T09:05:01.546+0000] {logging_mixin.py:188} INFO - [2024-07-02T09:05:01.546+0000] {dag.py:3033} INFO - Sync 3 DAGs
[2024-07-02T09:05:01.574+0000] {logging_mixin.py:188} INFO - [2024-07-02T09:05:01.573+0000] {dag.py:3820} INFO - Setting next_dagrun for example_branch_datetime_operator to 2024-07-01T00:00:00+00:00, run_after=2024-07-02T00:00:00+00:00
[2024-07-02T09:05:01.578+0000] {logging_mixin.py:188} INFO - [2024-07-02T09:05:01.578+0000] {dag.py:3820} INFO - Setting next_dagrun for example_branch_datetime_operator_2 to 2024-07-01T00:00:00+00:00, run_after=2024-07-02T00:00:00+00:00
[2024-07-02T09:05:01.581+0000] {logging_mixin.py:188} INFO - [2024-07-02T09:05:01.581+0000] {dag.py:3820} INFO - Setting next_dagrun for example_branch_datetime_operator_3 to 2024-07-01T00:00:00+00:00, run_after=2024-07-02T00:00:00+00:00
[2024-07-02T09:05:01.598+0000] {processor.py:183} INFO - Processing /home/airflow/.local/lib/python3.8/site-packages/airflow/example_dags/example_branch_datetime_operator.py took 0.101 seconds
[2024-07-02T09:05:31.655+0000] {processor.py:161} INFO - Started process (PID=219) to work on /home/airflow/.local/lib/python3.8/site-packages/airflow/example_dags/example_branch_datetime_operator.py
[2024-07-02T09:05:31.656+0000] {processor.py:830} INFO - Processing file /home/airflow/.local/lib/python3.8/site-packages/airflow/example_dags/example_branch_datetime_operator.py for tasks to queue
[2024-07-02T09:05:31.657+0000] {logging_mixin.py:188} INFO - [2024-07-02T09:05:31.657+0000] {dagbag.py:538} INFO - Filling up the DagBag from /home/airflow/.local/lib/python3.8/site-packages/airflow/example_dags/example_branch_datetime_operator.py
[2024-07-02T09:05:31.667+0000] {processor.py:840} INFO - DAG(s) 'example_branch_datetime_operator_3', 'example_branch_datetime_operator_2', 'example_branch_datetime_operator' retrieved from /home/airflow/.local/lib/python3.8/site-packages/airflow/example_dags/example_branch_datetime_operator.py
[2024-07-02T09:05:31.695+0000] {logging_mixin.py:188} INFO - [2024-07-02T09:05:31.695+0000] {dag.py:3033} INFO - Sync 3 DAGs
[2024-07-02T09:05:31.717+0000] {logging_mixin.py:188} INFO - [2024-07-02T09:05:31.717+0000] {dag.py:3820} INFO - Setting next_dagrun for example_branch_datetime_operator to 2024-07-01T00:00:00+00:00, run_after=2024-07-02T00:00:00+00:00
[2024-07-02T09:05:31.722+0000] {logging_mixin.py:188} INFO - [2024-07-02T09:05:31.722+0000] {dag.py:3820} INFO - Setting next_dagrun for example_branch_datetime_operator_2 to 2024-07-01T00:00:00+00:00, run_after=2024-07-02T00:00:00+00:00
[2024-07-02T09:05:31.724+0000] {logging_mixin.py:188} INFO - [2024-07-02T09:05:31.724+0000] {dag.py:3820} INFO - Setting next_dagrun for example_branch_datetime_operator_3 to 2024-07-01T00:00:00+00:00, run_after=2024-07-02T00:00:00+00:00
[2024-07-02T09:05:31.738+0000] {processor.py:183} INFO - Processing /home/airflow/.local/lib/python3.8/site-packages/airflow/example_dags/example_branch_datetime_operator.py took 0.085 seconds
[2024-07-02T09:06:01.761+0000] {processor.py:161} INFO - Started process (PID=273) to work on /home/airflow/.local/lib/python3.8/site-packages/airflow/example_dags/example_branch_datetime_operator.py
[2024-07-02T09:06:01.765+0000] {processor.py:830} INFO - Processing file /home/airflow/.local/lib/python3.8/site-packages/airflow/example_dags/example_branch_datetime_operator.py for tasks to queue
[2024-07-02T09:06:01.767+0000] {logging_mixin.py:188} INFO - [2024-07-02T09:06:01.767+0000] {dagbag.py:538} INFO - Filling up the DagBag from /home/airflow/.local/lib/python3.8/site-packages/airflow/example_dags/example_branch_datetime_operator.py
[2024-07-02T09:06:01.778+0000] {processor.py:840} INFO - DAG(s) 'example_branch_datetime_operator_2', 'example_branch_datetime_operator', 'example_branch_datetime_operator_3' retrieved from /home/airflow/.local/lib/python3.8/site-packages/airflow/example_dags/example_branch_datetime_operator.py
[2024-07-02T09:06:01.813+0000] {logging_mixin.py:188} INFO - [2024-07-02T09:06:01.813+0000] {dag.py:3033} INFO - Sync 3 DAGs
[2024-07-02T09:06:01.837+0000] {logging_mixin.py:188} INFO - [2024-07-02T09:06:01.836+0000] {dag.py:3820} INFO - Setting next_dagrun for example_branch_datetime_operator to 2024-07-01T00:00:00+00:00, run_after=2024-07-02T00:00:00+00:00
[2024-07-02T09:06:01.842+0000] {logging_mixin.py:188} INFO - [2024-07-02T09:06:01.842+0000] {dag.py:3820} INFO - Setting next_dagrun for example_branch_datetime_operator_2 to 2024-07-01T00:00:00+00:00, run_after=2024-07-02T00:00:00+00:00
[2024-07-02T09:06:01.844+0000] {logging_mixin.py:188} INFO - [2024-07-02T09:06:01.844+0000] {dag.py:3820} INFO - Setting next_dagrun for example_branch_datetime_operator_3 to 2024-07-01T00:00:00+00:00, run_after=2024-07-02T00:00:00+00:00
[2024-07-02T09:06:01.859+0000] {processor.py:183} INFO - Processing /home/airflow/.local/lib/python3.8/site-packages/airflow/example_dags/example_branch_datetime_operator.py took 0.101 seconds
[2024-07-02T09:06:32.197+0000] {processor.py:161} INFO - Started process (PID=327) to work on /home/airflow/.local/lib/python3.8/site-packages/airflow/example_dags/example_branch_datetime_operator.py
[2024-07-02T09:06:32.197+0000] {processor.py:830} INFO - Processing file /home/airflow/.local/lib/python3.8/site-packages/airflow/example_dags/example_branch_datetime_operator.py for tasks to queue
[2024-07-02T09:06:32.199+0000] {logging_mixin.py:188} INFO - [2024-07-02T09:06:32.199+0000] {dagbag.py:538} INFO - Filling up the DagBag from /home/airflow/.local/lib/python3.8/site-packages/airflow/example_dags/example_branch_datetime_operator.py
[2024-07-02T09:06:32.208+0000] {processor.py:840} INFO - DAG(s) 'example_branch_datetime_operator_2', 'example_branch_datetime_operator_3', 'example_branch_datetime_operator' retrieved from /home/airflow/.local/lib/python3.8/site-packages/airflow/example_dags/example_branch_datetime_operator.py
[2024-07-02T09:06:32.234+0000] {logging_mixin.py:188} INFO - [2024-07-02T09:06:32.234+0000] {dag.py:3033} INFO - Sync 3 DAGs
[2024-07-02T09:06:32.256+0000] {logging_mixin.py:188} INFO - [2024-07-02T09:06:32.256+0000] {dag.py:3820} INFO - Setting next_dagrun for example_branch_datetime_operator to 2024-07-01T00:00:00+00:00, run_after=2024-07-02T00:00:00+00:00
[2024-07-02T09:06:32.261+0000] {logging_mixin.py:188} INFO - [2024-07-02T09:06:32.261+0000] {dag.py:3820} INFO - Setting next_dagrun for example_branch_datetime_operator_2 to 2024-07-01T00:00:00+00:00, run_after=2024-07-02T00:00:00+00:00
[2024-07-02T09:06:32.264+0000] {logging_mixin.py:188} INFO - [2024-07-02T09:06:32.264+0000] {dag.py:3820} INFO - Setting next_dagrun for example_branch_datetime_operator_3 to 2024-07-01T00:00:00+00:00, run_after=2024-07-02T00:00:00+00:00
[2024-07-02T09:06:32.279+0000] {processor.py:183} INFO - Processing /home/airflow/.local/lib/python3.8/site-packages/airflow/example_dags/example_branch_datetime_operator.py took 0.085 seconds
[2024-07-02T09:07:02.724+0000] {processor.py:161} INFO - Started process (PID=382) to work on /home/airflow/.local/lib/python3.8/site-packages/airflow/example_dags/example_branch_datetime_operator.py
[2024-07-02T09:07:02.725+0000] {processor.py:830} INFO - Processing file /home/airflow/.local/lib/python3.8/site-packages/airflow/example_dags/example_branch_datetime_operator.py for tasks to queue
[2024-07-02T09:07:02.726+0000] {logging_mixin.py:188} INFO - [2024-07-02T09:07:02.726+0000] {dagbag.py:538} INFO - Filling up the DagBag from /home/airflow/.local/lib/python3.8/site-packages/airflow/example_dags/example_branch_datetime_operator.py
[2024-07-02T09:07:02.736+0000] {processor.py:840} INFO - DAG(s) 'example_branch_datetime_operator_2', 'example_branch_datetime_operator', 'example_branch_datetime_operator_3' retrieved from /home/airflow/.local/lib/python3.8/site-packages/airflow/example_dags/example_branch_datetime_operator.py
[2024-07-02T09:07:02.762+0000] {logging_mixin.py:188} INFO - [2024-07-02T09:07:02.762+0000] {dag.py:3033} INFO - Sync 3 DAGs
[2024-07-02T09:07:02.784+0000] {logging_mixin.py:188} INFO - [2024-07-02T09:07:02.784+0000] {dag.py:3820} INFO - Setting next_dagrun for example_branch_datetime_operator to 2024-07-01T00:00:00+00:00, run_after=2024-07-02T00:00:00+00:00
[2024-07-02T09:07:02.788+0000] {logging_mixin.py:188} INFO - [2024-07-02T09:07:02.788+0000] {dag.py:3820} INFO - Setting next_dagrun for example_branch_datetime_operator_2 to 2024-07-01T00:00:00+00:00, run_after=2024-07-02T00:00:00+00:00
[2024-07-02T09:07:02.791+0000] {logging_mixin.py:188} INFO - [2024-07-02T09:07:02.791+0000] {dag.py:3820} INFO - Setting next_dagrun for example_branch_datetime_operator_3 to 2024-07-01T00:00:00+00:00, run_after=2024-07-02T00:00:00+00:00
[2024-07-02T09:07:02.810+0000] {processor.py:183} INFO - Processing /home/airflow/.local/lib/python3.8/site-packages/airflow/example_dags/example_branch_datetime_operator.py took 0.089 seconds
[2024-07-02T09:07:33.307+0000] {processor.py:161} INFO - Started process (PID=437) to work on /home/airflow/.local/lib/python3.8/site-packages/airflow/example_dags/example_branch_datetime_operator.py
[2024-07-02T09:07:33.308+0000] {processor.py:830} INFO - Processing file /home/airflow/.local/lib/python3.8/site-packages/airflow/example_dags/example_branch_datetime_operator.py for tasks to queue
[2024-07-02T09:07:33.310+0000] {logging_mixin.py:188} INFO - [2024-07-02T09:07:33.310+0000] {dagbag.py:538} INFO - Filling up the DagBag from /home/airflow/.local/lib/python3.8/site-packages/airflow/example_dags/example_branch_datetime_operator.py
[2024-07-02T09:07:33.321+0000] {processor.py:840} INFO - DAG(s) 'example_branch_datetime_operator_2', 'example_branch_datetime_operator', 'example_branch_datetime_operator_3' retrieved from /home/airflow/.local/lib/python3.8/site-packages/airflow/example_dags/example_branch_datetime_operator.py
[2024-07-02T09:07:33.349+0000] {logging_mixin.py:188} INFO - [2024-07-02T09:07:33.349+0000] {dag.py:3033} INFO - Sync 3 DAGs
[2024-07-02T09:07:33.372+0000] {logging_mixin.py:188} INFO - [2024-07-02T09:07:33.371+0000] {dag.py:3820} INFO - Setting next_dagrun for example_branch_datetime_operator to 2024-07-01T00:00:00+00:00, run_after=2024-07-02T00:00:00+00:00
[2024-07-02T09:07:33.376+0000] {logging_mixin.py:188} INFO - [2024-07-02T09:07:33.376+0000] {dag.py:3820} INFO - Setting next_dagrun for example_branch_datetime_operator_2 to 2024-07-01T00:00:00+00:00, run_after=2024-07-02T00:00:00+00:00
[2024-07-02T09:07:33.380+0000] {logging_mixin.py:188} INFO - [2024-07-02T09:07:33.379+0000] {dag.py:3820} INFO - Setting next_dagrun for example_branch_datetime_operator_3 to 2024-07-01T00:00:00+00:00, run_after=2024-07-02T00:00:00+00:00
[2024-07-02T09:07:33.396+0000] {processor.py:183} INFO - Processing /home/airflow/.local/lib/python3.8/site-packages/airflow/example_dags/example_branch_datetime_operator.py took 0.092 seconds
[2024-07-02T09:08:03.847+0000] {processor.py:161} INFO - Started process (PID=492) to work on /home/airflow/.local/lib/python3.8/site-packages/airflow/example_dags/example_branch_datetime_operator.py
[2024-07-02T09:08:03.851+0000] {processor.py:830} INFO - Processing file /home/airflow/.local/lib/python3.8/site-packages/airflow/example_dags/example_branch_datetime_operator.py for tasks to queue
[2024-07-02T09:08:03.853+0000] {logging_mixin.py:188} INFO - [2024-07-02T09:08:03.852+0000] {dagbag.py:538} INFO - Filling up the DagBag from /home/airflow/.local/lib/python3.8/site-packages/airflow/example_dags/example_branch_datetime_operator.py
[2024-07-02T09:08:03.862+0000] {processor.py:840} INFO - DAG(s) 'example_branch_datetime_operator_2', 'example_branch_datetime_operator', 'example_branch_datetime_operator_3' retrieved from /home/airflow/.local/lib/python3.8/site-packages/airflow/example_dags/example_branch_datetime_operator.py
[2024-07-02T09:08:03.888+0000] {logging_mixin.py:188} INFO - [2024-07-02T09:08:03.888+0000] {dag.py:3033} INFO - Sync 3 DAGs
[2024-07-02T09:08:03.909+0000] {logging_mixin.py:188} INFO - [2024-07-02T09:08:03.909+0000] {dag.py:3820} INFO - Setting next_dagrun for example_branch_datetime_operator to 2024-07-01T00:00:00+00:00, run_after=2024-07-02T00:00:00+00:00
[2024-07-02T09:08:03.914+0000] {logging_mixin.py:188} INFO - [2024-07-02T09:08:03.914+0000] {dag.py:3820} INFO - Setting next_dagrun for example_branch_datetime_operator_2 to 2024-07-01T00:00:00+00:00, run_after=2024-07-02T00:00:00+00:00
[2024-07-02T09:08:03.916+0000] {logging_mixin.py:188} INFO - [2024-07-02T09:08:03.916+0000] {dag.py:3820} INFO - Setting next_dagrun for example_branch_datetime_operator_3 to 2024-07-01T00:00:00+00:00, run_after=2024-07-02T00:00:00+00:00
[2024-07-02T09:08:03.931+0000] {processor.py:183} INFO - Processing /home/airflow/.local/lib/python3.8/site-packages/airflow/example_dags/example_branch_datetime_operator.py took 0.086 seconds
[2024-07-02T09:08:34.457+0000] {processor.py:161} INFO - Started process (PID=547) to work on /home/airflow/.local/lib/python3.8/site-packages/airflow/example_dags/example_branch_datetime_operator.py
[2024-07-02T09:08:34.461+0000] {processor.py:830} INFO - Processing file /home/airflow/.local/lib/python3.8/site-packages/airflow/example_dags/example_branch_datetime_operator.py for tasks to queue
[2024-07-02T09:08:34.463+0000] {logging_mixin.py:188} INFO - [2024-07-02T09:08:34.463+0000] {dagbag.py:538} INFO - Filling up the DagBag from /home/airflow/.local/lib/python3.8/site-packages/airflow/example_dags/example_branch_datetime_operator.py
[2024-07-02T09:08:34.474+0000] {processor.py:840} INFO - DAG(s) 'example_branch_datetime_operator', 'example_branch_datetime_operator_3', 'example_branch_datetime_operator_2' retrieved from /home/airflow/.local/lib/python3.8/site-packages/airflow/example_dags/example_branch_datetime_operator.py
[2024-07-02T09:08:34.504+0000] {logging_mixin.py:188} INFO - [2024-07-02T09:08:34.504+0000] {dag.py:3033} INFO - Sync 3 DAGs
[2024-07-02T09:08:34.528+0000] {logging_mixin.py:188} INFO - [2024-07-02T09:08:34.527+0000] {dag.py:3820} INFO - Setting next_dagrun for example_branch_datetime_operator to 2024-07-01T00:00:00+00:00, run_after=2024-07-02T00:00:00+00:00
[2024-07-02T09:08:34.533+0000] {logging_mixin.py:188} INFO - [2024-07-02T09:08:34.532+0000] {dag.py:3820} INFO - Setting next_dagrun for example_branch_datetime_operator_2 to 2024-07-01T00:00:00+00:00, run_after=2024-07-02T00:00:00+00:00
[2024-07-02T09:08:34.535+0000] {logging_mixin.py:188} INFO - [2024-07-02T09:08:34.535+0000] {dag.py:3820} INFO - Setting next_dagrun for example_branch_datetime_operator_3 to 2024-07-01T00:00:00+00:00, run_after=2024-07-02T00:00:00+00:00
[2024-07-02T09:08:34.556+0000] {processor.py:183} INFO - Processing /home/airflow/.local/lib/python3.8/site-packages/airflow/example_dags/example_branch_datetime_operator.py took 0.101 seconds
[2024-07-02T09:09:05.006+0000] {processor.py:161} INFO - Started process (PID=602) to work on /home/airflow/.local/lib/python3.8/site-packages/airflow/example_dags/example_branch_datetime_operator.py
[2024-07-02T09:09:05.007+0000] {processor.py:830} INFO - Processing file /home/airflow/.local/lib/python3.8/site-packages/airflow/example_dags/example_branch_datetime_operator.py for tasks to queue
[2024-07-02T09:09:05.008+0000] {logging_mixin.py:188} INFO - [2024-07-02T09:09:05.008+0000] {dagbag.py:538} INFO - Filling up the DagBag from /home/airflow/.local/lib/python3.8/site-packages/airflow/example_dags/example_branch_datetime_operator.py
[2024-07-02T09:09:05.018+0000] {processor.py:840} INFO - DAG(s) 'example_branch_datetime_operator_2', 'example_branch_datetime_operator', 'example_branch_datetime_operator_3' retrieved from /home/airflow/.local/lib/python3.8/site-packages/airflow/example_dags/example_branch_datetime_operator.py
[2024-07-02T09:09:05.046+0000] {logging_mixin.py:188} INFO - [2024-07-02T09:09:05.046+0000] {dag.py:3033} INFO - Sync 3 DAGs
[2024-07-02T09:09:05.076+0000] {logging_mixin.py:188} INFO - [2024-07-02T09:09:05.075+0000] {dag.py:3820} INFO - Setting next_dagrun for example_branch_datetime_operator to 2024-07-01T00:00:00+00:00, run_after=2024-07-02T00:00:00+00:00
[2024-07-02T09:09:05.081+0000] {logging_mixin.py:188} INFO - [2024-07-02T09:09:05.081+0000] {dag.py:3820} INFO - Setting next_dagrun for example_branch_datetime_operator_2 to 2024-07-01T00:00:00+00:00, run_after=2024-07-02T00:00:00+00:00
[2024-07-02T09:09:05.084+0000] {logging_mixin.py:188} INFO - [2024-07-02T09:09:05.084+0000] {dag.py:3820} INFO - Setting next_dagrun for example_branch_datetime_operator_3 to 2024-07-01T00:00:00+00:00, run_after=2024-07-02T00:00:00+00:00
[2024-07-02T09:09:05.102+0000] {processor.py:183} INFO - Processing /home/airflow/.local/lib/python3.8/site-packages/airflow/example_dags/example_branch_datetime_operator.py took 0.099 seconds
[2024-07-02T09:09:35.649+0000] {processor.py:161} INFO - Started process (PID=657) to work on /home/airflow/.local/lib/python3.8/site-packages/airflow/example_dags/example_branch_datetime_operator.py
[2024-07-02T09:09:35.650+0000] {processor.py:830} INFO - Processing file /home/airflow/.local/lib/python3.8/site-packages/airflow/example_dags/example_branch_datetime_operator.py for tasks to queue
[2024-07-02T09:09:35.653+0000] {logging_mixin.py:188} INFO - [2024-07-02T09:09:35.652+0000] {dagbag.py:538} INFO - Filling up the DagBag from /home/airflow/.local/lib/python3.8/site-packages/airflow/example_dags/example_branch_datetime_operator.py
[2024-07-02T09:09:35.664+0000] {processor.py:840} INFO - DAG(s) 'example_branch_datetime_operator_3', 'example_branch_datetime_operator_2', 'example_branch_datetime_operator' retrieved from /home/airflow/.local/lib/python3.8/site-packages/airflow/example_dags/example_branch_datetime_operator.py
[2024-07-02T09:09:35.691+0000] {logging_mixin.py:188} INFO - [2024-07-02T09:09:35.691+0000] {dag.py:3033} INFO - Sync 3 DAGs
[2024-07-02T09:09:35.715+0000] {logging_mixin.py:188} INFO - [2024-07-02T09:09:35.714+0000] {dag.py:3820} INFO - Setting next_dagrun for example_branch_datetime_operator to 2024-07-01T00:00:00+00:00, run_after=2024-07-02T00:00:00+00:00
[2024-07-02T09:09:35.720+0000] {logging_mixin.py:188} INFO - [2024-07-02T09:09:35.720+0000] {dag.py:3820} INFO - Setting next_dagrun for example_branch_datetime_operator_2 to 2024-07-01T00:00:00+00:00, run_after=2024-07-02T00:00:00+00:00
[2024-07-02T09:09:35.724+0000] {logging_mixin.py:188} INFO - [2024-07-02T09:09:35.724+0000] {dag.py:3820} INFO - Setting next_dagrun for example_branch_datetime_operator_3 to 2024-07-01T00:00:00+00:00, run_after=2024-07-02T00:00:00+00:00
[2024-07-02T09:09:35.740+0000] {processor.py:183} INFO - Processing /home/airflow/.local/lib/python3.8/site-packages/airflow/example_dags/example_branch_datetime_operator.py took 0.093 seconds
[2024-07-02T09:10:05.970+0000] {processor.py:161} INFO - Started process (PID=712) to work on /home/airflow/.local/lib/python3.8/site-packages/airflow/example_dags/example_branch_datetime_operator.py
[2024-07-02T09:10:05.971+0000] {processor.py:830} INFO - Processing file /home/airflow/.local/lib/python3.8/site-packages/airflow/example_dags/example_branch_datetime_operator.py for tasks to queue
[2024-07-02T09:10:05.973+0000] {logging_mixin.py:188} INFO - [2024-07-02T09:10:05.973+0000] {dagbag.py:538} INFO - Filling up the DagBag from /home/airflow/.local/lib/python3.8/site-packages/airflow/example_dags/example_branch_datetime_operator.py
[2024-07-02T09:10:05.983+0000] {processor.py:840} INFO - DAG(s) 'example_branch_datetime_operator', 'example_branch_datetime_operator_2', 'example_branch_datetime_operator_3' retrieved from /home/airflow/.local/lib/python3.8/site-packages/airflow/example_dags/example_branch_datetime_operator.py
[2024-07-02T09:10:06.007+0000] {logging_mixin.py:188} INFO - [2024-07-02T09:10:06.007+0000] {dag.py:3033} INFO - Sync 3 DAGs
[2024-07-02T09:10:06.029+0000] {logging_mixin.py:188} INFO - [2024-07-02T09:10:06.029+0000] {dag.py:3820} INFO - Setting next_dagrun for example_branch_datetime_operator to 2024-07-01T00:00:00+00:00, run_after=2024-07-02T00:00:00+00:00
[2024-07-02T09:10:06.035+0000] {logging_mixin.py:188} INFO - [2024-07-02T09:10:06.035+0000] {dag.py:3820} INFO - Setting next_dagrun for example_branch_datetime_operator_2 to 2024-07-01T00:00:00+00:00, run_after=2024-07-02T00:00:00+00:00
[2024-07-02T09:10:06.038+0000] {logging_mixin.py:188} INFO - [2024-07-02T09:10:06.038+0000] {dag.py:3820} INFO - Setting next_dagrun for example_branch_datetime_operator_3 to 2024-07-01T00:00:00+00:00, run_after=2024-07-02T00:00:00+00:00
[2024-07-02T09:10:06.054+0000] {processor.py:183} INFO - Processing /home/airflow/.local/lib/python3.8/site-packages/airflow/example_dags/example_branch_datetime_operator.py took 0.088 seconds
[2024-07-02T09:10:36.609+0000] {processor.py:161} INFO - Started process (PID=767) to work on /home/airflow/.local/lib/python3.8/site-packages/airflow/example_dags/example_branch_datetime_operator.py
[2024-07-02T09:10:36.610+0000] {processor.py:830} INFO - Processing file /home/airflow/.local/lib/python3.8/site-packages/airflow/example_dags/example_branch_datetime_operator.py for tasks to queue
[2024-07-02T09:10:36.611+0000] {logging_mixin.py:188} INFO - [2024-07-02T09:10:36.611+0000] {dagbag.py:538} INFO - Filling up the DagBag from /home/airflow/.local/lib/python3.8/site-packages/airflow/example_dags/example_branch_datetime_operator.py
[2024-07-02T09:10:36.622+0000] {processor.py:840} INFO - DAG(s) 'example_branch_datetime_operator', 'example_branch_datetime_operator_3', 'example_branch_datetime_operator_2' retrieved from /home/airflow/.local/lib/python3.8/site-packages/airflow/example_dags/example_branch_datetime_operator.py
[2024-07-02T09:10:36.651+0000] {logging_mixin.py:188} INFO - [2024-07-02T09:10:36.650+0000] {dag.py:3033} INFO - Sync 3 DAGs
[2024-07-02T09:10:36.673+0000] {logging_mixin.py:188} INFO - [2024-07-02T09:10:36.672+0000] {dag.py:3820} INFO - Setting next_dagrun for example_branch_datetime_operator to 2024-07-01T00:00:00+00:00, run_after=2024-07-02T00:00:00+00:00
[2024-07-02T09:10:36.678+0000] {logging_mixin.py:188} INFO - [2024-07-02T09:10:36.677+0000] {dag.py:3820} INFO - Setting next_dagrun for example_branch_datetime_operator_2 to 2024-07-01T00:00:00+00:00, run_after=2024-07-02T00:00:00+00:00
[2024-07-02T09:10:36.680+0000] {logging_mixin.py:188} INFO - [2024-07-02T09:10:36.680+0000] {dag.py:3820} INFO - Setting next_dagrun for example_branch_datetime_operator_3 to 2024-07-01T00:00:00+00:00, run_after=2024-07-02T00:00:00+00:00
[2024-07-02T09:10:36.698+0000] {processor.py:183} INFO - Processing /home/airflow/.local/lib/python3.8/site-packages/airflow/example_dags/example_branch_datetime_operator.py took 0.092 seconds
[2024-07-02T09:11:07.159+0000] {processor.py:161} INFO - Started process (PID=822) to work on /home/airflow/.local/lib/python3.8/site-packages/airflow/example_dags/example_branch_datetime_operator.py
[2024-07-02T09:11:07.160+0000] {processor.py:830} INFO - Processing file /home/airflow/.local/lib/python3.8/site-packages/airflow/example_dags/example_branch_datetime_operator.py for tasks to queue
[2024-07-02T09:11:07.162+0000] {logging_mixin.py:188} INFO - [2024-07-02T09:11:07.161+0000] {dagbag.py:538} INFO - Filling up the DagBag from /home/airflow/.local/lib/python3.8/site-packages/airflow/example_dags/example_branch_datetime_operator.py
[2024-07-02T09:11:07.171+0000] {processor.py:840} INFO - DAG(s) 'example_branch_datetime_operator_3', 'example_branch_datetime_operator_2', 'example_branch_datetime_operator' retrieved from /home/airflow/.local/lib/python3.8/site-packages/airflow/example_dags/example_branch_datetime_operator.py
[2024-07-02T09:11:07.203+0000] {logging_mixin.py:188} INFO - [2024-07-02T09:11:07.203+0000] {dag.py:3033} INFO - Sync 3 DAGs
[2024-07-02T09:11:07.224+0000] {logging_mixin.py:188} INFO - [2024-07-02T09:11:07.223+0000] {dag.py:3820} INFO - Setting next_dagrun for example_branch_datetime_operator to 2024-07-01T00:00:00+00:00, run_after=2024-07-02T00:00:00+00:00
[2024-07-02T09:11:07.228+0000] {logging_mixin.py:188} INFO - [2024-07-02T09:11:07.228+0000] {dag.py:3820} INFO - Setting next_dagrun for example_branch_datetime_operator_2 to 2024-07-01T00:00:00+00:00, run_after=2024-07-02T00:00:00+00:00
[2024-07-02T09:11:07.230+0000] {logging_mixin.py:188} INFO - [2024-07-02T09:11:07.230+0000] {dag.py:3820} INFO - Setting next_dagrun for example_branch_datetime_operator_3 to 2024-07-01T00:00:00+00:00, run_after=2024-07-02T00:00:00+00:00
[2024-07-02T09:11:07.244+0000] {processor.py:183} INFO - Processing /home/airflow/.local/lib/python3.8/site-packages/airflow/example_dags/example_branch_datetime_operator.py took 0.088 seconds
[2024-07-02T09:11:38.278+0000] {processor.py:161} INFO - Started process (PID=877) to work on /home/airflow/.local/lib/python3.8/site-packages/airflow/example_dags/example_branch_datetime_operator.py
[2024-07-02T09:11:38.280+0000] {processor.py:830} INFO - Processing file /home/airflow/.local/lib/python3.8/site-packages/airflow/example_dags/example_branch_datetime_operator.py for tasks to queue
[2024-07-02T09:11:38.283+0000] {logging_mixin.py:188} INFO - [2024-07-02T09:11:38.283+0000] {dagbag.py:538} INFO - Filling up the DagBag from /home/airflow/.local/lib/python3.8/site-packages/airflow/example_dags/example_branch_datetime_operator.py
[2024-07-02T09:11:38.307+0000] {processor.py:840} INFO - DAG(s) 'example_branch_datetime_operator_3', 'example_branch_datetime_operator', 'example_branch_datetime_operator_2' retrieved from /home/airflow/.local/lib/python3.8/site-packages/airflow/example_dags/example_branch_datetime_operator.py
[2024-07-02T09:11:38.383+0000] {logging_mixin.py:188} INFO - [2024-07-02T09:11:38.382+0000] {dag.py:3033} INFO - Sync 3 DAGs
[2024-07-02T09:11:38.462+0000] {logging_mixin.py:188} INFO - [2024-07-02T09:11:38.462+0000] {dag.py:3820} INFO - Setting next_dagrun for example_branch_datetime_operator to 2024-07-01T00:00:00+00:00, run_after=2024-07-02T00:00:00+00:00
[2024-07-02T09:11:38.478+0000] {logging_mixin.py:188} INFO - [2024-07-02T09:11:38.478+0000] {dag.py:3820} INFO - Setting next_dagrun for example_branch_datetime_operator_2 to 2024-07-01T00:00:00+00:00, run_after=2024-07-02T00:00:00+00:00
[2024-07-02T09:11:38.486+0000] {logging_mixin.py:188} INFO - [2024-07-02T09:11:38.486+0000] {dag.py:3820} INFO - Setting next_dagrun for example_branch_datetime_operator_3 to 2024-07-01T00:00:00+00:00, run_after=2024-07-02T00:00:00+00:00
[2024-07-02T09:11:38.530+0000] {processor.py:183} INFO - Processing /home/airflow/.local/lib/python3.8/site-packages/airflow/example_dags/example_branch_datetime_operator.py took 0.257 seconds
[2024-07-02T09:12:09.015+0000] {processor.py:161} INFO - Started process (PID=932) to work on /home/airflow/.local/lib/python3.8/site-packages/airflow/example_dags/example_branch_datetime_operator.py
[2024-07-02T09:12:09.016+0000] {processor.py:830} INFO - Processing file /home/airflow/.local/lib/python3.8/site-packages/airflow/example_dags/example_branch_datetime_operator.py for tasks to queue
[2024-07-02T09:12:09.017+0000] {logging_mixin.py:188} INFO - [2024-07-02T09:12:09.017+0000] {dagbag.py:538} INFO - Filling up the DagBag from /home/airflow/.local/lib/python3.8/site-packages/airflow/example_dags/example_branch_datetime_operator.py
[2024-07-02T09:12:09.027+0000] {processor.py:840} INFO - DAG(s) 'example_branch_datetime_operator', 'example_branch_datetime_operator_3', 'example_branch_datetime_operator_2' retrieved from /home/airflow/.local/lib/python3.8/site-packages/airflow/example_dags/example_branch_datetime_operator.py
[2024-07-02T09:12:09.058+0000] {logging_mixin.py:188} INFO - [2024-07-02T09:12:09.057+0000] {dag.py:3033} INFO - Sync 3 DAGs
[2024-07-02T09:12:09.088+0000] {logging_mixin.py:188} INFO - [2024-07-02T09:12:09.088+0000] {dag.py:3820} INFO - Setting next_dagrun for example_branch_datetime_operator to 2024-07-01T00:00:00+00:00, run_after=2024-07-02T00:00:00+00:00
[2024-07-02T09:12:09.096+0000] {logging_mixin.py:188} INFO - [2024-07-02T09:12:09.095+0000] {dag.py:3820} INFO - Setting next_dagrun for example_branch_datetime_operator_2 to 2024-07-01T00:00:00+00:00, run_after=2024-07-02T00:00:00+00:00
[2024-07-02T09:12:09.099+0000] {logging_mixin.py:188} INFO - [2024-07-02T09:12:09.099+0000] {dag.py:3820} INFO - Setting next_dagrun for example_branch_datetime_operator_3 to 2024-07-01T00:00:00+00:00, run_after=2024-07-02T00:00:00+00:00
[2024-07-02T09:12:09.116+0000] {processor.py:183} INFO - Processing /home/airflow/.local/lib/python3.8/site-packages/airflow/example_dags/example_branch_datetime_operator.py took 0.104 seconds
[2024-07-02T09:12:39.207+0000] {processor.py:161} INFO - Started process (PID=987) to work on /home/airflow/.local/lib/python3.8/site-packages/airflow/example_dags/example_branch_datetime_operator.py
[2024-07-02T09:12:39.207+0000] {processor.py:830} INFO - Processing file /home/airflow/.local/lib/python3.8/site-packages/airflow/example_dags/example_branch_datetime_operator.py for tasks to queue
[2024-07-02T09:12:39.209+0000] {logging_mixin.py:188} INFO - [2024-07-02T09:12:39.209+0000] {dagbag.py:538} INFO - Filling up the DagBag from /home/airflow/.local/lib/python3.8/site-packages/airflow/example_dags/example_branch_datetime_operator.py
[2024-07-02T09:12:39.218+0000] {processor.py:840} INFO - DAG(s) 'example_branch_datetime_operator_3', 'example_branch_datetime_operator_2', 'example_branch_datetime_operator' retrieved from /home/airflow/.local/lib/python3.8/site-packages/airflow/example_dags/example_branch_datetime_operator.py
[2024-07-02T09:12:39.245+0000] {logging_mixin.py:188} INFO - [2024-07-02T09:12:39.244+0000] {dag.py:3033} INFO - Sync 3 DAGs
[2024-07-02T09:12:39.266+0000] {logging_mixin.py:188} INFO - [2024-07-02T09:12:39.266+0000] {dag.py:3820} INFO - Setting next_dagrun for example_branch_datetime_operator to 2024-07-01T00:00:00+00:00, run_after=2024-07-02T00:00:00+00:00
[2024-07-02T09:12:39.271+0000] {logging_mixin.py:188} INFO - [2024-07-02T09:12:39.271+0000] {dag.py:3820} INFO - Setting next_dagrun for example_branch_datetime_operator_2 to 2024-07-01T00:00:00+00:00, run_after=2024-07-02T00:00:00+00:00
[2024-07-02T09:12:39.273+0000] {logging_mixin.py:188} INFO - [2024-07-02T09:12:39.273+0000] {dag.py:3820} INFO - Setting next_dagrun for example_branch_datetime_operator_3 to 2024-07-01T00:00:00+00:00, run_after=2024-07-02T00:00:00+00:00
[2024-07-02T09:12:39.290+0000] {processor.py:183} INFO - Processing /home/airflow/.local/lib/python3.8/site-packages/airflow/example_dags/example_branch_datetime_operator.py took 0.086 seconds
[2024-07-02T09:13:09.886+0000] {processor.py:161} INFO - Started process (PID=1042) to work on /home/airflow/.local/lib/python3.8/site-packages/airflow/example_dags/example_branch_datetime_operator.py
[2024-07-02T09:13:09.887+0000] {processor.py:830} INFO - Processing file /home/airflow/.local/lib/python3.8/site-packages/airflow/example_dags/example_branch_datetime_operator.py for tasks to queue
[2024-07-02T09:13:09.888+0000] {logging_mixin.py:188} INFO - [2024-07-02T09:13:09.888+0000] {dagbag.py:538} INFO - Filling up the DagBag from /home/airflow/.local/lib/python3.8/site-packages/airflow/example_dags/example_branch_datetime_operator.py
[2024-07-02T09:13:09.897+0000] {processor.py:840} INFO - DAG(s) 'example_branch_datetime_operator_3', 'example_branch_datetime_operator_2', 'example_branch_datetime_operator' retrieved from /home/airflow/.local/lib/python3.8/site-packages/airflow/example_dags/example_branch_datetime_operator.py
[2024-07-02T09:13:09.922+0000] {logging_mixin.py:188} INFO - [2024-07-02T09:13:09.922+0000] {dag.py:3033} INFO - Sync 3 DAGs
[2024-07-02T09:13:09.943+0000] {logging_mixin.py:188} INFO - [2024-07-02T09:13:09.942+0000] {dag.py:3820} INFO - Setting next_dagrun for example_branch_datetime_operator to 2024-07-01T00:00:00+00:00, run_after=2024-07-02T00:00:00+00:00
[2024-07-02T09:13:09.948+0000] {logging_mixin.py:188} INFO - [2024-07-02T09:13:09.948+0000] {dag.py:3820} INFO - Setting next_dagrun for example_branch_datetime_operator_2 to 2024-07-01T00:00:00+00:00, run_after=2024-07-02T00:00:00+00:00
[2024-07-02T09:13:09.951+0000] {logging_mixin.py:188} INFO - [2024-07-02T09:13:09.951+0000] {dag.py:3820} INFO - Setting next_dagrun for example_branch_datetime_operator_3 to 2024-07-01T00:00:00+00:00, run_after=2024-07-02T00:00:00+00:00
[2024-07-02T09:13:09.969+0000] {processor.py:183} INFO - Processing /home/airflow/.local/lib/python3.8/site-packages/airflow/example_dags/example_branch_datetime_operator.py took 0.086 seconds
[2024-07-02T09:13:40.435+0000] {processor.py:161} INFO - Started process (PID=1097) to work on /home/airflow/.local/lib/python3.8/site-packages/airflow/example_dags/example_branch_datetime_operator.py
[2024-07-02T09:13:40.439+0000] {processor.py:830} INFO - Processing file /home/airflow/.local/lib/python3.8/site-packages/airflow/example_dags/example_branch_datetime_operator.py for tasks to queue
[2024-07-02T09:13:40.441+0000] {logging_mixin.py:188} INFO - [2024-07-02T09:13:40.440+0000] {dagbag.py:538} INFO - Filling up the DagBag from /home/airflow/.local/lib/python3.8/site-packages/airflow/example_dags/example_branch_datetime_operator.py
[2024-07-02T09:13:40.451+0000] {processor.py:840} INFO - DAG(s) 'example_branch_datetime_operator_3', 'example_branch_datetime_operator', 'example_branch_datetime_operator_2' retrieved from /home/airflow/.local/lib/python3.8/site-packages/airflow/example_dags/example_branch_datetime_operator.py
[2024-07-02T09:13:40.485+0000] {logging_mixin.py:188} INFO - [2024-07-02T09:13:40.485+0000] {dag.py:3033} INFO - Sync 3 DAGs
[2024-07-02T09:13:40.515+0000] {logging_mixin.py:188} INFO - [2024-07-02T09:13:40.515+0000] {dag.py:3820} INFO - Setting next_dagrun for example_branch_datetime_operator to 2024-07-01T00:00:00+00:00, run_after=2024-07-02T00:00:00+00:00
[2024-07-02T09:13:40.522+0000] {logging_mixin.py:188} INFO - [2024-07-02T09:13:40.522+0000] {dag.py:3820} INFO - Setting next_dagrun for example_branch_datetime_operator_2 to 2024-07-01T00:00:00+00:00, run_after=2024-07-02T00:00:00+00:00
[2024-07-02T09:13:40.526+0000] {logging_mixin.py:188} INFO - [2024-07-02T09:13:40.526+0000] {dag.py:3820} INFO - Setting next_dagrun for example_branch_datetime_operator_3 to 2024-07-01T00:00:00+00:00, run_after=2024-07-02T00:00:00+00:00
[2024-07-02T09:13:40.556+0000] {processor.py:183} INFO - Processing /home/airflow/.local/lib/python3.8/site-packages/airflow/example_dags/example_branch_datetime_operator.py took 0.124 seconds
[2024-07-02T09:14:10.947+0000] {processor.py:161} INFO - Started process (PID=1152) to work on /home/airflow/.local/lib/python3.8/site-packages/airflow/example_dags/example_branch_datetime_operator.py
[2024-07-02T09:14:10.948+0000] {processor.py:830} INFO - Processing file /home/airflow/.local/lib/python3.8/site-packages/airflow/example_dags/example_branch_datetime_operator.py for tasks to queue
[2024-07-02T09:14:10.949+0000] {logging_mixin.py:188} INFO - [2024-07-02T09:14:10.949+0000] {dagbag.py:538} INFO - Filling up the DagBag from /home/airflow/.local/lib/python3.8/site-packages/airflow/example_dags/example_branch_datetime_operator.py
[2024-07-02T09:14:10.959+0000] {processor.py:840} INFO - DAG(s) 'example_branch_datetime_operator_3', 'example_branch_datetime_operator', 'example_branch_datetime_operator_2' retrieved from /home/airflow/.local/lib/python3.8/site-packages/airflow/example_dags/example_branch_datetime_operator.py
[2024-07-02T09:14:10.984+0000] {logging_mixin.py:188} INFO - [2024-07-02T09:14:10.984+0000] {dag.py:3033} INFO - Sync 3 DAGs
[2024-07-02T09:14:11.006+0000] {logging_mixin.py:188} INFO - [2024-07-02T09:14:11.006+0000] {dag.py:3820} INFO - Setting next_dagrun for example_branch_datetime_operator to 2024-07-01T00:00:00+00:00, run_after=2024-07-02T00:00:00+00:00
[2024-07-02T09:14:11.012+0000] {logging_mixin.py:188} INFO - [2024-07-02T09:14:11.012+0000] {dag.py:3820} INFO - Setting next_dagrun for example_branch_datetime_operator_2 to 2024-07-01T00:00:00+00:00, run_after=2024-07-02T00:00:00+00:00
[2024-07-02T09:14:11.015+0000] {logging_mixin.py:188} INFO - [2024-07-02T09:14:11.015+0000] {dag.py:3820} INFO - Setting next_dagrun for example_branch_datetime_operator_3 to 2024-07-01T00:00:00+00:00, run_after=2024-07-02T00:00:00+00:00
[2024-07-02T09:14:11.031+0000] {processor.py:183} INFO - Processing /home/airflow/.local/lib/python3.8/site-packages/airflow/example_dags/example_branch_datetime_operator.py took 0.086 seconds
[2024-07-02T09:14:41.394+0000] {processor.py:161} INFO - Started process (PID=1207) to work on /home/airflow/.local/lib/python3.8/site-packages/airflow/example_dags/example_branch_datetime_operator.py
[2024-07-02T09:14:41.395+0000] {processor.py:830} INFO - Processing file /home/airflow/.local/lib/python3.8/site-packages/airflow/example_dags/example_branch_datetime_operator.py for tasks to queue
[2024-07-02T09:14:41.397+0000] {logging_mixin.py:188} INFO - [2024-07-02T09:14:41.397+0000] {dagbag.py:538} INFO - Filling up the DagBag from /home/airflow/.local/lib/python3.8/site-packages/airflow/example_dags/example_branch_datetime_operator.py
[2024-07-02T09:14:41.407+0000] {processor.py:840} INFO - DAG(s) 'example_branch_datetime_operator_3', 'example_branch_datetime_operator', 'example_branch_datetime_operator_2' retrieved from /home/airflow/.local/lib/python3.8/site-packages/airflow/example_dags/example_branch_datetime_operator.py
[2024-07-02T09:14:41.434+0000] {logging_mixin.py:188} INFO - [2024-07-02T09:14:41.434+0000] {dag.py:3033} INFO - Sync 3 DAGs
[2024-07-02T09:14:41.457+0000] {logging_mixin.py:188} INFO - [2024-07-02T09:14:41.457+0000] {dag.py:3820} INFO - Setting next_dagrun for example_branch_datetime_operator to 2024-07-01T00:00:00+00:00, run_after=2024-07-02T00:00:00+00:00
[2024-07-02T09:14:41.462+0000] {logging_mixin.py:188} INFO - [2024-07-02T09:14:41.461+0000] {dag.py:3820} INFO - Setting next_dagrun for example_branch_datetime_operator_2 to 2024-07-01T00:00:00+00:00, run_after=2024-07-02T00:00:00+00:00
[2024-07-02T09:14:41.464+0000] {logging_mixin.py:188} INFO - [2024-07-02T09:14:41.464+0000] {dag.py:3820} INFO - Setting next_dagrun for example_branch_datetime_operator_3 to 2024-07-01T00:00:00+00:00, run_after=2024-07-02T00:00:00+00:00
[2024-07-02T09:14:41.480+0000] {processor.py:183} INFO - Processing /home/airflow/.local/lib/python3.8/site-packages/airflow/example_dags/example_branch_datetime_operator.py took 0.089 seconds
[2024-07-02T09:15:11.973+0000] {processor.py:161} INFO - Started process (PID=1262) to work on /home/airflow/.local/lib/python3.8/site-packages/airflow/example_dags/example_branch_datetime_operator.py
[2024-07-02T09:15:11.973+0000] {processor.py:830} INFO - Processing file /home/airflow/.local/lib/python3.8/site-packages/airflow/example_dags/example_branch_datetime_operator.py for tasks to queue
[2024-07-02T09:15:11.975+0000] {logging_mixin.py:188} INFO - [2024-07-02T09:15:11.975+0000] {dagbag.py:538} INFO - Filling up the DagBag from /home/airflow/.local/lib/python3.8/site-packages/airflow/example_dags/example_branch_datetime_operator.py
[2024-07-02T09:15:11.985+0000] {processor.py:840} INFO - DAG(s) 'example_branch_datetime_operator_3', 'example_branch_datetime_operator', 'example_branch_datetime_operator_2' retrieved from /home/airflow/.local/lib/python3.8/site-packages/airflow/example_dags/example_branch_datetime_operator.py
[2024-07-02T09:15:12.018+0000] {logging_mixin.py:188} INFO - [2024-07-02T09:15:12.018+0000] {dag.py:3033} INFO - Sync 3 DAGs
[2024-07-02T09:15:12.047+0000] {logging_mixin.py:188} INFO - [2024-07-02T09:15:12.047+0000] {dag.py:3820} INFO - Setting next_dagrun for example_branch_datetime_operator to 2024-07-01T00:00:00+00:00, run_after=2024-07-02T00:00:00+00:00
[2024-07-02T09:15:12.052+0000] {logging_mixin.py:188} INFO - [2024-07-02T09:15:12.052+0000] {dag.py:3820} INFO - Setting next_dagrun for example_branch_datetime_operator_2 to 2024-07-01T00:00:00+00:00, run_after=2024-07-02T00:00:00+00:00
[2024-07-02T09:15:12.054+0000] {logging_mixin.py:188} INFO - [2024-07-02T09:15:12.054+0000] {dag.py:3820} INFO - Setting next_dagrun for example_branch_datetime_operator_3 to 2024-07-01T00:00:00+00:00, run_after=2024-07-02T00:00:00+00:00
[2024-07-02T09:15:12.069+0000] {processor.py:183} INFO - Processing /home/airflow/.local/lib/python3.8/site-packages/airflow/example_dags/example_branch_datetime_operator.py took 0.099 seconds
[2024-07-02T09:15:42.379+0000] {processor.py:161} INFO - Started process (PID=1317) to work on /home/airflow/.local/lib/python3.8/site-packages/airflow/example_dags/example_branch_datetime_operator.py
[2024-07-02T09:15:42.379+0000] {processor.py:830} INFO - Processing file /home/airflow/.local/lib/python3.8/site-packages/airflow/example_dags/example_branch_datetime_operator.py for tasks to queue
[2024-07-02T09:15:42.381+0000] {logging_mixin.py:188} INFO - [2024-07-02T09:15:42.381+0000] {dagbag.py:538} INFO - Filling up the DagBag from /home/airflow/.local/lib/python3.8/site-packages/airflow/example_dags/example_branch_datetime_operator.py
[2024-07-02T09:15:42.391+0000] {processor.py:840} INFO - DAG(s) 'example_branch_datetime_operator_2', 'example_branch_datetime_operator_3', 'example_branch_datetime_operator' retrieved from /home/airflow/.local/lib/python3.8/site-packages/airflow/example_dags/example_branch_datetime_operator.py
[2024-07-02T09:15:42.417+0000] {logging_mixin.py:188} INFO - [2024-07-02T09:15:42.417+0000] {dag.py:3033} INFO - Sync 3 DAGs
[2024-07-02T09:15:42.441+0000] {logging_mixin.py:188} INFO - [2024-07-02T09:15:42.440+0000] {dag.py:3820} INFO - Setting next_dagrun for example_branch_datetime_operator to 2024-07-01T00:00:00+00:00, run_after=2024-07-02T00:00:00+00:00
[2024-07-02T09:15:42.446+0000] {logging_mixin.py:188} INFO - [2024-07-02T09:15:42.446+0000] {dag.py:3820} INFO - Setting next_dagrun for example_branch_datetime_operator_2 to 2024-07-01T00:00:00+00:00, run_after=2024-07-02T00:00:00+00:00
[2024-07-02T09:15:42.449+0000] {logging_mixin.py:188} INFO - [2024-07-02T09:15:42.449+0000] {dag.py:3820} INFO - Setting next_dagrun for example_branch_datetime_operator_3 to 2024-07-01T00:00:00+00:00, run_after=2024-07-02T00:00:00+00:00
[2024-07-02T09:15:42.466+0000] {processor.py:183} INFO - Processing /home/airflow/.local/lib/python3.8/site-packages/airflow/example_dags/example_branch_datetime_operator.py took 0.090 seconds
[2024-07-02T09:16:13.055+0000] {processor.py:161} INFO - Started process (PID=1371) to work on /home/airflow/.local/lib/python3.8/site-packages/airflow/example_dags/example_branch_datetime_operator.py
[2024-07-02T09:16:13.058+0000] {processor.py:830} INFO - Processing file /home/airflow/.local/lib/python3.8/site-packages/airflow/example_dags/example_branch_datetime_operator.py for tasks to queue
[2024-07-02T09:16:13.060+0000] {logging_mixin.py:188} INFO - [2024-07-02T09:16:13.060+0000] {dagbag.py:538} INFO - Filling up the DagBag from /home/airflow/.local/lib/python3.8/site-packages/airflow/example_dags/example_branch_datetime_operator.py
[2024-07-02T09:16:13.072+0000] {processor.py:840} INFO - DAG(s) 'example_branch_datetime_operator', 'example_branch_datetime_operator_2', 'example_branch_datetime_operator_3' retrieved from /home/airflow/.local/lib/python3.8/site-packages/airflow/example_dags/example_branch_datetime_operator.py
[2024-07-02T09:16:13.098+0000] {logging_mixin.py:188} INFO - [2024-07-02T09:16:13.098+0000] {dag.py:3033} INFO - Sync 3 DAGs
[2024-07-02T09:16:13.119+0000] {logging_mixin.py:188} INFO - [2024-07-02T09:16:13.118+0000] {dag.py:3820} INFO - Setting next_dagrun for example_branch_datetime_operator to 2024-07-01T00:00:00+00:00, run_after=2024-07-02T00:00:00+00:00
[2024-07-02T09:16:13.123+0000] {logging_mixin.py:188} INFO - [2024-07-02T09:16:13.123+0000] {dag.py:3820} INFO - Setting next_dagrun for example_branch_datetime_operator_2 to 2024-07-01T00:00:00+00:00, run_after=2024-07-02T00:00:00+00:00
[2024-07-02T09:16:13.125+0000] {logging_mixin.py:188} INFO - [2024-07-02T09:16:13.125+0000] {dag.py:3820} INFO - Setting next_dagrun for example_branch_datetime_operator_3 to 2024-07-01T00:00:00+00:00, run_after=2024-07-02T00:00:00+00:00
[2024-07-02T09:16:13.140+0000] {processor.py:183} INFO - Processing /home/airflow/.local/lib/python3.8/site-packages/airflow/example_dags/example_branch_datetime_operator.py took 0.088 seconds
[2024-07-02T09:16:43.623+0000] {processor.py:161} INFO - Started process (PID=1426) to work on /home/airflow/.local/lib/python3.8/site-packages/airflow/example_dags/example_branch_datetime_operator.py
[2024-07-02T09:16:43.624+0000] {processor.py:830} INFO - Processing file /home/airflow/.local/lib/python3.8/site-packages/airflow/example_dags/example_branch_datetime_operator.py for tasks to queue
[2024-07-02T09:16:43.625+0000] {logging_mixin.py:188} INFO - [2024-07-02T09:16:43.625+0000] {dagbag.py:538} INFO - Filling up the DagBag from /home/airflow/.local/lib/python3.8/site-packages/airflow/example_dags/example_branch_datetime_operator.py
[2024-07-02T09:16:43.635+0000] {processor.py:840} INFO - DAG(s) 'example_branch_datetime_operator_3', 'example_branch_datetime_operator_2', 'example_branch_datetime_operator' retrieved from /home/airflow/.local/lib/python3.8/site-packages/airflow/example_dags/example_branch_datetime_operator.py
[2024-07-02T09:16:43.662+0000] {logging_mixin.py:188} INFO - [2024-07-02T09:16:43.662+0000] {dag.py:3033} INFO - Sync 3 DAGs
[2024-07-02T09:16:43.685+0000] {logging_mixin.py:188} INFO - [2024-07-02T09:16:43.685+0000] {dag.py:3820} INFO - Setting next_dagrun for example_branch_datetime_operator to 2024-07-01T00:00:00+00:00, run_after=2024-07-02T00:00:00+00:00
[2024-07-02T09:16:43.690+0000] {logging_mixin.py:188} INFO - [2024-07-02T09:16:43.690+0000] {dag.py:3820} INFO - Setting next_dagrun for example_branch_datetime_operator_2 to 2024-07-01T00:00:00+00:00, run_after=2024-07-02T00:00:00+00:00
[2024-07-02T09:16:43.693+0000] {logging_mixin.py:188} INFO - [2024-07-02T09:16:43.692+0000] {dag.py:3820} INFO - Setting next_dagrun for example_branch_datetime_operator_3 to 2024-07-01T00:00:00+00:00, run_after=2024-07-02T00:00:00+00:00
[2024-07-02T09:16:43.708+0000] {processor.py:183} INFO - Processing /home/airflow/.local/lib/python3.8/site-packages/airflow/example_dags/example_branch_datetime_operator.py took 0.088 seconds
[2024-07-02T09:17:14.130+0000] {processor.py:161} INFO - Started process (PID=1481) to work on /home/airflow/.local/lib/python3.8/site-packages/airflow/example_dags/example_branch_datetime_operator.py
[2024-07-02T09:17:14.131+0000] {processor.py:830} INFO - Processing file /home/airflow/.local/lib/python3.8/site-packages/airflow/example_dags/example_branch_datetime_operator.py for tasks to queue
[2024-07-02T09:17:14.132+0000] {logging_mixin.py:188} INFO - [2024-07-02T09:17:14.132+0000] {dagbag.py:538} INFO - Filling up the DagBag from /home/airflow/.local/lib/python3.8/site-packages/airflow/example_dags/example_branch_datetime_operator.py
[2024-07-02T09:17:14.142+0000] {processor.py:840} INFO - DAG(s) 'example_branch_datetime_operator', 'example_branch_datetime_operator_2', 'example_branch_datetime_operator_3' retrieved from /home/airflow/.local/lib/python3.8/site-packages/airflow/example_dags/example_branch_datetime_operator.py
[2024-07-02T09:17:14.169+0000] {logging_mixin.py:188} INFO - [2024-07-02T09:17:14.169+0000] {dag.py:3033} INFO - Sync 3 DAGs
[2024-07-02T09:17:14.192+0000] {logging_mixin.py:188} INFO - [2024-07-02T09:17:14.192+0000] {dag.py:3820} INFO - Setting next_dagrun for example_branch_datetime_operator to 2024-07-01T00:00:00+00:00, run_after=2024-07-02T00:00:00+00:00
[2024-07-02T09:17:14.197+0000] {logging_mixin.py:188} INFO - [2024-07-02T09:17:14.197+0000] {dag.py:3820} INFO - Setting next_dagrun for example_branch_datetime_operator_2 to 2024-07-01T00:00:00+00:00, run_after=2024-07-02T00:00:00+00:00
[2024-07-02T09:17:14.199+0000] {logging_mixin.py:188} INFO - [2024-07-02T09:17:14.199+0000] {dag.py:3820} INFO - Setting next_dagrun for example_branch_datetime_operator_3 to 2024-07-01T00:00:00+00:00, run_after=2024-07-02T00:00:00+00:00
[2024-07-02T09:17:14.214+0000] {processor.py:183} INFO - Processing /home/airflow/.local/lib/python3.8/site-packages/airflow/example_dags/example_branch_datetime_operator.py took 0.087 seconds
[2024-07-02T09:17:44.560+0000] {processor.py:161} INFO - Started process (PID=1537) to work on /home/airflow/.local/lib/python3.8/site-packages/airflow/example_dags/example_branch_datetime_operator.py
[2024-07-02T09:17:44.560+0000] {processor.py:830} INFO - Processing file /home/airflow/.local/lib/python3.8/site-packages/airflow/example_dags/example_branch_datetime_operator.py for tasks to queue
[2024-07-02T09:17:44.562+0000] {logging_mixin.py:188} INFO - [2024-07-02T09:17:44.562+0000] {dagbag.py:538} INFO - Filling up the DagBag from /home/airflow/.local/lib/python3.8/site-packages/airflow/example_dags/example_branch_datetime_operator.py
[2024-07-02T09:17:44.571+0000] {processor.py:840} INFO - DAG(s) 'example_branch_datetime_operator', 'example_branch_datetime_operator_3', 'example_branch_datetime_operator_2' retrieved from /home/airflow/.local/lib/python3.8/site-packages/airflow/example_dags/example_branch_datetime_operator.py
[2024-07-02T09:17:44.597+0000] {logging_mixin.py:188} INFO - [2024-07-02T09:17:44.597+0000] {dag.py:3033} INFO - Sync 3 DAGs
[2024-07-02T09:17:44.620+0000] {logging_mixin.py:188} INFO - [2024-07-02T09:17:44.619+0000] {dag.py:3820} INFO - Setting next_dagrun for example_branch_datetime_operator to 2024-07-01T00:00:00+00:00, run_after=2024-07-02T00:00:00+00:00
[2024-07-02T09:17:44.625+0000] {logging_mixin.py:188} INFO - [2024-07-02T09:17:44.625+0000] {dag.py:3820} INFO - Setting next_dagrun for example_branch_datetime_operator_2 to 2024-07-01T00:00:00+00:00, run_after=2024-07-02T00:00:00+00:00
[2024-07-02T09:17:44.627+0000] {logging_mixin.py:188} INFO - [2024-07-02T09:17:44.627+0000] {dag.py:3820} INFO - Setting next_dagrun for example_branch_datetime_operator_3 to 2024-07-01T00:00:00+00:00, run_after=2024-07-02T00:00:00+00:00
[2024-07-02T09:17:44.643+0000] {processor.py:183} INFO - Processing /home/airflow/.local/lib/python3.8/site-packages/airflow/example_dags/example_branch_datetime_operator.py took 0.086 seconds
[2024-07-02T09:18:15.030+0000] {processor.py:161} INFO - Started process (PID=1592) to work on /home/airflow/.local/lib/python3.8/site-packages/airflow/example_dags/example_branch_datetime_operator.py
[2024-07-02T09:18:15.031+0000] {processor.py:830} INFO - Processing file /home/airflow/.local/lib/python3.8/site-packages/airflow/example_dags/example_branch_datetime_operator.py for tasks to queue
[2024-07-02T09:18:15.033+0000] {logging_mixin.py:188} INFO - [2024-07-02T09:18:15.032+0000] {dagbag.py:538} INFO - Filling up the DagBag from /home/airflow/.local/lib/python3.8/site-packages/airflow/example_dags/example_branch_datetime_operator.py
[2024-07-02T09:18:15.043+0000] {processor.py:840} INFO - DAG(s) 'example_branch_datetime_operator_3', 'example_branch_datetime_operator', 'example_branch_datetime_operator_2' retrieved from /home/airflow/.local/lib/python3.8/site-packages/airflow/example_dags/example_branch_datetime_operator.py
[2024-07-02T09:18:15.070+0000] {logging_mixin.py:188} INFO - [2024-07-02T09:18:15.070+0000] {dag.py:3033} INFO - Sync 3 DAGs
[2024-07-02T09:18:15.092+0000] {logging_mixin.py:188} INFO - [2024-07-02T09:18:15.092+0000] {dag.py:3820} INFO - Setting next_dagrun for example_branch_datetime_operator to 2024-07-01T00:00:00+00:00, run_after=2024-07-02T00:00:00+00:00
[2024-07-02T09:18:15.097+0000] {logging_mixin.py:188} INFO - [2024-07-02T09:18:15.097+0000] {dag.py:3820} INFO - Setting next_dagrun for example_branch_datetime_operator_2 to 2024-07-01T00:00:00+00:00, run_after=2024-07-02T00:00:00+00:00
[2024-07-02T09:18:15.101+0000] {logging_mixin.py:188} INFO - [2024-07-02T09:18:15.100+0000] {dag.py:3820} INFO - Setting next_dagrun for example_branch_datetime_operator_3 to 2024-07-01T00:00:00+00:00, run_after=2024-07-02T00:00:00+00:00
[2024-07-02T09:18:15.117+0000] {processor.py:183} INFO - Processing /home/airflow/.local/lib/python3.8/site-packages/airflow/example_dags/example_branch_datetime_operator.py took 0.089 seconds
[2024-07-02T09:18:45.517+0000] {processor.py:161} INFO - Started process (PID=1647) to work on /home/airflow/.local/lib/python3.8/site-packages/airflow/example_dags/example_branch_datetime_operator.py
[2024-07-02T09:18:45.517+0000] {processor.py:830} INFO - Processing file /home/airflow/.local/lib/python3.8/site-packages/airflow/example_dags/example_branch_datetime_operator.py for tasks to queue
[2024-07-02T09:18:45.519+0000] {logging_mixin.py:188} INFO - [2024-07-02T09:18:45.519+0000] {dagbag.py:538} INFO - Filling up the DagBag from /home/airflow/.local/lib/python3.8/site-packages/airflow/example_dags/example_branch_datetime_operator.py
[2024-07-02T09:18:45.529+0000] {processor.py:840} INFO - DAG(s) 'example_branch_datetime_operator', 'example_branch_datetime_operator_3', 'example_branch_datetime_operator_2' retrieved from /home/airflow/.local/lib/python3.8/site-packages/airflow/example_dags/example_branch_datetime_operator.py
[2024-07-02T09:18:45.557+0000] {logging_mixin.py:188} INFO - [2024-07-02T09:18:45.557+0000] {dag.py:3033} INFO - Sync 3 DAGs
[2024-07-02T09:18:45.586+0000] {logging_mixin.py:188} INFO - [2024-07-02T09:18:45.585+0000] {dag.py:3820} INFO - Setting next_dagrun for example_branch_datetime_operator to 2024-07-01T00:00:00+00:00, run_after=2024-07-02T00:00:00+00:00
[2024-07-02T09:18:45.593+0000] {logging_mixin.py:188} INFO - [2024-07-02T09:18:45.592+0000] {dag.py:3820} INFO - Setting next_dagrun for example_branch_datetime_operator_2 to 2024-07-01T00:00:00+00:00, run_after=2024-07-02T00:00:00+00:00
[2024-07-02T09:18:45.596+0000] {logging_mixin.py:188} INFO - [2024-07-02T09:18:45.596+0000] {dag.py:3820} INFO - Setting next_dagrun for example_branch_datetime_operator_3 to 2024-07-01T00:00:00+00:00, run_after=2024-07-02T00:00:00+00:00
[2024-07-02T09:18:45.613+0000] {processor.py:183} INFO - Processing /home/airflow/.local/lib/python3.8/site-packages/airflow/example_dags/example_branch_datetime_operator.py took 0.099 seconds
[2024-07-02T09:19:15.955+0000] {processor.py:161} INFO - Started process (PID=1702) to work on /home/airflow/.local/lib/python3.8/site-packages/airflow/example_dags/example_branch_datetime_operator.py
[2024-07-02T09:19:15.956+0000] {processor.py:830} INFO - Processing file /home/airflow/.local/lib/python3.8/site-packages/airflow/example_dags/example_branch_datetime_operator.py for tasks to queue
[2024-07-02T09:19:15.958+0000] {logging_mixin.py:188} INFO - [2024-07-02T09:19:15.957+0000] {dagbag.py:538} INFO - Filling up the DagBag from /home/airflow/.local/lib/python3.8/site-packages/airflow/example_dags/example_branch_datetime_operator.py
[2024-07-02T09:19:15.968+0000] {processor.py:840} INFO - DAG(s) 'example_branch_datetime_operator_2', 'example_branch_datetime_operator_3', 'example_branch_datetime_operator' retrieved from /home/airflow/.local/lib/python3.8/site-packages/airflow/example_dags/example_branch_datetime_operator.py
[2024-07-02T09:19:16.001+0000] {logging_mixin.py:188} INFO - [2024-07-02T09:19:16.001+0000] {dag.py:3033} INFO - Sync 3 DAGs
[2024-07-02T09:19:16.029+0000] {logging_mixin.py:188} INFO - [2024-07-02T09:19:16.029+0000] {dag.py:3820} INFO - Setting next_dagrun for example_branch_datetime_operator to 2024-07-01T00:00:00+00:00, run_after=2024-07-02T00:00:00+00:00
[2024-07-02T09:19:16.034+0000] {logging_mixin.py:188} INFO - [2024-07-02T09:19:16.034+0000] {dag.py:3820} INFO - Setting next_dagrun for example_branch_datetime_operator_2 to 2024-07-01T00:00:00+00:00, run_after=2024-07-02T00:00:00+00:00
[2024-07-02T09:19:16.037+0000] {logging_mixin.py:188} INFO - [2024-07-02T09:19:16.037+0000] {dag.py:3820} INFO - Setting next_dagrun for example_branch_datetime_operator_3 to 2024-07-01T00:00:00+00:00, run_after=2024-07-02T00:00:00+00:00
[2024-07-02T09:19:16.056+0000] {processor.py:183} INFO - Processing /home/airflow/.local/lib/python3.8/site-packages/airflow/example_dags/example_branch_datetime_operator.py took 0.103 seconds
[2024-07-02T09:19:46.161+0000] {processor.py:161} INFO - Started process (PID=1756) to work on /home/airflow/.local/lib/python3.8/site-packages/airflow/example_dags/example_branch_datetime_operator.py
[2024-07-02T09:19:46.162+0000] {processor.py:830} INFO - Processing file /home/airflow/.local/lib/python3.8/site-packages/airflow/example_dags/example_branch_datetime_operator.py for tasks to queue
[2024-07-02T09:19:46.165+0000] {logging_mixin.py:188} INFO - [2024-07-02T09:19:46.164+0000] {dagbag.py:538} INFO - Filling up the DagBag from /home/airflow/.local/lib/python3.8/site-packages/airflow/example_dags/example_branch_datetime_operator.py
[2024-07-02T09:19:46.181+0000] {processor.py:840} INFO - DAG(s) 'example_branch_datetime_operator', 'example_branch_datetime_operator_3', 'example_branch_datetime_operator_2' retrieved from /home/airflow/.local/lib/python3.8/site-packages/airflow/example_dags/example_branch_datetime_operator.py
[2024-07-02T09:19:46.226+0000] {logging_mixin.py:188} INFO - [2024-07-02T09:19:46.226+0000] {dag.py:3033} INFO - Sync 3 DAGs
[2024-07-02T09:19:46.262+0000] {logging_mixin.py:188} INFO - [2024-07-02T09:19:46.262+0000] {dag.py:3820} INFO - Setting next_dagrun for example_branch_datetime_operator to 2024-07-01T00:00:00+00:00, run_after=2024-07-02T00:00:00+00:00
[2024-07-02T09:19:46.270+0000] {logging_mixin.py:188} INFO - [2024-07-02T09:19:46.270+0000] {dag.py:3820} INFO - Setting next_dagrun for example_branch_datetime_operator_2 to 2024-07-01T00:00:00+00:00, run_after=2024-07-02T00:00:00+00:00
[2024-07-02T09:19:46.274+0000] {logging_mixin.py:188} INFO - [2024-07-02T09:19:46.274+0000] {dag.py:3820} INFO - Setting next_dagrun for example_branch_datetime_operator_3 to 2024-07-01T00:00:00+00:00, run_after=2024-07-02T00:00:00+00:00
[2024-07-02T09:19:46.294+0000] {processor.py:183} INFO - Processing /home/airflow/.local/lib/python3.8/site-packages/airflow/example_dags/example_branch_datetime_operator.py took 0.137 seconds
[2024-07-02T09:20:16.799+0000] {processor.py:161} INFO - Started process (PID=1810) to work on /home/airflow/.local/lib/python3.8/site-packages/airflow/example_dags/example_branch_datetime_operator.py
[2024-07-02T09:20:16.800+0000] {processor.py:830} INFO - Processing file /home/airflow/.local/lib/python3.8/site-packages/airflow/example_dags/example_branch_datetime_operator.py for tasks to queue
[2024-07-02T09:20:16.801+0000] {logging_mixin.py:188} INFO - [2024-07-02T09:20:16.801+0000] {dagbag.py:538} INFO - Filling up the DagBag from /home/airflow/.local/lib/python3.8/site-packages/airflow/example_dags/example_branch_datetime_operator.py
[2024-07-02T09:20:16.810+0000] {processor.py:840} INFO - DAG(s) 'example_branch_datetime_operator_2', 'example_branch_datetime_operator_3', 'example_branch_datetime_operator' retrieved from /home/airflow/.local/lib/python3.8/site-packages/airflow/example_dags/example_branch_datetime_operator.py
[2024-07-02T09:20:16.835+0000] {logging_mixin.py:188} INFO - [2024-07-02T09:20:16.835+0000] {dag.py:3033} INFO - Sync 3 DAGs
[2024-07-02T09:20:16.863+0000] {logging_mixin.py:188} INFO - [2024-07-02T09:20:16.862+0000] {dag.py:3820} INFO - Setting next_dagrun for example_branch_datetime_operator to 2024-07-01T00:00:00+00:00, run_after=2024-07-02T00:00:00+00:00
[2024-07-02T09:20:16.870+0000] {logging_mixin.py:188} INFO - [2024-07-02T09:20:16.869+0000] {dag.py:3820} INFO - Setting next_dagrun for example_branch_datetime_operator_2 to 2024-07-01T00:00:00+00:00, run_after=2024-07-02T00:00:00+00:00
[2024-07-02T09:20:16.874+0000] {logging_mixin.py:188} INFO - [2024-07-02T09:20:16.874+0000] {dag.py:3820} INFO - Setting next_dagrun for example_branch_datetime_operator_3 to 2024-07-01T00:00:00+00:00, run_after=2024-07-02T00:00:00+00:00
[2024-07-02T09:20:16.893+0000] {processor.py:183} INFO - Processing /home/airflow/.local/lib/python3.8/site-packages/airflow/example_dags/example_branch_datetime_operator.py took 0.097 seconds
[2024-07-02T09:20:47.387+0000] {processor.py:161} INFO - Started process (PID=1865) to work on /home/airflow/.local/lib/python3.8/site-packages/airflow/example_dags/example_branch_datetime_operator.py
[2024-07-02T09:20:47.388+0000] {processor.py:830} INFO - Processing file /home/airflow/.local/lib/python3.8/site-packages/airflow/example_dags/example_branch_datetime_operator.py for tasks to queue
[2024-07-02T09:20:47.390+0000] {logging_mixin.py:188} INFO - [2024-07-02T09:20:47.390+0000] {dagbag.py:538} INFO - Filling up the DagBag from /home/airflow/.local/lib/python3.8/site-packages/airflow/example_dags/example_branch_datetime_operator.py
[2024-07-02T09:20:47.406+0000] {processor.py:840} INFO - DAG(s) 'example_branch_datetime_operator_3', 'example_branch_datetime_operator_2', 'example_branch_datetime_operator' retrieved from /home/airflow/.local/lib/python3.8/site-packages/airflow/example_dags/example_branch_datetime_operator.py
[2024-07-02T09:20:47.441+0000] {logging_mixin.py:188} INFO - [2024-07-02T09:20:47.441+0000] {dag.py:3033} INFO - Sync 3 DAGs
[2024-07-02T09:20:47.467+0000] {logging_mixin.py:188} INFO - [2024-07-02T09:20:47.466+0000] {dag.py:3820} INFO - Setting next_dagrun for example_branch_datetime_operator to 2024-07-01T00:00:00+00:00, run_after=2024-07-02T00:00:00+00:00
[2024-07-02T09:20:47.472+0000] {logging_mixin.py:188} INFO - [2024-07-02T09:20:47.472+0000] {dag.py:3820} INFO - Setting next_dagrun for example_branch_datetime_operator_2 to 2024-07-01T00:00:00+00:00, run_after=2024-07-02T00:00:00+00:00
[2024-07-02T09:20:47.475+0000] {logging_mixin.py:188} INFO - [2024-07-02T09:20:47.475+0000] {dag.py:3820} INFO - Setting next_dagrun for example_branch_datetime_operator_3 to 2024-07-01T00:00:00+00:00, run_after=2024-07-02T00:00:00+00:00
[2024-07-02T09:20:47.492+0000] {processor.py:183} INFO - Processing /home/airflow/.local/lib/python3.8/site-packages/airflow/example_dags/example_branch_datetime_operator.py took 0.108 seconds
[2024-07-02T09:21:18.472+0000] {processor.py:161} INFO - Started process (PID=1920) to work on /home/airflow/.local/lib/python3.8/site-packages/airflow/example_dags/example_branch_datetime_operator.py
[2024-07-02T09:21:18.473+0000] {processor.py:830} INFO - Processing file /home/airflow/.local/lib/python3.8/site-packages/airflow/example_dags/example_branch_datetime_operator.py for tasks to queue
[2024-07-02T09:21:18.476+0000] {logging_mixin.py:188} INFO - [2024-07-02T09:21:18.476+0000] {dagbag.py:538} INFO - Filling up the DagBag from /home/airflow/.local/lib/python3.8/site-packages/airflow/example_dags/example_branch_datetime_operator.py
[2024-07-02T09:21:18.489+0000] {processor.py:840} INFO - DAG(s) 'example_branch_datetime_operator_3', 'example_branch_datetime_operator', 'example_branch_datetime_operator_2' retrieved from /home/airflow/.local/lib/python3.8/site-packages/airflow/example_dags/example_branch_datetime_operator.py
[2024-07-02T09:21:18.530+0000] {logging_mixin.py:188} INFO - [2024-07-02T09:21:18.530+0000] {dag.py:3033} INFO - Sync 3 DAGs
[2024-07-02T09:21:18.568+0000] {logging_mixin.py:188} INFO - [2024-07-02T09:21:18.568+0000] {dag.py:3820} INFO - Setting next_dagrun for example_branch_datetime_operator to 2024-07-01T00:00:00+00:00, run_after=2024-07-02T00:00:00+00:00
[2024-07-02T09:21:18.575+0000] {logging_mixin.py:188} INFO - [2024-07-02T09:21:18.575+0000] {dag.py:3820} INFO - Setting next_dagrun for example_branch_datetime_operator_2 to 2024-07-01T00:00:00+00:00, run_after=2024-07-02T00:00:00+00:00
[2024-07-02T09:21:18.578+0000] {logging_mixin.py:188} INFO - [2024-07-02T09:21:18.578+0000] {dag.py:3820} INFO - Setting next_dagrun for example_branch_datetime_operator_3 to 2024-07-01T00:00:00+00:00, run_after=2024-07-02T00:00:00+00:00
[2024-07-02T09:21:18.596+0000] {processor.py:183} INFO - Processing /home/airflow/.local/lib/python3.8/site-packages/airflow/example_dags/example_branch_datetime_operator.py took 0.128 seconds
[2024-07-02T09:21:48.929+0000] {processor.py:161} INFO - Started process (PID=1974) to work on /home/airflow/.local/lib/python3.8/site-packages/airflow/example_dags/example_branch_datetime_operator.py
[2024-07-02T09:21:48.929+0000] {processor.py:830} INFO - Processing file /home/airflow/.local/lib/python3.8/site-packages/airflow/example_dags/example_branch_datetime_operator.py for tasks to queue
[2024-07-02T09:21:48.931+0000] {logging_mixin.py:188} INFO - [2024-07-02T09:21:48.931+0000] {dagbag.py:538} INFO - Filling up the DagBag from /home/airflow/.local/lib/python3.8/site-packages/airflow/example_dags/example_branch_datetime_operator.py
[2024-07-02T09:21:48.943+0000] {processor.py:840} INFO - DAG(s) 'example_branch_datetime_operator_3', 'example_branch_datetime_operator', 'example_branch_datetime_operator_2' retrieved from /home/airflow/.local/lib/python3.8/site-packages/airflow/example_dags/example_branch_datetime_operator.py
[2024-07-02T09:21:48.978+0000] {logging_mixin.py:188} INFO - [2024-07-02T09:21:48.978+0000] {dag.py:3033} INFO - Sync 3 DAGs
[2024-07-02T09:21:49.009+0000] {logging_mixin.py:188} INFO - [2024-07-02T09:21:49.008+0000] {dag.py:3820} INFO - Setting next_dagrun for example_branch_datetime_operator to 2024-07-01T00:00:00+00:00, run_after=2024-07-02T00:00:00+00:00
[2024-07-02T09:21:49.015+0000] {logging_mixin.py:188} INFO - [2024-07-02T09:21:49.015+0000] {dag.py:3820} INFO - Setting next_dagrun for example_branch_datetime_operator_2 to 2024-07-01T00:00:00+00:00, run_after=2024-07-02T00:00:00+00:00
[2024-07-02T09:21:49.019+0000] {logging_mixin.py:188} INFO - [2024-07-02T09:21:49.019+0000] {dag.py:3820} INFO - Setting next_dagrun for example_branch_datetime_operator_3 to 2024-07-01T00:00:00+00:00, run_after=2024-07-02T00:00:00+00:00
[2024-07-02T09:21:49.039+0000] {processor.py:183} INFO - Processing /home/airflow/.local/lib/python3.8/site-packages/airflow/example_dags/example_branch_datetime_operator.py took 0.114 seconds
[2024-07-02T09:22:19.179+0000] {processor.py:161} INFO - Started process (PID=2029) to work on /home/airflow/.local/lib/python3.8/site-packages/airflow/example_dags/example_branch_datetime_operator.py
[2024-07-02T09:22:19.180+0000] {processor.py:830} INFO - Processing file /home/airflow/.local/lib/python3.8/site-packages/airflow/example_dags/example_branch_datetime_operator.py for tasks to queue
[2024-07-02T09:22:19.182+0000] {logging_mixin.py:188} INFO - [2024-07-02T09:22:19.182+0000] {dagbag.py:538} INFO - Filling up the DagBag from /home/airflow/.local/lib/python3.8/site-packages/airflow/example_dags/example_branch_datetime_operator.py
[2024-07-02T09:22:19.195+0000] {processor.py:840} INFO - DAG(s) 'example_branch_datetime_operator_3', 'example_branch_datetime_operator_2', 'example_branch_datetime_operator' retrieved from /home/airflow/.local/lib/python3.8/site-packages/airflow/example_dags/example_branch_datetime_operator.py
[2024-07-02T09:22:19.230+0000] {logging_mixin.py:188} INFO - [2024-07-02T09:22:19.230+0000] {dag.py:3033} INFO - Sync 3 DAGs
[2024-07-02T09:22:19.256+0000] {logging_mixin.py:188} INFO - [2024-07-02T09:22:19.256+0000] {dag.py:3820} INFO - Setting next_dagrun for example_branch_datetime_operator to 2024-07-01T00:00:00+00:00, run_after=2024-07-02T00:00:00+00:00
[2024-07-02T09:22:19.264+0000] {logging_mixin.py:188} INFO - [2024-07-02T09:22:19.263+0000] {dag.py:3820} INFO - Setting next_dagrun for example_branch_datetime_operator_2 to 2024-07-01T00:00:00+00:00, run_after=2024-07-02T00:00:00+00:00
[2024-07-02T09:22:19.268+0000] {logging_mixin.py:188} INFO - [2024-07-02T09:22:19.268+0000] {dag.py:3820} INFO - Setting next_dagrun for example_branch_datetime_operator_3 to 2024-07-01T00:00:00+00:00, run_after=2024-07-02T00:00:00+00:00
[2024-07-02T09:22:19.289+0000] {processor.py:183} INFO - Processing /home/airflow/.local/lib/python3.8/site-packages/airflow/example_dags/example_branch_datetime_operator.py took 0.113 seconds
[2024-07-02T09:22:49.638+0000] {processor.py:161} INFO - Started process (PID=2084) to work on /home/airflow/.local/lib/python3.8/site-packages/airflow/example_dags/example_branch_datetime_operator.py
[2024-07-02T09:22:49.639+0000] {processor.py:830} INFO - Processing file /home/airflow/.local/lib/python3.8/site-packages/airflow/example_dags/example_branch_datetime_operator.py for tasks to queue
[2024-07-02T09:22:49.641+0000] {logging_mixin.py:188} INFO - [2024-07-02T09:22:49.640+0000] {dagbag.py:538} INFO - Filling up the DagBag from /home/airflow/.local/lib/python3.8/site-packages/airflow/example_dags/example_branch_datetime_operator.py
[2024-07-02T09:22:49.651+0000] {processor.py:840} INFO - DAG(s) 'example_branch_datetime_operator_3', 'example_branch_datetime_operator_2', 'example_branch_datetime_operator' retrieved from /home/airflow/.local/lib/python3.8/site-packages/airflow/example_dags/example_branch_datetime_operator.py
[2024-07-02T09:22:49.684+0000] {logging_mixin.py:188} INFO - [2024-07-02T09:22:49.684+0000] {dag.py:3033} INFO - Sync 3 DAGs
[2024-07-02T09:22:49.715+0000] {logging_mixin.py:188} INFO - [2024-07-02T09:22:49.715+0000] {dag.py:3820} INFO - Setting next_dagrun for example_branch_datetime_operator to 2024-07-01T00:00:00+00:00, run_after=2024-07-02T00:00:00+00:00
[2024-07-02T09:22:49.724+0000] {logging_mixin.py:188} INFO - [2024-07-02T09:22:49.723+0000] {dag.py:3820} INFO - Setting next_dagrun for example_branch_datetime_operator_2 to 2024-07-01T00:00:00+00:00, run_after=2024-07-02T00:00:00+00:00
[2024-07-02T09:22:49.728+0000] {logging_mixin.py:188} INFO - [2024-07-02T09:22:49.727+0000] {dag.py:3820} INFO - Setting next_dagrun for example_branch_datetime_operator_3 to 2024-07-01T00:00:00+00:00, run_after=2024-07-02T00:00:00+00:00
[2024-07-02T09:22:49.749+0000] {processor.py:183} INFO - Processing /home/airflow/.local/lib/python3.8/site-packages/airflow/example_dags/example_branch_datetime_operator.py took 0.114 seconds
[2024-07-02T09:23:19.790+0000] {processor.py:161} INFO - Started process (PID=2139) to work on /home/airflow/.local/lib/python3.8/site-packages/airflow/example_dags/example_branch_datetime_operator.py
[2024-07-02T09:23:19.791+0000] {processor.py:830} INFO - Processing file /home/airflow/.local/lib/python3.8/site-packages/airflow/example_dags/example_branch_datetime_operator.py for tasks to queue
[2024-07-02T09:23:19.793+0000] {logging_mixin.py:188} INFO - [2024-07-02T09:23:19.792+0000] {dagbag.py:538} INFO - Filling up the DagBag from /home/airflow/.local/lib/python3.8/site-packages/airflow/example_dags/example_branch_datetime_operator.py
[2024-07-02T09:23:19.802+0000] {processor.py:840} INFO - DAG(s) 'example_branch_datetime_operator', 'example_branch_datetime_operator_3', 'example_branch_datetime_operator_2' retrieved from /home/airflow/.local/lib/python3.8/site-packages/airflow/example_dags/example_branch_datetime_operator.py
[2024-07-02T09:23:19.834+0000] {logging_mixin.py:188} INFO - [2024-07-02T09:23:19.834+0000] {dag.py:3033} INFO - Sync 3 DAGs
[2024-07-02T09:23:19.856+0000] {logging_mixin.py:188} INFO - [2024-07-02T09:23:19.856+0000] {dag.py:3820} INFO - Setting next_dagrun for example_branch_datetime_operator to 2024-07-01T00:00:00+00:00, run_after=2024-07-02T00:00:00+00:00
[2024-07-02T09:23:19.861+0000] {logging_mixin.py:188} INFO - [2024-07-02T09:23:19.861+0000] {dag.py:3820} INFO - Setting next_dagrun for example_branch_datetime_operator_2 to 2024-07-01T00:00:00+00:00, run_after=2024-07-02T00:00:00+00:00
[2024-07-02T09:23:19.864+0000] {logging_mixin.py:188} INFO - [2024-07-02T09:23:19.864+0000] {dag.py:3820} INFO - Setting next_dagrun for example_branch_datetime_operator_3 to 2024-07-01T00:00:00+00:00, run_after=2024-07-02T00:00:00+00:00
[2024-07-02T09:23:19.880+0000] {processor.py:183} INFO - Processing /home/airflow/.local/lib/python3.8/site-packages/airflow/example_dags/example_branch_datetime_operator.py took 0.093 seconds
[2024-07-02T09:23:50.421+0000] {processor.py:161} INFO - Started process (PID=2194) to work on /home/airflow/.local/lib/python3.8/site-packages/airflow/example_dags/example_branch_datetime_operator.py
[2024-07-02T09:23:50.422+0000] {processor.py:830} INFO - Processing file /home/airflow/.local/lib/python3.8/site-packages/airflow/example_dags/example_branch_datetime_operator.py for tasks to queue
[2024-07-02T09:23:50.424+0000] {logging_mixin.py:188} INFO - [2024-07-02T09:23:50.424+0000] {dagbag.py:538} INFO - Filling up the DagBag from /home/airflow/.local/lib/python3.8/site-packages/airflow/example_dags/example_branch_datetime_operator.py
[2024-07-02T09:23:50.439+0000] {processor.py:840} INFO - DAG(s) 'example_branch_datetime_operator_2', 'example_branch_datetime_operator', 'example_branch_datetime_operator_3' retrieved from /home/airflow/.local/lib/python3.8/site-packages/airflow/example_dags/example_branch_datetime_operator.py
[2024-07-02T09:23:50.467+0000] {logging_mixin.py:188} INFO - [2024-07-02T09:23:50.467+0000] {dag.py:3033} INFO - Sync 3 DAGs
[2024-07-02T09:23:50.497+0000] {logging_mixin.py:188} INFO - [2024-07-02T09:23:50.497+0000] {dag.py:3820} INFO - Setting next_dagrun for example_branch_datetime_operator to 2024-07-01T00:00:00+00:00, run_after=2024-07-02T00:00:00+00:00
[2024-07-02T09:23:50.502+0000] {logging_mixin.py:188} INFO - [2024-07-02T09:23:50.502+0000] {dag.py:3820} INFO - Setting next_dagrun for example_branch_datetime_operator_2 to 2024-07-01T00:00:00+00:00, run_after=2024-07-02T00:00:00+00:00
[2024-07-02T09:23:50.505+0000] {logging_mixin.py:188} INFO - [2024-07-02T09:23:50.504+0000] {dag.py:3820} INFO - Setting next_dagrun for example_branch_datetime_operator_3 to 2024-07-01T00:00:00+00:00, run_after=2024-07-02T00:00:00+00:00
[2024-07-02T09:23:50.528+0000] {processor.py:183} INFO - Processing /home/airflow/.local/lib/python3.8/site-packages/airflow/example_dags/example_branch_datetime_operator.py took 0.110 seconds
