[2024-07-02T09:04:03.788+0000] {processor.py:161} INFO - Started process (PID=71) to work on /home/airflow/.local/lib/python3.8/site-packages/airflow/example_dags/example_xcomargs.py
[2024-07-02T09:04:03.789+0000] {processor.py:830} INFO - Processing file /home/airflow/.local/lib/python3.8/site-packages/airflow/example_dags/example_xcomargs.py for tasks to queue
[2024-07-02T09:04:03.793+0000] {logging_mixin.py:188} INFO - [2024-07-02T09:04:03.793+0000] {dagbag.py:538} INFO - Filling up the DagBag from /home/airflow/.local/lib/python3.8/site-packages/airflow/example_dags/example_xcomargs.py
[2024-07-02T09:04:03.808+0000] {processor.py:840} INFO - DAG(s) 'example_xcom_args', 'example_xcom_args_with_operators' retrieved from /home/airflow/.local/lib/python3.8/site-packages/airflow/example_dags/example_xcomargs.py
[2024-07-02T09:04:03.926+0000] {logging_mixin.py:188} INFO - [2024-07-02T09:04:03.925+0000] {override.py:1769} INFO - Created Permission View: can edit on DAG:example_xcom_args
[2024-07-02T09:04:03.946+0000] {logging_mixin.py:188} INFO - [2024-07-02T09:04:03.946+0000] {override.py:1769} INFO - Created Permission View: can delete on DAG:example_xcom_args
[2024-07-02T09:04:03.960+0000] {logging_mixin.py:188} INFO - [2024-07-02T09:04:03.960+0000] {override.py:1769} INFO - Created Permission View: can read on DAG:example_xcom_args
[2024-07-02T09:04:03.984+0000] {logging_mixin.py:188} INFO - [2024-07-02T09:04:03.984+0000] {override.py:1769} INFO - Created Permission View: can edit on DAG:example_xcom_args_with_operators
[2024-07-02T09:04:03.995+0000] {logging_mixin.py:188} INFO - [2024-07-02T09:04:03.994+0000] {override.py:1769} INFO - Created Permission View: can delete on DAG:example_xcom_args_with_operators
[2024-07-02T09:04:04.007+0000] {logging_mixin.py:188} INFO - [2024-07-02T09:04:04.006+0000] {override.py:1769} INFO - Created Permission View: can read on DAG:example_xcom_args_with_operators
[2024-07-02T09:04:04.007+0000] {logging_mixin.py:188} INFO - [2024-07-02T09:04:04.007+0000] {dag.py:3033} INFO - Sync 2 DAGs
[2024-07-02T09:04:04.037+0000] {logging_mixin.py:188} INFO - [2024-07-02T09:04:04.036+0000] {dag.py:3055} INFO - Creating ORM DAG for example_xcom_args_with_operators
[2024-07-02T09:04:04.038+0000] {logging_mixin.py:188} INFO - [2024-07-02T09:04:04.038+0000] {dag.py:3055} INFO - Creating ORM DAG for example_xcom_args
[2024-07-02T09:04:04.039+0000] {logging_mixin.py:188} INFO - [2024-07-02T09:04:04.039+0000] {dag.py:3820} INFO - Setting next_dagrun for example_xcom_args to None, run_after=None
[2024-07-02T09:04:04.041+0000] {logging_mixin.py:188} INFO - [2024-07-02T09:04:04.040+0000] {dag.py:3820} INFO - Setting next_dagrun for example_xcom_args_with_operators to None, run_after=None
[2024-07-02T09:04:04.077+0000] {processor.py:183} INFO - Processing /home/airflow/.local/lib/python3.8/site-packages/airflow/example_dags/example_xcomargs.py took 0.296 seconds
[2024-07-02T09:04:34.353+0000] {processor.py:161} INFO - Started process (PID=125) to work on /home/airflow/.local/lib/python3.8/site-packages/airflow/example_dags/example_xcomargs.py
[2024-07-02T09:04:34.354+0000] {processor.py:830} INFO - Processing file /home/airflow/.local/lib/python3.8/site-packages/airflow/example_dags/example_xcomargs.py for tasks to queue
[2024-07-02T09:04:34.358+0000] {logging_mixin.py:188} INFO - [2024-07-02T09:04:34.358+0000] {dagbag.py:538} INFO - Filling up the DagBag from /home/airflow/.local/lib/python3.8/site-packages/airflow/example_dags/example_xcomargs.py
[2024-07-02T09:04:34.373+0000] {processor.py:840} INFO - DAG(s) 'example_xcom_args', 'example_xcom_args_with_operators' retrieved from /home/airflow/.local/lib/python3.8/site-packages/airflow/example_dags/example_xcomargs.py
[2024-07-02T09:04:34.421+0000] {logging_mixin.py:188} INFO - [2024-07-02T09:04:34.421+0000] {dag.py:3033} INFO - Sync 2 DAGs
[2024-07-02T09:04:34.443+0000] {logging_mixin.py:188} INFO - [2024-07-02T09:04:34.443+0000] {dag.py:3820} INFO - Setting next_dagrun for example_xcom_args to None, run_after=None
[2024-07-02T09:04:34.448+0000] {logging_mixin.py:188} INFO - [2024-07-02T09:04:34.448+0000] {dag.py:3820} INFO - Setting next_dagrun for example_xcom_args_with_operators to None, run_after=None
[2024-07-02T09:04:34.473+0000] {processor.py:183} INFO - Processing /home/airflow/.local/lib/python3.8/site-packages/airflow/example_dags/example_xcomargs.py took 0.125 seconds
[2024-07-02T09:05:04.564+0000] {processor.py:161} INFO - Started process (PID=181) to work on /home/airflow/.local/lib/python3.8/site-packages/airflow/example_dags/example_xcomargs.py
[2024-07-02T09:05:04.565+0000] {processor.py:830} INFO - Processing file /home/airflow/.local/lib/python3.8/site-packages/airflow/example_dags/example_xcomargs.py for tasks to queue
[2024-07-02T09:05:04.567+0000] {logging_mixin.py:188} INFO - [2024-07-02T09:05:04.566+0000] {dagbag.py:538} INFO - Filling up the DagBag from /home/airflow/.local/lib/python3.8/site-packages/airflow/example_dags/example_xcomargs.py
[2024-07-02T09:05:04.574+0000] {processor.py:840} INFO - DAG(s) 'example_xcom_args_with_operators', 'example_xcom_args' retrieved from /home/airflow/.local/lib/python3.8/site-packages/airflow/example_dags/example_xcomargs.py
[2024-07-02T09:05:04.598+0000] {logging_mixin.py:188} INFO - [2024-07-02T09:05:04.598+0000] {dag.py:3033} INFO - Sync 2 DAGs
[2024-07-02T09:05:04.609+0000] {logging_mixin.py:188} INFO - [2024-07-02T09:05:04.609+0000] {dag.py:3820} INFO - Setting next_dagrun for example_xcom_args to None, run_after=None
[2024-07-02T09:05:04.613+0000] {logging_mixin.py:188} INFO - [2024-07-02T09:05:04.612+0000] {dag.py:3820} INFO - Setting next_dagrun for example_xcom_args_with_operators to None, run_after=None
[2024-07-02T09:05:04.627+0000] {processor.py:183} INFO - Processing /home/airflow/.local/lib/python3.8/site-packages/airflow/example_dags/example_xcomargs.py took 0.066 seconds
[2024-07-02T09:05:34.705+0000] {processor.py:161} INFO - Started process (PID=236) to work on /home/airflow/.local/lib/python3.8/site-packages/airflow/example_dags/example_xcomargs.py
[2024-07-02T09:05:34.706+0000] {processor.py:830} INFO - Processing file /home/airflow/.local/lib/python3.8/site-packages/airflow/example_dags/example_xcomargs.py for tasks to queue
[2024-07-02T09:05:34.708+0000] {logging_mixin.py:188} INFO - [2024-07-02T09:05:34.708+0000] {dagbag.py:538} INFO - Filling up the DagBag from /home/airflow/.local/lib/python3.8/site-packages/airflow/example_dags/example_xcomargs.py
[2024-07-02T09:05:34.716+0000] {processor.py:840} INFO - DAG(s) 'example_xcom_args_with_operators', 'example_xcom_args' retrieved from /home/airflow/.local/lib/python3.8/site-packages/airflow/example_dags/example_xcomargs.py
[2024-07-02T09:05:34.736+0000] {logging_mixin.py:188} INFO - [2024-07-02T09:05:34.736+0000] {dag.py:3033} INFO - Sync 2 DAGs
[2024-07-02T09:05:34.747+0000] {logging_mixin.py:188} INFO - [2024-07-02T09:05:34.747+0000] {dag.py:3820} INFO - Setting next_dagrun for example_xcom_args to None, run_after=None
[2024-07-02T09:05:34.752+0000] {logging_mixin.py:188} INFO - [2024-07-02T09:05:34.752+0000] {dag.py:3820} INFO - Setting next_dagrun for example_xcom_args_with_operators to None, run_after=None
[2024-07-02T09:05:34.771+0000] {processor.py:183} INFO - Processing /home/airflow/.local/lib/python3.8/site-packages/airflow/example_dags/example_xcomargs.py took 0.068 seconds
[2024-07-02T09:06:05.625+0000] {processor.py:161} INFO - Started process (PID=291) to work on /home/airflow/.local/lib/python3.8/site-packages/airflow/example_dags/example_xcomargs.py
[2024-07-02T09:06:05.629+0000] {processor.py:830} INFO - Processing file /home/airflow/.local/lib/python3.8/site-packages/airflow/example_dags/example_xcomargs.py for tasks to queue
[2024-07-02T09:06:05.631+0000] {logging_mixin.py:188} INFO - [2024-07-02T09:06:05.631+0000] {dagbag.py:538} INFO - Filling up the DagBag from /home/airflow/.local/lib/python3.8/site-packages/airflow/example_dags/example_xcomargs.py
[2024-07-02T09:06:05.638+0000] {processor.py:840} INFO - DAG(s) 'example_xcom_args', 'example_xcom_args_with_operators' retrieved from /home/airflow/.local/lib/python3.8/site-packages/airflow/example_dags/example_xcomargs.py
[2024-07-02T09:06:05.662+0000] {logging_mixin.py:188} INFO - [2024-07-02T09:06:05.661+0000] {dag.py:3033} INFO - Sync 2 DAGs
[2024-07-02T09:06:05.673+0000] {logging_mixin.py:188} INFO - [2024-07-02T09:06:05.673+0000] {dag.py:3820} INFO - Setting next_dagrun for example_xcom_args to None, run_after=None
[2024-07-02T09:06:05.676+0000] {logging_mixin.py:188} INFO - [2024-07-02T09:06:05.676+0000] {dag.py:3820} INFO - Setting next_dagrun for example_xcom_args_with_operators to None, run_after=None
[2024-07-02T09:06:05.692+0000] {processor.py:183} INFO - Processing /home/airflow/.local/lib/python3.8/site-packages/airflow/example_dags/example_xcomargs.py took 0.069 seconds
[2024-07-02T09:06:36.197+0000] {processor.py:161} INFO - Started process (PID=345) to work on /home/airflow/.local/lib/python3.8/site-packages/airflow/example_dags/example_xcomargs.py
[2024-07-02T09:06:36.198+0000] {processor.py:830} INFO - Processing file /home/airflow/.local/lib/python3.8/site-packages/airflow/example_dags/example_xcomargs.py for tasks to queue
[2024-07-02T09:06:36.200+0000] {logging_mixin.py:188} INFO - [2024-07-02T09:06:36.200+0000] {dagbag.py:538} INFO - Filling up the DagBag from /home/airflow/.local/lib/python3.8/site-packages/airflow/example_dags/example_xcomargs.py
[2024-07-02T09:06:36.207+0000] {processor.py:840} INFO - DAG(s) 'example_xcom_args_with_operators', 'example_xcom_args' retrieved from /home/airflow/.local/lib/python3.8/site-packages/airflow/example_dags/example_xcomargs.py
[2024-07-02T09:06:36.228+0000] {logging_mixin.py:188} INFO - [2024-07-02T09:06:36.227+0000] {dag.py:3033} INFO - Sync 2 DAGs
[2024-07-02T09:06:36.239+0000] {logging_mixin.py:188} INFO - [2024-07-02T09:06:36.239+0000] {dag.py:3820} INFO - Setting next_dagrun for example_xcom_args to None, run_after=None
[2024-07-02T09:06:36.243+0000] {logging_mixin.py:188} INFO - [2024-07-02T09:06:36.242+0000] {dag.py:3820} INFO - Setting next_dagrun for example_xcom_args_with_operators to None, run_after=None
[2024-07-02T09:06:36.362+0000] {processor.py:183} INFO - Processing /home/airflow/.local/lib/python3.8/site-packages/airflow/example_dags/example_xcomargs.py took 0.167 seconds
[2024-07-02T09:07:06.655+0000] {processor.py:161} INFO - Started process (PID=400) to work on /home/airflow/.local/lib/python3.8/site-packages/airflow/example_dags/example_xcomargs.py
[2024-07-02T09:07:06.656+0000] {processor.py:830} INFO - Processing file /home/airflow/.local/lib/python3.8/site-packages/airflow/example_dags/example_xcomargs.py for tasks to queue
[2024-07-02T09:07:06.658+0000] {logging_mixin.py:188} INFO - [2024-07-02T09:07:06.658+0000] {dagbag.py:538} INFO - Filling up the DagBag from /home/airflow/.local/lib/python3.8/site-packages/airflow/example_dags/example_xcomargs.py
[2024-07-02T09:07:06.665+0000] {processor.py:840} INFO - DAG(s) 'example_xcom_args_with_operators', 'example_xcom_args' retrieved from /home/airflow/.local/lib/python3.8/site-packages/airflow/example_dags/example_xcomargs.py
[2024-07-02T09:07:06.692+0000] {logging_mixin.py:188} INFO - [2024-07-02T09:07:06.692+0000] {dag.py:3033} INFO - Sync 2 DAGs
[2024-07-02T09:07:06.706+0000] {logging_mixin.py:188} INFO - [2024-07-02T09:07:06.706+0000] {dag.py:3820} INFO - Setting next_dagrun for example_xcom_args to None, run_after=None
[2024-07-02T09:07:06.711+0000] {logging_mixin.py:188} INFO - [2024-07-02T09:07:06.711+0000] {dag.py:3820} INFO - Setting next_dagrun for example_xcom_args_with_operators to None, run_after=None
[2024-07-02T09:07:06.730+0000] {processor.py:183} INFO - Processing /home/airflow/.local/lib/python3.8/site-packages/airflow/example_dags/example_xcomargs.py took 0.077 seconds
[2024-07-02T09:07:37.195+0000] {processor.py:161} INFO - Started process (PID=455) to work on /home/airflow/.local/lib/python3.8/site-packages/airflow/example_dags/example_xcomargs.py
[2024-07-02T09:07:37.196+0000] {processor.py:830} INFO - Processing file /home/airflow/.local/lib/python3.8/site-packages/airflow/example_dags/example_xcomargs.py for tasks to queue
[2024-07-02T09:07:37.198+0000] {logging_mixin.py:188} INFO - [2024-07-02T09:07:37.198+0000] {dagbag.py:538} INFO - Filling up the DagBag from /home/airflow/.local/lib/python3.8/site-packages/airflow/example_dags/example_xcomargs.py
[2024-07-02T09:07:37.205+0000] {processor.py:840} INFO - DAG(s) 'example_xcom_args', 'example_xcom_args_with_operators' retrieved from /home/airflow/.local/lib/python3.8/site-packages/airflow/example_dags/example_xcomargs.py
[2024-07-02T09:07:37.228+0000] {logging_mixin.py:188} INFO - [2024-07-02T09:07:37.228+0000] {dag.py:3033} INFO - Sync 2 DAGs
[2024-07-02T09:07:37.243+0000] {logging_mixin.py:188} INFO - [2024-07-02T09:07:37.243+0000] {dag.py:3820} INFO - Setting next_dagrun for example_xcom_args to None, run_after=None
[2024-07-02T09:07:37.247+0000] {logging_mixin.py:188} INFO - [2024-07-02T09:07:37.247+0000] {dag.py:3820} INFO - Setting next_dagrun for example_xcom_args_with_operators to None, run_after=None
[2024-07-02T09:07:37.263+0000] {processor.py:183} INFO - Processing /home/airflow/.local/lib/python3.8/site-packages/airflow/example_dags/example_xcomargs.py took 0.070 seconds
[2024-07-02T09:08:07.812+0000] {processor.py:161} INFO - Started process (PID=510) to work on /home/airflow/.local/lib/python3.8/site-packages/airflow/example_dags/example_xcomargs.py
[2024-07-02T09:08:07.813+0000] {processor.py:830} INFO - Processing file /home/airflow/.local/lib/python3.8/site-packages/airflow/example_dags/example_xcomargs.py for tasks to queue
[2024-07-02T09:08:07.816+0000] {logging_mixin.py:188} INFO - [2024-07-02T09:08:07.816+0000] {dagbag.py:538} INFO - Filling up the DagBag from /home/airflow/.local/lib/python3.8/site-packages/airflow/example_dags/example_xcomargs.py
[2024-07-02T09:08:07.827+0000] {processor.py:840} INFO - DAG(s) 'example_xcom_args_with_operators', 'example_xcom_args' retrieved from /home/airflow/.local/lib/python3.8/site-packages/airflow/example_dags/example_xcomargs.py
[2024-07-02T09:08:07.858+0000] {logging_mixin.py:188} INFO - [2024-07-02T09:08:07.858+0000] {dag.py:3033} INFO - Sync 2 DAGs
[2024-07-02T09:08:07.874+0000] {logging_mixin.py:188} INFO - [2024-07-02T09:08:07.874+0000] {dag.py:3820} INFO - Setting next_dagrun for example_xcom_args to None, run_after=None
[2024-07-02T09:08:07.878+0000] {logging_mixin.py:188} INFO - [2024-07-02T09:08:07.878+0000] {dag.py:3820} INFO - Setting next_dagrun for example_xcom_args_with_operators to None, run_after=None
[2024-07-02T09:08:07.896+0000] {processor.py:183} INFO - Processing /home/airflow/.local/lib/python3.8/site-packages/airflow/example_dags/example_xcomargs.py took 0.087 seconds
[2024-07-02T09:08:38.383+0000] {processor.py:161} INFO - Started process (PID=565) to work on /home/airflow/.local/lib/python3.8/site-packages/airflow/example_dags/example_xcomargs.py
[2024-07-02T09:08:38.387+0000] {processor.py:830} INFO - Processing file /home/airflow/.local/lib/python3.8/site-packages/airflow/example_dags/example_xcomargs.py for tasks to queue
[2024-07-02T09:08:38.390+0000] {logging_mixin.py:188} INFO - [2024-07-02T09:08:38.389+0000] {dagbag.py:538} INFO - Filling up the DagBag from /home/airflow/.local/lib/python3.8/site-packages/airflow/example_dags/example_xcomargs.py
[2024-07-02T09:08:38.398+0000] {processor.py:840} INFO - DAG(s) 'example_xcom_args_with_operators', 'example_xcom_args' retrieved from /home/airflow/.local/lib/python3.8/site-packages/airflow/example_dags/example_xcomargs.py
[2024-07-02T09:08:38.426+0000] {logging_mixin.py:188} INFO - [2024-07-02T09:08:38.426+0000] {dag.py:3033} INFO - Sync 2 DAGs
[2024-07-02T09:08:38.439+0000] {logging_mixin.py:188} INFO - [2024-07-02T09:08:38.438+0000] {dag.py:3820} INFO - Setting next_dagrun for example_xcom_args to None, run_after=None
[2024-07-02T09:08:38.442+0000] {logging_mixin.py:188} INFO - [2024-07-02T09:08:38.442+0000] {dag.py:3820} INFO - Setting next_dagrun for example_xcom_args_with_operators to None, run_after=None
[2024-07-02T09:08:38.458+0000] {processor.py:183} INFO - Processing /home/airflow/.local/lib/python3.8/site-packages/airflow/example_dags/example_xcomargs.py took 0.077 seconds
[2024-07-02T09:09:08.957+0000] {processor.py:161} INFO - Started process (PID=620) to work on /home/airflow/.local/lib/python3.8/site-packages/airflow/example_dags/example_xcomargs.py
[2024-07-02T09:09:08.961+0000] {processor.py:830} INFO - Processing file /home/airflow/.local/lib/python3.8/site-packages/airflow/example_dags/example_xcomargs.py for tasks to queue
[2024-07-02T09:09:08.964+0000] {logging_mixin.py:188} INFO - [2024-07-02T09:09:08.963+0000] {dagbag.py:538} INFO - Filling up the DagBag from /home/airflow/.local/lib/python3.8/site-packages/airflow/example_dags/example_xcomargs.py
[2024-07-02T09:09:08.971+0000] {processor.py:840} INFO - DAG(s) 'example_xcom_args', 'example_xcom_args_with_operators' retrieved from /home/airflow/.local/lib/python3.8/site-packages/airflow/example_dags/example_xcomargs.py
[2024-07-02T09:09:08.996+0000] {logging_mixin.py:188} INFO - [2024-07-02T09:09:08.996+0000] {dag.py:3033} INFO - Sync 2 DAGs
[2024-07-02T09:09:09.008+0000] {logging_mixin.py:188} INFO - [2024-07-02T09:09:09.008+0000] {dag.py:3820} INFO - Setting next_dagrun for example_xcom_args to None, run_after=None
[2024-07-02T09:09:09.012+0000] {logging_mixin.py:188} INFO - [2024-07-02T09:09:09.012+0000] {dag.py:3820} INFO - Setting next_dagrun for example_xcom_args_with_operators to None, run_after=None
[2024-07-02T09:09:09.029+0000] {processor.py:183} INFO - Processing /home/airflow/.local/lib/python3.8/site-packages/airflow/example_dags/example_xcomargs.py took 0.074 seconds
[2024-07-02T09:09:39.884+0000] {processor.py:161} INFO - Started process (PID=675) to work on /home/airflow/.local/lib/python3.8/site-packages/airflow/example_dags/example_xcomargs.py
[2024-07-02T09:09:39.885+0000] {processor.py:830} INFO - Processing file /home/airflow/.local/lib/python3.8/site-packages/airflow/example_dags/example_xcomargs.py for tasks to queue
[2024-07-02T09:09:39.888+0000] {logging_mixin.py:188} INFO - [2024-07-02T09:09:39.887+0000] {dagbag.py:538} INFO - Filling up the DagBag from /home/airflow/.local/lib/python3.8/site-packages/airflow/example_dags/example_xcomargs.py
[2024-07-02T09:09:39.896+0000] {processor.py:840} INFO - DAG(s) 'example_xcom_args_with_operators', 'example_xcom_args' retrieved from /home/airflow/.local/lib/python3.8/site-packages/airflow/example_dags/example_xcomargs.py
[2024-07-02T09:09:39.919+0000] {logging_mixin.py:188} INFO - [2024-07-02T09:09:39.919+0000] {dag.py:3033} INFO - Sync 2 DAGs
[2024-07-02T09:09:39.932+0000] {logging_mixin.py:188} INFO - [2024-07-02T09:09:39.932+0000] {dag.py:3820} INFO - Setting next_dagrun for example_xcom_args to None, run_after=None
[2024-07-02T09:09:39.935+0000] {logging_mixin.py:188} INFO - [2024-07-02T09:09:39.935+0000] {dag.py:3820} INFO - Setting next_dagrun for example_xcom_args_with_operators to None, run_after=None
[2024-07-02T09:09:39.954+0000] {processor.py:183} INFO - Processing /home/airflow/.local/lib/python3.8/site-packages/airflow/example_dags/example_xcomargs.py took 0.073 seconds
[2024-07-02T09:10:10.906+0000] {processor.py:161} INFO - Started process (PID=730) to work on /home/airflow/.local/lib/python3.8/site-packages/airflow/example_dags/example_xcomargs.py
[2024-07-02T09:10:10.910+0000] {processor.py:830} INFO - Processing file /home/airflow/.local/lib/python3.8/site-packages/airflow/example_dags/example_xcomargs.py for tasks to queue
[2024-07-02T09:10:10.912+0000] {logging_mixin.py:188} INFO - [2024-07-02T09:10:10.911+0000] {dagbag.py:538} INFO - Filling up the DagBag from /home/airflow/.local/lib/python3.8/site-packages/airflow/example_dags/example_xcomargs.py
[2024-07-02T09:10:10.920+0000] {processor.py:840} INFO - DAG(s) 'example_xcom_args_with_operators', 'example_xcom_args' retrieved from /home/airflow/.local/lib/python3.8/site-packages/airflow/example_dags/example_xcomargs.py
[2024-07-02T09:10:10.945+0000] {logging_mixin.py:188} INFO - [2024-07-02T09:10:10.945+0000] {dag.py:3033} INFO - Sync 2 DAGs
[2024-07-02T09:10:10.958+0000] {logging_mixin.py:188} INFO - [2024-07-02T09:10:10.958+0000] {dag.py:3820} INFO - Setting next_dagrun for example_xcom_args to None, run_after=None
[2024-07-02T09:10:10.962+0000] {logging_mixin.py:188} INFO - [2024-07-02T09:10:10.961+0000] {dag.py:3820} INFO - Setting next_dagrun for example_xcom_args_with_operators to None, run_after=None
[2024-07-02T09:10:10.980+0000] {processor.py:183} INFO - Processing /home/airflow/.local/lib/python3.8/site-packages/airflow/example_dags/example_xcomargs.py took 0.077 seconds
[2024-07-02T09:10:41.491+0000] {processor.py:161} INFO - Started process (PID=785) to work on /home/airflow/.local/lib/python3.8/site-packages/airflow/example_dags/example_xcomargs.py
[2024-07-02T09:10:41.492+0000] {processor.py:830} INFO - Processing file /home/airflow/.local/lib/python3.8/site-packages/airflow/example_dags/example_xcomargs.py for tasks to queue
[2024-07-02T09:10:41.494+0000] {logging_mixin.py:188} INFO - [2024-07-02T09:10:41.494+0000] {dagbag.py:538} INFO - Filling up the DagBag from /home/airflow/.local/lib/python3.8/site-packages/airflow/example_dags/example_xcomargs.py
[2024-07-02T09:10:41.503+0000] {processor.py:840} INFO - DAG(s) 'example_xcom_args', 'example_xcom_args_with_operators' retrieved from /home/airflow/.local/lib/python3.8/site-packages/airflow/example_dags/example_xcomargs.py
[2024-07-02T09:10:41.524+0000] {logging_mixin.py:188} INFO - [2024-07-02T09:10:41.524+0000] {dag.py:3033} INFO - Sync 2 DAGs
[2024-07-02T09:10:41.536+0000] {logging_mixin.py:188} INFO - [2024-07-02T09:10:41.535+0000] {dag.py:3820} INFO - Setting next_dagrun for example_xcom_args to None, run_after=None
[2024-07-02T09:10:41.539+0000] {logging_mixin.py:188} INFO - [2024-07-02T09:10:41.539+0000] {dag.py:3820} INFO - Setting next_dagrun for example_xcom_args_with_operators to None, run_after=None
[2024-07-02T09:10:41.558+0000] {processor.py:183} INFO - Processing /home/airflow/.local/lib/python3.8/site-packages/airflow/example_dags/example_xcomargs.py took 0.071 seconds
[2024-07-02T09:11:12.042+0000] {processor.py:161} INFO - Started process (PID=840) to work on /home/airflow/.local/lib/python3.8/site-packages/airflow/example_dags/example_xcomargs.py
[2024-07-02T09:11:12.043+0000] {processor.py:830} INFO - Processing file /home/airflow/.local/lib/python3.8/site-packages/airflow/example_dags/example_xcomargs.py for tasks to queue
[2024-07-02T09:11:12.045+0000] {logging_mixin.py:188} INFO - [2024-07-02T09:11:12.045+0000] {dagbag.py:538} INFO - Filling up the DagBag from /home/airflow/.local/lib/python3.8/site-packages/airflow/example_dags/example_xcomargs.py
[2024-07-02T09:11:12.052+0000] {processor.py:840} INFO - DAG(s) 'example_xcom_args', 'example_xcom_args_with_operators' retrieved from /home/airflow/.local/lib/python3.8/site-packages/airflow/example_dags/example_xcomargs.py
[2024-07-02T09:11:12.075+0000] {logging_mixin.py:188} INFO - [2024-07-02T09:11:12.075+0000] {dag.py:3033} INFO - Sync 2 DAGs
[2024-07-02T09:11:12.089+0000] {logging_mixin.py:188} INFO - [2024-07-02T09:11:12.088+0000] {dag.py:3820} INFO - Setting next_dagrun for example_xcom_args to None, run_after=None
[2024-07-02T09:11:12.092+0000] {logging_mixin.py:188} INFO - [2024-07-02T09:11:12.092+0000] {dag.py:3820} INFO - Setting next_dagrun for example_xcom_args_with_operators to None, run_after=None
[2024-07-02T09:11:12.108+0000] {processor.py:183} INFO - Processing /home/airflow/.local/lib/python3.8/site-packages/airflow/example_dags/example_xcomargs.py took 0.068 seconds
[2024-07-02T09:11:43.487+0000] {processor.py:161} INFO - Started process (PID=895) to work on /home/airflow/.local/lib/python3.8/site-packages/airflow/example_dags/example_xcomargs.py
[2024-07-02T09:11:43.491+0000] {processor.py:830} INFO - Processing file /home/airflow/.local/lib/python3.8/site-packages/airflow/example_dags/example_xcomargs.py for tasks to queue
[2024-07-02T09:11:43.496+0000] {logging_mixin.py:188} INFO - [2024-07-02T09:11:43.496+0000] {dagbag.py:538} INFO - Filling up the DagBag from /home/airflow/.local/lib/python3.8/site-packages/airflow/example_dags/example_xcomargs.py
[2024-07-02T09:11:43.516+0000] {processor.py:840} INFO - DAG(s) 'example_xcom_args', 'example_xcom_args_with_operators' retrieved from /home/airflow/.local/lib/python3.8/site-packages/airflow/example_dags/example_xcomargs.py
[2024-07-02T09:11:43.587+0000] {logging_mixin.py:188} INFO - [2024-07-02T09:11:43.587+0000] {dag.py:3033} INFO - Sync 2 DAGs
[2024-07-02T09:11:43.624+0000] {logging_mixin.py:188} INFO - [2024-07-02T09:11:43.623+0000] {dag.py:3820} INFO - Setting next_dagrun for example_xcom_args to None, run_after=None
[2024-07-02T09:11:43.632+0000] {logging_mixin.py:188} INFO - [2024-07-02T09:11:43.632+0000] {dag.py:3820} INFO - Setting next_dagrun for example_xcom_args_with_operators to None, run_after=None
[2024-07-02T09:11:43.683+0000] {processor.py:183} INFO - Processing /home/airflow/.local/lib/python3.8/site-packages/airflow/example_dags/example_xcomargs.py took 0.211 seconds
[2024-07-02T09:12:14.043+0000] {processor.py:161} INFO - Started process (PID=950) to work on /home/airflow/.local/lib/python3.8/site-packages/airflow/example_dags/example_xcomargs.py
[2024-07-02T09:12:14.043+0000] {processor.py:830} INFO - Processing file /home/airflow/.local/lib/python3.8/site-packages/airflow/example_dags/example_xcomargs.py for tasks to queue
[2024-07-02T09:12:14.046+0000] {logging_mixin.py:188} INFO - [2024-07-02T09:12:14.045+0000] {dagbag.py:538} INFO - Filling up the DagBag from /home/airflow/.local/lib/python3.8/site-packages/airflow/example_dags/example_xcomargs.py
[2024-07-02T09:12:14.053+0000] {processor.py:840} INFO - DAG(s) 'example_xcom_args_with_operators', 'example_xcom_args' retrieved from /home/airflow/.local/lib/python3.8/site-packages/airflow/example_dags/example_xcomargs.py
[2024-07-02T09:12:14.086+0000] {logging_mixin.py:188} INFO - [2024-07-02T09:12:14.086+0000] {dag.py:3033} INFO - Sync 2 DAGs
[2024-07-02T09:12:14.100+0000] {logging_mixin.py:188} INFO - [2024-07-02T09:12:14.100+0000] {dag.py:3820} INFO - Setting next_dagrun for example_xcom_args to None, run_after=None
[2024-07-02T09:12:14.103+0000] {logging_mixin.py:188} INFO - [2024-07-02T09:12:14.103+0000] {dag.py:3820} INFO - Setting next_dagrun for example_xcom_args_with_operators to None, run_after=None
[2024-07-02T09:12:14.124+0000] {processor.py:183} INFO - Processing /home/airflow/.local/lib/python3.8/site-packages/airflow/example_dags/example_xcomargs.py took 0.084 seconds
[2024-07-02T09:12:44.393+0000] {processor.py:161} INFO - Started process (PID=1005) to work on /home/airflow/.local/lib/python3.8/site-packages/airflow/example_dags/example_xcomargs.py
[2024-07-02T09:12:44.397+0000] {processor.py:830} INFO - Processing file /home/airflow/.local/lib/python3.8/site-packages/airflow/example_dags/example_xcomargs.py for tasks to queue
[2024-07-02T09:12:44.399+0000] {logging_mixin.py:188} INFO - [2024-07-02T09:12:44.399+0000] {dagbag.py:538} INFO - Filling up the DagBag from /home/airflow/.local/lib/python3.8/site-packages/airflow/example_dags/example_xcomargs.py
[2024-07-02T09:12:44.406+0000] {processor.py:840} INFO - DAG(s) 'example_xcom_args', 'example_xcom_args_with_operators' retrieved from /home/airflow/.local/lib/python3.8/site-packages/airflow/example_dags/example_xcomargs.py
[2024-07-02T09:12:44.426+0000] {logging_mixin.py:188} INFO - [2024-07-02T09:12:44.426+0000] {dag.py:3033} INFO - Sync 2 DAGs
[2024-07-02T09:12:44.437+0000] {logging_mixin.py:188} INFO - [2024-07-02T09:12:44.437+0000] {dag.py:3820} INFO - Setting next_dagrun for example_xcom_args to None, run_after=None
[2024-07-02T09:12:44.440+0000] {logging_mixin.py:188} INFO - [2024-07-02T09:12:44.440+0000] {dag.py:3820} INFO - Setting next_dagrun for example_xcom_args_with_operators to None, run_after=None
[2024-07-02T09:12:44.454+0000] {processor.py:183} INFO - Processing /home/airflow/.local/lib/python3.8/site-packages/airflow/example_dags/example_xcomargs.py took 0.064 seconds
[2024-07-02T09:13:14.935+0000] {processor.py:161} INFO - Started process (PID=1060) to work on /home/airflow/.local/lib/python3.8/site-packages/airflow/example_dags/example_xcomargs.py
[2024-07-02T09:13:14.936+0000] {processor.py:830} INFO - Processing file /home/airflow/.local/lib/python3.8/site-packages/airflow/example_dags/example_xcomargs.py for tasks to queue
[2024-07-02T09:13:14.938+0000] {logging_mixin.py:188} INFO - [2024-07-02T09:13:14.938+0000] {dagbag.py:538} INFO - Filling up the DagBag from /home/airflow/.local/lib/python3.8/site-packages/airflow/example_dags/example_xcomargs.py
[2024-07-02T09:13:14.947+0000] {processor.py:840} INFO - DAG(s) 'example_xcom_args', 'example_xcom_args_with_operators' retrieved from /home/airflow/.local/lib/python3.8/site-packages/airflow/example_dags/example_xcomargs.py
[2024-07-02T09:13:14.970+0000] {logging_mixin.py:188} INFO - [2024-07-02T09:13:14.970+0000] {dag.py:3033} INFO - Sync 2 DAGs
[2024-07-02T09:13:14.982+0000] {logging_mixin.py:188} INFO - [2024-07-02T09:13:14.982+0000] {dag.py:3820} INFO - Setting next_dagrun for example_xcom_args to None, run_after=None
[2024-07-02T09:13:14.985+0000] {logging_mixin.py:188} INFO - [2024-07-02T09:13:14.985+0000] {dag.py:3820} INFO - Setting next_dagrun for example_xcom_args_with_operators to None, run_after=None
[2024-07-02T09:13:15.002+0000] {processor.py:183} INFO - Processing /home/airflow/.local/lib/python3.8/site-packages/airflow/example_dags/example_xcomargs.py took 0.070 seconds
[2024-07-02T09:13:45.387+0000] {processor.py:161} INFO - Started process (PID=1115) to work on /home/airflow/.local/lib/python3.8/site-packages/airflow/example_dags/example_xcomargs.py
[2024-07-02T09:13:45.391+0000] {processor.py:830} INFO - Processing file /home/airflow/.local/lib/python3.8/site-packages/airflow/example_dags/example_xcomargs.py for tasks to queue
[2024-07-02T09:13:45.394+0000] {logging_mixin.py:188} INFO - [2024-07-02T09:13:45.394+0000] {dagbag.py:538} INFO - Filling up the DagBag from /home/airflow/.local/lib/python3.8/site-packages/airflow/example_dags/example_xcomargs.py
[2024-07-02T09:13:45.403+0000] {processor.py:840} INFO - DAG(s) 'example_xcom_args_with_operators', 'example_xcom_args' retrieved from /home/airflow/.local/lib/python3.8/site-packages/airflow/example_dags/example_xcomargs.py
[2024-07-02T09:13:45.425+0000] {logging_mixin.py:188} INFO - [2024-07-02T09:13:45.424+0000] {dag.py:3033} INFO - Sync 2 DAGs
[2024-07-02T09:13:45.436+0000] {logging_mixin.py:188} INFO - [2024-07-02T09:13:45.436+0000] {dag.py:3820} INFO - Setting next_dagrun for example_xcom_args to None, run_after=None
[2024-07-02T09:13:45.439+0000] {logging_mixin.py:188} INFO - [2024-07-02T09:13:45.439+0000] {dag.py:3820} INFO - Setting next_dagrun for example_xcom_args_with_operators to None, run_after=None
[2024-07-02T09:13:45.456+0000] {processor.py:183} INFO - Processing /home/airflow/.local/lib/python3.8/site-packages/airflow/example_dags/example_xcomargs.py took 0.072 seconds
[2024-07-02T09:14:15.868+0000] {processor.py:161} INFO - Started process (PID=1170) to work on /home/airflow/.local/lib/python3.8/site-packages/airflow/example_dags/example_xcomargs.py
[2024-07-02T09:14:15.869+0000] {processor.py:830} INFO - Processing file /home/airflow/.local/lib/python3.8/site-packages/airflow/example_dags/example_xcomargs.py for tasks to queue
[2024-07-02T09:14:15.870+0000] {logging_mixin.py:188} INFO - [2024-07-02T09:14:15.870+0000] {dagbag.py:538} INFO - Filling up the DagBag from /home/airflow/.local/lib/python3.8/site-packages/airflow/example_dags/example_xcomargs.py
[2024-07-02T09:14:15.877+0000] {processor.py:840} INFO - DAG(s) 'example_xcom_args', 'example_xcom_args_with_operators' retrieved from /home/airflow/.local/lib/python3.8/site-packages/airflow/example_dags/example_xcomargs.py
[2024-07-02T09:14:15.898+0000] {logging_mixin.py:188} INFO - [2024-07-02T09:14:15.898+0000] {dag.py:3033} INFO - Sync 2 DAGs
[2024-07-02T09:14:15.909+0000] {logging_mixin.py:188} INFO - [2024-07-02T09:14:15.909+0000] {dag.py:3820} INFO - Setting next_dagrun for example_xcom_args to None, run_after=None
[2024-07-02T09:14:15.912+0000] {logging_mixin.py:188} INFO - [2024-07-02T09:14:15.912+0000] {dag.py:3820} INFO - Setting next_dagrun for example_xcom_args_with_operators to None, run_after=None
[2024-07-02T09:14:15.930+0000] {processor.py:183} INFO - Processing /home/airflow/.local/lib/python3.8/site-packages/airflow/example_dags/example_xcomargs.py took 0.065 seconds
[2024-07-02T09:14:47.365+0000] {processor.py:161} INFO - Started process (PID=1225) to work on /home/airflow/.local/lib/python3.8/site-packages/airflow/example_dags/example_xcomargs.py
[2024-07-02T09:14:47.365+0000] {processor.py:830} INFO - Processing file /home/airflow/.local/lib/python3.8/site-packages/airflow/example_dags/example_xcomargs.py for tasks to queue
[2024-07-02T09:14:47.368+0000] {logging_mixin.py:188} INFO - [2024-07-02T09:14:47.367+0000] {dagbag.py:538} INFO - Filling up the DagBag from /home/airflow/.local/lib/python3.8/site-packages/airflow/example_dags/example_xcomargs.py
[2024-07-02T09:14:47.375+0000] {processor.py:840} INFO - DAG(s) 'example_xcom_args', 'example_xcom_args_with_operators' retrieved from /home/airflow/.local/lib/python3.8/site-packages/airflow/example_dags/example_xcomargs.py
[2024-07-02T09:14:47.398+0000] {logging_mixin.py:188} INFO - [2024-07-02T09:14:47.398+0000] {dag.py:3033} INFO - Sync 2 DAGs
[2024-07-02T09:14:47.411+0000] {logging_mixin.py:188} INFO - [2024-07-02T09:14:47.411+0000] {dag.py:3820} INFO - Setting next_dagrun for example_xcom_args to None, run_after=None
[2024-07-02T09:14:47.414+0000] {logging_mixin.py:188} INFO - [2024-07-02T09:14:47.414+0000] {dag.py:3820} INFO - Setting next_dagrun for example_xcom_args_with_operators to None, run_after=None
[2024-07-02T09:14:47.436+0000] {processor.py:183} INFO - Processing /home/airflow/.local/lib/python3.8/site-packages/airflow/example_dags/example_xcomargs.py took 0.074 seconds
[2024-07-02T09:15:17.765+0000] {processor.py:161} INFO - Started process (PID=1280) to work on /home/airflow/.local/lib/python3.8/site-packages/airflow/example_dags/example_xcomargs.py
[2024-07-02T09:15:17.768+0000] {processor.py:830} INFO - Processing file /home/airflow/.local/lib/python3.8/site-packages/airflow/example_dags/example_xcomargs.py for tasks to queue
[2024-07-02T09:15:17.771+0000] {logging_mixin.py:188} INFO - [2024-07-02T09:15:17.771+0000] {dagbag.py:538} INFO - Filling up the DagBag from /home/airflow/.local/lib/python3.8/site-packages/airflow/example_dags/example_xcomargs.py
[2024-07-02T09:15:17.781+0000] {processor.py:840} INFO - DAG(s) 'example_xcom_args_with_operators', 'example_xcom_args' retrieved from /home/airflow/.local/lib/python3.8/site-packages/airflow/example_dags/example_xcomargs.py
[2024-07-02T09:15:17.806+0000] {logging_mixin.py:188} INFO - [2024-07-02T09:15:17.805+0000] {dag.py:3033} INFO - Sync 2 DAGs
[2024-07-02T09:15:17.818+0000] {logging_mixin.py:188} INFO - [2024-07-02T09:15:17.818+0000] {dag.py:3820} INFO - Setting next_dagrun for example_xcom_args to None, run_after=None
[2024-07-02T09:15:17.822+0000] {logging_mixin.py:188} INFO - [2024-07-02T09:15:17.822+0000] {dag.py:3820} INFO - Setting next_dagrun for example_xcom_args_with_operators to None, run_after=None
[2024-07-02T09:15:17.837+0000] {processor.py:183} INFO - Processing /home/airflow/.local/lib/python3.8/site-packages/airflow/example_dags/example_xcomargs.py took 0.075 seconds
[2024-07-02T09:15:48.217+0000] {processor.py:161} INFO - Started process (PID=1335) to work on /home/airflow/.local/lib/python3.8/site-packages/airflow/example_dags/example_xcomargs.py
[2024-07-02T09:15:48.218+0000] {processor.py:830} INFO - Processing file /home/airflow/.local/lib/python3.8/site-packages/airflow/example_dags/example_xcomargs.py for tasks to queue
[2024-07-02T09:15:48.220+0000] {logging_mixin.py:188} INFO - [2024-07-02T09:15:48.220+0000] {dagbag.py:538} INFO - Filling up the DagBag from /home/airflow/.local/lib/python3.8/site-packages/airflow/example_dags/example_xcomargs.py
[2024-07-02T09:15:48.227+0000] {processor.py:840} INFO - DAG(s) 'example_xcom_args', 'example_xcom_args_with_operators' retrieved from /home/airflow/.local/lib/python3.8/site-packages/airflow/example_dags/example_xcomargs.py
[2024-07-02T09:15:48.250+0000] {logging_mixin.py:188} INFO - [2024-07-02T09:15:48.249+0000] {dag.py:3033} INFO - Sync 2 DAGs
[2024-07-02T09:15:48.261+0000] {logging_mixin.py:188} INFO - [2024-07-02T09:15:48.260+0000] {dag.py:3820} INFO - Setting next_dagrun for example_xcom_args to None, run_after=None
[2024-07-02T09:15:48.264+0000] {logging_mixin.py:188} INFO - [2024-07-02T09:15:48.264+0000] {dag.py:3820} INFO - Setting next_dagrun for example_xcom_args_with_operators to None, run_after=None
[2024-07-02T09:15:48.282+0000] {processor.py:183} INFO - Processing /home/airflow/.local/lib/python3.8/site-packages/airflow/example_dags/example_xcomargs.py took 0.067 seconds
[2024-07-02T09:16:19.030+0000] {processor.py:161} INFO - Started process (PID=1389) to work on /home/airflow/.local/lib/python3.8/site-packages/airflow/example_dags/example_xcomargs.py
[2024-07-02T09:16:19.034+0000] {processor.py:830} INFO - Processing file /home/airflow/.local/lib/python3.8/site-packages/airflow/example_dags/example_xcomargs.py for tasks to queue
[2024-07-02T09:16:19.037+0000] {logging_mixin.py:188} INFO - [2024-07-02T09:16:19.037+0000] {dagbag.py:538} INFO - Filling up the DagBag from /home/airflow/.local/lib/python3.8/site-packages/airflow/example_dags/example_xcomargs.py
[2024-07-02T09:16:19.047+0000] {processor.py:840} INFO - DAG(s) 'example_xcom_args', 'example_xcom_args_with_operators' retrieved from /home/airflow/.local/lib/python3.8/site-packages/airflow/example_dags/example_xcomargs.py
[2024-07-02T09:16:19.078+0000] {logging_mixin.py:188} INFO - [2024-07-02T09:16:19.078+0000] {dag.py:3033} INFO - Sync 2 DAGs
[2024-07-02T09:16:19.094+0000] {logging_mixin.py:188} INFO - [2024-07-02T09:16:19.093+0000] {dag.py:3820} INFO - Setting next_dagrun for example_xcom_args to None, run_after=None
[2024-07-02T09:16:19.099+0000] {logging_mixin.py:188} INFO - [2024-07-02T09:16:19.098+0000] {dag.py:3820} INFO - Setting next_dagrun for example_xcom_args_with_operators to None, run_after=None
[2024-07-02T09:16:19.116+0000] {processor.py:183} INFO - Processing /home/airflow/.local/lib/python3.8/site-packages/airflow/example_dags/example_xcomargs.py took 0.090 seconds
[2024-07-02T09:16:49.466+0000] {processor.py:161} INFO - Started process (PID=1444) to work on /home/airflow/.local/lib/python3.8/site-packages/airflow/example_dags/example_xcomargs.py
[2024-07-02T09:16:49.467+0000] {processor.py:830} INFO - Processing file /home/airflow/.local/lib/python3.8/site-packages/airflow/example_dags/example_xcomargs.py for tasks to queue
[2024-07-02T09:16:49.468+0000] {logging_mixin.py:188} INFO - [2024-07-02T09:16:49.468+0000] {dagbag.py:538} INFO - Filling up the DagBag from /home/airflow/.local/lib/python3.8/site-packages/airflow/example_dags/example_xcomargs.py
[2024-07-02T09:16:49.475+0000] {processor.py:840} INFO - DAG(s) 'example_xcom_args_with_operators', 'example_xcom_args' retrieved from /home/airflow/.local/lib/python3.8/site-packages/airflow/example_dags/example_xcomargs.py
[2024-07-02T09:16:49.498+0000] {logging_mixin.py:188} INFO - [2024-07-02T09:16:49.498+0000] {dag.py:3033} INFO - Sync 2 DAGs
[2024-07-02T09:16:49.509+0000] {logging_mixin.py:188} INFO - [2024-07-02T09:16:49.509+0000] {dag.py:3820} INFO - Setting next_dagrun for example_xcom_args to None, run_after=None
[2024-07-02T09:16:49.513+0000] {logging_mixin.py:188} INFO - [2024-07-02T09:16:49.513+0000] {dag.py:3820} INFO - Setting next_dagrun for example_xcom_args_with_operators to None, run_after=None
[2024-07-02T09:16:49.529+0000] {processor.py:183} INFO - Processing /home/airflow/.local/lib/python3.8/site-packages/airflow/example_dags/example_xcomargs.py took 0.066 seconds
[2024-07-02T09:17:20.048+0000] {processor.py:161} INFO - Started process (PID=1499) to work on /home/airflow/.local/lib/python3.8/site-packages/airflow/example_dags/example_xcomargs.py
[2024-07-02T09:17:20.051+0000] {processor.py:830} INFO - Processing file /home/airflow/.local/lib/python3.8/site-packages/airflow/example_dags/example_xcomargs.py for tasks to queue
[2024-07-02T09:17:20.054+0000] {logging_mixin.py:188} INFO - [2024-07-02T09:17:20.053+0000] {dagbag.py:538} INFO - Filling up the DagBag from /home/airflow/.local/lib/python3.8/site-packages/airflow/example_dags/example_xcomargs.py
[2024-07-02T09:17:20.062+0000] {processor.py:840} INFO - DAG(s) 'example_xcom_args_with_operators', 'example_xcom_args' retrieved from /home/airflow/.local/lib/python3.8/site-packages/airflow/example_dags/example_xcomargs.py
[2024-07-02T09:17:20.090+0000] {logging_mixin.py:188} INFO - [2024-07-02T09:17:20.090+0000] {dag.py:3033} INFO - Sync 2 DAGs
[2024-07-02T09:17:20.103+0000] {logging_mixin.py:188} INFO - [2024-07-02T09:17:20.102+0000] {dag.py:3820} INFO - Setting next_dagrun for example_xcom_args to None, run_after=None
[2024-07-02T09:17:20.106+0000] {logging_mixin.py:188} INFO - [2024-07-02T09:17:20.106+0000] {dag.py:3820} INFO - Setting next_dagrun for example_xcom_args_with_operators to None, run_after=None
[2024-07-02T09:17:20.120+0000] {processor.py:183} INFO - Processing /home/airflow/.local/lib/python3.8/site-packages/airflow/example_dags/example_xcomargs.py took 0.075 seconds
[2024-07-02T09:17:50.374+0000] {processor.py:161} INFO - Started process (PID=1555) to work on /home/airflow/.local/lib/python3.8/site-packages/airflow/example_dags/example_xcomargs.py
[2024-07-02T09:17:50.376+0000] {processor.py:830} INFO - Processing file /home/airflow/.local/lib/python3.8/site-packages/airflow/example_dags/example_xcomargs.py for tasks to queue
[2024-07-02T09:17:50.379+0000] {logging_mixin.py:188} INFO - [2024-07-02T09:17:50.379+0000] {dagbag.py:538} INFO - Filling up the DagBag from /home/airflow/.local/lib/python3.8/site-packages/airflow/example_dags/example_xcomargs.py
[2024-07-02T09:17:50.387+0000] {processor.py:840} INFO - DAG(s) 'example_xcom_args', 'example_xcom_args_with_operators' retrieved from /home/airflow/.local/lib/python3.8/site-packages/airflow/example_dags/example_xcomargs.py
[2024-07-02T09:17:50.411+0000] {logging_mixin.py:188} INFO - [2024-07-02T09:17:50.411+0000] {dag.py:3033} INFO - Sync 2 DAGs
[2024-07-02T09:17:50.423+0000] {logging_mixin.py:188} INFO - [2024-07-02T09:17:50.423+0000] {dag.py:3820} INFO - Setting next_dagrun for example_xcom_args to None, run_after=None
[2024-07-02T09:17:50.426+0000] {logging_mixin.py:188} INFO - [2024-07-02T09:17:50.426+0000] {dag.py:3820} INFO - Setting next_dagrun for example_xcom_args_with_operators to None, run_after=None
[2024-07-02T09:17:50.439+0000] {processor.py:183} INFO - Processing /home/airflow/.local/lib/python3.8/site-packages/airflow/example_dags/example_xcomargs.py took 0.068 seconds
[2024-07-02T09:18:20.969+0000] {processor.py:161} INFO - Started process (PID=1610) to work on /home/airflow/.local/lib/python3.8/site-packages/airflow/example_dags/example_xcomargs.py
[2024-07-02T09:18:20.970+0000] {processor.py:830} INFO - Processing file /home/airflow/.local/lib/python3.8/site-packages/airflow/example_dags/example_xcomargs.py for tasks to queue
[2024-07-02T09:18:20.972+0000] {logging_mixin.py:188} INFO - [2024-07-02T09:18:20.972+0000] {dagbag.py:538} INFO - Filling up the DagBag from /home/airflow/.local/lib/python3.8/site-packages/airflow/example_dags/example_xcomargs.py
[2024-07-02T09:18:20.980+0000] {processor.py:840} INFO - DAG(s) 'example_xcom_args_with_operators', 'example_xcom_args' retrieved from /home/airflow/.local/lib/python3.8/site-packages/airflow/example_dags/example_xcomargs.py
[2024-07-02T09:18:21.004+0000] {logging_mixin.py:188} INFO - [2024-07-02T09:18:21.004+0000] {dag.py:3033} INFO - Sync 2 DAGs
[2024-07-02T09:18:21.017+0000] {logging_mixin.py:188} INFO - [2024-07-02T09:18:21.016+0000] {dag.py:3820} INFO - Setting next_dagrun for example_xcom_args to None, run_after=None
[2024-07-02T09:18:21.020+0000] {logging_mixin.py:188} INFO - [2024-07-02T09:18:21.020+0000] {dag.py:3820} INFO - Setting next_dagrun for example_xcom_args_with_operators to None, run_after=None
[2024-07-02T09:18:21.036+0000] {processor.py:183} INFO - Processing /home/airflow/.local/lib/python3.8/site-packages/airflow/example_dags/example_xcomargs.py took 0.070 seconds
[2024-07-02T09:18:51.480+0000] {processor.py:161} INFO - Started process (PID=1665) to work on /home/airflow/.local/lib/python3.8/site-packages/airflow/example_dags/example_xcomargs.py
[2024-07-02T09:18:51.483+0000] {processor.py:830} INFO - Processing file /home/airflow/.local/lib/python3.8/site-packages/airflow/example_dags/example_xcomargs.py for tasks to queue
[2024-07-02T09:18:51.485+0000] {logging_mixin.py:188} INFO - [2024-07-02T09:18:51.485+0000] {dagbag.py:538} INFO - Filling up the DagBag from /home/airflow/.local/lib/python3.8/site-packages/airflow/example_dags/example_xcomargs.py
[2024-07-02T09:18:51.494+0000] {processor.py:840} INFO - DAG(s) 'example_xcom_args', 'example_xcom_args_with_operators' retrieved from /home/airflow/.local/lib/python3.8/site-packages/airflow/example_dags/example_xcomargs.py
[2024-07-02T09:18:51.517+0000] {logging_mixin.py:188} INFO - [2024-07-02T09:18:51.517+0000] {dag.py:3033} INFO - Sync 2 DAGs
[2024-07-02T09:18:51.529+0000] {logging_mixin.py:188} INFO - [2024-07-02T09:18:51.529+0000] {dag.py:3820} INFO - Setting next_dagrun for example_xcom_args to None, run_after=None
[2024-07-02T09:18:51.534+0000] {logging_mixin.py:188} INFO - [2024-07-02T09:18:51.533+0000] {dag.py:3820} INFO - Setting next_dagrun for example_xcom_args_with_operators to None, run_after=None
[2024-07-02T09:18:51.552+0000] {processor.py:183} INFO - Processing /home/airflow/.local/lib/python3.8/site-packages/airflow/example_dags/example_xcomargs.py took 0.074 seconds
[2024-07-02T09:19:21.883+0000] {processor.py:161} INFO - Started process (PID=1720) to work on /home/airflow/.local/lib/python3.8/site-packages/airflow/example_dags/example_xcomargs.py
[2024-07-02T09:19:21.883+0000] {processor.py:830} INFO - Processing file /home/airflow/.local/lib/python3.8/site-packages/airflow/example_dags/example_xcomargs.py for tasks to queue
[2024-07-02T09:19:21.885+0000] {logging_mixin.py:188} INFO - [2024-07-02T09:19:21.885+0000] {dagbag.py:538} INFO - Filling up the DagBag from /home/airflow/.local/lib/python3.8/site-packages/airflow/example_dags/example_xcomargs.py
[2024-07-02T09:19:21.896+0000] {processor.py:840} INFO - DAG(s) 'example_xcom_args_with_operators', 'example_xcom_args' retrieved from /home/airflow/.local/lib/python3.8/site-packages/airflow/example_dags/example_xcomargs.py
[2024-07-02T09:19:21.924+0000] {logging_mixin.py:188} INFO - [2024-07-02T09:19:21.924+0000] {dag.py:3033} INFO - Sync 2 DAGs
[2024-07-02T09:19:21.942+0000] {logging_mixin.py:188} INFO - [2024-07-02T09:19:21.942+0000] {dag.py:3820} INFO - Setting next_dagrun for example_xcom_args to None, run_after=None
[2024-07-02T09:19:21.947+0000] {logging_mixin.py:188} INFO - [2024-07-02T09:19:21.947+0000] {dag.py:3820} INFO - Setting next_dagrun for example_xcom_args_with_operators to None, run_after=None
[2024-07-02T09:19:21.967+0000] {processor.py:183} INFO - Processing /home/airflow/.local/lib/python3.8/site-packages/airflow/example_dags/example_xcomargs.py took 0.087 seconds
[2024-07-02T09:19:52.192+0000] {processor.py:161} INFO - Started process (PID=1774) to work on /home/airflow/.local/lib/python3.8/site-packages/airflow/example_dags/example_xcomargs.py
[2024-07-02T09:19:52.196+0000] {processor.py:830} INFO - Processing file /home/airflow/.local/lib/python3.8/site-packages/airflow/example_dags/example_xcomargs.py for tasks to queue
[2024-07-02T09:19:52.198+0000] {logging_mixin.py:188} INFO - [2024-07-02T09:19:52.197+0000] {dagbag.py:538} INFO - Filling up the DagBag from /home/airflow/.local/lib/python3.8/site-packages/airflow/example_dags/example_xcomargs.py
[2024-07-02T09:19:52.206+0000] {processor.py:840} INFO - DAG(s) 'example_xcom_args_with_operators', 'example_xcom_args' retrieved from /home/airflow/.local/lib/python3.8/site-packages/airflow/example_dags/example_xcomargs.py
[2024-07-02T09:19:52.229+0000] {logging_mixin.py:188} INFO - [2024-07-02T09:19:52.229+0000] {dag.py:3033} INFO - Sync 2 DAGs
[2024-07-02T09:19:52.240+0000] {logging_mixin.py:188} INFO - [2024-07-02T09:19:52.240+0000] {dag.py:3820} INFO - Setting next_dagrun for example_xcom_args to None, run_after=None
[2024-07-02T09:19:52.244+0000] {logging_mixin.py:188} INFO - [2024-07-02T09:19:52.244+0000] {dag.py:3820} INFO - Setting next_dagrun for example_xcom_args_with_operators to None, run_after=None
[2024-07-02T09:19:52.263+0000] {processor.py:183} INFO - Processing /home/airflow/.local/lib/python3.8/site-packages/airflow/example_dags/example_xcomargs.py took 0.074 seconds
[2024-07-02T09:20:22.792+0000] {processor.py:161} INFO - Started process (PID=1828) to work on /home/airflow/.local/lib/python3.8/site-packages/airflow/example_dags/example_xcomargs.py
[2024-07-02T09:20:22.793+0000] {processor.py:830} INFO - Processing file /home/airflow/.local/lib/python3.8/site-packages/airflow/example_dags/example_xcomargs.py for tasks to queue
[2024-07-02T09:20:22.795+0000] {logging_mixin.py:188} INFO - [2024-07-02T09:20:22.795+0000] {dagbag.py:538} INFO - Filling up the DagBag from /home/airflow/.local/lib/python3.8/site-packages/airflow/example_dags/example_xcomargs.py
[2024-07-02T09:20:22.803+0000] {processor.py:840} INFO - DAG(s) 'example_xcom_args_with_operators', 'example_xcom_args' retrieved from /home/airflow/.local/lib/python3.8/site-packages/airflow/example_dags/example_xcomargs.py
[2024-07-02T09:20:22.826+0000] {logging_mixin.py:188} INFO - [2024-07-02T09:20:22.826+0000] {dag.py:3033} INFO - Sync 2 DAGs
[2024-07-02T09:20:22.839+0000] {logging_mixin.py:188} INFO - [2024-07-02T09:20:22.839+0000] {dag.py:3820} INFO - Setting next_dagrun for example_xcom_args to None, run_after=None
[2024-07-02T09:20:22.843+0000] {logging_mixin.py:188} INFO - [2024-07-02T09:20:22.842+0000] {dag.py:3820} INFO - Setting next_dagrun for example_xcom_args_with_operators to None, run_after=None
[2024-07-02T09:20:22.862+0000] {processor.py:183} INFO - Processing /home/airflow/.local/lib/python3.8/site-packages/airflow/example_dags/example_xcomargs.py took 0.073 seconds
[2024-07-02T09:20:53.479+0000] {processor.py:161} INFO - Started process (PID=1883) to work on /home/airflow/.local/lib/python3.8/site-packages/airflow/example_dags/example_xcomargs.py
[2024-07-02T09:20:53.484+0000] {processor.py:830} INFO - Processing file /home/airflow/.local/lib/python3.8/site-packages/airflow/example_dags/example_xcomargs.py for tasks to queue
[2024-07-02T09:20:53.487+0000] {logging_mixin.py:188} INFO - [2024-07-02T09:20:53.486+0000] {dagbag.py:538} INFO - Filling up the DagBag from /home/airflow/.local/lib/python3.8/site-packages/airflow/example_dags/example_xcomargs.py
[2024-07-02T09:20:53.495+0000] {processor.py:840} INFO - DAG(s) 'example_xcom_args', 'example_xcom_args_with_operators' retrieved from /home/airflow/.local/lib/python3.8/site-packages/airflow/example_dags/example_xcomargs.py
[2024-07-02T09:20:53.521+0000] {logging_mixin.py:188} INFO - [2024-07-02T09:20:53.521+0000] {dag.py:3033} INFO - Sync 2 DAGs
[2024-07-02T09:20:53.533+0000] {logging_mixin.py:188} INFO - [2024-07-02T09:20:53.533+0000] {dag.py:3820} INFO - Setting next_dagrun for example_xcom_args to None, run_after=None
[2024-07-02T09:20:53.536+0000] {logging_mixin.py:188} INFO - [2024-07-02T09:20:53.536+0000] {dag.py:3820} INFO - Setting next_dagrun for example_xcom_args_with_operators to None, run_after=None
[2024-07-02T09:20:53.551+0000] {processor.py:183} INFO - Processing /home/airflow/.local/lib/python3.8/site-packages/airflow/example_dags/example_xcomargs.py took 0.075 seconds
[2024-07-02T09:21:23.575+0000] {processor.py:161} INFO - Started process (PID=1937) to work on /home/airflow/.local/lib/python3.8/site-packages/airflow/example_dags/example_xcomargs.py
[2024-07-02T09:21:23.576+0000] {processor.py:830} INFO - Processing file /home/airflow/.local/lib/python3.8/site-packages/airflow/example_dags/example_xcomargs.py for tasks to queue
[2024-07-02T09:21:23.579+0000] {logging_mixin.py:188} INFO - [2024-07-02T09:21:23.579+0000] {dagbag.py:538} INFO - Filling up the DagBag from /home/airflow/.local/lib/python3.8/site-packages/airflow/example_dags/example_xcomargs.py
[2024-07-02T09:21:23.591+0000] {processor.py:840} INFO - DAG(s) 'example_xcom_args', 'example_xcom_args_with_operators' retrieved from /home/airflow/.local/lib/python3.8/site-packages/airflow/example_dags/example_xcomargs.py
[2024-07-02T09:21:23.626+0000] {logging_mixin.py:188} INFO - [2024-07-02T09:21:23.625+0000] {dag.py:3033} INFO - Sync 2 DAGs
[2024-07-02T09:21:23.648+0000] {logging_mixin.py:188} INFO - [2024-07-02T09:21:23.648+0000] {dag.py:3820} INFO - Setting next_dagrun for example_xcom_args to None, run_after=None
[2024-07-02T09:21:23.652+0000] {logging_mixin.py:188} INFO - [2024-07-02T09:21:23.652+0000] {dag.py:3820} INFO - Setting next_dagrun for example_xcom_args_with_operators to None, run_after=None
[2024-07-02T09:21:23.671+0000] {processor.py:183} INFO - Processing /home/airflow/.local/lib/python3.8/site-packages/airflow/example_dags/example_xcomargs.py took 0.100 seconds
[2024-07-02T09:21:54.208+0000] {processor.py:161} INFO - Started process (PID=1992) to work on /home/airflow/.local/lib/python3.8/site-packages/airflow/example_dags/example_xcomargs.py
[2024-07-02T09:21:54.209+0000] {processor.py:830} INFO - Processing file /home/airflow/.local/lib/python3.8/site-packages/airflow/example_dags/example_xcomargs.py for tasks to queue
[2024-07-02T09:21:54.212+0000] {logging_mixin.py:188} INFO - [2024-07-02T09:21:54.211+0000] {dagbag.py:538} INFO - Filling up the DagBag from /home/airflow/.local/lib/python3.8/site-packages/airflow/example_dags/example_xcomargs.py
[2024-07-02T09:21:54.221+0000] {processor.py:840} INFO - DAG(s) 'example_xcom_args', 'example_xcom_args_with_operators' retrieved from /home/airflow/.local/lib/python3.8/site-packages/airflow/example_dags/example_xcomargs.py
[2024-07-02T09:21:54.251+0000] {logging_mixin.py:188} INFO - [2024-07-02T09:21:54.251+0000] {dag.py:3033} INFO - Sync 2 DAGs
[2024-07-02T09:21:54.268+0000] {logging_mixin.py:188} INFO - [2024-07-02T09:21:54.267+0000] {dag.py:3820} INFO - Setting next_dagrun for example_xcom_args to None, run_after=None
[2024-07-02T09:21:54.273+0000] {logging_mixin.py:188} INFO - [2024-07-02T09:21:54.273+0000] {dag.py:3820} INFO - Setting next_dagrun for example_xcom_args_with_operators to None, run_after=None
[2024-07-02T09:21:54.299+0000] {processor.py:183} INFO - Processing /home/airflow/.local/lib/python3.8/site-packages/airflow/example_dags/example_xcomargs.py took 0.094 seconds
[2024-07-02T09:22:24.373+0000] {processor.py:161} INFO - Started process (PID=2047) to work on /home/airflow/.local/lib/python3.8/site-packages/airflow/example_dags/example_xcomargs.py
[2024-07-02T09:22:24.374+0000] {processor.py:830} INFO - Processing file /home/airflow/.local/lib/python3.8/site-packages/airflow/example_dags/example_xcomargs.py for tasks to queue
[2024-07-02T09:22:24.376+0000] {logging_mixin.py:188} INFO - [2024-07-02T09:22:24.376+0000] {dagbag.py:538} INFO - Filling up the DagBag from /home/airflow/.local/lib/python3.8/site-packages/airflow/example_dags/example_xcomargs.py
[2024-07-02T09:22:24.383+0000] {processor.py:840} INFO - DAG(s) 'example_xcom_args_with_operators', 'example_xcom_args' retrieved from /home/airflow/.local/lib/python3.8/site-packages/airflow/example_dags/example_xcomargs.py
[2024-07-02T09:22:24.405+0000] {logging_mixin.py:188} INFO - [2024-07-02T09:22:24.405+0000] {dag.py:3033} INFO - Sync 2 DAGs
[2024-07-02T09:22:24.416+0000] {logging_mixin.py:188} INFO - [2024-07-02T09:22:24.416+0000] {dag.py:3820} INFO - Setting next_dagrun for example_xcom_args to None, run_after=None
[2024-07-02T09:22:24.419+0000] {logging_mixin.py:188} INFO - [2024-07-02T09:22:24.419+0000] {dag.py:3820} INFO - Setting next_dagrun for example_xcom_args_with_operators to None, run_after=None
[2024-07-02T09:22:24.436+0000] {processor.py:183} INFO - Processing /home/airflow/.local/lib/python3.8/site-packages/airflow/example_dags/example_xcomargs.py took 0.066 seconds
[2024-07-02T09:22:54.728+0000] {processor.py:161} INFO - Started process (PID=2102) to work on /home/airflow/.local/lib/python3.8/site-packages/airflow/example_dags/example_xcomargs.py
[2024-07-02T09:22:54.728+0000] {processor.py:830} INFO - Processing file /home/airflow/.local/lib/python3.8/site-packages/airflow/example_dags/example_xcomargs.py for tasks to queue
[2024-07-02T09:22:54.730+0000] {logging_mixin.py:188} INFO - [2024-07-02T09:22:54.730+0000] {dagbag.py:538} INFO - Filling up the DagBag from /home/airflow/.local/lib/python3.8/site-packages/airflow/example_dags/example_xcomargs.py
[2024-07-02T09:22:54.736+0000] {processor.py:840} INFO - DAG(s) 'example_xcom_args', 'example_xcom_args_with_operators' retrieved from /home/airflow/.local/lib/python3.8/site-packages/airflow/example_dags/example_xcomargs.py
[2024-07-02T09:22:54.763+0000] {logging_mixin.py:188} INFO - [2024-07-02T09:22:54.762+0000] {dag.py:3033} INFO - Sync 2 DAGs
[2024-07-02T09:22:54.777+0000] {logging_mixin.py:188} INFO - [2024-07-02T09:22:54.777+0000] {dag.py:3820} INFO - Setting next_dagrun for example_xcom_args to None, run_after=None
[2024-07-02T09:22:54.781+0000] {logging_mixin.py:188} INFO - [2024-07-02T09:22:54.781+0000] {dag.py:3820} INFO - Setting next_dagrun for example_xcom_args_with_operators to None, run_after=None
[2024-07-02T09:22:54.802+0000] {processor.py:183} INFO - Processing /home/airflow/.local/lib/python3.8/site-packages/airflow/example_dags/example_xcomargs.py took 0.077 seconds
[2024-07-02T09:23:25.117+0000] {processor.py:161} INFO - Started process (PID=2157) to work on /home/airflow/.local/lib/python3.8/site-packages/airflow/example_dags/example_xcomargs.py
[2024-07-02T09:23:25.118+0000] {processor.py:830} INFO - Processing file /home/airflow/.local/lib/python3.8/site-packages/airflow/example_dags/example_xcomargs.py for tasks to queue
[2024-07-02T09:23:25.121+0000] {logging_mixin.py:188} INFO - [2024-07-02T09:23:25.121+0000] {dagbag.py:538} INFO - Filling up the DagBag from /home/airflow/.local/lib/python3.8/site-packages/airflow/example_dags/example_xcomargs.py
[2024-07-02T09:23:25.134+0000] {processor.py:840} INFO - DAG(s) 'example_xcom_args', 'example_xcom_args_with_operators' retrieved from /home/airflow/.local/lib/python3.8/site-packages/airflow/example_dags/example_xcomargs.py
[2024-07-02T09:23:25.165+0000] {logging_mixin.py:188} INFO - [2024-07-02T09:23:25.165+0000] {dag.py:3033} INFO - Sync 2 DAGs
[2024-07-02T09:23:25.184+0000] {logging_mixin.py:188} INFO - [2024-07-02T09:23:25.184+0000] {dag.py:3820} INFO - Setting next_dagrun for example_xcom_args to None, run_after=None
[2024-07-02T09:23:25.189+0000] {logging_mixin.py:188} INFO - [2024-07-02T09:23:25.189+0000] {dag.py:3820} INFO - Setting next_dagrun for example_xcom_args_with_operators to None, run_after=None
[2024-07-02T09:23:25.211+0000] {processor.py:183} INFO - Processing /home/airflow/.local/lib/python3.8/site-packages/airflow/example_dags/example_xcomargs.py took 0.098 seconds
[2024-07-02T09:23:55.325+0000] {processor.py:161} INFO - Started process (PID=2212) to work on /home/airflow/.local/lib/python3.8/site-packages/airflow/example_dags/example_xcomargs.py
[2024-07-02T09:23:55.326+0000] {processor.py:830} INFO - Processing file /home/airflow/.local/lib/python3.8/site-packages/airflow/example_dags/example_xcomargs.py for tasks to queue
[2024-07-02T09:23:55.328+0000] {logging_mixin.py:188} INFO - [2024-07-02T09:23:55.328+0000] {dagbag.py:538} INFO - Filling up the DagBag from /home/airflow/.local/lib/python3.8/site-packages/airflow/example_dags/example_xcomargs.py
[2024-07-02T09:23:55.336+0000] {processor.py:840} INFO - DAG(s) 'example_xcom_args', 'example_xcom_args_with_operators' retrieved from /home/airflow/.local/lib/python3.8/site-packages/airflow/example_dags/example_xcomargs.py
[2024-07-02T09:23:55.360+0000] {logging_mixin.py:188} INFO - [2024-07-02T09:23:55.360+0000] {dag.py:3033} INFO - Sync 2 DAGs
[2024-07-02T09:23:55.372+0000] {logging_mixin.py:188} INFO - [2024-07-02T09:23:55.372+0000] {dag.py:3820} INFO - Setting next_dagrun for example_xcom_args to None, run_after=None
[2024-07-02T09:23:55.375+0000] {logging_mixin.py:188} INFO - [2024-07-02T09:23:55.375+0000] {dag.py:3820} INFO - Setting next_dagrun for example_xcom_args_with_operators to None, run_after=None
[2024-07-02T09:23:55.393+0000] {processor.py:183} INFO - Processing /home/airflow/.local/lib/python3.8/site-packages/airflow/example_dags/example_xcomargs.py took 0.070 seconds
