[2024-07-02T09:04:03.385+0000] {processor.py:161} INFO - Started process (PID=68) to work on /home/airflow/.local/lib/python3.8/site-packages/airflow/example_dags/example_short_circuit_decorator.py
[2024-07-02T09:04:03.386+0000] {processor.py:830} INFO - Processing file /home/airflow/.local/lib/python3.8/site-packages/airflow/example_dags/example_short_circuit_decorator.py for tasks to queue
[2024-07-02T09:04:03.389+0000] {logging_mixin.py:188} INFO - [2024-07-02T09:04:03.388+0000] {dagbag.py:538} INFO - Filling up the DagBag from /home/airflow/.local/lib/python3.8/site-packages/airflow/example_dags/example_short_circuit_decorator.py
[2024-07-02T09:04:03.406+0000] {processor.py:840} INFO - DAG(s) 'example_short_circuit_decorator' retrieved from /home/airflow/.local/lib/python3.8/site-packages/airflow/example_dags/example_short_circuit_decorator.py
[2024-07-02T09:04:03.556+0000] {logging_mixin.py:188} INFO - [2024-07-02T09:04:03.555+0000] {override.py:1769} INFO - Created Permission View: can edit on DAG:example_short_circuit_decorator
[2024-07-02T09:04:03.577+0000] {logging_mixin.py:188} INFO - [2024-07-02T09:04:03.576+0000] {override.py:1769} INFO - Created Permission View: can delete on DAG:example_short_circuit_decorator
[2024-07-02T09:04:03.588+0000] {logging_mixin.py:188} INFO - [2024-07-02T09:04:03.588+0000] {override.py:1769} INFO - Created Permission View: can read on DAG:example_short_circuit_decorator
[2024-07-02T09:04:03.589+0000] {logging_mixin.py:188} INFO - [2024-07-02T09:04:03.589+0000] {dag.py:3033} INFO - Sync 1 DAGs
[2024-07-02T09:04:03.608+0000] {logging_mixin.py:188} INFO - [2024-07-02T09:04:03.608+0000] {dag.py:3055} INFO - Creating ORM DAG for example_short_circuit_decorator
[2024-07-02T09:04:03.624+0000] {logging_mixin.py:188} INFO - [2024-07-02T09:04:03.624+0000] {dag.py:3820} INFO - Setting next_dagrun for example_short_circuit_decorator to 2024-07-01T00:00:00+00:00, run_after=2024-07-02T00:00:00+00:00
[2024-07-02T09:04:03.653+0000] {processor.py:183} INFO - Processing /home/airflow/.local/lib/python3.8/site-packages/airflow/example_dags/example_short_circuit_decorator.py took 0.273 seconds
[2024-07-02T09:04:34.120+0000] {processor.py:161} INFO - Started process (PID=122) to work on /home/airflow/.local/lib/python3.8/site-packages/airflow/example_dags/example_short_circuit_decorator.py
[2024-07-02T09:04:34.121+0000] {processor.py:830} INFO - Processing file /home/airflow/.local/lib/python3.8/site-packages/airflow/example_dags/example_short_circuit_decorator.py for tasks to queue
[2024-07-02T09:04:34.124+0000] {logging_mixin.py:188} INFO - [2024-07-02T09:04:34.124+0000] {dagbag.py:538} INFO - Filling up the DagBag from /home/airflow/.local/lib/python3.8/site-packages/airflow/example_dags/example_short_circuit_decorator.py
[2024-07-02T09:04:34.138+0000] {processor.py:840} INFO - DAG(s) 'example_short_circuit_decorator' retrieved from /home/airflow/.local/lib/python3.8/site-packages/airflow/example_dags/example_short_circuit_decorator.py
[2024-07-02T09:04:34.173+0000] {logging_mixin.py:188} INFO - [2024-07-02T09:04:34.172+0000] {dag.py:3033} INFO - Sync 1 DAGs
[2024-07-02T09:04:34.205+0000] {logging_mixin.py:188} INFO - [2024-07-02T09:04:34.205+0000] {dag.py:3820} INFO - Setting next_dagrun for example_short_circuit_decorator to 2024-07-01T00:00:00+00:00, run_after=2024-07-02T00:00:00+00:00
[2024-07-02T09:04:34.229+0000] {processor.py:183} INFO - Processing /home/airflow/.local/lib/python3.8/site-packages/airflow/example_dags/example_short_circuit_decorator.py took 0.113 seconds
[2024-07-02T09:05:04.274+0000] {processor.py:161} INFO - Started process (PID=178) to work on /home/airflow/.local/lib/python3.8/site-packages/airflow/example_dags/example_short_circuit_decorator.py
[2024-07-02T09:05:04.275+0000] {processor.py:830} INFO - Processing file /home/airflow/.local/lib/python3.8/site-packages/airflow/example_dags/example_short_circuit_decorator.py for tasks to queue
[2024-07-02T09:05:04.277+0000] {logging_mixin.py:188} INFO - [2024-07-02T09:05:04.276+0000] {dagbag.py:538} INFO - Filling up the DagBag from /home/airflow/.local/lib/python3.8/site-packages/airflow/example_dags/example_short_circuit_decorator.py
[2024-07-02T09:05:04.285+0000] {processor.py:840} INFO - DAG(s) 'example_short_circuit_decorator' retrieved from /home/airflow/.local/lib/python3.8/site-packages/airflow/example_dags/example_short_circuit_decorator.py
[2024-07-02T09:05:04.311+0000] {logging_mixin.py:188} INFO - [2024-07-02T09:05:04.311+0000] {dag.py:3033} INFO - Sync 1 DAGs
[2024-07-02T09:05:04.338+0000] {logging_mixin.py:188} INFO - [2024-07-02T09:05:04.338+0000] {dag.py:3820} INFO - Setting next_dagrun for example_short_circuit_decorator to 2024-07-01T00:00:00+00:00, run_after=2024-07-02T00:00:00+00:00
[2024-07-02T09:05:04.359+0000] {processor.py:183} INFO - Processing /home/airflow/.local/lib/python3.8/site-packages/airflow/example_dags/example_short_circuit_decorator.py took 0.088 seconds
[2024-07-02T09:05:34.426+0000] {processor.py:161} INFO - Started process (PID=232) to work on /home/airflow/.local/lib/python3.8/site-packages/airflow/example_dags/example_short_circuit_decorator.py
[2024-07-02T09:05:34.427+0000] {processor.py:830} INFO - Processing file /home/airflow/.local/lib/python3.8/site-packages/airflow/example_dags/example_short_circuit_decorator.py for tasks to queue
[2024-07-02T09:05:34.428+0000] {logging_mixin.py:188} INFO - [2024-07-02T09:05:34.428+0000] {dagbag.py:538} INFO - Filling up the DagBag from /home/airflow/.local/lib/python3.8/site-packages/airflow/example_dags/example_short_circuit_decorator.py
[2024-07-02T09:05:34.436+0000] {processor.py:840} INFO - DAG(s) 'example_short_circuit_decorator' retrieved from /home/airflow/.local/lib/python3.8/site-packages/airflow/example_dags/example_short_circuit_decorator.py
[2024-07-02T09:05:34.459+0000] {logging_mixin.py:188} INFO - [2024-07-02T09:05:34.459+0000] {dag.py:3033} INFO - Sync 1 DAGs
[2024-07-02T09:05:34.479+0000] {logging_mixin.py:188} INFO - [2024-07-02T09:05:34.479+0000] {dag.py:3820} INFO - Setting next_dagrun for example_short_circuit_decorator to 2024-07-01T00:00:00+00:00, run_after=2024-07-02T00:00:00+00:00
[2024-07-02T09:05:34.494+0000] {processor.py:183} INFO - Processing /home/airflow/.local/lib/python3.8/site-packages/airflow/example_dags/example_short_circuit_decorator.py took 0.071 seconds
[2024-07-02T09:06:05.505+0000] {processor.py:161} INFO - Started process (PID=288) to work on /home/airflow/.local/lib/python3.8/site-packages/airflow/example_dags/example_short_circuit_decorator.py
[2024-07-02T09:06:05.505+0000] {processor.py:830} INFO - Processing file /home/airflow/.local/lib/python3.8/site-packages/airflow/example_dags/example_short_circuit_decorator.py for tasks to queue
[2024-07-02T09:06:05.507+0000] {logging_mixin.py:188} INFO - [2024-07-02T09:06:05.507+0000] {dagbag.py:538} INFO - Filling up the DagBag from /home/airflow/.local/lib/python3.8/site-packages/airflow/example_dags/example_short_circuit_decorator.py
[2024-07-02T09:06:05.515+0000] {processor.py:840} INFO - DAG(s) 'example_short_circuit_decorator' retrieved from /home/airflow/.local/lib/python3.8/site-packages/airflow/example_dags/example_short_circuit_decorator.py
[2024-07-02T09:06:05.536+0000] {logging_mixin.py:188} INFO - [2024-07-02T09:06:05.536+0000] {dag.py:3033} INFO - Sync 1 DAGs
[2024-07-02T09:06:05.560+0000] {logging_mixin.py:188} INFO - [2024-07-02T09:06:05.560+0000] {dag.py:3820} INFO - Setting next_dagrun for example_short_circuit_decorator to 2024-07-01T00:00:00+00:00, run_after=2024-07-02T00:00:00+00:00
[2024-07-02T09:06:05.583+0000] {processor.py:183} INFO - Processing /home/airflow/.local/lib/python3.8/site-packages/airflow/example_dags/example_short_circuit_decorator.py took 0.081 seconds
[2024-07-02T09:06:36.063+0000] {processor.py:161} INFO - Started process (PID=342) to work on /home/airflow/.local/lib/python3.8/site-packages/airflow/example_dags/example_short_circuit_decorator.py
[2024-07-02T09:06:36.064+0000] {processor.py:830} INFO - Processing file /home/airflow/.local/lib/python3.8/site-packages/airflow/example_dags/example_short_circuit_decorator.py for tasks to queue
[2024-07-02T09:06:36.066+0000] {logging_mixin.py:188} INFO - [2024-07-02T09:06:36.065+0000] {dagbag.py:538} INFO - Filling up the DagBag from /home/airflow/.local/lib/python3.8/site-packages/airflow/example_dags/example_short_circuit_decorator.py
[2024-07-02T09:06:36.074+0000] {processor.py:840} INFO - DAG(s) 'example_short_circuit_decorator' retrieved from /home/airflow/.local/lib/python3.8/site-packages/airflow/example_dags/example_short_circuit_decorator.py
[2024-07-02T09:06:36.094+0000] {logging_mixin.py:188} INFO - [2024-07-02T09:06:36.094+0000] {dag.py:3033} INFO - Sync 1 DAGs
[2024-07-02T09:06:36.114+0000] {logging_mixin.py:188} INFO - [2024-07-02T09:06:36.114+0000] {dag.py:3820} INFO - Setting next_dagrun for example_short_circuit_decorator to 2024-07-01T00:00:00+00:00, run_after=2024-07-02T00:00:00+00:00
[2024-07-02T09:06:36.142+0000] {processor.py:183} INFO - Processing /home/airflow/.local/lib/python3.8/site-packages/airflow/example_dags/example_short_circuit_decorator.py took 0.082 seconds
[2024-07-02T09:07:06.527+0000] {processor.py:161} INFO - Started process (PID=397) to work on /home/airflow/.local/lib/python3.8/site-packages/airflow/example_dags/example_short_circuit_decorator.py
[2024-07-02T09:07:06.528+0000] {processor.py:830} INFO - Processing file /home/airflow/.local/lib/python3.8/site-packages/airflow/example_dags/example_short_circuit_decorator.py for tasks to queue
[2024-07-02T09:07:06.530+0000] {logging_mixin.py:188} INFO - [2024-07-02T09:07:06.530+0000] {dagbag.py:538} INFO - Filling up the DagBag from /home/airflow/.local/lib/python3.8/site-packages/airflow/example_dags/example_short_circuit_decorator.py
[2024-07-02T09:07:06.538+0000] {processor.py:840} INFO - DAG(s) 'example_short_circuit_decorator' retrieved from /home/airflow/.local/lib/python3.8/site-packages/airflow/example_dags/example_short_circuit_decorator.py
[2024-07-02T09:07:06.561+0000] {logging_mixin.py:188} INFO - [2024-07-02T09:07:06.561+0000] {dag.py:3033} INFO - Sync 1 DAGs
[2024-07-02T09:07:06.583+0000] {logging_mixin.py:188} INFO - [2024-07-02T09:07:06.583+0000] {dag.py:3820} INFO - Setting next_dagrun for example_short_circuit_decorator to 2024-07-01T00:00:00+00:00, run_after=2024-07-02T00:00:00+00:00
[2024-07-02T09:07:06.602+0000] {processor.py:183} INFO - Processing /home/airflow/.local/lib/python3.8/site-packages/airflow/example_dags/example_short_circuit_decorator.py took 0.078 seconds
[2024-07-02T09:07:37.060+0000] {processor.py:161} INFO - Started process (PID=452) to work on /home/airflow/.local/lib/python3.8/site-packages/airflow/example_dags/example_short_circuit_decorator.py
[2024-07-02T09:07:37.061+0000] {processor.py:830} INFO - Processing file /home/airflow/.local/lib/python3.8/site-packages/airflow/example_dags/example_short_circuit_decorator.py for tasks to queue
[2024-07-02T09:07:37.063+0000] {logging_mixin.py:188} INFO - [2024-07-02T09:07:37.063+0000] {dagbag.py:538} INFO - Filling up the DagBag from /home/airflow/.local/lib/python3.8/site-packages/airflow/example_dags/example_short_circuit_decorator.py
[2024-07-02T09:07:37.071+0000] {processor.py:840} INFO - DAG(s) 'example_short_circuit_decorator' retrieved from /home/airflow/.local/lib/python3.8/site-packages/airflow/example_dags/example_short_circuit_decorator.py
[2024-07-02T09:07:37.092+0000] {logging_mixin.py:188} INFO - [2024-07-02T09:07:37.092+0000] {dag.py:3033} INFO - Sync 1 DAGs
[2024-07-02T09:07:37.112+0000] {logging_mixin.py:188} INFO - [2024-07-02T09:07:37.112+0000] {dag.py:3820} INFO - Setting next_dagrun for example_short_circuit_decorator to 2024-07-01T00:00:00+00:00, run_after=2024-07-02T00:00:00+00:00
[2024-07-02T09:07:37.132+0000] {processor.py:183} INFO - Processing /home/airflow/.local/lib/python3.8/site-packages/airflow/example_dags/example_short_circuit_decorator.py took 0.074 seconds
[2024-07-02T09:08:07.621+0000] {processor.py:161} INFO - Started process (PID=507) to work on /home/airflow/.local/lib/python3.8/site-packages/airflow/example_dags/example_short_circuit_decorator.py
[2024-07-02T09:08:07.622+0000] {processor.py:830} INFO - Processing file /home/airflow/.local/lib/python3.8/site-packages/airflow/example_dags/example_short_circuit_decorator.py for tasks to queue
[2024-07-02T09:08:07.624+0000] {logging_mixin.py:188} INFO - [2024-07-02T09:08:07.624+0000] {dagbag.py:538} INFO - Filling up the DagBag from /home/airflow/.local/lib/python3.8/site-packages/airflow/example_dags/example_short_circuit_decorator.py
[2024-07-02T09:08:07.631+0000] {processor.py:840} INFO - DAG(s) 'example_short_circuit_decorator' retrieved from /home/airflow/.local/lib/python3.8/site-packages/airflow/example_dags/example_short_circuit_decorator.py
[2024-07-02T09:08:07.650+0000] {logging_mixin.py:188} INFO - [2024-07-02T09:08:07.650+0000] {dag.py:3033} INFO - Sync 1 DAGs
[2024-07-02T09:08:07.669+0000] {logging_mixin.py:188} INFO - [2024-07-02T09:08:07.669+0000] {dag.py:3820} INFO - Setting next_dagrun for example_short_circuit_decorator to 2024-07-01T00:00:00+00:00, run_after=2024-07-02T00:00:00+00:00
[2024-07-02T09:08:07.686+0000] {processor.py:183} INFO - Processing /home/airflow/.local/lib/python3.8/site-packages/airflow/example_dags/example_short_circuit_decorator.py took 0.067 seconds
[2024-07-02T09:08:38.244+0000] {processor.py:161} INFO - Started process (PID=562) to work on /home/airflow/.local/lib/python3.8/site-packages/airflow/example_dags/example_short_circuit_decorator.py
[2024-07-02T09:08:38.245+0000] {processor.py:830} INFO - Processing file /home/airflow/.local/lib/python3.8/site-packages/airflow/example_dags/example_short_circuit_decorator.py for tasks to queue
[2024-07-02T09:08:38.247+0000] {logging_mixin.py:188} INFO - [2024-07-02T09:08:38.247+0000] {dagbag.py:538} INFO - Filling up the DagBag from /home/airflow/.local/lib/python3.8/site-packages/airflow/example_dags/example_short_circuit_decorator.py
[2024-07-02T09:08:38.255+0000] {processor.py:840} INFO - DAG(s) 'example_short_circuit_decorator' retrieved from /home/airflow/.local/lib/python3.8/site-packages/airflow/example_dags/example_short_circuit_decorator.py
[2024-07-02T09:08:38.280+0000] {logging_mixin.py:188} INFO - [2024-07-02T09:08:38.280+0000] {dag.py:3033} INFO - Sync 1 DAGs
[2024-07-02T09:08:38.307+0000] {logging_mixin.py:188} INFO - [2024-07-02T09:08:38.307+0000] {dag.py:3820} INFO - Setting next_dagrun for example_short_circuit_decorator to 2024-07-01T00:00:00+00:00, run_after=2024-07-02T00:00:00+00:00
[2024-07-02T09:08:38.329+0000] {processor.py:183} INFO - Processing /home/airflow/.local/lib/python3.8/site-packages/airflow/example_dags/example_short_circuit_decorator.py took 0.087 seconds
[2024-07-02T09:09:08.832+0000] {processor.py:161} INFO - Started process (PID=617) to work on /home/airflow/.local/lib/python3.8/site-packages/airflow/example_dags/example_short_circuit_decorator.py
[2024-07-02T09:09:08.834+0000] {processor.py:830} INFO - Processing file /home/airflow/.local/lib/python3.8/site-packages/airflow/example_dags/example_short_circuit_decorator.py for tasks to queue
[2024-07-02T09:09:08.837+0000] {logging_mixin.py:188} INFO - [2024-07-02T09:09:08.836+0000] {dagbag.py:538} INFO - Filling up the DagBag from /home/airflow/.local/lib/python3.8/site-packages/airflow/example_dags/example_short_circuit_decorator.py
[2024-07-02T09:09:08.845+0000] {processor.py:840} INFO - DAG(s) 'example_short_circuit_decorator' retrieved from /home/airflow/.local/lib/python3.8/site-packages/airflow/example_dags/example_short_circuit_decorator.py
[2024-07-02T09:09:08.867+0000] {logging_mixin.py:188} INFO - [2024-07-02T09:09:08.867+0000] {dag.py:3033} INFO - Sync 1 DAGs
[2024-07-02T09:09:08.888+0000] {logging_mixin.py:188} INFO - [2024-07-02T09:09:08.888+0000] {dag.py:3820} INFO - Setting next_dagrun for example_short_circuit_decorator to 2024-07-01T00:00:00+00:00, run_after=2024-07-02T00:00:00+00:00
[2024-07-02T09:09:08.909+0000] {processor.py:183} INFO - Processing /home/airflow/.local/lib/python3.8/site-packages/airflow/example_dags/example_short_circuit_decorator.py took 0.079 seconds
[2024-07-02T09:09:39.767+0000] {processor.py:161} INFO - Started process (PID=672) to work on /home/airflow/.local/lib/python3.8/site-packages/airflow/example_dags/example_short_circuit_decorator.py
[2024-07-02T09:09:39.768+0000] {processor.py:830} INFO - Processing file /home/airflow/.local/lib/python3.8/site-packages/airflow/example_dags/example_short_circuit_decorator.py for tasks to queue
[2024-07-02T09:09:39.770+0000] {logging_mixin.py:188} INFO - [2024-07-02T09:09:39.769+0000] {dagbag.py:538} INFO - Filling up the DagBag from /home/airflow/.local/lib/python3.8/site-packages/airflow/example_dags/example_short_circuit_decorator.py
[2024-07-02T09:09:39.777+0000] {processor.py:840} INFO - DAG(s) 'example_short_circuit_decorator' retrieved from /home/airflow/.local/lib/python3.8/site-packages/airflow/example_dags/example_short_circuit_decorator.py
[2024-07-02T09:09:39.797+0000] {logging_mixin.py:188} INFO - [2024-07-02T09:09:39.797+0000] {dag.py:3033} INFO - Sync 1 DAGs
[2024-07-02T09:09:39.816+0000] {logging_mixin.py:188} INFO - [2024-07-02T09:09:39.816+0000] {dag.py:3820} INFO - Setting next_dagrun for example_short_circuit_decorator to 2024-07-01T00:00:00+00:00, run_after=2024-07-02T00:00:00+00:00
[2024-07-02T09:09:39.835+0000] {processor.py:183} INFO - Processing /home/airflow/.local/lib/python3.8/site-packages/airflow/example_dags/example_short_circuit_decorator.py took 0.071 seconds
[2024-07-02T09:10:10.758+0000] {processor.py:161} INFO - Started process (PID=727) to work on /home/airflow/.local/lib/python3.8/site-packages/airflow/example_dags/example_short_circuit_decorator.py
[2024-07-02T09:10:10.759+0000] {processor.py:830} INFO - Processing file /home/airflow/.local/lib/python3.8/site-packages/airflow/example_dags/example_short_circuit_decorator.py for tasks to queue
[2024-07-02T09:10:10.761+0000] {logging_mixin.py:188} INFO - [2024-07-02T09:10:10.761+0000] {dagbag.py:538} INFO - Filling up the DagBag from /home/airflow/.local/lib/python3.8/site-packages/airflow/example_dags/example_short_circuit_decorator.py
[2024-07-02T09:10:10.769+0000] {processor.py:840} INFO - DAG(s) 'example_short_circuit_decorator' retrieved from /home/airflow/.local/lib/python3.8/site-packages/airflow/example_dags/example_short_circuit_decorator.py
[2024-07-02T09:10:10.797+0000] {logging_mixin.py:188} INFO - [2024-07-02T09:10:10.796+0000] {dag.py:3033} INFO - Sync 1 DAGs
[2024-07-02T09:10:10.825+0000] {logging_mixin.py:188} INFO - [2024-07-02T09:10:10.825+0000] {dag.py:3820} INFO - Setting next_dagrun for example_short_circuit_decorator to 2024-07-01T00:00:00+00:00, run_after=2024-07-02T00:00:00+00:00
[2024-07-02T09:10:10.845+0000] {processor.py:183} INFO - Processing /home/airflow/.local/lib/python3.8/site-packages/airflow/example_dags/example_short_circuit_decorator.py took 0.089 seconds
[2024-07-02T09:10:41.378+0000] {processor.py:161} INFO - Started process (PID=782) to work on /home/airflow/.local/lib/python3.8/site-packages/airflow/example_dags/example_short_circuit_decorator.py
[2024-07-02T09:10:41.379+0000] {processor.py:830} INFO - Processing file /home/airflow/.local/lib/python3.8/site-packages/airflow/example_dags/example_short_circuit_decorator.py for tasks to queue
[2024-07-02T09:10:41.381+0000] {logging_mixin.py:188} INFO - [2024-07-02T09:10:41.380+0000] {dagbag.py:538} INFO - Filling up the DagBag from /home/airflow/.local/lib/python3.8/site-packages/airflow/example_dags/example_short_circuit_decorator.py
[2024-07-02T09:10:41.388+0000] {processor.py:840} INFO - DAG(s) 'example_short_circuit_decorator' retrieved from /home/airflow/.local/lib/python3.8/site-packages/airflow/example_dags/example_short_circuit_decorator.py
[2024-07-02T09:10:41.417+0000] {logging_mixin.py:188} INFO - [2024-07-02T09:10:41.416+0000] {dag.py:3033} INFO - Sync 1 DAGs
[2024-07-02T09:10:41.444+0000] {logging_mixin.py:188} INFO - [2024-07-02T09:10:41.444+0000] {dag.py:3820} INFO - Setting next_dagrun for example_short_circuit_decorator to 2024-07-01T00:00:00+00:00, run_after=2024-07-02T00:00:00+00:00
[2024-07-02T09:10:41.467+0000] {processor.py:183} INFO - Processing /home/airflow/.local/lib/python3.8/site-packages/airflow/example_dags/example_short_circuit_decorator.py took 0.092 seconds
[2024-07-02T09:11:11.901+0000] {processor.py:161} INFO - Started process (PID=837) to work on /home/airflow/.local/lib/python3.8/site-packages/airflow/example_dags/example_short_circuit_decorator.py
[2024-07-02T09:11:11.902+0000] {processor.py:830} INFO - Processing file /home/airflow/.local/lib/python3.8/site-packages/airflow/example_dags/example_short_circuit_decorator.py for tasks to queue
[2024-07-02T09:11:11.904+0000] {logging_mixin.py:188} INFO - [2024-07-02T09:11:11.904+0000] {dagbag.py:538} INFO - Filling up the DagBag from /home/airflow/.local/lib/python3.8/site-packages/airflow/example_dags/example_short_circuit_decorator.py
[2024-07-02T09:11:11.915+0000] {processor.py:840} INFO - DAG(s) 'example_short_circuit_decorator' retrieved from /home/airflow/.local/lib/python3.8/site-packages/airflow/example_dags/example_short_circuit_decorator.py
[2024-07-02T09:11:11.941+0000] {logging_mixin.py:188} INFO - [2024-07-02T09:11:11.941+0000] {dag.py:3033} INFO - Sync 1 DAGs
[2024-07-02T09:11:11.966+0000] {logging_mixin.py:188} INFO - [2024-07-02T09:11:11.965+0000] {dag.py:3820} INFO - Setting next_dagrun for example_short_circuit_decorator to 2024-07-01T00:00:00+00:00, run_after=2024-07-02T00:00:00+00:00
[2024-07-02T09:11:11.986+0000] {processor.py:183} INFO - Processing /home/airflow/.local/lib/python3.8/site-packages/airflow/example_dags/example_short_circuit_decorator.py took 0.089 seconds
[2024-07-02T09:11:43.180+0000] {processor.py:161} INFO - Started process (PID=892) to work on /home/airflow/.local/lib/python3.8/site-packages/airflow/example_dags/example_short_circuit_decorator.py
[2024-07-02T09:11:43.184+0000] {processor.py:830} INFO - Processing file /home/airflow/.local/lib/python3.8/site-packages/airflow/example_dags/example_short_circuit_decorator.py for tasks to queue
[2024-07-02T09:11:43.189+0000] {logging_mixin.py:188} INFO - [2024-07-02T09:11:43.188+0000] {dagbag.py:538} INFO - Filling up the DagBag from /home/airflow/.local/lib/python3.8/site-packages/airflow/example_dags/example_short_circuit_decorator.py
[2024-07-02T09:11:43.216+0000] {processor.py:840} INFO - DAG(s) 'example_short_circuit_decorator' retrieved from /home/airflow/.local/lib/python3.8/site-packages/airflow/example_dags/example_short_circuit_decorator.py
[2024-07-02T09:11:43.282+0000] {logging_mixin.py:188} INFO - [2024-07-02T09:11:43.281+0000] {dag.py:3033} INFO - Sync 1 DAGs
[2024-07-02T09:11:43.334+0000] {logging_mixin.py:188} INFO - [2024-07-02T09:11:43.334+0000] {dag.py:3820} INFO - Setting next_dagrun for example_short_circuit_decorator to 2024-07-01T00:00:00+00:00, run_after=2024-07-02T00:00:00+00:00
[2024-07-02T09:11:43.375+0000] {processor.py:183} INFO - Processing /home/airflow/.local/lib/python3.8/site-packages/airflow/example_dags/example_short_circuit_decorator.py took 0.210 seconds
[2024-07-02T09:12:13.899+0000] {processor.py:161} INFO - Started process (PID=947) to work on /home/airflow/.local/lib/python3.8/site-packages/airflow/example_dags/example_short_circuit_decorator.py
[2024-07-02T09:12:13.903+0000] {processor.py:830} INFO - Processing file /home/airflow/.local/lib/python3.8/site-packages/airflow/example_dags/example_short_circuit_decorator.py for tasks to queue
[2024-07-02T09:12:13.907+0000] {logging_mixin.py:188} INFO - [2024-07-02T09:12:13.906+0000] {dagbag.py:538} INFO - Filling up the DagBag from /home/airflow/.local/lib/python3.8/site-packages/airflow/example_dags/example_short_circuit_decorator.py
[2024-07-02T09:12:13.919+0000] {processor.py:840} INFO - DAG(s) 'example_short_circuit_decorator' retrieved from /home/airflow/.local/lib/python3.8/site-packages/airflow/example_dags/example_short_circuit_decorator.py
[2024-07-02T09:12:13.950+0000] {logging_mixin.py:188} INFO - [2024-07-02T09:12:13.950+0000] {dag.py:3033} INFO - Sync 1 DAGs
[2024-07-02T09:12:13.973+0000] {logging_mixin.py:188} INFO - [2024-07-02T09:12:13.973+0000] {dag.py:3820} INFO - Setting next_dagrun for example_short_circuit_decorator to 2024-07-01T00:00:00+00:00, run_after=2024-07-02T00:00:00+00:00
[2024-07-02T09:12:13.991+0000] {processor.py:183} INFO - Processing /home/airflow/.local/lib/python3.8/site-packages/airflow/example_dags/example_short_circuit_decorator.py took 0.095 seconds
[2024-07-02T09:12:44.196+0000] {processor.py:161} INFO - Started process (PID=1002) to work on /home/airflow/.local/lib/python3.8/site-packages/airflow/example_dags/example_short_circuit_decorator.py
[2024-07-02T09:12:44.197+0000] {processor.py:830} INFO - Processing file /home/airflow/.local/lib/python3.8/site-packages/airflow/example_dags/example_short_circuit_decorator.py for tasks to queue
[2024-07-02T09:12:44.199+0000] {logging_mixin.py:188} INFO - [2024-07-02T09:12:44.199+0000] {dagbag.py:538} INFO - Filling up the DagBag from /home/airflow/.local/lib/python3.8/site-packages/airflow/example_dags/example_short_circuit_decorator.py
[2024-07-02T09:12:44.206+0000] {processor.py:840} INFO - DAG(s) 'example_short_circuit_decorator' retrieved from /home/airflow/.local/lib/python3.8/site-packages/airflow/example_dags/example_short_circuit_decorator.py
[2024-07-02T09:12:44.226+0000] {logging_mixin.py:188} INFO - [2024-07-02T09:12:44.226+0000] {dag.py:3033} INFO - Sync 1 DAGs
[2024-07-02T09:12:44.245+0000] {logging_mixin.py:188} INFO - [2024-07-02T09:12:44.244+0000] {dag.py:3820} INFO - Setting next_dagrun for example_short_circuit_decorator to 2024-07-01T00:00:00+00:00, run_after=2024-07-02T00:00:00+00:00
[2024-07-02T09:12:44.263+0000] {processor.py:183} INFO - Processing /home/airflow/.local/lib/python3.8/site-packages/airflow/example_dags/example_short_circuit_decorator.py took 0.069 seconds
[2024-07-02T09:13:14.676+0000] {processor.py:161} INFO - Started process (PID=1057) to work on /home/airflow/.local/lib/python3.8/site-packages/airflow/example_dags/example_short_circuit_decorator.py
[2024-07-02T09:13:14.676+0000] {processor.py:830} INFO - Processing file /home/airflow/.local/lib/python3.8/site-packages/airflow/example_dags/example_short_circuit_decorator.py for tasks to queue
[2024-07-02T09:13:14.679+0000] {logging_mixin.py:188} INFO - [2024-07-02T09:13:14.679+0000] {dagbag.py:538} INFO - Filling up the DagBag from /home/airflow/.local/lib/python3.8/site-packages/airflow/example_dags/example_short_circuit_decorator.py
[2024-07-02T09:13:14.690+0000] {processor.py:840} INFO - DAG(s) 'example_short_circuit_decorator' retrieved from /home/airflow/.local/lib/python3.8/site-packages/airflow/example_dags/example_short_circuit_decorator.py
[2024-07-02T09:13:14.717+0000] {logging_mixin.py:188} INFO - [2024-07-02T09:13:14.717+0000] {dag.py:3033} INFO - Sync 1 DAGs
[2024-07-02T09:13:14.750+0000] {logging_mixin.py:188} INFO - [2024-07-02T09:13:14.750+0000] {dag.py:3820} INFO - Setting next_dagrun for example_short_circuit_decorator to 2024-07-01T00:00:00+00:00, run_after=2024-07-02T00:00:00+00:00
[2024-07-02T09:13:14.778+0000] {processor.py:183} INFO - Processing /home/airflow/.local/lib/python3.8/site-packages/airflow/example_dags/example_short_circuit_decorator.py took 0.105 seconds
[2024-07-02T09:13:45.277+0000] {processor.py:161} INFO - Started process (PID=1112) to work on /home/airflow/.local/lib/python3.8/site-packages/airflow/example_dags/example_short_circuit_decorator.py
[2024-07-02T09:13:45.281+0000] {processor.py:830} INFO - Processing file /home/airflow/.local/lib/python3.8/site-packages/airflow/example_dags/example_short_circuit_decorator.py for tasks to queue
[2024-07-02T09:13:45.283+0000] {logging_mixin.py:188} INFO - [2024-07-02T09:13:45.283+0000] {dagbag.py:538} INFO - Filling up the DagBag from /home/airflow/.local/lib/python3.8/site-packages/airflow/example_dags/example_short_circuit_decorator.py
[2024-07-02T09:13:45.291+0000] {processor.py:840} INFO - DAG(s) 'example_short_circuit_decorator' retrieved from /home/airflow/.local/lib/python3.8/site-packages/airflow/example_dags/example_short_circuit_decorator.py
[2024-07-02T09:13:45.317+0000] {logging_mixin.py:188} INFO - [2024-07-02T09:13:45.317+0000] {dag.py:3033} INFO - Sync 1 DAGs
[2024-07-02T09:13:45.344+0000] {logging_mixin.py:188} INFO - [2024-07-02T09:13:45.344+0000] {dag.py:3820} INFO - Setting next_dagrun for example_short_circuit_decorator to 2024-07-01T00:00:00+00:00, run_after=2024-07-02T00:00:00+00:00
[2024-07-02T09:13:45.363+0000] {processor.py:183} INFO - Processing /home/airflow/.local/lib/python3.8/site-packages/airflow/example_dags/example_short_circuit_decorator.py took 0.088 seconds
[2024-07-02T09:14:15.738+0000] {processor.py:161} INFO - Started process (PID=1167) to work on /home/airflow/.local/lib/python3.8/site-packages/airflow/example_dags/example_short_circuit_decorator.py
[2024-07-02T09:14:15.739+0000] {processor.py:830} INFO - Processing file /home/airflow/.local/lib/python3.8/site-packages/airflow/example_dags/example_short_circuit_decorator.py for tasks to queue
[2024-07-02T09:14:15.741+0000] {logging_mixin.py:188} INFO - [2024-07-02T09:14:15.741+0000] {dagbag.py:538} INFO - Filling up the DagBag from /home/airflow/.local/lib/python3.8/site-packages/airflow/example_dags/example_short_circuit_decorator.py
[2024-07-02T09:14:15.749+0000] {processor.py:840} INFO - DAG(s) 'example_short_circuit_decorator' retrieved from /home/airflow/.local/lib/python3.8/site-packages/airflow/example_dags/example_short_circuit_decorator.py
[2024-07-02T09:14:15.770+0000] {logging_mixin.py:188} INFO - [2024-07-02T09:14:15.770+0000] {dag.py:3033} INFO - Sync 1 DAGs
[2024-07-02T09:14:15.792+0000] {logging_mixin.py:188} INFO - [2024-07-02T09:14:15.791+0000] {dag.py:3820} INFO - Setting next_dagrun for example_short_circuit_decorator to 2024-07-01T00:00:00+00:00, run_after=2024-07-02T00:00:00+00:00
[2024-07-02T09:14:15.809+0000] {processor.py:183} INFO - Processing /home/airflow/.local/lib/python3.8/site-packages/airflow/example_dags/example_short_circuit_decorator.py took 0.073 seconds
[2024-07-02T09:14:46.278+0000] {processor.py:161} INFO - Started process (PID=1222) to work on /home/airflow/.local/lib/python3.8/site-packages/airflow/example_dags/example_short_circuit_decorator.py
[2024-07-02T09:14:46.280+0000] {processor.py:830} INFO - Processing file /home/airflow/.local/lib/python3.8/site-packages/airflow/example_dags/example_short_circuit_decorator.py for tasks to queue
[2024-07-02T09:14:46.282+0000] {logging_mixin.py:188} INFO - [2024-07-02T09:14:46.281+0000] {dagbag.py:538} INFO - Filling up the DagBag from /home/airflow/.local/lib/python3.8/site-packages/airflow/example_dags/example_short_circuit_decorator.py
[2024-07-02T09:14:46.290+0000] {processor.py:840} INFO - DAG(s) 'example_short_circuit_decorator' retrieved from /home/airflow/.local/lib/python3.8/site-packages/airflow/example_dags/example_short_circuit_decorator.py
[2024-07-02T09:14:46.312+0000] {logging_mixin.py:188} INFO - [2024-07-02T09:14:46.311+0000] {dag.py:3033} INFO - Sync 1 DAGs
[2024-07-02T09:14:46.333+0000] {logging_mixin.py:188} INFO - [2024-07-02T09:14:46.333+0000] {dag.py:3820} INFO - Setting next_dagrun for example_short_circuit_decorator to 2024-07-01T00:00:00+00:00, run_after=2024-07-02T00:00:00+00:00
[2024-07-02T09:14:47.286+0000] {processor.py:183} INFO - Processing /home/airflow/.local/lib/python3.8/site-packages/airflow/example_dags/example_short_circuit_decorator.py took 1.010 seconds
[2024-07-02T09:15:17.656+0000] {processor.py:161} INFO - Started process (PID=1277) to work on /home/airflow/.local/lib/python3.8/site-packages/airflow/example_dags/example_short_circuit_decorator.py
[2024-07-02T09:15:17.660+0000] {processor.py:830} INFO - Processing file /home/airflow/.local/lib/python3.8/site-packages/airflow/example_dags/example_short_circuit_decorator.py for tasks to queue
[2024-07-02T09:15:17.664+0000] {logging_mixin.py:188} INFO - [2024-07-02T09:15:17.663+0000] {dagbag.py:538} INFO - Filling up the DagBag from /home/airflow/.local/lib/python3.8/site-packages/airflow/example_dags/example_short_circuit_decorator.py
[2024-07-02T09:15:17.675+0000] {processor.py:840} INFO - DAG(s) 'example_short_circuit_decorator' retrieved from /home/airflow/.local/lib/python3.8/site-packages/airflow/example_dags/example_short_circuit_decorator.py
[2024-07-02T09:15:17.701+0000] {logging_mixin.py:188} INFO - [2024-07-02T09:15:17.701+0000] {dag.py:3033} INFO - Sync 1 DAGs
[2024-07-02T09:15:17.724+0000] {logging_mixin.py:188} INFO - [2024-07-02T09:15:17.724+0000] {dag.py:3820} INFO - Setting next_dagrun for example_short_circuit_decorator to 2024-07-01T00:00:00+00:00, run_after=2024-07-02T00:00:00+00:00
[2024-07-02T09:15:17.741+0000] {processor.py:183} INFO - Processing /home/airflow/.local/lib/python3.8/site-packages/airflow/example_dags/example_short_circuit_decorator.py took 0.092 seconds
[2024-07-02T09:15:48.124+0000] {processor.py:161} INFO - Started process (PID=1332) to work on /home/airflow/.local/lib/python3.8/site-packages/airflow/example_dags/example_short_circuit_decorator.py
[2024-07-02T09:15:48.128+0000] {processor.py:830} INFO - Processing file /home/airflow/.local/lib/python3.8/site-packages/airflow/example_dags/example_short_circuit_decorator.py for tasks to queue
[2024-07-02T09:15:48.131+0000] {logging_mixin.py:188} INFO - [2024-07-02T09:15:48.131+0000] {dagbag.py:538} INFO - Filling up the DagBag from /home/airflow/.local/lib/python3.8/site-packages/airflow/example_dags/example_short_circuit_decorator.py
[2024-07-02T09:15:48.141+0000] {processor.py:840} INFO - DAG(s) 'example_short_circuit_decorator' retrieved from /home/airflow/.local/lib/python3.8/site-packages/airflow/example_dags/example_short_circuit_decorator.py
[2024-07-02T09:15:48.162+0000] {logging_mixin.py:188} INFO - [2024-07-02T09:15:48.162+0000] {dag.py:3033} INFO - Sync 1 DAGs
[2024-07-02T09:15:48.181+0000] {logging_mixin.py:188} INFO - [2024-07-02T09:15:48.181+0000] {dag.py:3820} INFO - Setting next_dagrun for example_short_circuit_decorator to 2024-07-01T00:00:00+00:00, run_after=2024-07-02T00:00:00+00:00
[2024-07-02T09:15:48.197+0000] {processor.py:183} INFO - Processing /home/airflow/.local/lib/python3.8/site-packages/airflow/example_dags/example_short_circuit_decorator.py took 0.076 seconds
[2024-07-02T09:16:18.793+0000] {processor.py:161} INFO - Started process (PID=1386) to work on /home/airflow/.local/lib/python3.8/site-packages/airflow/example_dags/example_short_circuit_decorator.py
[2024-07-02T09:16:18.796+0000] {processor.py:830} INFO - Processing file /home/airflow/.local/lib/python3.8/site-packages/airflow/example_dags/example_short_circuit_decorator.py for tasks to queue
[2024-07-02T09:16:18.798+0000] {logging_mixin.py:188} INFO - [2024-07-02T09:16:18.798+0000] {dagbag.py:538} INFO - Filling up the DagBag from /home/airflow/.local/lib/python3.8/site-packages/airflow/example_dags/example_short_circuit_decorator.py
[2024-07-02T09:16:18.806+0000] {processor.py:840} INFO - DAG(s) 'example_short_circuit_decorator' retrieved from /home/airflow/.local/lib/python3.8/site-packages/airflow/example_dags/example_short_circuit_decorator.py
[2024-07-02T09:16:18.832+0000] {logging_mixin.py:188} INFO - [2024-07-02T09:16:18.832+0000] {dag.py:3033} INFO - Sync 1 DAGs
[2024-07-02T09:16:18.856+0000] {logging_mixin.py:188} INFO - [2024-07-02T09:16:18.856+0000] {dag.py:3820} INFO - Setting next_dagrun for example_short_circuit_decorator to 2024-07-01T00:00:00+00:00, run_after=2024-07-02T00:00:00+00:00
[2024-07-02T09:16:18.874+0000] {processor.py:183} INFO - Processing /home/airflow/.local/lib/python3.8/site-packages/airflow/example_dags/example_short_circuit_decorator.py took 0.083 seconds
[2024-07-02T09:16:49.376+0000] {processor.py:161} INFO - Started process (PID=1441) to work on /home/airflow/.local/lib/python3.8/site-packages/airflow/example_dags/example_short_circuit_decorator.py
[2024-07-02T09:16:49.377+0000] {processor.py:830} INFO - Processing file /home/airflow/.local/lib/python3.8/site-packages/airflow/example_dags/example_short_circuit_decorator.py for tasks to queue
[2024-07-02T09:16:49.379+0000] {logging_mixin.py:188} INFO - [2024-07-02T09:16:49.379+0000] {dagbag.py:538} INFO - Filling up the DagBag from /home/airflow/.local/lib/python3.8/site-packages/airflow/example_dags/example_short_circuit_decorator.py
[2024-07-02T09:16:49.387+0000] {processor.py:840} INFO - DAG(s) 'example_short_circuit_decorator' retrieved from /home/airflow/.local/lib/python3.8/site-packages/airflow/example_dags/example_short_circuit_decorator.py
[2024-07-02T09:16:49.408+0000] {logging_mixin.py:188} INFO - [2024-07-02T09:16:49.408+0000] {dag.py:3033} INFO - Sync 1 DAGs
[2024-07-02T09:16:49.427+0000] {logging_mixin.py:188} INFO - [2024-07-02T09:16:49.427+0000] {dag.py:3820} INFO - Setting next_dagrun for example_short_circuit_decorator to 2024-07-01T00:00:00+00:00, run_after=2024-07-02T00:00:00+00:00
[2024-07-02T09:16:49.445+0000] {processor.py:183} INFO - Processing /home/airflow/.local/lib/python3.8/site-packages/airflow/example_dags/example_short_circuit_decorator.py took 0.071 seconds
[2024-07-02T09:17:19.942+0000] {processor.py:161} INFO - Started process (PID=1496) to work on /home/airflow/.local/lib/python3.8/site-packages/airflow/example_dags/example_short_circuit_decorator.py
[2024-07-02T09:17:19.946+0000] {processor.py:830} INFO - Processing file /home/airflow/.local/lib/python3.8/site-packages/airflow/example_dags/example_short_circuit_decorator.py for tasks to queue
[2024-07-02T09:17:19.949+0000] {logging_mixin.py:188} INFO - [2024-07-02T09:17:19.948+0000] {dagbag.py:538} INFO - Filling up the DagBag from /home/airflow/.local/lib/python3.8/site-packages/airflow/example_dags/example_short_circuit_decorator.py
[2024-07-02T09:17:19.959+0000] {processor.py:840} INFO - DAG(s) 'example_short_circuit_decorator' retrieved from /home/airflow/.local/lib/python3.8/site-packages/airflow/example_dags/example_short_circuit_decorator.py
[2024-07-02T09:17:19.984+0000] {logging_mixin.py:188} INFO - [2024-07-02T09:17:19.984+0000] {dag.py:3033} INFO - Sync 1 DAGs
[2024-07-02T09:17:20.006+0000] {logging_mixin.py:188} INFO - [2024-07-02T09:17:20.006+0000] {dag.py:3820} INFO - Setting next_dagrun for example_short_circuit_decorator to 2024-07-01T00:00:00+00:00, run_after=2024-07-02T00:00:00+00:00
[2024-07-02T09:17:20.025+0000] {processor.py:183} INFO - Processing /home/airflow/.local/lib/python3.8/site-packages/airflow/example_dags/example_short_circuit_decorator.py took 0.086 seconds
[2024-07-02T09:17:50.269+0000] {processor.py:161} INFO - Started process (PID=1552) to work on /home/airflow/.local/lib/python3.8/site-packages/airflow/example_dags/example_short_circuit_decorator.py
[2024-07-02T09:17:50.273+0000] {processor.py:830} INFO - Processing file /home/airflow/.local/lib/python3.8/site-packages/airflow/example_dags/example_short_circuit_decorator.py for tasks to queue
[2024-07-02T09:17:50.276+0000] {logging_mixin.py:188} INFO - [2024-07-02T09:17:50.276+0000] {dagbag.py:538} INFO - Filling up the DagBag from /home/airflow/.local/lib/python3.8/site-packages/airflow/example_dags/example_short_circuit_decorator.py
[2024-07-02T09:17:50.287+0000] {processor.py:840} INFO - DAG(s) 'example_short_circuit_decorator' retrieved from /home/airflow/.local/lib/python3.8/site-packages/airflow/example_dags/example_short_circuit_decorator.py
[2024-07-02T09:17:50.313+0000] {logging_mixin.py:188} INFO - [2024-07-02T09:17:50.313+0000] {dag.py:3033} INFO - Sync 1 DAGs
[2024-07-02T09:17:50.334+0000] {logging_mixin.py:188} INFO - [2024-07-02T09:17:50.334+0000] {dag.py:3820} INFO - Setting next_dagrun for example_short_circuit_decorator to 2024-07-01T00:00:00+00:00, run_after=2024-07-02T00:00:00+00:00
[2024-07-02T09:17:50.352+0000] {processor.py:183} INFO - Processing /home/airflow/.local/lib/python3.8/site-packages/airflow/example_dags/example_short_circuit_decorator.py took 0.087 seconds
[2024-07-02T09:18:20.851+0000] {processor.py:161} INFO - Started process (PID=1607) to work on /home/airflow/.local/lib/python3.8/site-packages/airflow/example_dags/example_short_circuit_decorator.py
[2024-07-02T09:18:20.855+0000] {processor.py:830} INFO - Processing file /home/airflow/.local/lib/python3.8/site-packages/airflow/example_dags/example_short_circuit_decorator.py for tasks to queue
[2024-07-02T09:18:20.860+0000] {logging_mixin.py:188} INFO - [2024-07-02T09:18:20.860+0000] {dagbag.py:538} INFO - Filling up the DagBag from /home/airflow/.local/lib/python3.8/site-packages/airflow/example_dags/example_short_circuit_decorator.py
[2024-07-02T09:18:20.880+0000] {processor.py:840} INFO - DAG(s) 'example_short_circuit_decorator' retrieved from /home/airflow/.local/lib/python3.8/site-packages/airflow/example_dags/example_short_circuit_decorator.py
[2024-07-02T09:18:20.907+0000] {logging_mixin.py:188} INFO - [2024-07-02T09:18:20.907+0000] {dag.py:3033} INFO - Sync 1 DAGs
[2024-07-02T09:18:20.929+0000] {logging_mixin.py:188} INFO - [2024-07-02T09:18:20.929+0000] {dag.py:3820} INFO - Setting next_dagrun for example_short_circuit_decorator to 2024-07-01T00:00:00+00:00, run_after=2024-07-02T00:00:00+00:00
[2024-07-02T09:18:20.947+0000] {processor.py:183} INFO - Processing /home/airflow/.local/lib/python3.8/site-packages/airflow/example_dags/example_short_circuit_decorator.py took 0.102 seconds
[2024-07-02T09:18:51.375+0000] {processor.py:161} INFO - Started process (PID=1662) to work on /home/airflow/.local/lib/python3.8/site-packages/airflow/example_dags/example_short_circuit_decorator.py
[2024-07-02T09:18:51.378+0000] {processor.py:830} INFO - Processing file /home/airflow/.local/lib/python3.8/site-packages/airflow/example_dags/example_short_circuit_decorator.py for tasks to queue
[2024-07-02T09:18:51.380+0000] {logging_mixin.py:188} INFO - [2024-07-02T09:18:51.380+0000] {dagbag.py:538} INFO - Filling up the DagBag from /home/airflow/.local/lib/python3.8/site-packages/airflow/example_dags/example_short_circuit_decorator.py
[2024-07-02T09:18:51.388+0000] {processor.py:840} INFO - DAG(s) 'example_short_circuit_decorator' retrieved from /home/airflow/.local/lib/python3.8/site-packages/airflow/example_dags/example_short_circuit_decorator.py
[2024-07-02T09:18:51.414+0000] {logging_mixin.py:188} INFO - [2024-07-02T09:18:51.414+0000] {dag.py:3033} INFO - Sync 1 DAGs
[2024-07-02T09:18:51.439+0000] {logging_mixin.py:188} INFO - [2024-07-02T09:18:51.439+0000] {dag.py:3820} INFO - Setting next_dagrun for example_short_circuit_decorator to 2024-07-01T00:00:00+00:00, run_after=2024-07-02T00:00:00+00:00
[2024-07-02T09:18:51.458+0000] {processor.py:183} INFO - Processing /home/airflow/.local/lib/python3.8/site-packages/airflow/example_dags/example_short_circuit_decorator.py took 0.085 seconds
[2024-07-02T09:19:21.755+0000] {processor.py:161} INFO - Started process (PID=1717) to work on /home/airflow/.local/lib/python3.8/site-packages/airflow/example_dags/example_short_circuit_decorator.py
[2024-07-02T09:19:21.759+0000] {processor.py:830} INFO - Processing file /home/airflow/.local/lib/python3.8/site-packages/airflow/example_dags/example_short_circuit_decorator.py for tasks to queue
[2024-07-02T09:19:21.762+0000] {logging_mixin.py:188} INFO - [2024-07-02T09:19:21.761+0000] {dagbag.py:538} INFO - Filling up the DagBag from /home/airflow/.local/lib/python3.8/site-packages/airflow/example_dags/example_short_circuit_decorator.py
[2024-07-02T09:19:21.774+0000] {processor.py:840} INFO - DAG(s) 'example_short_circuit_decorator' retrieved from /home/airflow/.local/lib/python3.8/site-packages/airflow/example_dags/example_short_circuit_decorator.py
[2024-07-02T09:19:21.802+0000] {logging_mixin.py:188} INFO - [2024-07-02T09:19:21.802+0000] {dag.py:3033} INFO - Sync 1 DAGs
[2024-07-02T09:19:21.832+0000] {logging_mixin.py:188} INFO - [2024-07-02T09:19:21.832+0000] {dag.py:3820} INFO - Setting next_dagrun for example_short_circuit_decorator to 2024-07-01T00:00:00+00:00, run_after=2024-07-02T00:00:00+00:00
[2024-07-02T09:19:21.855+0000] {processor.py:183} INFO - Processing /home/airflow/.local/lib/python3.8/site-packages/airflow/example_dags/example_short_circuit_decorator.py took 0.103 seconds
[2024-07-02T09:19:52.087+0000] {processor.py:161} INFO - Started process (PID=1771) to work on /home/airflow/.local/lib/python3.8/site-packages/airflow/example_dags/example_short_circuit_decorator.py
[2024-07-02T09:19:52.090+0000] {processor.py:830} INFO - Processing file /home/airflow/.local/lib/python3.8/site-packages/airflow/example_dags/example_short_circuit_decorator.py for tasks to queue
[2024-07-02T09:19:52.093+0000] {logging_mixin.py:188} INFO - [2024-07-02T09:19:52.093+0000] {dagbag.py:538} INFO - Filling up the DagBag from /home/airflow/.local/lib/python3.8/site-packages/airflow/example_dags/example_short_circuit_decorator.py
[2024-07-02T09:19:52.102+0000] {processor.py:840} INFO - DAG(s) 'example_short_circuit_decorator' retrieved from /home/airflow/.local/lib/python3.8/site-packages/airflow/example_dags/example_short_circuit_decorator.py
[2024-07-02T09:19:52.129+0000] {logging_mixin.py:188} INFO - [2024-07-02T09:19:52.129+0000] {dag.py:3033} INFO - Sync 1 DAGs
[2024-07-02T09:19:52.152+0000] {logging_mixin.py:188} INFO - [2024-07-02T09:19:52.152+0000] {dag.py:3820} INFO - Setting next_dagrun for example_short_circuit_decorator to 2024-07-01T00:00:00+00:00, run_after=2024-07-02T00:00:00+00:00
[2024-07-02T09:19:52.170+0000] {processor.py:183} INFO - Processing /home/airflow/.local/lib/python3.8/site-packages/airflow/example_dags/example_short_circuit_decorator.py took 0.086 seconds
[2024-07-02T09:20:22.691+0000] {processor.py:161} INFO - Started process (PID=1825) to work on /home/airflow/.local/lib/python3.8/site-packages/airflow/example_dags/example_short_circuit_decorator.py
[2024-07-02T09:20:22.692+0000] {processor.py:830} INFO - Processing file /home/airflow/.local/lib/python3.8/site-packages/airflow/example_dags/example_short_circuit_decorator.py for tasks to queue
[2024-07-02T09:20:22.694+0000] {logging_mixin.py:188} INFO - [2024-07-02T09:20:22.694+0000] {dagbag.py:538} INFO - Filling up the DagBag from /home/airflow/.local/lib/python3.8/site-packages/airflow/example_dags/example_short_circuit_decorator.py
[2024-07-02T09:20:22.704+0000] {processor.py:840} INFO - DAG(s) 'example_short_circuit_decorator' retrieved from /home/airflow/.local/lib/python3.8/site-packages/airflow/example_dags/example_short_circuit_decorator.py
[2024-07-02T09:20:22.729+0000] {logging_mixin.py:188} INFO - [2024-07-02T09:20:22.729+0000] {dag.py:3033} INFO - Sync 1 DAGs
[2024-07-02T09:20:22.750+0000] {logging_mixin.py:188} INFO - [2024-07-02T09:20:22.750+0000] {dag.py:3820} INFO - Setting next_dagrun for example_short_circuit_decorator to 2024-07-01T00:00:00+00:00, run_after=2024-07-02T00:00:00+00:00
[2024-07-02T09:20:22.769+0000] {processor.py:183} INFO - Processing /home/airflow/.local/lib/python3.8/site-packages/airflow/example_dags/example_short_circuit_decorator.py took 0.082 seconds
[2024-07-02T09:20:53.374+0000] {processor.py:161} INFO - Started process (PID=1880) to work on /home/airflow/.local/lib/python3.8/site-packages/airflow/example_dags/example_short_circuit_decorator.py
[2024-07-02T09:20:53.379+0000] {processor.py:830} INFO - Processing file /home/airflow/.local/lib/python3.8/site-packages/airflow/example_dags/example_short_circuit_decorator.py for tasks to queue
[2024-07-02T09:20:53.383+0000] {logging_mixin.py:188} INFO - [2024-07-02T09:20:53.383+0000] {dagbag.py:538} INFO - Filling up the DagBag from /home/airflow/.local/lib/python3.8/site-packages/airflow/example_dags/example_short_circuit_decorator.py
[2024-07-02T09:20:53.394+0000] {processor.py:840} INFO - DAG(s) 'example_short_circuit_decorator' retrieved from /home/airflow/.local/lib/python3.8/site-packages/airflow/example_dags/example_short_circuit_decorator.py
[2024-07-02T09:20:53.419+0000] {logging_mixin.py:188} INFO - [2024-07-02T09:20:53.418+0000] {dag.py:3033} INFO - Sync 1 DAGs
[2024-07-02T09:20:53.439+0000] {logging_mixin.py:188} INFO - [2024-07-02T09:20:53.439+0000] {dag.py:3820} INFO - Setting next_dagrun for example_short_circuit_decorator to 2024-07-01T00:00:00+00:00, run_after=2024-07-02T00:00:00+00:00
[2024-07-02T09:20:53.457+0000] {processor.py:183} INFO - Processing /home/airflow/.local/lib/python3.8/site-packages/airflow/example_dags/example_short_circuit_decorator.py took 0.091 seconds
[2024-07-02T09:21:23.477+0000] {processor.py:161} INFO - Started process (PID=1935) to work on /home/airflow/.local/lib/python3.8/site-packages/airflow/example_dags/example_short_circuit_decorator.py
[2024-07-02T09:21:23.481+0000] {processor.py:830} INFO - Processing file /home/airflow/.local/lib/python3.8/site-packages/airflow/example_dags/example_short_circuit_decorator.py for tasks to queue
[2024-07-02T09:21:23.483+0000] {logging_mixin.py:188} INFO - [2024-07-02T09:21:23.483+0000] {dagbag.py:538} INFO - Filling up the DagBag from /home/airflow/.local/lib/python3.8/site-packages/airflow/example_dags/example_short_circuit_decorator.py
[2024-07-02T09:21:23.492+0000] {processor.py:840} INFO - DAG(s) 'example_short_circuit_decorator' retrieved from /home/airflow/.local/lib/python3.8/site-packages/airflow/example_dags/example_short_circuit_decorator.py
[2024-07-02T09:21:23.522+0000] {logging_mixin.py:188} INFO - [2024-07-02T09:21:23.521+0000] {dag.py:3033} INFO - Sync 1 DAGs
[2024-07-02T09:21:23.544+0000] {logging_mixin.py:188} INFO - [2024-07-02T09:21:23.544+0000] {dag.py:3820} INFO - Setting next_dagrun for example_short_circuit_decorator to 2024-07-01T00:00:00+00:00, run_after=2024-07-02T00:00:00+00:00
[2024-07-02T09:21:23.563+0000] {processor.py:183} INFO - Processing /home/airflow/.local/lib/python3.8/site-packages/airflow/example_dags/example_short_circuit_decorator.py took 0.089 seconds
[2024-07-02T09:21:54.059+0000] {processor.py:161} INFO - Started process (PID=1989) to work on /home/airflow/.local/lib/python3.8/site-packages/airflow/example_dags/example_short_circuit_decorator.py
[2024-07-02T09:21:54.063+0000] {processor.py:830} INFO - Processing file /home/airflow/.local/lib/python3.8/site-packages/airflow/example_dags/example_short_circuit_decorator.py for tasks to queue
[2024-07-02T09:21:54.067+0000] {logging_mixin.py:188} INFO - [2024-07-02T09:21:54.066+0000] {dagbag.py:538} INFO - Filling up the DagBag from /home/airflow/.local/lib/python3.8/site-packages/airflow/example_dags/example_short_circuit_decorator.py
[2024-07-02T09:21:54.078+0000] {processor.py:840} INFO - DAG(s) 'example_short_circuit_decorator' retrieved from /home/airflow/.local/lib/python3.8/site-packages/airflow/example_dags/example_short_circuit_decorator.py
[2024-07-02T09:21:54.115+0000] {logging_mixin.py:188} INFO - [2024-07-02T09:21:54.114+0000] {dag.py:3033} INFO - Sync 1 DAGs
[2024-07-02T09:21:54.149+0000] {logging_mixin.py:188} INFO - [2024-07-02T09:21:54.149+0000] {dag.py:3820} INFO - Setting next_dagrun for example_short_circuit_decorator to 2024-07-01T00:00:00+00:00, run_after=2024-07-02T00:00:00+00:00
[2024-07-02T09:21:54.181+0000] {processor.py:183} INFO - Processing /home/airflow/.local/lib/python3.8/site-packages/airflow/example_dags/example_short_circuit_decorator.py took 0.125 seconds
[2024-07-02T09:22:24.276+0000] {processor.py:161} INFO - Started process (PID=2045) to work on /home/airflow/.local/lib/python3.8/site-packages/airflow/example_dags/example_short_circuit_decorator.py
[2024-07-02T09:22:24.277+0000] {processor.py:830} INFO - Processing file /home/airflow/.local/lib/python3.8/site-packages/airflow/example_dags/example_short_circuit_decorator.py for tasks to queue
[2024-07-02T09:22:24.279+0000] {logging_mixin.py:188} INFO - [2024-07-02T09:22:24.279+0000] {dagbag.py:538} INFO - Filling up the DagBag from /home/airflow/.local/lib/python3.8/site-packages/airflow/example_dags/example_short_circuit_decorator.py
[2024-07-02T09:22:24.287+0000] {processor.py:840} INFO - DAG(s) 'example_short_circuit_decorator' retrieved from /home/airflow/.local/lib/python3.8/site-packages/airflow/example_dags/example_short_circuit_decorator.py
[2024-07-02T09:22:24.311+0000] {logging_mixin.py:188} INFO - [2024-07-02T09:22:24.310+0000] {dag.py:3033} INFO - Sync 1 DAGs
[2024-07-02T09:22:24.331+0000] {logging_mixin.py:188} INFO - [2024-07-02T09:22:24.331+0000] {dag.py:3820} INFO - Setting next_dagrun for example_short_circuit_decorator to 2024-07-01T00:00:00+00:00, run_after=2024-07-02T00:00:00+00:00
[2024-07-02T09:22:24.347+0000] {processor.py:183} INFO - Processing /home/airflow/.local/lib/python3.8/site-packages/airflow/example_dags/example_short_circuit_decorator.py took 0.073 seconds
[2024-07-02T09:22:54.537+0000] {processor.py:161} INFO - Started process (PID=2099) to work on /home/airflow/.local/lib/python3.8/site-packages/airflow/example_dags/example_short_circuit_decorator.py
[2024-07-02T09:22:54.541+0000] {processor.py:830} INFO - Processing file /home/airflow/.local/lib/python3.8/site-packages/airflow/example_dags/example_short_circuit_decorator.py for tasks to queue
[2024-07-02T09:22:54.543+0000] {logging_mixin.py:188} INFO - [2024-07-02T09:22:54.543+0000] {dagbag.py:538} INFO - Filling up the DagBag from /home/airflow/.local/lib/python3.8/site-packages/airflow/example_dags/example_short_circuit_decorator.py
[2024-07-02T09:22:54.552+0000] {processor.py:840} INFO - DAG(s) 'example_short_circuit_decorator' retrieved from /home/airflow/.local/lib/python3.8/site-packages/airflow/example_dags/example_short_circuit_decorator.py
[2024-07-02T09:22:54.572+0000] {logging_mixin.py:188} INFO - [2024-07-02T09:22:54.572+0000] {dag.py:3033} INFO - Sync 1 DAGs
[2024-07-02T09:22:54.592+0000] {logging_mixin.py:188} INFO - [2024-07-02T09:22:54.591+0000] {dag.py:3820} INFO - Setting next_dagrun for example_short_circuit_decorator to 2024-07-01T00:00:00+00:00, run_after=2024-07-02T00:00:00+00:00
[2024-07-02T09:22:54.607+0000] {processor.py:183} INFO - Processing /home/airflow/.local/lib/python3.8/site-packages/airflow/example_dags/example_short_circuit_decorator.py took 0.072 seconds
[2024-07-02T09:23:24.845+0000] {processor.py:161} INFO - Started process (PID=2154) to work on /home/airflow/.local/lib/python3.8/site-packages/airflow/example_dags/example_short_circuit_decorator.py
[2024-07-02T09:23:24.849+0000] {processor.py:830} INFO - Processing file /home/airflow/.local/lib/python3.8/site-packages/airflow/example_dags/example_short_circuit_decorator.py for tasks to queue
[2024-07-02T09:23:24.853+0000] {logging_mixin.py:188} INFO - [2024-07-02T09:23:24.852+0000] {dagbag.py:538} INFO - Filling up the DagBag from /home/airflow/.local/lib/python3.8/site-packages/airflow/example_dags/example_short_circuit_decorator.py
[2024-07-02T09:23:24.868+0000] {processor.py:840} INFO - DAG(s) 'example_short_circuit_decorator' retrieved from /home/airflow/.local/lib/python3.8/site-packages/airflow/example_dags/example_short_circuit_decorator.py
[2024-07-02T09:23:24.894+0000] {logging_mixin.py:188} INFO - [2024-07-02T09:23:24.894+0000] {dag.py:3033} INFO - Sync 1 DAGs
[2024-07-02T09:23:24.922+0000] {logging_mixin.py:188} INFO - [2024-07-02T09:23:24.922+0000] {dag.py:3820} INFO - Setting next_dagrun for example_short_circuit_decorator to 2024-07-01T00:00:00+00:00, run_after=2024-07-02T00:00:00+00:00
[2024-07-02T09:23:24.944+0000] {processor.py:183} INFO - Processing /home/airflow/.local/lib/python3.8/site-packages/airflow/example_dags/example_short_circuit_decorator.py took 0.102 seconds
[2024-07-02T09:23:55.226+0000] {processor.py:161} INFO - Started process (PID=2209) to work on /home/airflow/.local/lib/python3.8/site-packages/airflow/example_dags/example_short_circuit_decorator.py
[2024-07-02T09:23:55.227+0000] {processor.py:830} INFO - Processing file /home/airflow/.local/lib/python3.8/site-packages/airflow/example_dags/example_short_circuit_decorator.py for tasks to queue
[2024-07-02T09:23:55.230+0000] {logging_mixin.py:188} INFO - [2024-07-02T09:23:55.230+0000] {dagbag.py:538} INFO - Filling up the DagBag from /home/airflow/.local/lib/python3.8/site-packages/airflow/example_dags/example_short_circuit_decorator.py
[2024-07-02T09:23:55.240+0000] {processor.py:840} INFO - DAG(s) 'example_short_circuit_decorator' retrieved from /home/airflow/.local/lib/python3.8/site-packages/airflow/example_dags/example_short_circuit_decorator.py
[2024-07-02T09:23:55.264+0000] {logging_mixin.py:188} INFO - [2024-07-02T09:23:55.264+0000] {dag.py:3033} INFO - Sync 1 DAGs
[2024-07-02T09:23:55.284+0000] {logging_mixin.py:188} INFO - [2024-07-02T09:23:55.284+0000] {dag.py:3820} INFO - Setting next_dagrun for example_short_circuit_decorator to 2024-07-01T00:00:00+00:00, run_after=2024-07-02T00:00:00+00:00
[2024-07-02T09:23:55.303+0000] {processor.py:183} INFO - Processing /home/airflow/.local/lib/python3.8/site-packages/airflow/example_dags/example_short_circuit_decorator.py took 0.081 seconds
