[2024-07-02T09:04:03.688+0000] {processor.py:161} INFO - Started process (PID=70) to work on /home/airflow/.local/lib/python3.8/site-packages/airflow/example_dags/example_subdag_operator.py
[2024-07-02T09:04:03.689+0000] {processor.py:830} INFO - Processing file /home/airflow/.local/lib/python3.8/site-packages/airflow/example_dags/example_subdag_operator.py for tasks to queue
[2024-07-02T09:04:03.692+0000] {logging_mixin.py:188} INFO - [2024-07-02T09:04:03.692+0000] {dagbag.py:538} INFO - Filling up the DagBag from /home/airflow/.local/lib/python3.8/site-packages/airflow/example_dags/example_subdag_operator.py
[2024-07-02T09:04:03.733+0000] {processor.py:840} INFO - DAG(s) 'example_subdag_operator.section-1', 'example_subdag_operator.section-2', 'example_subdag_operator' retrieved from /home/airflow/.local/lib/python3.8/site-packages/airflow/example_dags/example_subdag_operator.py
[2024-07-02T09:04:03.877+0000] {logging_mixin.py:188} INFO - [2024-07-02T09:04:03.876+0000] {override.py:1769} INFO - Created Permission View: can edit on DAG:example_subdag_operator
[2024-07-02T09:04:03.897+0000] {logging_mixin.py:188} INFO - [2024-07-02T09:04:03.896+0000] {override.py:1769} INFO - Created Permission View: can delete on DAG:example_subdag_operator
[2024-07-02T09:04:03.909+0000] {logging_mixin.py:188} INFO - [2024-07-02T09:04:03.909+0000] {override.py:1769} INFO - Created Permission View: can read on DAG:example_subdag_operator
[2024-07-02T09:04:03.910+0000] {logging_mixin.py:188} INFO - [2024-07-02T09:04:03.910+0000] {dag.py:3033} INFO - Sync 3 DAGs
[2024-07-02T09:04:03.935+0000] {logging_mixin.py:188} INFO - [2024-07-02T09:04:03.934+0000] {dag.py:3055} INFO - Creating ORM DAG for example_subdag_operator.section-1
[2024-07-02T09:04:03.936+0000] {logging_mixin.py:188} INFO - [2024-07-02T09:04:03.935+0000] {dag.py:3055} INFO - Creating ORM DAG for example_subdag_operator.section-2
[2024-07-02T09:04:03.936+0000] {logging_mixin.py:188} INFO - [2024-07-02T09:04:03.936+0000] {dag.py:3055} INFO - Creating ORM DAG for example_subdag_operator
[2024-07-02T09:04:03.954+0000] {logging_mixin.py:188} INFO - [2024-07-02T09:04:03.953+0000] {dag.py:3820} INFO - Setting next_dagrun for example_subdag_operator to 2022-01-01T00:00:00+00:00, run_after=2022-01-01T00:00:00+00:00
[2024-07-02T09:04:03.954+0000] {logging_mixin.py:188} INFO - [2024-07-02T09:04:03.954+0000] {dag.py:3820} INFO - Setting next_dagrun for example_subdag_operator.section-1 to None, run_after=None
[2024-07-02T09:04:03.955+0000] {logging_mixin.py:188} INFO - [2024-07-02T09:04:03.955+0000] {dag.py:3820} INFO - Setting next_dagrun for example_subdag_operator.section-2 to None, run_after=None
[2024-07-02T09:04:03.969+0000] {logging_mixin.py:188} INFO - [2024-07-02T09:04:03.969+0000] {dag.py:3033} INFO - Sync 2 DAGs
[2024-07-02T09:04:03.979+0000] {logging_mixin.py:188} INFO - [2024-07-02T09:04:03.978+0000] {dag.py:3820} INFO - Setting next_dagrun for example_subdag_operator.section-1 to None, run_after=None
[2024-07-02T09:04:03.984+0000] {logging_mixin.py:188} INFO - [2024-07-02T09:04:03.983+0000] {dag.py:3820} INFO - Setting next_dagrun for example_subdag_operator.section-2 to None, run_after=None
[2024-07-02T09:04:04.003+0000] {processor.py:183} INFO - Processing /home/airflow/.local/lib/python3.8/site-packages/airflow/example_dags/example_subdag_operator.py took 0.319 seconds
[2024-07-02T09:04:34.263+0000] {processor.py:161} INFO - Started process (PID=124) to work on /home/airflow/.local/lib/python3.8/site-packages/airflow/example_dags/example_subdag_operator.py
[2024-07-02T09:04:34.264+0000] {processor.py:830} INFO - Processing file /home/airflow/.local/lib/python3.8/site-packages/airflow/example_dags/example_subdag_operator.py for tasks to queue
[2024-07-02T09:04:34.268+0000] {logging_mixin.py:188} INFO - [2024-07-02T09:04:34.267+0000] {dagbag.py:538} INFO - Filling up the DagBag from /home/airflow/.local/lib/python3.8/site-packages/airflow/example_dags/example_subdag_operator.py
[2024-07-02T09:04:34.299+0000] {processor.py:840} INFO - DAG(s) 'example_subdag_operator.section-1', 'example_subdag_operator.section-2', 'example_subdag_operator' retrieved from /home/airflow/.local/lib/python3.8/site-packages/airflow/example_dags/example_subdag_operator.py
[2024-07-02T09:04:34.322+0000] {logging_mixin.py:188} INFO - [2024-07-02T09:04:34.322+0000] {dag.py:3033} INFO - Sync 3 DAGs
[2024-07-02T09:04:34.360+0000] {logging_mixin.py:188} INFO - [2024-07-02T09:04:34.360+0000] {dag.py:3820} INFO - Setting next_dagrun for example_subdag_operator to 2022-01-01T00:00:00+00:00, run_after=2022-01-01T00:00:00+00:00
[2024-07-02T09:04:34.368+0000] {logging_mixin.py:188} INFO - [2024-07-02T09:04:34.367+0000] {dag.py:3820} INFO - Setting next_dagrun for example_subdag_operator.section-1 to None, run_after=None
[2024-07-02T09:04:34.370+0000] {logging_mixin.py:188} INFO - [2024-07-02T09:04:34.370+0000] {dag.py:3820} INFO - Setting next_dagrun for example_subdag_operator.section-2 to None, run_after=None
[2024-07-02T09:04:34.384+0000] {logging_mixin.py:188} INFO - [2024-07-02T09:04:34.384+0000] {dag.py:3033} INFO - Sync 2 DAGs
[2024-07-02T09:04:34.395+0000] {logging_mixin.py:188} INFO - [2024-07-02T09:04:34.395+0000] {dag.py:3820} INFO - Setting next_dagrun for example_subdag_operator.section-1 to None, run_after=None
[2024-07-02T09:04:34.396+0000] {logging_mixin.py:188} INFO - [2024-07-02T09:04:34.396+0000] {dag.py:3820} INFO - Setting next_dagrun for example_subdag_operator.section-2 to None, run_after=None
[2024-07-02T09:04:34.418+0000] {processor.py:183} INFO - Processing /home/airflow/.local/lib/python3.8/site-packages/airflow/example_dags/example_subdag_operator.py took 0.159 seconds
[2024-07-02T09:05:04.455+0000] {processor.py:161} INFO - Started process (PID=180) to work on /home/airflow/.local/lib/python3.8/site-packages/airflow/example_dags/example_subdag_operator.py
[2024-07-02T09:05:04.456+0000] {processor.py:830} INFO - Processing file /home/airflow/.local/lib/python3.8/site-packages/airflow/example_dags/example_subdag_operator.py for tasks to queue
[2024-07-02T09:05:04.459+0000] {logging_mixin.py:188} INFO - [2024-07-02T09:05:04.459+0000] {dagbag.py:538} INFO - Filling up the DagBag from /home/airflow/.local/lib/python3.8/site-packages/airflow/example_dags/example_subdag_operator.py
[2024-07-02T09:05:04.481+0000] {processor.py:840} INFO - DAG(s) 'example_subdag_operator.section-1', 'example_subdag_operator.section-2', 'example_subdag_operator' retrieved from /home/airflow/.local/lib/python3.8/site-packages/airflow/example_dags/example_subdag_operator.py
[2024-07-02T09:05:04.496+0000] {logging_mixin.py:188} INFO - [2024-07-02T09:05:04.495+0000] {dag.py:3033} INFO - Sync 3 DAGs
[2024-07-02T09:05:04.516+0000] {logging_mixin.py:188} INFO - [2024-07-02T09:05:04.516+0000] {dag.py:3820} INFO - Setting next_dagrun for example_subdag_operator to 2022-01-01T00:00:00+00:00, run_after=2022-01-01T00:00:00+00:00
[2024-07-02T09:05:04.519+0000] {logging_mixin.py:188} INFO - [2024-07-02T09:05:04.519+0000] {dag.py:3820} INFO - Setting next_dagrun for example_subdag_operator.section-1 to None, run_after=None
[2024-07-02T09:05:04.520+0000] {logging_mixin.py:188} INFO - [2024-07-02T09:05:04.520+0000] {dag.py:3820} INFO - Setting next_dagrun for example_subdag_operator.section-2 to None, run_after=None
[2024-07-02T09:05:04.527+0000] {logging_mixin.py:188} INFO - [2024-07-02T09:05:04.526+0000] {dag.py:3033} INFO - Sync 2 DAGs
[2024-07-02T09:05:04.532+0000] {logging_mixin.py:188} INFO - [2024-07-02T09:05:04.531+0000] {dag.py:3820} INFO - Setting next_dagrun for example_subdag_operator.section-1 to None, run_after=None
[2024-07-02T09:05:04.532+0000] {logging_mixin.py:188} INFO - [2024-07-02T09:05:04.532+0000] {dag.py:3820} INFO - Setting next_dagrun for example_subdag_operator.section-2 to None, run_after=None
[2024-07-02T09:05:04.545+0000] {processor.py:183} INFO - Processing /home/airflow/.local/lib/python3.8/site-packages/airflow/example_dags/example_subdag_operator.py took 0.093 seconds
[2024-07-02T09:05:34.604+0000] {processor.py:161} INFO - Started process (PID=235) to work on /home/airflow/.local/lib/python3.8/site-packages/airflow/example_dags/example_subdag_operator.py
[2024-07-02T09:05:34.604+0000] {processor.py:830} INFO - Processing file /home/airflow/.local/lib/python3.8/site-packages/airflow/example_dags/example_subdag_operator.py for tasks to queue
[2024-07-02T09:05:34.606+0000] {logging_mixin.py:188} INFO - [2024-07-02T09:05:34.606+0000] {dagbag.py:538} INFO - Filling up the DagBag from /home/airflow/.local/lib/python3.8/site-packages/airflow/example_dags/example_subdag_operator.py
[2024-07-02T09:05:34.626+0000] {processor.py:840} INFO - DAG(s) 'example_subdag_operator.section-1', 'example_subdag_operator.section-2', 'example_subdag_operator' retrieved from /home/airflow/.local/lib/python3.8/site-packages/airflow/example_dags/example_subdag_operator.py
[2024-07-02T09:05:34.640+0000] {logging_mixin.py:188} INFO - [2024-07-02T09:05:34.640+0000] {dag.py:3033} INFO - Sync 3 DAGs
[2024-07-02T09:05:34.659+0000] {logging_mixin.py:188} INFO - [2024-07-02T09:05:34.658+0000] {dag.py:3820} INFO - Setting next_dagrun for example_subdag_operator to 2022-01-01T00:00:00+00:00, run_after=2022-01-01T00:00:00+00:00
[2024-07-02T09:05:34.662+0000] {logging_mixin.py:188} INFO - [2024-07-02T09:05:34.662+0000] {dag.py:3820} INFO - Setting next_dagrun for example_subdag_operator.section-1 to None, run_after=None
[2024-07-02T09:05:34.663+0000] {logging_mixin.py:188} INFO - [2024-07-02T09:05:34.663+0000] {dag.py:3820} INFO - Setting next_dagrun for example_subdag_operator.section-2 to None, run_after=None
[2024-07-02T09:05:34.668+0000] {logging_mixin.py:188} INFO - [2024-07-02T09:05:34.668+0000] {dag.py:3033} INFO - Sync 2 DAGs
[2024-07-02T09:05:34.673+0000] {logging_mixin.py:188} INFO - [2024-07-02T09:05:34.673+0000] {dag.py:3820} INFO - Setting next_dagrun for example_subdag_operator.section-1 to None, run_after=None
[2024-07-02T09:05:34.673+0000] {logging_mixin.py:188} INFO - [2024-07-02T09:05:34.673+0000] {dag.py:3820} INFO - Setting next_dagrun for example_subdag_operator.section-2 to None, run_after=None
[2024-07-02T09:05:34.682+0000] {processor.py:183} INFO - Processing /home/airflow/.local/lib/python3.8/site-packages/airflow/example_dags/example_subdag_operator.py took 0.081 seconds
[2024-07-02T09:06:05.604+0000] {processor.py:161} INFO - Started process (PID=290) to work on /home/airflow/.local/lib/python3.8/site-packages/airflow/example_dags/example_subdag_operator.py
[2024-07-02T09:06:05.605+0000] {processor.py:830} INFO - Processing file /home/airflow/.local/lib/python3.8/site-packages/airflow/example_dags/example_subdag_operator.py for tasks to queue
[2024-07-02T09:06:05.607+0000] {logging_mixin.py:188} INFO - [2024-07-02T09:06:05.606+0000] {dagbag.py:538} INFO - Filling up the DagBag from /home/airflow/.local/lib/python3.8/site-packages/airflow/example_dags/example_subdag_operator.py
[2024-07-02T09:06:05.627+0000] {processor.py:840} INFO - DAG(s) 'example_subdag_operator.section-1', 'example_subdag_operator.section-2', 'example_subdag_operator' retrieved from /home/airflow/.local/lib/python3.8/site-packages/airflow/example_dags/example_subdag_operator.py
[2024-07-02T09:06:05.643+0000] {logging_mixin.py:188} INFO - [2024-07-02T09:06:05.642+0000] {dag.py:3033} INFO - Sync 3 DAGs
[2024-07-02T09:06:05.665+0000] {logging_mixin.py:188} INFO - [2024-07-02T09:06:05.665+0000] {dag.py:3820} INFO - Setting next_dagrun for example_subdag_operator to 2022-01-01T00:00:00+00:00, run_after=2022-01-01T00:00:00+00:00
[2024-07-02T09:06:05.669+0000] {logging_mixin.py:188} INFO - [2024-07-02T09:06:05.669+0000] {dag.py:3820} INFO - Setting next_dagrun for example_subdag_operator.section-1 to None, run_after=None
[2024-07-02T09:06:05.670+0000] {logging_mixin.py:188} INFO - [2024-07-02T09:06:05.670+0000] {dag.py:3820} INFO - Setting next_dagrun for example_subdag_operator.section-2 to None, run_after=None
[2024-07-02T09:06:05.676+0000] {logging_mixin.py:188} INFO - [2024-07-02T09:06:05.676+0000] {dag.py:3033} INFO - Sync 2 DAGs
[2024-07-02T09:06:05.680+0000] {logging_mixin.py:188} INFO - [2024-07-02T09:06:05.680+0000] {dag.py:3820} INFO - Setting next_dagrun for example_subdag_operator.section-1 to None, run_after=None
[2024-07-02T09:06:05.681+0000] {logging_mixin.py:188} INFO - [2024-07-02T09:06:05.680+0000] {dag.py:3820} INFO - Setting next_dagrun for example_subdag_operator.section-2 to None, run_after=None
[2024-07-02T09:06:05.689+0000] {processor.py:183} INFO - Processing /home/airflow/.local/lib/python3.8/site-packages/airflow/example_dags/example_subdag_operator.py took 0.088 seconds
[2024-07-02T09:06:36.164+0000] {processor.py:161} INFO - Started process (PID=344) to work on /home/airflow/.local/lib/python3.8/site-packages/airflow/example_dags/example_subdag_operator.py
[2024-07-02T09:06:36.165+0000] {processor.py:830} INFO - Processing file /home/airflow/.local/lib/python3.8/site-packages/airflow/example_dags/example_subdag_operator.py for tasks to queue
[2024-07-02T09:06:36.168+0000] {logging_mixin.py:188} INFO - [2024-07-02T09:06:36.167+0000] {dagbag.py:538} INFO - Filling up the DagBag from /home/airflow/.local/lib/python3.8/site-packages/airflow/example_dags/example_subdag_operator.py
[2024-07-02T09:06:36.190+0000] {processor.py:840} INFO - DAG(s) 'example_subdag_operator.section-1', 'example_subdag_operator.section-2', 'example_subdag_operator' retrieved from /home/airflow/.local/lib/python3.8/site-packages/airflow/example_dags/example_subdag_operator.py
[2024-07-02T09:06:36.205+0000] {logging_mixin.py:188} INFO - [2024-07-02T09:06:36.205+0000] {dag.py:3033} INFO - Sync 3 DAGs
[2024-07-02T09:06:36.225+0000] {logging_mixin.py:188} INFO - [2024-07-02T09:06:36.224+0000] {dag.py:3820} INFO - Setting next_dagrun for example_subdag_operator to 2022-01-01T00:00:00+00:00, run_after=2022-01-01T00:00:00+00:00
[2024-07-02T09:06:36.228+0000] {logging_mixin.py:188} INFO - [2024-07-02T09:06:36.228+0000] {dag.py:3820} INFO - Setting next_dagrun for example_subdag_operator.section-1 to None, run_after=None
[2024-07-02T09:06:36.230+0000] {logging_mixin.py:188} INFO - [2024-07-02T09:06:36.229+0000] {dag.py:3820} INFO - Setting next_dagrun for example_subdag_operator.section-2 to None, run_after=None
[2024-07-02T09:06:36.237+0000] {logging_mixin.py:188} INFO - [2024-07-02T09:06:36.236+0000] {dag.py:3033} INFO - Sync 2 DAGs
[2024-07-02T09:06:36.241+0000] {logging_mixin.py:188} INFO - [2024-07-02T09:06:36.241+0000] {dag.py:3820} INFO - Setting next_dagrun for example_subdag_operator.section-1 to None, run_after=None
[2024-07-02T09:06:36.242+0000] {logging_mixin.py:188} INFO - [2024-07-02T09:06:36.242+0000] {dag.py:3820} INFO - Setting next_dagrun for example_subdag_operator.section-2 to None, run_after=None
[2024-07-02T09:06:36.362+0000] {processor.py:183} INFO - Processing /home/airflow/.local/lib/python3.8/site-packages/airflow/example_dags/example_subdag_operator.py took 0.200 seconds
[2024-07-02T09:07:06.622+0000] {processor.py:161} INFO - Started process (PID=399) to work on /home/airflow/.local/lib/python3.8/site-packages/airflow/example_dags/example_subdag_operator.py
[2024-07-02T09:07:06.623+0000] {processor.py:830} INFO - Processing file /home/airflow/.local/lib/python3.8/site-packages/airflow/example_dags/example_subdag_operator.py for tasks to queue
[2024-07-02T09:07:06.625+0000] {logging_mixin.py:188} INFO - [2024-07-02T09:07:06.625+0000] {dagbag.py:538} INFO - Filling up the DagBag from /home/airflow/.local/lib/python3.8/site-packages/airflow/example_dags/example_subdag_operator.py
[2024-07-02T09:07:06.646+0000] {processor.py:840} INFO - DAG(s) 'example_subdag_operator.section-1', 'example_subdag_operator.section-2', 'example_subdag_operator' retrieved from /home/airflow/.local/lib/python3.8/site-packages/airflow/example_dags/example_subdag_operator.py
[2024-07-02T09:07:06.661+0000] {logging_mixin.py:188} INFO - [2024-07-02T09:07:06.661+0000] {dag.py:3033} INFO - Sync 3 DAGs
[2024-07-02T09:07:06.685+0000] {logging_mixin.py:188} INFO - [2024-07-02T09:07:06.685+0000] {dag.py:3820} INFO - Setting next_dagrun for example_subdag_operator to 2022-01-01T00:00:00+00:00, run_after=2022-01-01T00:00:00+00:00
[2024-07-02T09:07:06.689+0000] {logging_mixin.py:188} INFO - [2024-07-02T09:07:06.689+0000] {dag.py:3820} INFO - Setting next_dagrun for example_subdag_operator.section-1 to None, run_after=None
[2024-07-02T09:07:06.691+0000] {logging_mixin.py:188} INFO - [2024-07-02T09:07:06.690+0000] {dag.py:3820} INFO - Setting next_dagrun for example_subdag_operator.section-2 to None, run_after=None
[2024-07-02T09:07:06.698+0000] {logging_mixin.py:188} INFO - [2024-07-02T09:07:06.697+0000] {dag.py:3033} INFO - Sync 2 DAGs
[2024-07-02T09:07:06.704+0000] {logging_mixin.py:188} INFO - [2024-07-02T09:07:06.703+0000] {dag.py:3820} INFO - Setting next_dagrun for example_subdag_operator.section-1 to None, run_after=None
[2024-07-02T09:07:06.704+0000] {logging_mixin.py:188} INFO - [2024-07-02T09:07:06.704+0000] {dag.py:3820} INFO - Setting next_dagrun for example_subdag_operator.section-2 to None, run_after=None
[2024-07-02T09:07:06.719+0000] {processor.py:183} INFO - Processing /home/airflow/.local/lib/python3.8/site-packages/airflow/example_dags/example_subdag_operator.py took 0.099 seconds
[2024-07-02T09:07:37.155+0000] {processor.py:161} INFO - Started process (PID=454) to work on /home/airflow/.local/lib/python3.8/site-packages/airflow/example_dags/example_subdag_operator.py
[2024-07-02T09:07:37.156+0000] {processor.py:830} INFO - Processing file /home/airflow/.local/lib/python3.8/site-packages/airflow/example_dags/example_subdag_operator.py for tasks to queue
[2024-07-02T09:07:37.158+0000] {logging_mixin.py:188} INFO - [2024-07-02T09:07:37.157+0000] {dagbag.py:538} INFO - Filling up the DagBag from /home/airflow/.local/lib/python3.8/site-packages/airflow/example_dags/example_subdag_operator.py
[2024-07-02T09:07:37.181+0000] {processor.py:840} INFO - DAG(s) 'example_subdag_operator.section-1', 'example_subdag_operator.section-2', 'example_subdag_operator' retrieved from /home/airflow/.local/lib/python3.8/site-packages/airflow/example_dags/example_subdag_operator.py
[2024-07-02T09:07:37.197+0000] {logging_mixin.py:188} INFO - [2024-07-02T09:07:37.197+0000] {dag.py:3033} INFO - Sync 3 DAGs
[2024-07-02T09:07:37.217+0000] {logging_mixin.py:188} INFO - [2024-07-02T09:07:37.217+0000] {dag.py:3820} INFO - Setting next_dagrun for example_subdag_operator to 2022-01-01T00:00:00+00:00, run_after=2022-01-01T00:00:00+00:00
[2024-07-02T09:07:37.221+0000] {logging_mixin.py:188} INFO - [2024-07-02T09:07:37.221+0000] {dag.py:3820} INFO - Setting next_dagrun for example_subdag_operator.section-1 to None, run_after=None
[2024-07-02T09:07:37.222+0000] {logging_mixin.py:188} INFO - [2024-07-02T09:07:37.222+0000] {dag.py:3820} INFO - Setting next_dagrun for example_subdag_operator.section-2 to None, run_after=None
[2024-07-02T09:07:37.230+0000] {logging_mixin.py:188} INFO - [2024-07-02T09:07:37.229+0000] {dag.py:3033} INFO - Sync 2 DAGs
[2024-07-02T09:07:37.236+0000] {logging_mixin.py:188} INFO - [2024-07-02T09:07:37.236+0000] {dag.py:3820} INFO - Setting next_dagrun for example_subdag_operator.section-1 to None, run_after=None
[2024-07-02T09:07:37.236+0000] {logging_mixin.py:188} INFO - [2024-07-02T09:07:37.236+0000] {dag.py:3820} INFO - Setting next_dagrun for example_subdag_operator.section-2 to None, run_after=None
[2024-07-02T09:07:37.248+0000] {processor.py:183} INFO - Processing /home/airflow/.local/lib/python3.8/site-packages/airflow/example_dags/example_subdag_operator.py took 0.096 seconds
[2024-07-02T09:08:07.805+0000] {processor.py:161} INFO - Started process (PID=509) to work on /home/airflow/.local/lib/python3.8/site-packages/airflow/example_dags/example_subdag_operator.py
[2024-07-02T09:08:07.809+0000] {processor.py:830} INFO - Processing file /home/airflow/.local/lib/python3.8/site-packages/airflow/example_dags/example_subdag_operator.py for tasks to queue
[2024-07-02T09:08:07.812+0000] {logging_mixin.py:188} INFO - [2024-07-02T09:08:07.811+0000] {dagbag.py:538} INFO - Filling up the DagBag from /home/airflow/.local/lib/python3.8/site-packages/airflow/example_dags/example_subdag_operator.py
[2024-07-02T09:08:07.845+0000] {processor.py:840} INFO - DAG(s) 'example_subdag_operator.section-1', 'example_subdag_operator.section-2', 'example_subdag_operator' retrieved from /home/airflow/.local/lib/python3.8/site-packages/airflow/example_dags/example_subdag_operator.py
[2024-07-02T09:08:07.865+0000] {logging_mixin.py:188} INFO - [2024-07-02T09:08:07.865+0000] {dag.py:3033} INFO - Sync 3 DAGs
[2024-07-02T09:08:07.891+0000] {logging_mixin.py:188} INFO - [2024-07-02T09:08:07.891+0000] {dag.py:3820} INFO - Setting next_dagrun for example_subdag_operator to 2022-01-01T00:00:00+00:00, run_after=2022-01-01T00:00:00+00:00
[2024-07-02T09:08:07.896+0000] {logging_mixin.py:188} INFO - [2024-07-02T09:08:07.896+0000] {dag.py:3820} INFO - Setting next_dagrun for example_subdag_operator.section-1 to None, run_after=None
[2024-07-02T09:08:07.898+0000] {logging_mixin.py:188} INFO - [2024-07-02T09:08:07.897+0000] {dag.py:3820} INFO - Setting next_dagrun for example_subdag_operator.section-2 to None, run_after=None
[2024-07-02T09:08:07.905+0000] {logging_mixin.py:188} INFO - [2024-07-02T09:08:07.905+0000] {dag.py:3033} INFO - Sync 2 DAGs
[2024-07-02T09:08:07.911+0000] {logging_mixin.py:188} INFO - [2024-07-02T09:08:07.911+0000] {dag.py:3820} INFO - Setting next_dagrun for example_subdag_operator.section-1 to None, run_after=None
[2024-07-02T09:08:07.911+0000] {logging_mixin.py:188} INFO - [2024-07-02T09:08:07.911+0000] {dag.py:3820} INFO - Setting next_dagrun for example_subdag_operator.section-2 to None, run_after=None
[2024-07-02T09:08:07.925+0000] {processor.py:183} INFO - Processing /home/airflow/.local/lib/python3.8/site-packages/airflow/example_dags/example_subdag_operator.py took 0.124 seconds
[2024-07-02T09:08:38.351+0000] {processor.py:161} INFO - Started process (PID=564) to work on /home/airflow/.local/lib/python3.8/site-packages/airflow/example_dags/example_subdag_operator.py
[2024-07-02T09:08:38.352+0000] {processor.py:830} INFO - Processing file /home/airflow/.local/lib/python3.8/site-packages/airflow/example_dags/example_subdag_operator.py for tasks to queue
[2024-07-02T09:08:38.354+0000] {logging_mixin.py:188} INFO - [2024-07-02T09:08:38.354+0000] {dagbag.py:538} INFO - Filling up the DagBag from /home/airflow/.local/lib/python3.8/site-packages/airflow/example_dags/example_subdag_operator.py
[2024-07-02T09:08:38.378+0000] {processor.py:840} INFO - DAG(s) 'example_subdag_operator.section-1', 'example_subdag_operator.section-2', 'example_subdag_operator' retrieved from /home/airflow/.local/lib/python3.8/site-packages/airflow/example_dags/example_subdag_operator.py
[2024-07-02T09:08:38.397+0000] {logging_mixin.py:188} INFO - [2024-07-02T09:08:38.397+0000] {dag.py:3033} INFO - Sync 3 DAGs
[2024-07-02T09:08:38.425+0000] {logging_mixin.py:188} INFO - [2024-07-02T09:08:38.425+0000] {dag.py:3820} INFO - Setting next_dagrun for example_subdag_operator to 2022-01-01T00:00:00+00:00, run_after=2022-01-01T00:00:00+00:00
[2024-07-02T09:08:38.429+0000] {logging_mixin.py:188} INFO - [2024-07-02T09:08:38.429+0000] {dag.py:3820} INFO - Setting next_dagrun for example_subdag_operator.section-1 to None, run_after=None
[2024-07-02T09:08:38.430+0000] {logging_mixin.py:188} INFO - [2024-07-02T09:08:38.430+0000] {dag.py:3820} INFO - Setting next_dagrun for example_subdag_operator.section-2 to None, run_after=None
[2024-07-02T09:08:38.437+0000] {logging_mixin.py:188} INFO - [2024-07-02T09:08:38.437+0000] {dag.py:3033} INFO - Sync 2 DAGs
[2024-07-02T09:08:38.442+0000] {logging_mixin.py:188} INFO - [2024-07-02T09:08:38.442+0000] {dag.py:3820} INFO - Setting next_dagrun for example_subdag_operator.section-1 to None, run_after=None
[2024-07-02T09:08:38.442+0000] {logging_mixin.py:188} INFO - [2024-07-02T09:08:38.442+0000] {dag.py:3820} INFO - Setting next_dagrun for example_subdag_operator.section-2 to None, run_after=None
[2024-07-02T09:08:38.453+0000] {processor.py:183} INFO - Processing /home/airflow/.local/lib/python3.8/site-packages/airflow/example_dags/example_subdag_operator.py took 0.105 seconds
[2024-07-02T09:09:08.931+0000] {processor.py:161} INFO - Started process (PID=619) to work on /home/airflow/.local/lib/python3.8/site-packages/airflow/example_dags/example_subdag_operator.py
[2024-07-02T09:09:08.931+0000] {processor.py:830} INFO - Processing file /home/airflow/.local/lib/python3.8/site-packages/airflow/example_dags/example_subdag_operator.py for tasks to queue
[2024-07-02T09:09:08.934+0000] {logging_mixin.py:188} INFO - [2024-07-02T09:09:08.933+0000] {dagbag.py:538} INFO - Filling up the DagBag from /home/airflow/.local/lib/python3.8/site-packages/airflow/example_dags/example_subdag_operator.py
[2024-07-02T09:09:08.958+0000] {processor.py:840} INFO - DAG(s) 'example_subdag_operator.section-1', 'example_subdag_operator.section-2', 'example_subdag_operator' retrieved from /home/airflow/.local/lib/python3.8/site-packages/airflow/example_dags/example_subdag_operator.py
[2024-07-02T09:09:08.975+0000] {logging_mixin.py:188} INFO - [2024-07-02T09:09:08.975+0000] {dag.py:3033} INFO - Sync 3 DAGs
[2024-07-02T09:09:08.997+0000] {logging_mixin.py:188} INFO - [2024-07-02T09:09:08.997+0000] {dag.py:3820} INFO - Setting next_dagrun for example_subdag_operator to 2022-01-01T00:00:00+00:00, run_after=2022-01-01T00:00:00+00:00
[2024-07-02T09:09:09.000+0000] {logging_mixin.py:188} INFO - [2024-07-02T09:09:09.000+0000] {dag.py:3820} INFO - Setting next_dagrun for example_subdag_operator.section-1 to None, run_after=None
[2024-07-02T09:09:09.002+0000] {logging_mixin.py:188} INFO - [2024-07-02T09:09:09.001+0000] {dag.py:3820} INFO - Setting next_dagrun for example_subdag_operator.section-2 to None, run_after=None
[2024-07-02T09:09:09.008+0000] {logging_mixin.py:188} INFO - [2024-07-02T09:09:09.007+0000] {dag.py:3033} INFO - Sync 2 DAGs
[2024-07-02T09:09:09.013+0000] {logging_mixin.py:188} INFO - [2024-07-02T09:09:09.013+0000] {dag.py:3820} INFO - Setting next_dagrun for example_subdag_operator.section-1 to None, run_after=None
[2024-07-02T09:09:09.014+0000] {logging_mixin.py:188} INFO - [2024-07-02T09:09:09.014+0000] {dag.py:3820} INFO - Setting next_dagrun for example_subdag_operator.section-2 to None, run_after=None
[2024-07-02T09:09:09.025+0000] {processor.py:183} INFO - Processing /home/airflow/.local/lib/python3.8/site-packages/airflow/example_dags/example_subdag_operator.py took 0.097 seconds
[2024-07-02T09:09:39.858+0000] {processor.py:161} INFO - Started process (PID=674) to work on /home/airflow/.local/lib/python3.8/site-packages/airflow/example_dags/example_subdag_operator.py
[2024-07-02T09:09:39.859+0000] {processor.py:830} INFO - Processing file /home/airflow/.local/lib/python3.8/site-packages/airflow/example_dags/example_subdag_operator.py for tasks to queue
[2024-07-02T09:09:39.861+0000] {logging_mixin.py:188} INFO - [2024-07-02T09:09:39.861+0000] {dagbag.py:538} INFO - Filling up the DagBag from /home/airflow/.local/lib/python3.8/site-packages/airflow/example_dags/example_subdag_operator.py
[2024-07-02T09:09:39.888+0000] {processor.py:840} INFO - DAG(s) 'example_subdag_operator.section-1', 'example_subdag_operator.section-2', 'example_subdag_operator' retrieved from /home/airflow/.local/lib/python3.8/site-packages/airflow/example_dags/example_subdag_operator.py
[2024-07-02T09:09:39.907+0000] {logging_mixin.py:188} INFO - [2024-07-02T09:09:39.906+0000] {dag.py:3033} INFO - Sync 3 DAGs
[2024-07-02T09:09:39.927+0000] {logging_mixin.py:188} INFO - [2024-07-02T09:09:39.927+0000] {dag.py:3820} INFO - Setting next_dagrun for example_subdag_operator to 2022-01-01T00:00:00+00:00, run_after=2022-01-01T00:00:00+00:00
[2024-07-02T09:09:39.930+0000] {logging_mixin.py:188} INFO - [2024-07-02T09:09:39.930+0000] {dag.py:3820} INFO - Setting next_dagrun for example_subdag_operator.section-1 to None, run_after=None
[2024-07-02T09:09:39.931+0000] {logging_mixin.py:188} INFO - [2024-07-02T09:09:39.931+0000] {dag.py:3820} INFO - Setting next_dagrun for example_subdag_operator.section-2 to None, run_after=None
[2024-07-02T09:09:39.938+0000] {logging_mixin.py:188} INFO - [2024-07-02T09:09:39.938+0000] {dag.py:3033} INFO - Sync 2 DAGs
[2024-07-02T09:09:39.944+0000] {logging_mixin.py:188} INFO - [2024-07-02T09:09:39.943+0000] {dag.py:3820} INFO - Setting next_dagrun for example_subdag_operator.section-1 to None, run_after=None
[2024-07-02T09:09:39.944+0000] {logging_mixin.py:188} INFO - [2024-07-02T09:09:39.944+0000] {dag.py:3820} INFO - Setting next_dagrun for example_subdag_operator.section-2 to None, run_after=None
[2024-07-02T09:09:39.958+0000] {processor.py:183} INFO - Processing /home/airflow/.local/lib/python3.8/site-packages/airflow/example_dags/example_subdag_operator.py took 0.102 seconds
[2024-07-02T09:10:10.865+0000] {processor.py:161} INFO - Started process (PID=729) to work on /home/airflow/.local/lib/python3.8/site-packages/airflow/example_dags/example_subdag_operator.py
[2024-07-02T09:10:10.865+0000] {processor.py:830} INFO - Processing file /home/airflow/.local/lib/python3.8/site-packages/airflow/example_dags/example_subdag_operator.py for tasks to queue
[2024-07-02T09:10:10.867+0000] {logging_mixin.py:188} INFO - [2024-07-02T09:10:10.867+0000] {dagbag.py:538} INFO - Filling up the DagBag from /home/airflow/.local/lib/python3.8/site-packages/airflow/example_dags/example_subdag_operator.py
[2024-07-02T09:10:10.890+0000] {processor.py:840} INFO - DAG(s) 'example_subdag_operator.section-1', 'example_subdag_operator.section-2', 'example_subdag_operator' retrieved from /home/airflow/.local/lib/python3.8/site-packages/airflow/example_dags/example_subdag_operator.py
[2024-07-02T09:10:10.905+0000] {logging_mixin.py:188} INFO - [2024-07-02T09:10:10.905+0000] {dag.py:3033} INFO - Sync 3 DAGs
[2024-07-02T09:10:10.926+0000] {logging_mixin.py:188} INFO - [2024-07-02T09:10:10.926+0000] {dag.py:3820} INFO - Setting next_dagrun for example_subdag_operator to 2022-01-01T00:00:00+00:00, run_after=2022-01-01T00:00:00+00:00
[2024-07-02T09:10:10.930+0000] {logging_mixin.py:188} INFO - [2024-07-02T09:10:10.930+0000] {dag.py:3820} INFO - Setting next_dagrun for example_subdag_operator.section-1 to None, run_after=None
[2024-07-02T09:10:10.931+0000] {logging_mixin.py:188} INFO - [2024-07-02T09:10:10.931+0000] {dag.py:3820} INFO - Setting next_dagrun for example_subdag_operator.section-2 to None, run_after=None
[2024-07-02T09:10:10.938+0000] {logging_mixin.py:188} INFO - [2024-07-02T09:10:10.938+0000] {dag.py:3033} INFO - Sync 2 DAGs
[2024-07-02T09:10:10.943+0000] {logging_mixin.py:188} INFO - [2024-07-02T09:10:10.943+0000] {dag.py:3820} INFO - Setting next_dagrun for example_subdag_operator.section-1 to None, run_after=None
[2024-07-02T09:10:10.944+0000] {logging_mixin.py:188} INFO - [2024-07-02T09:10:10.944+0000] {dag.py:3820} INFO - Setting next_dagrun for example_subdag_operator.section-2 to None, run_after=None
[2024-07-02T09:10:10.954+0000] {processor.py:183} INFO - Processing /home/airflow/.local/lib/python3.8/site-packages/airflow/example_dags/example_subdag_operator.py took 0.092 seconds
[2024-07-02T09:10:41.476+0000] {processor.py:161} INFO - Started process (PID=784) to work on /home/airflow/.local/lib/python3.8/site-packages/airflow/example_dags/example_subdag_operator.py
[2024-07-02T09:10:41.477+0000] {processor.py:830} INFO - Processing file /home/airflow/.local/lib/python3.8/site-packages/airflow/example_dags/example_subdag_operator.py for tasks to queue
[2024-07-02T09:10:41.479+0000] {logging_mixin.py:188} INFO - [2024-07-02T09:10:41.478+0000] {dagbag.py:538} INFO - Filling up the DagBag from /home/airflow/.local/lib/python3.8/site-packages/airflow/example_dags/example_subdag_operator.py
[2024-07-02T09:10:41.502+0000] {processor.py:840} INFO - DAG(s) 'example_subdag_operator.section-1', 'example_subdag_operator.section-2', 'example_subdag_operator' retrieved from /home/airflow/.local/lib/python3.8/site-packages/airflow/example_dags/example_subdag_operator.py
[2024-07-02T09:10:41.517+0000] {logging_mixin.py:188} INFO - [2024-07-02T09:10:41.517+0000] {dag.py:3033} INFO - Sync 3 DAGs
[2024-07-02T09:10:41.537+0000] {logging_mixin.py:188} INFO - [2024-07-02T09:10:41.536+0000] {dag.py:3820} INFO - Setting next_dagrun for example_subdag_operator to 2022-01-01T00:00:00+00:00, run_after=2022-01-01T00:00:00+00:00
[2024-07-02T09:10:41.540+0000] {logging_mixin.py:188} INFO - [2024-07-02T09:10:41.540+0000] {dag.py:3820} INFO - Setting next_dagrun for example_subdag_operator.section-1 to None, run_after=None
[2024-07-02T09:10:41.541+0000] {logging_mixin.py:188} INFO - [2024-07-02T09:10:41.541+0000] {dag.py:3820} INFO - Setting next_dagrun for example_subdag_operator.section-2 to None, run_after=None
[2024-07-02T09:10:41.548+0000] {logging_mixin.py:188} INFO - [2024-07-02T09:10:41.548+0000] {dag.py:3033} INFO - Sync 2 DAGs
[2024-07-02T09:10:41.554+0000] {logging_mixin.py:188} INFO - [2024-07-02T09:10:41.554+0000] {dag.py:3820} INFO - Setting next_dagrun for example_subdag_operator.section-1 to None, run_after=None
[2024-07-02T09:10:41.554+0000] {logging_mixin.py:188} INFO - [2024-07-02T09:10:41.554+0000] {dag.py:3820} INFO - Setting next_dagrun for example_subdag_operator.section-2 to None, run_after=None
[2024-07-02T09:10:41.566+0000] {processor.py:183} INFO - Processing /home/airflow/.local/lib/python3.8/site-packages/airflow/example_dags/example_subdag_operator.py took 0.092 seconds
[2024-07-02T09:11:12.008+0000] {processor.py:161} INFO - Started process (PID=839) to work on /home/airflow/.local/lib/python3.8/site-packages/airflow/example_dags/example_subdag_operator.py
[2024-07-02T09:11:12.009+0000] {processor.py:830} INFO - Processing file /home/airflow/.local/lib/python3.8/site-packages/airflow/example_dags/example_subdag_operator.py for tasks to queue
[2024-07-02T09:11:12.011+0000] {logging_mixin.py:188} INFO - [2024-07-02T09:11:12.011+0000] {dagbag.py:538} INFO - Filling up the DagBag from /home/airflow/.local/lib/python3.8/site-packages/airflow/example_dags/example_subdag_operator.py
[2024-07-02T09:11:12.032+0000] {processor.py:840} INFO - DAG(s) 'example_subdag_operator.section-1', 'example_subdag_operator.section-2', 'example_subdag_operator' retrieved from /home/airflow/.local/lib/python3.8/site-packages/airflow/example_dags/example_subdag_operator.py
[2024-07-02T09:11:12.047+0000] {logging_mixin.py:188} INFO - [2024-07-02T09:11:12.047+0000] {dag.py:3033} INFO - Sync 3 DAGs
[2024-07-02T09:11:12.068+0000] {logging_mixin.py:188} INFO - [2024-07-02T09:11:12.068+0000] {dag.py:3820} INFO - Setting next_dagrun for example_subdag_operator to 2022-01-01T00:00:00+00:00, run_after=2022-01-01T00:00:00+00:00
[2024-07-02T09:11:12.072+0000] {logging_mixin.py:188} INFO - [2024-07-02T09:11:12.072+0000] {dag.py:3820} INFO - Setting next_dagrun for example_subdag_operator.section-1 to None, run_after=None
[2024-07-02T09:11:12.073+0000] {logging_mixin.py:188} INFO - [2024-07-02T09:11:12.073+0000] {dag.py:3820} INFO - Setting next_dagrun for example_subdag_operator.section-2 to None, run_after=None
[2024-07-02T09:11:12.080+0000] {logging_mixin.py:188} INFO - [2024-07-02T09:11:12.080+0000] {dag.py:3033} INFO - Sync 2 DAGs
[2024-07-02T09:11:12.086+0000] {logging_mixin.py:188} INFO - [2024-07-02T09:11:12.085+0000] {dag.py:3820} INFO - Setting next_dagrun for example_subdag_operator.section-1 to None, run_after=None
[2024-07-02T09:11:12.086+0000] {logging_mixin.py:188} INFO - [2024-07-02T09:11:12.086+0000] {dag.py:3820} INFO - Setting next_dagrun for example_subdag_operator.section-2 to None, run_after=None
[2024-07-02T09:11:12.096+0000] {processor.py:183} INFO - Processing /home/airflow/.local/lib/python3.8/site-packages/airflow/example_dags/example_subdag_operator.py took 0.091 seconds
[2024-07-02T09:11:43.427+0000] {processor.py:161} INFO - Started process (PID=894) to work on /home/airflow/.local/lib/python3.8/site-packages/airflow/example_dags/example_subdag_operator.py
[2024-07-02T09:11:43.429+0000] {processor.py:830} INFO - Processing file /home/airflow/.local/lib/python3.8/site-packages/airflow/example_dags/example_subdag_operator.py for tasks to queue
[2024-07-02T09:11:43.434+0000] {logging_mixin.py:188} INFO - [2024-07-02T09:11:43.434+0000] {dagbag.py:538} INFO - Filling up the DagBag from /home/airflow/.local/lib/python3.8/site-packages/airflow/example_dags/example_subdag_operator.py
[2024-07-02T09:11:43.519+0000] {processor.py:840} INFO - DAG(s) 'example_subdag_operator.section-1', 'example_subdag_operator.section-2', 'example_subdag_operator' retrieved from /home/airflow/.local/lib/python3.8/site-packages/airflow/example_dags/example_subdag_operator.py
[2024-07-02T09:11:43.590+0000] {logging_mixin.py:188} INFO - [2024-07-02T09:11:43.589+0000] {dag.py:3033} INFO - Sync 3 DAGs
[2024-07-02T09:11:43.689+0000] {logging_mixin.py:188} INFO - [2024-07-02T09:11:43.688+0000] {dag.py:3820} INFO - Setting next_dagrun for example_subdag_operator to 2022-01-01T00:00:00+00:00, run_after=2022-01-01T00:00:00+00:00
[2024-07-02T09:11:43.706+0000] {logging_mixin.py:188} INFO - [2024-07-02T09:11:43.706+0000] {dag.py:3820} INFO - Setting next_dagrun for example_subdag_operator.section-1 to None, run_after=None
[2024-07-02T09:11:43.710+0000] {logging_mixin.py:188} INFO - [2024-07-02T09:11:43.710+0000] {dag.py:3820} INFO - Setting next_dagrun for example_subdag_operator.section-2 to None, run_after=None
[2024-07-02T09:11:43.728+0000] {logging_mixin.py:188} INFO - [2024-07-02T09:11:43.727+0000] {dag.py:3033} INFO - Sync 2 DAGs
[2024-07-02T09:11:43.742+0000] {logging_mixin.py:188} INFO - [2024-07-02T09:11:43.741+0000] {dag.py:3820} INFO - Setting next_dagrun for example_subdag_operator.section-1 to None, run_after=None
[2024-07-02T09:11:43.743+0000] {logging_mixin.py:188} INFO - [2024-07-02T09:11:43.742+0000] {dag.py:3820} INFO - Setting next_dagrun for example_subdag_operator.section-2 to None, run_after=None
[2024-07-02T09:11:43.781+0000] {processor.py:183} INFO - Processing /home/airflow/.local/lib/python3.8/site-packages/airflow/example_dags/example_subdag_operator.py took 0.360 seconds
[2024-07-02T09:12:14.011+0000] {processor.py:161} INFO - Started process (PID=949) to work on /home/airflow/.local/lib/python3.8/site-packages/airflow/example_dags/example_subdag_operator.py
[2024-07-02T09:12:14.012+0000] {processor.py:830} INFO - Processing file /home/airflow/.local/lib/python3.8/site-packages/airflow/example_dags/example_subdag_operator.py for tasks to queue
[2024-07-02T09:12:14.014+0000] {logging_mixin.py:188} INFO - [2024-07-02T09:12:14.014+0000] {dagbag.py:538} INFO - Filling up the DagBag from /home/airflow/.local/lib/python3.8/site-packages/airflow/example_dags/example_subdag_operator.py
[2024-07-02T09:12:14.039+0000] {processor.py:840} INFO - DAG(s) 'example_subdag_operator.section-1', 'example_subdag_operator.section-2', 'example_subdag_operator' retrieved from /home/airflow/.local/lib/python3.8/site-packages/airflow/example_dags/example_subdag_operator.py
[2024-07-02T09:12:14.055+0000] {logging_mixin.py:188} INFO - [2024-07-02T09:12:14.055+0000] {dag.py:3033} INFO - Sync 3 DAGs
[2024-07-02T09:12:14.082+0000] {logging_mixin.py:188} INFO - [2024-07-02T09:12:14.082+0000] {dag.py:3820} INFO - Setting next_dagrun for example_subdag_operator to 2022-01-01T00:00:00+00:00, run_after=2022-01-01T00:00:00+00:00
[2024-07-02T09:12:14.087+0000] {logging_mixin.py:188} INFO - [2024-07-02T09:12:14.087+0000] {dag.py:3820} INFO - Setting next_dagrun for example_subdag_operator.section-1 to None, run_after=None
[2024-07-02T09:12:14.088+0000] {logging_mixin.py:188} INFO - [2024-07-02T09:12:14.088+0000] {dag.py:3820} INFO - Setting next_dagrun for example_subdag_operator.section-2 to None, run_after=None
[2024-07-02T09:12:14.096+0000] {logging_mixin.py:188} INFO - [2024-07-02T09:12:14.095+0000] {dag.py:3033} INFO - Sync 2 DAGs
[2024-07-02T09:12:14.102+0000] {logging_mixin.py:188} INFO - [2024-07-02T09:12:14.102+0000] {dag.py:3820} INFO - Setting next_dagrun for example_subdag_operator.section-1 to None, run_after=None
[2024-07-02T09:12:14.103+0000] {logging_mixin.py:188} INFO - [2024-07-02T09:12:14.103+0000] {dag.py:3820} INFO - Setting next_dagrun for example_subdag_operator.section-2 to None, run_after=None
[2024-07-02T09:12:14.114+0000] {processor.py:183} INFO - Processing /home/airflow/.local/lib/python3.8/site-packages/airflow/example_dags/example_subdag_operator.py took 0.105 seconds
[2024-07-02T09:12:44.276+0000] {processor.py:161} INFO - Started process (PID=1004) to work on /home/airflow/.local/lib/python3.8/site-packages/airflow/example_dags/example_subdag_operator.py
[2024-07-02T09:12:44.280+0000] {processor.py:830} INFO - Processing file /home/airflow/.local/lib/python3.8/site-packages/airflow/example_dags/example_subdag_operator.py for tasks to queue
[2024-07-02T09:12:44.282+0000] {logging_mixin.py:188} INFO - [2024-07-02T09:12:44.281+0000] {dagbag.py:538} INFO - Filling up the DagBag from /home/airflow/.local/lib/python3.8/site-packages/airflow/example_dags/example_subdag_operator.py
[2024-07-02T09:12:44.304+0000] {processor.py:840} INFO - DAG(s) 'example_subdag_operator.section-1', 'example_subdag_operator.section-2', 'example_subdag_operator' retrieved from /home/airflow/.local/lib/python3.8/site-packages/airflow/example_dags/example_subdag_operator.py
[2024-07-02T09:12:44.323+0000] {logging_mixin.py:188} INFO - [2024-07-02T09:12:44.323+0000] {dag.py:3033} INFO - Sync 3 DAGs
[2024-07-02T09:12:44.342+0000] {logging_mixin.py:188} INFO - [2024-07-02T09:12:44.342+0000] {dag.py:3820} INFO - Setting next_dagrun for example_subdag_operator to 2022-01-01T00:00:00+00:00, run_after=2022-01-01T00:00:00+00:00
[2024-07-02T09:12:44.346+0000] {logging_mixin.py:188} INFO - [2024-07-02T09:12:44.346+0000] {dag.py:3820} INFO - Setting next_dagrun for example_subdag_operator.section-1 to None, run_after=None
[2024-07-02T09:12:44.347+0000] {logging_mixin.py:188} INFO - [2024-07-02T09:12:44.347+0000] {dag.py:3820} INFO - Setting next_dagrun for example_subdag_operator.section-2 to None, run_after=None
[2024-07-02T09:12:44.353+0000] {logging_mixin.py:188} INFO - [2024-07-02T09:12:44.352+0000] {dag.py:3033} INFO - Sync 2 DAGs
[2024-07-02T09:12:44.358+0000] {logging_mixin.py:188} INFO - [2024-07-02T09:12:44.358+0000] {dag.py:3820} INFO - Setting next_dagrun for example_subdag_operator.section-1 to None, run_after=None
[2024-07-02T09:12:44.358+0000] {logging_mixin.py:188} INFO - [2024-07-02T09:12:44.358+0000] {dag.py:3820} INFO - Setting next_dagrun for example_subdag_operator.section-2 to None, run_after=None
[2024-07-02T09:12:44.370+0000] {processor.py:183} INFO - Processing /home/airflow/.local/lib/python3.8/site-packages/airflow/example_dags/example_subdag_operator.py took 0.096 seconds
[2024-07-02T09:13:14.801+0000] {processor.py:161} INFO - Started process (PID=1059) to work on /home/airflow/.local/lib/python3.8/site-packages/airflow/example_dags/example_subdag_operator.py
[2024-07-02T09:13:14.802+0000] {processor.py:830} INFO - Processing file /home/airflow/.local/lib/python3.8/site-packages/airflow/example_dags/example_subdag_operator.py for tasks to queue
[2024-07-02T09:13:14.805+0000] {logging_mixin.py:188} INFO - [2024-07-02T09:13:14.804+0000] {dagbag.py:538} INFO - Filling up the DagBag from /home/airflow/.local/lib/python3.8/site-packages/airflow/example_dags/example_subdag_operator.py
[2024-07-02T09:13:14.832+0000] {processor.py:840} INFO - DAG(s) 'example_subdag_operator.section-1', 'example_subdag_operator.section-2', 'example_subdag_operator' retrieved from /home/airflow/.local/lib/python3.8/site-packages/airflow/example_dags/example_subdag_operator.py
[2024-07-02T09:13:14.853+0000] {logging_mixin.py:188} INFO - [2024-07-02T09:13:14.853+0000] {dag.py:3033} INFO - Sync 3 DAGs
[2024-07-02T09:13:14.882+0000] {logging_mixin.py:188} INFO - [2024-07-02T09:13:14.881+0000] {dag.py:3820} INFO - Setting next_dagrun for example_subdag_operator to 2022-01-01T00:00:00+00:00, run_after=2022-01-01T00:00:00+00:00
[2024-07-02T09:13:14.887+0000] {logging_mixin.py:188} INFO - [2024-07-02T09:13:14.886+0000] {dag.py:3820} INFO - Setting next_dagrun for example_subdag_operator.section-1 to None, run_after=None
[2024-07-02T09:13:14.888+0000] {logging_mixin.py:188} INFO - [2024-07-02T09:13:14.888+0000] {dag.py:3820} INFO - Setting next_dagrun for example_subdag_operator.section-2 to None, run_after=None
[2024-07-02T09:13:14.896+0000] {logging_mixin.py:188} INFO - [2024-07-02T09:13:14.896+0000] {dag.py:3033} INFO - Sync 2 DAGs
[2024-07-02T09:13:14.901+0000] {logging_mixin.py:188} INFO - [2024-07-02T09:13:14.901+0000] {dag.py:3820} INFO - Setting next_dagrun for example_subdag_operator.section-1 to None, run_after=None
[2024-07-02T09:13:14.902+0000] {logging_mixin.py:188} INFO - [2024-07-02T09:13:14.901+0000] {dag.py:3820} INFO - Setting next_dagrun for example_subdag_operator.section-2 to None, run_after=None
[2024-07-02T09:13:14.913+0000] {processor.py:183} INFO - Processing /home/airflow/.local/lib/python3.8/site-packages/airflow/example_dags/example_subdag_operator.py took 0.116 seconds
[2024-07-02T09:13:45.372+0000] {processor.py:161} INFO - Started process (PID=1114) to work on /home/airflow/.local/lib/python3.8/site-packages/airflow/example_dags/example_subdag_operator.py
[2024-07-02T09:13:45.372+0000] {processor.py:830} INFO - Processing file /home/airflow/.local/lib/python3.8/site-packages/airflow/example_dags/example_subdag_operator.py for tasks to queue
[2024-07-02T09:13:45.374+0000] {logging_mixin.py:188} INFO - [2024-07-02T09:13:45.374+0000] {dagbag.py:538} INFO - Filling up the DagBag from /home/airflow/.local/lib/python3.8/site-packages/airflow/example_dags/example_subdag_operator.py
[2024-07-02T09:13:45.395+0000] {processor.py:840} INFO - DAG(s) 'example_subdag_operator.section-1', 'example_subdag_operator.section-2', 'example_subdag_operator' retrieved from /home/airflow/.local/lib/python3.8/site-packages/airflow/example_dags/example_subdag_operator.py
[2024-07-02T09:13:45.414+0000] {logging_mixin.py:188} INFO - [2024-07-02T09:13:45.414+0000] {dag.py:3033} INFO - Sync 3 DAGs
[2024-07-02T09:13:45.433+0000] {logging_mixin.py:188} INFO - [2024-07-02T09:13:45.432+0000] {dag.py:3820} INFO - Setting next_dagrun for example_subdag_operator to 2022-01-01T00:00:00+00:00, run_after=2022-01-01T00:00:00+00:00
[2024-07-02T09:13:45.437+0000] {logging_mixin.py:188} INFO - [2024-07-02T09:13:45.436+0000] {dag.py:3820} INFO - Setting next_dagrun for example_subdag_operator.section-1 to None, run_after=None
[2024-07-02T09:13:45.438+0000] {logging_mixin.py:188} INFO - [2024-07-02T09:13:45.438+0000] {dag.py:3820} INFO - Setting next_dagrun for example_subdag_operator.section-2 to None, run_after=None
[2024-07-02T09:13:45.444+0000] {logging_mixin.py:188} INFO - [2024-07-02T09:13:45.444+0000] {dag.py:3033} INFO - Sync 2 DAGs
[2024-07-02T09:13:45.449+0000] {logging_mixin.py:188} INFO - [2024-07-02T09:13:45.449+0000] {dag.py:3820} INFO - Setting next_dagrun for example_subdag_operator.section-1 to None, run_after=None
[2024-07-02T09:13:45.450+0000] {logging_mixin.py:188} INFO - [2024-07-02T09:13:45.450+0000] {dag.py:3820} INFO - Setting next_dagrun for example_subdag_operator.section-2 to None, run_after=None
[2024-07-02T09:13:45.463+0000] {processor.py:183} INFO - Processing /home/airflow/.local/lib/python3.8/site-packages/airflow/example_dags/example_subdag_operator.py took 0.093 seconds
[2024-07-02T09:14:15.831+0000] {processor.py:161} INFO - Started process (PID=1169) to work on /home/airflow/.local/lib/python3.8/site-packages/airflow/example_dags/example_subdag_operator.py
[2024-07-02T09:14:15.833+0000] {processor.py:830} INFO - Processing file /home/airflow/.local/lib/python3.8/site-packages/airflow/example_dags/example_subdag_operator.py for tasks to queue
[2024-07-02T09:14:15.838+0000] {logging_mixin.py:188} INFO - [2024-07-02T09:14:15.838+0000] {dagbag.py:538} INFO - Filling up the DagBag from /home/airflow/.local/lib/python3.8/site-packages/airflow/example_dags/example_subdag_operator.py
[2024-07-02T09:14:15.861+0000] {processor.py:840} INFO - DAG(s) 'example_subdag_operator.section-1', 'example_subdag_operator.section-2', 'example_subdag_operator' retrieved from /home/airflow/.local/lib/python3.8/site-packages/airflow/example_dags/example_subdag_operator.py
[2024-07-02T09:14:15.876+0000] {logging_mixin.py:188} INFO - [2024-07-02T09:14:15.876+0000] {dag.py:3033} INFO - Sync 3 DAGs
[2024-07-02T09:14:15.900+0000] {logging_mixin.py:188} INFO - [2024-07-02T09:14:15.900+0000] {dag.py:3820} INFO - Setting next_dagrun for example_subdag_operator to 2022-01-01T00:00:00+00:00, run_after=2022-01-01T00:00:00+00:00
[2024-07-02T09:14:15.903+0000] {logging_mixin.py:188} INFO - [2024-07-02T09:14:15.903+0000] {dag.py:3820} INFO - Setting next_dagrun for example_subdag_operator.section-1 to None, run_after=None
[2024-07-02T09:14:15.904+0000] {logging_mixin.py:188} INFO - [2024-07-02T09:14:15.904+0000] {dag.py:3820} INFO - Setting next_dagrun for example_subdag_operator.section-2 to None, run_after=None
[2024-07-02T09:14:15.910+0000] {logging_mixin.py:188} INFO - [2024-07-02T09:14:15.910+0000] {dag.py:3033} INFO - Sync 2 DAGs
[2024-07-02T09:14:15.916+0000] {logging_mixin.py:188} INFO - [2024-07-02T09:14:15.916+0000] {dag.py:3820} INFO - Setting next_dagrun for example_subdag_operator.section-1 to None, run_after=None
[2024-07-02T09:14:15.916+0000] {logging_mixin.py:188} INFO - [2024-07-02T09:14:15.916+0000] {dag.py:3820} INFO - Setting next_dagrun for example_subdag_operator.section-2 to None, run_after=None
[2024-07-02T09:14:15.929+0000] {processor.py:183} INFO - Processing /home/airflow/.local/lib/python3.8/site-packages/airflow/example_dags/example_subdag_operator.py took 0.101 seconds
[2024-07-02T09:14:47.310+0000] {processor.py:161} INFO - Started process (PID=1224) to work on /home/airflow/.local/lib/python3.8/site-packages/airflow/example_dags/example_subdag_operator.py
[2024-07-02T09:14:47.312+0000] {processor.py:830} INFO - Processing file /home/airflow/.local/lib/python3.8/site-packages/airflow/example_dags/example_subdag_operator.py for tasks to queue
[2024-07-02T09:14:47.315+0000] {logging_mixin.py:188} INFO - [2024-07-02T09:14:47.315+0000] {dagbag.py:538} INFO - Filling up the DagBag from /home/airflow/.local/lib/python3.8/site-packages/airflow/example_dags/example_subdag_operator.py
[2024-07-02T09:14:47.339+0000] {processor.py:840} INFO - DAG(s) 'example_subdag_operator.section-1', 'example_subdag_operator.section-2', 'example_subdag_operator' retrieved from /home/airflow/.local/lib/python3.8/site-packages/airflow/example_dags/example_subdag_operator.py
[2024-07-02T09:14:47.355+0000] {logging_mixin.py:188} INFO - [2024-07-02T09:14:47.355+0000] {dag.py:3033} INFO - Sync 3 DAGs
[2024-07-02T09:14:47.377+0000] {logging_mixin.py:188} INFO - [2024-07-02T09:14:47.377+0000] {dag.py:3820} INFO - Setting next_dagrun for example_subdag_operator to 2022-01-01T00:00:00+00:00, run_after=2022-01-01T00:00:00+00:00
[2024-07-02T09:14:47.381+0000] {logging_mixin.py:188} INFO - [2024-07-02T09:14:47.380+0000] {dag.py:3820} INFO - Setting next_dagrun for example_subdag_operator.section-1 to None, run_after=None
[2024-07-02T09:14:47.382+0000] {logging_mixin.py:188} INFO - [2024-07-02T09:14:47.382+0000] {dag.py:3820} INFO - Setting next_dagrun for example_subdag_operator.section-2 to None, run_after=None
[2024-07-02T09:14:47.388+0000] {logging_mixin.py:188} INFO - [2024-07-02T09:14:47.388+0000] {dag.py:3033} INFO - Sync 2 DAGs
[2024-07-02T09:14:47.393+0000] {logging_mixin.py:188} INFO - [2024-07-02T09:14:47.393+0000] {dag.py:3820} INFO - Setting next_dagrun for example_subdag_operator.section-1 to None, run_after=None
[2024-07-02T09:14:47.394+0000] {logging_mixin.py:188} INFO - [2024-07-02T09:14:47.393+0000] {dag.py:3820} INFO - Setting next_dagrun for example_subdag_operator.section-2 to None, run_after=None
[2024-07-02T09:14:47.403+0000] {processor.py:183} INFO - Processing /home/airflow/.local/lib/python3.8/site-packages/airflow/example_dags/example_subdag_operator.py took 0.096 seconds
[2024-07-02T09:15:17.752+0000] {processor.py:161} INFO - Started process (PID=1279) to work on /home/airflow/.local/lib/python3.8/site-packages/airflow/example_dags/example_subdag_operator.py
[2024-07-02T09:15:17.752+0000] {processor.py:830} INFO - Processing file /home/airflow/.local/lib/python3.8/site-packages/airflow/example_dags/example_subdag_operator.py for tasks to queue
[2024-07-02T09:15:17.755+0000] {logging_mixin.py:188} INFO - [2024-07-02T09:15:17.754+0000] {dagbag.py:538} INFO - Filling up the DagBag from /home/airflow/.local/lib/python3.8/site-packages/airflow/example_dags/example_subdag_operator.py
[2024-07-02T09:15:17.779+0000] {processor.py:840} INFO - DAG(s) 'example_subdag_operator.section-1', 'example_subdag_operator.section-2', 'example_subdag_operator' retrieved from /home/airflow/.local/lib/python3.8/site-packages/airflow/example_dags/example_subdag_operator.py
[2024-07-02T09:15:17.796+0000] {logging_mixin.py:188} INFO - [2024-07-02T09:15:17.796+0000] {dag.py:3033} INFO - Sync 3 DAGs
[2024-07-02T09:15:17.818+0000] {logging_mixin.py:188} INFO - [2024-07-02T09:15:17.817+0000] {dag.py:3820} INFO - Setting next_dagrun for example_subdag_operator to 2022-01-01T00:00:00+00:00, run_after=2022-01-01T00:00:00+00:00
[2024-07-02T09:15:17.821+0000] {logging_mixin.py:188} INFO - [2024-07-02T09:15:17.821+0000] {dag.py:3820} INFO - Setting next_dagrun for example_subdag_operator.section-1 to None, run_after=None
[2024-07-02T09:15:17.822+0000] {logging_mixin.py:188} INFO - [2024-07-02T09:15:17.822+0000] {dag.py:3820} INFO - Setting next_dagrun for example_subdag_operator.section-2 to None, run_after=None
[2024-07-02T09:15:17.828+0000] {logging_mixin.py:188} INFO - [2024-07-02T09:15:17.828+0000] {dag.py:3033} INFO - Sync 2 DAGs
[2024-07-02T09:15:17.833+0000] {logging_mixin.py:188} INFO - [2024-07-02T09:15:17.833+0000] {dag.py:3820} INFO - Setting next_dagrun for example_subdag_operator.section-1 to None, run_after=None
[2024-07-02T09:15:17.833+0000] {logging_mixin.py:188} INFO - [2024-07-02T09:15:17.833+0000] {dag.py:3820} INFO - Setting next_dagrun for example_subdag_operator.section-2 to None, run_after=None
[2024-07-02T09:15:17.843+0000] {processor.py:183} INFO - Processing /home/airflow/.local/lib/python3.8/site-packages/airflow/example_dags/example_subdag_operator.py took 0.094 seconds
[2024-07-02T09:15:48.202+0000] {processor.py:161} INFO - Started process (PID=1334) to work on /home/airflow/.local/lib/python3.8/site-packages/airflow/example_dags/example_subdag_operator.py
[2024-07-02T09:15:48.203+0000] {processor.py:830} INFO - Processing file /home/airflow/.local/lib/python3.8/site-packages/airflow/example_dags/example_subdag_operator.py for tasks to queue
[2024-07-02T09:15:48.205+0000] {logging_mixin.py:188} INFO - [2024-07-02T09:15:48.205+0000] {dagbag.py:538} INFO - Filling up the DagBag from /home/airflow/.local/lib/python3.8/site-packages/airflow/example_dags/example_subdag_operator.py
[2024-07-02T09:15:48.225+0000] {processor.py:840} INFO - DAG(s) 'example_subdag_operator.section-1', 'example_subdag_operator.section-2', 'example_subdag_operator' retrieved from /home/airflow/.local/lib/python3.8/site-packages/airflow/example_dags/example_subdag_operator.py
[2024-07-02T09:15:48.240+0000] {logging_mixin.py:188} INFO - [2024-07-02T09:15:48.240+0000] {dag.py:3033} INFO - Sync 3 DAGs
[2024-07-02T09:15:48.260+0000] {logging_mixin.py:188} INFO - [2024-07-02T09:15:48.260+0000] {dag.py:3820} INFO - Setting next_dagrun for example_subdag_operator to 2022-01-01T00:00:00+00:00, run_after=2022-01-01T00:00:00+00:00
[2024-07-02T09:15:48.264+0000] {logging_mixin.py:188} INFO - [2024-07-02T09:15:48.264+0000] {dag.py:3820} INFO - Setting next_dagrun for example_subdag_operator.section-1 to None, run_after=None
[2024-07-02T09:15:48.266+0000] {logging_mixin.py:188} INFO - [2024-07-02T09:15:48.265+0000] {dag.py:3820} INFO - Setting next_dagrun for example_subdag_operator.section-2 to None, run_after=None
[2024-07-02T09:15:48.272+0000] {logging_mixin.py:188} INFO - [2024-07-02T09:15:48.272+0000] {dag.py:3033} INFO - Sync 2 DAGs
[2024-07-02T09:15:48.279+0000] {logging_mixin.py:188} INFO - [2024-07-02T09:15:48.279+0000] {dag.py:3820} INFO - Setting next_dagrun for example_subdag_operator.section-1 to None, run_after=None
[2024-07-02T09:15:48.280+0000] {logging_mixin.py:188} INFO - [2024-07-02T09:15:48.280+0000] {dag.py:3820} INFO - Setting next_dagrun for example_subdag_operator.section-2 to None, run_after=None
[2024-07-02T09:15:48.295+0000] {processor.py:183} INFO - Processing /home/airflow/.local/lib/python3.8/site-packages/airflow/example_dags/example_subdag_operator.py took 0.096 seconds
[2024-07-02T09:16:18.889+0000] {processor.py:161} INFO - Started process (PID=1388) to work on /home/airflow/.local/lib/python3.8/site-packages/airflow/example_dags/example_subdag_operator.py
[2024-07-02T09:16:18.889+0000] {processor.py:830} INFO - Processing file /home/airflow/.local/lib/python3.8/site-packages/airflow/example_dags/example_subdag_operator.py for tasks to queue
[2024-07-02T09:16:18.892+0000] {logging_mixin.py:188} INFO - [2024-07-02T09:16:18.891+0000] {dagbag.py:538} INFO - Filling up the DagBag from /home/airflow/.local/lib/python3.8/site-packages/airflow/example_dags/example_subdag_operator.py
[2024-07-02T09:16:18.918+0000] {processor.py:840} INFO - DAG(s) 'example_subdag_operator.section-1', 'example_subdag_operator.section-2', 'example_subdag_operator' retrieved from /home/airflow/.local/lib/python3.8/site-packages/airflow/example_dags/example_subdag_operator.py
[2024-07-02T09:16:18.938+0000] {logging_mixin.py:188} INFO - [2024-07-02T09:16:18.938+0000] {dag.py:3033} INFO - Sync 3 DAGs
[2024-07-02T09:16:18.964+0000] {logging_mixin.py:188} INFO - [2024-07-02T09:16:18.964+0000] {dag.py:3820} INFO - Setting next_dagrun for example_subdag_operator to 2022-01-01T00:00:00+00:00, run_after=2022-01-01T00:00:00+00:00
[2024-07-02T09:16:18.969+0000] {logging_mixin.py:188} INFO - [2024-07-02T09:16:18.969+0000] {dag.py:3820} INFO - Setting next_dagrun for example_subdag_operator.section-1 to None, run_after=None
[2024-07-02T09:16:18.970+0000] {logging_mixin.py:188} INFO - [2024-07-02T09:16:18.970+0000] {dag.py:3820} INFO - Setting next_dagrun for example_subdag_operator.section-2 to None, run_after=None
[2024-07-02T09:16:18.980+0000] {logging_mixin.py:188} INFO - [2024-07-02T09:16:18.979+0000] {dag.py:3033} INFO - Sync 2 DAGs
[2024-07-02T09:16:18.986+0000] {logging_mixin.py:188} INFO - [2024-07-02T09:16:18.986+0000] {dag.py:3820} INFO - Setting next_dagrun for example_subdag_operator.section-1 to None, run_after=None
[2024-07-02T09:16:18.986+0000] {logging_mixin.py:188} INFO - [2024-07-02T09:16:18.986+0000] {dag.py:3820} INFO - Setting next_dagrun for example_subdag_operator.section-2 to None, run_after=None
[2024-07-02T09:16:19.002+0000] {processor.py:183} INFO - Processing /home/airflow/.local/lib/python3.8/site-packages/airflow/example_dags/example_subdag_operator.py took 0.116 seconds
[2024-07-02T09:16:49.454+0000] {processor.py:161} INFO - Started process (PID=1443) to work on /home/airflow/.local/lib/python3.8/site-packages/airflow/example_dags/example_subdag_operator.py
[2024-07-02T09:16:49.460+0000] {processor.py:830} INFO - Processing file /home/airflow/.local/lib/python3.8/site-packages/airflow/example_dags/example_subdag_operator.py for tasks to queue
[2024-07-02T09:16:49.462+0000] {logging_mixin.py:188} INFO - [2024-07-02T09:16:49.462+0000] {dagbag.py:538} INFO - Filling up the DagBag from /home/airflow/.local/lib/python3.8/site-packages/airflow/example_dags/example_subdag_operator.py
[2024-07-02T09:16:49.483+0000] {processor.py:840} INFO - DAG(s) 'example_subdag_operator.section-1', 'example_subdag_operator.section-2', 'example_subdag_operator' retrieved from /home/airflow/.local/lib/python3.8/site-packages/airflow/example_dags/example_subdag_operator.py
[2024-07-02T09:16:49.498+0000] {logging_mixin.py:188} INFO - [2024-07-02T09:16:49.498+0000] {dag.py:3033} INFO - Sync 3 DAGs
[2024-07-02T09:16:49.518+0000] {logging_mixin.py:188} INFO - [2024-07-02T09:16:49.518+0000] {dag.py:3820} INFO - Setting next_dagrun for example_subdag_operator to 2022-01-01T00:00:00+00:00, run_after=2022-01-01T00:00:00+00:00
[2024-07-02T09:16:49.522+0000] {logging_mixin.py:188} INFO - [2024-07-02T09:16:49.522+0000] {dag.py:3820} INFO - Setting next_dagrun for example_subdag_operator.section-1 to None, run_after=None
[2024-07-02T09:16:49.523+0000] {logging_mixin.py:188} INFO - [2024-07-02T09:16:49.523+0000] {dag.py:3820} INFO - Setting next_dagrun for example_subdag_operator.section-2 to None, run_after=None
[2024-07-02T09:16:49.530+0000] {logging_mixin.py:188} INFO - [2024-07-02T09:16:49.530+0000] {dag.py:3033} INFO - Sync 2 DAGs
[2024-07-02T09:16:49.537+0000] {logging_mixin.py:188} INFO - [2024-07-02T09:16:49.536+0000] {dag.py:3820} INFO - Setting next_dagrun for example_subdag_operator.section-1 to None, run_after=None
[2024-07-02T09:16:49.537+0000] {logging_mixin.py:188} INFO - [2024-07-02T09:16:49.537+0000] {dag.py:3820} INFO - Setting next_dagrun for example_subdag_operator.section-2 to None, run_after=None
[2024-07-02T09:16:49.551+0000] {processor.py:183} INFO - Processing /home/airflow/.local/lib/python3.8/site-packages/airflow/example_dags/example_subdag_operator.py took 0.099 seconds
[2024-07-02T09:17:20.034+0000] {processor.py:161} INFO - Started process (PID=1498) to work on /home/airflow/.local/lib/python3.8/site-packages/airflow/example_dags/example_subdag_operator.py
[2024-07-02T09:17:20.035+0000] {processor.py:830} INFO - Processing file /home/airflow/.local/lib/python3.8/site-packages/airflow/example_dags/example_subdag_operator.py for tasks to queue
[2024-07-02T09:17:20.037+0000] {logging_mixin.py:188} INFO - [2024-07-02T09:17:20.037+0000] {dagbag.py:538} INFO - Filling up the DagBag from /home/airflow/.local/lib/python3.8/site-packages/airflow/example_dags/example_subdag_operator.py
[2024-07-02T09:17:20.061+0000] {processor.py:840} INFO - DAG(s) 'example_subdag_operator.section-1', 'example_subdag_operator.section-2', 'example_subdag_operator' retrieved from /home/airflow/.local/lib/python3.8/site-packages/airflow/example_dags/example_subdag_operator.py
[2024-07-02T09:17:20.078+0000] {logging_mixin.py:188} INFO - [2024-07-02T09:17:20.078+0000] {dag.py:3033} INFO - Sync 3 DAGs
[2024-07-02T09:17:20.102+0000] {logging_mixin.py:188} INFO - [2024-07-02T09:17:20.102+0000] {dag.py:3820} INFO - Setting next_dagrun for example_subdag_operator to 2022-01-01T00:00:00+00:00, run_after=2022-01-01T00:00:00+00:00
[2024-07-02T09:17:20.105+0000] {logging_mixin.py:188} INFO - [2024-07-02T09:17:20.105+0000] {dag.py:3820} INFO - Setting next_dagrun for example_subdag_operator.section-1 to None, run_after=None
[2024-07-02T09:17:20.106+0000] {logging_mixin.py:188} INFO - [2024-07-02T09:17:20.106+0000] {dag.py:3820} INFO - Setting next_dagrun for example_subdag_operator.section-2 to None, run_after=None
[2024-07-02T09:17:20.112+0000] {logging_mixin.py:188} INFO - [2024-07-02T09:17:20.112+0000] {dag.py:3033} INFO - Sync 2 DAGs
[2024-07-02T09:17:20.117+0000] {logging_mixin.py:188} INFO - [2024-07-02T09:17:20.117+0000] {dag.py:3820} INFO - Setting next_dagrun for example_subdag_operator.section-1 to None, run_after=None
[2024-07-02T09:17:20.118+0000] {logging_mixin.py:188} INFO - [2024-07-02T09:17:20.117+0000] {dag.py:3820} INFO - Setting next_dagrun for example_subdag_operator.section-2 to None, run_after=None
[2024-07-02T09:17:20.129+0000] {processor.py:183} INFO - Processing /home/airflow/.local/lib/python3.8/site-packages/airflow/example_dags/example_subdag_operator.py took 0.098 seconds
[2024-07-02T09:17:50.361+0000] {processor.py:161} INFO - Started process (PID=1554) to work on /home/airflow/.local/lib/python3.8/site-packages/airflow/example_dags/example_subdag_operator.py
[2024-07-02T09:17:50.362+0000] {processor.py:830} INFO - Processing file /home/airflow/.local/lib/python3.8/site-packages/airflow/example_dags/example_subdag_operator.py for tasks to queue
[2024-07-02T09:17:50.364+0000] {logging_mixin.py:188} INFO - [2024-07-02T09:17:50.364+0000] {dagbag.py:538} INFO - Filling up the DagBag from /home/airflow/.local/lib/python3.8/site-packages/airflow/example_dags/example_subdag_operator.py
[2024-07-02T09:17:50.387+0000] {processor.py:840} INFO - DAG(s) 'example_subdag_operator.section-1', 'example_subdag_operator.section-2', 'example_subdag_operator' retrieved from /home/airflow/.local/lib/python3.8/site-packages/airflow/example_dags/example_subdag_operator.py
[2024-07-02T09:17:50.404+0000] {logging_mixin.py:188} INFO - [2024-07-02T09:17:50.403+0000] {dag.py:3033} INFO - Sync 3 DAGs
[2024-07-02T09:17:50.424+0000] {logging_mixin.py:188} INFO - [2024-07-02T09:17:50.424+0000] {dag.py:3820} INFO - Setting next_dagrun for example_subdag_operator to 2022-01-01T00:00:00+00:00, run_after=2022-01-01T00:00:00+00:00
[2024-07-02T09:17:50.427+0000] {logging_mixin.py:188} INFO - [2024-07-02T09:17:50.427+0000] {dag.py:3820} INFO - Setting next_dagrun for example_subdag_operator.section-1 to None, run_after=None
[2024-07-02T09:17:50.428+0000] {logging_mixin.py:188} INFO - [2024-07-02T09:17:50.428+0000] {dag.py:3820} INFO - Setting next_dagrun for example_subdag_operator.section-2 to None, run_after=None
[2024-07-02T09:17:50.434+0000] {logging_mixin.py:188} INFO - [2024-07-02T09:17:50.434+0000] {dag.py:3033} INFO - Sync 2 DAGs
[2024-07-02T09:17:50.439+0000] {logging_mixin.py:188} INFO - [2024-07-02T09:17:50.438+0000] {dag.py:3820} INFO - Setting next_dagrun for example_subdag_operator.section-1 to None, run_after=None
[2024-07-02T09:17:50.439+0000] {logging_mixin.py:188} INFO - [2024-07-02T09:17:50.439+0000] {dag.py:3820} INFO - Setting next_dagrun for example_subdag_operator.section-2 to None, run_after=None
[2024-07-02T09:17:50.449+0000] {processor.py:183} INFO - Processing /home/airflow/.local/lib/python3.8/site-packages/airflow/example_dags/example_subdag_operator.py took 0.091 seconds
[2024-07-02T09:18:20.954+0000] {processor.py:161} INFO - Started process (PID=1609) to work on /home/airflow/.local/lib/python3.8/site-packages/airflow/example_dags/example_subdag_operator.py
[2024-07-02T09:18:20.960+0000] {processor.py:830} INFO - Processing file /home/airflow/.local/lib/python3.8/site-packages/airflow/example_dags/example_subdag_operator.py for tasks to queue
[2024-07-02T09:18:20.963+0000] {logging_mixin.py:188} INFO - [2024-07-02T09:18:20.962+0000] {dagbag.py:538} INFO - Filling up the DagBag from /home/airflow/.local/lib/python3.8/site-packages/airflow/example_dags/example_subdag_operator.py
[2024-07-02T09:18:20.986+0000] {processor.py:840} INFO - DAG(s) 'example_subdag_operator.section-1', 'example_subdag_operator.section-2', 'example_subdag_operator' retrieved from /home/airflow/.local/lib/python3.8/site-packages/airflow/example_dags/example_subdag_operator.py
[2024-07-02T09:18:21.002+0000] {logging_mixin.py:188} INFO - [2024-07-02T09:18:21.001+0000] {dag.py:3033} INFO - Sync 3 DAGs
[2024-07-02T09:18:21.023+0000] {logging_mixin.py:188} INFO - [2024-07-02T09:18:21.022+0000] {dag.py:3820} INFO - Setting next_dagrun for example_subdag_operator to 2022-01-01T00:00:00+00:00, run_after=2022-01-01T00:00:00+00:00
[2024-07-02T09:18:21.026+0000] {logging_mixin.py:188} INFO - [2024-07-02T09:18:21.026+0000] {dag.py:3820} INFO - Setting next_dagrun for example_subdag_operator.section-1 to None, run_after=None
[2024-07-02T09:18:21.027+0000] {logging_mixin.py:188} INFO - [2024-07-02T09:18:21.027+0000] {dag.py:3820} INFO - Setting next_dagrun for example_subdag_operator.section-2 to None, run_after=None
[2024-07-02T09:18:21.034+0000] {logging_mixin.py:188} INFO - [2024-07-02T09:18:21.034+0000] {dag.py:3033} INFO - Sync 2 DAGs
[2024-07-02T09:18:21.041+0000] {logging_mixin.py:188} INFO - [2024-07-02T09:18:21.040+0000] {dag.py:3820} INFO - Setting next_dagrun for example_subdag_operator.section-1 to None, run_after=None
[2024-07-02T09:18:21.041+0000] {logging_mixin.py:188} INFO - [2024-07-02T09:18:21.041+0000] {dag.py:3820} INFO - Setting next_dagrun for example_subdag_operator.section-2 to None, run_after=None
[2024-07-02T09:18:21.053+0000] {processor.py:183} INFO - Processing /home/airflow/.local/lib/python3.8/site-packages/airflow/example_dags/example_subdag_operator.py took 0.102 seconds
[2024-07-02T09:18:51.467+0000] {processor.py:161} INFO - Started process (PID=1664) to work on /home/airflow/.local/lib/python3.8/site-packages/airflow/example_dags/example_subdag_operator.py
[2024-07-02T09:18:51.468+0000] {processor.py:830} INFO - Processing file /home/airflow/.local/lib/python3.8/site-packages/airflow/example_dags/example_subdag_operator.py for tasks to queue
[2024-07-02T09:18:51.469+0000] {logging_mixin.py:188} INFO - [2024-07-02T09:18:51.469+0000] {dagbag.py:538} INFO - Filling up the DagBag from /home/airflow/.local/lib/python3.8/site-packages/airflow/example_dags/example_subdag_operator.py
[2024-07-02T09:18:51.492+0000] {processor.py:840} INFO - DAG(s) 'example_subdag_operator.section-1', 'example_subdag_operator.section-2', 'example_subdag_operator' retrieved from /home/airflow/.local/lib/python3.8/site-packages/airflow/example_dags/example_subdag_operator.py
[2024-07-02T09:18:51.514+0000] {logging_mixin.py:188} INFO - [2024-07-02T09:18:51.514+0000] {dag.py:3033} INFO - Sync 3 DAGs
[2024-07-02T09:18:51.537+0000] {logging_mixin.py:188} INFO - [2024-07-02T09:18:51.537+0000] {dag.py:3820} INFO - Setting next_dagrun for example_subdag_operator to 2022-01-01T00:00:00+00:00, run_after=2022-01-01T00:00:00+00:00
[2024-07-02T09:18:51.542+0000] {logging_mixin.py:188} INFO - [2024-07-02T09:18:51.542+0000] {dag.py:3820} INFO - Setting next_dagrun for example_subdag_operator.section-1 to None, run_after=None
[2024-07-02T09:18:51.543+0000] {logging_mixin.py:188} INFO - [2024-07-02T09:18:51.543+0000] {dag.py:3820} INFO - Setting next_dagrun for example_subdag_operator.section-2 to None, run_after=None
[2024-07-02T09:18:51.550+0000] {logging_mixin.py:188} INFO - [2024-07-02T09:18:51.550+0000] {dag.py:3033} INFO - Sync 2 DAGs
[2024-07-02T09:18:51.555+0000] {logging_mixin.py:188} INFO - [2024-07-02T09:18:51.555+0000] {dag.py:3820} INFO - Setting next_dagrun for example_subdag_operator.section-1 to None, run_after=None
[2024-07-02T09:18:51.556+0000] {logging_mixin.py:188} INFO - [2024-07-02T09:18:51.556+0000] {dag.py:3820} INFO - Setting next_dagrun for example_subdag_operator.section-2 to None, run_after=None
[2024-07-02T09:18:51.567+0000] {processor.py:183} INFO - Processing /home/airflow/.local/lib/python3.8/site-packages/airflow/example_dags/example_subdag_operator.py took 0.103 seconds
[2024-07-02T09:19:21.841+0000] {processor.py:161} INFO - Started process (PID=1719) to work on /home/airflow/.local/lib/python3.8/site-packages/airflow/example_dags/example_subdag_operator.py
[2024-07-02T09:19:21.842+0000] {processor.py:830} INFO - Processing file /home/airflow/.local/lib/python3.8/site-packages/airflow/example_dags/example_subdag_operator.py for tasks to queue
[2024-07-02T09:19:21.844+0000] {logging_mixin.py:188} INFO - [2024-07-02T09:19:21.843+0000] {dagbag.py:538} INFO - Filling up the DagBag from /home/airflow/.local/lib/python3.8/site-packages/airflow/example_dags/example_subdag_operator.py
[2024-07-02T09:19:21.864+0000] {processor.py:840} INFO - DAG(s) 'example_subdag_operator.section-1', 'example_subdag_operator.section-2', 'example_subdag_operator' retrieved from /home/airflow/.local/lib/python3.8/site-packages/airflow/example_dags/example_subdag_operator.py
[2024-07-02T09:19:21.883+0000] {logging_mixin.py:188} INFO - [2024-07-02T09:19:21.883+0000] {dag.py:3033} INFO - Sync 3 DAGs
[2024-07-02T09:19:21.906+0000] {logging_mixin.py:188} INFO - [2024-07-02T09:19:21.906+0000] {dag.py:3820} INFO - Setting next_dagrun for example_subdag_operator to 2022-01-01T00:00:00+00:00, run_after=2022-01-01T00:00:00+00:00
[2024-07-02T09:19:21.910+0000] {logging_mixin.py:188} INFO - [2024-07-02T09:19:21.910+0000] {dag.py:3820} INFO - Setting next_dagrun for example_subdag_operator.section-1 to None, run_after=None
[2024-07-02T09:19:21.911+0000] {logging_mixin.py:188} INFO - [2024-07-02T09:19:21.911+0000] {dag.py:3820} INFO - Setting next_dagrun for example_subdag_operator.section-2 to None, run_after=None
[2024-07-02T09:19:21.918+0000] {logging_mixin.py:188} INFO - [2024-07-02T09:19:21.917+0000] {dag.py:3033} INFO - Sync 2 DAGs
[2024-07-02T09:19:21.923+0000] {logging_mixin.py:188} INFO - [2024-07-02T09:19:21.922+0000] {dag.py:3820} INFO - Setting next_dagrun for example_subdag_operator.section-1 to None, run_after=None
[2024-07-02T09:19:21.923+0000] {logging_mixin.py:188} INFO - [2024-07-02T09:19:21.923+0000] {dag.py:3820} INFO - Setting next_dagrun for example_subdag_operator.section-2 to None, run_after=None
[2024-07-02T09:19:21.935+0000] {processor.py:183} INFO - Processing /home/airflow/.local/lib/python3.8/site-packages/airflow/example_dags/example_subdag_operator.py took 0.097 seconds
[2024-07-02T09:19:52.172+0000] {processor.py:161} INFO - Started process (PID=1773) to work on /home/airflow/.local/lib/python3.8/site-packages/airflow/example_dags/example_subdag_operator.py
[2024-07-02T09:19:52.173+0000] {processor.py:830} INFO - Processing file /home/airflow/.local/lib/python3.8/site-packages/airflow/example_dags/example_subdag_operator.py for tasks to queue
[2024-07-02T09:19:52.175+0000] {logging_mixin.py:188} INFO - [2024-07-02T09:19:52.175+0000] {dagbag.py:538} INFO - Filling up the DagBag from /home/airflow/.local/lib/python3.8/site-packages/airflow/example_dags/example_subdag_operator.py
[2024-07-02T09:19:52.197+0000] {processor.py:840} INFO - DAG(s) 'example_subdag_operator.section-1', 'example_subdag_operator.section-2', 'example_subdag_operator' retrieved from /home/airflow/.local/lib/python3.8/site-packages/airflow/example_dags/example_subdag_operator.py
[2024-07-02T09:19:52.214+0000] {logging_mixin.py:188} INFO - [2024-07-02T09:19:52.214+0000] {dag.py:3033} INFO - Sync 3 DAGs
[2024-07-02T09:19:52.237+0000] {logging_mixin.py:188} INFO - [2024-07-02T09:19:52.237+0000] {dag.py:3820} INFO - Setting next_dagrun for example_subdag_operator to 2022-01-01T00:00:00+00:00, run_after=2022-01-01T00:00:00+00:00
[2024-07-02T09:19:52.242+0000] {logging_mixin.py:188} INFO - [2024-07-02T09:19:52.242+0000] {dag.py:3820} INFO - Setting next_dagrun for example_subdag_operator.section-1 to None, run_after=None
[2024-07-02T09:19:52.244+0000] {logging_mixin.py:188} INFO - [2024-07-02T09:19:52.243+0000] {dag.py:3820} INFO - Setting next_dagrun for example_subdag_operator.section-2 to None, run_after=None
[2024-07-02T09:19:52.251+0000] {logging_mixin.py:188} INFO - [2024-07-02T09:19:52.251+0000] {dag.py:3033} INFO - Sync 2 DAGs
[2024-07-02T09:19:52.257+0000] {logging_mixin.py:188} INFO - [2024-07-02T09:19:52.256+0000] {dag.py:3820} INFO - Setting next_dagrun for example_subdag_operator.section-1 to None, run_after=None
[2024-07-02T09:19:52.257+0000] {logging_mixin.py:188} INFO - [2024-07-02T09:19:52.257+0000] {dag.py:3820} INFO - Setting next_dagrun for example_subdag_operator.section-2 to None, run_after=None
[2024-07-02T09:19:52.270+0000] {processor.py:183} INFO - Processing /home/airflow/.local/lib/python3.8/site-packages/airflow/example_dags/example_subdag_operator.py took 0.100 seconds
[2024-07-02T09:20:22.781+0000] {processor.py:161} INFO - Started process (PID=1827) to work on /home/airflow/.local/lib/python3.8/site-packages/airflow/example_dags/example_subdag_operator.py
[2024-07-02T09:20:22.782+0000] {processor.py:830} INFO - Processing file /home/airflow/.local/lib/python3.8/site-packages/airflow/example_dags/example_subdag_operator.py for tasks to queue
[2024-07-02T09:20:22.784+0000] {logging_mixin.py:188} INFO - [2024-07-02T09:20:22.784+0000] {dagbag.py:538} INFO - Filling up the DagBag from /home/airflow/.local/lib/python3.8/site-packages/airflow/example_dags/example_subdag_operator.py
[2024-07-02T09:20:22.807+0000] {processor.py:840} INFO - DAG(s) 'example_subdag_operator.section-1', 'example_subdag_operator.section-2', 'example_subdag_operator' retrieved from /home/airflow/.local/lib/python3.8/site-packages/airflow/example_dags/example_subdag_operator.py
[2024-07-02T09:20:22.823+0000] {logging_mixin.py:188} INFO - [2024-07-02T09:20:22.822+0000] {dag.py:3033} INFO - Sync 3 DAGs
[2024-07-02T09:20:22.846+0000] {logging_mixin.py:188} INFO - [2024-07-02T09:20:22.845+0000] {dag.py:3820} INFO - Setting next_dagrun for example_subdag_operator to 2022-01-01T00:00:00+00:00, run_after=2022-01-01T00:00:00+00:00
[2024-07-02T09:20:22.849+0000] {logging_mixin.py:188} INFO - [2024-07-02T09:20:22.849+0000] {dag.py:3820} INFO - Setting next_dagrun for example_subdag_operator.section-1 to None, run_after=None
[2024-07-02T09:20:22.850+0000] {logging_mixin.py:188} INFO - [2024-07-02T09:20:22.850+0000] {dag.py:3820} INFO - Setting next_dagrun for example_subdag_operator.section-2 to None, run_after=None
[2024-07-02T09:20:22.857+0000] {logging_mixin.py:188} INFO - [2024-07-02T09:20:22.856+0000] {dag.py:3033} INFO - Sync 2 DAGs
[2024-07-02T09:20:22.861+0000] {logging_mixin.py:188} INFO - [2024-07-02T09:20:22.861+0000] {dag.py:3820} INFO - Setting next_dagrun for example_subdag_operator.section-1 to None, run_after=None
[2024-07-02T09:20:22.862+0000] {logging_mixin.py:188} INFO - [2024-07-02T09:20:22.862+0000] {dag.py:3820} INFO - Setting next_dagrun for example_subdag_operator.section-2 to None, run_after=None
[2024-07-02T09:20:22.874+0000] {processor.py:183} INFO - Processing /home/airflow/.local/lib/python3.8/site-packages/airflow/example_dags/example_subdag_operator.py took 0.096 seconds
[2024-07-02T09:20:53.467+0000] {processor.py:161} INFO - Started process (PID=1882) to work on /home/airflow/.local/lib/python3.8/site-packages/airflow/example_dags/example_subdag_operator.py
[2024-07-02T09:20:53.468+0000] {processor.py:830} INFO - Processing file /home/airflow/.local/lib/python3.8/site-packages/airflow/example_dags/example_subdag_operator.py for tasks to queue
[2024-07-02T09:20:53.470+0000] {logging_mixin.py:188} INFO - [2024-07-02T09:20:53.470+0000] {dagbag.py:538} INFO - Filling up the DagBag from /home/airflow/.local/lib/python3.8/site-packages/airflow/example_dags/example_subdag_operator.py
[2024-07-02T09:20:53.493+0000] {processor.py:840} INFO - DAG(s) 'example_subdag_operator.section-1', 'example_subdag_operator.section-2', 'example_subdag_operator' retrieved from /home/airflow/.local/lib/python3.8/site-packages/airflow/example_dags/example_subdag_operator.py
[2024-07-02T09:20:53.510+0000] {logging_mixin.py:188} INFO - [2024-07-02T09:20:53.509+0000] {dag.py:3033} INFO - Sync 3 DAGs
[2024-07-02T09:20:53.530+0000] {logging_mixin.py:188} INFO - [2024-07-02T09:20:53.530+0000] {dag.py:3820} INFO - Setting next_dagrun for example_subdag_operator to 2022-01-01T00:00:00+00:00, run_after=2022-01-01T00:00:00+00:00
[2024-07-02T09:20:53.533+0000] {logging_mixin.py:188} INFO - [2024-07-02T09:20:53.533+0000] {dag.py:3820} INFO - Setting next_dagrun for example_subdag_operator.section-1 to None, run_after=None
[2024-07-02T09:20:53.534+0000] {logging_mixin.py:188} INFO - [2024-07-02T09:20:53.534+0000] {dag.py:3820} INFO - Setting next_dagrun for example_subdag_operator.section-2 to None, run_after=None
[2024-07-02T09:20:53.541+0000] {logging_mixin.py:188} INFO - [2024-07-02T09:20:53.541+0000] {dag.py:3033} INFO - Sync 2 DAGs
[2024-07-02T09:20:53.546+0000] {logging_mixin.py:188} INFO - [2024-07-02T09:20:53.545+0000] {dag.py:3820} INFO - Setting next_dagrun for example_subdag_operator.section-1 to None, run_after=None
[2024-07-02T09:20:53.546+0000] {logging_mixin.py:188} INFO - [2024-07-02T09:20:53.546+0000] {dag.py:3820} INFO - Setting next_dagrun for example_subdag_operator.section-2 to None, run_after=None
[2024-07-02T09:20:53.557+0000] {processor.py:183} INFO - Processing /home/airflow/.local/lib/python3.8/site-packages/airflow/example_dags/example_subdag_operator.py took 0.093 seconds
[2024-07-02T09:21:23.595+0000] {processor.py:161} INFO - Started process (PID=1938) to work on /home/airflow/.local/lib/python3.8/site-packages/airflow/example_dags/example_subdag_operator.py
[2024-07-02T09:21:23.596+0000] {processor.py:830} INFO - Processing file /home/airflow/.local/lib/python3.8/site-packages/airflow/example_dags/example_subdag_operator.py for tasks to queue
[2024-07-02T09:21:23.600+0000] {logging_mixin.py:188} INFO - [2024-07-02T09:21:23.599+0000] {dagbag.py:538} INFO - Filling up the DagBag from /home/airflow/.local/lib/python3.8/site-packages/airflow/example_dags/example_subdag_operator.py
[2024-07-02T09:21:23.628+0000] {processor.py:840} INFO - DAG(s) 'example_subdag_operator.section-1', 'example_subdag_operator.section-2', 'example_subdag_operator' retrieved from /home/airflow/.local/lib/python3.8/site-packages/airflow/example_dags/example_subdag_operator.py
[2024-07-02T09:21:23.647+0000] {logging_mixin.py:188} INFO - [2024-07-02T09:21:23.647+0000] {dag.py:3033} INFO - Sync 3 DAGs
[2024-07-02T09:21:23.670+0000] {logging_mixin.py:188} INFO - [2024-07-02T09:21:23.670+0000] {dag.py:3820} INFO - Setting next_dagrun for example_subdag_operator to 2022-01-01T00:00:00+00:00, run_after=2022-01-01T00:00:00+00:00
[2024-07-02T09:21:23.675+0000] {logging_mixin.py:188} INFO - [2024-07-02T09:21:23.675+0000] {dag.py:3820} INFO - Setting next_dagrun for example_subdag_operator.section-1 to None, run_after=None
[2024-07-02T09:21:23.677+0000] {logging_mixin.py:188} INFO - [2024-07-02T09:21:23.677+0000] {dag.py:3820} INFO - Setting next_dagrun for example_subdag_operator.section-2 to None, run_after=None
[2024-07-02T09:21:23.684+0000] {logging_mixin.py:188} INFO - [2024-07-02T09:21:23.684+0000] {dag.py:3033} INFO - Sync 2 DAGs
[2024-07-02T09:21:23.690+0000] {logging_mixin.py:188} INFO - [2024-07-02T09:21:23.690+0000] {dag.py:3820} INFO - Setting next_dagrun for example_subdag_operator.section-1 to None, run_after=None
[2024-07-02T09:21:23.690+0000] {logging_mixin.py:188} INFO - [2024-07-02T09:21:23.690+0000] {dag.py:3820} INFO - Setting next_dagrun for example_subdag_operator.section-2 to None, run_after=None
[2024-07-02T09:21:23.713+0000] {processor.py:183} INFO - Processing /home/airflow/.local/lib/python3.8/site-packages/airflow/example_dags/example_subdag_operator.py took 0.121 seconds
[2024-07-02T09:21:54.161+0000] {processor.py:161} INFO - Started process (PID=1991) to work on /home/airflow/.local/lib/python3.8/site-packages/airflow/example_dags/example_subdag_operator.py
[2024-07-02T09:21:54.169+0000] {processor.py:830} INFO - Processing file /home/airflow/.local/lib/python3.8/site-packages/airflow/example_dags/example_subdag_operator.py for tasks to queue
[2024-07-02T09:21:54.172+0000] {logging_mixin.py:188} INFO - [2024-07-02T09:21:54.171+0000] {dagbag.py:538} INFO - Filling up the DagBag from /home/airflow/.local/lib/python3.8/site-packages/airflow/example_dags/example_subdag_operator.py
[2024-07-02T09:21:54.201+0000] {processor.py:840} INFO - DAG(s) 'example_subdag_operator.section-1', 'example_subdag_operator.section-2', 'example_subdag_operator' retrieved from /home/airflow/.local/lib/python3.8/site-packages/airflow/example_dags/example_subdag_operator.py
[2024-07-02T09:21:54.220+0000] {logging_mixin.py:188} INFO - [2024-07-02T09:21:54.220+0000] {dag.py:3033} INFO - Sync 3 DAGs
[2024-07-02T09:21:54.247+0000] {logging_mixin.py:188} INFO - [2024-07-02T09:21:54.247+0000] {dag.py:3820} INFO - Setting next_dagrun for example_subdag_operator to 2022-01-01T00:00:00+00:00, run_after=2022-01-01T00:00:00+00:00
[2024-07-02T09:21:54.252+0000] {logging_mixin.py:188} INFO - [2024-07-02T09:21:54.252+0000] {dag.py:3820} INFO - Setting next_dagrun for example_subdag_operator.section-1 to None, run_after=None
[2024-07-02T09:21:54.254+0000] {logging_mixin.py:188} INFO - [2024-07-02T09:21:54.254+0000] {dag.py:3820} INFO - Setting next_dagrun for example_subdag_operator.section-2 to None, run_after=None
[2024-07-02T09:21:54.262+0000] {logging_mixin.py:188} INFO - [2024-07-02T09:21:54.262+0000] {dag.py:3033} INFO - Sync 2 DAGs
[2024-07-02T09:21:54.270+0000] {logging_mixin.py:188} INFO - [2024-07-02T09:21:54.269+0000] {dag.py:3820} INFO - Setting next_dagrun for example_subdag_operator.section-1 to None, run_after=None
[2024-07-02T09:21:54.270+0000] {logging_mixin.py:188} INFO - [2024-07-02T09:21:54.270+0000] {dag.py:3820} INFO - Setting next_dagrun for example_subdag_operator.section-2 to None, run_after=None
[2024-07-02T09:21:54.287+0000] {processor.py:183} INFO - Processing /home/airflow/.local/lib/python3.8/site-packages/airflow/example_dags/example_subdag_operator.py took 0.129 seconds
[2024-07-02T09:22:24.367+0000] {processor.py:161} INFO - Started process (PID=2046) to work on /home/airflow/.local/lib/python3.8/site-packages/airflow/example_dags/example_subdag_operator.py
[2024-07-02T09:22:24.367+0000] {processor.py:830} INFO - Processing file /home/airflow/.local/lib/python3.8/site-packages/airflow/example_dags/example_subdag_operator.py for tasks to queue
[2024-07-02T09:22:24.370+0000] {logging_mixin.py:188} INFO - [2024-07-02T09:22:24.369+0000] {dagbag.py:538} INFO - Filling up the DagBag from /home/airflow/.local/lib/python3.8/site-packages/airflow/example_dags/example_subdag_operator.py
[2024-07-02T09:22:24.391+0000] {processor.py:840} INFO - DAG(s) 'example_subdag_operator.section-1', 'example_subdag_operator.section-2', 'example_subdag_operator' retrieved from /home/airflow/.local/lib/python3.8/site-packages/airflow/example_dags/example_subdag_operator.py
[2024-07-02T09:22:24.405+0000] {logging_mixin.py:188} INFO - [2024-07-02T09:22:24.405+0000] {dag.py:3033} INFO - Sync 3 DAGs
[2024-07-02T09:22:24.424+0000] {logging_mixin.py:188} INFO - [2024-07-02T09:22:24.424+0000] {dag.py:3820} INFO - Setting next_dagrun for example_subdag_operator to 2022-01-01T00:00:00+00:00, run_after=2022-01-01T00:00:00+00:00
[2024-07-02T09:22:24.427+0000] {logging_mixin.py:188} INFO - [2024-07-02T09:22:24.427+0000] {dag.py:3820} INFO - Setting next_dagrun for example_subdag_operator.section-1 to None, run_after=None
[2024-07-02T09:22:24.428+0000] {logging_mixin.py:188} INFO - [2024-07-02T09:22:24.428+0000] {dag.py:3820} INFO - Setting next_dagrun for example_subdag_operator.section-2 to None, run_after=None
[2024-07-02T09:22:24.434+0000] {logging_mixin.py:188} INFO - [2024-07-02T09:22:24.434+0000] {dag.py:3033} INFO - Sync 2 DAGs
[2024-07-02T09:22:24.439+0000] {logging_mixin.py:188} INFO - [2024-07-02T09:22:24.439+0000] {dag.py:3820} INFO - Setting next_dagrun for example_subdag_operator.section-1 to None, run_after=None
[2024-07-02T09:22:24.439+0000] {logging_mixin.py:188} INFO - [2024-07-02T09:22:24.439+0000] {dag.py:3820} INFO - Setting next_dagrun for example_subdag_operator.section-2 to None, run_after=None
[2024-07-02T09:22:24.451+0000] {processor.py:183} INFO - Processing /home/airflow/.local/lib/python3.8/site-packages/airflow/example_dags/example_subdag_operator.py took 0.087 seconds
[2024-07-02T09:22:54.619+0000] {processor.py:161} INFO - Started process (PID=2101) to work on /home/airflow/.local/lib/python3.8/site-packages/airflow/example_dags/example_subdag_operator.py
[2024-07-02T09:22:54.620+0000] {processor.py:830} INFO - Processing file /home/airflow/.local/lib/python3.8/site-packages/airflow/example_dags/example_subdag_operator.py for tasks to queue
[2024-07-02T09:22:54.622+0000] {logging_mixin.py:188} INFO - [2024-07-02T09:22:54.621+0000] {dagbag.py:538} INFO - Filling up the DagBag from /home/airflow/.local/lib/python3.8/site-packages/airflow/example_dags/example_subdag_operator.py
[2024-07-02T09:22:54.644+0000] {processor.py:840} INFO - DAG(s) 'example_subdag_operator.section-1', 'example_subdag_operator.section-2', 'example_subdag_operator' retrieved from /home/airflow/.local/lib/python3.8/site-packages/airflow/example_dags/example_subdag_operator.py
[2024-07-02T09:22:54.664+0000] {logging_mixin.py:188} INFO - [2024-07-02T09:22:54.664+0000] {dag.py:3033} INFO - Sync 3 DAGs
[2024-07-02T09:22:54.685+0000] {logging_mixin.py:188} INFO - [2024-07-02T09:22:54.685+0000] {dag.py:3820} INFO - Setting next_dagrun for example_subdag_operator to 2022-01-01T00:00:00+00:00, run_after=2022-01-01T00:00:00+00:00
[2024-07-02T09:22:54.688+0000] {logging_mixin.py:188} INFO - [2024-07-02T09:22:54.688+0000] {dag.py:3820} INFO - Setting next_dagrun for example_subdag_operator.section-1 to None, run_after=None
[2024-07-02T09:22:54.689+0000] {logging_mixin.py:188} INFO - [2024-07-02T09:22:54.689+0000] {dag.py:3820} INFO - Setting next_dagrun for example_subdag_operator.section-2 to None, run_after=None
[2024-07-02T09:22:54.695+0000] {logging_mixin.py:188} INFO - [2024-07-02T09:22:54.695+0000] {dag.py:3033} INFO - Sync 2 DAGs
[2024-07-02T09:22:54.699+0000] {logging_mixin.py:188} INFO - [2024-07-02T09:22:54.699+0000] {dag.py:3820} INFO - Setting next_dagrun for example_subdag_operator.section-1 to None, run_after=None
[2024-07-02T09:22:54.700+0000] {logging_mixin.py:188} INFO - [2024-07-02T09:22:54.700+0000] {dag.py:3820} INFO - Setting next_dagrun for example_subdag_operator.section-2 to None, run_after=None
[2024-07-02T09:22:54.709+0000] {processor.py:183} INFO - Processing /home/airflow/.local/lib/python3.8/site-packages/airflow/example_dags/example_subdag_operator.py took 0.093 seconds
[2024-07-02T09:23:24.968+0000] {processor.py:161} INFO - Started process (PID=2156) to work on /home/airflow/.local/lib/python3.8/site-packages/airflow/example_dags/example_subdag_operator.py
[2024-07-02T09:23:24.969+0000] {processor.py:830} INFO - Processing file /home/airflow/.local/lib/python3.8/site-packages/airflow/example_dags/example_subdag_operator.py for tasks to queue
[2024-07-02T09:23:24.972+0000] {logging_mixin.py:188} INFO - [2024-07-02T09:23:24.972+0000] {dagbag.py:538} INFO - Filling up the DagBag from /home/airflow/.local/lib/python3.8/site-packages/airflow/example_dags/example_subdag_operator.py
[2024-07-02T09:23:25.002+0000] {processor.py:840} INFO - DAG(s) 'example_subdag_operator.section-1', 'example_subdag_operator.section-2', 'example_subdag_operator' retrieved from /home/airflow/.local/lib/python3.8/site-packages/airflow/example_dags/example_subdag_operator.py
[2024-07-02T09:23:25.021+0000] {logging_mixin.py:188} INFO - [2024-07-02T09:23:25.021+0000] {dag.py:3033} INFO - Sync 3 DAGs
[2024-07-02T09:23:25.051+0000] {logging_mixin.py:188} INFO - [2024-07-02T09:23:25.050+0000] {dag.py:3820} INFO - Setting next_dagrun for example_subdag_operator to 2022-01-01T00:00:00+00:00, run_after=2022-01-01T00:00:00+00:00
[2024-07-02T09:23:25.055+0000] {logging_mixin.py:188} INFO - [2024-07-02T09:23:25.055+0000] {dag.py:3820} INFO - Setting next_dagrun for example_subdag_operator.section-1 to None, run_after=None
[2024-07-02T09:23:25.057+0000] {logging_mixin.py:188} INFO - [2024-07-02T09:23:25.057+0000] {dag.py:3820} INFO - Setting next_dagrun for example_subdag_operator.section-2 to None, run_after=None
[2024-07-02T09:23:25.065+0000] {logging_mixin.py:188} INFO - [2024-07-02T09:23:25.065+0000] {dag.py:3033} INFO - Sync 2 DAGs
[2024-07-02T09:23:25.072+0000] {logging_mixin.py:188} INFO - [2024-07-02T09:23:25.072+0000] {dag.py:3820} INFO - Setting next_dagrun for example_subdag_operator.section-1 to None, run_after=None
[2024-07-02T09:23:25.073+0000] {logging_mixin.py:188} INFO - [2024-07-02T09:23:25.072+0000] {dag.py:3820} INFO - Setting next_dagrun for example_subdag_operator.section-2 to None, run_after=None
[2024-07-02T09:23:25.091+0000] {processor.py:183} INFO - Processing /home/airflow/.local/lib/python3.8/site-packages/airflow/example_dags/example_subdag_operator.py took 0.127 seconds
[2024-07-02T09:23:55.312+0000] {processor.py:161} INFO - Started process (PID=2211) to work on /home/airflow/.local/lib/python3.8/site-packages/airflow/example_dags/example_subdag_operator.py
[2024-07-02T09:23:55.313+0000] {processor.py:830} INFO - Processing file /home/airflow/.local/lib/python3.8/site-packages/airflow/example_dags/example_subdag_operator.py for tasks to queue
[2024-07-02T09:23:55.315+0000] {logging_mixin.py:188} INFO - [2024-07-02T09:23:55.315+0000] {dagbag.py:538} INFO - Filling up the DagBag from /home/airflow/.local/lib/python3.8/site-packages/airflow/example_dags/example_subdag_operator.py
[2024-07-02T09:23:55.337+0000] {processor.py:840} INFO - DAG(s) 'example_subdag_operator.section-1', 'example_subdag_operator.section-2', 'example_subdag_operator' retrieved from /home/airflow/.local/lib/python3.8/site-packages/airflow/example_dags/example_subdag_operator.py
[2024-07-02T09:23:55.354+0000] {logging_mixin.py:188} INFO - [2024-07-02T09:23:55.353+0000] {dag.py:3033} INFO - Sync 3 DAGs
[2024-07-02T09:23:55.373+0000] {logging_mixin.py:188} INFO - [2024-07-02T09:23:55.373+0000] {dag.py:3820} INFO - Setting next_dagrun for example_subdag_operator to 2022-01-01T00:00:00+00:00, run_after=2022-01-01T00:00:00+00:00
[2024-07-02T09:23:55.376+0000] {logging_mixin.py:188} INFO - [2024-07-02T09:23:55.376+0000] {dag.py:3820} INFO - Setting next_dagrun for example_subdag_operator.section-1 to None, run_after=None
[2024-07-02T09:23:55.377+0000] {logging_mixin.py:188} INFO - [2024-07-02T09:23:55.377+0000] {dag.py:3820} INFO - Setting next_dagrun for example_subdag_operator.section-2 to None, run_after=None
[2024-07-02T09:23:55.383+0000] {logging_mixin.py:188} INFO - [2024-07-02T09:23:55.382+0000] {dag.py:3033} INFO - Sync 2 DAGs
[2024-07-02T09:23:55.389+0000] {logging_mixin.py:188} INFO - [2024-07-02T09:23:55.389+0000] {dag.py:3820} INFO - Setting next_dagrun for example_subdag_operator.section-1 to None, run_after=None
[2024-07-02T09:23:55.389+0000] {logging_mixin.py:188} INFO - [2024-07-02T09:23:55.389+0000] {dag.py:3820} INFO - Setting next_dagrun for example_subdag_operator.section-2 to None, run_after=None
[2024-07-02T09:23:55.400+0000] {processor.py:183} INFO - Processing /home/airflow/.local/lib/python3.8/site-packages/airflow/example_dags/example_subdag_operator.py took 0.090 seconds
