[2024-07-02T09:03:59.533+0000] {processor.py:161} INFO - Started process (PID=48) to work on /home/airflow/.local/lib/python3.8/site-packages/airflow/example_dags/tutorial.py
[2024-07-02T09:03:59.535+0000] {processor.py:830} INFO - Processing file /home/airflow/.local/lib/python3.8/site-packages/airflow/example_dags/tutorial.py for tasks to queue
[2024-07-02T09:03:59.539+0000] {logging_mixin.py:188} INFO - [2024-07-02T09:03:59.538+0000] {dagbag.py:538} INFO - Filling up the DagBag from /home/airflow/.local/lib/python3.8/site-packages/airflow/example_dags/tutorial.py
[2024-07-02T09:03:59.556+0000] {processor.py:840} INFO - DAG(s) 'tutorial' retrieved from /home/airflow/.local/lib/python3.8/site-packages/airflow/example_dags/tutorial.py
[2024-07-02T09:03:59.723+0000] {logging_mixin.py:188} INFO - [2024-07-02T09:03:59.722+0000] {override.py:1769} INFO - Created Permission View: can edit on DAG:tutorial
[2024-07-02T09:03:59.743+0000] {logging_mixin.py:188} INFO - [2024-07-02T09:03:59.742+0000] {override.py:1769} INFO - Created Permission View: can delete on DAG:tutorial
[2024-07-02T09:03:59.756+0000] {logging_mixin.py:188} INFO - [2024-07-02T09:03:59.756+0000] {override.py:1769} INFO - Created Permission View: can read on DAG:tutorial
[2024-07-02T09:03:59.757+0000] {logging_mixin.py:188} INFO - [2024-07-02T09:03:59.757+0000] {dag.py:3033} INFO - Sync 1 DAGs
[2024-07-02T09:03:59.781+0000] {logging_mixin.py:188} INFO - [2024-07-02T09:03:59.781+0000] {dag.py:3055} INFO - Creating ORM DAG for tutorial
[2024-07-02T09:03:59.803+0000] {logging_mixin.py:188} INFO - [2024-07-02T09:03:59.803+0000] {dag.py:3820} INFO - Setting next_dagrun for tutorial to 2024-07-01T00:00:00+00:00, run_after=2024-07-02T00:00:00+00:00
[2024-07-02T09:03:59.833+0000] {processor.py:183} INFO - Processing /home/airflow/.local/lib/python3.8/site-packages/airflow/example_dags/tutorial.py took 0.306 seconds
[2024-07-02T09:04:30.588+0000] {processor.py:161} INFO - Started process (PID=102) to work on /home/airflow/.local/lib/python3.8/site-packages/airflow/example_dags/tutorial.py
[2024-07-02T09:04:30.589+0000] {processor.py:830} INFO - Processing file /home/airflow/.local/lib/python3.8/site-packages/airflow/example_dags/tutorial.py for tasks to queue
[2024-07-02T09:04:30.591+0000] {logging_mixin.py:188} INFO - [2024-07-02T09:04:30.591+0000] {dagbag.py:538} INFO - Filling up the DagBag from /home/airflow/.local/lib/python3.8/site-packages/airflow/example_dags/tutorial.py
[2024-07-02T09:04:30.597+0000] {processor.py:840} INFO - DAG(s) 'tutorial' retrieved from /home/airflow/.local/lib/python3.8/site-packages/airflow/example_dags/tutorial.py
[2024-07-02T09:04:30.618+0000] {logging_mixin.py:188} INFO - [2024-07-02T09:04:30.617+0000] {dag.py:3033} INFO - Sync 1 DAGs
[2024-07-02T09:04:30.640+0000] {logging_mixin.py:188} INFO - [2024-07-02T09:04:30.640+0000] {dag.py:3820} INFO - Setting next_dagrun for tutorial to 2024-07-01T00:00:00+00:00, run_after=2024-07-02T00:00:00+00:00
[2024-07-02T09:04:30.659+0000] {processor.py:183} INFO - Processing /home/airflow/.local/lib/python3.8/site-packages/airflow/example_dags/tutorial.py took 0.073 seconds
[2024-07-02T09:05:01.043+0000] {processor.py:161} INFO - Started process (PID=158) to work on /home/airflow/.local/lib/python3.8/site-packages/airflow/example_dags/tutorial.py
[2024-07-02T09:05:01.044+0000] {processor.py:830} INFO - Processing file /home/airflow/.local/lib/python3.8/site-packages/airflow/example_dags/tutorial.py for tasks to queue
[2024-07-02T09:05:01.046+0000] {logging_mixin.py:188} INFO - [2024-07-02T09:05:01.046+0000] {dagbag.py:538} INFO - Filling up the DagBag from /home/airflow/.local/lib/python3.8/site-packages/airflow/example_dags/tutorial.py
[2024-07-02T09:05:01.055+0000] {processor.py:840} INFO - DAG(s) 'tutorial' retrieved from /home/airflow/.local/lib/python3.8/site-packages/airflow/example_dags/tutorial.py
[2024-07-02T09:05:01.079+0000] {logging_mixin.py:188} INFO - [2024-07-02T09:05:01.078+0000] {dag.py:3033} INFO - Sync 1 DAGs
[2024-07-02T09:05:01.102+0000] {logging_mixin.py:188} INFO - [2024-07-02T09:05:01.102+0000] {dag.py:3820} INFO - Setting next_dagrun for tutorial to 2024-07-01T00:00:00+00:00, run_after=2024-07-02T00:00:00+00:00
[2024-07-02T09:05:01.121+0000] {processor.py:183} INFO - Processing /home/airflow/.local/lib/python3.8/site-packages/airflow/example_dags/tutorial.py took 0.082 seconds
[2024-07-02T09:05:31.236+0000] {processor.py:161} INFO - Started process (PID=213) to work on /home/airflow/.local/lib/python3.8/site-packages/airflow/example_dags/tutorial.py
[2024-07-02T09:05:31.237+0000] {processor.py:830} INFO - Processing file /home/airflow/.local/lib/python3.8/site-packages/airflow/example_dags/tutorial.py for tasks to queue
[2024-07-02T09:05:31.239+0000] {logging_mixin.py:188} INFO - [2024-07-02T09:05:31.239+0000] {dagbag.py:538} INFO - Filling up the DagBag from /home/airflow/.local/lib/python3.8/site-packages/airflow/example_dags/tutorial.py
[2024-07-02T09:05:31.245+0000] {processor.py:840} INFO - DAG(s) 'tutorial' retrieved from /home/airflow/.local/lib/python3.8/site-packages/airflow/example_dags/tutorial.py
[2024-07-02T09:05:31.262+0000] {logging_mixin.py:188} INFO - [2024-07-02T09:05:31.262+0000] {dag.py:3033} INFO - Sync 1 DAGs
[2024-07-02T09:05:31.281+0000] {logging_mixin.py:188} INFO - [2024-07-02T09:05:31.281+0000] {dag.py:3820} INFO - Setting next_dagrun for tutorial to 2024-07-01T00:00:00+00:00, run_after=2024-07-02T00:00:00+00:00
[2024-07-02T09:05:31.299+0000] {processor.py:183} INFO - Processing /home/airflow/.local/lib/python3.8/site-packages/airflow/example_dags/tutorial.py took 0.066 seconds
[2024-07-02T09:06:01.425+0000] {processor.py:161} INFO - Started process (PID=268) to work on /home/airflow/.local/lib/python3.8/site-packages/airflow/example_dags/tutorial.py
[2024-07-02T09:06:01.426+0000] {processor.py:830} INFO - Processing file /home/airflow/.local/lib/python3.8/site-packages/airflow/example_dags/tutorial.py for tasks to queue
[2024-07-02T09:06:01.428+0000] {logging_mixin.py:188} INFO - [2024-07-02T09:06:01.428+0000] {dagbag.py:538} INFO - Filling up the DagBag from /home/airflow/.local/lib/python3.8/site-packages/airflow/example_dags/tutorial.py
[2024-07-02T09:06:01.434+0000] {processor.py:840} INFO - DAG(s) 'tutorial' retrieved from /home/airflow/.local/lib/python3.8/site-packages/airflow/example_dags/tutorial.py
[2024-07-02T09:06:01.455+0000] {logging_mixin.py:188} INFO - [2024-07-02T09:06:01.455+0000] {dag.py:3033} INFO - Sync 1 DAGs
[2024-07-02T09:06:01.476+0000] {logging_mixin.py:188} INFO - [2024-07-02T09:06:01.476+0000] {dag.py:3820} INFO - Setting next_dagrun for tutorial to 2024-07-01T00:00:00+00:00, run_after=2024-07-02T00:00:00+00:00
[2024-07-02T09:06:01.494+0000] {processor.py:183} INFO - Processing /home/airflow/.local/lib/python3.8/site-packages/airflow/example_dags/tutorial.py took 0.073 seconds
[2024-07-02T09:06:31.926+0000] {processor.py:161} INFO - Started process (PID=322) to work on /home/airflow/.local/lib/python3.8/site-packages/airflow/example_dags/tutorial.py
[2024-07-02T09:06:31.927+0000] {processor.py:830} INFO - Processing file /home/airflow/.local/lib/python3.8/site-packages/airflow/example_dags/tutorial.py for tasks to queue
[2024-07-02T09:06:31.929+0000] {logging_mixin.py:188} INFO - [2024-07-02T09:06:31.929+0000] {dagbag.py:538} INFO - Filling up the DagBag from /home/airflow/.local/lib/python3.8/site-packages/airflow/example_dags/tutorial.py
[2024-07-02T09:06:31.936+0000] {processor.py:840} INFO - DAG(s) 'tutorial' retrieved from /home/airflow/.local/lib/python3.8/site-packages/airflow/example_dags/tutorial.py
[2024-07-02T09:06:31.960+0000] {logging_mixin.py:188} INFO - [2024-07-02T09:06:31.960+0000] {dag.py:3033} INFO - Sync 1 DAGs
[2024-07-02T09:06:31.985+0000] {logging_mixin.py:188} INFO - [2024-07-02T09:06:31.985+0000] {dag.py:3820} INFO - Setting next_dagrun for tutorial to 2024-07-01T00:00:00+00:00, run_after=2024-07-02T00:00:00+00:00
[2024-07-02T09:06:32.005+0000] {processor.py:183} INFO - Processing /home/airflow/.local/lib/python3.8/site-packages/airflow/example_dags/tutorial.py took 0.083 seconds
[2024-07-02T09:07:02.371+0000] {processor.py:161} INFO - Started process (PID=377) to work on /home/airflow/.local/lib/python3.8/site-packages/airflow/example_dags/tutorial.py
[2024-07-02T09:07:02.371+0000] {processor.py:830} INFO - Processing file /home/airflow/.local/lib/python3.8/site-packages/airflow/example_dags/tutorial.py for tasks to queue
[2024-07-02T09:07:02.373+0000] {logging_mixin.py:188} INFO - [2024-07-02T09:07:02.373+0000] {dagbag.py:538} INFO - Filling up the DagBag from /home/airflow/.local/lib/python3.8/site-packages/airflow/example_dags/tutorial.py
[2024-07-02T09:07:02.380+0000] {processor.py:840} INFO - DAG(s) 'tutorial' retrieved from /home/airflow/.local/lib/python3.8/site-packages/airflow/example_dags/tutorial.py
[2024-07-02T09:07:02.401+0000] {logging_mixin.py:188} INFO - [2024-07-02T09:07:02.401+0000] {dag.py:3033} INFO - Sync 1 DAGs
[2024-07-02T09:07:02.422+0000] {logging_mixin.py:188} INFO - [2024-07-02T09:07:02.422+0000] {dag.py:3820} INFO - Setting next_dagrun for tutorial to 2024-07-01T00:00:00+00:00, run_after=2024-07-02T00:00:00+00:00
[2024-07-02T09:07:02.439+0000] {processor.py:183} INFO - Processing /home/airflow/.local/lib/python3.8/site-packages/airflow/example_dags/tutorial.py took 0.072 seconds
[2024-07-02T09:07:32.966+0000] {processor.py:161} INFO - Started process (PID=432) to work on /home/airflow/.local/lib/python3.8/site-packages/airflow/example_dags/tutorial.py
[2024-07-02T09:07:32.967+0000] {processor.py:830} INFO - Processing file /home/airflow/.local/lib/python3.8/site-packages/airflow/example_dags/tutorial.py for tasks to queue
[2024-07-02T09:07:32.970+0000] {logging_mixin.py:188} INFO - [2024-07-02T09:07:32.969+0000] {dagbag.py:538} INFO - Filling up the DagBag from /home/airflow/.local/lib/python3.8/site-packages/airflow/example_dags/tutorial.py
[2024-07-02T09:07:32.976+0000] {processor.py:840} INFO - DAG(s) 'tutorial' retrieved from /home/airflow/.local/lib/python3.8/site-packages/airflow/example_dags/tutorial.py
[2024-07-02T09:07:32.997+0000] {logging_mixin.py:188} INFO - [2024-07-02T09:07:32.997+0000] {dag.py:3033} INFO - Sync 1 DAGs
[2024-07-02T09:07:33.018+0000] {logging_mixin.py:188} INFO - [2024-07-02T09:07:33.018+0000] {dag.py:3820} INFO - Setting next_dagrun for tutorial to 2024-07-01T00:00:00+00:00, run_after=2024-07-02T00:00:00+00:00
[2024-07-02T09:07:33.035+0000] {processor.py:183} INFO - Processing /home/airflow/.local/lib/python3.8/site-packages/airflow/example_dags/tutorial.py took 0.073 seconds
[2024-07-02T09:08:03.520+0000] {processor.py:161} INFO - Started process (PID=487) to work on /home/airflow/.local/lib/python3.8/site-packages/airflow/example_dags/tutorial.py
[2024-07-02T09:08:03.521+0000] {processor.py:830} INFO - Processing file /home/airflow/.local/lib/python3.8/site-packages/airflow/example_dags/tutorial.py for tasks to queue
[2024-07-02T09:08:03.523+0000] {logging_mixin.py:188} INFO - [2024-07-02T09:08:03.523+0000] {dagbag.py:538} INFO - Filling up the DagBag from /home/airflow/.local/lib/python3.8/site-packages/airflow/example_dags/tutorial.py
[2024-07-02T09:08:03.529+0000] {processor.py:840} INFO - DAG(s) 'tutorial' retrieved from /home/airflow/.local/lib/python3.8/site-packages/airflow/example_dags/tutorial.py
[2024-07-02T09:08:03.551+0000] {logging_mixin.py:188} INFO - [2024-07-02T09:08:03.550+0000] {dag.py:3033} INFO - Sync 1 DAGs
[2024-07-02T09:08:03.571+0000] {logging_mixin.py:188} INFO - [2024-07-02T09:08:03.571+0000] {dag.py:3820} INFO - Setting next_dagrun for tutorial to 2024-07-01T00:00:00+00:00, run_after=2024-07-02T00:00:00+00:00
[2024-07-02T09:08:03.588+0000] {processor.py:183} INFO - Processing /home/airflow/.local/lib/python3.8/site-packages/airflow/example_dags/tutorial.py took 0.071 seconds
[2024-07-02T09:08:34.144+0000] {processor.py:161} INFO - Started process (PID=542) to work on /home/airflow/.local/lib/python3.8/site-packages/airflow/example_dags/tutorial.py
[2024-07-02T09:08:34.145+0000] {processor.py:830} INFO - Processing file /home/airflow/.local/lib/python3.8/site-packages/airflow/example_dags/tutorial.py for tasks to queue
[2024-07-02T09:08:34.146+0000] {logging_mixin.py:188} INFO - [2024-07-02T09:08:34.146+0000] {dagbag.py:538} INFO - Filling up the DagBag from /home/airflow/.local/lib/python3.8/site-packages/airflow/example_dags/tutorial.py
[2024-07-02T09:08:34.151+0000] {processor.py:840} INFO - DAG(s) 'tutorial' retrieved from /home/airflow/.local/lib/python3.8/site-packages/airflow/example_dags/tutorial.py
[2024-07-02T09:08:34.165+0000] {logging_mixin.py:188} INFO - [2024-07-02T09:08:34.165+0000] {dag.py:3033} INFO - Sync 1 DAGs
[2024-07-02T09:08:34.182+0000] {logging_mixin.py:188} INFO - [2024-07-02T09:08:34.182+0000] {dag.py:3820} INFO - Setting next_dagrun for tutorial to 2024-07-01T00:00:00+00:00, run_after=2024-07-02T00:00:00+00:00
[2024-07-02T09:08:34.197+0000] {processor.py:183} INFO - Processing /home/airflow/.local/lib/python3.8/site-packages/airflow/example_dags/tutorial.py took 0.055 seconds
[2024-07-02T09:09:04.720+0000] {processor.py:161} INFO - Started process (PID=597) to work on /home/airflow/.local/lib/python3.8/site-packages/airflow/example_dags/tutorial.py
[2024-07-02T09:09:04.721+0000] {processor.py:830} INFO - Processing file /home/airflow/.local/lib/python3.8/site-packages/airflow/example_dags/tutorial.py for tasks to queue
[2024-07-02T09:09:04.723+0000] {logging_mixin.py:188} INFO - [2024-07-02T09:09:04.723+0000] {dagbag.py:538} INFO - Filling up the DagBag from /home/airflow/.local/lib/python3.8/site-packages/airflow/example_dags/tutorial.py
[2024-07-02T09:09:04.730+0000] {processor.py:840} INFO - DAG(s) 'tutorial' retrieved from /home/airflow/.local/lib/python3.8/site-packages/airflow/example_dags/tutorial.py
[2024-07-02T09:09:04.755+0000] {logging_mixin.py:188} INFO - [2024-07-02T09:09:04.755+0000] {dag.py:3033} INFO - Sync 1 DAGs
[2024-07-02T09:09:04.779+0000] {logging_mixin.py:188} INFO - [2024-07-02T09:09:04.779+0000] {dag.py:3820} INFO - Setting next_dagrun for tutorial to 2024-07-01T00:00:00+00:00, run_after=2024-07-02T00:00:00+00:00
[2024-07-02T09:09:04.797+0000] {processor.py:183} INFO - Processing /home/airflow/.local/lib/python3.8/site-packages/airflow/example_dags/tutorial.py took 0.081 seconds
[2024-07-02T09:09:35.303+0000] {processor.py:161} INFO - Started process (PID=652) to work on /home/airflow/.local/lib/python3.8/site-packages/airflow/example_dags/tutorial.py
[2024-07-02T09:09:35.304+0000] {processor.py:830} INFO - Processing file /home/airflow/.local/lib/python3.8/site-packages/airflow/example_dags/tutorial.py for tasks to queue
[2024-07-02T09:09:35.306+0000] {logging_mixin.py:188} INFO - [2024-07-02T09:09:35.306+0000] {dagbag.py:538} INFO - Filling up the DagBag from /home/airflow/.local/lib/python3.8/site-packages/airflow/example_dags/tutorial.py
[2024-07-02T09:09:35.312+0000] {processor.py:840} INFO - DAG(s) 'tutorial' retrieved from /home/airflow/.local/lib/python3.8/site-packages/airflow/example_dags/tutorial.py
[2024-07-02T09:09:35.333+0000] {logging_mixin.py:188} INFO - [2024-07-02T09:09:35.333+0000] {dag.py:3033} INFO - Sync 1 DAGs
[2024-07-02T09:09:35.354+0000] {logging_mixin.py:188} INFO - [2024-07-02T09:09:35.354+0000] {dag.py:3820} INFO - Setting next_dagrun for tutorial to 2024-07-01T00:00:00+00:00, run_after=2024-07-02T00:00:00+00:00
[2024-07-02T09:09:35.372+0000] {processor.py:183} INFO - Processing /home/airflow/.local/lib/python3.8/site-packages/airflow/example_dags/tutorial.py took 0.073 seconds
[2024-07-02T09:10:05.614+0000] {processor.py:161} INFO - Started process (PID=707) to work on /home/airflow/.local/lib/python3.8/site-packages/airflow/example_dags/tutorial.py
[2024-07-02T09:10:05.615+0000] {processor.py:830} INFO - Processing file /home/airflow/.local/lib/python3.8/site-packages/airflow/example_dags/tutorial.py for tasks to queue
[2024-07-02T09:10:05.617+0000] {logging_mixin.py:188} INFO - [2024-07-02T09:10:05.616+0000] {dagbag.py:538} INFO - Filling up the DagBag from /home/airflow/.local/lib/python3.8/site-packages/airflow/example_dags/tutorial.py
[2024-07-02T09:10:05.623+0000] {processor.py:840} INFO - DAG(s) 'tutorial' retrieved from /home/airflow/.local/lib/python3.8/site-packages/airflow/example_dags/tutorial.py
[2024-07-02T09:10:05.647+0000] {logging_mixin.py:188} INFO - [2024-07-02T09:10:05.647+0000] {dag.py:3033} INFO - Sync 1 DAGs
[2024-07-02T09:10:05.672+0000] {logging_mixin.py:188} INFO - [2024-07-02T09:10:05.672+0000] {dag.py:3820} INFO - Setting next_dagrun for tutorial to 2024-07-01T00:00:00+00:00, run_after=2024-07-02T00:00:00+00:00
[2024-07-02T09:10:05.693+0000] {processor.py:183} INFO - Processing /home/airflow/.local/lib/python3.8/site-packages/airflow/example_dags/tutorial.py took 0.084 seconds
[2024-07-02T09:10:36.278+0000] {processor.py:161} INFO - Started process (PID=762) to work on /home/airflow/.local/lib/python3.8/site-packages/airflow/example_dags/tutorial.py
[2024-07-02T09:10:36.279+0000] {processor.py:830} INFO - Processing file /home/airflow/.local/lib/python3.8/site-packages/airflow/example_dags/tutorial.py for tasks to queue
[2024-07-02T09:10:36.281+0000] {logging_mixin.py:188} INFO - [2024-07-02T09:10:36.280+0000] {dagbag.py:538} INFO - Filling up the DagBag from /home/airflow/.local/lib/python3.8/site-packages/airflow/example_dags/tutorial.py
[2024-07-02T09:10:36.287+0000] {processor.py:840} INFO - DAG(s) 'tutorial' retrieved from /home/airflow/.local/lib/python3.8/site-packages/airflow/example_dags/tutorial.py
[2024-07-02T09:10:36.307+0000] {logging_mixin.py:188} INFO - [2024-07-02T09:10:36.307+0000] {dag.py:3033} INFO - Sync 1 DAGs
[2024-07-02T09:10:36.327+0000] {logging_mixin.py:188} INFO - [2024-07-02T09:10:36.327+0000] {dag.py:3820} INFO - Setting next_dagrun for tutorial to 2024-07-01T00:00:00+00:00, run_after=2024-07-02T00:00:00+00:00
[2024-07-02T09:10:36.344+0000] {processor.py:183} INFO - Processing /home/airflow/.local/lib/python3.8/site-packages/airflow/example_dags/tutorial.py took 0.070 seconds
[2024-07-02T09:11:06.841+0000] {processor.py:161} INFO - Started process (PID=817) to work on /home/airflow/.local/lib/python3.8/site-packages/airflow/example_dags/tutorial.py
[2024-07-02T09:11:06.842+0000] {processor.py:830} INFO - Processing file /home/airflow/.local/lib/python3.8/site-packages/airflow/example_dags/tutorial.py for tasks to queue
[2024-07-02T09:11:06.844+0000] {logging_mixin.py:188} INFO - [2024-07-02T09:11:06.843+0000] {dagbag.py:538} INFO - Filling up the DagBag from /home/airflow/.local/lib/python3.8/site-packages/airflow/example_dags/tutorial.py
[2024-07-02T09:11:06.849+0000] {processor.py:840} INFO - DAG(s) 'tutorial' retrieved from /home/airflow/.local/lib/python3.8/site-packages/airflow/example_dags/tutorial.py
[2024-07-02T09:11:06.867+0000] {logging_mixin.py:188} INFO - [2024-07-02T09:11:06.867+0000] {dag.py:3033} INFO - Sync 1 DAGs
[2024-07-02T09:11:06.885+0000] {logging_mixin.py:188} INFO - [2024-07-02T09:11:06.885+0000] {dag.py:3820} INFO - Setting next_dagrun for tutorial to 2024-07-01T00:00:00+00:00, run_after=2024-07-02T00:00:00+00:00
[2024-07-02T09:11:06.903+0000] {processor.py:183} INFO - Processing /home/airflow/.local/lib/python3.8/site-packages/airflow/example_dags/tutorial.py took 0.064 seconds
[2024-07-02T09:11:37.488+0000] {processor.py:161} INFO - Started process (PID=872) to work on /home/airflow/.local/lib/python3.8/site-packages/airflow/example_dags/tutorial.py
[2024-07-02T09:11:37.489+0000] {processor.py:830} INFO - Processing file /home/airflow/.local/lib/python3.8/site-packages/airflow/example_dags/tutorial.py for tasks to queue
[2024-07-02T09:11:37.493+0000] {logging_mixin.py:188} INFO - [2024-07-02T09:11:37.493+0000] {dagbag.py:538} INFO - Filling up the DagBag from /home/airflow/.local/lib/python3.8/site-packages/airflow/example_dags/tutorial.py
[2024-07-02T09:11:37.505+0000] {processor.py:840} INFO - DAG(s) 'tutorial' retrieved from /home/airflow/.local/lib/python3.8/site-packages/airflow/example_dags/tutorial.py
[2024-07-02T09:11:37.547+0000] {logging_mixin.py:188} INFO - [2024-07-02T09:11:37.546+0000] {dag.py:3033} INFO - Sync 1 DAGs
[2024-07-02T09:11:37.598+0000] {logging_mixin.py:188} INFO - [2024-07-02T09:11:37.598+0000] {dag.py:3820} INFO - Setting next_dagrun for tutorial to 2024-07-01T00:00:00+00:00, run_after=2024-07-02T00:00:00+00:00
[2024-07-02T09:11:37.639+0000] {processor.py:183} INFO - Processing /home/airflow/.local/lib/python3.8/site-packages/airflow/example_dags/tutorial.py took 0.157 seconds
[2024-07-02T09:12:07.730+0000] {processor.py:161} INFO - Started process (PID=927) to work on /home/airflow/.local/lib/python3.8/site-packages/airflow/example_dags/tutorial.py
[2024-07-02T09:12:07.731+0000] {processor.py:830} INFO - Processing file /home/airflow/.local/lib/python3.8/site-packages/airflow/example_dags/tutorial.py for tasks to queue
[2024-07-02T09:12:07.732+0000] {logging_mixin.py:188} INFO - [2024-07-02T09:12:07.732+0000] {dagbag.py:538} INFO - Filling up the DagBag from /home/airflow/.local/lib/python3.8/site-packages/airflow/example_dags/tutorial.py
[2024-07-02T09:12:07.738+0000] {processor.py:840} INFO - DAG(s) 'tutorial' retrieved from /home/airflow/.local/lib/python3.8/site-packages/airflow/example_dags/tutorial.py
[2024-07-02T09:12:07.755+0000] {logging_mixin.py:188} INFO - [2024-07-02T09:12:07.754+0000] {dag.py:3033} INFO - Sync 1 DAGs
[2024-07-02T09:12:07.775+0000] {logging_mixin.py:188} INFO - [2024-07-02T09:12:07.774+0000] {dag.py:3820} INFO - Setting next_dagrun for tutorial to 2024-07-01T00:00:00+00:00, run_after=2024-07-02T00:00:00+00:00
[2024-07-02T09:12:07.792+0000] {processor.py:183} INFO - Processing /home/airflow/.local/lib/python3.8/site-packages/airflow/example_dags/tutorial.py took 0.065 seconds
[2024-07-02T09:12:37.838+0000] {processor.py:161} INFO - Started process (PID=982) to work on /home/airflow/.local/lib/python3.8/site-packages/airflow/example_dags/tutorial.py
[2024-07-02T09:12:37.839+0000] {processor.py:830} INFO - Processing file /home/airflow/.local/lib/python3.8/site-packages/airflow/example_dags/tutorial.py for tasks to queue
[2024-07-02T09:12:37.842+0000] {logging_mixin.py:188} INFO - [2024-07-02T09:12:37.841+0000] {dagbag.py:538} INFO - Filling up the DagBag from /home/airflow/.local/lib/python3.8/site-packages/airflow/example_dags/tutorial.py
[2024-07-02T09:12:37.851+0000] {processor.py:840} INFO - DAG(s) 'tutorial' retrieved from /home/airflow/.local/lib/python3.8/site-packages/airflow/example_dags/tutorial.py
[2024-07-02T09:12:37.874+0000] {logging_mixin.py:188} INFO - [2024-07-02T09:12:37.873+0000] {dag.py:3033} INFO - Sync 1 DAGs
[2024-07-02T09:12:37.897+0000] {logging_mixin.py:188} INFO - [2024-07-02T09:12:37.897+0000] {dag.py:3820} INFO - Setting next_dagrun for tutorial to 2024-07-01T00:00:00+00:00, run_after=2024-07-02T00:00:00+00:00
[2024-07-02T09:12:37.924+0000] {processor.py:183} INFO - Processing /home/airflow/.local/lib/python3.8/site-packages/airflow/example_dags/tutorial.py took 0.089 seconds
[2024-07-02T09:13:08.634+0000] {processor.py:161} INFO - Started process (PID=1037) to work on /home/airflow/.local/lib/python3.8/site-packages/airflow/example_dags/tutorial.py
[2024-07-02T09:13:08.634+0000] {processor.py:830} INFO - Processing file /home/airflow/.local/lib/python3.8/site-packages/airflow/example_dags/tutorial.py for tasks to queue
[2024-07-02T09:13:08.636+0000] {logging_mixin.py:188} INFO - [2024-07-02T09:13:08.636+0000] {dagbag.py:538} INFO - Filling up the DagBag from /home/airflow/.local/lib/python3.8/site-packages/airflow/example_dags/tutorial.py
[2024-07-02T09:13:08.642+0000] {processor.py:840} INFO - DAG(s) 'tutorial' retrieved from /home/airflow/.local/lib/python3.8/site-packages/airflow/example_dags/tutorial.py
[2024-07-02T09:13:08.663+0000] {logging_mixin.py:188} INFO - [2024-07-02T09:13:08.663+0000] {dag.py:3033} INFO - Sync 1 DAGs
[2024-07-02T09:13:08.689+0000] {logging_mixin.py:188} INFO - [2024-07-02T09:13:08.689+0000] {dag.py:3820} INFO - Setting next_dagrun for tutorial to 2024-07-01T00:00:00+00:00, run_after=2024-07-02T00:00:00+00:00
[2024-07-02T09:13:08.709+0000] {processor.py:183} INFO - Processing /home/airflow/.local/lib/python3.8/site-packages/airflow/example_dags/tutorial.py took 0.078 seconds
[2024-07-02T09:13:39.123+0000] {processor.py:161} INFO - Started process (PID=1092) to work on /home/airflow/.local/lib/python3.8/site-packages/airflow/example_dags/tutorial.py
[2024-07-02T09:13:39.124+0000] {processor.py:830} INFO - Processing file /home/airflow/.local/lib/python3.8/site-packages/airflow/example_dags/tutorial.py for tasks to queue
[2024-07-02T09:13:39.127+0000] {logging_mixin.py:188} INFO - [2024-07-02T09:13:39.126+0000] {dagbag.py:538} INFO - Filling up the DagBag from /home/airflow/.local/lib/python3.8/site-packages/airflow/example_dags/tutorial.py
[2024-07-02T09:13:39.134+0000] {processor.py:840} INFO - DAG(s) 'tutorial' retrieved from /home/airflow/.local/lib/python3.8/site-packages/airflow/example_dags/tutorial.py
[2024-07-02T09:13:39.155+0000] {logging_mixin.py:188} INFO - [2024-07-02T09:13:39.155+0000] {dag.py:3033} INFO - Sync 1 DAGs
[2024-07-02T09:13:39.175+0000] {logging_mixin.py:188} INFO - [2024-07-02T09:13:39.175+0000] {dag.py:3820} INFO - Setting next_dagrun for tutorial to 2024-07-01T00:00:00+00:00, run_after=2024-07-02T00:00:00+00:00
[2024-07-02T09:13:39.193+0000] {processor.py:183} INFO - Processing /home/airflow/.local/lib/python3.8/site-packages/airflow/example_dags/tutorial.py took 0.073 seconds
[2024-07-02T09:14:09.734+0000] {processor.py:161} INFO - Started process (PID=1147) to work on /home/airflow/.local/lib/python3.8/site-packages/airflow/example_dags/tutorial.py
[2024-07-02T09:14:09.735+0000] {processor.py:830} INFO - Processing file /home/airflow/.local/lib/python3.8/site-packages/airflow/example_dags/tutorial.py for tasks to queue
[2024-07-02T09:14:09.738+0000] {logging_mixin.py:188} INFO - [2024-07-02T09:14:09.738+0000] {dagbag.py:538} INFO - Filling up the DagBag from /home/airflow/.local/lib/python3.8/site-packages/airflow/example_dags/tutorial.py
[2024-07-02T09:14:09.747+0000] {processor.py:840} INFO - DAG(s) 'tutorial' retrieved from /home/airflow/.local/lib/python3.8/site-packages/airflow/example_dags/tutorial.py
[2024-07-02T09:14:09.768+0000] {logging_mixin.py:188} INFO - [2024-07-02T09:14:09.768+0000] {dag.py:3033} INFO - Sync 1 DAGs
[2024-07-02T09:14:09.788+0000] {logging_mixin.py:188} INFO - [2024-07-02T09:14:09.788+0000] {dag.py:3820} INFO - Setting next_dagrun for tutorial to 2024-07-01T00:00:00+00:00, run_after=2024-07-02T00:00:00+00:00
[2024-07-02T09:14:09.811+0000] {processor.py:183} INFO - Processing /home/airflow/.local/lib/python3.8/site-packages/airflow/example_dags/tutorial.py took 0.083 seconds
[2024-07-02T09:14:40.096+0000] {processor.py:161} INFO - Started process (PID=1202) to work on /home/airflow/.local/lib/python3.8/site-packages/airflow/example_dags/tutorial.py
[2024-07-02T09:14:40.097+0000] {processor.py:830} INFO - Processing file /home/airflow/.local/lib/python3.8/site-packages/airflow/example_dags/tutorial.py for tasks to queue
[2024-07-02T09:14:40.099+0000] {logging_mixin.py:188} INFO - [2024-07-02T09:14:40.099+0000] {dagbag.py:538} INFO - Filling up the DagBag from /home/airflow/.local/lib/python3.8/site-packages/airflow/example_dags/tutorial.py
[2024-07-02T09:14:40.107+0000] {processor.py:840} INFO - DAG(s) 'tutorial' retrieved from /home/airflow/.local/lib/python3.8/site-packages/airflow/example_dags/tutorial.py
[2024-07-02T09:14:40.137+0000] {logging_mixin.py:188} INFO - [2024-07-02T09:14:40.136+0000] {dag.py:3033} INFO - Sync 1 DAGs
[2024-07-02T09:14:40.160+0000] {logging_mixin.py:188} INFO - [2024-07-02T09:14:40.160+0000] {dag.py:3820} INFO - Setting next_dagrun for tutorial to 2024-07-01T00:00:00+00:00, run_after=2024-07-02T00:00:00+00:00
[2024-07-02T09:14:40.178+0000] {processor.py:183} INFO - Processing /home/airflow/.local/lib/python3.8/site-packages/airflow/example_dags/tutorial.py took 0.085 seconds
[2024-07-02T09:15:10.686+0000] {processor.py:161} INFO - Started process (PID=1257) to work on /home/airflow/.local/lib/python3.8/site-packages/airflow/example_dags/tutorial.py
[2024-07-02T09:15:10.687+0000] {processor.py:830} INFO - Processing file /home/airflow/.local/lib/python3.8/site-packages/airflow/example_dags/tutorial.py for tasks to queue
[2024-07-02T09:15:10.690+0000] {logging_mixin.py:188} INFO - [2024-07-02T09:15:10.689+0000] {dagbag.py:538} INFO - Filling up the DagBag from /home/airflow/.local/lib/python3.8/site-packages/airflow/example_dags/tutorial.py
[2024-07-02T09:15:10.696+0000] {processor.py:840} INFO - DAG(s) 'tutorial' retrieved from /home/airflow/.local/lib/python3.8/site-packages/airflow/example_dags/tutorial.py
[2024-07-02T09:15:10.718+0000] {logging_mixin.py:188} INFO - [2024-07-02T09:15:10.717+0000] {dag.py:3033} INFO - Sync 1 DAGs
[2024-07-02T09:15:10.739+0000] {logging_mixin.py:188} INFO - [2024-07-02T09:15:10.739+0000] {dag.py:3820} INFO - Setting next_dagrun for tutorial to 2024-07-01T00:00:00+00:00, run_after=2024-07-02T00:00:00+00:00
[2024-07-02T09:15:10.756+0000] {processor.py:183} INFO - Processing /home/airflow/.local/lib/python3.8/site-packages/airflow/example_dags/tutorial.py took 0.073 seconds
[2024-07-02T09:15:41.103+0000] {processor.py:161} INFO - Started process (PID=1312) to work on /home/airflow/.local/lib/python3.8/site-packages/airflow/example_dags/tutorial.py
[2024-07-02T09:15:41.104+0000] {processor.py:830} INFO - Processing file /home/airflow/.local/lib/python3.8/site-packages/airflow/example_dags/tutorial.py for tasks to queue
[2024-07-02T09:15:41.106+0000] {logging_mixin.py:188} INFO - [2024-07-02T09:15:41.106+0000] {dagbag.py:538} INFO - Filling up the DagBag from /home/airflow/.local/lib/python3.8/site-packages/airflow/example_dags/tutorial.py
[2024-07-02T09:15:41.112+0000] {processor.py:840} INFO - DAG(s) 'tutorial' retrieved from /home/airflow/.local/lib/python3.8/site-packages/airflow/example_dags/tutorial.py
[2024-07-02T09:15:41.135+0000] {logging_mixin.py:188} INFO - [2024-07-02T09:15:41.135+0000] {dag.py:3033} INFO - Sync 1 DAGs
[2024-07-02T09:15:41.159+0000] {logging_mixin.py:188} INFO - [2024-07-02T09:15:41.159+0000] {dag.py:3820} INFO - Setting next_dagrun for tutorial to 2024-07-01T00:00:00+00:00, run_after=2024-07-02T00:00:00+00:00
[2024-07-02T09:15:41.176+0000] {processor.py:183} INFO - Processing /home/airflow/.local/lib/python3.8/site-packages/airflow/example_dags/tutorial.py took 0.076 seconds
[2024-07-02T09:16:11.724+0000] {processor.py:161} INFO - Started process (PID=1366) to work on /home/airflow/.local/lib/python3.8/site-packages/airflow/example_dags/tutorial.py
[2024-07-02T09:16:11.725+0000] {processor.py:830} INFO - Processing file /home/airflow/.local/lib/python3.8/site-packages/airflow/example_dags/tutorial.py for tasks to queue
[2024-07-02T09:16:11.727+0000] {logging_mixin.py:188} INFO - [2024-07-02T09:16:11.727+0000] {dagbag.py:538} INFO - Filling up the DagBag from /home/airflow/.local/lib/python3.8/site-packages/airflow/example_dags/tutorial.py
[2024-07-02T09:16:11.733+0000] {processor.py:840} INFO - DAG(s) 'tutorial' retrieved from /home/airflow/.local/lib/python3.8/site-packages/airflow/example_dags/tutorial.py
[2024-07-02T09:16:11.754+0000] {logging_mixin.py:188} INFO - [2024-07-02T09:16:11.754+0000] {dag.py:3033} INFO - Sync 1 DAGs
[2024-07-02T09:16:11.778+0000] {logging_mixin.py:188} INFO - [2024-07-02T09:16:11.778+0000] {dag.py:3820} INFO - Setting next_dagrun for tutorial to 2024-07-01T00:00:00+00:00, run_after=2024-07-02T00:00:00+00:00
[2024-07-02T09:16:11.796+0000] {processor.py:183} INFO - Processing /home/airflow/.local/lib/python3.8/site-packages/airflow/example_dags/tutorial.py took 0.076 seconds
[2024-07-02T09:16:42.336+0000] {processor.py:161} INFO - Started process (PID=1421) to work on /home/airflow/.local/lib/python3.8/site-packages/airflow/example_dags/tutorial.py
[2024-07-02T09:16:42.336+0000] {processor.py:830} INFO - Processing file /home/airflow/.local/lib/python3.8/site-packages/airflow/example_dags/tutorial.py for tasks to queue
[2024-07-02T09:16:42.338+0000] {logging_mixin.py:188} INFO - [2024-07-02T09:16:42.338+0000] {dagbag.py:538} INFO - Filling up the DagBag from /home/airflow/.local/lib/python3.8/site-packages/airflow/example_dags/tutorial.py
[2024-07-02T09:16:42.345+0000] {processor.py:840} INFO - DAG(s) 'tutorial' retrieved from /home/airflow/.local/lib/python3.8/site-packages/airflow/example_dags/tutorial.py
[2024-07-02T09:16:42.366+0000] {logging_mixin.py:188} INFO - [2024-07-02T09:16:42.366+0000] {dag.py:3033} INFO - Sync 1 DAGs
[2024-07-02T09:16:42.387+0000] {logging_mixin.py:188} INFO - [2024-07-02T09:16:42.387+0000] {dag.py:3820} INFO - Setting next_dagrun for tutorial to 2024-07-01T00:00:00+00:00, run_after=2024-07-02T00:00:00+00:00
[2024-07-02T09:16:42.404+0000] {processor.py:183} INFO - Processing /home/airflow/.local/lib/python3.8/site-packages/airflow/example_dags/tutorial.py took 0.072 seconds
[2024-07-02T09:17:12.839+0000] {processor.py:161} INFO - Started process (PID=1476) to work on /home/airflow/.local/lib/python3.8/site-packages/airflow/example_dags/tutorial.py
[2024-07-02T09:17:12.840+0000] {processor.py:830} INFO - Processing file /home/airflow/.local/lib/python3.8/site-packages/airflow/example_dags/tutorial.py for tasks to queue
[2024-07-02T09:17:12.841+0000] {logging_mixin.py:188} INFO - [2024-07-02T09:17:12.841+0000] {dagbag.py:538} INFO - Filling up the DagBag from /home/airflow/.local/lib/python3.8/site-packages/airflow/example_dags/tutorial.py
[2024-07-02T09:17:12.846+0000] {processor.py:840} INFO - DAG(s) 'tutorial' retrieved from /home/airflow/.local/lib/python3.8/site-packages/airflow/example_dags/tutorial.py
[2024-07-02T09:17:12.869+0000] {logging_mixin.py:188} INFO - [2024-07-02T09:17:12.868+0000] {dag.py:3033} INFO - Sync 1 DAGs
[2024-07-02T09:17:12.892+0000] {logging_mixin.py:188} INFO - [2024-07-02T09:17:12.892+0000] {dag.py:3820} INFO - Setting next_dagrun for tutorial to 2024-07-01T00:00:00+00:00, run_after=2024-07-02T00:00:00+00:00
[2024-07-02T09:17:12.909+0000] {processor.py:183} INFO - Processing /home/airflow/.local/lib/python3.8/site-packages/airflow/example_dags/tutorial.py took 0.073 seconds
[2024-07-02T09:17:43.292+0000] {processor.py:161} INFO - Started process (PID=1532) to work on /home/airflow/.local/lib/python3.8/site-packages/airflow/example_dags/tutorial.py
[2024-07-02T09:17:43.292+0000] {processor.py:830} INFO - Processing file /home/airflow/.local/lib/python3.8/site-packages/airflow/example_dags/tutorial.py for tasks to queue
[2024-07-02T09:17:43.294+0000] {logging_mixin.py:188} INFO - [2024-07-02T09:17:43.294+0000] {dagbag.py:538} INFO - Filling up the DagBag from /home/airflow/.local/lib/python3.8/site-packages/airflow/example_dags/tutorial.py
[2024-07-02T09:17:43.301+0000] {processor.py:840} INFO - DAG(s) 'tutorial' retrieved from /home/airflow/.local/lib/python3.8/site-packages/airflow/example_dags/tutorial.py
[2024-07-02T09:17:43.321+0000] {logging_mixin.py:188} INFO - [2024-07-02T09:17:43.321+0000] {dag.py:3033} INFO - Sync 1 DAGs
[2024-07-02T09:17:43.341+0000] {logging_mixin.py:188} INFO - [2024-07-02T09:17:43.341+0000] {dag.py:3820} INFO - Setting next_dagrun for tutorial to 2024-07-01T00:00:00+00:00, run_after=2024-07-02T00:00:00+00:00
[2024-07-02T09:17:43.357+0000] {processor.py:183} INFO - Processing /home/airflow/.local/lib/python3.8/site-packages/airflow/example_dags/tutorial.py took 0.068 seconds
[2024-07-02T09:18:13.766+0000] {processor.py:161} INFO - Started process (PID=1587) to work on /home/airflow/.local/lib/python3.8/site-packages/airflow/example_dags/tutorial.py
[2024-07-02T09:18:13.767+0000] {processor.py:830} INFO - Processing file /home/airflow/.local/lib/python3.8/site-packages/airflow/example_dags/tutorial.py for tasks to queue
[2024-07-02T09:18:13.769+0000] {logging_mixin.py:188} INFO - [2024-07-02T09:18:13.768+0000] {dagbag.py:538} INFO - Filling up the DagBag from /home/airflow/.local/lib/python3.8/site-packages/airflow/example_dags/tutorial.py
[2024-07-02T09:18:13.774+0000] {processor.py:840} INFO - DAG(s) 'tutorial' retrieved from /home/airflow/.local/lib/python3.8/site-packages/airflow/example_dags/tutorial.py
[2024-07-02T09:18:13.791+0000] {logging_mixin.py:188} INFO - [2024-07-02T09:18:13.791+0000] {dag.py:3033} INFO - Sync 1 DAGs
[2024-07-02T09:18:13.810+0000] {logging_mixin.py:188} INFO - [2024-07-02T09:18:13.810+0000] {dag.py:3820} INFO - Setting next_dagrun for tutorial to 2024-07-01T00:00:00+00:00, run_after=2024-07-02T00:00:00+00:00
[2024-07-02T09:18:13.827+0000] {processor.py:183} INFO - Processing /home/airflow/.local/lib/python3.8/site-packages/airflow/example_dags/tutorial.py took 0.063 seconds
[2024-07-02T09:18:44.205+0000] {processor.py:161} INFO - Started process (PID=1642) to work on /home/airflow/.local/lib/python3.8/site-packages/airflow/example_dags/tutorial.py
[2024-07-02T09:18:44.206+0000] {processor.py:830} INFO - Processing file /home/airflow/.local/lib/python3.8/site-packages/airflow/example_dags/tutorial.py for tasks to queue
[2024-07-02T09:18:44.208+0000] {logging_mixin.py:188} INFO - [2024-07-02T09:18:44.208+0000] {dagbag.py:538} INFO - Filling up the DagBag from /home/airflow/.local/lib/python3.8/site-packages/airflow/example_dags/tutorial.py
[2024-07-02T09:18:44.214+0000] {processor.py:840} INFO - DAG(s) 'tutorial' retrieved from /home/airflow/.local/lib/python3.8/site-packages/airflow/example_dags/tutorial.py
[2024-07-02T09:18:44.241+0000] {logging_mixin.py:188} INFO - [2024-07-02T09:18:44.241+0000] {dag.py:3033} INFO - Sync 1 DAGs
[2024-07-02T09:18:44.270+0000] {logging_mixin.py:188} INFO - [2024-07-02T09:18:44.270+0000] {dag.py:3820} INFO - Setting next_dagrun for tutorial to 2024-07-01T00:00:00+00:00, run_after=2024-07-02T00:00:00+00:00
[2024-07-02T09:18:44.291+0000] {processor.py:183} INFO - Processing /home/airflow/.local/lib/python3.8/site-packages/airflow/example_dags/tutorial.py took 0.089 seconds
[2024-07-02T09:19:14.627+0000] {processor.py:161} INFO - Started process (PID=1697) to work on /home/airflow/.local/lib/python3.8/site-packages/airflow/example_dags/tutorial.py
[2024-07-02T09:19:14.628+0000] {processor.py:830} INFO - Processing file /home/airflow/.local/lib/python3.8/site-packages/airflow/example_dags/tutorial.py for tasks to queue
[2024-07-02T09:19:14.631+0000] {logging_mixin.py:188} INFO - [2024-07-02T09:19:14.630+0000] {dagbag.py:538} INFO - Filling up the DagBag from /home/airflow/.local/lib/python3.8/site-packages/airflow/example_dags/tutorial.py
[2024-07-02T09:19:14.639+0000] {processor.py:840} INFO - DAG(s) 'tutorial' retrieved from /home/airflow/.local/lib/python3.8/site-packages/airflow/example_dags/tutorial.py
[2024-07-02T09:19:14.667+0000] {logging_mixin.py:188} INFO - [2024-07-02T09:19:14.667+0000] {dag.py:3033} INFO - Sync 1 DAGs
[2024-07-02T09:19:14.696+0000] {logging_mixin.py:188} INFO - [2024-07-02T09:19:14.696+0000] {dag.py:3820} INFO - Setting next_dagrun for tutorial to 2024-07-01T00:00:00+00:00, run_after=2024-07-02T00:00:00+00:00
[2024-07-02T09:19:14.716+0000] {processor.py:183} INFO - Processing /home/airflow/.local/lib/python3.8/site-packages/airflow/example_dags/tutorial.py took 0.093 seconds
[2024-07-02T09:19:44.897+0000] {processor.py:161} INFO - Started process (PID=1751) to work on /home/airflow/.local/lib/python3.8/site-packages/airflow/example_dags/tutorial.py
[2024-07-02T09:19:44.898+0000] {processor.py:830} INFO - Processing file /home/airflow/.local/lib/python3.8/site-packages/airflow/example_dags/tutorial.py for tasks to queue
[2024-07-02T09:19:44.900+0000] {logging_mixin.py:188} INFO - [2024-07-02T09:19:44.899+0000] {dagbag.py:538} INFO - Filling up the DagBag from /home/airflow/.local/lib/python3.8/site-packages/airflow/example_dags/tutorial.py
[2024-07-02T09:19:44.905+0000] {processor.py:840} INFO - DAG(s) 'tutorial' retrieved from /home/airflow/.local/lib/python3.8/site-packages/airflow/example_dags/tutorial.py
[2024-07-02T09:19:44.922+0000] {logging_mixin.py:188} INFO - [2024-07-02T09:19:44.922+0000] {dag.py:3033} INFO - Sync 1 DAGs
[2024-07-02T09:19:44.941+0000] {logging_mixin.py:188} INFO - [2024-07-02T09:19:44.941+0000] {dag.py:3820} INFO - Setting next_dagrun for tutorial to 2024-07-01T00:00:00+00:00, run_after=2024-07-02T00:00:00+00:00
[2024-07-02T09:19:44.958+0000] {processor.py:183} INFO - Processing /home/airflow/.local/lib/python3.8/site-packages/airflow/example_dags/tutorial.py took 0.064 seconds
[2024-07-02T09:20:15.589+0000] {processor.py:161} INFO - Started process (PID=1805) to work on /home/airflow/.local/lib/python3.8/site-packages/airflow/example_dags/tutorial.py
[2024-07-02T09:20:15.589+0000] {processor.py:830} INFO - Processing file /home/airflow/.local/lib/python3.8/site-packages/airflow/example_dags/tutorial.py for tasks to queue
[2024-07-02T09:20:15.591+0000] {logging_mixin.py:188} INFO - [2024-07-02T09:20:15.591+0000] {dagbag.py:538} INFO - Filling up the DagBag from /home/airflow/.local/lib/python3.8/site-packages/airflow/example_dags/tutorial.py
[2024-07-02T09:20:15.596+0000] {processor.py:840} INFO - DAG(s) 'tutorial' retrieved from /home/airflow/.local/lib/python3.8/site-packages/airflow/example_dags/tutorial.py
[2024-07-02T09:20:15.619+0000] {logging_mixin.py:188} INFO - [2024-07-02T09:20:15.619+0000] {dag.py:3033} INFO - Sync 1 DAGs
[2024-07-02T09:20:15.643+0000] {logging_mixin.py:188} INFO - [2024-07-02T09:20:15.642+0000] {dag.py:3820} INFO - Setting next_dagrun for tutorial to 2024-07-01T00:00:00+00:00, run_after=2024-07-02T00:00:00+00:00
[2024-07-02T09:20:15.668+0000] {processor.py:183} INFO - Processing /home/airflow/.local/lib/python3.8/site-packages/airflow/example_dags/tutorial.py took 0.082 seconds
[2024-07-02T09:20:46.078+0000] {processor.py:161} INFO - Started process (PID=1860) to work on /home/airflow/.local/lib/python3.8/site-packages/airflow/example_dags/tutorial.py
[2024-07-02T09:20:46.079+0000] {processor.py:830} INFO - Processing file /home/airflow/.local/lib/python3.8/site-packages/airflow/example_dags/tutorial.py for tasks to queue
[2024-07-02T09:20:46.080+0000] {logging_mixin.py:188} INFO - [2024-07-02T09:20:46.080+0000] {dagbag.py:538} INFO - Filling up the DagBag from /home/airflow/.local/lib/python3.8/site-packages/airflow/example_dags/tutorial.py
[2024-07-02T09:20:46.085+0000] {processor.py:840} INFO - DAG(s) 'tutorial' retrieved from /home/airflow/.local/lib/python3.8/site-packages/airflow/example_dags/tutorial.py
[2024-07-02T09:20:46.102+0000] {logging_mixin.py:188} INFO - [2024-07-02T09:20:46.102+0000] {dag.py:3033} INFO - Sync 1 DAGs
[2024-07-02T09:20:46.120+0000] {logging_mixin.py:188} INFO - [2024-07-02T09:20:46.120+0000] {dag.py:3820} INFO - Setting next_dagrun for tutorial to 2024-07-01T00:00:00+00:00, run_after=2024-07-02T00:00:00+00:00
[2024-07-02T09:20:46.138+0000] {processor.py:183} INFO - Processing /home/airflow/.local/lib/python3.8/site-packages/airflow/example_dags/tutorial.py took 0.063 seconds
[2024-07-02T09:21:16.188+0000] {processor.py:161} INFO - Started process (PID=1915) to work on /home/airflow/.local/lib/python3.8/site-packages/airflow/example_dags/tutorial.py
[2024-07-02T09:21:16.189+0000] {processor.py:830} INFO - Processing file /home/airflow/.local/lib/python3.8/site-packages/airflow/example_dags/tutorial.py for tasks to queue
[2024-07-02T09:21:16.191+0000] {logging_mixin.py:188} INFO - [2024-07-02T09:21:16.190+0000] {dagbag.py:538} INFO - Filling up the DagBag from /home/airflow/.local/lib/python3.8/site-packages/airflow/example_dags/tutorial.py
[2024-07-02T09:21:16.195+0000] {processor.py:840} INFO - DAG(s) 'tutorial' retrieved from /home/airflow/.local/lib/python3.8/site-packages/airflow/example_dags/tutorial.py
[2024-07-02T09:21:16.213+0000] {logging_mixin.py:188} INFO - [2024-07-02T09:21:16.213+0000] {dag.py:3033} INFO - Sync 1 DAGs
[2024-07-02T09:21:16.232+0000] {logging_mixin.py:188} INFO - [2024-07-02T09:21:16.232+0000] {dag.py:3820} INFO - Setting next_dagrun for tutorial to 2024-07-01T00:00:00+00:00, run_after=2024-07-02T00:00:00+00:00
[2024-07-02T09:21:16.248+0000] {processor.py:183} INFO - Processing /home/airflow/.local/lib/python3.8/site-packages/airflow/example_dags/tutorial.py took 0.062 seconds
[2024-07-02T09:21:46.641+0000] {processor.py:161} INFO - Started process (PID=1969) to work on /home/airflow/.local/lib/python3.8/site-packages/airflow/example_dags/tutorial.py
[2024-07-02T09:21:46.642+0000] {processor.py:830} INFO - Processing file /home/airflow/.local/lib/python3.8/site-packages/airflow/example_dags/tutorial.py for tasks to queue
[2024-07-02T09:21:46.644+0000] {logging_mixin.py:188} INFO - [2024-07-02T09:21:46.644+0000] {dagbag.py:538} INFO - Filling up the DagBag from /home/airflow/.local/lib/python3.8/site-packages/airflow/example_dags/tutorial.py
[2024-07-02T09:21:46.649+0000] {processor.py:840} INFO - DAG(s) 'tutorial' retrieved from /home/airflow/.local/lib/python3.8/site-packages/airflow/example_dags/tutorial.py
[2024-07-02T09:21:46.667+0000] {logging_mixin.py:188} INFO - [2024-07-02T09:21:46.667+0000] {dag.py:3033} INFO - Sync 1 DAGs
[2024-07-02T09:21:46.697+0000] {logging_mixin.py:188} INFO - [2024-07-02T09:21:46.697+0000] {dag.py:3820} INFO - Setting next_dagrun for tutorial to 2024-07-01T00:00:00+00:00, run_after=2024-07-02T00:00:00+00:00
[2024-07-02T09:21:46.724+0000] {processor.py:183} INFO - Processing /home/airflow/.local/lib/python3.8/site-packages/airflow/example_dags/tutorial.py took 0.085 seconds
[2024-07-02T09:22:16.792+0000] {processor.py:161} INFO - Started process (PID=2024) to work on /home/airflow/.local/lib/python3.8/site-packages/airflow/example_dags/tutorial.py
[2024-07-02T09:22:16.793+0000] {processor.py:830} INFO - Processing file /home/airflow/.local/lib/python3.8/site-packages/airflow/example_dags/tutorial.py for tasks to queue
[2024-07-02T09:22:16.794+0000] {logging_mixin.py:188} INFO - [2024-07-02T09:22:16.794+0000] {dagbag.py:538} INFO - Filling up the DagBag from /home/airflow/.local/lib/python3.8/site-packages/airflow/example_dags/tutorial.py
[2024-07-02T09:22:16.799+0000] {processor.py:840} INFO - DAG(s) 'tutorial' retrieved from /home/airflow/.local/lib/python3.8/site-packages/airflow/example_dags/tutorial.py
[2024-07-02T09:22:16.816+0000] {logging_mixin.py:188} INFO - [2024-07-02T09:22:16.816+0000] {dag.py:3033} INFO - Sync 1 DAGs
[2024-07-02T09:22:16.836+0000] {logging_mixin.py:188} INFO - [2024-07-02T09:22:16.836+0000] {dag.py:3820} INFO - Setting next_dagrun for tutorial to 2024-07-01T00:00:00+00:00, run_after=2024-07-02T00:00:00+00:00
[2024-07-02T09:22:16.855+0000] {processor.py:183} INFO - Processing /home/airflow/.local/lib/python3.8/site-packages/airflow/example_dags/tutorial.py took 0.065 seconds
[2024-07-02T09:22:47.319+0000] {processor.py:161} INFO - Started process (PID=2079) to work on /home/airflow/.local/lib/python3.8/site-packages/airflow/example_dags/tutorial.py
[2024-07-02T09:22:47.320+0000] {processor.py:830} INFO - Processing file /home/airflow/.local/lib/python3.8/site-packages/airflow/example_dags/tutorial.py for tasks to queue
[2024-07-02T09:22:47.322+0000] {logging_mixin.py:188} INFO - [2024-07-02T09:22:47.322+0000] {dagbag.py:538} INFO - Filling up the DagBag from /home/airflow/.local/lib/python3.8/site-packages/airflow/example_dags/tutorial.py
[2024-07-02T09:22:47.328+0000] {processor.py:840} INFO - DAG(s) 'tutorial' retrieved from /home/airflow/.local/lib/python3.8/site-packages/airflow/example_dags/tutorial.py
[2024-07-02T09:22:47.348+0000] {logging_mixin.py:188} INFO - [2024-07-02T09:22:47.348+0000] {dag.py:3033} INFO - Sync 1 DAGs
[2024-07-02T09:22:47.374+0000] {logging_mixin.py:188} INFO - [2024-07-02T09:22:47.373+0000] {dag.py:3820} INFO - Setting next_dagrun for tutorial to 2024-07-01T00:00:00+00:00, run_after=2024-07-02T00:00:00+00:00
[2024-07-02T09:22:47.404+0000] {processor.py:183} INFO - Processing /home/airflow/.local/lib/python3.8/site-packages/airflow/example_dags/tutorial.py took 0.087 seconds
[2024-07-02T09:23:17.520+0000] {processor.py:161} INFO - Started process (PID=2134) to work on /home/airflow/.local/lib/python3.8/site-packages/airflow/example_dags/tutorial.py
[2024-07-02T09:23:17.521+0000] {processor.py:830} INFO - Processing file /home/airflow/.local/lib/python3.8/site-packages/airflow/example_dags/tutorial.py for tasks to queue
[2024-07-02T09:23:17.523+0000] {logging_mixin.py:188} INFO - [2024-07-02T09:23:17.523+0000] {dagbag.py:538} INFO - Filling up the DagBag from /home/airflow/.local/lib/python3.8/site-packages/airflow/example_dags/tutorial.py
[2024-07-02T09:23:17.527+0000] {processor.py:840} INFO - DAG(s) 'tutorial' retrieved from /home/airflow/.local/lib/python3.8/site-packages/airflow/example_dags/tutorial.py
[2024-07-02T09:23:17.544+0000] {logging_mixin.py:188} INFO - [2024-07-02T09:23:17.543+0000] {dag.py:3033} INFO - Sync 1 DAGs
[2024-07-02T09:23:17.563+0000] {logging_mixin.py:188} INFO - [2024-07-02T09:23:17.562+0000] {dag.py:3820} INFO - Setting next_dagrun for tutorial to 2024-07-01T00:00:00+00:00, run_after=2024-07-02T00:00:00+00:00
[2024-07-02T09:23:17.579+0000] {processor.py:183} INFO - Processing /home/airflow/.local/lib/python3.8/site-packages/airflow/example_dags/tutorial.py took 0.061 seconds
[2024-07-02T09:23:47.837+0000] {processor.py:161} INFO - Started process (PID=2189) to work on /home/airflow/.local/lib/python3.8/site-packages/airflow/example_dags/tutorial.py
[2024-07-02T09:23:47.837+0000] {processor.py:830} INFO - Processing file /home/airflow/.local/lib/python3.8/site-packages/airflow/example_dags/tutorial.py for tasks to queue
[2024-07-02T09:23:47.839+0000] {logging_mixin.py:188} INFO - [2024-07-02T09:23:47.839+0000] {dagbag.py:538} INFO - Filling up the DagBag from /home/airflow/.local/lib/python3.8/site-packages/airflow/example_dags/tutorial.py
[2024-07-02T09:23:47.844+0000] {processor.py:840} INFO - DAG(s) 'tutorial' retrieved from /home/airflow/.local/lib/python3.8/site-packages/airflow/example_dags/tutorial.py
[2024-07-02T09:23:47.866+0000] {logging_mixin.py:188} INFO - [2024-07-02T09:23:47.866+0000] {dag.py:3033} INFO - Sync 1 DAGs
[2024-07-02T09:23:47.893+0000] {logging_mixin.py:188} INFO - [2024-07-02T09:23:47.893+0000] {dag.py:3820} INFO - Setting next_dagrun for tutorial to 2024-07-01T00:00:00+00:00, run_after=2024-07-02T00:00:00+00:00
[2024-07-02T09:23:47.917+0000] {processor.py:183} INFO - Processing /home/airflow/.local/lib/python3.8/site-packages/airflow/example_dags/tutorial.py took 0.083 seconds
