[2024-07-02T09:04:05.392+0000] {processor.py:161} INFO - Started process (PID=81) to work on /home/airflow/.local/lib/python3.8/site-packages/airflow/example_dags/tutorial_objectstorage.py
[2024-07-02T09:04:05.393+0000] {processor.py:830} INFO - Processing file /home/airflow/.local/lib/python3.8/site-packages/airflow/example_dags/tutorial_objectstorage.py for tasks to queue
[2024-07-02T09:04:05.396+0000] {logging_mixin.py:188} INFO - [2024-07-02T09:04:05.395+0000] {dagbag.py:538} INFO - Filling up the DagBag from /home/airflow/.local/lib/python3.8/site-packages/airflow/example_dags/tutorial_objectstorage.py
[2024-07-02T09:04:05.406+0000] {processor.py:840} INFO - DAG(s) 'tutorial_objectstorage' retrieved from /home/airflow/.local/lib/python3.8/site-packages/airflow/example_dags/tutorial_objectstorage.py
[2024-07-02T09:04:05.508+0000] {logging_mixin.py:188} INFO - [2024-07-02T09:04:05.507+0000] {override.py:1769} INFO - Created Permission View: can edit on DAG:tutorial_objectstorage
[2024-07-02T09:04:05.521+0000] {logging_mixin.py:188} INFO - [2024-07-02T09:04:05.521+0000] {override.py:1769} INFO - Created Permission View: can delete on DAG:tutorial_objectstorage
[2024-07-02T09:04:05.532+0000] {logging_mixin.py:188} INFO - [2024-07-02T09:04:05.532+0000] {override.py:1769} INFO - Created Permission View: can read on DAG:tutorial_objectstorage
[2024-07-02T09:04:05.533+0000] {logging_mixin.py:188} INFO - [2024-07-02T09:04:05.533+0000] {dag.py:3033} INFO - Sync 1 DAGs
[2024-07-02T09:04:05.549+0000] {logging_mixin.py:188} INFO - [2024-07-02T09:04:05.549+0000] {dag.py:3055} INFO - Creating ORM DAG for tutorial_objectstorage
[2024-07-02T09:04:05.550+0000] {logging_mixin.py:188} INFO - [2024-07-02T09:04:05.550+0000] {dag.py:3820} INFO - Setting next_dagrun for tutorial_objectstorage to None, run_after=None
[2024-07-02T09:04:05.572+0000] {processor.py:183} INFO - Processing /home/airflow/.local/lib/python3.8/site-packages/airflow/example_dags/tutorial_objectstorage.py took 0.184 seconds
[2024-07-02T09:04:36.046+0000] {processor.py:161} INFO - Started process (PID=135) to work on /home/airflow/.local/lib/python3.8/site-packages/airflow/example_dags/tutorial_objectstorage.py
[2024-07-02T09:04:36.047+0000] {processor.py:830} INFO - Processing file /home/airflow/.local/lib/python3.8/site-packages/airflow/example_dags/tutorial_objectstorage.py for tasks to queue
[2024-07-02T09:04:36.049+0000] {logging_mixin.py:188} INFO - [2024-07-02T09:04:36.049+0000] {dagbag.py:538} INFO - Filling up the DagBag from /home/airflow/.local/lib/python3.8/site-packages/airflow/example_dags/tutorial_objectstorage.py
[2024-07-02T09:04:36.059+0000] {processor.py:840} INFO - DAG(s) 'tutorial_objectstorage' retrieved from /home/airflow/.local/lib/python3.8/site-packages/airflow/example_dags/tutorial_objectstorage.py
[2024-07-02T09:04:36.093+0000] {logging_mixin.py:188} INFO - [2024-07-02T09:04:36.093+0000] {dag.py:3033} INFO - Sync 1 DAGs
[2024-07-02T09:04:36.118+0000] {logging_mixin.py:188} INFO - [2024-07-02T09:04:36.118+0000] {dag.py:3820} INFO - Setting next_dagrun for tutorial_objectstorage to None, run_after=None
[2024-07-02T09:04:36.152+0000] {processor.py:183} INFO - Processing /home/airflow/.local/lib/python3.8/site-packages/airflow/example_dags/tutorial_objectstorage.py took 0.110 seconds
[2024-07-02T09:05:06.245+0000] {processor.py:161} INFO - Started process (PID=191) to work on /home/airflow/.local/lib/python3.8/site-packages/airflow/example_dags/tutorial_objectstorage.py
[2024-07-02T09:05:06.246+0000] {processor.py:830} INFO - Processing file /home/airflow/.local/lib/python3.8/site-packages/airflow/example_dags/tutorial_objectstorage.py for tasks to queue
[2024-07-02T09:05:06.248+0000] {logging_mixin.py:188} INFO - [2024-07-02T09:05:06.248+0000] {dagbag.py:538} INFO - Filling up the DagBag from /home/airflow/.local/lib/python3.8/site-packages/airflow/example_dags/tutorial_objectstorage.py
[2024-07-02T09:05:06.254+0000] {processor.py:840} INFO - DAG(s) 'tutorial_objectstorage' retrieved from /home/airflow/.local/lib/python3.8/site-packages/airflow/example_dags/tutorial_objectstorage.py
[2024-07-02T09:05:06.271+0000] {logging_mixin.py:188} INFO - [2024-07-02T09:05:06.271+0000] {dag.py:3033} INFO - Sync 1 DAGs
[2024-07-02T09:05:06.283+0000] {logging_mixin.py:188} INFO - [2024-07-02T09:05:06.283+0000] {dag.py:3820} INFO - Setting next_dagrun for tutorial_objectstorage to None, run_after=None
[2024-07-02T09:05:06.302+0000] {processor.py:183} INFO - Processing /home/airflow/.local/lib/python3.8/site-packages/airflow/example_dags/tutorial_objectstorage.py took 0.059 seconds
[2024-07-02T09:05:36.358+0000] {processor.py:161} INFO - Started process (PID=246) to work on /home/airflow/.local/lib/python3.8/site-packages/airflow/example_dags/tutorial_objectstorage.py
[2024-07-02T09:05:36.359+0000] {processor.py:830} INFO - Processing file /home/airflow/.local/lib/python3.8/site-packages/airflow/example_dags/tutorial_objectstorage.py for tasks to queue
[2024-07-02T09:05:36.361+0000] {logging_mixin.py:188} INFO - [2024-07-02T09:05:36.360+0000] {dagbag.py:538} INFO - Filling up the DagBag from /home/airflow/.local/lib/python3.8/site-packages/airflow/example_dags/tutorial_objectstorage.py
[2024-07-02T09:05:36.367+0000] {processor.py:840} INFO - DAG(s) 'tutorial_objectstorage' retrieved from /home/airflow/.local/lib/python3.8/site-packages/airflow/example_dags/tutorial_objectstorage.py
[2024-07-02T09:05:36.386+0000] {logging_mixin.py:188} INFO - [2024-07-02T09:05:36.386+0000] {dag.py:3033} INFO - Sync 1 DAGs
[2024-07-02T09:05:36.400+0000] {logging_mixin.py:188} INFO - [2024-07-02T09:05:36.399+0000] {dag.py:3820} INFO - Setting next_dagrun for tutorial_objectstorage to None, run_after=None
[2024-07-02T09:05:36.416+0000] {processor.py:183} INFO - Processing /home/airflow/.local/lib/python3.8/site-packages/airflow/example_dags/tutorial_objectstorage.py took 0.061 seconds
[2024-07-02T09:06:07.124+0000] {processor.py:161} INFO - Started process (PID=301) to work on /home/airflow/.local/lib/python3.8/site-packages/airflow/example_dags/tutorial_objectstorage.py
[2024-07-02T09:06:07.125+0000] {processor.py:830} INFO - Processing file /home/airflow/.local/lib/python3.8/site-packages/airflow/example_dags/tutorial_objectstorage.py for tasks to queue
[2024-07-02T09:06:07.127+0000] {logging_mixin.py:188} INFO - [2024-07-02T09:06:07.126+0000] {dagbag.py:538} INFO - Filling up the DagBag from /home/airflow/.local/lib/python3.8/site-packages/airflow/example_dags/tutorial_objectstorage.py
[2024-07-02T09:06:07.132+0000] {processor.py:840} INFO - DAG(s) 'tutorial_objectstorage' retrieved from /home/airflow/.local/lib/python3.8/site-packages/airflow/example_dags/tutorial_objectstorage.py
[2024-07-02T09:06:07.151+0000] {logging_mixin.py:188} INFO - [2024-07-02T09:06:07.151+0000] {dag.py:3033} INFO - Sync 1 DAGs
[2024-07-02T09:06:07.166+0000] {logging_mixin.py:188} INFO - [2024-07-02T09:06:07.165+0000] {dag.py:3820} INFO - Setting next_dagrun for tutorial_objectstorage to None, run_after=None
[2024-07-02T09:06:07.183+0000] {processor.py:183} INFO - Processing /home/airflow/.local/lib/python3.8/site-packages/airflow/example_dags/tutorial_objectstorage.py took 0.061 seconds
[2024-07-02T09:06:38.259+0000] {processor.py:161} INFO - Started process (PID=355) to work on /home/airflow/.local/lib/python3.8/site-packages/airflow/example_dags/tutorial_objectstorage.py
[2024-07-02T09:06:38.260+0000] {processor.py:830} INFO - Processing file /home/airflow/.local/lib/python3.8/site-packages/airflow/example_dags/tutorial_objectstorage.py for tasks to queue
[2024-07-02T09:06:38.261+0000] {logging_mixin.py:188} INFO - [2024-07-02T09:06:38.261+0000] {dagbag.py:538} INFO - Filling up the DagBag from /home/airflow/.local/lib/python3.8/site-packages/airflow/example_dags/tutorial_objectstorage.py
[2024-07-02T09:06:38.267+0000] {processor.py:840} INFO - DAG(s) 'tutorial_objectstorage' retrieved from /home/airflow/.local/lib/python3.8/site-packages/airflow/example_dags/tutorial_objectstorage.py
[2024-07-02T09:06:38.288+0000] {logging_mixin.py:188} INFO - [2024-07-02T09:06:38.288+0000] {dag.py:3033} INFO - Sync 1 DAGs
[2024-07-02T09:06:38.304+0000] {logging_mixin.py:188} INFO - [2024-07-02T09:06:38.303+0000] {dag.py:3820} INFO - Setting next_dagrun for tutorial_objectstorage to None, run_after=None
[2024-07-02T09:06:38.325+0000] {processor.py:183} INFO - Processing /home/airflow/.local/lib/python3.8/site-packages/airflow/example_dags/tutorial_objectstorage.py took 0.069 seconds
[2024-07-02T09:07:09.205+0000] {processor.py:161} INFO - Started process (PID=410) to work on /home/airflow/.local/lib/python3.8/site-packages/airflow/example_dags/tutorial_objectstorage.py
[2024-07-02T09:07:09.206+0000] {processor.py:830} INFO - Processing file /home/airflow/.local/lib/python3.8/site-packages/airflow/example_dags/tutorial_objectstorage.py for tasks to queue
[2024-07-02T09:07:09.208+0000] {logging_mixin.py:188} INFO - [2024-07-02T09:07:09.208+0000] {dagbag.py:538} INFO - Filling up the DagBag from /home/airflow/.local/lib/python3.8/site-packages/airflow/example_dags/tutorial_objectstorage.py
[2024-07-02T09:07:09.213+0000] {processor.py:840} INFO - DAG(s) 'tutorial_objectstorage' retrieved from /home/airflow/.local/lib/python3.8/site-packages/airflow/example_dags/tutorial_objectstorage.py
[2024-07-02T09:07:09.232+0000] {logging_mixin.py:188} INFO - [2024-07-02T09:07:09.232+0000] {dag.py:3033} INFO - Sync 1 DAGs
[2024-07-02T09:07:09.244+0000] {logging_mixin.py:188} INFO - [2024-07-02T09:07:09.244+0000] {dag.py:3820} INFO - Setting next_dagrun for tutorial_objectstorage to None, run_after=None
[2024-07-02T09:07:09.262+0000] {processor.py:183} INFO - Processing /home/airflow/.local/lib/python3.8/site-packages/airflow/example_dags/tutorial_objectstorage.py took 0.059 seconds
[2024-07-02T09:07:39.671+0000] {processor.py:161} INFO - Started process (PID=465) to work on /home/airflow/.local/lib/python3.8/site-packages/airflow/example_dags/tutorial_objectstorage.py
[2024-07-02T09:07:39.672+0000] {processor.py:830} INFO - Processing file /home/airflow/.local/lib/python3.8/site-packages/airflow/example_dags/tutorial_objectstorage.py for tasks to queue
[2024-07-02T09:07:39.674+0000] {logging_mixin.py:188} INFO - [2024-07-02T09:07:39.674+0000] {dagbag.py:538} INFO - Filling up the DagBag from /home/airflow/.local/lib/python3.8/site-packages/airflow/example_dags/tutorial_objectstorage.py
[2024-07-02T09:07:39.679+0000] {processor.py:840} INFO - DAG(s) 'tutorial_objectstorage' retrieved from /home/airflow/.local/lib/python3.8/site-packages/airflow/example_dags/tutorial_objectstorage.py
[2024-07-02T09:07:39.701+0000] {logging_mixin.py:188} INFO - [2024-07-02T09:07:39.700+0000] {dag.py:3033} INFO - Sync 1 DAGs
[2024-07-02T09:07:39.716+0000] {logging_mixin.py:188} INFO - [2024-07-02T09:07:39.716+0000] {dag.py:3820} INFO - Setting next_dagrun for tutorial_objectstorage to None, run_after=None
[2024-07-02T09:07:39.737+0000] {processor.py:183} INFO - Processing /home/airflow/.local/lib/python3.8/site-packages/airflow/example_dags/tutorial_objectstorage.py took 0.068 seconds
[2024-07-02T09:08:10.335+0000] {processor.py:161} INFO - Started process (PID=520) to work on /home/airflow/.local/lib/python3.8/site-packages/airflow/example_dags/tutorial_objectstorage.py
[2024-07-02T09:08:10.336+0000] {processor.py:830} INFO - Processing file /home/airflow/.local/lib/python3.8/site-packages/airflow/example_dags/tutorial_objectstorage.py for tasks to queue
[2024-07-02T09:08:10.338+0000] {logging_mixin.py:188} INFO - [2024-07-02T09:08:10.337+0000] {dagbag.py:538} INFO - Filling up the DagBag from /home/airflow/.local/lib/python3.8/site-packages/airflow/example_dags/tutorial_objectstorage.py
[2024-07-02T09:08:10.344+0000] {processor.py:840} INFO - DAG(s) 'tutorial_objectstorage' retrieved from /home/airflow/.local/lib/python3.8/site-packages/airflow/example_dags/tutorial_objectstorage.py
[2024-07-02T09:08:10.364+0000] {logging_mixin.py:188} INFO - [2024-07-02T09:08:10.364+0000] {dag.py:3033} INFO - Sync 1 DAGs
[2024-07-02T09:08:10.377+0000] {logging_mixin.py:188} INFO - [2024-07-02T09:08:10.377+0000] {dag.py:3820} INFO - Setting next_dagrun for tutorial_objectstorage to None, run_after=None
[2024-07-02T09:08:10.394+0000] {processor.py:183} INFO - Processing /home/airflow/.local/lib/python3.8/site-packages/airflow/example_dags/tutorial_objectstorage.py took 0.062 seconds
[2024-07-02T09:08:40.870+0000] {processor.py:161} INFO - Started process (PID=575) to work on /home/airflow/.local/lib/python3.8/site-packages/airflow/example_dags/tutorial_objectstorage.py
[2024-07-02T09:08:40.874+0000] {processor.py:830} INFO - Processing file /home/airflow/.local/lib/python3.8/site-packages/airflow/example_dags/tutorial_objectstorage.py for tasks to queue
[2024-07-02T09:08:40.875+0000] {logging_mixin.py:188} INFO - [2024-07-02T09:08:40.875+0000] {dagbag.py:538} INFO - Filling up the DagBag from /home/airflow/.local/lib/python3.8/site-packages/airflow/example_dags/tutorial_objectstorage.py
[2024-07-02T09:08:40.881+0000] {processor.py:840} INFO - DAG(s) 'tutorial_objectstorage' retrieved from /home/airflow/.local/lib/python3.8/site-packages/airflow/example_dags/tutorial_objectstorage.py
[2024-07-02T09:08:40.899+0000] {logging_mixin.py:188} INFO - [2024-07-02T09:08:40.899+0000] {dag.py:3033} INFO - Sync 1 DAGs
[2024-07-02T09:08:40.912+0000] {logging_mixin.py:188} INFO - [2024-07-02T09:08:40.912+0000] {dag.py:3820} INFO - Setting next_dagrun for tutorial_objectstorage to None, run_after=None
[2024-07-02T09:08:40.935+0000] {processor.py:183} INFO - Processing /home/airflow/.local/lib/python3.8/site-packages/airflow/example_dags/tutorial_objectstorage.py took 0.068 seconds
[2024-07-02T09:09:11.450+0000] {processor.py:161} INFO - Started process (PID=630) to work on /home/airflow/.local/lib/python3.8/site-packages/airflow/example_dags/tutorial_objectstorage.py
[2024-07-02T09:09:11.453+0000] {processor.py:830} INFO - Processing file /home/airflow/.local/lib/python3.8/site-packages/airflow/example_dags/tutorial_objectstorage.py for tasks to queue
[2024-07-02T09:09:11.456+0000] {logging_mixin.py:188} INFO - [2024-07-02T09:09:11.455+0000] {dagbag.py:538} INFO - Filling up the DagBag from /home/airflow/.local/lib/python3.8/site-packages/airflow/example_dags/tutorial_objectstorage.py
[2024-07-02T09:09:11.464+0000] {processor.py:840} INFO - DAG(s) 'tutorial_objectstorage' retrieved from /home/airflow/.local/lib/python3.8/site-packages/airflow/example_dags/tutorial_objectstorage.py
[2024-07-02T09:09:11.490+0000] {logging_mixin.py:188} INFO - [2024-07-02T09:09:11.489+0000] {dag.py:3033} INFO - Sync 1 DAGs
[2024-07-02T09:09:11.505+0000] {logging_mixin.py:188} INFO - [2024-07-02T09:09:11.504+0000] {dag.py:3820} INFO - Setting next_dagrun for tutorial_objectstorage to None, run_after=None
[2024-07-02T09:09:11.532+0000] {processor.py:183} INFO - Processing /home/airflow/.local/lib/python3.8/site-packages/airflow/example_dags/tutorial_objectstorage.py took 0.085 seconds
[2024-07-02T09:09:42.433+0000] {processor.py:161} INFO - Started process (PID=685) to work on /home/airflow/.local/lib/python3.8/site-packages/airflow/example_dags/tutorial_objectstorage.py
[2024-07-02T09:09:42.433+0000] {processor.py:830} INFO - Processing file /home/airflow/.local/lib/python3.8/site-packages/airflow/example_dags/tutorial_objectstorage.py for tasks to queue
[2024-07-02T09:09:42.436+0000] {logging_mixin.py:188} INFO - [2024-07-02T09:09:42.436+0000] {dagbag.py:538} INFO - Filling up the DagBag from /home/airflow/.local/lib/python3.8/site-packages/airflow/example_dags/tutorial_objectstorage.py
[2024-07-02T09:09:42.443+0000] {processor.py:840} INFO - DAG(s) 'tutorial_objectstorage' retrieved from /home/airflow/.local/lib/python3.8/site-packages/airflow/example_dags/tutorial_objectstorage.py
[2024-07-02T09:09:42.467+0000] {logging_mixin.py:188} INFO - [2024-07-02T09:09:42.467+0000] {dag.py:3033} INFO - Sync 1 DAGs
[2024-07-02T09:09:42.483+0000] {logging_mixin.py:188} INFO - [2024-07-02T09:09:42.483+0000] {dag.py:3820} INFO - Setting next_dagrun for tutorial_objectstorage to None, run_after=None
[2024-07-02T09:09:42.504+0000] {processor.py:183} INFO - Processing /home/airflow/.local/lib/python3.8/site-packages/airflow/example_dags/tutorial_objectstorage.py took 0.074 seconds
[2024-07-02T09:10:13.434+0000] {processor.py:161} INFO - Started process (PID=740) to work on /home/airflow/.local/lib/python3.8/site-packages/airflow/example_dags/tutorial_objectstorage.py
[2024-07-02T09:10:13.434+0000] {processor.py:830} INFO - Processing file /home/airflow/.local/lib/python3.8/site-packages/airflow/example_dags/tutorial_objectstorage.py for tasks to queue
[2024-07-02T09:10:13.436+0000] {logging_mixin.py:188} INFO - [2024-07-02T09:10:13.436+0000] {dagbag.py:538} INFO - Filling up the DagBag from /home/airflow/.local/lib/python3.8/site-packages/airflow/example_dags/tutorial_objectstorage.py
[2024-07-02T09:10:13.442+0000] {processor.py:840} INFO - DAG(s) 'tutorial_objectstorage' retrieved from /home/airflow/.local/lib/python3.8/site-packages/airflow/example_dags/tutorial_objectstorage.py
[2024-07-02T09:10:13.463+0000] {logging_mixin.py:188} INFO - [2024-07-02T09:10:13.462+0000] {dag.py:3033} INFO - Sync 1 DAGs
[2024-07-02T09:10:13.476+0000] {logging_mixin.py:188} INFO - [2024-07-02T09:10:13.476+0000] {dag.py:3820} INFO - Setting next_dagrun for tutorial_objectstorage to None, run_after=None
[2024-07-02T09:10:13.494+0000] {processor.py:183} INFO - Processing /home/airflow/.local/lib/python3.8/site-packages/airflow/example_dags/tutorial_objectstorage.py took 0.064 seconds
[2024-07-02T09:10:43.965+0000] {processor.py:161} INFO - Started process (PID=795) to work on /home/airflow/.local/lib/python3.8/site-packages/airflow/example_dags/tutorial_objectstorage.py
[2024-07-02T09:10:43.966+0000] {processor.py:830} INFO - Processing file /home/airflow/.local/lib/python3.8/site-packages/airflow/example_dags/tutorial_objectstorage.py for tasks to queue
[2024-07-02T09:10:43.968+0000] {logging_mixin.py:188} INFO - [2024-07-02T09:10:43.968+0000] {dagbag.py:538} INFO - Filling up the DagBag from /home/airflow/.local/lib/python3.8/site-packages/airflow/example_dags/tutorial_objectstorage.py
[2024-07-02T09:10:43.973+0000] {processor.py:840} INFO - DAG(s) 'tutorial_objectstorage' retrieved from /home/airflow/.local/lib/python3.8/site-packages/airflow/example_dags/tutorial_objectstorage.py
[2024-07-02T09:10:43.992+0000] {logging_mixin.py:188} INFO - [2024-07-02T09:10:43.991+0000] {dag.py:3033} INFO - Sync 1 DAGs
[2024-07-02T09:10:44.009+0000] {logging_mixin.py:188} INFO - [2024-07-02T09:10:44.008+0000] {dag.py:3820} INFO - Setting next_dagrun for tutorial_objectstorage to None, run_after=None
[2024-07-02T09:10:44.026+0000] {processor.py:183} INFO - Processing /home/airflow/.local/lib/python3.8/site-packages/airflow/example_dags/tutorial_objectstorage.py took 0.064 seconds
[2024-07-02T09:11:14.509+0000] {processor.py:161} INFO - Started process (PID=850) to work on /home/airflow/.local/lib/python3.8/site-packages/airflow/example_dags/tutorial_objectstorage.py
[2024-07-02T09:11:14.510+0000] {processor.py:830} INFO - Processing file /home/airflow/.local/lib/python3.8/site-packages/airflow/example_dags/tutorial_objectstorage.py for tasks to queue
[2024-07-02T09:11:14.512+0000] {logging_mixin.py:188} INFO - [2024-07-02T09:11:14.512+0000] {dagbag.py:538} INFO - Filling up the DagBag from /home/airflow/.local/lib/python3.8/site-packages/airflow/example_dags/tutorial_objectstorage.py
[2024-07-02T09:11:14.517+0000] {processor.py:840} INFO - DAG(s) 'tutorial_objectstorage' retrieved from /home/airflow/.local/lib/python3.8/site-packages/airflow/example_dags/tutorial_objectstorage.py
[2024-07-02T09:11:14.538+0000] {logging_mixin.py:188} INFO - [2024-07-02T09:11:14.538+0000] {dag.py:3033} INFO - Sync 1 DAGs
[2024-07-02T09:11:14.552+0000] {logging_mixin.py:188} INFO - [2024-07-02T09:11:14.552+0000] {dag.py:3820} INFO - Setting next_dagrun for tutorial_objectstorage to None, run_after=None
[2024-07-02T09:11:14.572+0000] {processor.py:183} INFO - Processing /home/airflow/.local/lib/python3.8/site-packages/airflow/example_dags/tutorial_objectstorage.py took 0.066 seconds
[2024-07-02T09:11:45.149+0000] {processor.py:161} INFO - Started process (PID=905) to work on /home/airflow/.local/lib/python3.8/site-packages/airflow/example_dags/tutorial_objectstorage.py
[2024-07-02T09:11:45.153+0000] {processor.py:830} INFO - Processing file /home/airflow/.local/lib/python3.8/site-packages/airflow/example_dags/tutorial_objectstorage.py for tasks to queue
[2024-07-02T09:11:45.157+0000] {logging_mixin.py:188} INFO - [2024-07-02T09:11:45.157+0000] {dagbag.py:538} INFO - Filling up the DagBag from /home/airflow/.local/lib/python3.8/site-packages/airflow/example_dags/tutorial_objectstorage.py
[2024-07-02T09:11:45.174+0000] {processor.py:840} INFO - DAG(s) 'tutorial_objectstorage' retrieved from /home/airflow/.local/lib/python3.8/site-packages/airflow/example_dags/tutorial_objectstorage.py
[2024-07-02T09:11:45.217+0000] {logging_mixin.py:188} INFO - [2024-07-02T09:11:45.217+0000] {dag.py:3033} INFO - Sync 1 DAGs
[2024-07-02T09:11:45.247+0000] {logging_mixin.py:188} INFO - [2024-07-02T09:11:45.247+0000] {dag.py:3820} INFO - Setting next_dagrun for tutorial_objectstorage to None, run_after=None
[2024-07-02T09:11:45.305+0000] {processor.py:183} INFO - Processing /home/airflow/.local/lib/python3.8/site-packages/airflow/example_dags/tutorial_objectstorage.py took 0.162 seconds
[2024-07-02T09:12:15.622+0000] {processor.py:161} INFO - Started process (PID=960) to work on /home/airflow/.local/lib/python3.8/site-packages/airflow/example_dags/tutorial_objectstorage.py
[2024-07-02T09:12:15.623+0000] {processor.py:830} INFO - Processing file /home/airflow/.local/lib/python3.8/site-packages/airflow/example_dags/tutorial_objectstorage.py for tasks to queue
[2024-07-02T09:12:15.625+0000] {logging_mixin.py:188} INFO - [2024-07-02T09:12:15.625+0000] {dagbag.py:538} INFO - Filling up the DagBag from /home/airflow/.local/lib/python3.8/site-packages/airflow/example_dags/tutorial_objectstorage.py
[2024-07-02T09:12:15.632+0000] {processor.py:840} INFO - DAG(s) 'tutorial_objectstorage' retrieved from /home/airflow/.local/lib/python3.8/site-packages/airflow/example_dags/tutorial_objectstorage.py
[2024-07-02T09:12:15.655+0000] {logging_mixin.py:188} INFO - [2024-07-02T09:12:15.654+0000] {dag.py:3033} INFO - Sync 1 DAGs
[2024-07-02T09:12:15.669+0000] {logging_mixin.py:188} INFO - [2024-07-02T09:12:15.669+0000] {dag.py:3820} INFO - Setting next_dagrun for tutorial_objectstorage to None, run_after=None
[2024-07-02T09:12:15.697+0000] {processor.py:183} INFO - Processing /home/airflow/.local/lib/python3.8/site-packages/airflow/example_dags/tutorial_objectstorage.py took 0.078 seconds
[2024-07-02T09:12:45.884+0000] {processor.py:161} INFO - Started process (PID=1015) to work on /home/airflow/.local/lib/python3.8/site-packages/airflow/example_dags/tutorial_objectstorage.py
[2024-07-02T09:12:45.888+0000] {processor.py:830} INFO - Processing file /home/airflow/.local/lib/python3.8/site-packages/airflow/example_dags/tutorial_objectstorage.py for tasks to queue
[2024-07-02T09:12:45.890+0000] {logging_mixin.py:188} INFO - [2024-07-02T09:12:45.890+0000] {dagbag.py:538} INFO - Filling up the DagBag from /home/airflow/.local/lib/python3.8/site-packages/airflow/example_dags/tutorial_objectstorage.py
[2024-07-02T09:12:45.895+0000] {processor.py:840} INFO - DAG(s) 'tutorial_objectstorage' retrieved from /home/airflow/.local/lib/python3.8/site-packages/airflow/example_dags/tutorial_objectstorage.py
[2024-07-02T09:12:45.913+0000] {logging_mixin.py:188} INFO - [2024-07-02T09:12:45.913+0000] {dag.py:3033} INFO - Sync 1 DAGs
[2024-07-02T09:12:45.926+0000] {logging_mixin.py:188} INFO - [2024-07-02T09:12:45.926+0000] {dag.py:3820} INFO - Setting next_dagrun for tutorial_objectstorage to None, run_after=None
[2024-07-02T09:12:45.946+0000] {processor.py:183} INFO - Processing /home/airflow/.local/lib/python3.8/site-packages/airflow/example_dags/tutorial_objectstorage.py took 0.064 seconds
[2024-07-02T09:13:16.367+0000] {processor.py:161} INFO - Started process (PID=1070) to work on /home/airflow/.local/lib/python3.8/site-packages/airflow/example_dags/tutorial_objectstorage.py
[2024-07-02T09:13:16.367+0000] {processor.py:830} INFO - Processing file /home/airflow/.local/lib/python3.8/site-packages/airflow/example_dags/tutorial_objectstorage.py for tasks to queue
[2024-07-02T09:13:16.369+0000] {logging_mixin.py:188} INFO - [2024-07-02T09:13:16.369+0000] {dagbag.py:538} INFO - Filling up the DagBag from /home/airflow/.local/lib/python3.8/site-packages/airflow/example_dags/tutorial_objectstorage.py
[2024-07-02T09:13:16.375+0000] {processor.py:840} INFO - DAG(s) 'tutorial_objectstorage' retrieved from /home/airflow/.local/lib/python3.8/site-packages/airflow/example_dags/tutorial_objectstorage.py
[2024-07-02T09:13:16.397+0000] {logging_mixin.py:188} INFO - [2024-07-02T09:13:16.397+0000] {dag.py:3033} INFO - Sync 1 DAGs
[2024-07-02T09:13:16.409+0000] {logging_mixin.py:188} INFO - [2024-07-02T09:13:16.408+0000] {dag.py:3820} INFO - Setting next_dagrun for tutorial_objectstorage to None, run_after=None
[2024-07-02T09:13:16.425+0000] {processor.py:183} INFO - Processing /home/airflow/.local/lib/python3.8/site-packages/airflow/example_dags/tutorial_objectstorage.py took 0.061 seconds
[2024-07-02T09:13:46.899+0000] {processor.py:161} INFO - Started process (PID=1125) to work on /home/airflow/.local/lib/python3.8/site-packages/airflow/example_dags/tutorial_objectstorage.py
[2024-07-02T09:13:46.900+0000] {processor.py:830} INFO - Processing file /home/airflow/.local/lib/python3.8/site-packages/airflow/example_dags/tutorial_objectstorage.py for tasks to queue
[2024-07-02T09:13:46.901+0000] {logging_mixin.py:188} INFO - [2024-07-02T09:13:46.901+0000] {dagbag.py:538} INFO - Filling up the DagBag from /home/airflow/.local/lib/python3.8/site-packages/airflow/example_dags/tutorial_objectstorage.py
[2024-07-02T09:13:46.907+0000] {processor.py:840} INFO - DAG(s) 'tutorial_objectstorage' retrieved from /home/airflow/.local/lib/python3.8/site-packages/airflow/example_dags/tutorial_objectstorage.py
[2024-07-02T09:13:46.927+0000] {logging_mixin.py:188} INFO - [2024-07-02T09:13:46.927+0000] {dag.py:3033} INFO - Sync 1 DAGs
[2024-07-02T09:13:46.942+0000] {logging_mixin.py:188} INFO - [2024-07-02T09:13:46.942+0000] {dag.py:3820} INFO - Setting next_dagrun for tutorial_objectstorage to None, run_after=None
[2024-07-02T09:13:46.962+0000] {processor.py:183} INFO - Processing /home/airflow/.local/lib/python3.8/site-packages/airflow/example_dags/tutorial_objectstorage.py took 0.066 seconds
[2024-07-02T09:14:17.359+0000] {processor.py:161} INFO - Started process (PID=1180) to work on /home/airflow/.local/lib/python3.8/site-packages/airflow/example_dags/tutorial_objectstorage.py
[2024-07-02T09:14:17.362+0000] {processor.py:830} INFO - Processing file /home/airflow/.local/lib/python3.8/site-packages/airflow/example_dags/tutorial_objectstorage.py for tasks to queue
[2024-07-02T09:14:17.364+0000] {logging_mixin.py:188} INFO - [2024-07-02T09:14:17.363+0000] {dagbag.py:538} INFO - Filling up the DagBag from /home/airflow/.local/lib/python3.8/site-packages/airflow/example_dags/tutorial_objectstorage.py
[2024-07-02T09:14:17.369+0000] {processor.py:840} INFO - DAG(s) 'tutorial_objectstorage' retrieved from /home/airflow/.local/lib/python3.8/site-packages/airflow/example_dags/tutorial_objectstorage.py
[2024-07-02T09:14:17.392+0000] {logging_mixin.py:188} INFO - [2024-07-02T09:14:17.392+0000] {dag.py:3033} INFO - Sync 1 DAGs
[2024-07-02T09:14:17.403+0000] {logging_mixin.py:188} INFO - [2024-07-02T09:14:17.403+0000] {dag.py:3820} INFO - Setting next_dagrun for tutorial_objectstorage to None, run_after=None
[2024-07-02T09:14:17.420+0000] {processor.py:183} INFO - Processing /home/airflow/.local/lib/python3.8/site-packages/airflow/example_dags/tutorial_objectstorage.py took 0.063 seconds
[2024-07-02T09:14:47.900+0000] {processor.py:161} INFO - Started process (PID=1235) to work on /home/airflow/.local/lib/python3.8/site-packages/airflow/example_dags/tutorial_objectstorage.py
[2024-07-02T09:14:47.901+0000] {processor.py:830} INFO - Processing file /home/airflow/.local/lib/python3.8/site-packages/airflow/example_dags/tutorial_objectstorage.py for tasks to queue
[2024-07-02T09:14:47.902+0000] {logging_mixin.py:188} INFO - [2024-07-02T09:14:47.902+0000] {dagbag.py:538} INFO - Filling up the DagBag from /home/airflow/.local/lib/python3.8/site-packages/airflow/example_dags/tutorial_objectstorage.py
[2024-07-02T09:14:47.908+0000] {processor.py:840} INFO - DAG(s) 'tutorial_objectstorage' retrieved from /home/airflow/.local/lib/python3.8/site-packages/airflow/example_dags/tutorial_objectstorage.py
[2024-07-02T09:14:47.925+0000] {logging_mixin.py:188} INFO - [2024-07-02T09:14:47.924+0000] {dag.py:3033} INFO - Sync 1 DAGs
[2024-07-02T09:14:47.941+0000] {logging_mixin.py:188} INFO - [2024-07-02T09:14:47.941+0000] {dag.py:3820} INFO - Setting next_dagrun for tutorial_objectstorage to None, run_after=None
[2024-07-02T09:14:47.963+0000] {processor.py:183} INFO - Processing /home/airflow/.local/lib/python3.8/site-packages/airflow/example_dags/tutorial_objectstorage.py took 0.065 seconds
[2024-07-02T09:15:18.323+0000] {processor.py:161} INFO - Started process (PID=1290) to work on /home/airflow/.local/lib/python3.8/site-packages/airflow/example_dags/tutorial_objectstorage.py
[2024-07-02T09:15:18.324+0000] {processor.py:830} INFO - Processing file /home/airflow/.local/lib/python3.8/site-packages/airflow/example_dags/tutorial_objectstorage.py for tasks to queue
[2024-07-02T09:15:18.325+0000] {logging_mixin.py:188} INFO - [2024-07-02T09:15:18.325+0000] {dagbag.py:538} INFO - Filling up the DagBag from /home/airflow/.local/lib/python3.8/site-packages/airflow/example_dags/tutorial_objectstorage.py
[2024-07-02T09:15:18.331+0000] {processor.py:840} INFO - DAG(s) 'tutorial_objectstorage' retrieved from /home/airflow/.local/lib/python3.8/site-packages/airflow/example_dags/tutorial_objectstorage.py
[2024-07-02T09:15:18.353+0000] {logging_mixin.py:188} INFO - [2024-07-02T09:15:18.353+0000] {dag.py:3033} INFO - Sync 1 DAGs
[2024-07-02T09:15:18.367+0000] {logging_mixin.py:188} INFO - [2024-07-02T09:15:18.367+0000] {dag.py:3820} INFO - Setting next_dagrun for tutorial_objectstorage to None, run_after=None
[2024-07-02T09:15:18.385+0000] {processor.py:183} INFO - Processing /home/airflow/.local/lib/python3.8/site-packages/airflow/example_dags/tutorial_objectstorage.py took 0.065 seconds
[2024-07-02T09:15:48.939+0000] {processor.py:161} INFO - Started process (PID=1345) to work on /home/airflow/.local/lib/python3.8/site-packages/airflow/example_dags/tutorial_objectstorage.py
[2024-07-02T09:15:48.940+0000] {processor.py:830} INFO - Processing file /home/airflow/.local/lib/python3.8/site-packages/airflow/example_dags/tutorial_objectstorage.py for tasks to queue
[2024-07-02T09:15:48.942+0000] {logging_mixin.py:188} INFO - [2024-07-02T09:15:48.941+0000] {dagbag.py:538} INFO - Filling up the DagBag from /home/airflow/.local/lib/python3.8/site-packages/airflow/example_dags/tutorial_objectstorage.py
[2024-07-02T09:15:48.947+0000] {processor.py:840} INFO - DAG(s) 'tutorial_objectstorage' retrieved from /home/airflow/.local/lib/python3.8/site-packages/airflow/example_dags/tutorial_objectstorage.py
[2024-07-02T09:15:48.967+0000] {logging_mixin.py:188} INFO - [2024-07-02T09:15:48.966+0000] {dag.py:3033} INFO - Sync 1 DAGs
[2024-07-02T09:15:48.979+0000] {logging_mixin.py:188} INFO - [2024-07-02T09:15:48.979+0000] {dag.py:3820} INFO - Setting next_dagrun for tutorial_objectstorage to None, run_after=None
[2024-07-02T09:15:48.997+0000] {processor.py:183} INFO - Processing /home/airflow/.local/lib/python3.8/site-packages/airflow/example_dags/tutorial_objectstorage.py took 0.060 seconds
[2024-07-02T09:16:19.522+0000] {processor.py:161} INFO - Started process (PID=1399) to work on /home/airflow/.local/lib/python3.8/site-packages/airflow/example_dags/tutorial_objectstorage.py
[2024-07-02T09:16:19.523+0000] {processor.py:830} INFO - Processing file /home/airflow/.local/lib/python3.8/site-packages/airflow/example_dags/tutorial_objectstorage.py for tasks to queue
[2024-07-02T09:16:19.525+0000] {logging_mixin.py:188} INFO - [2024-07-02T09:16:19.525+0000] {dagbag.py:538} INFO - Filling up the DagBag from /home/airflow/.local/lib/python3.8/site-packages/airflow/example_dags/tutorial_objectstorage.py
[2024-07-02T09:16:19.531+0000] {processor.py:840} INFO - DAG(s) 'tutorial_objectstorage' retrieved from /home/airflow/.local/lib/python3.8/site-packages/airflow/example_dags/tutorial_objectstorage.py
[2024-07-02T09:16:19.552+0000] {logging_mixin.py:188} INFO - [2024-07-02T09:16:19.552+0000] {dag.py:3033} INFO - Sync 1 DAGs
[2024-07-02T09:16:19.566+0000] {logging_mixin.py:188} INFO - [2024-07-02T09:16:19.566+0000] {dag.py:3820} INFO - Setting next_dagrun for tutorial_objectstorage to None, run_after=None
[2024-07-02T09:16:19.583+0000] {processor.py:183} INFO - Processing /home/airflow/.local/lib/python3.8/site-packages/airflow/example_dags/tutorial_objectstorage.py took 0.064 seconds
[2024-07-02T09:16:50.076+0000] {processor.py:161} INFO - Started process (PID=1454) to work on /home/airflow/.local/lib/python3.8/site-packages/airflow/example_dags/tutorial_objectstorage.py
[2024-07-02T09:16:50.077+0000] {processor.py:830} INFO - Processing file /home/airflow/.local/lib/python3.8/site-packages/airflow/example_dags/tutorial_objectstorage.py for tasks to queue
[2024-07-02T09:16:50.079+0000] {logging_mixin.py:188} INFO - [2024-07-02T09:16:50.079+0000] {dagbag.py:538} INFO - Filling up the DagBag from /home/airflow/.local/lib/python3.8/site-packages/airflow/example_dags/tutorial_objectstorage.py
[2024-07-02T09:16:50.085+0000] {processor.py:840} INFO - DAG(s) 'tutorial_objectstorage' retrieved from /home/airflow/.local/lib/python3.8/site-packages/airflow/example_dags/tutorial_objectstorage.py
[2024-07-02T09:16:50.102+0000] {logging_mixin.py:188} INFO - [2024-07-02T09:16:50.102+0000] {dag.py:3033} INFO - Sync 1 DAGs
[2024-07-02T09:16:50.112+0000] {logging_mixin.py:188} INFO - [2024-07-02T09:16:50.112+0000] {dag.py:3820} INFO - Setting next_dagrun for tutorial_objectstorage to None, run_after=None
[2024-07-02T09:16:50.128+0000] {processor.py:183} INFO - Processing /home/airflow/.local/lib/python3.8/site-packages/airflow/example_dags/tutorial_objectstorage.py took 0.054 seconds
[2024-07-02T09:17:20.537+0000] {processor.py:161} INFO - Started process (PID=1509) to work on /home/airflow/.local/lib/python3.8/site-packages/airflow/example_dags/tutorial_objectstorage.py
[2024-07-02T09:17:20.538+0000] {processor.py:830} INFO - Processing file /home/airflow/.local/lib/python3.8/site-packages/airflow/example_dags/tutorial_objectstorage.py for tasks to queue
[2024-07-02T09:17:20.539+0000] {logging_mixin.py:188} INFO - [2024-07-02T09:17:20.539+0000] {dagbag.py:538} INFO - Filling up the DagBag from /home/airflow/.local/lib/python3.8/site-packages/airflow/example_dags/tutorial_objectstorage.py
[2024-07-02T09:17:20.545+0000] {processor.py:840} INFO - DAG(s) 'tutorial_objectstorage' retrieved from /home/airflow/.local/lib/python3.8/site-packages/airflow/example_dags/tutorial_objectstorage.py
[2024-07-02T09:17:20.562+0000] {logging_mixin.py:188} INFO - [2024-07-02T09:17:20.562+0000] {dag.py:3033} INFO - Sync 1 DAGs
[2024-07-02T09:17:20.574+0000] {logging_mixin.py:188} INFO - [2024-07-02T09:17:20.573+0000] {dag.py:3820} INFO - Setting next_dagrun for tutorial_objectstorage to None, run_after=None
[2024-07-02T09:17:20.591+0000] {processor.py:183} INFO - Processing /home/airflow/.local/lib/python3.8/site-packages/airflow/example_dags/tutorial_objectstorage.py took 0.057 seconds
[2024-07-02T09:17:50.844+0000] {processor.py:161} INFO - Started process (PID=1565) to work on /home/airflow/.local/lib/python3.8/site-packages/airflow/example_dags/tutorial_objectstorage.py
[2024-07-02T09:17:50.844+0000] {processor.py:830} INFO - Processing file /home/airflow/.local/lib/python3.8/site-packages/airflow/example_dags/tutorial_objectstorage.py for tasks to queue
[2024-07-02T09:17:50.846+0000] {logging_mixin.py:188} INFO - [2024-07-02T09:17:50.846+0000] {dagbag.py:538} INFO - Filling up the DagBag from /home/airflow/.local/lib/python3.8/site-packages/airflow/example_dags/tutorial_objectstorage.py
[2024-07-02T09:17:50.852+0000] {processor.py:840} INFO - DAG(s) 'tutorial_objectstorage' retrieved from /home/airflow/.local/lib/python3.8/site-packages/airflow/example_dags/tutorial_objectstorage.py
[2024-07-02T09:17:50.869+0000] {logging_mixin.py:188} INFO - [2024-07-02T09:17:50.869+0000] {dag.py:3033} INFO - Sync 1 DAGs
[2024-07-02T09:17:50.881+0000] {logging_mixin.py:188} INFO - [2024-07-02T09:17:50.881+0000] {dag.py:3820} INFO - Setting next_dagrun for tutorial_objectstorage to None, run_after=None
[2024-07-02T09:17:50.898+0000] {processor.py:183} INFO - Processing /home/airflow/.local/lib/python3.8/site-packages/airflow/example_dags/tutorial_objectstorage.py took 0.058 seconds
[2024-07-02T09:18:21.469+0000] {processor.py:161} INFO - Started process (PID=1620) to work on /home/airflow/.local/lib/python3.8/site-packages/airflow/example_dags/tutorial_objectstorage.py
[2024-07-02T09:18:21.469+0000] {processor.py:830} INFO - Processing file /home/airflow/.local/lib/python3.8/site-packages/airflow/example_dags/tutorial_objectstorage.py for tasks to queue
[2024-07-02T09:18:21.471+0000] {logging_mixin.py:188} INFO - [2024-07-02T09:18:21.471+0000] {dagbag.py:538} INFO - Filling up the DagBag from /home/airflow/.local/lib/python3.8/site-packages/airflow/example_dags/tutorial_objectstorage.py
[2024-07-02T09:18:21.476+0000] {processor.py:840} INFO - DAG(s) 'tutorial_objectstorage' retrieved from /home/airflow/.local/lib/python3.8/site-packages/airflow/example_dags/tutorial_objectstorage.py
[2024-07-02T09:18:21.495+0000] {logging_mixin.py:188} INFO - [2024-07-02T09:18:21.495+0000] {dag.py:3033} INFO - Sync 1 DAGs
[2024-07-02T09:18:21.506+0000] {logging_mixin.py:188} INFO - [2024-07-02T09:18:21.506+0000] {dag.py:3820} INFO - Setting next_dagrun for tutorial_objectstorage to None, run_after=None
[2024-07-02T09:18:21.526+0000] {processor.py:183} INFO - Processing /home/airflow/.local/lib/python3.8/site-packages/airflow/example_dags/tutorial_objectstorage.py took 0.060 seconds
[2024-07-02T09:18:52.058+0000] {processor.py:161} INFO - Started process (PID=1675) to work on /home/airflow/.local/lib/python3.8/site-packages/airflow/example_dags/tutorial_objectstorage.py
[2024-07-02T09:18:52.059+0000] {processor.py:830} INFO - Processing file /home/airflow/.local/lib/python3.8/site-packages/airflow/example_dags/tutorial_objectstorage.py for tasks to queue
[2024-07-02T09:18:52.061+0000] {logging_mixin.py:188} INFO - [2024-07-02T09:18:52.061+0000] {dagbag.py:538} INFO - Filling up the DagBag from /home/airflow/.local/lib/python3.8/site-packages/airflow/example_dags/tutorial_objectstorage.py
[2024-07-02T09:18:52.067+0000] {processor.py:840} INFO - DAG(s) 'tutorial_objectstorage' retrieved from /home/airflow/.local/lib/python3.8/site-packages/airflow/example_dags/tutorial_objectstorage.py
[2024-07-02T09:18:52.086+0000] {logging_mixin.py:188} INFO - [2024-07-02T09:18:52.086+0000] {dag.py:3033} INFO - Sync 1 DAGs
[2024-07-02T09:18:52.099+0000] {logging_mixin.py:188} INFO - [2024-07-02T09:18:52.099+0000] {dag.py:3820} INFO - Setting next_dagrun for tutorial_objectstorage to None, run_after=None
[2024-07-02T09:18:52.118+0000] {processor.py:183} INFO - Processing /home/airflow/.local/lib/python3.8/site-packages/airflow/example_dags/tutorial_objectstorage.py took 0.063 seconds
[2024-07-02T09:19:22.631+0000] {processor.py:161} INFO - Started process (PID=1730) to work on /home/airflow/.local/lib/python3.8/site-packages/airflow/example_dags/tutorial_objectstorage.py
[2024-07-02T09:19:22.632+0000] {processor.py:830} INFO - Processing file /home/airflow/.local/lib/python3.8/site-packages/airflow/example_dags/tutorial_objectstorage.py for tasks to queue
[2024-07-02T09:19:22.636+0000] {logging_mixin.py:188} INFO - [2024-07-02T09:19:22.635+0000] {dagbag.py:538} INFO - Filling up the DagBag from /home/airflow/.local/lib/python3.8/site-packages/airflow/example_dags/tutorial_objectstorage.py
[2024-07-02T09:19:22.644+0000] {processor.py:840} INFO - DAG(s) 'tutorial_objectstorage' retrieved from /home/airflow/.local/lib/python3.8/site-packages/airflow/example_dags/tutorial_objectstorage.py
[2024-07-02T09:19:22.672+0000] {logging_mixin.py:188} INFO - [2024-07-02T09:19:22.672+0000] {dag.py:3033} INFO - Sync 1 DAGs
[2024-07-02T09:19:22.695+0000] {logging_mixin.py:188} INFO - [2024-07-02T09:19:22.694+0000] {dag.py:3820} INFO - Setting next_dagrun for tutorial_objectstorage to None, run_after=None
[2024-07-02T09:19:22.722+0000] {processor.py:183} INFO - Processing /home/airflow/.local/lib/python3.8/site-packages/airflow/example_dags/tutorial_objectstorage.py took 0.096 seconds
[2024-07-02T09:19:52.816+0000] {processor.py:161} INFO - Started process (PID=1784) to work on /home/airflow/.local/lib/python3.8/site-packages/airflow/example_dags/tutorial_objectstorage.py
[2024-07-02T09:19:52.816+0000] {processor.py:830} INFO - Processing file /home/airflow/.local/lib/python3.8/site-packages/airflow/example_dags/tutorial_objectstorage.py for tasks to queue
[2024-07-02T09:19:52.818+0000] {logging_mixin.py:188} INFO - [2024-07-02T09:19:52.818+0000] {dagbag.py:538} INFO - Filling up the DagBag from /home/airflow/.local/lib/python3.8/site-packages/airflow/example_dags/tutorial_objectstorage.py
[2024-07-02T09:19:52.823+0000] {processor.py:840} INFO - DAG(s) 'tutorial_objectstorage' retrieved from /home/airflow/.local/lib/python3.8/site-packages/airflow/example_dags/tutorial_objectstorage.py
[2024-07-02T09:19:52.839+0000] {logging_mixin.py:188} INFO - [2024-07-02T09:19:52.839+0000] {dag.py:3033} INFO - Sync 1 DAGs
[2024-07-02T09:19:52.849+0000] {logging_mixin.py:188} INFO - [2024-07-02T09:19:52.849+0000] {dag.py:3820} INFO - Setting next_dagrun for tutorial_objectstorage to None, run_after=None
[2024-07-02T09:19:52.865+0000] {processor.py:183} INFO - Processing /home/airflow/.local/lib/python3.8/site-packages/airflow/example_dags/tutorial_objectstorage.py took 0.051 seconds
[2024-07-02T09:20:23.301+0000] {processor.py:161} INFO - Started process (PID=1838) to work on /home/airflow/.local/lib/python3.8/site-packages/airflow/example_dags/tutorial_objectstorage.py
[2024-07-02T09:20:23.301+0000] {processor.py:830} INFO - Processing file /home/airflow/.local/lib/python3.8/site-packages/airflow/example_dags/tutorial_objectstorage.py for tasks to queue
[2024-07-02T09:20:23.303+0000] {logging_mixin.py:188} INFO - [2024-07-02T09:20:23.303+0000] {dagbag.py:538} INFO - Filling up the DagBag from /home/airflow/.local/lib/python3.8/site-packages/airflow/example_dags/tutorial_objectstorage.py
[2024-07-02T09:20:23.308+0000] {processor.py:840} INFO - DAG(s) 'tutorial_objectstorage' retrieved from /home/airflow/.local/lib/python3.8/site-packages/airflow/example_dags/tutorial_objectstorage.py
[2024-07-02T09:20:23.326+0000] {logging_mixin.py:188} INFO - [2024-07-02T09:20:23.326+0000] {dag.py:3033} INFO - Sync 1 DAGs
[2024-07-02T09:20:23.339+0000] {logging_mixin.py:188} INFO - [2024-07-02T09:20:23.338+0000] {dag.py:3820} INFO - Setting next_dagrun for tutorial_objectstorage to None, run_after=None
[2024-07-02T09:20:23.360+0000] {processor.py:183} INFO - Processing /home/airflow/.local/lib/python3.8/site-packages/airflow/example_dags/tutorial_objectstorage.py took 0.062 seconds
[2024-07-02T09:20:54.010+0000] {processor.py:161} INFO - Started process (PID=1893) to work on /home/airflow/.local/lib/python3.8/site-packages/airflow/example_dags/tutorial_objectstorage.py
[2024-07-02T09:20:54.011+0000] {processor.py:830} INFO - Processing file /home/airflow/.local/lib/python3.8/site-packages/airflow/example_dags/tutorial_objectstorage.py for tasks to queue
[2024-07-02T09:20:54.013+0000] {logging_mixin.py:188} INFO - [2024-07-02T09:20:54.012+0000] {dagbag.py:538} INFO - Filling up the DagBag from /home/airflow/.local/lib/python3.8/site-packages/airflow/example_dags/tutorial_objectstorage.py
[2024-07-02T09:20:54.021+0000] {processor.py:840} INFO - DAG(s) 'tutorial_objectstorage' retrieved from /home/airflow/.local/lib/python3.8/site-packages/airflow/example_dags/tutorial_objectstorage.py
[2024-07-02T09:20:54.049+0000] {logging_mixin.py:188} INFO - [2024-07-02T09:20:54.048+0000] {dag.py:3033} INFO - Sync 1 DAGs
[2024-07-02T09:20:54.069+0000] {logging_mixin.py:188} INFO - [2024-07-02T09:20:54.068+0000] {dag.py:3820} INFO - Setting next_dagrun for tutorial_objectstorage to None, run_after=None
[2024-07-02T09:20:54.093+0000] {processor.py:183} INFO - Processing /home/airflow/.local/lib/python3.8/site-packages/airflow/example_dags/tutorial_objectstorage.py took 0.086 seconds
[2024-07-02T09:21:24.362+0000] {processor.py:161} INFO - Started process (PID=1948) to work on /home/airflow/.local/lib/python3.8/site-packages/airflow/example_dags/tutorial_objectstorage.py
[2024-07-02T09:21:24.363+0000] {processor.py:830} INFO - Processing file /home/airflow/.local/lib/python3.8/site-packages/airflow/example_dags/tutorial_objectstorage.py for tasks to queue
[2024-07-02T09:21:24.365+0000] {logging_mixin.py:188} INFO - [2024-07-02T09:21:24.365+0000] {dagbag.py:538} INFO - Filling up the DagBag from /home/airflow/.local/lib/python3.8/site-packages/airflow/example_dags/tutorial_objectstorage.py
[2024-07-02T09:21:24.372+0000] {processor.py:840} INFO - DAG(s) 'tutorial_objectstorage' retrieved from /home/airflow/.local/lib/python3.8/site-packages/airflow/example_dags/tutorial_objectstorage.py
[2024-07-02T09:21:24.396+0000] {logging_mixin.py:188} INFO - [2024-07-02T09:21:24.395+0000] {dag.py:3033} INFO - Sync 1 DAGs
[2024-07-02T09:21:24.412+0000] {logging_mixin.py:188} INFO - [2024-07-02T09:21:24.411+0000] {dag.py:3820} INFO - Setting next_dagrun for tutorial_objectstorage to None, run_after=None
[2024-07-02T09:21:24.436+0000] {processor.py:183} INFO - Processing /home/airflow/.local/lib/python3.8/site-packages/airflow/example_dags/tutorial_objectstorage.py took 0.078 seconds
[2024-07-02T09:21:54.923+0000] {processor.py:161} INFO - Started process (PID=2002) to work on /home/airflow/.local/lib/python3.8/site-packages/airflow/example_dags/tutorial_objectstorage.py
[2024-07-02T09:21:54.925+0000] {processor.py:830} INFO - Processing file /home/airflow/.local/lib/python3.8/site-packages/airflow/example_dags/tutorial_objectstorage.py for tasks to queue
[2024-07-02T09:21:54.927+0000] {logging_mixin.py:188} INFO - [2024-07-02T09:21:54.927+0000] {dagbag.py:538} INFO - Filling up the DagBag from /home/airflow/.local/lib/python3.8/site-packages/airflow/example_dags/tutorial_objectstorage.py
[2024-07-02T09:21:54.936+0000] {processor.py:840} INFO - DAG(s) 'tutorial_objectstorage' retrieved from /home/airflow/.local/lib/python3.8/site-packages/airflow/example_dags/tutorial_objectstorage.py
[2024-07-02T09:21:54.962+0000] {logging_mixin.py:188} INFO - [2024-07-02T09:21:54.962+0000] {dag.py:3033} INFO - Sync 1 DAGs
[2024-07-02T09:21:54.982+0000] {logging_mixin.py:188} INFO - [2024-07-02T09:21:54.981+0000] {dag.py:3820} INFO - Setting next_dagrun for tutorial_objectstorage to None, run_after=None
[2024-07-02T09:21:55.008+0000] {processor.py:183} INFO - Processing /home/airflow/.local/lib/python3.8/site-packages/airflow/example_dags/tutorial_objectstorage.py took 0.089 seconds
[2024-07-02T09:22:25.082+0000] {processor.py:161} INFO - Started process (PID=2057) to work on /home/airflow/.local/lib/python3.8/site-packages/airflow/example_dags/tutorial_objectstorage.py
[2024-07-02T09:22:25.082+0000] {processor.py:830} INFO - Processing file /home/airflow/.local/lib/python3.8/site-packages/airflow/example_dags/tutorial_objectstorage.py for tasks to queue
[2024-07-02T09:22:25.084+0000] {logging_mixin.py:188} INFO - [2024-07-02T09:22:25.084+0000] {dagbag.py:538} INFO - Filling up the DagBag from /home/airflow/.local/lib/python3.8/site-packages/airflow/example_dags/tutorial_objectstorage.py
[2024-07-02T09:22:25.090+0000] {processor.py:840} INFO - DAG(s) 'tutorial_objectstorage' retrieved from /home/airflow/.local/lib/python3.8/site-packages/airflow/example_dags/tutorial_objectstorage.py
[2024-07-02T09:22:25.110+0000] {logging_mixin.py:188} INFO - [2024-07-02T09:22:25.110+0000] {dag.py:3033} INFO - Sync 1 DAGs
[2024-07-02T09:22:25.123+0000] {logging_mixin.py:188} INFO - [2024-07-02T09:22:25.123+0000] {dag.py:3820} INFO - Setting next_dagrun for tutorial_objectstorage to None, run_after=None
[2024-07-02T09:22:25.143+0000] {processor.py:183} INFO - Processing /home/airflow/.local/lib/python3.8/site-packages/airflow/example_dags/tutorial_objectstorage.py took 0.064 seconds
[2024-07-02T09:22:55.237+0000] {processor.py:161} INFO - Started process (PID=2112) to work on /home/airflow/.local/lib/python3.8/site-packages/airflow/example_dags/tutorial_objectstorage.py
[2024-07-02T09:22:55.238+0000] {processor.py:830} INFO - Processing file /home/airflow/.local/lib/python3.8/site-packages/airflow/example_dags/tutorial_objectstorage.py for tasks to queue
[2024-07-02T09:22:55.239+0000] {logging_mixin.py:188} INFO - [2024-07-02T09:22:55.239+0000] {dagbag.py:538} INFO - Filling up the DagBag from /home/airflow/.local/lib/python3.8/site-packages/airflow/example_dags/tutorial_objectstorage.py
[2024-07-02T09:22:55.244+0000] {processor.py:840} INFO - DAG(s) 'tutorial_objectstorage' retrieved from /home/airflow/.local/lib/python3.8/site-packages/airflow/example_dags/tutorial_objectstorage.py
[2024-07-02T09:22:55.265+0000] {logging_mixin.py:188} INFO - [2024-07-02T09:22:55.265+0000] {dag.py:3033} INFO - Sync 1 DAGs
[2024-07-02T09:22:55.282+0000] {logging_mixin.py:188} INFO - [2024-07-02T09:22:55.282+0000] {dag.py:3820} INFO - Setting next_dagrun for tutorial_objectstorage to None, run_after=None
[2024-07-02T09:22:55.307+0000] {processor.py:183} INFO - Processing /home/airflow/.local/lib/python3.8/site-packages/airflow/example_dags/tutorial_objectstorage.py took 0.072 seconds
[2024-07-02T09:23:25.942+0000] {processor.py:161} INFO - Started process (PID=2167) to work on /home/airflow/.local/lib/python3.8/site-packages/airflow/example_dags/tutorial_objectstorage.py
[2024-07-02T09:23:25.946+0000] {processor.py:830} INFO - Processing file /home/airflow/.local/lib/python3.8/site-packages/airflow/example_dags/tutorial_objectstorage.py for tasks to queue
[2024-07-02T09:23:25.949+0000] {logging_mixin.py:188} INFO - [2024-07-02T09:23:25.949+0000] {dagbag.py:538} INFO - Filling up the DagBag from /home/airflow/.local/lib/python3.8/site-packages/airflow/example_dags/tutorial_objectstorage.py
[2024-07-02T09:23:25.958+0000] {processor.py:840} INFO - DAG(s) 'tutorial_objectstorage' retrieved from /home/airflow/.local/lib/python3.8/site-packages/airflow/example_dags/tutorial_objectstorage.py
[2024-07-02T09:23:25.985+0000] {logging_mixin.py:188} INFO - [2024-07-02T09:23:25.985+0000] {dag.py:3033} INFO - Sync 1 DAGs
[2024-07-02T09:23:26.005+0000] {logging_mixin.py:188} INFO - [2024-07-02T09:23:26.005+0000] {dag.py:3820} INFO - Setting next_dagrun for tutorial_objectstorage to None, run_after=None
[2024-07-02T09:23:26.033+0000] {processor.py:183} INFO - Processing /home/airflow/.local/lib/python3.8/site-packages/airflow/example_dags/tutorial_objectstorage.py took 0.095 seconds
[2024-07-02T09:23:56.139+0000] {processor.py:161} INFO - Started process (PID=2222) to work on /home/airflow/.local/lib/python3.8/site-packages/airflow/example_dags/tutorial_objectstorage.py
[2024-07-02T09:23:56.140+0000] {processor.py:830} INFO - Processing file /home/airflow/.local/lib/python3.8/site-packages/airflow/example_dags/tutorial_objectstorage.py for tasks to queue
[2024-07-02T09:23:56.142+0000] {logging_mixin.py:188} INFO - [2024-07-02T09:23:56.141+0000] {dagbag.py:538} INFO - Filling up the DagBag from /home/airflow/.local/lib/python3.8/site-packages/airflow/example_dags/tutorial_objectstorage.py
[2024-07-02T09:23:56.147+0000] {processor.py:840} INFO - DAG(s) 'tutorial_objectstorage' retrieved from /home/airflow/.local/lib/python3.8/site-packages/airflow/example_dags/tutorial_objectstorage.py
[2024-07-02T09:23:56.166+0000] {logging_mixin.py:188} INFO - [2024-07-02T09:23:56.166+0000] {dag.py:3033} INFO - Sync 1 DAGs
[2024-07-02T09:23:56.178+0000] {logging_mixin.py:188} INFO - [2024-07-02T09:23:56.178+0000] {dag.py:3820} INFO - Setting next_dagrun for tutorial_objectstorage to None, run_after=None
[2024-07-02T09:23:56.195+0000] {processor.py:183} INFO - Processing /home/airflow/.local/lib/python3.8/site-packages/airflow/example_dags/tutorial_objectstorage.py took 0.059 seconds
