[2024-07-02T09:04:00.490+0000] {processor.py:161} INFO - Started process (PID=54) to work on /home/airflow/.local/lib/python3.8/site-packages/airflow/example_dags/tutorial_taskflow_api.py
[2024-07-02T09:04:00.491+0000] {processor.py:830} INFO - Processing file /home/airflow/.local/lib/python3.8/site-packages/airflow/example_dags/tutorial_taskflow_api.py for tasks to queue
[2024-07-02T09:04:00.495+0000] {logging_mixin.py:188} INFO - [2024-07-02T09:04:00.494+0000] {dagbag.py:538} INFO - Filling up the DagBag from /home/airflow/.local/lib/python3.8/site-packages/airflow/example_dags/tutorial_taskflow_api.py
[2024-07-02T09:04:00.510+0000] {processor.py:840} INFO - DAG(s) 'tutorial_taskflow_api' retrieved from /home/airflow/.local/lib/python3.8/site-packages/airflow/example_dags/tutorial_taskflow_api.py
[2024-07-02T09:04:00.664+0000] {logging_mixin.py:188} INFO - [2024-07-02T09:04:00.663+0000] {override.py:1769} INFO - Created Permission View: can edit on DAG:tutorial_taskflow_api
[2024-07-02T09:04:00.688+0000] {logging_mixin.py:188} INFO - [2024-07-02T09:04:00.687+0000] {override.py:1769} INFO - Created Permission View: can delete on DAG:tutorial_taskflow_api
[2024-07-02T09:04:00.699+0000] {logging_mixin.py:188} INFO - [2024-07-02T09:04:00.699+0000] {override.py:1769} INFO - Created Permission View: can read on DAG:tutorial_taskflow_api
[2024-07-02T09:04:00.700+0000] {logging_mixin.py:188} INFO - [2024-07-02T09:04:00.700+0000] {dag.py:3033} INFO - Sync 1 DAGs
[2024-07-02T09:04:00.730+0000] {logging_mixin.py:188} INFO - [2024-07-02T09:04:00.729+0000] {dag.py:3055} INFO - Creating ORM DAG for tutorial_taskflow_api
[2024-07-02T09:04:00.731+0000] {logging_mixin.py:188} INFO - [2024-07-02T09:04:00.730+0000] {dag.py:3820} INFO - Setting next_dagrun for tutorial_taskflow_api to None, run_after=None
[2024-07-02T09:04:00.771+0000] {processor.py:183} INFO - Processing /home/airflow/.local/lib/python3.8/site-packages/airflow/example_dags/tutorial_taskflow_api.py took 0.287 seconds
[2024-07-02T09:04:30.953+0000] {processor.py:161} INFO - Started process (PID=108) to work on /home/airflow/.local/lib/python3.8/site-packages/airflow/example_dags/tutorial_taskflow_api.py
[2024-07-02T09:04:30.953+0000] {processor.py:830} INFO - Processing file /home/airflow/.local/lib/python3.8/site-packages/airflow/example_dags/tutorial_taskflow_api.py for tasks to queue
[2024-07-02T09:04:30.955+0000] {logging_mixin.py:188} INFO - [2024-07-02T09:04:30.955+0000] {dagbag.py:538} INFO - Filling up the DagBag from /home/airflow/.local/lib/python3.8/site-packages/airflow/example_dags/tutorial_taskflow_api.py
[2024-07-02T09:04:30.962+0000] {processor.py:840} INFO - DAG(s) 'tutorial_taskflow_api' retrieved from /home/airflow/.local/lib/python3.8/site-packages/airflow/example_dags/tutorial_taskflow_api.py
[2024-07-02T09:04:30.982+0000] {logging_mixin.py:188} INFO - [2024-07-02T09:04:30.981+0000] {dag.py:3033} INFO - Sync 1 DAGs
[2024-07-02T09:04:30.995+0000] {logging_mixin.py:188} INFO - [2024-07-02T09:04:30.994+0000] {dag.py:3820} INFO - Setting next_dagrun for tutorial_taskflow_api to None, run_after=None
[2024-07-02T09:04:31.014+0000] {processor.py:183} INFO - Processing /home/airflow/.local/lib/python3.8/site-packages/airflow/example_dags/tutorial_taskflow_api.py took 0.065 seconds
[2024-07-02T09:05:01.415+0000] {processor.py:161} INFO - Started process (PID=163) to work on /home/airflow/.local/lib/python3.8/site-packages/airflow/example_dags/tutorial_taskflow_api.py
[2024-07-02T09:05:01.416+0000] {processor.py:830} INFO - Processing file /home/airflow/.local/lib/python3.8/site-packages/airflow/example_dags/tutorial_taskflow_api.py for tasks to queue
[2024-07-02T09:05:01.418+0000] {logging_mixin.py:188} INFO - [2024-07-02T09:05:01.417+0000] {dagbag.py:538} INFO - Filling up the DagBag from /home/airflow/.local/lib/python3.8/site-packages/airflow/example_dags/tutorial_taskflow_api.py
[2024-07-02T09:05:01.423+0000] {processor.py:840} INFO - DAG(s) 'tutorial_taskflow_api' retrieved from /home/airflow/.local/lib/python3.8/site-packages/airflow/example_dags/tutorial_taskflow_api.py
[2024-07-02T09:05:01.442+0000] {logging_mixin.py:188} INFO - [2024-07-02T09:05:01.442+0000] {dag.py:3033} INFO - Sync 1 DAGs
[2024-07-02T09:05:01.459+0000] {logging_mixin.py:188} INFO - [2024-07-02T09:05:01.459+0000] {dag.py:3820} INFO - Setting next_dagrun for tutorial_taskflow_api to None, run_after=None
[2024-07-02T09:05:01.478+0000] {processor.py:183} INFO - Processing /home/airflow/.local/lib/python3.8/site-packages/airflow/example_dags/tutorial_taskflow_api.py took 0.065 seconds
[2024-07-02T09:05:31.573+0000] {processor.py:161} INFO - Started process (PID=218) to work on /home/airflow/.local/lib/python3.8/site-packages/airflow/example_dags/tutorial_taskflow_api.py
[2024-07-02T09:05:31.573+0000] {processor.py:830} INFO - Processing file /home/airflow/.local/lib/python3.8/site-packages/airflow/example_dags/tutorial_taskflow_api.py for tasks to queue
[2024-07-02T09:05:31.575+0000] {logging_mixin.py:188} INFO - [2024-07-02T09:05:31.575+0000] {dagbag.py:538} INFO - Filling up the DagBag from /home/airflow/.local/lib/python3.8/site-packages/airflow/example_dags/tutorial_taskflow_api.py
[2024-07-02T09:05:31.582+0000] {processor.py:840} INFO - DAG(s) 'tutorial_taskflow_api' retrieved from /home/airflow/.local/lib/python3.8/site-packages/airflow/example_dags/tutorial_taskflow_api.py
[2024-07-02T09:05:31.603+0000] {logging_mixin.py:188} INFO - [2024-07-02T09:05:31.603+0000] {dag.py:3033} INFO - Sync 1 DAGs
[2024-07-02T09:05:31.616+0000] {logging_mixin.py:188} INFO - [2024-07-02T09:05:31.615+0000] {dag.py:3820} INFO - Setting next_dagrun for tutorial_taskflow_api to None, run_after=None
[2024-07-02T09:05:31.632+0000] {processor.py:183} INFO - Processing /home/airflow/.local/lib/python3.8/site-packages/airflow/example_dags/tutorial_taskflow_api.py took 0.063 seconds
[2024-07-02T09:06:01.767+0000] {processor.py:161} INFO - Started process (PID=274) to work on /home/airflow/.local/lib/python3.8/site-packages/airflow/example_dags/tutorial_taskflow_api.py
[2024-07-02T09:06:01.768+0000] {processor.py:830} INFO - Processing file /home/airflow/.local/lib/python3.8/site-packages/airflow/example_dags/tutorial_taskflow_api.py for tasks to queue
[2024-07-02T09:06:01.770+0000] {logging_mixin.py:188} INFO - [2024-07-02T09:06:01.769+0000] {dagbag.py:538} INFO - Filling up the DagBag from /home/airflow/.local/lib/python3.8/site-packages/airflow/example_dags/tutorial_taskflow_api.py
[2024-07-02T09:06:01.776+0000] {processor.py:840} INFO - DAG(s) 'tutorial_taskflow_api' retrieved from /home/airflow/.local/lib/python3.8/site-packages/airflow/example_dags/tutorial_taskflow_api.py
[2024-07-02T09:06:01.801+0000] {logging_mixin.py:188} INFO - [2024-07-02T09:06:01.800+0000] {dag.py:3033} INFO - Sync 1 DAGs
[2024-07-02T09:06:01.816+0000] {logging_mixin.py:188} INFO - [2024-07-02T09:06:01.816+0000] {dag.py:3820} INFO - Setting next_dagrun for tutorial_taskflow_api to None, run_after=None
[2024-07-02T09:06:01.835+0000] {processor.py:183} INFO - Processing /home/airflow/.local/lib/python3.8/site-packages/airflow/example_dags/tutorial_taskflow_api.py took 0.071 seconds
[2024-07-02T09:06:32.225+0000] {processor.py:161} INFO - Started process (PID=328) to work on /home/airflow/.local/lib/python3.8/site-packages/airflow/example_dags/tutorial_taskflow_api.py
[2024-07-02T09:06:32.226+0000] {processor.py:830} INFO - Processing file /home/airflow/.local/lib/python3.8/site-packages/airflow/example_dags/tutorial_taskflow_api.py for tasks to queue
[2024-07-02T09:06:32.228+0000] {logging_mixin.py:188} INFO - [2024-07-02T09:06:32.228+0000] {dagbag.py:538} INFO - Filling up the DagBag from /home/airflow/.local/lib/python3.8/site-packages/airflow/example_dags/tutorial_taskflow_api.py
[2024-07-02T09:06:32.233+0000] {processor.py:840} INFO - DAG(s) 'tutorial_taskflow_api' retrieved from /home/airflow/.local/lib/python3.8/site-packages/airflow/example_dags/tutorial_taskflow_api.py
[2024-07-02T09:06:32.252+0000] {logging_mixin.py:188} INFO - [2024-07-02T09:06:32.251+0000] {dag.py:3033} INFO - Sync 1 DAGs
[2024-07-02T09:06:32.264+0000] {logging_mixin.py:188} INFO - [2024-07-02T09:06:32.264+0000] {dag.py:3820} INFO - Setting next_dagrun for tutorial_taskflow_api to None, run_after=None
[2024-07-02T09:06:32.280+0000] {processor.py:183} INFO - Processing /home/airflow/.local/lib/python3.8/site-packages/airflow/example_dags/tutorial_taskflow_api.py took 0.057 seconds
[2024-07-02T09:07:02.730+0000] {processor.py:161} INFO - Started process (PID=383) to work on /home/airflow/.local/lib/python3.8/site-packages/airflow/example_dags/tutorial_taskflow_api.py
[2024-07-02T09:07:02.731+0000] {processor.py:830} INFO - Processing file /home/airflow/.local/lib/python3.8/site-packages/airflow/example_dags/tutorial_taskflow_api.py for tasks to queue
[2024-07-02T09:07:02.733+0000] {logging_mixin.py:188} INFO - [2024-07-02T09:07:02.732+0000] {dagbag.py:538} INFO - Filling up the DagBag from /home/airflow/.local/lib/python3.8/site-packages/airflow/example_dags/tutorial_taskflow_api.py
[2024-07-02T09:07:02.738+0000] {processor.py:840} INFO - DAG(s) 'tutorial_taskflow_api' retrieved from /home/airflow/.local/lib/python3.8/site-packages/airflow/example_dags/tutorial_taskflow_api.py
[2024-07-02T09:07:02.756+0000] {logging_mixin.py:188} INFO - [2024-07-02T09:07:02.756+0000] {dag.py:3033} INFO - Sync 1 DAGs
[2024-07-02T09:07:02.767+0000] {logging_mixin.py:188} INFO - [2024-07-02T09:07:02.767+0000] {dag.py:3820} INFO - Setting next_dagrun for tutorial_taskflow_api to None, run_after=None
[2024-07-02T09:07:02.785+0000] {processor.py:183} INFO - Processing /home/airflow/.local/lib/python3.8/site-packages/airflow/example_dags/tutorial_taskflow_api.py took 0.057 seconds
[2024-07-02T09:07:33.316+0000] {processor.py:161} INFO - Started process (PID=438) to work on /home/airflow/.local/lib/python3.8/site-packages/airflow/example_dags/tutorial_taskflow_api.py
[2024-07-02T09:07:33.317+0000] {processor.py:830} INFO - Processing file /home/airflow/.local/lib/python3.8/site-packages/airflow/example_dags/tutorial_taskflow_api.py for tasks to queue
[2024-07-02T09:07:33.319+0000] {logging_mixin.py:188} INFO - [2024-07-02T09:07:33.318+0000] {dagbag.py:538} INFO - Filling up the DagBag from /home/airflow/.local/lib/python3.8/site-packages/airflow/example_dags/tutorial_taskflow_api.py
[2024-07-02T09:07:33.325+0000] {processor.py:840} INFO - DAG(s) 'tutorial_taskflow_api' retrieved from /home/airflow/.local/lib/python3.8/site-packages/airflow/example_dags/tutorial_taskflow_api.py
[2024-07-02T09:07:33.344+0000] {logging_mixin.py:188} INFO - [2024-07-02T09:07:33.344+0000] {dag.py:3033} INFO - Sync 1 DAGs
[2024-07-02T09:07:33.356+0000] {logging_mixin.py:188} INFO - [2024-07-02T09:07:33.356+0000] {dag.py:3820} INFO - Setting next_dagrun for tutorial_taskflow_api to None, run_after=None
[2024-07-02T09:07:33.373+0000] {processor.py:183} INFO - Processing /home/airflow/.local/lib/python3.8/site-packages/airflow/example_dags/tutorial_taskflow_api.py took 0.061 seconds
[2024-07-02T09:08:03.854+0000] {processor.py:161} INFO - Started process (PID=493) to work on /home/airflow/.local/lib/python3.8/site-packages/airflow/example_dags/tutorial_taskflow_api.py
[2024-07-02T09:08:03.854+0000] {processor.py:830} INFO - Processing file /home/airflow/.local/lib/python3.8/site-packages/airflow/example_dags/tutorial_taskflow_api.py for tasks to queue
[2024-07-02T09:08:03.856+0000] {logging_mixin.py:188} INFO - [2024-07-02T09:08:03.856+0000] {dagbag.py:538} INFO - Filling up the DagBag from /home/airflow/.local/lib/python3.8/site-packages/airflow/example_dags/tutorial_taskflow_api.py
[2024-07-02T09:08:03.863+0000] {processor.py:840} INFO - DAG(s) 'tutorial_taskflow_api' retrieved from /home/airflow/.local/lib/python3.8/site-packages/airflow/example_dags/tutorial_taskflow_api.py
[2024-07-02T09:08:03.882+0000] {logging_mixin.py:188} INFO - [2024-07-02T09:08:03.882+0000] {dag.py:3033} INFO - Sync 1 DAGs
[2024-07-02T09:08:03.893+0000] {logging_mixin.py:188} INFO - [2024-07-02T09:08:03.893+0000] {dag.py:3820} INFO - Setting next_dagrun for tutorial_taskflow_api to None, run_after=None
[2024-07-02T09:08:03.909+0000] {processor.py:183} INFO - Processing /home/airflow/.local/lib/python3.8/site-packages/airflow/example_dags/tutorial_taskflow_api.py took 0.058 seconds
[2024-07-02T09:08:34.464+0000] {processor.py:161} INFO - Started process (PID=548) to work on /home/airflow/.local/lib/python3.8/site-packages/airflow/example_dags/tutorial_taskflow_api.py
[2024-07-02T09:08:34.465+0000] {processor.py:830} INFO - Processing file /home/airflow/.local/lib/python3.8/site-packages/airflow/example_dags/tutorial_taskflow_api.py for tasks to queue
[2024-07-02T09:08:34.466+0000] {logging_mixin.py:188} INFO - [2024-07-02T09:08:34.466+0000] {dagbag.py:538} INFO - Filling up the DagBag from /home/airflow/.local/lib/python3.8/site-packages/airflow/example_dags/tutorial_taskflow_api.py
[2024-07-02T09:08:34.473+0000] {processor.py:840} INFO - DAG(s) 'tutorial_taskflow_api' retrieved from /home/airflow/.local/lib/python3.8/site-packages/airflow/example_dags/tutorial_taskflow_api.py
[2024-07-02T09:08:34.496+0000] {logging_mixin.py:188} INFO - [2024-07-02T09:08:34.495+0000] {dag.py:3033} INFO - Sync 1 DAGs
[2024-07-02T09:08:34.509+0000] {logging_mixin.py:188} INFO - [2024-07-02T09:08:34.509+0000] {dag.py:3820} INFO - Setting next_dagrun for tutorial_taskflow_api to None, run_after=None
[2024-07-02T09:08:34.527+0000] {processor.py:183} INFO - Processing /home/airflow/.local/lib/python3.8/site-packages/airflow/example_dags/tutorial_taskflow_api.py took 0.066 seconds
[2024-07-02T09:09:05.091+0000] {processor.py:161} INFO - Started process (PID=603) to work on /home/airflow/.local/lib/python3.8/site-packages/airflow/example_dags/tutorial_taskflow_api.py
[2024-07-02T09:09:05.092+0000] {processor.py:830} INFO - Processing file /home/airflow/.local/lib/python3.8/site-packages/airflow/example_dags/tutorial_taskflow_api.py for tasks to queue
[2024-07-02T09:09:05.094+0000] {logging_mixin.py:188} INFO - [2024-07-02T09:09:05.093+0000] {dagbag.py:538} INFO - Filling up the DagBag from /home/airflow/.local/lib/python3.8/site-packages/airflow/example_dags/tutorial_taskflow_api.py
[2024-07-02T09:09:05.099+0000] {processor.py:840} INFO - DAG(s) 'tutorial_taskflow_api' retrieved from /home/airflow/.local/lib/python3.8/site-packages/airflow/example_dags/tutorial_taskflow_api.py
[2024-07-02T09:09:05.119+0000] {logging_mixin.py:188} INFO - [2024-07-02T09:09:05.118+0000] {dag.py:3033} INFO - Sync 1 DAGs
[2024-07-02T09:09:05.131+0000] {logging_mixin.py:188} INFO - [2024-07-02T09:09:05.131+0000] {dag.py:3820} INFO - Setting next_dagrun for tutorial_taskflow_api to None, run_after=None
[2024-07-02T09:09:05.148+0000] {processor.py:183} INFO - Processing /home/airflow/.local/lib/python3.8/site-packages/airflow/example_dags/tutorial_taskflow_api.py took 0.060 seconds
[2024-07-02T09:09:35.656+0000] {processor.py:161} INFO - Started process (PID=658) to work on /home/airflow/.local/lib/python3.8/site-packages/airflow/example_dags/tutorial_taskflow_api.py
[2024-07-02T09:09:35.657+0000] {processor.py:830} INFO - Processing file /home/airflow/.local/lib/python3.8/site-packages/airflow/example_dags/tutorial_taskflow_api.py for tasks to queue
[2024-07-02T09:09:35.659+0000] {logging_mixin.py:188} INFO - [2024-07-02T09:09:35.659+0000] {dagbag.py:538} INFO - Filling up the DagBag from /home/airflow/.local/lib/python3.8/site-packages/airflow/example_dags/tutorial_taskflow_api.py
[2024-07-02T09:09:35.665+0000] {processor.py:840} INFO - DAG(s) 'tutorial_taskflow_api' retrieved from /home/airflow/.local/lib/python3.8/site-packages/airflow/example_dags/tutorial_taskflow_api.py
[2024-07-02T09:09:35.684+0000] {logging_mixin.py:188} INFO - [2024-07-02T09:09:35.684+0000] {dag.py:3033} INFO - Sync 1 DAGs
[2024-07-02T09:09:35.696+0000] {logging_mixin.py:188} INFO - [2024-07-02T09:09:35.696+0000] {dag.py:3820} INFO - Setting next_dagrun for tutorial_taskflow_api to None, run_after=None
[2024-07-02T09:09:35.715+0000] {processor.py:183} INFO - Processing /home/airflow/.local/lib/python3.8/site-packages/airflow/example_dags/tutorial_taskflow_api.py took 0.061 seconds
[2024-07-02T09:10:05.977+0000] {processor.py:161} INFO - Started process (PID=713) to work on /home/airflow/.local/lib/python3.8/site-packages/airflow/example_dags/tutorial_taskflow_api.py
[2024-07-02T09:10:05.978+0000] {processor.py:830} INFO - Processing file /home/airflow/.local/lib/python3.8/site-packages/airflow/example_dags/tutorial_taskflow_api.py for tasks to queue
[2024-07-02T09:10:05.980+0000] {logging_mixin.py:188} INFO - [2024-07-02T09:10:05.980+0000] {dagbag.py:538} INFO - Filling up the DagBag from /home/airflow/.local/lib/python3.8/site-packages/airflow/example_dags/tutorial_taskflow_api.py
[2024-07-02T09:10:05.985+0000] {processor.py:840} INFO - DAG(s) 'tutorial_taskflow_api' retrieved from /home/airflow/.local/lib/python3.8/site-packages/airflow/example_dags/tutorial_taskflow_api.py
[2024-07-02T09:10:06.003+0000] {logging_mixin.py:188} INFO - [2024-07-02T09:10:06.003+0000] {dag.py:3033} INFO - Sync 1 DAGs
[2024-07-02T09:10:06.014+0000] {logging_mixin.py:188} INFO - [2024-07-02T09:10:06.014+0000] {dag.py:3820} INFO - Setting next_dagrun for tutorial_taskflow_api to None, run_after=None
[2024-07-02T09:10:06.032+0000] {processor.py:183} INFO - Processing /home/airflow/.local/lib/python3.8/site-packages/airflow/example_dags/tutorial_taskflow_api.py took 0.057 seconds
[2024-07-02T09:10:36.616+0000] {processor.py:161} INFO - Started process (PID=768) to work on /home/airflow/.local/lib/python3.8/site-packages/airflow/example_dags/tutorial_taskflow_api.py
[2024-07-02T09:10:36.617+0000] {processor.py:830} INFO - Processing file /home/airflow/.local/lib/python3.8/site-packages/airflow/example_dags/tutorial_taskflow_api.py for tasks to queue
[2024-07-02T09:10:36.619+0000] {logging_mixin.py:188} INFO - [2024-07-02T09:10:36.619+0000] {dagbag.py:538} INFO - Filling up the DagBag from /home/airflow/.local/lib/python3.8/site-packages/airflow/example_dags/tutorial_taskflow_api.py
[2024-07-02T09:10:36.627+0000] {processor.py:840} INFO - DAG(s) 'tutorial_taskflow_api' retrieved from /home/airflow/.local/lib/python3.8/site-packages/airflow/example_dags/tutorial_taskflow_api.py
[2024-07-02T09:10:36.646+0000] {logging_mixin.py:188} INFO - [2024-07-02T09:10:36.646+0000] {dag.py:3033} INFO - Sync 1 DAGs
[2024-07-02T09:10:36.658+0000] {logging_mixin.py:188} INFO - [2024-07-02T09:10:36.658+0000] {dag.py:3820} INFO - Setting next_dagrun for tutorial_taskflow_api to None, run_after=None
[2024-07-02T09:10:36.675+0000] {processor.py:183} INFO - Processing /home/airflow/.local/lib/python3.8/site-packages/airflow/example_dags/tutorial_taskflow_api.py took 0.063 seconds
[2024-07-02T09:11:07.165+0000] {processor.py:161} INFO - Started process (PID=823) to work on /home/airflow/.local/lib/python3.8/site-packages/airflow/example_dags/tutorial_taskflow_api.py
[2024-07-02T09:11:07.173+0000] {processor.py:830} INFO - Processing file /home/airflow/.local/lib/python3.8/site-packages/airflow/example_dags/tutorial_taskflow_api.py for tasks to queue
[2024-07-02T09:11:07.175+0000] {logging_mixin.py:188} INFO - [2024-07-02T09:11:07.175+0000] {dagbag.py:538} INFO - Filling up the DagBag from /home/airflow/.local/lib/python3.8/site-packages/airflow/example_dags/tutorial_taskflow_api.py
[2024-07-02T09:11:07.181+0000] {processor.py:840} INFO - DAG(s) 'tutorial_taskflow_api' retrieved from /home/airflow/.local/lib/python3.8/site-packages/airflow/example_dags/tutorial_taskflow_api.py
[2024-07-02T09:11:07.200+0000] {logging_mixin.py:188} INFO - [2024-07-02T09:11:07.200+0000] {dag.py:3033} INFO - Sync 1 DAGs
[2024-07-02T09:11:07.211+0000] {logging_mixin.py:188} INFO - [2024-07-02T09:11:07.211+0000] {dag.py:3820} INFO - Setting next_dagrun for tutorial_taskflow_api to None, run_after=None
[2024-07-02T09:11:07.226+0000] {processor.py:183} INFO - Processing /home/airflow/.local/lib/python3.8/site-packages/airflow/example_dags/tutorial_taskflow_api.py took 0.064 seconds
[2024-07-02T09:11:38.293+0000] {processor.py:161} INFO - Started process (PID=878) to work on /home/airflow/.local/lib/python3.8/site-packages/airflow/example_dags/tutorial_taskflow_api.py
[2024-07-02T09:11:38.295+0000] {processor.py:830} INFO - Processing file /home/airflow/.local/lib/python3.8/site-packages/airflow/example_dags/tutorial_taskflow_api.py for tasks to queue
[2024-07-02T09:11:38.301+0000] {logging_mixin.py:188} INFO - [2024-07-02T09:11:38.300+0000] {dagbag.py:538} INFO - Filling up the DagBag from /home/airflow/.local/lib/python3.8/site-packages/airflow/example_dags/tutorial_taskflow_api.py
[2024-07-02T09:11:38.315+0000] {processor.py:840} INFO - DAG(s) 'tutorial_taskflow_api' retrieved from /home/airflow/.local/lib/python3.8/site-packages/airflow/example_dags/tutorial_taskflow_api.py
[2024-07-02T09:11:38.360+0000] {logging_mixin.py:188} INFO - [2024-07-02T09:11:38.359+0000] {dag.py:3033} INFO - Sync 1 DAGs
[2024-07-02T09:11:38.393+0000] {logging_mixin.py:188} INFO - [2024-07-02T09:11:38.393+0000] {dag.py:3820} INFO - Setting next_dagrun for tutorial_taskflow_api to None, run_after=None
[2024-07-02T09:11:38.441+0000] {processor.py:183} INFO - Processing /home/airflow/.local/lib/python3.8/site-packages/airflow/example_dags/tutorial_taskflow_api.py took 0.155 seconds
[2024-07-02T09:12:09.038+0000] {processor.py:161} INFO - Started process (PID=933) to work on /home/airflow/.local/lib/python3.8/site-packages/airflow/example_dags/tutorial_taskflow_api.py
[2024-07-02T09:12:09.041+0000] {processor.py:830} INFO - Processing file /home/airflow/.local/lib/python3.8/site-packages/airflow/example_dags/tutorial_taskflow_api.py for tasks to queue
[2024-07-02T09:12:09.044+0000] {logging_mixin.py:188} INFO - [2024-07-02T09:12:09.043+0000] {dagbag.py:538} INFO - Filling up the DagBag from /home/airflow/.local/lib/python3.8/site-packages/airflow/example_dags/tutorial_taskflow_api.py
[2024-07-02T09:12:09.050+0000] {processor.py:840} INFO - DAG(s) 'tutorial_taskflow_api' retrieved from /home/airflow/.local/lib/python3.8/site-packages/airflow/example_dags/tutorial_taskflow_api.py
[2024-07-02T09:12:09.073+0000] {logging_mixin.py:188} INFO - [2024-07-02T09:12:09.073+0000] {dag.py:3033} INFO - Sync 1 DAGs
[2024-07-02T09:12:09.089+0000] {logging_mixin.py:188} INFO - [2024-07-02T09:12:09.089+0000] {dag.py:3820} INFO - Setting next_dagrun for tutorial_taskflow_api to None, run_after=None
[2024-07-02T09:12:09.110+0000] {processor.py:183} INFO - Processing /home/airflow/.local/lib/python3.8/site-packages/airflow/example_dags/tutorial_taskflow_api.py took 0.075 seconds
[2024-07-02T09:12:39.214+0000] {processor.py:161} INFO - Started process (PID=988) to work on /home/airflow/.local/lib/python3.8/site-packages/airflow/example_dags/tutorial_taskflow_api.py
[2024-07-02T09:12:39.215+0000] {processor.py:830} INFO - Processing file /home/airflow/.local/lib/python3.8/site-packages/airflow/example_dags/tutorial_taskflow_api.py for tasks to queue
[2024-07-02T09:12:39.217+0000] {logging_mixin.py:188} INFO - [2024-07-02T09:12:39.216+0000] {dagbag.py:538} INFO - Filling up the DagBag from /home/airflow/.local/lib/python3.8/site-packages/airflow/example_dags/tutorial_taskflow_api.py
[2024-07-02T09:12:39.223+0000] {processor.py:840} INFO - DAG(s) 'tutorial_taskflow_api' retrieved from /home/airflow/.local/lib/python3.8/site-packages/airflow/example_dags/tutorial_taskflow_api.py
[2024-07-02T09:12:39.240+0000] {logging_mixin.py:188} INFO - [2024-07-02T09:12:39.240+0000] {dag.py:3033} INFO - Sync 1 DAGs
[2024-07-02T09:12:39.251+0000] {logging_mixin.py:188} INFO - [2024-07-02T09:12:39.251+0000] {dag.py:3820} INFO - Setting next_dagrun for tutorial_taskflow_api to None, run_after=None
[2024-07-02T09:12:39.268+0000] {processor.py:183} INFO - Processing /home/airflow/.local/lib/python3.8/site-packages/airflow/example_dags/tutorial_taskflow_api.py took 0.056 seconds
[2024-07-02T09:13:09.961+0000] {processor.py:161} INFO - Started process (PID=1043) to work on /home/airflow/.local/lib/python3.8/site-packages/airflow/example_dags/tutorial_taskflow_api.py
[2024-07-02T09:13:09.962+0000] {processor.py:830} INFO - Processing file /home/airflow/.local/lib/python3.8/site-packages/airflow/example_dags/tutorial_taskflow_api.py for tasks to queue
[2024-07-02T09:13:09.964+0000] {logging_mixin.py:188} INFO - [2024-07-02T09:13:09.964+0000] {dagbag.py:538} INFO - Filling up the DagBag from /home/airflow/.local/lib/python3.8/site-packages/airflow/example_dags/tutorial_taskflow_api.py
[2024-07-02T09:13:09.970+0000] {processor.py:840} INFO - DAG(s) 'tutorial_taskflow_api' retrieved from /home/airflow/.local/lib/python3.8/site-packages/airflow/example_dags/tutorial_taskflow_api.py
[2024-07-02T09:13:09.988+0000] {logging_mixin.py:188} INFO - [2024-07-02T09:13:09.988+0000] {dag.py:3033} INFO - Sync 1 DAGs
[2024-07-02T09:13:10.000+0000] {logging_mixin.py:188} INFO - [2024-07-02T09:13:10.000+0000] {dag.py:3820} INFO - Setting next_dagrun for tutorial_taskflow_api to None, run_after=None
[2024-07-02T09:13:10.017+0000] {processor.py:183} INFO - Processing /home/airflow/.local/lib/python3.8/site-packages/airflow/example_dags/tutorial_taskflow_api.py took 0.058 seconds
[2024-07-02T09:13:40.458+0000] {processor.py:161} INFO - Started process (PID=1098) to work on /home/airflow/.local/lib/python3.8/site-packages/airflow/example_dags/tutorial_taskflow_api.py
[2024-07-02T09:13:40.459+0000] {processor.py:830} INFO - Processing file /home/airflow/.local/lib/python3.8/site-packages/airflow/example_dags/tutorial_taskflow_api.py for tasks to queue
[2024-07-02T09:13:40.461+0000] {logging_mixin.py:188} INFO - [2024-07-02T09:13:40.461+0000] {dagbag.py:538} INFO - Filling up the DagBag from /home/airflow/.local/lib/python3.8/site-packages/airflow/example_dags/tutorial_taskflow_api.py
[2024-07-02T09:13:40.468+0000] {processor.py:840} INFO - DAG(s) 'tutorial_taskflow_api' retrieved from /home/airflow/.local/lib/python3.8/site-packages/airflow/example_dags/tutorial_taskflow_api.py
[2024-07-02T09:13:40.486+0000] {logging_mixin.py:188} INFO - [2024-07-02T09:13:40.486+0000] {dag.py:3033} INFO - Sync 1 DAGs
[2024-07-02T09:13:40.497+0000] {logging_mixin.py:188} INFO - [2024-07-02T09:13:40.497+0000] {dag.py:3820} INFO - Setting next_dagrun for tutorial_taskflow_api to None, run_after=None
[2024-07-02T09:13:40.514+0000] {processor.py:183} INFO - Processing /home/airflow/.local/lib/python3.8/site-packages/airflow/example_dags/tutorial_taskflow_api.py took 0.058 seconds
[2024-07-02T09:14:10.963+0000] {processor.py:161} INFO - Started process (PID=1153) to work on /home/airflow/.local/lib/python3.8/site-packages/airflow/example_dags/tutorial_taskflow_api.py
[2024-07-02T09:14:10.964+0000] {processor.py:830} INFO - Processing file /home/airflow/.local/lib/python3.8/site-packages/airflow/example_dags/tutorial_taskflow_api.py for tasks to queue
[2024-07-02T09:14:10.965+0000] {logging_mixin.py:188} INFO - [2024-07-02T09:14:10.965+0000] {dagbag.py:538} INFO - Filling up the DagBag from /home/airflow/.local/lib/python3.8/site-packages/airflow/example_dags/tutorial_taskflow_api.py
[2024-07-02T09:14:10.971+0000] {processor.py:840} INFO - DAG(s) 'tutorial_taskflow_api' retrieved from /home/airflow/.local/lib/python3.8/site-packages/airflow/example_dags/tutorial_taskflow_api.py
[2024-07-02T09:14:10.988+0000] {logging_mixin.py:188} INFO - [2024-07-02T09:14:10.988+0000] {dag.py:3033} INFO - Sync 1 DAGs
[2024-07-02T09:14:11.001+0000] {logging_mixin.py:188} INFO - [2024-07-02T09:14:11.001+0000] {dag.py:3820} INFO - Setting next_dagrun for tutorial_taskflow_api to None, run_after=None
[2024-07-02T09:14:11.020+0000] {processor.py:183} INFO - Processing /home/airflow/.local/lib/python3.8/site-packages/airflow/example_dags/tutorial_taskflow_api.py took 0.059 seconds
[2024-07-02T09:14:41.415+0000] {processor.py:161} INFO - Started process (PID=1208) to work on /home/airflow/.local/lib/python3.8/site-packages/airflow/example_dags/tutorial_taskflow_api.py
[2024-07-02T09:14:41.416+0000] {processor.py:830} INFO - Processing file /home/airflow/.local/lib/python3.8/site-packages/airflow/example_dags/tutorial_taskflow_api.py for tasks to queue
[2024-07-02T09:14:41.417+0000] {logging_mixin.py:188} INFO - [2024-07-02T09:14:41.417+0000] {dagbag.py:538} INFO - Filling up the DagBag from /home/airflow/.local/lib/python3.8/site-packages/airflow/example_dags/tutorial_taskflow_api.py
[2024-07-02T09:14:41.423+0000] {processor.py:840} INFO - DAG(s) 'tutorial_taskflow_api' retrieved from /home/airflow/.local/lib/python3.8/site-packages/airflow/example_dags/tutorial_taskflow_api.py
[2024-07-02T09:14:41.443+0000] {logging_mixin.py:188} INFO - [2024-07-02T09:14:41.442+0000] {dag.py:3033} INFO - Sync 1 DAGs
[2024-07-02T09:14:41.455+0000] {logging_mixin.py:188} INFO - [2024-07-02T09:14:41.454+0000] {dag.py:3820} INFO - Setting next_dagrun for tutorial_taskflow_api to None, run_after=None
[2024-07-02T09:14:41.471+0000] {processor.py:183} INFO - Processing /home/airflow/.local/lib/python3.8/site-packages/airflow/example_dags/tutorial_taskflow_api.py took 0.059 seconds
[2024-07-02T09:15:11.993+0000] {processor.py:161} INFO - Started process (PID=1263) to work on /home/airflow/.local/lib/python3.8/site-packages/airflow/example_dags/tutorial_taskflow_api.py
[2024-07-02T09:15:11.995+0000] {processor.py:830} INFO - Processing file /home/airflow/.local/lib/python3.8/site-packages/airflow/example_dags/tutorial_taskflow_api.py for tasks to queue
[2024-07-02T09:15:11.997+0000] {logging_mixin.py:188} INFO - [2024-07-02T09:15:11.996+0000] {dagbag.py:538} INFO - Filling up the DagBag from /home/airflow/.local/lib/python3.8/site-packages/airflow/example_dags/tutorial_taskflow_api.py
[2024-07-02T09:15:12.005+0000] {processor.py:840} INFO - DAG(s) 'tutorial_taskflow_api' retrieved from /home/airflow/.local/lib/python3.8/site-packages/airflow/example_dags/tutorial_taskflow_api.py
[2024-07-02T09:15:12.028+0000] {logging_mixin.py:188} INFO - [2024-07-02T09:15:12.028+0000] {dag.py:3033} INFO - Sync 1 DAGs
[2024-07-02T09:15:12.043+0000] {logging_mixin.py:188} INFO - [2024-07-02T09:15:12.043+0000] {dag.py:3820} INFO - Setting next_dagrun for tutorial_taskflow_api to None, run_after=None
[2024-07-02T09:15:12.059+0000] {processor.py:183} INFO - Processing /home/airflow/.local/lib/python3.8/site-packages/airflow/example_dags/tutorial_taskflow_api.py took 0.070 seconds
[2024-07-02T09:15:42.401+0000] {processor.py:161} INFO - Started process (PID=1318) to work on /home/airflow/.local/lib/python3.8/site-packages/airflow/example_dags/tutorial_taskflow_api.py
[2024-07-02T09:15:42.402+0000] {processor.py:830} INFO - Processing file /home/airflow/.local/lib/python3.8/site-packages/airflow/example_dags/tutorial_taskflow_api.py for tasks to queue
[2024-07-02T09:15:42.404+0000] {logging_mixin.py:188} INFO - [2024-07-02T09:15:42.404+0000] {dagbag.py:538} INFO - Filling up the DagBag from /home/airflow/.local/lib/python3.8/site-packages/airflow/example_dags/tutorial_taskflow_api.py
[2024-07-02T09:15:42.409+0000] {processor.py:840} INFO - DAG(s) 'tutorial_taskflow_api' retrieved from /home/airflow/.local/lib/python3.8/site-packages/airflow/example_dags/tutorial_taskflow_api.py
[2024-07-02T09:15:42.427+0000] {logging_mixin.py:188} INFO - [2024-07-02T09:15:42.426+0000] {dag.py:3033} INFO - Sync 1 DAGs
[2024-07-02T09:15:42.438+0000] {logging_mixin.py:188} INFO - [2024-07-02T09:15:42.438+0000] {dag.py:3820} INFO - Setting next_dagrun for tutorial_taskflow_api to None, run_after=None
[2024-07-02T09:15:42.457+0000] {processor.py:183} INFO - Processing /home/airflow/.local/lib/python3.8/site-packages/airflow/example_dags/tutorial_taskflow_api.py took 0.058 seconds
[2024-07-02T09:16:13.070+0000] {processor.py:161} INFO - Started process (PID=1372) to work on /home/airflow/.local/lib/python3.8/site-packages/airflow/example_dags/tutorial_taskflow_api.py
[2024-07-02T09:16:13.071+0000] {processor.py:830} INFO - Processing file /home/airflow/.local/lib/python3.8/site-packages/airflow/example_dags/tutorial_taskflow_api.py for tasks to queue
[2024-07-02T09:16:13.072+0000] {logging_mixin.py:188} INFO - [2024-07-02T09:16:13.072+0000] {dagbag.py:538} INFO - Filling up the DagBag from /home/airflow/.local/lib/python3.8/site-packages/airflow/example_dags/tutorial_taskflow_api.py
[2024-07-02T09:16:13.078+0000] {processor.py:840} INFO - DAG(s) 'tutorial_taskflow_api' retrieved from /home/airflow/.local/lib/python3.8/site-packages/airflow/example_dags/tutorial_taskflow_api.py
[2024-07-02T09:16:13.097+0000] {logging_mixin.py:188} INFO - [2024-07-02T09:16:13.097+0000] {dag.py:3033} INFO - Sync 1 DAGs
[2024-07-02T09:16:13.109+0000] {logging_mixin.py:188} INFO - [2024-07-02T09:16:13.109+0000] {dag.py:3820} INFO - Setting next_dagrun for tutorial_taskflow_api to None, run_after=None
[2024-07-02T09:16:13.125+0000] {processor.py:183} INFO - Processing /home/airflow/.local/lib/python3.8/site-packages/airflow/example_dags/tutorial_taskflow_api.py took 0.058 seconds
[2024-07-02T09:16:43.638+0000] {processor.py:161} INFO - Started process (PID=1427) to work on /home/airflow/.local/lib/python3.8/site-packages/airflow/example_dags/tutorial_taskflow_api.py
[2024-07-02T09:16:43.639+0000] {processor.py:830} INFO - Processing file /home/airflow/.local/lib/python3.8/site-packages/airflow/example_dags/tutorial_taskflow_api.py for tasks to queue
[2024-07-02T09:16:43.641+0000] {logging_mixin.py:188} INFO - [2024-07-02T09:16:43.640+0000] {dagbag.py:538} INFO - Filling up the DagBag from /home/airflow/.local/lib/python3.8/site-packages/airflow/example_dags/tutorial_taskflow_api.py
[2024-07-02T09:16:43.646+0000] {processor.py:840} INFO - DAG(s) 'tutorial_taskflow_api' retrieved from /home/airflow/.local/lib/python3.8/site-packages/airflow/example_dags/tutorial_taskflow_api.py
[2024-07-02T09:16:43.665+0000] {logging_mixin.py:188} INFO - [2024-07-02T09:16:43.665+0000] {dag.py:3033} INFO - Sync 1 DAGs
[2024-07-02T09:16:43.677+0000] {logging_mixin.py:188} INFO - [2024-07-02T09:16:43.677+0000] {dag.py:3820} INFO - Setting next_dagrun for tutorial_taskflow_api to None, run_after=None
[2024-07-02T09:16:43.696+0000] {processor.py:183} INFO - Processing /home/airflow/.local/lib/python3.8/site-packages/airflow/example_dags/tutorial_taskflow_api.py took 0.061 seconds
[2024-07-02T09:17:14.152+0000] {processor.py:161} INFO - Started process (PID=1482) to work on /home/airflow/.local/lib/python3.8/site-packages/airflow/example_dags/tutorial_taskflow_api.py
[2024-07-02T09:17:14.154+0000] {processor.py:830} INFO - Processing file /home/airflow/.local/lib/python3.8/site-packages/airflow/example_dags/tutorial_taskflow_api.py for tasks to queue
[2024-07-02T09:17:14.156+0000] {logging_mixin.py:188} INFO - [2024-07-02T09:17:14.156+0000] {dagbag.py:538} INFO - Filling up the DagBag from /home/airflow/.local/lib/python3.8/site-packages/airflow/example_dags/tutorial_taskflow_api.py
[2024-07-02T09:17:14.162+0000] {processor.py:840} INFO - DAG(s) 'tutorial_taskflow_api' retrieved from /home/airflow/.local/lib/python3.8/site-packages/airflow/example_dags/tutorial_taskflow_api.py
[2024-07-02T09:17:14.182+0000] {logging_mixin.py:188} INFO - [2024-07-02T09:17:14.182+0000] {dag.py:3033} INFO - Sync 1 DAGs
[2024-07-02T09:17:14.194+0000] {logging_mixin.py:188} INFO - [2024-07-02T09:17:14.193+0000] {dag.py:3820} INFO - Setting next_dagrun for tutorial_taskflow_api to None, run_after=None
[2024-07-02T09:17:14.210+0000] {processor.py:183} INFO - Processing /home/airflow/.local/lib/python3.8/site-packages/airflow/example_dags/tutorial_taskflow_api.py took 0.060 seconds
[2024-07-02T09:17:44.575+0000] {processor.py:161} INFO - Started process (PID=1538) to work on /home/airflow/.local/lib/python3.8/site-packages/airflow/example_dags/tutorial_taskflow_api.py
[2024-07-02T09:17:44.576+0000] {processor.py:830} INFO - Processing file /home/airflow/.local/lib/python3.8/site-packages/airflow/example_dags/tutorial_taskflow_api.py for tasks to queue
[2024-07-02T09:17:44.578+0000] {logging_mixin.py:188} INFO - [2024-07-02T09:17:44.577+0000] {dagbag.py:538} INFO - Filling up the DagBag from /home/airflow/.local/lib/python3.8/site-packages/airflow/example_dags/tutorial_taskflow_api.py
[2024-07-02T09:17:44.583+0000] {processor.py:840} INFO - DAG(s) 'tutorial_taskflow_api' retrieved from /home/airflow/.local/lib/python3.8/site-packages/airflow/example_dags/tutorial_taskflow_api.py
[2024-07-02T09:17:44.602+0000] {logging_mixin.py:188} INFO - [2024-07-02T09:17:44.602+0000] {dag.py:3033} INFO - Sync 1 DAGs
[2024-07-02T09:17:44.614+0000] {logging_mixin.py:188} INFO - [2024-07-02T09:17:44.614+0000] {dag.py:3820} INFO - Setting next_dagrun for tutorial_taskflow_api to None, run_after=None
[2024-07-02T09:17:44.631+0000] {processor.py:183} INFO - Processing /home/airflow/.local/lib/python3.8/site-packages/airflow/example_dags/tutorial_taskflow_api.py took 0.058 seconds
[2024-07-02T09:18:15.114+0000] {processor.py:161} INFO - Started process (PID=1593) to work on /home/airflow/.local/lib/python3.8/site-packages/airflow/example_dags/tutorial_taskflow_api.py
[2024-07-02T09:18:15.115+0000] {processor.py:830} INFO - Processing file /home/airflow/.local/lib/python3.8/site-packages/airflow/example_dags/tutorial_taskflow_api.py for tasks to queue
[2024-07-02T09:18:15.117+0000] {logging_mixin.py:188} INFO - [2024-07-02T09:18:15.116+0000] {dagbag.py:538} INFO - Filling up the DagBag from /home/airflow/.local/lib/python3.8/site-packages/airflow/example_dags/tutorial_taskflow_api.py
[2024-07-02T09:18:15.123+0000] {processor.py:840} INFO - DAG(s) 'tutorial_taskflow_api' retrieved from /home/airflow/.local/lib/python3.8/site-packages/airflow/example_dags/tutorial_taskflow_api.py
[2024-07-02T09:18:15.142+0000] {logging_mixin.py:188} INFO - [2024-07-02T09:18:15.142+0000] {dag.py:3033} INFO - Sync 1 DAGs
[2024-07-02T09:18:15.153+0000] {logging_mixin.py:188} INFO - [2024-07-02T09:18:15.153+0000] {dag.py:3820} INFO - Setting next_dagrun for tutorial_taskflow_api to None, run_after=None
[2024-07-02T09:18:15.170+0000] {processor.py:183} INFO - Processing /home/airflow/.local/lib/python3.8/site-packages/airflow/example_dags/tutorial_taskflow_api.py took 0.058 seconds
[2024-07-02T09:18:45.539+0000] {processor.py:161} INFO - Started process (PID=1648) to work on /home/airflow/.local/lib/python3.8/site-packages/airflow/example_dags/tutorial_taskflow_api.py
[2024-07-02T09:18:45.539+0000] {processor.py:830} INFO - Processing file /home/airflow/.local/lib/python3.8/site-packages/airflow/example_dags/tutorial_taskflow_api.py for tasks to queue
[2024-07-02T09:18:45.541+0000] {logging_mixin.py:188} INFO - [2024-07-02T09:18:45.541+0000] {dagbag.py:538} INFO - Filling up the DagBag from /home/airflow/.local/lib/python3.8/site-packages/airflow/example_dags/tutorial_taskflow_api.py
[2024-07-02T09:18:45.547+0000] {processor.py:840} INFO - DAG(s) 'tutorial_taskflow_api' retrieved from /home/airflow/.local/lib/python3.8/site-packages/airflow/example_dags/tutorial_taskflow_api.py
[2024-07-02T09:18:45.566+0000] {logging_mixin.py:188} INFO - [2024-07-02T09:18:45.566+0000] {dag.py:3033} INFO - Sync 1 DAGs
[2024-07-02T09:18:45.589+0000] {logging_mixin.py:188} INFO - [2024-07-02T09:18:45.589+0000] {dag.py:3820} INFO - Setting next_dagrun for tutorial_taskflow_api to None, run_after=None
[2024-07-02T09:18:45.611+0000] {processor.py:183} INFO - Processing /home/airflow/.local/lib/python3.8/site-packages/airflow/example_dags/tutorial_taskflow_api.py took 0.075 seconds
[2024-07-02T09:19:15.971+0000] {processor.py:161} INFO - Started process (PID=1703) to work on /home/airflow/.local/lib/python3.8/site-packages/airflow/example_dags/tutorial_taskflow_api.py
[2024-07-02T09:19:15.972+0000] {processor.py:830} INFO - Processing file /home/airflow/.local/lib/python3.8/site-packages/airflow/example_dags/tutorial_taskflow_api.py for tasks to queue
[2024-07-02T09:19:15.973+0000] {logging_mixin.py:188} INFO - [2024-07-02T09:19:15.973+0000] {dagbag.py:538} INFO - Filling up the DagBag from /home/airflow/.local/lib/python3.8/site-packages/airflow/example_dags/tutorial_taskflow_api.py
[2024-07-02T09:19:15.979+0000] {processor.py:840} INFO - DAG(s) 'tutorial_taskflow_api' retrieved from /home/airflow/.local/lib/python3.8/site-packages/airflow/example_dags/tutorial_taskflow_api.py
[2024-07-02T09:19:16.000+0000] {logging_mixin.py:188} INFO - [2024-07-02T09:19:16.000+0000] {dag.py:3033} INFO - Sync 1 DAGs
[2024-07-02T09:19:16.015+0000] {logging_mixin.py:188} INFO - [2024-07-02T09:19:16.015+0000] {dag.py:3820} INFO - Setting next_dagrun for tutorial_taskflow_api to None, run_after=None
[2024-07-02T09:19:16.033+0000] {processor.py:183} INFO - Processing /home/airflow/.local/lib/python3.8/site-packages/airflow/example_dags/tutorial_taskflow_api.py took 0.065 seconds
[2024-07-02T09:19:46.179+0000] {processor.py:161} INFO - Started process (PID=1757) to work on /home/airflow/.local/lib/python3.8/site-packages/airflow/example_dags/tutorial_taskflow_api.py
[2024-07-02T09:19:46.180+0000] {processor.py:830} INFO - Processing file /home/airflow/.local/lib/python3.8/site-packages/airflow/example_dags/tutorial_taskflow_api.py for tasks to queue
[2024-07-02T09:19:46.182+0000] {logging_mixin.py:188} INFO - [2024-07-02T09:19:46.182+0000] {dagbag.py:538} INFO - Filling up the DagBag from /home/airflow/.local/lib/python3.8/site-packages/airflow/example_dags/tutorial_taskflow_api.py
[2024-07-02T09:19:46.189+0000] {processor.py:840} INFO - DAG(s) 'tutorial_taskflow_api' retrieved from /home/airflow/.local/lib/python3.8/site-packages/airflow/example_dags/tutorial_taskflow_api.py
[2024-07-02T09:19:46.212+0000] {logging_mixin.py:188} INFO - [2024-07-02T09:19:46.212+0000] {dag.py:3033} INFO - Sync 1 DAGs
[2024-07-02T09:19:46.234+0000] {logging_mixin.py:188} INFO - [2024-07-02T09:19:46.233+0000] {dag.py:3820} INFO - Setting next_dagrun for tutorial_taskflow_api to None, run_after=None
[2024-07-02T09:19:46.265+0000] {processor.py:183} INFO - Processing /home/airflow/.local/lib/python3.8/site-packages/airflow/example_dags/tutorial_taskflow_api.py took 0.089 seconds
[2024-07-02T09:20:16.836+0000] {processor.py:161} INFO - Started process (PID=1811) to work on /home/airflow/.local/lib/python3.8/site-packages/airflow/example_dags/tutorial_taskflow_api.py
[2024-07-02T09:20:16.837+0000] {processor.py:830} INFO - Processing file /home/airflow/.local/lib/python3.8/site-packages/airflow/example_dags/tutorial_taskflow_api.py for tasks to queue
[2024-07-02T09:20:16.839+0000] {logging_mixin.py:188} INFO - [2024-07-02T09:20:16.838+0000] {dagbag.py:538} INFO - Filling up the DagBag from /home/airflow/.local/lib/python3.8/site-packages/airflow/example_dags/tutorial_taskflow_api.py
[2024-07-02T09:20:16.844+0000] {processor.py:840} INFO - DAG(s) 'tutorial_taskflow_api' retrieved from /home/airflow/.local/lib/python3.8/site-packages/airflow/example_dags/tutorial_taskflow_api.py
[2024-07-02T09:20:16.866+0000] {logging_mixin.py:188} INFO - [2024-07-02T09:20:16.866+0000] {dag.py:3033} INFO - Sync 1 DAGs
[2024-07-02T09:20:16.884+0000] {logging_mixin.py:188} INFO - [2024-07-02T09:20:16.883+0000] {dag.py:3820} INFO - Setting next_dagrun for tutorial_taskflow_api to None, run_after=None
[2024-07-02T09:20:16.904+0000] {processor.py:183} INFO - Processing /home/airflow/.local/lib/python3.8/site-packages/airflow/example_dags/tutorial_taskflow_api.py took 0.070 seconds
[2024-07-02T09:20:47.475+0000] {processor.py:161} INFO - Started process (PID=1866) to work on /home/airflow/.local/lib/python3.8/site-packages/airflow/example_dags/tutorial_taskflow_api.py
[2024-07-02T09:20:47.476+0000] {processor.py:830} INFO - Processing file /home/airflow/.local/lib/python3.8/site-packages/airflow/example_dags/tutorial_taskflow_api.py for tasks to queue
[2024-07-02T09:20:47.478+0000] {logging_mixin.py:188} INFO - [2024-07-02T09:20:47.478+0000] {dagbag.py:538} INFO - Filling up the DagBag from /home/airflow/.local/lib/python3.8/site-packages/airflow/example_dags/tutorial_taskflow_api.py
[2024-07-02T09:20:47.484+0000] {processor.py:840} INFO - DAG(s) 'tutorial_taskflow_api' retrieved from /home/airflow/.local/lib/python3.8/site-packages/airflow/example_dags/tutorial_taskflow_api.py
[2024-07-02T09:20:47.503+0000] {logging_mixin.py:188} INFO - [2024-07-02T09:20:47.503+0000] {dag.py:3033} INFO - Sync 1 DAGs
[2024-07-02T09:20:47.517+0000] {logging_mixin.py:188} INFO - [2024-07-02T09:20:47.517+0000] {dag.py:3820} INFO - Setting next_dagrun for tutorial_taskflow_api to None, run_after=None
[2024-07-02T09:20:47.537+0000] {processor.py:183} INFO - Processing /home/airflow/.local/lib/python3.8/site-packages/airflow/example_dags/tutorial_taskflow_api.py took 0.065 seconds
[2024-07-02T09:21:18.495+0000] {processor.py:161} INFO - Started process (PID=1921) to work on /home/airflow/.local/lib/python3.8/site-packages/airflow/example_dags/tutorial_taskflow_api.py
[2024-07-02T09:21:18.496+0000] {processor.py:830} INFO - Processing file /home/airflow/.local/lib/python3.8/site-packages/airflow/example_dags/tutorial_taskflow_api.py for tasks to queue
[2024-07-02T09:21:18.498+0000] {logging_mixin.py:188} INFO - [2024-07-02T09:21:18.498+0000] {dagbag.py:538} INFO - Filling up the DagBag from /home/airflow/.local/lib/python3.8/site-packages/airflow/example_dags/tutorial_taskflow_api.py
[2024-07-02T09:21:18.507+0000] {processor.py:840} INFO - DAG(s) 'tutorial_taskflow_api' retrieved from /home/airflow/.local/lib/python3.8/site-packages/airflow/example_dags/tutorial_taskflow_api.py
[2024-07-02T09:21:18.547+0000] {logging_mixin.py:188} INFO - [2024-07-02T09:21:18.546+0000] {dag.py:3033} INFO - Sync 1 DAGs
[2024-07-02T09:21:18.566+0000] {logging_mixin.py:188} INFO - [2024-07-02T09:21:18.565+0000] {dag.py:3820} INFO - Setting next_dagrun for tutorial_taskflow_api to None, run_after=None
[2024-07-02T09:21:18.588+0000] {processor.py:183} INFO - Processing /home/airflow/.local/lib/python3.8/site-packages/airflow/example_dags/tutorial_taskflow_api.py took 0.098 seconds
[2024-07-02T09:21:48.975+0000] {processor.py:161} INFO - Started process (PID=1975) to work on /home/airflow/.local/lib/python3.8/site-packages/airflow/example_dags/tutorial_taskflow_api.py
[2024-07-02T09:21:48.978+0000] {processor.py:830} INFO - Processing file /home/airflow/.local/lib/python3.8/site-packages/airflow/example_dags/tutorial_taskflow_api.py for tasks to queue
[2024-07-02T09:21:48.980+0000] {logging_mixin.py:188} INFO - [2024-07-02T09:21:48.980+0000] {dagbag.py:538} INFO - Filling up the DagBag from /home/airflow/.local/lib/python3.8/site-packages/airflow/example_dags/tutorial_taskflow_api.py
[2024-07-02T09:21:48.988+0000] {processor.py:840} INFO - DAG(s) 'tutorial_taskflow_api' retrieved from /home/airflow/.local/lib/python3.8/site-packages/airflow/example_dags/tutorial_taskflow_api.py
[2024-07-02T09:21:49.016+0000] {logging_mixin.py:188} INFO - [2024-07-02T09:21:49.016+0000] {dag.py:3033} INFO - Sync 1 DAGs
[2024-07-02T09:21:49.033+0000] {logging_mixin.py:188} INFO - [2024-07-02T09:21:49.032+0000] {dag.py:3820} INFO - Setting next_dagrun for tutorial_taskflow_api to None, run_after=None
[2024-07-02T09:21:49.057+0000] {processor.py:183} INFO - Processing /home/airflow/.local/lib/python3.8/site-packages/airflow/example_dags/tutorial_taskflow_api.py took 0.086 seconds
[2024-07-02T09:22:19.187+0000] {processor.py:161} INFO - Started process (PID=2030) to work on /home/airflow/.local/lib/python3.8/site-packages/airflow/example_dags/tutorial_taskflow_api.py
[2024-07-02T09:22:19.188+0000] {processor.py:830} INFO - Processing file /home/airflow/.local/lib/python3.8/site-packages/airflow/example_dags/tutorial_taskflow_api.py for tasks to queue
[2024-07-02T09:22:19.190+0000] {logging_mixin.py:188} INFO - [2024-07-02T09:22:19.190+0000] {dagbag.py:538} INFO - Filling up the DagBag from /home/airflow/.local/lib/python3.8/site-packages/airflow/example_dags/tutorial_taskflow_api.py
[2024-07-02T09:22:19.197+0000] {processor.py:840} INFO - DAG(s) 'tutorial_taskflow_api' retrieved from /home/airflow/.local/lib/python3.8/site-packages/airflow/example_dags/tutorial_taskflow_api.py
[2024-07-02T09:22:19.221+0000] {logging_mixin.py:188} INFO - [2024-07-02T09:22:19.221+0000] {dag.py:3033} INFO - Sync 1 DAGs
[2024-07-02T09:22:19.236+0000] {logging_mixin.py:188} INFO - [2024-07-02T09:22:19.236+0000] {dag.py:3820} INFO - Setting next_dagrun for tutorial_taskflow_api to None, run_after=None
[2024-07-02T09:22:19.260+0000] {processor.py:183} INFO - Processing /home/airflow/.local/lib/python3.8/site-packages/airflow/example_dags/tutorial_taskflow_api.py took 0.076 seconds
[2024-07-02T09:22:49.668+0000] {processor.py:161} INFO - Started process (PID=2085) to work on /home/airflow/.local/lib/python3.8/site-packages/airflow/example_dags/tutorial_taskflow_api.py
[2024-07-02T09:22:49.669+0000] {processor.py:830} INFO - Processing file /home/airflow/.local/lib/python3.8/site-packages/airflow/example_dags/tutorial_taskflow_api.py for tasks to queue
[2024-07-02T09:22:49.671+0000] {logging_mixin.py:188} INFO - [2024-07-02T09:22:49.671+0000] {dagbag.py:538} INFO - Filling up the DagBag from /home/airflow/.local/lib/python3.8/site-packages/airflow/example_dags/tutorial_taskflow_api.py
[2024-07-02T09:22:49.678+0000] {processor.py:840} INFO - DAG(s) 'tutorial_taskflow_api' retrieved from /home/airflow/.local/lib/python3.8/site-packages/airflow/example_dags/tutorial_taskflow_api.py
[2024-07-02T09:22:49.701+0000] {logging_mixin.py:188} INFO - [2024-07-02T09:22:49.701+0000] {dag.py:3033} INFO - Sync 1 DAGs
[2024-07-02T09:22:49.716+0000] {logging_mixin.py:188} INFO - [2024-07-02T09:22:49.716+0000] {dag.py:3820} INFO - Setting next_dagrun for tutorial_taskflow_api to None, run_after=None
[2024-07-02T09:22:49.740+0000] {processor.py:183} INFO - Processing /home/airflow/.local/lib/python3.8/site-packages/airflow/example_dags/tutorial_taskflow_api.py took 0.075 seconds
[2024-07-02T09:23:19.869+0000] {processor.py:161} INFO - Started process (PID=2140) to work on /home/airflow/.local/lib/python3.8/site-packages/airflow/example_dags/tutorial_taskflow_api.py
[2024-07-02T09:23:19.869+0000] {processor.py:830} INFO - Processing file /home/airflow/.local/lib/python3.8/site-packages/airflow/example_dags/tutorial_taskflow_api.py for tasks to queue
[2024-07-02T09:23:19.871+0000] {logging_mixin.py:188} INFO - [2024-07-02T09:23:19.871+0000] {dagbag.py:538} INFO - Filling up the DagBag from /home/airflow/.local/lib/python3.8/site-packages/airflow/example_dags/tutorial_taskflow_api.py
[2024-07-02T09:23:19.877+0000] {processor.py:840} INFO - DAG(s) 'tutorial_taskflow_api' retrieved from /home/airflow/.local/lib/python3.8/site-packages/airflow/example_dags/tutorial_taskflow_api.py
[2024-07-02T09:23:19.895+0000] {logging_mixin.py:188} INFO - [2024-07-02T09:23:19.895+0000] {dag.py:3033} INFO - Sync 1 DAGs
[2024-07-02T09:23:19.907+0000] {logging_mixin.py:188} INFO - [2024-07-02T09:23:19.906+0000] {dag.py:3820} INFO - Setting next_dagrun for tutorial_taskflow_api to None, run_after=None
[2024-07-02T09:23:19.923+0000] {processor.py:183} INFO - Processing /home/airflow/.local/lib/python3.8/site-packages/airflow/example_dags/tutorial_taskflow_api.py took 0.057 seconds
[2024-07-02T09:23:50.521+0000] {processor.py:161} INFO - Started process (PID=2195) to work on /home/airflow/.local/lib/python3.8/site-packages/airflow/example_dags/tutorial_taskflow_api.py
[2024-07-02T09:23:50.522+0000] {processor.py:830} INFO - Processing file /home/airflow/.local/lib/python3.8/site-packages/airflow/example_dags/tutorial_taskflow_api.py for tasks to queue
[2024-07-02T09:23:50.524+0000] {logging_mixin.py:188} INFO - [2024-07-02T09:23:50.524+0000] {dagbag.py:538} INFO - Filling up the DagBag from /home/airflow/.local/lib/python3.8/site-packages/airflow/example_dags/tutorial_taskflow_api.py
[2024-07-02T09:23:50.530+0000] {processor.py:840} INFO - DAG(s) 'tutorial_taskflow_api' retrieved from /home/airflow/.local/lib/python3.8/site-packages/airflow/example_dags/tutorial_taskflow_api.py
[2024-07-02T09:23:50.548+0000] {logging_mixin.py:188} INFO - [2024-07-02T09:23:50.548+0000] {dag.py:3033} INFO - Sync 1 DAGs
[2024-07-02T09:23:50.560+0000] {logging_mixin.py:188} INFO - [2024-07-02T09:23:50.560+0000] {dag.py:3820} INFO - Setting next_dagrun for tutorial_taskflow_api to None, run_after=None
[2024-07-02T09:23:50.578+0000] {processor.py:183} INFO - Processing /home/airflow/.local/lib/python3.8/site-packages/airflow/example_dags/tutorial_taskflow_api.py took 0.060 seconds
