[2024-07-02T09:04:04.669+0000] {processor.py:161} INFO - Started process (PID=76) to work on /home/airflow/.local/lib/python3.8/site-packages/airflow/example_dags/tutorial_dag.py
[2024-07-02T09:04:04.670+0000] {processor.py:830} INFO - Processing file /home/airflow/.local/lib/python3.8/site-packages/airflow/example_dags/tutorial_dag.py for tasks to queue
[2024-07-02T09:04:04.673+0000] {logging_mixin.py:188} INFO - [2024-07-02T09:04:04.672+0000] {dagbag.py:538} INFO - Filling up the DagBag from /home/airflow/.local/lib/python3.8/site-packages/airflow/example_dags/tutorial_dag.py
[2024-07-02T09:04:04.683+0000] {processor.py:840} INFO - DAG(s) 'tutorial_dag' retrieved from /home/airflow/.local/lib/python3.8/site-packages/airflow/example_dags/tutorial_dag.py
[2024-07-02T09:04:04.786+0000] {logging_mixin.py:188} INFO - [2024-07-02T09:04:04.785+0000] {override.py:1769} INFO - Created Permission View: can edit on DAG:tutorial_dag
[2024-07-02T09:04:04.806+0000] {logging_mixin.py:188} INFO - [2024-07-02T09:04:04.805+0000] {override.py:1769} INFO - Created Permission View: can delete on DAG:tutorial_dag
[2024-07-02T09:04:04.816+0000] {logging_mixin.py:188} INFO - [2024-07-02T09:04:04.816+0000] {override.py:1769} INFO - Created Permission View: can read on DAG:tutorial_dag
[2024-07-02T09:04:04.817+0000] {logging_mixin.py:188} INFO - [2024-07-02T09:04:04.817+0000] {dag.py:3033} INFO - Sync 1 DAGs
[2024-07-02T09:04:04.835+0000] {logging_mixin.py:188} INFO - [2024-07-02T09:04:04.835+0000] {dag.py:3055} INFO - Creating ORM DAG for tutorial_dag
[2024-07-02T09:04:04.836+0000] {logging_mixin.py:188} INFO - [2024-07-02T09:04:04.836+0000] {dag.py:3820} INFO - Setting next_dagrun for tutorial_dag to None, run_after=None
[2024-07-02T09:04:04.862+0000] {processor.py:183} INFO - Processing /home/airflow/.local/lib/python3.8/site-packages/airflow/example_dags/tutorial_dag.py took 0.198 seconds
[2024-07-02T09:04:35.708+0000] {processor.py:161} INFO - Started process (PID=130) to work on /home/airflow/.local/lib/python3.8/site-packages/airflow/example_dags/tutorial_dag.py
[2024-07-02T09:04:35.709+0000] {processor.py:830} INFO - Processing file /home/airflow/.local/lib/python3.8/site-packages/airflow/example_dags/tutorial_dag.py for tasks to queue
[2024-07-02T09:04:35.712+0000] {logging_mixin.py:188} INFO - [2024-07-02T09:04:35.711+0000] {dagbag.py:538} INFO - Filling up the DagBag from /home/airflow/.local/lib/python3.8/site-packages/airflow/example_dags/tutorial_dag.py
[2024-07-02T09:04:35.719+0000] {processor.py:840} INFO - DAG(s) 'tutorial_dag' retrieved from /home/airflow/.local/lib/python3.8/site-packages/airflow/example_dags/tutorial_dag.py
[2024-07-02T09:04:35.745+0000] {logging_mixin.py:188} INFO - [2024-07-02T09:04:35.745+0000] {dag.py:3033} INFO - Sync 1 DAGs
[2024-07-02T09:04:35.762+0000] {logging_mixin.py:188} INFO - [2024-07-02T09:04:35.762+0000] {dag.py:3820} INFO - Setting next_dagrun for tutorial_dag to None, run_after=None
[2024-07-02T09:04:35.785+0000] {processor.py:183} INFO - Processing /home/airflow/.local/lib/python3.8/site-packages/airflow/example_dags/tutorial_dag.py took 0.081 seconds
[2024-07-02T09:05:05.869+0000] {processor.py:161} INFO - Started process (PID=186) to work on /home/airflow/.local/lib/python3.8/site-packages/airflow/example_dags/tutorial_dag.py
[2024-07-02T09:05:05.870+0000] {processor.py:830} INFO - Processing file /home/airflow/.local/lib/python3.8/site-packages/airflow/example_dags/tutorial_dag.py for tasks to queue
[2024-07-02T09:05:05.872+0000] {logging_mixin.py:188} INFO - [2024-07-02T09:05:05.872+0000] {dagbag.py:538} INFO - Filling up the DagBag from /home/airflow/.local/lib/python3.8/site-packages/airflow/example_dags/tutorial_dag.py
[2024-07-02T09:05:05.877+0000] {processor.py:840} INFO - DAG(s) 'tutorial_dag' retrieved from /home/airflow/.local/lib/python3.8/site-packages/airflow/example_dags/tutorial_dag.py
[2024-07-02T09:05:05.897+0000] {logging_mixin.py:188} INFO - [2024-07-02T09:05:05.897+0000] {dag.py:3033} INFO - Sync 1 DAGs
[2024-07-02T09:05:05.909+0000] {logging_mixin.py:188} INFO - [2024-07-02T09:05:05.909+0000] {dag.py:3820} INFO - Setting next_dagrun for tutorial_dag to None, run_after=None
[2024-07-02T09:05:05.925+0000] {processor.py:183} INFO - Processing /home/airflow/.local/lib/python3.8/site-packages/airflow/example_dags/tutorial_dag.py took 0.059 seconds
[2024-07-02T09:05:36.022+0000] {processor.py:161} INFO - Started process (PID=241) to work on /home/airflow/.local/lib/python3.8/site-packages/airflow/example_dags/tutorial_dag.py
[2024-07-02T09:05:36.022+0000] {processor.py:830} INFO - Processing file /home/airflow/.local/lib/python3.8/site-packages/airflow/example_dags/tutorial_dag.py for tasks to queue
[2024-07-02T09:05:36.024+0000] {logging_mixin.py:188} INFO - [2024-07-02T09:05:36.024+0000] {dagbag.py:538} INFO - Filling up the DagBag from /home/airflow/.local/lib/python3.8/site-packages/airflow/example_dags/tutorial_dag.py
[2024-07-02T09:05:36.029+0000] {processor.py:840} INFO - DAG(s) 'tutorial_dag' retrieved from /home/airflow/.local/lib/python3.8/site-packages/airflow/example_dags/tutorial_dag.py
[2024-07-02T09:05:36.052+0000] {logging_mixin.py:188} INFO - [2024-07-02T09:05:36.051+0000] {dag.py:3033} INFO - Sync 1 DAGs
[2024-07-02T09:05:36.066+0000] {logging_mixin.py:188} INFO - [2024-07-02T09:05:36.066+0000] {dag.py:3820} INFO - Setting next_dagrun for tutorial_dag to None, run_after=None
[2024-07-02T09:05:36.081+0000] {processor.py:183} INFO - Processing /home/airflow/.local/lib/python3.8/site-packages/airflow/example_dags/tutorial_dag.py took 0.062 seconds
[2024-07-02T09:06:06.906+0000] {processor.py:161} INFO - Started process (PID=296) to work on /home/airflow/.local/lib/python3.8/site-packages/airflow/example_dags/tutorial_dag.py
[2024-07-02T09:06:06.907+0000] {processor.py:830} INFO - Processing file /home/airflow/.local/lib/python3.8/site-packages/airflow/example_dags/tutorial_dag.py for tasks to queue
[2024-07-02T09:06:06.908+0000] {logging_mixin.py:188} INFO - [2024-07-02T09:06:06.908+0000] {dagbag.py:538} INFO - Filling up the DagBag from /home/airflow/.local/lib/python3.8/site-packages/airflow/example_dags/tutorial_dag.py
[2024-07-02T09:06:06.913+0000] {processor.py:840} INFO - DAG(s) 'tutorial_dag' retrieved from /home/airflow/.local/lib/python3.8/site-packages/airflow/example_dags/tutorial_dag.py
[2024-07-02T09:06:06.932+0000] {logging_mixin.py:188} INFO - [2024-07-02T09:06:06.932+0000] {dag.py:3033} INFO - Sync 1 DAGs
[2024-07-02T09:06:06.943+0000] {logging_mixin.py:188} INFO - [2024-07-02T09:06:06.943+0000] {dag.py:3820} INFO - Setting next_dagrun for tutorial_dag to None, run_after=None
[2024-07-02T09:06:06.960+0000] {processor.py:183} INFO - Processing /home/airflow/.local/lib/python3.8/site-packages/airflow/example_dags/tutorial_dag.py took 0.057 seconds
[2024-07-02T09:06:37.809+0000] {processor.py:161} INFO - Started process (PID=350) to work on /home/airflow/.local/lib/python3.8/site-packages/airflow/example_dags/tutorial_dag.py
[2024-07-02T09:06:37.810+0000] {processor.py:830} INFO - Processing file /home/airflow/.local/lib/python3.8/site-packages/airflow/example_dags/tutorial_dag.py for tasks to queue
[2024-07-02T09:06:37.813+0000] {logging_mixin.py:188} INFO - [2024-07-02T09:06:37.812+0000] {dagbag.py:538} INFO - Filling up the DagBag from /home/airflow/.local/lib/python3.8/site-packages/airflow/example_dags/tutorial_dag.py
[2024-07-02T09:06:37.820+0000] {processor.py:840} INFO - DAG(s) 'tutorial_dag' retrieved from /home/airflow/.local/lib/python3.8/site-packages/airflow/example_dags/tutorial_dag.py
[2024-07-02T09:06:37.844+0000] {logging_mixin.py:188} INFO - [2024-07-02T09:06:37.844+0000] {dag.py:3033} INFO - Sync 1 DAGs
[2024-07-02T09:06:37.861+0000] {logging_mixin.py:188} INFO - [2024-07-02T09:06:37.860+0000] {dag.py:3820} INFO - Setting next_dagrun for tutorial_dag to None, run_after=None
[2024-07-02T09:06:38.033+0000] {processor.py:183} INFO - Processing /home/airflow/.local/lib/python3.8/site-packages/airflow/example_dags/tutorial_dag.py took 0.228 seconds
[2024-07-02T09:07:08.949+0000] {processor.py:161} INFO - Started process (PID=405) to work on /home/airflow/.local/lib/python3.8/site-packages/airflow/example_dags/tutorial_dag.py
[2024-07-02T09:07:08.952+0000] {processor.py:830} INFO - Processing file /home/airflow/.local/lib/python3.8/site-packages/airflow/example_dags/tutorial_dag.py for tasks to queue
[2024-07-02T09:07:08.954+0000] {logging_mixin.py:188} INFO - [2024-07-02T09:07:08.954+0000] {dagbag.py:538} INFO - Filling up the DagBag from /home/airflow/.local/lib/python3.8/site-packages/airflow/example_dags/tutorial_dag.py
[2024-07-02T09:07:08.958+0000] {processor.py:840} INFO - DAG(s) 'tutorial_dag' retrieved from /home/airflow/.local/lib/python3.8/site-packages/airflow/example_dags/tutorial_dag.py
[2024-07-02T09:07:08.979+0000] {logging_mixin.py:188} INFO - [2024-07-02T09:07:08.979+0000] {dag.py:3033} INFO - Sync 1 DAGs
[2024-07-02T09:07:08.995+0000] {logging_mixin.py:188} INFO - [2024-07-02T09:07:08.994+0000] {dag.py:3820} INFO - Setting next_dagrun for tutorial_dag to None, run_after=None
[2024-07-02T09:07:09.014+0000] {processor.py:183} INFO - Processing /home/airflow/.local/lib/python3.8/site-packages/airflow/example_dags/tutorial_dag.py took 0.068 seconds
[2024-07-02T09:07:39.477+0000] {processor.py:161} INFO - Started process (PID=460) to work on /home/airflow/.local/lib/python3.8/site-packages/airflow/example_dags/tutorial_dag.py
[2024-07-02T09:07:39.481+0000] {processor.py:830} INFO - Processing file /home/airflow/.local/lib/python3.8/site-packages/airflow/example_dags/tutorial_dag.py for tasks to queue
[2024-07-02T09:07:39.483+0000] {logging_mixin.py:188} INFO - [2024-07-02T09:07:39.483+0000] {dagbag.py:538} INFO - Filling up the DagBag from /home/airflow/.local/lib/python3.8/site-packages/airflow/example_dags/tutorial_dag.py
[2024-07-02T09:07:39.490+0000] {processor.py:840} INFO - DAG(s) 'tutorial_dag' retrieved from /home/airflow/.local/lib/python3.8/site-packages/airflow/example_dags/tutorial_dag.py
[2024-07-02T09:07:39.511+0000] {logging_mixin.py:188} INFO - [2024-07-02T09:07:39.510+0000] {dag.py:3033} INFO - Sync 1 DAGs
[2024-07-02T09:07:39.523+0000] {logging_mixin.py:188} INFO - [2024-07-02T09:07:39.523+0000] {dag.py:3820} INFO - Setting next_dagrun for tutorial_dag to None, run_after=None
[2024-07-02T09:07:39.541+0000] {processor.py:183} INFO - Processing /home/airflow/.local/lib/python3.8/site-packages/airflow/example_dags/tutorial_dag.py took 0.068 seconds
[2024-07-02T09:08:10.130+0000] {processor.py:161} INFO - Started process (PID=515) to work on /home/airflow/.local/lib/python3.8/site-packages/airflow/example_dags/tutorial_dag.py
[2024-07-02T09:08:10.132+0000] {processor.py:830} INFO - Processing file /home/airflow/.local/lib/python3.8/site-packages/airflow/example_dags/tutorial_dag.py for tasks to queue
[2024-07-02T09:08:10.135+0000] {logging_mixin.py:188} INFO - [2024-07-02T09:08:10.134+0000] {dagbag.py:538} INFO - Filling up the DagBag from /home/airflow/.local/lib/python3.8/site-packages/airflow/example_dags/tutorial_dag.py
[2024-07-02T09:08:10.143+0000] {processor.py:840} INFO - DAG(s) 'tutorial_dag' retrieved from /home/airflow/.local/lib/python3.8/site-packages/airflow/example_dags/tutorial_dag.py
[2024-07-02T09:08:10.166+0000] {logging_mixin.py:188} INFO - [2024-07-02T09:08:10.166+0000] {dag.py:3033} INFO - Sync 1 DAGs
[2024-07-02T09:08:10.179+0000] {logging_mixin.py:188} INFO - [2024-07-02T09:08:10.179+0000] {dag.py:3820} INFO - Setting next_dagrun for tutorial_dag to None, run_after=None
[2024-07-02T09:08:10.199+0000] {processor.py:183} INFO - Processing /home/airflow/.local/lib/python3.8/site-packages/airflow/example_dags/tutorial_dag.py took 0.074 seconds
[2024-07-02T09:08:40.669+0000] {processor.py:161} INFO - Started process (PID=570) to work on /home/airflow/.local/lib/python3.8/site-packages/airflow/example_dags/tutorial_dag.py
[2024-07-02T09:08:40.670+0000] {processor.py:830} INFO - Processing file /home/airflow/.local/lib/python3.8/site-packages/airflow/example_dags/tutorial_dag.py for tasks to queue
[2024-07-02T09:08:40.673+0000] {logging_mixin.py:188} INFO - [2024-07-02T09:08:40.672+0000] {dagbag.py:538} INFO - Filling up the DagBag from /home/airflow/.local/lib/python3.8/site-packages/airflow/example_dags/tutorial_dag.py
[2024-07-02T09:08:40.679+0000] {processor.py:840} INFO - DAG(s) 'tutorial_dag' retrieved from /home/airflow/.local/lib/python3.8/site-packages/airflow/example_dags/tutorial_dag.py
[2024-07-02T09:08:40.705+0000] {logging_mixin.py:188} INFO - [2024-07-02T09:08:40.704+0000] {dag.py:3033} INFO - Sync 1 DAGs
[2024-07-02T09:08:40.718+0000] {logging_mixin.py:188} INFO - [2024-07-02T09:08:40.718+0000] {dag.py:3820} INFO - Setting next_dagrun for tutorial_dag to None, run_after=None
[2024-07-02T09:08:40.740+0000] {processor.py:183} INFO - Processing /home/airflow/.local/lib/python3.8/site-packages/airflow/example_dags/tutorial_dag.py took 0.075 seconds
[2024-07-02T09:09:11.223+0000] {processor.py:161} INFO - Started process (PID=625) to work on /home/airflow/.local/lib/python3.8/site-packages/airflow/example_dags/tutorial_dag.py
[2024-07-02T09:09:11.226+0000] {processor.py:830} INFO - Processing file /home/airflow/.local/lib/python3.8/site-packages/airflow/example_dags/tutorial_dag.py for tasks to queue
[2024-07-02T09:09:11.228+0000] {logging_mixin.py:188} INFO - [2024-07-02T09:09:11.228+0000] {dagbag.py:538} INFO - Filling up the DagBag from /home/airflow/.local/lib/python3.8/site-packages/airflow/example_dags/tutorial_dag.py
[2024-07-02T09:09:11.233+0000] {processor.py:840} INFO - DAG(s) 'tutorial_dag' retrieved from /home/airflow/.local/lib/python3.8/site-packages/airflow/example_dags/tutorial_dag.py
[2024-07-02T09:09:11.251+0000] {logging_mixin.py:188} INFO - [2024-07-02T09:09:11.251+0000] {dag.py:3033} INFO - Sync 1 DAGs
[2024-07-02T09:09:11.264+0000] {logging_mixin.py:188} INFO - [2024-07-02T09:09:11.264+0000] {dag.py:3820} INFO - Setting next_dagrun for tutorial_dag to None, run_after=None
[2024-07-02T09:09:11.283+0000] {processor.py:183} INFO - Processing /home/airflow/.local/lib/python3.8/site-packages/airflow/example_dags/tutorial_dag.py took 0.063 seconds
[2024-07-02T09:09:42.204+0000] {processor.py:161} INFO - Started process (PID=680) to work on /home/airflow/.local/lib/python3.8/site-packages/airflow/example_dags/tutorial_dag.py
[2024-07-02T09:09:42.208+0000] {processor.py:830} INFO - Processing file /home/airflow/.local/lib/python3.8/site-packages/airflow/example_dags/tutorial_dag.py for tasks to queue
[2024-07-02T09:09:42.212+0000] {logging_mixin.py:188} INFO - [2024-07-02T09:09:42.211+0000] {dagbag.py:538} INFO - Filling up the DagBag from /home/airflow/.local/lib/python3.8/site-packages/airflow/example_dags/tutorial_dag.py
[2024-07-02T09:09:42.220+0000] {processor.py:840} INFO - DAG(s) 'tutorial_dag' retrieved from /home/airflow/.local/lib/python3.8/site-packages/airflow/example_dags/tutorial_dag.py
[2024-07-02T09:09:42.252+0000] {logging_mixin.py:188} INFO - [2024-07-02T09:09:42.251+0000] {dag.py:3033} INFO - Sync 1 DAGs
[2024-07-02T09:09:42.269+0000] {logging_mixin.py:188} INFO - [2024-07-02T09:09:42.269+0000] {dag.py:3820} INFO - Setting next_dagrun for tutorial_dag to None, run_after=None
[2024-07-02T09:09:42.291+0000] {processor.py:183} INFO - Processing /home/airflow/.local/lib/python3.8/site-packages/airflow/example_dags/tutorial_dag.py took 0.096 seconds
[2024-07-02T09:10:13.223+0000] {processor.py:161} INFO - Started process (PID=735) to work on /home/airflow/.local/lib/python3.8/site-packages/airflow/example_dags/tutorial_dag.py
[2024-07-02T09:10:13.228+0000] {processor.py:830} INFO - Processing file /home/airflow/.local/lib/python3.8/site-packages/airflow/example_dags/tutorial_dag.py for tasks to queue
[2024-07-02T09:10:13.230+0000] {logging_mixin.py:188} INFO - [2024-07-02T09:10:13.230+0000] {dagbag.py:538} INFO - Filling up the DagBag from /home/airflow/.local/lib/python3.8/site-packages/airflow/example_dags/tutorial_dag.py
[2024-07-02T09:10:13.239+0000] {processor.py:840} INFO - DAG(s) 'tutorial_dag' retrieved from /home/airflow/.local/lib/python3.8/site-packages/airflow/example_dags/tutorial_dag.py
[2024-07-02T09:10:13.261+0000] {logging_mixin.py:188} INFO - [2024-07-02T09:10:13.261+0000] {dag.py:3033} INFO - Sync 1 DAGs
[2024-07-02T09:10:13.278+0000] {logging_mixin.py:188} INFO - [2024-07-02T09:10:13.278+0000] {dag.py:3820} INFO - Setting next_dagrun for tutorial_dag to None, run_after=None
[2024-07-02T09:10:13.300+0000] {processor.py:183} INFO - Processing /home/airflow/.local/lib/python3.8/site-packages/airflow/example_dags/tutorial_dag.py took 0.083 seconds
[2024-07-02T09:10:43.762+0000] {processor.py:161} INFO - Started process (PID=790) to work on /home/airflow/.local/lib/python3.8/site-packages/airflow/example_dags/tutorial_dag.py
[2024-07-02T09:10:43.767+0000] {processor.py:830} INFO - Processing file /home/airflow/.local/lib/python3.8/site-packages/airflow/example_dags/tutorial_dag.py for tasks to queue
[2024-07-02T09:10:43.770+0000] {logging_mixin.py:188} INFO - [2024-07-02T09:10:43.770+0000] {dagbag.py:538} INFO - Filling up the DagBag from /home/airflow/.local/lib/python3.8/site-packages/airflow/example_dags/tutorial_dag.py
[2024-07-02T09:10:43.780+0000] {processor.py:840} INFO - DAG(s) 'tutorial_dag' retrieved from /home/airflow/.local/lib/python3.8/site-packages/airflow/example_dags/tutorial_dag.py
[2024-07-02T09:10:43.810+0000] {logging_mixin.py:188} INFO - [2024-07-02T09:10:43.810+0000] {dag.py:3033} INFO - Sync 1 DAGs
[2024-07-02T09:10:43.823+0000] {logging_mixin.py:188} INFO - [2024-07-02T09:10:43.823+0000] {dag.py:3820} INFO - Setting next_dagrun for tutorial_dag to None, run_after=None
[2024-07-02T09:10:43.841+0000] {processor.py:183} INFO - Processing /home/airflow/.local/lib/python3.8/site-packages/airflow/example_dags/tutorial_dag.py took 0.084 seconds
[2024-07-02T09:11:14.319+0000] {processor.py:161} INFO - Started process (PID=845) to work on /home/airflow/.local/lib/python3.8/site-packages/airflow/example_dags/tutorial_dag.py
[2024-07-02T09:11:14.323+0000] {processor.py:830} INFO - Processing file /home/airflow/.local/lib/python3.8/site-packages/airflow/example_dags/tutorial_dag.py for tasks to queue
[2024-07-02T09:11:14.325+0000] {logging_mixin.py:188} INFO - [2024-07-02T09:11:14.324+0000] {dagbag.py:538} INFO - Filling up the DagBag from /home/airflow/.local/lib/python3.8/site-packages/airflow/example_dags/tutorial_dag.py
[2024-07-02T09:11:14.329+0000] {processor.py:840} INFO - DAG(s) 'tutorial_dag' retrieved from /home/airflow/.local/lib/python3.8/site-packages/airflow/example_dags/tutorial_dag.py
[2024-07-02T09:11:14.347+0000] {logging_mixin.py:188} INFO - [2024-07-02T09:11:14.346+0000] {dag.py:3033} INFO - Sync 1 DAGs
[2024-07-02T09:11:14.358+0000] {logging_mixin.py:188} INFO - [2024-07-02T09:11:14.358+0000] {dag.py:3820} INFO - Setting next_dagrun for tutorial_dag to None, run_after=None
[2024-07-02T09:11:14.376+0000] {processor.py:183} INFO - Processing /home/airflow/.local/lib/python3.8/site-packages/airflow/example_dags/tutorial_dag.py took 0.060 seconds
[2024-07-02T09:11:44.435+0000] {processor.py:161} INFO - Started process (PID=900) to work on /home/airflow/.local/lib/python3.8/site-packages/airflow/example_dags/tutorial_dag.py
[2024-07-02T09:11:44.439+0000] {processor.py:830} INFO - Processing file /home/airflow/.local/lib/python3.8/site-packages/airflow/example_dags/tutorial_dag.py for tasks to queue
[2024-07-02T09:11:44.443+0000] {logging_mixin.py:188} INFO - [2024-07-02T09:11:44.442+0000] {dagbag.py:538} INFO - Filling up the DagBag from /home/airflow/.local/lib/python3.8/site-packages/airflow/example_dags/tutorial_dag.py
[2024-07-02T09:11:44.454+0000] {processor.py:840} INFO - DAG(s) 'tutorial_dag' retrieved from /home/airflow/.local/lib/python3.8/site-packages/airflow/example_dags/tutorial_dag.py
[2024-07-02T09:11:44.508+0000] {logging_mixin.py:188} INFO - [2024-07-02T09:11:44.508+0000] {dag.py:3033} INFO - Sync 1 DAGs
[2024-07-02T09:11:44.541+0000] {logging_mixin.py:188} INFO - [2024-07-02T09:11:44.541+0000] {dag.py:3820} INFO - Setting next_dagrun for tutorial_dag to None, run_after=None
[2024-07-02T09:11:44.602+0000] {processor.py:183} INFO - Processing /home/airflow/.local/lib/python3.8/site-packages/airflow/example_dags/tutorial_dag.py took 0.179 seconds
[2024-07-02T09:12:15.329+0000] {processor.py:161} INFO - Started process (PID=955) to work on /home/airflow/.local/lib/python3.8/site-packages/airflow/example_dags/tutorial_dag.py
[2024-07-02T09:12:15.330+0000] {processor.py:830} INFO - Processing file /home/airflow/.local/lib/python3.8/site-packages/airflow/example_dags/tutorial_dag.py for tasks to queue
[2024-07-02T09:12:15.332+0000] {logging_mixin.py:188} INFO - [2024-07-02T09:12:15.331+0000] {dagbag.py:538} INFO - Filling up the DagBag from /home/airflow/.local/lib/python3.8/site-packages/airflow/example_dags/tutorial_dag.py
[2024-07-02T09:12:15.336+0000] {processor.py:840} INFO - DAG(s) 'tutorial_dag' retrieved from /home/airflow/.local/lib/python3.8/site-packages/airflow/example_dags/tutorial_dag.py
[2024-07-02T09:12:15.361+0000] {logging_mixin.py:188} INFO - [2024-07-02T09:12:15.361+0000] {dag.py:3033} INFO - Sync 1 DAGs
[2024-07-02T09:12:15.376+0000] {logging_mixin.py:188} INFO - [2024-07-02T09:12:15.376+0000] {dag.py:3820} INFO - Setting next_dagrun for tutorial_dag to None, run_after=None
[2024-07-02T09:12:15.398+0000] {processor.py:183} INFO - Processing /home/airflow/.local/lib/python3.8/site-packages/airflow/example_dags/tutorial_dag.py took 0.072 seconds
[2024-07-02T09:12:45.676+0000] {processor.py:161} INFO - Started process (PID=1010) to work on /home/airflow/.local/lib/python3.8/site-packages/airflow/example_dags/tutorial_dag.py
[2024-07-02T09:12:45.678+0000] {processor.py:830} INFO - Processing file /home/airflow/.local/lib/python3.8/site-packages/airflow/example_dags/tutorial_dag.py for tasks to queue
[2024-07-02T09:12:45.680+0000] {logging_mixin.py:188} INFO - [2024-07-02T09:12:45.680+0000] {dagbag.py:538} INFO - Filling up the DagBag from /home/airflow/.local/lib/python3.8/site-packages/airflow/example_dags/tutorial_dag.py
[2024-07-02T09:12:45.685+0000] {processor.py:840} INFO - DAG(s) 'tutorial_dag' retrieved from /home/airflow/.local/lib/python3.8/site-packages/airflow/example_dags/tutorial_dag.py
[2024-07-02T09:12:45.705+0000] {logging_mixin.py:188} INFO - [2024-07-02T09:12:45.705+0000] {dag.py:3033} INFO - Sync 1 DAGs
[2024-07-02T09:12:45.717+0000] {logging_mixin.py:188} INFO - [2024-07-02T09:12:45.717+0000] {dag.py:3820} INFO - Setting next_dagrun for tutorial_dag to None, run_after=None
[2024-07-02T09:12:45.738+0000] {processor.py:183} INFO - Processing /home/airflow/.local/lib/python3.8/site-packages/airflow/example_dags/tutorial_dag.py took 0.065 seconds
[2024-07-02T09:13:16.150+0000] {processor.py:161} INFO - Started process (PID=1065) to work on /home/airflow/.local/lib/python3.8/site-packages/airflow/example_dags/tutorial_dag.py
[2024-07-02T09:13:16.151+0000] {processor.py:830} INFO - Processing file /home/airflow/.local/lib/python3.8/site-packages/airflow/example_dags/tutorial_dag.py for tasks to queue
[2024-07-02T09:13:16.152+0000] {logging_mixin.py:188} INFO - [2024-07-02T09:13:16.152+0000] {dagbag.py:538} INFO - Filling up the DagBag from /home/airflow/.local/lib/python3.8/site-packages/airflow/example_dags/tutorial_dag.py
[2024-07-02T09:13:16.157+0000] {processor.py:840} INFO - DAG(s) 'tutorial_dag' retrieved from /home/airflow/.local/lib/python3.8/site-packages/airflow/example_dags/tutorial_dag.py
[2024-07-02T09:13:16.177+0000] {logging_mixin.py:188} INFO - [2024-07-02T09:13:16.176+0000] {dag.py:3033} INFO - Sync 1 DAGs
[2024-07-02T09:13:16.189+0000] {logging_mixin.py:188} INFO - [2024-07-02T09:13:16.189+0000] {dag.py:3820} INFO - Setting next_dagrun for tutorial_dag to None, run_after=None
[2024-07-02T09:13:16.208+0000] {processor.py:183} INFO - Processing /home/airflow/.local/lib/python3.8/site-packages/airflow/example_dags/tutorial_dag.py took 0.060 seconds
[2024-07-02T09:13:46.683+0000] {processor.py:161} INFO - Started process (PID=1120) to work on /home/airflow/.local/lib/python3.8/site-packages/airflow/example_dags/tutorial_dag.py
[2024-07-02T09:13:46.683+0000] {processor.py:830} INFO - Processing file /home/airflow/.local/lib/python3.8/site-packages/airflow/example_dags/tutorial_dag.py for tasks to queue
[2024-07-02T09:13:46.685+0000] {logging_mixin.py:188} INFO - [2024-07-02T09:13:46.685+0000] {dagbag.py:538} INFO - Filling up the DagBag from /home/airflow/.local/lib/python3.8/site-packages/airflow/example_dags/tutorial_dag.py
[2024-07-02T09:13:46.689+0000] {processor.py:840} INFO - DAG(s) 'tutorial_dag' retrieved from /home/airflow/.local/lib/python3.8/site-packages/airflow/example_dags/tutorial_dag.py
[2024-07-02T09:13:46.708+0000] {logging_mixin.py:188} INFO - [2024-07-02T09:13:46.708+0000] {dag.py:3033} INFO - Sync 1 DAGs
[2024-07-02T09:13:46.721+0000] {logging_mixin.py:188} INFO - [2024-07-02T09:13:46.720+0000] {dag.py:3820} INFO - Setting next_dagrun for tutorial_dag to None, run_after=None
[2024-07-02T09:13:46.740+0000] {processor.py:183} INFO - Processing /home/airflow/.local/lib/python3.8/site-packages/airflow/example_dags/tutorial_dag.py took 0.060 seconds
[2024-07-02T09:14:17.131+0000] {processor.py:161} INFO - Started process (PID=1175) to work on /home/airflow/.local/lib/python3.8/site-packages/airflow/example_dags/tutorial_dag.py
[2024-07-02T09:14:17.132+0000] {processor.py:830} INFO - Processing file /home/airflow/.local/lib/python3.8/site-packages/airflow/example_dags/tutorial_dag.py for tasks to queue
[2024-07-02T09:14:17.134+0000] {logging_mixin.py:188} INFO - [2024-07-02T09:14:17.134+0000] {dagbag.py:538} INFO - Filling up the DagBag from /home/airflow/.local/lib/python3.8/site-packages/airflow/example_dags/tutorial_dag.py
[2024-07-02T09:14:17.138+0000] {processor.py:840} INFO - DAG(s) 'tutorial_dag' retrieved from /home/airflow/.local/lib/python3.8/site-packages/airflow/example_dags/tutorial_dag.py
[2024-07-02T09:14:17.156+0000] {logging_mixin.py:188} INFO - [2024-07-02T09:14:17.156+0000] {dag.py:3033} INFO - Sync 1 DAGs
[2024-07-02T09:14:17.168+0000] {logging_mixin.py:188} INFO - [2024-07-02T09:14:17.168+0000] {dag.py:3820} INFO - Setting next_dagrun for tutorial_dag to None, run_after=None
[2024-07-02T09:14:17.187+0000] {processor.py:183} INFO - Processing /home/airflow/.local/lib/python3.8/site-packages/airflow/example_dags/tutorial_dag.py took 0.058 seconds
[2024-07-02T09:14:47.635+0000] {processor.py:161} INFO - Started process (PID=1230) to work on /home/airflow/.local/lib/python3.8/site-packages/airflow/example_dags/tutorial_dag.py
[2024-07-02T09:14:47.639+0000] {processor.py:830} INFO - Processing file /home/airflow/.local/lib/python3.8/site-packages/airflow/example_dags/tutorial_dag.py for tasks to queue
[2024-07-02T09:14:47.640+0000] {logging_mixin.py:188} INFO - [2024-07-02T09:14:47.640+0000] {dagbag.py:538} INFO - Filling up the DagBag from /home/airflow/.local/lib/python3.8/site-packages/airflow/example_dags/tutorial_dag.py
[2024-07-02T09:14:47.644+0000] {processor.py:840} INFO - DAG(s) 'tutorial_dag' retrieved from /home/airflow/.local/lib/python3.8/site-packages/airflow/example_dags/tutorial_dag.py
[2024-07-02T09:14:47.661+0000] {logging_mixin.py:188} INFO - [2024-07-02T09:14:47.661+0000] {dag.py:3033} INFO - Sync 1 DAGs
[2024-07-02T09:14:47.673+0000] {logging_mixin.py:188} INFO - [2024-07-02T09:14:47.673+0000] {dag.py:3820} INFO - Setting next_dagrun for tutorial_dag to None, run_after=None
[2024-07-02T09:14:47.688+0000] {processor.py:183} INFO - Processing /home/airflow/.local/lib/python3.8/site-packages/airflow/example_dags/tutorial_dag.py took 0.055 seconds
[2024-07-02T09:15:18.091+0000] {processor.py:161} INFO - Started process (PID=1285) to work on /home/airflow/.local/lib/python3.8/site-packages/airflow/example_dags/tutorial_dag.py
[2024-07-02T09:15:18.092+0000] {processor.py:830} INFO - Processing file /home/airflow/.local/lib/python3.8/site-packages/airflow/example_dags/tutorial_dag.py for tasks to queue
[2024-07-02T09:15:18.094+0000] {logging_mixin.py:188} INFO - [2024-07-02T09:15:18.094+0000] {dagbag.py:538} INFO - Filling up the DagBag from /home/airflow/.local/lib/python3.8/site-packages/airflow/example_dags/tutorial_dag.py
[2024-07-02T09:15:18.100+0000] {processor.py:840} INFO - DAG(s) 'tutorial_dag' retrieved from /home/airflow/.local/lib/python3.8/site-packages/airflow/example_dags/tutorial_dag.py
[2024-07-02T09:15:18.118+0000] {logging_mixin.py:188} INFO - [2024-07-02T09:15:18.118+0000] {dag.py:3033} INFO - Sync 1 DAGs
[2024-07-02T09:15:18.132+0000] {logging_mixin.py:188} INFO - [2024-07-02T09:15:18.131+0000] {dag.py:3820} INFO - Setting next_dagrun for tutorial_dag to None, run_after=None
[2024-07-02T09:15:18.155+0000] {processor.py:183} INFO - Processing /home/airflow/.local/lib/python3.8/site-packages/airflow/example_dags/tutorial_dag.py took 0.067 seconds
[2024-07-02T09:15:48.532+0000] {processor.py:161} INFO - Started process (PID=1340) to work on /home/airflow/.local/lib/python3.8/site-packages/airflow/example_dags/tutorial_dag.py
[2024-07-02T09:15:48.533+0000] {processor.py:830} INFO - Processing file /home/airflow/.local/lib/python3.8/site-packages/airflow/example_dags/tutorial_dag.py for tasks to queue
[2024-07-02T09:15:48.534+0000] {logging_mixin.py:188} INFO - [2024-07-02T09:15:48.534+0000] {dagbag.py:538} INFO - Filling up the DagBag from /home/airflow/.local/lib/python3.8/site-packages/airflow/example_dags/tutorial_dag.py
[2024-07-02T09:15:48.539+0000] {processor.py:840} INFO - DAG(s) 'tutorial_dag' retrieved from /home/airflow/.local/lib/python3.8/site-packages/airflow/example_dags/tutorial_dag.py
[2024-07-02T09:15:48.564+0000] {logging_mixin.py:188} INFO - [2024-07-02T09:15:48.564+0000] {dag.py:3033} INFO - Sync 1 DAGs
[2024-07-02T09:15:48.578+0000] {logging_mixin.py:188} INFO - [2024-07-02T09:15:48.578+0000] {dag.py:3820} INFO - Setting next_dagrun for tutorial_dag to None, run_after=None
[2024-07-02T09:15:48.603+0000] {processor.py:183} INFO - Processing /home/airflow/.local/lib/python3.8/site-packages/airflow/example_dags/tutorial_dag.py took 0.073 seconds
[2024-07-02T09:16:19.296+0000] {processor.py:161} INFO - Started process (PID=1394) to work on /home/airflow/.local/lib/python3.8/site-packages/airflow/example_dags/tutorial_dag.py
[2024-07-02T09:16:19.297+0000] {processor.py:830} INFO - Processing file /home/airflow/.local/lib/python3.8/site-packages/airflow/example_dags/tutorial_dag.py for tasks to queue
[2024-07-02T09:16:19.300+0000] {logging_mixin.py:188} INFO - [2024-07-02T09:16:19.299+0000] {dagbag.py:538} INFO - Filling up the DagBag from /home/airflow/.local/lib/python3.8/site-packages/airflow/example_dags/tutorial_dag.py
[2024-07-02T09:16:19.305+0000] {processor.py:840} INFO - DAG(s) 'tutorial_dag' retrieved from /home/airflow/.local/lib/python3.8/site-packages/airflow/example_dags/tutorial_dag.py
[2024-07-02T09:16:19.325+0000] {logging_mixin.py:188} INFO - [2024-07-02T09:16:19.325+0000] {dag.py:3033} INFO - Sync 1 DAGs
[2024-07-02T09:16:19.340+0000] {logging_mixin.py:188} INFO - [2024-07-02T09:16:19.340+0000] {dag.py:3820} INFO - Setting next_dagrun for tutorial_dag to None, run_after=None
[2024-07-02T09:16:19.359+0000] {processor.py:183} INFO - Processing /home/airflow/.local/lib/python3.8/site-packages/airflow/example_dags/tutorial_dag.py took 0.066 seconds
[2024-07-02T09:16:49.819+0000] {processor.py:161} INFO - Started process (PID=1449) to work on /home/airflow/.local/lib/python3.8/site-packages/airflow/example_dags/tutorial_dag.py
[2024-07-02T09:16:49.820+0000] {processor.py:830} INFO - Processing file /home/airflow/.local/lib/python3.8/site-packages/airflow/example_dags/tutorial_dag.py for tasks to queue
[2024-07-02T09:16:49.822+0000] {logging_mixin.py:188} INFO - [2024-07-02T09:16:49.822+0000] {dagbag.py:538} INFO - Filling up the DagBag from /home/airflow/.local/lib/python3.8/site-packages/airflow/example_dags/tutorial_dag.py
[2024-07-02T09:16:49.827+0000] {processor.py:840} INFO - DAG(s) 'tutorial_dag' retrieved from /home/airflow/.local/lib/python3.8/site-packages/airflow/example_dags/tutorial_dag.py
[2024-07-02T09:16:49.846+0000] {logging_mixin.py:188} INFO - [2024-07-02T09:16:49.846+0000] {dag.py:3033} INFO - Sync 1 DAGs
[2024-07-02T09:16:49.858+0000] {logging_mixin.py:188} INFO - [2024-07-02T09:16:49.858+0000] {dag.py:3820} INFO - Setting next_dagrun for tutorial_dag to None, run_after=None
[2024-07-02T09:16:49.876+0000] {processor.py:183} INFO - Processing /home/airflow/.local/lib/python3.8/site-packages/airflow/example_dags/tutorial_dag.py took 0.059 seconds
[2024-07-02T09:17:20.323+0000] {processor.py:161} INFO - Started process (PID=1504) to work on /home/airflow/.local/lib/python3.8/site-packages/airflow/example_dags/tutorial_dag.py
[2024-07-02T09:17:20.324+0000] {processor.py:830} INFO - Processing file /home/airflow/.local/lib/python3.8/site-packages/airflow/example_dags/tutorial_dag.py for tasks to queue
[2024-07-02T09:17:20.325+0000] {logging_mixin.py:188} INFO - [2024-07-02T09:17:20.325+0000] {dagbag.py:538} INFO - Filling up the DagBag from /home/airflow/.local/lib/python3.8/site-packages/airflow/example_dags/tutorial_dag.py
[2024-07-02T09:17:20.330+0000] {processor.py:840} INFO - DAG(s) 'tutorial_dag' retrieved from /home/airflow/.local/lib/python3.8/site-packages/airflow/example_dags/tutorial_dag.py
[2024-07-02T09:17:20.349+0000] {logging_mixin.py:188} INFO - [2024-07-02T09:17:20.348+0000] {dag.py:3033} INFO - Sync 1 DAGs
[2024-07-02T09:17:20.360+0000] {logging_mixin.py:188} INFO - [2024-07-02T09:17:20.360+0000] {dag.py:3820} INFO - Setting next_dagrun for tutorial_dag to None, run_after=None
[2024-07-02T09:17:20.380+0000] {processor.py:183} INFO - Processing /home/airflow/.local/lib/python3.8/site-packages/airflow/example_dags/tutorial_dag.py took 0.060 seconds
[2024-07-02T09:17:50.638+0000] {processor.py:161} INFO - Started process (PID=1560) to work on /home/airflow/.local/lib/python3.8/site-packages/airflow/example_dags/tutorial_dag.py
[2024-07-02T09:17:50.638+0000] {processor.py:830} INFO - Processing file /home/airflow/.local/lib/python3.8/site-packages/airflow/example_dags/tutorial_dag.py for tasks to queue
[2024-07-02T09:17:50.640+0000] {logging_mixin.py:188} INFO - [2024-07-02T09:17:50.640+0000] {dagbag.py:538} INFO - Filling up the DagBag from /home/airflow/.local/lib/python3.8/site-packages/airflow/example_dags/tutorial_dag.py
[2024-07-02T09:17:50.645+0000] {processor.py:840} INFO - DAG(s) 'tutorial_dag' retrieved from /home/airflow/.local/lib/python3.8/site-packages/airflow/example_dags/tutorial_dag.py
[2024-07-02T09:17:50.664+0000] {logging_mixin.py:188} INFO - [2024-07-02T09:17:50.664+0000] {dag.py:3033} INFO - Sync 1 DAGs
[2024-07-02T09:17:50.676+0000] {logging_mixin.py:188} INFO - [2024-07-02T09:17:50.676+0000] {dag.py:3820} INFO - Setting next_dagrun for tutorial_dag to None, run_after=None
[2024-07-02T09:17:50.693+0000] {processor.py:183} INFO - Processing /home/airflow/.local/lib/python3.8/site-packages/airflow/example_dags/tutorial_dag.py took 0.058 seconds
[2024-07-02T09:18:21.255+0000] {processor.py:161} INFO - Started process (PID=1615) to work on /home/airflow/.local/lib/python3.8/site-packages/airflow/example_dags/tutorial_dag.py
[2024-07-02T09:18:21.256+0000] {processor.py:830} INFO - Processing file /home/airflow/.local/lib/python3.8/site-packages/airflow/example_dags/tutorial_dag.py for tasks to queue
[2024-07-02T09:18:21.258+0000] {logging_mixin.py:188} INFO - [2024-07-02T09:18:21.257+0000] {dagbag.py:538} INFO - Filling up the DagBag from /home/airflow/.local/lib/python3.8/site-packages/airflow/example_dags/tutorial_dag.py
[2024-07-02T09:18:21.262+0000] {processor.py:840} INFO - DAG(s) 'tutorial_dag' retrieved from /home/airflow/.local/lib/python3.8/site-packages/airflow/example_dags/tutorial_dag.py
[2024-07-02T09:18:21.281+0000] {logging_mixin.py:188} INFO - [2024-07-02T09:18:21.281+0000] {dag.py:3033} INFO - Sync 1 DAGs
[2024-07-02T09:18:21.293+0000] {logging_mixin.py:188} INFO - [2024-07-02T09:18:21.292+0000] {dag.py:3820} INFO - Setting next_dagrun for tutorial_dag to None, run_after=None
[2024-07-02T09:18:21.310+0000] {processor.py:183} INFO - Processing /home/airflow/.local/lib/python3.8/site-packages/airflow/example_dags/tutorial_dag.py took 0.058 seconds
[2024-07-02T09:18:51.782+0000] {processor.py:161} INFO - Started process (PID=1670) to work on /home/airflow/.local/lib/python3.8/site-packages/airflow/example_dags/tutorial_dag.py
[2024-07-02T09:18:51.782+0000] {processor.py:830} INFO - Processing file /home/airflow/.local/lib/python3.8/site-packages/airflow/example_dags/tutorial_dag.py for tasks to queue
[2024-07-02T09:18:51.785+0000] {logging_mixin.py:188} INFO - [2024-07-02T09:18:51.784+0000] {dagbag.py:538} INFO - Filling up the DagBag from /home/airflow/.local/lib/python3.8/site-packages/airflow/example_dags/tutorial_dag.py
[2024-07-02T09:18:51.790+0000] {processor.py:840} INFO - DAG(s) 'tutorial_dag' retrieved from /home/airflow/.local/lib/python3.8/site-packages/airflow/example_dags/tutorial_dag.py
[2024-07-02T09:18:51.808+0000] {logging_mixin.py:188} INFO - [2024-07-02T09:18:51.808+0000] {dag.py:3033} INFO - Sync 1 DAGs
[2024-07-02T09:18:51.821+0000] {logging_mixin.py:188} INFO - [2024-07-02T09:18:51.821+0000] {dag.py:3820} INFO - Setting next_dagrun for tutorial_dag to None, run_after=None
[2024-07-02T09:18:51.841+0000] {processor.py:183} INFO - Processing /home/airflow/.local/lib/python3.8/site-packages/airflow/example_dags/tutorial_dag.py took 0.062 seconds
[2024-07-02T09:19:22.268+0000] {processor.py:161} INFO - Started process (PID=1725) to work on /home/airflow/.local/lib/python3.8/site-packages/airflow/example_dags/tutorial_dag.py
[2024-07-02T09:19:22.269+0000] {processor.py:830} INFO - Processing file /home/airflow/.local/lib/python3.8/site-packages/airflow/example_dags/tutorial_dag.py for tasks to queue
[2024-07-02T09:19:22.272+0000] {logging_mixin.py:188} INFO - [2024-07-02T09:19:22.271+0000] {dagbag.py:538} INFO - Filling up the DagBag from /home/airflow/.local/lib/python3.8/site-packages/airflow/example_dags/tutorial_dag.py
[2024-07-02T09:19:22.279+0000] {processor.py:840} INFO - DAG(s) 'tutorial_dag' retrieved from /home/airflow/.local/lib/python3.8/site-packages/airflow/example_dags/tutorial_dag.py
[2024-07-02T09:19:22.303+0000] {logging_mixin.py:188} INFO - [2024-07-02T09:19:22.302+0000] {dag.py:3033} INFO - Sync 1 DAGs
[2024-07-02T09:19:22.319+0000] {logging_mixin.py:188} INFO - [2024-07-02T09:19:22.319+0000] {dag.py:3820} INFO - Setting next_dagrun for tutorial_dag to None, run_after=None
[2024-07-02T09:19:22.345+0000] {processor.py:183} INFO - Processing /home/airflow/.local/lib/python3.8/site-packages/airflow/example_dags/tutorial_dag.py took 0.080 seconds
[2024-07-02T09:19:52.476+0000] {processor.py:161} INFO - Started process (PID=1779) to work on /home/airflow/.local/lib/python3.8/site-packages/airflow/example_dags/tutorial_dag.py
[2024-07-02T09:19:52.477+0000] {processor.py:830} INFO - Processing file /home/airflow/.local/lib/python3.8/site-packages/airflow/example_dags/tutorial_dag.py for tasks to queue
[2024-07-02T09:19:52.479+0000] {logging_mixin.py:188} INFO - [2024-07-02T09:19:52.479+0000] {dagbag.py:538} INFO - Filling up the DagBag from /home/airflow/.local/lib/python3.8/site-packages/airflow/example_dags/tutorial_dag.py
[2024-07-02T09:19:52.484+0000] {processor.py:840} INFO - DAG(s) 'tutorial_dag' retrieved from /home/airflow/.local/lib/python3.8/site-packages/airflow/example_dags/tutorial_dag.py
[2024-07-02T09:19:52.507+0000] {logging_mixin.py:188} INFO - [2024-07-02T09:19:52.506+0000] {dag.py:3033} INFO - Sync 1 DAGs
[2024-07-02T09:19:52.523+0000] {logging_mixin.py:188} INFO - [2024-07-02T09:19:52.523+0000] {dag.py:3820} INFO - Setting next_dagrun for tutorial_dag to None, run_after=None
[2024-07-02T09:19:52.540+0000] {processor.py:183} INFO - Processing /home/airflow/.local/lib/python3.8/site-packages/airflow/example_dags/tutorial_dag.py took 0.067 seconds
[2024-07-02T09:20:23.073+0000] {processor.py:161} INFO - Started process (PID=1833) to work on /home/airflow/.local/lib/python3.8/site-packages/airflow/example_dags/tutorial_dag.py
[2024-07-02T09:20:23.073+0000] {processor.py:830} INFO - Processing file /home/airflow/.local/lib/python3.8/site-packages/airflow/example_dags/tutorial_dag.py for tasks to queue
[2024-07-02T09:20:23.075+0000] {logging_mixin.py:188} INFO - [2024-07-02T09:20:23.075+0000] {dagbag.py:538} INFO - Filling up the DagBag from /home/airflow/.local/lib/python3.8/site-packages/airflow/example_dags/tutorial_dag.py
[2024-07-02T09:20:23.080+0000] {processor.py:840} INFO - DAG(s) 'tutorial_dag' retrieved from /home/airflow/.local/lib/python3.8/site-packages/airflow/example_dags/tutorial_dag.py
[2024-07-02T09:20:23.101+0000] {logging_mixin.py:188} INFO - [2024-07-02T09:20:23.101+0000] {dag.py:3033} INFO - Sync 1 DAGs
[2024-07-02T09:20:23.113+0000] {logging_mixin.py:188} INFO - [2024-07-02T09:20:23.113+0000] {dag.py:3820} INFO - Setting next_dagrun for tutorial_dag to None, run_after=None
[2024-07-02T09:20:23.132+0000] {processor.py:183} INFO - Processing /home/airflow/.local/lib/python3.8/site-packages/airflow/example_dags/tutorial_dag.py took 0.062 seconds
[2024-07-02T09:20:53.778+0000] {processor.py:161} INFO - Started process (PID=1888) to work on /home/airflow/.local/lib/python3.8/site-packages/airflow/example_dags/tutorial_dag.py
[2024-07-02T09:20:53.778+0000] {processor.py:830} INFO - Processing file /home/airflow/.local/lib/python3.8/site-packages/airflow/example_dags/tutorial_dag.py for tasks to queue
[2024-07-02T09:20:53.780+0000] {logging_mixin.py:188} INFO - [2024-07-02T09:20:53.780+0000] {dagbag.py:538} INFO - Filling up the DagBag from /home/airflow/.local/lib/python3.8/site-packages/airflow/example_dags/tutorial_dag.py
[2024-07-02T09:20:53.785+0000] {processor.py:840} INFO - DAG(s) 'tutorial_dag' retrieved from /home/airflow/.local/lib/python3.8/site-packages/airflow/example_dags/tutorial_dag.py
[2024-07-02T09:20:53.803+0000] {logging_mixin.py:188} INFO - [2024-07-02T09:20:53.803+0000] {dag.py:3033} INFO - Sync 1 DAGs
[2024-07-02T09:20:53.815+0000] {logging_mixin.py:188} INFO - [2024-07-02T09:20:53.815+0000] {dag.py:3820} INFO - Setting next_dagrun for tutorial_dag to None, run_after=None
[2024-07-02T09:20:53.837+0000] {processor.py:183} INFO - Processing /home/airflow/.local/lib/python3.8/site-packages/airflow/example_dags/tutorial_dag.py took 0.062 seconds
[2024-07-02T09:21:23.971+0000] {processor.py:161} INFO - Started process (PID=1943) to work on /home/airflow/.local/lib/python3.8/site-packages/airflow/example_dags/tutorial_dag.py
[2024-07-02T09:21:23.972+0000] {processor.py:830} INFO - Processing file /home/airflow/.local/lib/python3.8/site-packages/airflow/example_dags/tutorial_dag.py for tasks to queue
[2024-07-02T09:21:23.974+0000] {logging_mixin.py:188} INFO - [2024-07-02T09:21:23.974+0000] {dagbag.py:538} INFO - Filling up the DagBag from /home/airflow/.local/lib/python3.8/site-packages/airflow/example_dags/tutorial_dag.py
[2024-07-02T09:21:23.980+0000] {processor.py:840} INFO - DAG(s) 'tutorial_dag' retrieved from /home/airflow/.local/lib/python3.8/site-packages/airflow/example_dags/tutorial_dag.py
[2024-07-02T09:21:24.004+0000] {logging_mixin.py:188} INFO - [2024-07-02T09:21:24.003+0000] {dag.py:3033} INFO - Sync 1 DAGs
[2024-07-02T09:21:24.021+0000] {logging_mixin.py:188} INFO - [2024-07-02T09:21:24.021+0000] {dag.py:3820} INFO - Setting next_dagrun for tutorial_dag to None, run_after=None
[2024-07-02T09:21:24.052+0000] {processor.py:183} INFO - Processing /home/airflow/.local/lib/python3.8/site-packages/airflow/example_dags/tutorial_dag.py took 0.085 seconds
[2024-07-02T09:21:54.605+0000] {processor.py:161} INFO - Started process (PID=1997) to work on /home/airflow/.local/lib/python3.8/site-packages/airflow/example_dags/tutorial_dag.py
[2024-07-02T09:21:54.610+0000] {processor.py:830} INFO - Processing file /home/airflow/.local/lib/python3.8/site-packages/airflow/example_dags/tutorial_dag.py for tasks to queue
[2024-07-02T09:21:54.613+0000] {logging_mixin.py:188} INFO - [2024-07-02T09:21:54.613+0000] {dagbag.py:538} INFO - Filling up the DagBag from /home/airflow/.local/lib/python3.8/site-packages/airflow/example_dags/tutorial_dag.py
[2024-07-02T09:21:54.623+0000] {processor.py:840} INFO - DAG(s) 'tutorial_dag' retrieved from /home/airflow/.local/lib/python3.8/site-packages/airflow/example_dags/tutorial_dag.py
[2024-07-02T09:21:54.657+0000] {logging_mixin.py:188} INFO - [2024-07-02T09:21:54.656+0000] {dag.py:3033} INFO - Sync 1 DAGs
[2024-07-02T09:21:54.677+0000] {logging_mixin.py:188} INFO - [2024-07-02T09:21:54.677+0000] {dag.py:3820} INFO - Setting next_dagrun for tutorial_dag to None, run_after=None
[2024-07-02T09:21:54.701+0000] {processor.py:183} INFO - Processing /home/airflow/.local/lib/python3.8/site-packages/airflow/example_dags/tutorial_dag.py took 0.101 seconds
[2024-07-02T09:22:24.750+0000] {processor.py:161} INFO - Started process (PID=2052) to work on /home/airflow/.local/lib/python3.8/site-packages/airflow/example_dags/tutorial_dag.py
[2024-07-02T09:22:24.753+0000] {processor.py:830} INFO - Processing file /home/airflow/.local/lib/python3.8/site-packages/airflow/example_dags/tutorial_dag.py for tasks to queue
[2024-07-02T09:22:24.755+0000] {logging_mixin.py:188} INFO - [2024-07-02T09:22:24.754+0000] {dagbag.py:538} INFO - Filling up the DagBag from /home/airflow/.local/lib/python3.8/site-packages/airflow/example_dags/tutorial_dag.py
[2024-07-02T09:22:24.759+0000] {processor.py:840} INFO - DAG(s) 'tutorial_dag' retrieved from /home/airflow/.local/lib/python3.8/site-packages/airflow/example_dags/tutorial_dag.py
[2024-07-02T09:22:24.776+0000] {logging_mixin.py:188} INFO - [2024-07-02T09:22:24.776+0000] {dag.py:3033} INFO - Sync 1 DAGs
[2024-07-02T09:22:24.787+0000] {logging_mixin.py:188} INFO - [2024-07-02T09:22:24.786+0000] {dag.py:3820} INFO - Setting next_dagrun for tutorial_dag to None, run_after=None
[2024-07-02T09:22:24.802+0000] {processor.py:183} INFO - Processing /home/airflow/.local/lib/python3.8/site-packages/airflow/example_dags/tutorial_dag.py took 0.055 seconds
[2024-07-02T09:22:54.931+0000] {processor.py:161} INFO - Started process (PID=2106) to work on /home/airflow/.local/lib/python3.8/site-packages/airflow/example_dags/tutorial_dag.py
[2024-07-02T09:22:54.932+0000] {processor.py:830} INFO - Processing file /home/airflow/.local/lib/python3.8/site-packages/airflow/example_dags/tutorial_dag.py for tasks to queue
[2024-07-02T09:22:54.934+0000] {logging_mixin.py:188} INFO - [2024-07-02T09:22:54.934+0000] {dagbag.py:538} INFO - Filling up the DagBag from /home/airflow/.local/lib/python3.8/site-packages/airflow/example_dags/tutorial_dag.py
[2024-07-02T09:22:54.940+0000] {processor.py:840} INFO - DAG(s) 'tutorial_dag' retrieved from /home/airflow/.local/lib/python3.8/site-packages/airflow/example_dags/tutorial_dag.py
[2024-07-02T09:22:54.961+0000] {logging_mixin.py:188} INFO - [2024-07-02T09:22:54.961+0000] {dag.py:3033} INFO - Sync 1 DAGs
[2024-07-02T09:22:54.973+0000] {logging_mixin.py:188} INFO - [2024-07-02T09:22:54.973+0000] {dag.py:3820} INFO - Setting next_dagrun for tutorial_dag to None, run_after=None
[2024-07-02T09:22:54.990+0000] {processor.py:183} INFO - Processing /home/airflow/.local/lib/python3.8/site-packages/airflow/example_dags/tutorial_dag.py took 0.062 seconds
[2024-07-02T09:23:25.578+0000] {processor.py:161} INFO - Started process (PID=2162) to work on /home/airflow/.local/lib/python3.8/site-packages/airflow/example_dags/tutorial_dag.py
[2024-07-02T09:23:25.579+0000] {processor.py:830} INFO - Processing file /home/airflow/.local/lib/python3.8/site-packages/airflow/example_dags/tutorial_dag.py for tasks to queue
[2024-07-02T09:23:25.582+0000] {logging_mixin.py:188} INFO - [2024-07-02T09:23:25.582+0000] {dagbag.py:538} INFO - Filling up the DagBag from /home/airflow/.local/lib/python3.8/site-packages/airflow/example_dags/tutorial_dag.py
[2024-07-02T09:23:25.590+0000] {processor.py:840} INFO - DAG(s) 'tutorial_dag' retrieved from /home/airflow/.local/lib/python3.8/site-packages/airflow/example_dags/tutorial_dag.py
[2024-07-02T09:23:25.621+0000] {logging_mixin.py:188} INFO - [2024-07-02T09:23:25.621+0000] {dag.py:3033} INFO - Sync 1 DAGs
[2024-07-02T09:23:25.644+0000] {logging_mixin.py:188} INFO - [2024-07-02T09:23:25.643+0000] {dag.py:3820} INFO - Setting next_dagrun for tutorial_dag to None, run_after=None
[2024-07-02T09:23:25.680+0000] {processor.py:183} INFO - Processing /home/airflow/.local/lib/python3.8/site-packages/airflow/example_dags/tutorial_dag.py took 0.106 seconds
[2024-07-02T09:23:55.789+0000] {processor.py:161} INFO - Started process (PID=2217) to work on /home/airflow/.local/lib/python3.8/site-packages/airflow/example_dags/tutorial_dag.py
[2024-07-02T09:23:55.790+0000] {processor.py:830} INFO - Processing file /home/airflow/.local/lib/python3.8/site-packages/airflow/example_dags/tutorial_dag.py for tasks to queue
[2024-07-02T09:23:55.792+0000] {logging_mixin.py:188} INFO - [2024-07-02T09:23:55.791+0000] {dagbag.py:538} INFO - Filling up the DagBag from /home/airflow/.local/lib/python3.8/site-packages/airflow/example_dags/tutorial_dag.py
[2024-07-02T09:23:55.796+0000] {processor.py:840} INFO - DAG(s) 'tutorial_dag' retrieved from /home/airflow/.local/lib/python3.8/site-packages/airflow/example_dags/tutorial_dag.py
[2024-07-02T09:23:55.818+0000] {logging_mixin.py:188} INFO - [2024-07-02T09:23:55.817+0000] {dag.py:3033} INFO - Sync 1 DAGs
[2024-07-02T09:23:55.834+0000] {logging_mixin.py:188} INFO - [2024-07-02T09:23:55.833+0000] {dag.py:3820} INFO - Setting next_dagrun for tutorial_dag to None, run_after=None
[2024-07-02T09:23:55.855+0000] {processor.py:183} INFO - Processing /home/airflow/.local/lib/python3.8/site-packages/airflow/example_dags/tutorial_dag.py took 0.068 seconds
