[2024-07-02T15:44:16.234+0000] {taskinstance.py:1957} INFO - Dependencies all met for dep_context=non-requeueable deps ti=<TaskInstance: pipeline.report.report_year_invoices_run manual__2024-07-02T15:42:47.623707+00:00 [queued]>
[2024-07-02T15:44:16.250+0000] {taskinstance.py:1957} INFO - Dependencies all met for dep_context=requeueable deps ti=<TaskInstance: pipeline.report.report_year_invoices_run manual__2024-07-02T15:42:47.623707+00:00 [queued]>
[2024-07-02T15:44:16.251+0000] {taskinstance.py:2171} INFO - Starting attempt 1 of 1
[2024-07-02T15:44:16.273+0000] {taskinstance.py:2192} INFO - Executing <Task(DbtRunLocalOperator): report.report_year_invoices_run> on 2024-07-02 15:42:47.623707+00:00
[2024-07-02T15:44:16.285+0000] {standard_task_runner.py:60} INFO - Started process 1619 to run task
[2024-07-02T15:44:16.289+0000] {standard_task_runner.py:87} INFO - Running: ['***', 'tasks', 'run', 'pipeline', 'report.report_year_invoices_run', 'manual__2024-07-02T15:42:47.623707+00:00', '--job-id', '41', '--raw', '--subdir', 'DAGS_FOLDER/pipeline.py', '--cfg-path', '/tmp/tmpdwjfannr']
[2024-07-02T15:44:16.297+0000] {standard_task_runner.py:88} INFO - Job 41: Subtask report.report_year_invoices_run
[2024-07-02T15:44:16.358+0000] {task_command.py:423} INFO - Running <TaskInstance: pipeline.report.report_year_invoices_run manual__2024-07-02T15:42:47.623707+00:00 [running]> on host e21b7712e0d7
[2024-07-02T15:44:16.477+0000] {taskinstance.py:2481} INFO - Exporting env vars: AIRFLOW_CTX_DAG_OWNER='***' AIRFLOW_CTX_DAG_ID='pipeline' AIRFLOW_CTX_TASK_ID='report.report_year_invoices_run' AIRFLOW_CTX_EXECUTION_DATE='2024-07-02T15:42:47.623707+00:00' AIRFLOW_CTX_TRY_NUMBER='1' AIRFLOW_CTX_DAG_RUN_ID='manual__2024-07-02T15:42:47.623707+00:00'
[2024-07-02T15:44:16.480+0000] {log.py:232} WARNING - [[34m2024-07-02T15:44:16.480+0000[0m] {[34mlocal.py:[0m174} INFO[0m - [35m(astronomer-cosmos)[0m - Could not import dbtRunner. Falling back to subprocess for invoking dbt.[0m
[2024-07-02T15:44:16.481+0000] {log.py:232} WARNING - [[34m2024-07-02T15:44:16.480+0000[0m] {[34mlocal.py:[0m174} INFO[0m - [35m(astronomer-cosmos)[0m - Could not import dbtRunner. Falling back to subprocess for invoking dbt.[0m
[2024-07-02T15:44:16.480+0000] {local.py:174} INFO - Could not import dbtRunner. Falling back to subprocess for invoking dbt.
[2024-07-02T15:44:16.482+0000] {log.py:232} WARNING - [[34m2024-07-02T15:44:16.482+0000[0m] {[34mlocal.py:[0m292} INFO[0m - [35m(astronomer-cosmos)[0m - Cloning project to writable temp directory /tmp/tmp0zjsc3dp from /opt/***/dossier/dbt[0m
[2024-07-02T15:44:16.483+0000] {log.py:232} WARNING - [[34m2024-07-02T15:44:16.482+0000[0m] {[34mlocal.py:[0m292} INFO[0m - [35m(astronomer-cosmos)[0m - Cloning project to writable temp directory /tmp/tmp0zjsc3dp from /opt/***/dossier/dbt[0m
[2024-07-02T15:44:16.482+0000] {local.py:292} INFO - Cloning project to writable temp directory /tmp/tmp0zjsc3dp from /opt/airflow/dossier/dbt
[2024-07-02T15:44:16.485+0000] {log.py:232} WARNING - [[34m2024-07-02T15:44:16.484+0000[0m] {[34mlocal.py:[0m303} INFO[0m - [35m(astronomer-cosmos)[0m - Partial parse is enabled and the latest partial parse file is /opt/***/dossier/dbt/target/partial_parse.msgpack[0m
[2024-07-02T15:44:16.485+0000] {log.py:232} WARNING - [[34m2024-07-02T15:44:16.484+0000[0m] {[34mlocal.py:[0m303} INFO[0m - [35m(astronomer-cosmos)[0m - Partial parse is enabled and the latest partial parse file is /opt/***/dossier/dbt/target/partial_parse.msgpack[0m
[2024-07-02T15:44:16.484+0000] {local.py:303} INFO - Partial parse is enabled and the latest partial parse file is /opt/airflow/dossier/dbt/target/partial_parse.msgpack
[2024-07-02T15:44:16.499+0000] {log.py:232} WARNING - [[34m2024-07-02T15:44:16.498+0000[0m] {[34mconfig.py:[0m288} INFO[0m - [35m(astronomer-cosmos)[0m - Using user-supplied profiles.yml at /opt/***/dossier/dbt/profiles.yml[0m
[2024-07-02T15:44:16.499+0000] {log.py:232} WARNING - [[34m2024-07-02T15:44:16.498+0000[0m] {[34mconfig.py:[0m288} INFO[0m - [35m(astronomer-cosmos)[0m - Using user-supplied profiles.yml at /opt/***/dossier/dbt/profiles.yml[0m
[2024-07-02T15:44:16.498+0000] {config.py:288} INFO - Using user-supplied profiles.yml at /opt/***/dossier/dbt/profiles.yml
[2024-07-02T15:44:16.500+0000] {log.py:232} WARNING - [[34m2024-07-02T15:44:16.500+0000[0m] {[34mlocal.py:[0m247} INFO[0m - [35m(astronomer-cosmos)[0m - Trying to run the command:
 ['/opt/***/dbt_env/bin/dbt', 'run', '--models', 'report_year_invoices', '--project-dir', '/tmp/tmp0zjsc3dp', '--profiles-dir', '/opt/***/dossier/dbt', '--profile', '***', '--target', 'dev']
From /tmp/tmp0zjsc3dp[0m
[2024-07-02T15:44:16.500+0000] {log.py:232} WARNING - [[34m2024-07-02T15:44:16.500+0000[0m] {[34mlocal.py:[0m247} INFO[0m - [35m(astronomer-cosmos)[0m - Trying to run the command:
 ['/opt/***/dbt_env/bin/dbt', 'run', '--models', 'report_year_invoices', '--project-dir', '/tmp/tmp0zjsc3dp', '--profiles-dir', '/opt/***/dossier/dbt', '--profile', '***', '--target', 'dev']
From /tmp/tmp0zjsc3dp[0m
[2024-07-02T15:44:16.500+0000] {local.py:247} INFO - Trying to run the command:
 ['/opt/***/dbt_env/bin/dbt', 'run', '--models', 'report_year_invoices', '--project-dir', '/tmp/tmp0zjsc3dp', '--profiles-dir', '/opt/***/dossier/dbt', '--profile', '***', '--target', 'dev']
From /tmp/tmp0zjsc3dp
[2024-07-02T15:44:16.501+0000] {log.py:232} WARNING - [[34m2024-07-02T15:44:16.501+0000[0m] {[34msubprocess.py:[0m60} INFO[0m - [35m(astronomer-cosmos)[0m - Tmp dir root location: 
 /tmp[0m
[2024-07-02T15:44:16.501+0000] {log.py:232} WARNING - [[34m2024-07-02T15:44:16.501+0000[0m] {[34msubprocess.py:[0m60} INFO[0m - [35m(astronomer-cosmos)[0m - Tmp dir root location: 
 /tmp[0m
[2024-07-02T15:44:16.501+0000] {subprocess.py:60} INFO - Tmp dir root location: 
 /tmp
[2024-07-02T15:44:16.502+0000] {log.py:232} WARNING - [[34m2024-07-02T15:44:16.502+0000[0m] {[34msubprocess.py:[0m73} INFO[0m - [35m(astronomer-cosmos)[0m - Running command: ['/opt/***/dbt_env/bin/dbt', 'run', '--models', 'report_year_invoices', '--project-dir', '/tmp/tmp0zjsc3dp', '--profiles-dir', '/opt/***/dossier/dbt', '--profile', '***', '--target', 'dev'][0m
[2024-07-02T15:44:16.502+0000] {log.py:232} WARNING - [[34m2024-07-02T15:44:16.502+0000[0m] {[34msubprocess.py:[0m73} INFO[0m - [35m(astronomer-cosmos)[0m - Running command: ['/opt/***/dbt_env/bin/dbt', 'run', '--models', 'report_year_invoices', '--project-dir', '/tmp/tmp0zjsc3dp', '--profiles-dir', '/opt/***/dossier/dbt', '--profile', '***', '--target', 'dev'][0m
[2024-07-02T15:44:16.502+0000] {subprocess.py:73} INFO - Running command: ['/opt/***/dbt_env/bin/dbt', 'run', '--models', 'report_year_invoices', '--project-dir', '/tmp/tmp0zjsc3dp', '--profiles-dir', '/opt/***/dossier/dbt', '--profile', '***', '--target', 'dev']
[2024-07-02T15:44:16.521+0000] {log.py:232} WARNING - [[34m2024-07-02T15:44:16.521+0000[0m] {[34msubprocess.py:[0m84} INFO[0m - [35m(astronomer-cosmos)[0m - Command output:[0m
[2024-07-02T15:44:16.522+0000] {log.py:232} WARNING - [[34m2024-07-02T15:44:16.521+0000[0m] {[34msubprocess.py:[0m84} INFO[0m - [35m(astronomer-cosmos)[0m - Command output:[0m
[2024-07-02T15:44:16.521+0000] {subprocess.py:84} INFO - Command output:
[2024-07-02T15:44:20.153+0000] {log.py:232} WARNING - [[34m2024-07-02T15:44:20.152+0000[0m] {[34msubprocess.py:[0m94} INFO[0m - [35m(astronomer-cosmos)[0m - [0m15:44:20  Running with dbt=1.8.3[0m
[2024-07-02T15:44:20.153+0000] {log.py:232} WARNING - [[34m2024-07-02T15:44:20.152+0000[0m] {[34msubprocess.py:[0m94} INFO[0m - [35m(astronomer-cosmos)[0m - [0m15:44:20  Running with dbt=1.8.3[0m
[2024-07-02T15:44:20.152+0000] {subprocess.py:94} INFO - [0m15:44:20  Running with dbt=1.8.3
[2024-07-02T15:44:20.679+0000] {log.py:232} WARNING - [[34m2024-07-02T15:44:20.678+0000[0m] {[34msubprocess.py:[0m94} INFO[0m - [35m(astronomer-cosmos)[0m - [0m15:44:20  Registered adapter: postgres=1.8.2[0m
[2024-07-02T15:44:20.679+0000] {log.py:232} WARNING - [[34m2024-07-02T15:44:20.678+0000[0m] {[34msubprocess.py:[0m94} INFO[0m - [35m(astronomer-cosmos)[0m - [0m15:44:20  Registered adapter: postgres=1.8.2[0m
[2024-07-02T15:44:20.678+0000] {subprocess.py:94} INFO - [0m15:44:20  Registered adapter: postgres=1.8.2
[2024-07-02T15:44:21.067+0000] {log.py:232} WARNING - [[34m2024-07-02T15:44:21.067+0000[0m] {[34msubprocess.py:[0m94} INFO[0m - [35m(astronomer-cosmos)[0m - [0m15:44:21  Unable to do partial parsing because config vars, config profile, or config target have changed[0m
[2024-07-02T15:44:21.068+0000] {log.py:232} WARNING - [[34m2024-07-02T15:44:21.067+0000[0m] {[34msubprocess.py:[0m94} INFO[0m - [35m(astronomer-cosmos)[0m - [0m15:44:21  Unable to do partial parsing because config vars, config profile, or config target have changed[0m
[2024-07-02T15:44:21.067+0000] {subprocess.py:94} INFO - [0m15:44:21  Unable to do partial parsing because config vars, config profile, or config target have changed
[2024-07-02T15:44:25.223+0000] {log.py:232} WARNING - [[34m2024-07-02T15:44:25.223+0000[0m] {[34msubprocess.py:[0m94} INFO[0m - [35m(astronomer-cosmos)[0m - [0m15:44:25  Found 7 models, 2 sources, 529 macros[0m
[2024-07-02T15:44:25.224+0000] {log.py:232} WARNING - [[34m2024-07-02T15:44:25.223+0000[0m] {[34msubprocess.py:[0m94} INFO[0m - [35m(astronomer-cosmos)[0m - [0m15:44:25  Found 7 models, 2 sources, 529 macros[0m
[2024-07-02T15:44:25.223+0000] {subprocess.py:94} INFO - [0m15:44:25  Found 7 models, 2 sources, 529 macros
[2024-07-02T15:44:25.228+0000] {log.py:232} WARNING - [[34m2024-07-02T15:44:25.227+0000[0m] {[34msubprocess.py:[0m94} INFO[0m - [35m(astronomer-cosmos)[0m - [0m15:44:25[0m
[2024-07-02T15:44:25.228+0000] {log.py:232} WARNING - [[34m2024-07-02T15:44:25.227+0000[0m] {[34msubprocess.py:[0m94} INFO[0m - [35m(astronomer-cosmos)[0m - [0m15:44:25[0m
[2024-07-02T15:44:25.227+0000] {subprocess.py:94} INFO - [0m15:44:25
[2024-07-02T15:44:25.496+0000] {log.py:232} WARNING - [[34m2024-07-02T15:44:25.496+0000[0m] {[34msubprocess.py:[0m94} INFO[0m - [35m(astronomer-cosmos)[0m - [0m15:44:25  Concurrency: 1 threads (target='dev')[0m
[2024-07-02T15:44:25.497+0000] {log.py:232} WARNING - [[34m2024-07-02T15:44:25.496+0000[0m] {[34msubprocess.py:[0m94} INFO[0m - [35m(astronomer-cosmos)[0m - [0m15:44:25  Concurrency: 1 threads (target='dev')[0m
[2024-07-02T15:44:25.496+0000] {subprocess.py:94} INFO - [0m15:44:25  Concurrency: 1 threads (target='dev')
[2024-07-02T15:44:25.498+0000] {log.py:232} WARNING - [[34m2024-07-02T15:44:25.497+0000[0m] {[34msubprocess.py:[0m94} INFO[0m - [35m(astronomer-cosmos)[0m - [0m15:44:25[0m
[2024-07-02T15:44:25.498+0000] {log.py:232} WARNING - [[34m2024-07-02T15:44:25.497+0000[0m] {[34msubprocess.py:[0m94} INFO[0m - [35m(astronomer-cosmos)[0m - [0m15:44:25[0m
[2024-07-02T15:44:25.497+0000] {subprocess.py:94} INFO - [0m15:44:25
[2024-07-02T15:44:25.514+0000] {log.py:232} WARNING - [[34m2024-07-02T15:44:25.514+0000[0m] {[34msubprocess.py:[0m94} INFO[0m - [35m(astronomer-cosmos)[0m - [0m15:44:25  1 of 1 START sql table model public.report_year_invoices ....................... [RUN][0m
[2024-07-02T15:44:25.515+0000] {log.py:232} WARNING - [[34m2024-07-02T15:44:25.514+0000[0m] {[34msubprocess.py:[0m94} INFO[0m - [35m(astronomer-cosmos)[0m - [0m15:44:25  1 of 1 START sql table model public.report_year_invoices ....................... [RUN][0m
[2024-07-02T15:44:25.514+0000] {subprocess.py:94} INFO - [0m15:44:25  1 of 1 START sql table model public.report_year_invoices ....................... [RUN]
[2024-07-02T15:44:52.727+0000] {log.py:232} WARNING - [[34m2024-07-02T15:44:52.727+0000[0m] {[34msubprocess.py:[0m94} INFO[0m - [35m(astronomer-cosmos)[0m - [0m15:44:52  1 of 1 OK created sql table model public.report_year_invoices .................. [[32mSELECT 1[0m in 27.21s][0m
[2024-07-02T15:44:52.727+0000] {log.py:232} WARNING - [[34m2024-07-02T15:44:52.727+0000[0m] {[34msubprocess.py:[0m94} INFO[0m - [35m(astronomer-cosmos)[0m - [0m15:44:52  1 of 1 OK created sql table model public.report_year_invoices .................. [[32mSELECT 1[0m in 27.21s][0m
[2024-07-02T15:44:52.727+0000] {subprocess.py:94} INFO - [0m15:44:52  1 of 1 OK created sql table model public.report_year_invoices .................. [[32mSELECT 1[0m in 27.21s]
[2024-07-02T15:44:52.739+0000] {log.py:232} WARNING - [[34m2024-07-02T15:44:52.739+0000[0m] {[34msubprocess.py:[0m94} INFO[0m - [35m(astronomer-cosmos)[0m - [0m15:44:52[0m
[2024-07-02T15:44:52.740+0000] {log.py:232} WARNING - [[34m2024-07-02T15:44:52.739+0000[0m] {[34msubprocess.py:[0m94} INFO[0m - [35m(astronomer-cosmos)[0m - [0m15:44:52[0m
[2024-07-02T15:44:52.739+0000] {subprocess.py:94} INFO - [0m15:44:52
[2024-07-02T15:44:52.740+0000] {log.py:232} WARNING - [[34m2024-07-02T15:44:52.740+0000[0m] {[34msubprocess.py:[0m94} INFO[0m - [35m(astronomer-cosmos)[0m - [0m15:44:52  Finished running 1 table model in 0 hours 0 minutes and 27.51 seconds (27.51s).[0m
[2024-07-02T15:44:52.740+0000] {log.py:232} WARNING - [[34m2024-07-02T15:44:52.740+0000[0m] {[34msubprocess.py:[0m94} INFO[0m - [35m(astronomer-cosmos)[0m - [0m15:44:52  Finished running 1 table model in 0 hours 0 minutes and 27.51 seconds (27.51s).[0m
[2024-07-02T15:44:52.740+0000] {subprocess.py:94} INFO - [0m15:44:52  Finished running 1 table model in 0 hours 0 minutes and 27.51 seconds (27.51s).
[2024-07-02T15:44:52.852+0000] {log.py:232} WARNING - [[34m2024-07-02T15:44:52.852+0000[0m] {[34msubprocess.py:[0m94} INFO[0m - [35m(astronomer-cosmos)[0m - [0m15:44:52[0m
[2024-07-02T15:44:52.852+0000] {log.py:232} WARNING - [[34m2024-07-02T15:44:52.852+0000[0m] {[34msubprocess.py:[0m94} INFO[0m - [35m(astronomer-cosmos)[0m - [0m15:44:52[0m
[2024-07-02T15:44:52.852+0000] {subprocess.py:94} INFO - [0m15:44:52
[2024-07-02T15:44:52.853+0000] {log.py:232} WARNING - [[34m2024-07-02T15:44:52.853+0000[0m] {[34msubprocess.py:[0m94} INFO[0m - [35m(astronomer-cosmos)[0m - [0m15:44:52  [32mCompleted successfully[0m[0m
[2024-07-02T15:44:52.853+0000] {log.py:232} WARNING - [[34m2024-07-02T15:44:52.853+0000[0m] {[34msubprocess.py:[0m94} INFO[0m - [35m(astronomer-cosmos)[0m - [0m15:44:52  [32mCompleted successfully[0m[0m
[2024-07-02T15:44:52.853+0000] {subprocess.py:94} INFO - [0m15:44:52  [32mCompleted successfully[0m
[2024-07-02T15:44:52.853+0000] {log.py:232} WARNING - [[34m2024-07-02T15:44:52.853+0000[0m] {[34msubprocess.py:[0m94} INFO[0m - [35m(astronomer-cosmos)[0m - [0m15:44:52[0m
[2024-07-02T15:44:52.854+0000] {log.py:232} WARNING - [[34m2024-07-02T15:44:52.853+0000[0m] {[34msubprocess.py:[0m94} INFO[0m - [35m(astronomer-cosmos)[0m - [0m15:44:52[0m
[2024-07-02T15:44:52.853+0000] {subprocess.py:94} INFO - [0m15:44:52
[2024-07-02T15:44:52.854+0000] {log.py:232} WARNING - [[34m2024-07-02T15:44:52.854+0000[0m] {[34msubprocess.py:[0m94} INFO[0m - [35m(astronomer-cosmos)[0m - [0m15:44:52  Done. PASS=1 WARN=0 ERROR=0 SKIP=0 TOTAL=1[0m
[2024-07-02T15:44:52.854+0000] {log.py:232} WARNING - [[34m2024-07-02T15:44:52.854+0000[0m] {[34msubprocess.py:[0m94} INFO[0m - [35m(astronomer-cosmos)[0m - [0m15:44:52  Done. PASS=1 WARN=0 ERROR=0 SKIP=0 TOTAL=1[0m
[2024-07-02T15:44:52.854+0000] {subprocess.py:94} INFO - [0m15:44:52  Done. PASS=1 WARN=0 ERROR=0 SKIP=0 TOTAL=1
[2024-07-02T15:44:54.092+0000] {log.py:232} WARNING - [[34m2024-07-02T15:44:54.091+0000[0m] {[34msubprocess.py:[0m98} INFO[0m - [35m(astronomer-cosmos)[0m - Command exited with return code 0[0m
[2024-07-02T15:44:54.092+0000] {log.py:232} WARNING - [[34m2024-07-02T15:44:54.091+0000[0m] {[34msubprocess.py:[0m98} INFO[0m - [35m(astronomer-cosmos)[0m - Command exited with return code 0[0m
[2024-07-02T15:44:54.091+0000] {subprocess.py:98} INFO - Command exited with return code 0
[2024-07-02T15:44:54.093+0000] {log.py:232} WARNING - [[34m2024-07-02T15:44:54.092+0000[0m] {[34mlocal.py:[0m254} INFO[0m - [35m(astronomer-cosmos)[0m - [0m15:44:52  Done. PASS=1 WARN=0 ERROR=0 SKIP=0 TOTAL=1[0m
[2024-07-02T15:44:54.093+0000] {log.py:232} WARNING - [[34m2024-07-02T15:44:54.092+0000[0m] {[34mlocal.py:[0m254} INFO[0m - [35m(astronomer-cosmos)[0m - [0m15:44:52  Done. PASS=1 WARN=0 ERROR=0 SKIP=0 TOTAL=1[0m
[2024-07-02T15:44:54.092+0000] {local.py:254} INFO - [0m15:44:52  Done. PASS=1 WARN=0 ERROR=0 SKIP=0 TOTAL=1
[2024-07-02T15:44:54.103+0000] {local.py:138} WARNING - Artifact schema version: https://schemas.getdbt.com/dbt/manifest/v12.json is above dbt-ol supported version 7. This might cause errors.
[2024-07-02T15:44:54.104+0000] {local.py:138} WARNING - Artifact schema version: https://schemas.getdbt.com/dbt/run-results/v6.json is above dbt-ol supported version 5. This might cause errors.
[2024-07-02T15:44:54.109+0000] {log.py:232} WARNING - [[34m2024-07-02T15:44:54.108+0000[0m] {[34mlocal.py:[0m349} INFO[0m - [35m(astronomer-cosmos)[0m - Inlets: [Dataset(uri='postgres://postgres:5432/***.public.dim_datetime', extra=None), Dataset(uri='postgres://postgres:5432/***.public.fct_invoices', extra=None)][0m
[2024-07-02T15:44:54.109+0000] {log.py:232} WARNING - [[34m2024-07-02T15:44:54.108+0000[0m] {[34mlocal.py:[0m349} INFO[0m - [35m(astronomer-cosmos)[0m - Inlets: [Dataset(uri='postgres://postgres:5432/***.public.dim_datetime', extra=None), Dataset(uri='postgres://postgres:5432/***.public.fct_invoices', extra=None)][0m
[2024-07-02T15:44:54.108+0000] {local.py:349} INFO - Inlets: [Dataset(uri='postgres://postgres:5432/airflow.public.dim_datetime', extra=None), Dataset(uri='postgres://postgres:5432/airflow.public.fct_invoices', extra=None)]
[2024-07-02T15:44:54.109+0000] {log.py:232} WARNING - [[34m2024-07-02T15:44:54.109+0000[0m] {[34mlocal.py:[0m350} INFO[0m - [35m(astronomer-cosmos)[0m - Outlets: [Dataset(uri='postgres://postgres:5432/***.public.report_year_invoices', extra=None)][0m
[2024-07-02T15:44:54.110+0000] {log.py:232} WARNING - [[34m2024-07-02T15:44:54.109+0000[0m] {[34mlocal.py:[0m350} INFO[0m - [35m(astronomer-cosmos)[0m - Outlets: [Dataset(uri='postgres://postgres:5432/***.public.report_year_invoices', extra=None)][0m
[2024-07-02T15:44:54.109+0000] {local.py:350} INFO - Outlets: [Dataset(uri='postgres://postgres:5432/airflow.public.report_year_invoices', extra=None)]
[2024-07-02T15:44:54.110+0000] {dag.py:3033} INFO - Sync 1 DAGs
[2024-07-02T15:44:54.133+0000] {dag.py:3820} INFO - Setting next_dagrun for pipeline to 2024-07-02T00:00:00+00:00, run_after=2024-07-03T00:00:00+00:00
[2024-07-02T15:44:54.250+0000] {warnings.py:109} WARNING - /home/***/.local/lib/python3.8/site-packages/***/models/baseoperator.py:1476: RemovedInAirflow3Warning: Passing 'execution_date' to 'TaskInstance.xcom_push()' is deprecated.
  context["ti"].xcom_push(key=key, value=value, execution_date=execution_date)

[2024-07-02T15:44:54.281+0000] {taskinstance.py:1138} INFO - Marking task as SUCCESS. dag_id=pipeline, task_id=report.report_year_invoices_run, execution_date=20240702T154247, start_date=20240702T154416, end_date=20240702T154454
[2024-07-02T15:44:54.332+0000] {local_task_job_runner.py:234} INFO - Task exited with return code 0
[2024-07-02T15:44:54.351+0000] {taskinstance.py:3281} INFO - 1 downstream tasks scheduled from follow-on schedule check
