[2024-07-02T12:35:35.145+0000] {taskinstance.py:1957} INFO - Dependencies all met for dep_context=non-requeueable deps ti=<TaskInstance: pipeline.copie_data scheduled__2024-07-01T00:00:00+00:00 [queued]>
[2024-07-02T12:35:35.157+0000] {taskinstance.py:1957} INFO - Dependencies all met for dep_context=requeueable deps ti=<TaskInstance: pipeline.copie_data scheduled__2024-07-01T00:00:00+00:00 [queued]>
[2024-07-02T12:35:35.158+0000] {taskinstance.py:2171} INFO - Starting attempt 2 of 2
[2024-07-02T12:35:35.212+0000] {taskinstance.py:2192} INFO - Executing <Task(PythonOperator): copie_data> on 2024-07-01 00:00:00+00:00
[2024-07-02T12:35:35.219+0000] {standard_task_runner.py:60} INFO - Started process 557 to run task
[2024-07-02T12:35:35.222+0000] {standard_task_runner.py:87} INFO - Running: ['***', 'tasks', 'run', 'pipeline', 'copie_data', 'scheduled__2024-07-01T00:00:00+00:00', '--job-id', '6', '--raw', '--subdir', 'DAGS_FOLDER/pipeline.py', '--cfg-path', '/tmp/tmpmrpfc512']
[2024-07-02T12:35:35.223+0000] {standard_task_runner.py:88} INFO - Job 6: Subtask copie_data
[2024-07-02T12:35:35.319+0000] {task_command.py:423} INFO - Running <TaskInstance: pipeline.copie_data scheduled__2024-07-01T00:00:00+00:00 [running]> on host 11fbd99a881f
[2024-07-02T12:35:35.461+0000] {taskinstance.py:2481} INFO - Exporting env vars: AIRFLOW_CTX_DAG_OWNER='***' AIRFLOW_CTX_DAG_ID='pipeline' AIRFLOW_CTX_TASK_ID='copie_data' AIRFLOW_CTX_EXECUTION_DATE='2024-07-01T00:00:00+00:00' AIRFLOW_CTX_TRY_NUMBER='2' AIRFLOW_CTX_DAG_RUN_ID='scheduled__2024-07-01T00:00:00+00:00'
[2024-07-02T12:35:35.463+0000] {postgres.py:172} INFO - Running copy expert: 
    COPY products (InvoiceNo, StockCode, Description, Quantity,InvoiceDate, UnitPrice, CustomerID, Country)
    FROM stdin
    WITH DELIMITER ','
    CSV HEADER
    , filename: /opt/***/dossier/data/online_retail.csv
[2024-07-02T12:35:35.471+0000] {base.py:83} INFO - Using connection ID 'postgres' for task execution.
[2024-07-02T12:35:36.849+0000] {python.py:201} INFO - Done. Returned value was: None
[2024-07-02T12:35:36.858+0000] {taskinstance.py:1138} INFO - Marking task as SUCCESS. dag_id=pipeline, task_id=copie_data, execution_date=20240701T000000, start_date=20240702T123535, end_date=20240702T123536
[2024-07-02T12:35:36.879+0000] {local_task_job_runner.py:234} INFO - Task exited with return code 0
[2024-07-02T12:35:36.901+0000] {taskinstance.py:3281} INFO - 1 downstream tasks scheduled from follow-on schedule check
