[2024-07-02T15:51:02.279+0000] {taskinstance.py:1957} INFO - Dependencies all met for dep_context=non-requeueable deps ti=<TaskInstance: pipeline.cde_la_table manual__2024-07-02T15:50:58.446540+00:00 [queued]>
[2024-07-02T15:51:02.289+0000] {taskinstance.py:1957} INFO - Dependencies all met for dep_context=requeueable deps ti=<TaskInstance: pipeline.cde_la_table manual__2024-07-02T15:50:58.446540+00:00 [queued]>
[2024-07-02T15:51:02.289+0000] {taskinstance.py:2171} INFO - Starting attempt 1 of 1
[2024-07-02T15:51:02.304+0000] {taskinstance.py:2192} INFO - Executing <Task(PostgresOperator): cde_la_table> on 2024-07-02 15:50:58.446540+00:00
[2024-07-02T15:51:02.311+0000] {standard_task_runner.py:60} INFO - Started process 70 to run task
[2024-07-02T15:51:02.315+0000] {standard_task_runner.py:87} INFO - Running: ['***', 'tasks', 'run', 'pipeline', 'cde_la_table', 'manual__2024-07-02T15:50:58.446540+00:00', '--job-id', '4', '--raw', '--subdir', 'DAGS_FOLDER/pipeline.py', '--cfg-path', '/tmp/tmp5fxldfw5']
[2024-07-02T15:51:02.317+0000] {standard_task_runner.py:88} INFO - Job 4: Subtask cde_la_table
[2024-07-02T15:51:02.370+0000] {task_command.py:423} INFO - Running <TaskInstance: pipeline.cde_la_table manual__2024-07-02T15:50:58.446540+00:00 [running]> on host 907144e2666d
[2024-07-02T15:51:02.458+0000] {taskinstance.py:2481} INFO - Exporting env vars: AIRFLOW_CTX_DAG_OWNER='***' AIRFLOW_CTX_DAG_ID='pipeline' AIRFLOW_CTX_TASK_ID='cde_la_table' AIRFLOW_CTX_EXECUTION_DATE='2024-07-02T15:50:58.446540+00:00' AIRFLOW_CTX_TRY_NUMBER='1' AIRFLOW_CTX_DAG_RUN_ID='manual__2024-07-02T15:50:58.446540+00:00'
[2024-07-02T15:51:02.460+0000] {sql.py:276} INFO - Executing: 
            CREATE TABLE IF NOT EXISTS products (
                InvoiceNo TEXT ,
                StockCode TEXT ,
                Description TEXT ,
                Quantity INTEGER ,
                InvoiceDate TIMESTAMP ,
                UnitPrice REAL ,
                CustomerID REAL  ,
                Country TEXT 
            );
[2024-07-02T15:51:02.462+0000] {crypto.py:82} WARNING - empty cryptography key - values will not be stored encrypted.
[2024-07-02T15:51:02.462+0000] {base.py:83} INFO - Using connection ID 'postgres' for task execution.
[2024-07-02T15:51:02.465+0000] {base.py:83} INFO - Using connection ID 'postgres' for task execution.
[2024-07-02T15:51:02.470+0000] {sql.py:432} INFO - Running statement: 
            CREATE TABLE IF NOT EXISTS products (
                InvoiceNo TEXT ,
                StockCode TEXT ,
                Description TEXT ,
                Quantity INTEGER ,
                InvoiceDate TIMESTAMP ,
                UnitPrice REAL ,
                CustomerID REAL  ,
                Country TEXT 
            );, parameters: None
[2024-07-02T15:51:02.483+0000] {taskinstance.py:1138} INFO - Marking task as SUCCESS. dag_id=pipeline, task_id=cde_la_table, execution_date=20240702T155058, start_date=20240702T155102, end_date=20240702T155102
[2024-07-02T15:51:02.526+0000] {local_task_job_runner.py:234} INFO - Task exited with return code 0
[2024-07-02T15:51:02.567+0000] {taskinstance.py:3281} INFO - 1 downstream tasks scheduled from follow-on schedule check
