[2024-07-02T15:43:01.806+0000] {taskinstance.py:1957} INFO - Dependencies all met for dep_context=non-requeueable deps ti=<TaskInstance: pipeline.transform.dim_product_run manual__2024-07-02T15:42:47.623707+00:00 [queued]>
[2024-07-02T15:43:01.822+0000] {taskinstance.py:1957} INFO - Dependencies all met for dep_context=requeueable deps ti=<TaskInstance: pipeline.transform.dim_product_run manual__2024-07-02T15:42:47.623707+00:00 [queued]>
[2024-07-02T15:43:01.822+0000] {taskinstance.py:2171} INFO - Starting attempt 1 of 1
[2024-07-02T15:43:01.847+0000] {taskinstance.py:2192} INFO - Executing <Task(DbtRunLocalOperator): transform.dim_product_run> on 2024-07-02 15:42:47.623707+00:00
[2024-07-02T15:43:01.856+0000] {standard_task_runner.py:60} INFO - Started process 1519 to run task
[2024-07-02T15:43:01.861+0000] {standard_task_runner.py:87} INFO - Running: ['***', 'tasks', 'run', 'pipeline', 'transform.dim_product_run', 'manual__2024-07-02T15:42:47.623707+00:00', '--job-id', '38', '--raw', '--subdir', 'DAGS_FOLDER/pipeline.py', '--cfg-path', '/tmp/tmpkd1jx756']
[2024-07-02T15:43:01.865+0000] {standard_task_runner.py:88} INFO - Job 38: Subtask transform.dim_product_run
[2024-07-02T15:43:01.940+0000] {task_command.py:423} INFO - Running <TaskInstance: pipeline.transform.dim_product_run manual__2024-07-02T15:42:47.623707+00:00 [running]> on host e21b7712e0d7
[2024-07-02T15:43:02.089+0000] {taskinstance.py:2481} INFO - Exporting env vars: AIRFLOW_CTX_DAG_OWNER='***' AIRFLOW_CTX_DAG_ID='pipeline' AIRFLOW_CTX_TASK_ID='transform.dim_product_run' AIRFLOW_CTX_EXECUTION_DATE='2024-07-02T15:42:47.623707+00:00' AIRFLOW_CTX_TRY_NUMBER='1' AIRFLOW_CTX_DAG_RUN_ID='manual__2024-07-02T15:42:47.623707+00:00'
[2024-07-02T15:43:02.093+0000] {log.py:232} WARNING - [[34m2024-07-02T15:43:02.093+0000[0m] {[34mlocal.py:[0m174} INFO[0m - [35m(astronomer-cosmos)[0m - Could not import dbtRunner. Falling back to subprocess for invoking dbt.[0m
[2024-07-02T15:43:02.094+0000] {log.py:232} WARNING - [[34m2024-07-02T15:43:02.093+0000[0m] {[34mlocal.py:[0m174} INFO[0m - [35m(astronomer-cosmos)[0m - Could not import dbtRunner. Falling back to subprocess for invoking dbt.[0m
[2024-07-02T15:43:02.093+0000] {local.py:174} INFO - Could not import dbtRunner. Falling back to subprocess for invoking dbt.
[2024-07-02T15:43:02.095+0000] {log.py:232} WARNING - [[34m2024-07-02T15:43:02.095+0000[0m] {[34mlocal.py:[0m292} INFO[0m - [35m(astronomer-cosmos)[0m - Cloning project to writable temp directory /tmp/tmpms4ommi8 from /opt/***/dossier/dbt[0m
[2024-07-02T15:43:02.096+0000] {log.py:232} WARNING - [[34m2024-07-02T15:43:02.095+0000[0m] {[34mlocal.py:[0m292} INFO[0m - [35m(astronomer-cosmos)[0m - Cloning project to writable temp directory /tmp/tmpms4ommi8 from /opt/***/dossier/dbt[0m
[2024-07-02T15:43:02.095+0000] {local.py:292} INFO - Cloning project to writable temp directory /tmp/tmpms4ommi8 from /opt/airflow/dossier/dbt
[2024-07-02T15:43:02.099+0000] {log.py:232} WARNING - [[34m2024-07-02T15:43:02.098+0000[0m] {[34mlocal.py:[0m303} INFO[0m - [35m(astronomer-cosmos)[0m - Partial parse is enabled and the latest partial parse file is /tmp/cosmos/pipeline__transform/target/partial_parse.msgpack[0m
[2024-07-02T15:43:02.100+0000] {log.py:232} WARNING - [[34m2024-07-02T15:43:02.098+0000[0m] {[34mlocal.py:[0m303} INFO[0m - [35m(astronomer-cosmos)[0m - Partial parse is enabled and the latest partial parse file is /tmp/cosmos/pipeline__transform/target/partial_parse.msgpack[0m
[2024-07-02T15:43:02.098+0000] {local.py:303} INFO - Partial parse is enabled and the latest partial parse file is /tmp/cosmos/pipeline__transform/target/partial_parse.msgpack
[2024-07-02T15:43:02.121+0000] {log.py:232} WARNING - [[34m2024-07-02T15:43:02.120+0000[0m] {[34mconfig.py:[0m288} INFO[0m - [35m(astronomer-cosmos)[0m - Using user-supplied profiles.yml at /opt/***/dossier/dbt/profiles.yml[0m
[2024-07-02T15:43:02.121+0000] {log.py:232} WARNING - [[34m2024-07-02T15:43:02.120+0000[0m] {[34mconfig.py:[0m288} INFO[0m - [35m(astronomer-cosmos)[0m - Using user-supplied profiles.yml at /opt/***/dossier/dbt/profiles.yml[0m
[2024-07-02T15:43:02.120+0000] {config.py:288} INFO - Using user-supplied profiles.yml at /opt/***/dossier/dbt/profiles.yml
[2024-07-02T15:43:02.123+0000] {log.py:232} WARNING - [[34m2024-07-02T15:43:02.122+0000[0m] {[34mlocal.py:[0m247} INFO[0m - [35m(astronomer-cosmos)[0m - Trying to run the command:
 ['/opt/***/dbt_env/bin/dbt', 'run', '--models', 'dim_product', '--project-dir', '/tmp/tmpms4ommi8', '--profiles-dir', '/opt/***/dossier/dbt', '--profile', '***', '--target', 'dev']
From /tmp/tmpms4ommi8[0m
[2024-07-02T15:43:02.123+0000] {log.py:232} WARNING - [[34m2024-07-02T15:43:02.122+0000[0m] {[34mlocal.py:[0m247} INFO[0m - [35m(astronomer-cosmos)[0m - Trying to run the command:
 ['/opt/***/dbt_env/bin/dbt', 'run', '--models', 'dim_product', '--project-dir', '/tmp/tmpms4ommi8', '--profiles-dir', '/opt/***/dossier/dbt', '--profile', '***', '--target', 'dev']
From /tmp/tmpms4ommi8[0m
[2024-07-02T15:43:02.122+0000] {local.py:247} INFO - Trying to run the command:
 ['/opt/***/dbt_env/bin/dbt', 'run', '--models', 'dim_product', '--project-dir', '/tmp/tmpms4ommi8', '--profiles-dir', '/opt/***/dossier/dbt', '--profile', '***', '--target', 'dev']
From /tmp/tmpms4ommi8
[2024-07-02T15:43:02.125+0000] {log.py:232} WARNING - [[34m2024-07-02T15:43:02.125+0000[0m] {[34msubprocess.py:[0m60} INFO[0m - [35m(astronomer-cosmos)[0m - Tmp dir root location: 
 /tmp[0m
[2024-07-02T15:43:02.126+0000] {log.py:232} WARNING - [[34m2024-07-02T15:43:02.125+0000[0m] {[34msubprocess.py:[0m60} INFO[0m - [35m(astronomer-cosmos)[0m - Tmp dir root location: 
 /tmp[0m
[2024-07-02T15:43:02.125+0000] {subprocess.py:60} INFO - Tmp dir root location: 
 /tmp
[2024-07-02T15:43:02.127+0000] {log.py:232} WARNING - [[34m2024-07-02T15:43:02.126+0000[0m] {[34msubprocess.py:[0m73} INFO[0m - [35m(astronomer-cosmos)[0m - Running command: ['/opt/***/dbt_env/bin/dbt', 'run', '--models', 'dim_product', '--project-dir', '/tmp/tmpms4ommi8', '--profiles-dir', '/opt/***/dossier/dbt', '--profile', '***', '--target', 'dev'][0m
[2024-07-02T15:43:02.127+0000] {log.py:232} WARNING - [[34m2024-07-02T15:43:02.126+0000[0m] {[34msubprocess.py:[0m73} INFO[0m - [35m(astronomer-cosmos)[0m - Running command: ['/opt/***/dbt_env/bin/dbt', 'run', '--models', 'dim_product', '--project-dir', '/tmp/tmpms4ommi8', '--profiles-dir', '/opt/***/dossier/dbt', '--profile', '***', '--target', 'dev'][0m
[2024-07-02T15:43:02.126+0000] {subprocess.py:73} INFO - Running command: ['/opt/***/dbt_env/bin/dbt', 'run', '--models', 'dim_product', '--project-dir', '/tmp/tmpms4ommi8', '--profiles-dir', '/opt/***/dossier/dbt', '--profile', '***', '--target', 'dev']
[2024-07-02T15:43:02.150+0000] {log.py:232} WARNING - [[34m2024-07-02T15:43:02.150+0000[0m] {[34msubprocess.py:[0m84} INFO[0m - [35m(astronomer-cosmos)[0m - Command output:[0m
[2024-07-02T15:43:02.151+0000] {log.py:232} WARNING - [[34m2024-07-02T15:43:02.150+0000[0m] {[34msubprocess.py:[0m84} INFO[0m - [35m(astronomer-cosmos)[0m - Command output:[0m
[2024-07-02T15:43:02.150+0000] {subprocess.py:84} INFO - Command output:
[2024-07-02T15:43:05.141+0000] {log.py:232} WARNING - [[34m2024-07-02T15:43:05.141+0000[0m] {[34msubprocess.py:[0m94} INFO[0m - [35m(astronomer-cosmos)[0m - [0m15:43:05  Running with dbt=1.8.3[0m
[2024-07-02T15:43:05.142+0000] {log.py:232} WARNING - [[34m2024-07-02T15:43:05.141+0000[0m] {[34msubprocess.py:[0m94} INFO[0m - [35m(astronomer-cosmos)[0m - [0m15:43:05  Running with dbt=1.8.3[0m
[2024-07-02T15:43:05.141+0000] {subprocess.py:94} INFO - [0m15:43:05  Running with dbt=1.8.3
[2024-07-02T15:43:05.629+0000] {log.py:232} WARNING - [[34m2024-07-02T15:43:05.629+0000[0m] {[34msubprocess.py:[0m94} INFO[0m - [35m(astronomer-cosmos)[0m - [0m15:43:05  Registered adapter: postgres=1.8.2[0m
[2024-07-02T15:43:05.630+0000] {log.py:232} WARNING - [[34m2024-07-02T15:43:05.629+0000[0m] {[34msubprocess.py:[0m94} INFO[0m - [35m(astronomer-cosmos)[0m - [0m15:43:05  Registered adapter: postgres=1.8.2[0m
[2024-07-02T15:43:05.629+0000] {subprocess.py:94} INFO - [0m15:43:05  Registered adapter: postgres=1.8.2
[2024-07-02T15:43:06.880+0000] {log.py:232} WARNING - [[34m2024-07-02T15:43:06.880+0000[0m] {[34msubprocess.py:[0m94} INFO[0m - [35m(astronomer-cosmos)[0m - [0m15:43:06  Found 7 models, 2 sources, 529 macros[0m
[2024-07-02T15:43:06.881+0000] {log.py:232} WARNING - [[34m2024-07-02T15:43:06.880+0000[0m] {[34msubprocess.py:[0m94} INFO[0m - [35m(astronomer-cosmos)[0m - [0m15:43:06  Found 7 models, 2 sources, 529 macros[0m
[2024-07-02T15:43:06.880+0000] {subprocess.py:94} INFO - [0m15:43:06  Found 7 models, 2 sources, 529 macros
[2024-07-02T15:43:06.886+0000] {log.py:232} WARNING - [[34m2024-07-02T15:43:06.886+0000[0m] {[34msubprocess.py:[0m94} INFO[0m - [35m(astronomer-cosmos)[0m - [0m15:43:06[0m
[2024-07-02T15:43:06.887+0000] {log.py:232} WARNING - [[34m2024-07-02T15:43:06.886+0000[0m] {[34msubprocess.py:[0m94} INFO[0m - [35m(astronomer-cosmos)[0m - [0m15:43:06[0m
[2024-07-02T15:43:06.886+0000] {subprocess.py:94} INFO - [0m15:43:06
[2024-07-02T15:43:07.175+0000] {log.py:232} WARNING - [[34m2024-07-02T15:43:07.175+0000[0m] {[34msubprocess.py:[0m94} INFO[0m - [35m(astronomer-cosmos)[0m - [0m15:43:07  Concurrency: 1 threads (target='dev')[0m
[2024-07-02T15:43:07.176+0000] {log.py:232} WARNING - [[34m2024-07-02T15:43:07.175+0000[0m] {[34msubprocess.py:[0m94} INFO[0m - [35m(astronomer-cosmos)[0m - [0m15:43:07  Concurrency: 1 threads (target='dev')[0m
[2024-07-02T15:43:07.175+0000] {subprocess.py:94} INFO - [0m15:43:07  Concurrency: 1 threads (target='dev')
[2024-07-02T15:43:07.179+0000] {log.py:232} WARNING - [[34m2024-07-02T15:43:07.178+0000[0m] {[34msubprocess.py:[0m94} INFO[0m - [35m(astronomer-cosmos)[0m - [0m15:43:07[0m
[2024-07-02T15:43:07.179+0000] {log.py:232} WARNING - [[34m2024-07-02T15:43:07.178+0000[0m] {[34msubprocess.py:[0m94} INFO[0m - [35m(astronomer-cosmos)[0m - [0m15:43:07[0m
[2024-07-02T15:43:07.178+0000] {subprocess.py:94} INFO - [0m15:43:07
[2024-07-02T15:43:07.201+0000] {log.py:232} WARNING - [[34m2024-07-02T15:43:07.201+0000[0m] {[34msubprocess.py:[0m94} INFO[0m - [35m(astronomer-cosmos)[0m - [0m15:43:07  1 of 1 START sql table model public.dim_product ................................ [RUN][0m
[2024-07-02T15:43:07.201+0000] {log.py:232} WARNING - [[34m2024-07-02T15:43:07.201+0000[0m] {[34msubprocess.py:[0m94} INFO[0m - [35m(astronomer-cosmos)[0m - [0m15:43:07  1 of 1 START sql table model public.dim_product ................................ [RUN][0m
[2024-07-02T15:43:07.201+0000] {subprocess.py:94} INFO - [0m15:43:07  1 of 1 START sql table model public.dim_product ................................ [RUN]
[2024-07-02T15:43:11.954+0000] {log.py:232} WARNING - [[34m2024-07-02T15:43:11.954+0000[0m] {[34msubprocess.py:[0m94} INFO[0m - [35m(astronomer-cosmos)[0m - [0m15:43:11  1 of 1 OK created sql table model public.dim_product ........................... [[32mSELECT 16282[0m in 4.75s][0m
[2024-07-02T15:43:11.955+0000] {log.py:232} WARNING - [[34m2024-07-02T15:43:11.954+0000[0m] {[34msubprocess.py:[0m94} INFO[0m - [35m(astronomer-cosmos)[0m - [0m15:43:11  1 of 1 OK created sql table model public.dim_product ........................... [[32mSELECT 16282[0m in 4.75s][0m
[2024-07-02T15:43:11.954+0000] {subprocess.py:94} INFO - [0m15:43:11  1 of 1 OK created sql table model public.dim_product ........................... [[32mSELECT 16282[0m in 4.75s]
[2024-07-02T15:43:11.973+0000] {log.py:232} WARNING - [[34m2024-07-02T15:43:11.973+0000[0m] {[34msubprocess.py:[0m94} INFO[0m - [35m(astronomer-cosmos)[0m - [0m15:43:11[0m
[2024-07-02T15:43:11.973+0000] {log.py:232} WARNING - [[34m2024-07-02T15:43:11.973+0000[0m] {[34msubprocess.py:[0m94} INFO[0m - [35m(astronomer-cosmos)[0m - [0m15:43:11[0m
[2024-07-02T15:43:11.973+0000] {subprocess.py:94} INFO - [0m15:43:11
[2024-07-02T15:43:11.974+0000] {log.py:232} WARNING - [[34m2024-07-02T15:43:11.974+0000[0m] {[34msubprocess.py:[0m94} INFO[0m - [35m(astronomer-cosmos)[0m - [0m15:43:11  Finished running 1 table model in 0 hours 0 minutes and 5.08 seconds (5.08s).[0m
[2024-07-02T15:43:11.975+0000] {log.py:232} WARNING - [[34m2024-07-02T15:43:11.974+0000[0m] {[34msubprocess.py:[0m94} INFO[0m - [35m(astronomer-cosmos)[0m - [0m15:43:11  Finished running 1 table model in 0 hours 0 minutes and 5.08 seconds (5.08s).[0m
[2024-07-02T15:43:11.974+0000] {subprocess.py:94} INFO - [0m15:43:11  Finished running 1 table model in 0 hours 0 minutes and 5.08 seconds (5.08s).
[2024-07-02T15:43:12.039+0000] {log.py:232} WARNING - [[34m2024-07-02T15:43:12.038+0000[0m] {[34msubprocess.py:[0m94} INFO[0m - [35m(astronomer-cosmos)[0m - [0m15:43:12[0m
[2024-07-02T15:43:12.039+0000] {log.py:232} WARNING - [[34m2024-07-02T15:43:12.038+0000[0m] {[34msubprocess.py:[0m94} INFO[0m - [35m(astronomer-cosmos)[0m - [0m15:43:12[0m
[2024-07-02T15:43:12.038+0000] {subprocess.py:94} INFO - [0m15:43:12
[2024-07-02T15:43:12.039+0000] {log.py:232} WARNING - [[34m2024-07-02T15:43:12.039+0000[0m] {[34msubprocess.py:[0m94} INFO[0m - [35m(astronomer-cosmos)[0m - [0m15:43:12  [32mCompleted successfully[0m[0m
[2024-07-02T15:43:12.040+0000] {log.py:232} WARNING - [[34m2024-07-02T15:43:12.039+0000[0m] {[34msubprocess.py:[0m94} INFO[0m - [35m(astronomer-cosmos)[0m - [0m15:43:12  [32mCompleted successfully[0m[0m
[2024-07-02T15:43:12.039+0000] {subprocess.py:94} INFO - [0m15:43:12  [32mCompleted successfully[0m
[2024-07-02T15:43:12.040+0000] {log.py:232} WARNING - [[34m2024-07-02T15:43:12.040+0000[0m] {[34msubprocess.py:[0m94} INFO[0m - [35m(astronomer-cosmos)[0m - [0m15:43:12[0m
[2024-07-02T15:43:12.040+0000] {log.py:232} WARNING - [[34m2024-07-02T15:43:12.040+0000[0m] {[34msubprocess.py:[0m94} INFO[0m - [35m(astronomer-cosmos)[0m - [0m15:43:12[0m
[2024-07-02T15:43:12.040+0000] {subprocess.py:94} INFO - [0m15:43:12
[2024-07-02T15:43:12.041+0000] {log.py:232} WARNING - [[34m2024-07-02T15:43:12.041+0000[0m] {[34msubprocess.py:[0m94} INFO[0m - [35m(astronomer-cosmos)[0m - [0m15:43:12  Done. PASS=1 WARN=0 ERROR=0 SKIP=0 TOTAL=1[0m
[2024-07-02T15:43:12.041+0000] {log.py:232} WARNING - [[34m2024-07-02T15:43:12.041+0000[0m] {[34msubprocess.py:[0m94} INFO[0m - [35m(astronomer-cosmos)[0m - [0m15:43:12  Done. PASS=1 WARN=0 ERROR=0 SKIP=0 TOTAL=1[0m
[2024-07-02T15:43:12.041+0000] {subprocess.py:94} INFO - [0m15:43:12  Done. PASS=1 WARN=0 ERROR=0 SKIP=0 TOTAL=1
[2024-07-02T15:43:13.311+0000] {log.py:232} WARNING - [[34m2024-07-02T15:43:13.311+0000[0m] {[34msubprocess.py:[0m98} INFO[0m - [35m(astronomer-cosmos)[0m - Command exited with return code 0[0m
[2024-07-02T15:43:13.312+0000] {log.py:232} WARNING - [[34m2024-07-02T15:43:13.311+0000[0m] {[34msubprocess.py:[0m98} INFO[0m - [35m(astronomer-cosmos)[0m - Command exited with return code 0[0m
[2024-07-02T15:43:13.311+0000] {subprocess.py:98} INFO - Command exited with return code 0
[2024-07-02T15:43:13.312+0000] {log.py:232} WARNING - [[34m2024-07-02T15:43:13.312+0000[0m] {[34mlocal.py:[0m254} INFO[0m - [35m(astronomer-cosmos)[0m - [0m15:43:12  Done. PASS=1 WARN=0 ERROR=0 SKIP=0 TOTAL=1[0m
[2024-07-02T15:43:13.313+0000] {log.py:232} WARNING - [[34m2024-07-02T15:43:13.312+0000[0m] {[34mlocal.py:[0m254} INFO[0m - [35m(astronomer-cosmos)[0m - [0m15:43:12  Done. PASS=1 WARN=0 ERROR=0 SKIP=0 TOTAL=1[0m
[2024-07-02T15:43:13.312+0000] {local.py:254} INFO - [0m15:43:12  Done. PASS=1 WARN=0 ERROR=0 SKIP=0 TOTAL=1
[2024-07-02T15:43:13.325+0000] {local.py:138} WARNING - Artifact schema version: https://schemas.getdbt.com/dbt/manifest/v12.json is above dbt-ol supported version 7. This might cause errors.
[2024-07-02T15:43:13.326+0000] {local.py:138} WARNING - Artifact schema version: https://schemas.getdbt.com/dbt/run-results/v6.json is above dbt-ol supported version 5. This might cause errors.
[2024-07-02T15:43:13.331+0000] {log.py:232} WARNING - [[34m2024-07-02T15:43:13.331+0000[0m] {[34mlocal.py:[0m349} INFO[0m - [35m(astronomer-cosmos)[0m - Inlets: [][0m
[2024-07-02T15:43:13.332+0000] {log.py:232} WARNING - [[34m2024-07-02T15:43:13.331+0000[0m] {[34mlocal.py:[0m349} INFO[0m - [35m(astronomer-cosmos)[0m - Inlets: [][0m
[2024-07-02T15:43:13.331+0000] {local.py:349} INFO - Inlets: []
[2024-07-02T15:43:13.332+0000] {log.py:232} WARNING - [[34m2024-07-02T15:43:13.332+0000[0m] {[34mlocal.py:[0m350} INFO[0m - [35m(astronomer-cosmos)[0m - Outlets: [Dataset(uri='postgres://postgres:5432/***.public.dim_product', extra=None)][0m
[2024-07-02T15:43:13.332+0000] {log.py:232} WARNING - [[34m2024-07-02T15:43:13.332+0000[0m] {[34mlocal.py:[0m350} INFO[0m - [35m(astronomer-cosmos)[0m - Outlets: [Dataset(uri='postgres://postgres:5432/***.public.dim_product', extra=None)][0m
[2024-07-02T15:43:13.332+0000] {local.py:350} INFO - Outlets: [Dataset(uri='postgres://postgres:5432/airflow.public.dim_product', extra=None)]
[2024-07-02T15:43:13.333+0000] {dag.py:3033} INFO - Sync 1 DAGs
[2024-07-02T15:43:13.360+0000] {dag.py:3820} INFO - Setting next_dagrun for pipeline to 2024-07-02T00:00:00+00:00, run_after=2024-07-03T00:00:00+00:00
[2024-07-02T15:43:13.390+0000] {warnings.py:109} WARNING - /home/***/.local/lib/python3.8/site-packages/***/models/baseoperator.py:1476: RemovedInAirflow3Warning: Passing 'execution_date' to 'TaskInstance.xcom_push()' is deprecated.
  context["ti"].xcom_push(key=key, value=value, execution_date=execution_date)

[2024-07-02T15:43:13.416+0000] {taskinstance.py:1138} INFO - Marking task as SUCCESS. dag_id=pipeline, task_id=transform.dim_product_run, execution_date=20240702T154247, start_date=20240702T154301, end_date=20240702T154313
[2024-07-02T15:43:13.472+0000] {local_task_job_runner.py:234} INFO - Task exited with return code 0
[2024-07-02T15:43:13.513+0000] {taskinstance.py:3281} INFO - 1 downstream tasks scheduled from follow-on schedule check
