[2024-07-02T14:57:11.184+0000] {taskinstance.py:1957} INFO - Dependencies all met for dep_context=non-requeueable deps ti=<TaskInstance: pipeline.transform.dim_datetime_run scheduled__2024-07-01T00:00:00+00:00 [queued]>
[2024-07-02T14:57:11.196+0000] {taskinstance.py:1957} INFO - Dependencies all met for dep_context=requeueable deps ti=<TaskInstance: pipeline.transform.dim_datetime_run scheduled__2024-07-01T00:00:00+00:00 [queued]>
[2024-07-02T14:57:11.197+0000] {taskinstance.py:2171} INFO - Starting attempt 1 of 1
[2024-07-02T14:57:11.213+0000] {taskinstance.py:2192} INFO - Executing <Task(DbtRunLocalOperator): transform.dim_datetime_run> on 2024-07-01 00:00:00+00:00
[2024-07-02T14:57:11.219+0000] {standard_task_runner.py:60} INFO - Started process 568 to run task
[2024-07-02T14:57:11.223+0000] {standard_task_runner.py:87} INFO - Running: ['***', 'tasks', 'run', 'pipeline', 'transform.dim_datetime_run', 'scheduled__2024-07-01T00:00:00+00:00', '--job-id', '10', '--raw', '--subdir', 'DAGS_FOLDER/pipeline.py', '--cfg-path', '/tmp/tmpx9usi9hk']
[2024-07-02T14:57:11.226+0000] {standard_task_runner.py:88} INFO - Job 10: Subtask transform.dim_datetime_run
[2024-07-02T14:57:11.279+0000] {task_command.py:423} INFO - Running <TaskInstance: pipeline.transform.dim_datetime_run scheduled__2024-07-01T00:00:00+00:00 [running]> on host e21b7712e0d7
[2024-07-02T14:57:11.366+0000] {taskinstance.py:2481} INFO - Exporting env vars: AIRFLOW_CTX_DAG_OWNER='***' AIRFLOW_CTX_DAG_ID='pipeline' AIRFLOW_CTX_TASK_ID='transform.dim_datetime_run' AIRFLOW_CTX_EXECUTION_DATE='2024-07-01T00:00:00+00:00' AIRFLOW_CTX_TRY_NUMBER='1' AIRFLOW_CTX_DAG_RUN_ID='scheduled__2024-07-01T00:00:00+00:00'
[2024-07-02T14:57:11.368+0000] {log.py:232} WARNING - [[34m2024-07-02T14:57:11.368+0000[0m] {[34mlocal.py:[0m174} INFO[0m - [35m(astronomer-cosmos)[0m - Could not import dbtRunner. Falling back to subprocess for invoking dbt.[0m
[2024-07-02T14:57:11.369+0000] {log.py:232} WARNING - [[34m2024-07-02T14:57:11.368+0000[0m] {[34mlocal.py:[0m174} INFO[0m - [35m(astronomer-cosmos)[0m - Could not import dbtRunner. Falling back to subprocess for invoking dbt.[0m
[2024-07-02T14:57:11.368+0000] {local.py:174} INFO - Could not import dbtRunner. Falling back to subprocess for invoking dbt.
[2024-07-02T14:57:11.370+0000] {log.py:232} WARNING - [[34m2024-07-02T14:57:11.370+0000[0m] {[34mlocal.py:[0m292} INFO[0m - [35m(astronomer-cosmos)[0m - Cloning project to writable temp directory /tmp/tmpkg5ejocn from /opt/***/dossier/dbt[0m
[2024-07-02T14:57:11.370+0000] {log.py:232} WARNING - [[34m2024-07-02T14:57:11.370+0000[0m] {[34mlocal.py:[0m292} INFO[0m - [35m(astronomer-cosmos)[0m - Cloning project to writable temp directory /tmp/tmpkg5ejocn from /opt/***/dossier/dbt[0m
[2024-07-02T14:57:11.370+0000] {local.py:292} INFO - Cloning project to writable temp directory /tmp/tmpkg5ejocn from /opt/airflow/dossier/dbt
[2024-07-02T14:57:11.372+0000] {log.py:232} WARNING - [[34m2024-07-02T14:57:11.371+0000[0m] {[34mlocal.py:[0m303} INFO[0m - [35m(astronomer-cosmos)[0m - Partial parse is enabled and the latest partial parse file is /opt/***/dossier/dbt/target/partial_parse.msgpack[0m
[2024-07-02T14:57:11.372+0000] {log.py:232} WARNING - [[34m2024-07-02T14:57:11.371+0000[0m] {[34mlocal.py:[0m303} INFO[0m - [35m(astronomer-cosmos)[0m - Partial parse is enabled and the latest partial parse file is /opt/***/dossier/dbt/target/partial_parse.msgpack[0m
[2024-07-02T14:57:11.371+0000] {local.py:303} INFO - Partial parse is enabled and the latest partial parse file is /opt/airflow/dossier/dbt/target/partial_parse.msgpack
[2024-07-02T14:57:11.384+0000] {log.py:232} WARNING - [[34m2024-07-02T14:57:11.384+0000[0m] {[34mconfig.py:[0m288} INFO[0m - [35m(astronomer-cosmos)[0m - Using user-supplied profiles.yml at /opt/***/dossier/dbt/profiles.yml[0m
[2024-07-02T14:57:11.384+0000] {log.py:232} WARNING - [[34m2024-07-02T14:57:11.384+0000[0m] {[34mconfig.py:[0m288} INFO[0m - [35m(astronomer-cosmos)[0m - Using user-supplied profiles.yml at /opt/***/dossier/dbt/profiles.yml[0m
[2024-07-02T14:57:11.384+0000] {config.py:288} INFO - Using user-supplied profiles.yml at /opt/***/dossier/dbt/profiles.yml
[2024-07-02T14:57:11.385+0000] {log.py:232} WARNING - [[34m2024-07-02T14:57:11.385+0000[0m] {[34mlocal.py:[0m247} INFO[0m - [35m(astronomer-cosmos)[0m - Trying to run the command:
 ['/opt/***/dbt_env/bin/dbt', 'run', '--models', 'dim_datetime', '--project-dir', '/tmp/tmpkg5ejocn', '--profiles-dir', '/opt/***/dossier/dbt', '--profile', '***', '--target', 'dev']
From /tmp/tmpkg5ejocn[0m
[2024-07-02T14:57:11.385+0000] {log.py:232} WARNING - [[34m2024-07-02T14:57:11.385+0000[0m] {[34mlocal.py:[0m247} INFO[0m - [35m(astronomer-cosmos)[0m - Trying to run the command:
 ['/opt/***/dbt_env/bin/dbt', 'run', '--models', 'dim_datetime', '--project-dir', '/tmp/tmpkg5ejocn', '--profiles-dir', '/opt/***/dossier/dbt', '--profile', '***', '--target', 'dev']
From /tmp/tmpkg5ejocn[0m
[2024-07-02T14:57:11.385+0000] {local.py:247} INFO - Trying to run the command:
 ['/opt/***/dbt_env/bin/dbt', 'run', '--models', 'dim_datetime', '--project-dir', '/tmp/tmpkg5ejocn', '--profiles-dir', '/opt/***/dossier/dbt', '--profile', '***', '--target', 'dev']
From /tmp/tmpkg5ejocn
[2024-07-02T14:57:11.386+0000] {log.py:232} WARNING - [[34m2024-07-02T14:57:11.386+0000[0m] {[34msubprocess.py:[0m60} INFO[0m - [35m(astronomer-cosmos)[0m - Tmp dir root location: 
 /tmp[0m
[2024-07-02T14:57:11.386+0000] {log.py:232} WARNING - [[34m2024-07-02T14:57:11.386+0000[0m] {[34msubprocess.py:[0m60} INFO[0m - [35m(astronomer-cosmos)[0m - Tmp dir root location: 
 /tmp[0m
[2024-07-02T14:57:11.386+0000] {subprocess.py:60} INFO - Tmp dir root location: 
 /tmp
[2024-07-02T14:57:11.387+0000] {log.py:232} WARNING - [[34m2024-07-02T14:57:11.386+0000[0m] {[34msubprocess.py:[0m73} INFO[0m - [35m(astronomer-cosmos)[0m - Running command: ['/opt/***/dbt_env/bin/dbt', 'run', '--models', 'dim_datetime', '--project-dir', '/tmp/tmpkg5ejocn', '--profiles-dir', '/opt/***/dossier/dbt', '--profile', '***', '--target', 'dev'][0m
[2024-07-02T14:57:11.387+0000] {log.py:232} WARNING - [[34m2024-07-02T14:57:11.386+0000[0m] {[34msubprocess.py:[0m73} INFO[0m - [35m(astronomer-cosmos)[0m - Running command: ['/opt/***/dbt_env/bin/dbt', 'run', '--models', 'dim_datetime', '--project-dir', '/tmp/tmpkg5ejocn', '--profiles-dir', '/opt/***/dossier/dbt', '--profile', '***', '--target', 'dev'][0m
[2024-07-02T14:57:11.386+0000] {subprocess.py:73} INFO - Running command: ['/opt/***/dbt_env/bin/dbt', 'run', '--models', 'dim_datetime', '--project-dir', '/tmp/tmpkg5ejocn', '--profiles-dir', '/opt/***/dossier/dbt', '--profile', '***', '--target', 'dev']
[2024-07-02T14:57:11.401+0000] {log.py:232} WARNING - [[34m2024-07-02T14:57:11.400+0000[0m] {[34msubprocess.py:[0m84} INFO[0m - [35m(astronomer-cosmos)[0m - Command output:[0m
[2024-07-02T14:57:11.401+0000] {log.py:232} WARNING - [[34m2024-07-02T14:57:11.400+0000[0m] {[34msubprocess.py:[0m84} INFO[0m - [35m(astronomer-cosmos)[0m - Command output:[0m
[2024-07-02T14:57:11.400+0000] {subprocess.py:84} INFO - Command output:
[2024-07-02T14:57:13.902+0000] {log.py:232} WARNING - [[34m2024-07-02T14:57:13.901+0000[0m] {[34msubprocess.py:[0m94} INFO[0m - [35m(astronomer-cosmos)[0m - [0m14:57:13  Running with dbt=1.8.3[0m
[2024-07-02T14:57:13.903+0000] {log.py:232} WARNING - [[34m2024-07-02T14:57:13.901+0000[0m] {[34msubprocess.py:[0m94} INFO[0m - [35m(astronomer-cosmos)[0m - [0m14:57:13  Running with dbt=1.8.3[0m
[2024-07-02T14:57:13.901+0000] {subprocess.py:94} INFO - [0m14:57:13  Running with dbt=1.8.3
[2024-07-02T14:57:14.511+0000] {log.py:232} WARNING - [[34m2024-07-02T14:57:14.511+0000[0m] {[34msubprocess.py:[0m94} INFO[0m - [35m(astronomer-cosmos)[0m - [0m14:57:14  Registered adapter: postgres=1.8.2[0m
[2024-07-02T14:57:14.513+0000] {log.py:232} WARNING - [[34m2024-07-02T14:57:14.511+0000[0m] {[34msubprocess.py:[0m94} INFO[0m - [35m(astronomer-cosmos)[0m - [0m14:57:14  Registered adapter: postgres=1.8.2[0m
[2024-07-02T14:57:14.511+0000] {subprocess.py:94} INFO - [0m14:57:14  Registered adapter: postgres=1.8.2
[2024-07-02T14:57:14.888+0000] {log.py:232} WARNING - [[34m2024-07-02T14:57:14.888+0000[0m] {[34msubprocess.py:[0m94} INFO[0m - [35m(astronomer-cosmos)[0m - [0m14:57:14  Unable to do partial parsing because config vars, config profile, or config target have changed[0m
[2024-07-02T14:57:14.889+0000] {log.py:232} WARNING - [[34m2024-07-02T14:57:14.888+0000[0m] {[34msubprocess.py:[0m94} INFO[0m - [35m(astronomer-cosmos)[0m - [0m14:57:14  Unable to do partial parsing because config vars, config profile, or config target have changed[0m
[2024-07-02T14:57:14.888+0000] {subprocess.py:94} INFO - [0m14:57:14  Unable to do partial parsing because config vars, config profile, or config target have changed
[2024-07-02T14:57:18.905+0000] {log.py:232} WARNING - [[34m2024-07-02T14:57:18.904+0000[0m] {[34msubprocess.py:[0m94} INFO[0m - [35m(astronomer-cosmos)[0m - [0m14:57:18  Found 4 models, 2 sources, 529 macros[0m
[2024-07-02T14:57:18.905+0000] {log.py:232} WARNING - [[34m2024-07-02T14:57:18.904+0000[0m] {[34msubprocess.py:[0m94} INFO[0m - [35m(astronomer-cosmos)[0m - [0m14:57:18  Found 4 models, 2 sources, 529 macros[0m
[2024-07-02T14:57:18.904+0000] {subprocess.py:94} INFO - [0m14:57:18  Found 4 models, 2 sources, 529 macros
[2024-07-02T14:57:18.909+0000] {log.py:232} WARNING - [[34m2024-07-02T14:57:18.908+0000[0m] {[34msubprocess.py:[0m94} INFO[0m - [35m(astronomer-cosmos)[0m - [0m14:57:18[0m
[2024-07-02T14:57:18.909+0000] {log.py:232} WARNING - [[34m2024-07-02T14:57:18.908+0000[0m] {[34msubprocess.py:[0m94} INFO[0m - [35m(astronomer-cosmos)[0m - [0m14:57:18[0m
[2024-07-02T14:57:18.908+0000] {subprocess.py:94} INFO - [0m14:57:18
[2024-07-02T14:57:19.181+0000] {log.py:232} WARNING - [[34m2024-07-02T14:57:19.180+0000[0m] {[34msubprocess.py:[0m94} INFO[0m - [35m(astronomer-cosmos)[0m - [0m14:57:19  Concurrency: 1 threads (target='dev')[0m
[2024-07-02T14:57:19.182+0000] {log.py:232} WARNING - [[34m2024-07-02T14:57:19.180+0000[0m] {[34msubprocess.py:[0m94} INFO[0m - [35m(astronomer-cosmos)[0m - [0m14:57:19  Concurrency: 1 threads (target='dev')[0m
[2024-07-02T14:57:19.180+0000] {subprocess.py:94} INFO - [0m14:57:19  Concurrency: 1 threads (target='dev')
[2024-07-02T14:57:19.183+0000] {log.py:232} WARNING - [[34m2024-07-02T14:57:19.182+0000[0m] {[34msubprocess.py:[0m94} INFO[0m - [35m(astronomer-cosmos)[0m - [0m14:57:19[0m
[2024-07-02T14:57:19.183+0000] {log.py:232} WARNING - [[34m2024-07-02T14:57:19.182+0000[0m] {[34msubprocess.py:[0m94} INFO[0m - [35m(astronomer-cosmos)[0m - [0m14:57:19[0m
[2024-07-02T14:57:19.182+0000] {subprocess.py:94} INFO - [0m14:57:19
[2024-07-02T14:57:19.203+0000] {log.py:232} WARNING - [[34m2024-07-02T14:57:19.202+0000[0m] {[34msubprocess.py:[0m94} INFO[0m - [35m(astronomer-cosmos)[0m - [0m14:57:19  1 of 1 START sql table model public.dim_datetime ............................... [RUN][0m
[2024-07-02T14:57:19.203+0000] {log.py:232} WARNING - [[34m2024-07-02T14:57:19.202+0000[0m] {[34msubprocess.py:[0m94} INFO[0m - [35m(astronomer-cosmos)[0m - [0m14:57:19  1 of 1 START sql table model public.dim_datetime ............................... [RUN][0m
[2024-07-02T14:57:19.202+0000] {subprocess.py:94} INFO - [0m14:57:19  1 of 1 START sql table model public.dim_datetime ............................... [RUN]
[2024-07-02T14:57:20.207+0000] {log.py:232} WARNING - [[34m2024-07-02T14:57:20.207+0000[0m] {[34msubprocess.py:[0m94} INFO[0m - [35m(astronomer-cosmos)[0m - [0m14:57:20  1 of 1 OK created sql table model public.dim_datetime .......................... [[32mSELECT 23260[0m in 1.00s][0m
[2024-07-02T14:57:20.208+0000] {log.py:232} WARNING - [[34m2024-07-02T14:57:20.207+0000[0m] {[34msubprocess.py:[0m94} INFO[0m - [35m(astronomer-cosmos)[0m - [0m14:57:20  1 of 1 OK created sql table model public.dim_datetime .......................... [[32mSELECT 23260[0m in 1.00s][0m
[2024-07-02T14:57:20.207+0000] {subprocess.py:94} INFO - [0m14:57:20  1 of 1 OK created sql table model public.dim_datetime .......................... [[32mSELECT 23260[0m in 1.00s]
[2024-07-02T14:57:20.233+0000] {log.py:232} WARNING - [[34m2024-07-02T14:57:20.233+0000[0m] {[34msubprocess.py:[0m94} INFO[0m - [35m(astronomer-cosmos)[0m - [0m14:57:20[0m
[2024-07-02T14:57:20.234+0000] {log.py:232} WARNING - [[34m2024-07-02T14:57:20.233+0000[0m] {[34msubprocess.py:[0m94} INFO[0m - [35m(astronomer-cosmos)[0m - [0m14:57:20[0m
[2024-07-02T14:57:20.233+0000] {subprocess.py:94} INFO - [0m14:57:20
[2024-07-02T14:57:20.235+0000] {log.py:232} WARNING - [[34m2024-07-02T14:57:20.234+0000[0m] {[34msubprocess.py:[0m94} INFO[0m - [35m(astronomer-cosmos)[0m - [0m14:57:20  Finished running 1 table model in 0 hours 0 minutes and 1.32 seconds (1.32s).[0m
[2024-07-02T14:57:20.235+0000] {log.py:232} WARNING - [[34m2024-07-02T14:57:20.234+0000[0m] {[34msubprocess.py:[0m94} INFO[0m - [35m(astronomer-cosmos)[0m - [0m14:57:20  Finished running 1 table model in 0 hours 0 minutes and 1.32 seconds (1.32s).[0m
[2024-07-02T14:57:20.234+0000] {subprocess.py:94} INFO - [0m14:57:20  Finished running 1 table model in 0 hours 0 minutes and 1.32 seconds (1.32s).
[2024-07-02T14:57:20.329+0000] {log.py:232} WARNING - [[34m2024-07-02T14:57:20.329+0000[0m] {[34msubprocess.py:[0m94} INFO[0m - [35m(astronomer-cosmos)[0m - [0m14:57:20[0m
[2024-07-02T14:57:20.330+0000] {log.py:232} WARNING - [[34m2024-07-02T14:57:20.329+0000[0m] {[34msubprocess.py:[0m94} INFO[0m - [35m(astronomer-cosmos)[0m - [0m14:57:20[0m
[2024-07-02T14:57:20.329+0000] {subprocess.py:94} INFO - [0m14:57:20
[2024-07-02T14:57:20.331+0000] {log.py:232} WARNING - [[34m2024-07-02T14:57:20.331+0000[0m] {[34msubprocess.py:[0m94} INFO[0m - [35m(astronomer-cosmos)[0m - [0m14:57:20  [32mCompleted successfully[0m[0m
[2024-07-02T14:57:20.332+0000] {log.py:232} WARNING - [[34m2024-07-02T14:57:20.331+0000[0m] {[34msubprocess.py:[0m94} INFO[0m - [35m(astronomer-cosmos)[0m - [0m14:57:20  [32mCompleted successfully[0m[0m
[2024-07-02T14:57:20.331+0000] {subprocess.py:94} INFO - [0m14:57:20  [32mCompleted successfully[0m
[2024-07-02T14:57:20.333+0000] {log.py:232} WARNING - [[34m2024-07-02T14:57:20.333+0000[0m] {[34msubprocess.py:[0m94} INFO[0m - [35m(astronomer-cosmos)[0m - [0m14:57:20[0m
[2024-07-02T14:57:20.333+0000] {log.py:232} WARNING - [[34m2024-07-02T14:57:20.333+0000[0m] {[34msubprocess.py:[0m94} INFO[0m - [35m(astronomer-cosmos)[0m - [0m14:57:20[0m
[2024-07-02T14:57:20.333+0000] {subprocess.py:94} INFO - [0m14:57:20
[2024-07-02T14:57:20.335+0000] {log.py:232} WARNING - [[34m2024-07-02T14:57:20.334+0000[0m] {[34msubprocess.py:[0m94} INFO[0m - [35m(astronomer-cosmos)[0m - [0m14:57:20  Done. PASS=1 WARN=0 ERROR=0 SKIP=0 TOTAL=1[0m
[2024-07-02T14:57:20.335+0000] {log.py:232} WARNING - [[34m2024-07-02T14:57:20.334+0000[0m] {[34msubprocess.py:[0m94} INFO[0m - [35m(astronomer-cosmos)[0m - [0m14:57:20  Done. PASS=1 WARN=0 ERROR=0 SKIP=0 TOTAL=1[0m
[2024-07-02T14:57:20.334+0000] {subprocess.py:94} INFO - [0m14:57:20  Done. PASS=1 WARN=0 ERROR=0 SKIP=0 TOTAL=1
[2024-07-02T14:57:21.898+0000] {log.py:232} WARNING - [[34m2024-07-02T14:57:21.897+0000[0m] {[34msubprocess.py:[0m98} INFO[0m - [35m(astronomer-cosmos)[0m - Command exited with return code 0[0m
[2024-07-02T14:57:21.898+0000] {log.py:232} WARNING - [[34m2024-07-02T14:57:21.897+0000[0m] {[34msubprocess.py:[0m98} INFO[0m - [35m(astronomer-cosmos)[0m - Command exited with return code 0[0m
[2024-07-02T14:57:21.897+0000] {subprocess.py:98} INFO - Command exited with return code 0
[2024-07-02T14:57:21.899+0000] {log.py:232} WARNING - [[34m2024-07-02T14:57:21.899+0000[0m] {[34mlocal.py:[0m254} INFO[0m - [35m(astronomer-cosmos)[0m - [0m14:57:20  Done. PASS=1 WARN=0 ERROR=0 SKIP=0 TOTAL=1[0m
[2024-07-02T14:57:21.899+0000] {log.py:232} WARNING - [[34m2024-07-02T14:57:21.899+0000[0m] {[34mlocal.py:[0m254} INFO[0m - [35m(astronomer-cosmos)[0m - [0m14:57:20  Done. PASS=1 WARN=0 ERROR=0 SKIP=0 TOTAL=1[0m
[2024-07-02T14:57:21.899+0000] {local.py:254} INFO - [0m14:57:20  Done. PASS=1 WARN=0 ERROR=0 SKIP=0 TOTAL=1
[2024-07-02T14:57:21.916+0000] {local.py:138} WARNING - Artifact schema version: https://schemas.getdbt.com/dbt/manifest/v12.json is above dbt-ol supported version 7. This might cause errors.
[2024-07-02T14:57:21.917+0000] {local.py:138} WARNING - Artifact schema version: https://schemas.getdbt.com/dbt/run-results/v6.json is above dbt-ol supported version 5. This might cause errors.
[2024-07-02T14:57:21.924+0000] {log.py:232} WARNING - [[34m2024-07-02T14:57:21.924+0000[0m] {[34mlocal.py:[0m349} INFO[0m - [35m(astronomer-cosmos)[0m - Inlets: [][0m
[2024-07-02T14:57:21.924+0000] {log.py:232} WARNING - [[34m2024-07-02T14:57:21.924+0000[0m] {[34mlocal.py:[0m349} INFO[0m - [35m(astronomer-cosmos)[0m - Inlets: [][0m
[2024-07-02T14:57:21.924+0000] {local.py:349} INFO - Inlets: []
[2024-07-02T14:57:21.925+0000] {log.py:232} WARNING - [[34m2024-07-02T14:57:21.925+0000[0m] {[34mlocal.py:[0m350} INFO[0m - [35m(astronomer-cosmos)[0m - Outlets: [Dataset(uri='postgres://postgres:5432/***.public.dim_datetime', extra=None)][0m
[2024-07-02T14:57:21.926+0000] {log.py:232} WARNING - [[34m2024-07-02T14:57:21.925+0000[0m] {[34mlocal.py:[0m350} INFO[0m - [35m(astronomer-cosmos)[0m - Outlets: [Dataset(uri='postgres://postgres:5432/***.public.dim_datetime', extra=None)][0m
[2024-07-02T14:57:21.925+0000] {local.py:350} INFO - Outlets: [Dataset(uri='postgres://postgres:5432/airflow.public.dim_datetime', extra=None)]
[2024-07-02T14:57:21.926+0000] {dag.py:3033} INFO - Sync 1 DAGs
[2024-07-02T14:57:21.971+0000] {dag.py:3820} INFO - Setting next_dagrun for pipeline to 2024-07-02T00:00:00+00:00, run_after=2024-07-03T00:00:00+00:00
[2024-07-02T14:57:22.014+0000] {warnings.py:109} WARNING - /home/***/.local/lib/python3.8/site-packages/***/models/baseoperator.py:1476: RemovedInAirflow3Warning: Passing 'execution_date' to 'TaskInstance.xcom_push()' is deprecated.
  context["ti"].xcom_push(key=key, value=value, execution_date=execution_date)

[2024-07-02T14:57:22.046+0000] {taskinstance.py:1138} INFO - Marking task as SUCCESS. dag_id=pipeline, task_id=transform.dim_datetime_run, execution_date=20240701T000000, start_date=20240702T145711, end_date=20240702T145722
[2024-07-02T14:57:22.100+0000] {local_task_job_runner.py:234} INFO - Task exited with return code 0
[2024-07-02T14:57:22.136+0000] {taskinstance.py:3281} INFO - 0 downstream tasks scheduled from follow-on schedule check
[2024-07-02T15:51:20.598+0000] {taskinstance.py:1957} INFO - Dependencies all met for dep_context=non-requeueable deps ti=<TaskInstance: pipeline.transform.dim_datetime_run scheduled__2024-07-01T00:00:00+00:00 [queued]>
[2024-07-02T15:51:20.656+0000] {taskinstance.py:1957} INFO - Dependencies all met for dep_context=requeueable deps ti=<TaskInstance: pipeline.transform.dim_datetime_run scheduled__2024-07-01T00:00:00+00:00 [queued]>
[2024-07-02T15:51:20.657+0000] {taskinstance.py:2171} INFO - Starting attempt 1 of 1
[2024-07-02T15:51:20.720+0000] {taskinstance.py:2192} INFO - Executing <Task(DbtRunLocalOperator): transform.dim_datetime_run> on 2024-07-01 00:00:00+00:00
[2024-07-02T15:51:20.744+0000] {standard_task_runner.py:60} INFO - Started process 125 to run task
[2024-07-02T15:51:20.780+0000] {standard_task_runner.py:87} INFO - Running: ['***', 'tasks', 'run', 'pipeline', 'transform.dim_datetime_run', 'scheduled__2024-07-01T00:00:00+00:00', '--job-id', '16', '--raw', '--subdir', 'DAGS_FOLDER/pipeline.py', '--cfg-path', '/tmp/tmp4xdodg18']
[2024-07-02T15:51:20.785+0000] {standard_task_runner.py:88} INFO - Job 16: Subtask transform.dim_datetime_run
[2024-07-02T15:51:20.961+0000] {task_command.py:423} INFO - Running <TaskInstance: pipeline.transform.dim_datetime_run scheduled__2024-07-01T00:00:00+00:00 [running]> on host 907144e2666d
[2024-07-02T15:51:21.272+0000] {taskinstance.py:2481} INFO - Exporting env vars: AIRFLOW_CTX_DAG_OWNER='***' AIRFLOW_CTX_DAG_ID='pipeline' AIRFLOW_CTX_TASK_ID='transform.dim_datetime_run' AIRFLOW_CTX_EXECUTION_DATE='2024-07-01T00:00:00+00:00' AIRFLOW_CTX_TRY_NUMBER='1' AIRFLOW_CTX_DAG_RUN_ID='scheduled__2024-07-01T00:00:00+00:00'
[2024-07-02T15:51:21.282+0000] {log.py:232} WARNING - [[34m2024-07-02T15:51:21.282+0000[0m] {[34mlocal.py:[0m174} INFO[0m - [35m(astronomer-cosmos)[0m - Could not import dbtRunner. Falling back to subprocess for invoking dbt.[0m
[2024-07-02T15:51:21.283+0000] {log.py:232} WARNING - [[34m2024-07-02T15:51:21.282+0000[0m] {[34mlocal.py:[0m174} INFO[0m - [35m(astronomer-cosmos)[0m - Could not import dbtRunner. Falling back to subprocess for invoking dbt.[0m
[2024-07-02T15:51:21.282+0000] {local.py:174} INFO - Could not import dbtRunner. Falling back to subprocess for invoking dbt.
[2024-07-02T15:51:21.285+0000] {log.py:232} WARNING - [[34m2024-07-02T15:51:21.284+0000[0m] {[34mlocal.py:[0m292} INFO[0m - [35m(astronomer-cosmos)[0m - Cloning project to writable temp directory /tmp/tmp1xul4__k from /opt/***/dossier/dbt[0m
[2024-07-02T15:51:21.286+0000] {log.py:232} WARNING - [[34m2024-07-02T15:51:21.284+0000[0m] {[34mlocal.py:[0m292} INFO[0m - [35m(astronomer-cosmos)[0m - Cloning project to writable temp directory /tmp/tmp1xul4__k from /opt/***/dossier/dbt[0m
[2024-07-02T15:51:21.284+0000] {local.py:292} INFO - Cloning project to writable temp directory /tmp/tmp1xul4__k from /opt/airflow/dossier/dbt
[2024-07-02T15:51:21.289+0000] {log.py:232} WARNING - [[34m2024-07-02T15:51:21.288+0000[0m] {[34mlocal.py:[0m303} INFO[0m - [35m(astronomer-cosmos)[0m - Partial parse is enabled and the latest partial parse file is /opt/***/dossier/dbt/target/partial_parse.msgpack[0m
[2024-07-02T15:51:21.290+0000] {log.py:232} WARNING - [[34m2024-07-02T15:51:21.288+0000[0m] {[34mlocal.py:[0m303} INFO[0m - [35m(astronomer-cosmos)[0m - Partial parse is enabled and the latest partial parse file is /opt/***/dossier/dbt/target/partial_parse.msgpack[0m
[2024-07-02T15:51:21.288+0000] {local.py:303} INFO - Partial parse is enabled and the latest partial parse file is /opt/airflow/dossier/dbt/target/partial_parse.msgpack
[2024-07-02T15:51:21.316+0000] {log.py:232} WARNING - [[34m2024-07-02T15:51:21.316+0000[0m] {[34mconfig.py:[0m288} INFO[0m - [35m(astronomer-cosmos)[0m - Using user-supplied profiles.yml at /opt/***/dossier/dbt/profiles.yml[0m
[2024-07-02T15:51:21.317+0000] {log.py:232} WARNING - [[34m2024-07-02T15:51:21.316+0000[0m] {[34mconfig.py:[0m288} INFO[0m - [35m(astronomer-cosmos)[0m - Using user-supplied profiles.yml at /opt/***/dossier/dbt/profiles.yml[0m
[2024-07-02T15:51:21.316+0000] {config.py:288} INFO - Using user-supplied profiles.yml at /opt/***/dossier/dbt/profiles.yml
[2024-07-02T15:51:21.318+0000] {log.py:232} WARNING - [[34m2024-07-02T15:51:21.318+0000[0m] {[34mlocal.py:[0m247} INFO[0m - [35m(astronomer-cosmos)[0m - Trying to run the command:
 ['/opt/***/dbt_env/bin/dbt', 'run', '--models', 'dim_datetime', '--project-dir', '/tmp/tmp1xul4__k', '--profiles-dir', '/opt/***/dossier/dbt', '--profile', '***', '--target', 'dev']
From /tmp/tmp1xul4__k[0m
[2024-07-02T15:51:21.319+0000] {log.py:232} WARNING - [[34m2024-07-02T15:51:21.318+0000[0m] {[34mlocal.py:[0m247} INFO[0m - [35m(astronomer-cosmos)[0m - Trying to run the command:
 ['/opt/***/dbt_env/bin/dbt', 'run', '--models', 'dim_datetime', '--project-dir', '/tmp/tmp1xul4__k', '--profiles-dir', '/opt/***/dossier/dbt', '--profile', '***', '--target', 'dev']
From /tmp/tmp1xul4__k[0m
[2024-07-02T15:51:21.318+0000] {local.py:247} INFO - Trying to run the command:
 ['/opt/***/dbt_env/bin/dbt', 'run', '--models', 'dim_datetime', '--project-dir', '/tmp/tmp1xul4__k', '--profiles-dir', '/opt/***/dossier/dbt', '--profile', '***', '--target', 'dev']
From /tmp/tmp1xul4__k
[2024-07-02T15:51:21.321+0000] {log.py:232} WARNING - [[34m2024-07-02T15:51:21.321+0000[0m] {[34msubprocess.py:[0m60} INFO[0m - [35m(astronomer-cosmos)[0m - Tmp dir root location: 
 /tmp[0m
[2024-07-02T15:51:21.322+0000] {log.py:232} WARNING - [[34m2024-07-02T15:51:21.321+0000[0m] {[34msubprocess.py:[0m60} INFO[0m - [35m(astronomer-cosmos)[0m - Tmp dir root location: 
 /tmp[0m
[2024-07-02T15:51:21.321+0000] {subprocess.py:60} INFO - Tmp dir root location: 
 /tmp
[2024-07-02T15:51:21.323+0000] {log.py:232} WARNING - [[34m2024-07-02T15:51:21.322+0000[0m] {[34msubprocess.py:[0m73} INFO[0m - [35m(astronomer-cosmos)[0m - Running command: ['/opt/***/dbt_env/bin/dbt', 'run', '--models', 'dim_datetime', '--project-dir', '/tmp/tmp1xul4__k', '--profiles-dir', '/opt/***/dossier/dbt', '--profile', '***', '--target', 'dev'][0m
[2024-07-02T15:51:21.324+0000] {log.py:232} WARNING - [[34m2024-07-02T15:51:21.322+0000[0m] {[34msubprocess.py:[0m73} INFO[0m - [35m(astronomer-cosmos)[0m - Running command: ['/opt/***/dbt_env/bin/dbt', 'run', '--models', 'dim_datetime', '--project-dir', '/tmp/tmp1xul4__k', '--profiles-dir', '/opt/***/dossier/dbt', '--profile', '***', '--target', 'dev'][0m
[2024-07-02T15:51:21.322+0000] {subprocess.py:73} INFO - Running command: ['/opt/***/dbt_env/bin/dbt', 'run', '--models', 'dim_datetime', '--project-dir', '/tmp/tmp1xul4__k', '--profiles-dir', '/opt/***/dossier/dbt', '--profile', '***', '--target', 'dev']
[2024-07-02T15:51:21.356+0000] {log.py:232} WARNING - [[34m2024-07-02T15:51:21.355+0000[0m] {[34msubprocess.py:[0m84} INFO[0m - [35m(astronomer-cosmos)[0m - Command output:[0m
[2024-07-02T15:51:21.357+0000] {log.py:232} WARNING - [[34m2024-07-02T15:51:21.355+0000[0m] {[34msubprocess.py:[0m84} INFO[0m - [35m(astronomer-cosmos)[0m - Command output:[0m
[2024-07-02T15:51:21.355+0000] {subprocess.py:84} INFO - Command output:
[2024-07-02T15:51:27.951+0000] {log.py:232} WARNING - [[34m2024-07-02T15:51:27.950+0000[0m] {[34msubprocess.py:[0m94} INFO[0m - [35m(astronomer-cosmos)[0m - [0m15:51:27  Running with dbt=1.8.3[0m
[2024-07-02T15:51:27.951+0000] {log.py:232} WARNING - [[34m2024-07-02T15:51:27.950+0000[0m] {[34msubprocess.py:[0m94} INFO[0m - [35m(astronomer-cosmos)[0m - [0m15:51:27  Running with dbt=1.8.3[0m
[2024-07-02T15:51:27.950+0000] {subprocess.py:94} INFO - [0m15:51:27  Running with dbt=1.8.3
[2024-07-02T15:51:29.122+0000] {log.py:232} WARNING - [[34m2024-07-02T15:51:29.122+0000[0m] {[34msubprocess.py:[0m94} INFO[0m - [35m(astronomer-cosmos)[0m - [0m15:51:29  Registered adapter: postgres=1.8.2[0m
[2024-07-02T15:51:29.124+0000] {log.py:232} WARNING - [[34m2024-07-02T15:51:29.122+0000[0m] {[34msubprocess.py:[0m94} INFO[0m - [35m(astronomer-cosmos)[0m - [0m15:51:29  Registered adapter: postgres=1.8.2[0m
[2024-07-02T15:51:29.122+0000] {subprocess.py:94} INFO - [0m15:51:29  Registered adapter: postgres=1.8.2
[2024-07-02T15:51:29.615+0000] {log.py:232} WARNING - [[34m2024-07-02T15:51:29.614+0000[0m] {[34msubprocess.py:[0m94} INFO[0m - [35m(astronomer-cosmos)[0m - [0m15:51:29  Unable to do partial parsing because config vars, config profile, or config target have changed[0m
[2024-07-02T15:51:29.615+0000] {log.py:232} WARNING - [[34m2024-07-02T15:51:29.614+0000[0m] {[34msubprocess.py:[0m94} INFO[0m - [35m(astronomer-cosmos)[0m - [0m15:51:29  Unable to do partial parsing because config vars, config profile, or config target have changed[0m
[2024-07-02T15:51:29.614+0000] {subprocess.py:94} INFO - [0m15:51:29  Unable to do partial parsing because config vars, config profile, or config target have changed
[2024-07-02T15:51:36.969+0000] {log.py:232} WARNING - [[34m2024-07-02T15:51:36.969+0000[0m] {[34msubprocess.py:[0m94} INFO[0m - [35m(astronomer-cosmos)[0m - [0m15:51:36  Found 7 models, 2 sources, 529 macros[0m
[2024-07-02T15:51:36.970+0000] {log.py:232} WARNING - [[34m2024-07-02T15:51:36.969+0000[0m] {[34msubprocess.py:[0m94} INFO[0m - [35m(astronomer-cosmos)[0m - [0m15:51:36  Found 7 models, 2 sources, 529 macros[0m
[2024-07-02T15:51:36.969+0000] {subprocess.py:94} INFO - [0m15:51:36  Found 7 models, 2 sources, 529 macros
[2024-07-02T15:51:36.974+0000] {log.py:232} WARNING - [[34m2024-07-02T15:51:36.973+0000[0m] {[34msubprocess.py:[0m94} INFO[0m - [35m(astronomer-cosmos)[0m - [0m15:51:36[0m
[2024-07-02T15:51:36.975+0000] {log.py:232} WARNING - [[34m2024-07-02T15:51:36.973+0000[0m] {[34msubprocess.py:[0m94} INFO[0m - [35m(astronomer-cosmos)[0m - [0m15:51:36[0m
[2024-07-02T15:51:36.973+0000] {subprocess.py:94} INFO - [0m15:51:36
[2024-07-02T15:51:37.292+0000] {log.py:232} WARNING - [[34m2024-07-02T15:51:37.291+0000[0m] {[34msubprocess.py:[0m94} INFO[0m - [35m(astronomer-cosmos)[0m - [0m15:51:37  Concurrency: 1 threads (target='dev')[0m
[2024-07-02T15:51:37.296+0000] {log.py:232} WARNING - [[34m2024-07-02T15:51:37.291+0000[0m] {[34msubprocess.py:[0m94} INFO[0m - [35m(astronomer-cosmos)[0m - [0m15:51:37  Concurrency: 1 threads (target='dev')[0m
[2024-07-02T15:51:37.291+0000] {subprocess.py:94} INFO - [0m15:51:37  Concurrency: 1 threads (target='dev')
[2024-07-02T15:51:37.297+0000] {log.py:232} WARNING - [[34m2024-07-02T15:51:37.297+0000[0m] {[34msubprocess.py:[0m94} INFO[0m - [35m(astronomer-cosmos)[0m - [0m15:51:37[0m
[2024-07-02T15:51:37.298+0000] {log.py:232} WARNING - [[34m2024-07-02T15:51:37.297+0000[0m] {[34msubprocess.py:[0m94} INFO[0m - [35m(astronomer-cosmos)[0m - [0m15:51:37[0m
[2024-07-02T15:51:37.297+0000] {subprocess.py:94} INFO - [0m15:51:37
[2024-07-02T15:51:37.313+0000] {log.py:232} WARNING - [[34m2024-07-02T15:51:37.312+0000[0m] {[34msubprocess.py:[0m94} INFO[0m - [35m(astronomer-cosmos)[0m - [0m15:51:37  1 of 1 START sql table model public.dim_datetime ............................... [RUN][0m
[2024-07-02T15:51:37.314+0000] {log.py:232} WARNING - [[34m2024-07-02T15:51:37.312+0000[0m] {[34msubprocess.py:[0m94} INFO[0m - [35m(astronomer-cosmos)[0m - [0m15:51:37  1 of 1 START sql table model public.dim_datetime ............................... [RUN][0m
[2024-07-02T15:51:37.312+0000] {subprocess.py:94} INFO - [0m15:51:37  1 of 1 START sql table model public.dim_datetime ............................... [RUN]
[2024-07-02T15:51:39.101+0000] {log.py:232} WARNING - [[34m2024-07-02T15:51:39.101+0000[0m] {[34msubprocess.py:[0m94} INFO[0m - [35m(astronomer-cosmos)[0m - [0m15:51:39  1 of 1 OK created sql table model public.dim_datetime .......................... [[32mSELECT 23260[0m in 1.78s][0m
[2024-07-02T15:51:39.102+0000] {log.py:232} WARNING - [[34m2024-07-02T15:51:39.101+0000[0m] {[34msubprocess.py:[0m94} INFO[0m - [35m(astronomer-cosmos)[0m - [0m15:51:39  1 of 1 OK created sql table model public.dim_datetime .......................... [[32mSELECT 23260[0m in 1.78s][0m
[2024-07-02T15:51:39.101+0000] {subprocess.py:94} INFO - [0m15:51:39  1 of 1 OK created sql table model public.dim_datetime .......................... [[32mSELECT 23260[0m in 1.78s]
[2024-07-02T15:51:39.124+0000] {log.py:232} WARNING - [[34m2024-07-02T15:51:39.124+0000[0m] {[34msubprocess.py:[0m94} INFO[0m - [35m(astronomer-cosmos)[0m - [0m15:51:39[0m
[2024-07-02T15:51:39.124+0000] {log.py:232} WARNING - [[34m2024-07-02T15:51:39.124+0000[0m] {[34msubprocess.py:[0m94} INFO[0m - [35m(astronomer-cosmos)[0m - [0m15:51:39[0m
[2024-07-02T15:51:39.124+0000] {subprocess.py:94} INFO - [0m15:51:39
[2024-07-02T15:51:39.125+0000] {log.py:232} WARNING - [[34m2024-07-02T15:51:39.125+0000[0m] {[34msubprocess.py:[0m94} INFO[0m - [35m(astronomer-cosmos)[0m - [0m15:51:39  Finished running 1 table model in 0 hours 0 minutes and 2.15 seconds (2.15s).[0m
[2024-07-02T15:51:39.126+0000] {log.py:232} WARNING - [[34m2024-07-02T15:51:39.125+0000[0m] {[34msubprocess.py:[0m94} INFO[0m - [35m(astronomer-cosmos)[0m - [0m15:51:39  Finished running 1 table model in 0 hours 0 minutes and 2.15 seconds (2.15s).[0m
[2024-07-02T15:51:39.125+0000] {subprocess.py:94} INFO - [0m15:51:39  Finished running 1 table model in 0 hours 0 minutes and 2.15 seconds (2.15s).
[2024-07-02T15:51:39.313+0000] {log.py:232} WARNING - [[34m2024-07-02T15:51:39.313+0000[0m] {[34msubprocess.py:[0m94} INFO[0m - [35m(astronomer-cosmos)[0m - [0m15:51:39[0m
[2024-07-02T15:51:39.313+0000] {log.py:232} WARNING - [[34m2024-07-02T15:51:39.313+0000[0m] {[34msubprocess.py:[0m94} INFO[0m - [35m(astronomer-cosmos)[0m - [0m15:51:39[0m
[2024-07-02T15:51:39.313+0000] {subprocess.py:94} INFO - [0m15:51:39
[2024-07-02T15:51:39.315+0000] {log.py:232} WARNING - [[34m2024-07-02T15:51:39.315+0000[0m] {[34msubprocess.py:[0m94} INFO[0m - [35m(astronomer-cosmos)[0m - [0m15:51:39  [32mCompleted successfully[0m[0m
[2024-07-02T15:51:39.316+0000] {log.py:232} WARNING - [[34m2024-07-02T15:51:39.315+0000[0m] {[34msubprocess.py:[0m94} INFO[0m - [35m(astronomer-cosmos)[0m - [0m15:51:39  [32mCompleted successfully[0m[0m
[2024-07-02T15:51:39.315+0000] {subprocess.py:94} INFO - [0m15:51:39  [32mCompleted successfully[0m
[2024-07-02T15:51:39.317+0000] {log.py:232} WARNING - [[34m2024-07-02T15:51:39.316+0000[0m] {[34msubprocess.py:[0m94} INFO[0m - [35m(astronomer-cosmos)[0m - [0m15:51:39[0m
[2024-07-02T15:51:39.317+0000] {log.py:232} WARNING - [[34m2024-07-02T15:51:39.316+0000[0m] {[34msubprocess.py:[0m94} INFO[0m - [35m(astronomer-cosmos)[0m - [0m15:51:39[0m
[2024-07-02T15:51:39.316+0000] {subprocess.py:94} INFO - [0m15:51:39
[2024-07-02T15:51:39.319+0000] {log.py:232} WARNING - [[34m2024-07-02T15:51:39.318+0000[0m] {[34msubprocess.py:[0m94} INFO[0m - [35m(astronomer-cosmos)[0m - [0m15:51:39  Done. PASS=1 WARN=0 ERROR=0 SKIP=0 TOTAL=1[0m
[2024-07-02T15:51:39.319+0000] {log.py:232} WARNING - [[34m2024-07-02T15:51:39.318+0000[0m] {[34msubprocess.py:[0m94} INFO[0m - [35m(astronomer-cosmos)[0m - [0m15:51:39  Done. PASS=1 WARN=0 ERROR=0 SKIP=0 TOTAL=1[0m
[2024-07-02T15:51:39.318+0000] {subprocess.py:94} INFO - [0m15:51:39  Done. PASS=1 WARN=0 ERROR=0 SKIP=0 TOTAL=1
[2024-07-02T15:51:40.615+0000] {log.py:232} WARNING - [[34m2024-07-02T15:51:40.615+0000[0m] {[34msubprocess.py:[0m98} INFO[0m - [35m(astronomer-cosmos)[0m - Command exited with return code 0[0m
[2024-07-02T15:51:40.615+0000] {log.py:232} WARNING - [[34m2024-07-02T15:51:40.615+0000[0m] {[34msubprocess.py:[0m98} INFO[0m - [35m(astronomer-cosmos)[0m - Command exited with return code 0[0m
[2024-07-02T15:51:40.615+0000] {subprocess.py:98} INFO - Command exited with return code 0
[2024-07-02T15:51:40.616+0000] {log.py:232} WARNING - [[34m2024-07-02T15:51:40.616+0000[0m] {[34mlocal.py:[0m254} INFO[0m - [35m(astronomer-cosmos)[0m - [0m15:51:39  Done. PASS=1 WARN=0 ERROR=0 SKIP=0 TOTAL=1[0m
[2024-07-02T15:51:40.616+0000] {log.py:232} WARNING - [[34m2024-07-02T15:51:40.616+0000[0m] {[34mlocal.py:[0m254} INFO[0m - [35m(astronomer-cosmos)[0m - [0m15:51:39  Done. PASS=1 WARN=0 ERROR=0 SKIP=0 TOTAL=1[0m
[2024-07-02T15:51:40.616+0000] {local.py:254} INFO - [0m15:51:39  Done. PASS=1 WARN=0 ERROR=0 SKIP=0 TOTAL=1
[2024-07-02T15:51:40.632+0000] {local.py:138} WARNING - Artifact schema version: https://schemas.getdbt.com/dbt/manifest/v12.json is above dbt-ol supported version 7. This might cause errors.
[2024-07-02T15:51:40.633+0000] {local.py:138} WARNING - Artifact schema version: https://schemas.getdbt.com/dbt/run-results/v6.json is above dbt-ol supported version 5. This might cause errors.
[2024-07-02T15:51:40.641+0000] {log.py:232} WARNING - [[34m2024-07-02T15:51:40.641+0000[0m] {[34mlocal.py:[0m349} INFO[0m - [35m(astronomer-cosmos)[0m - Inlets: [][0m
[2024-07-02T15:51:40.641+0000] {log.py:232} WARNING - [[34m2024-07-02T15:51:40.641+0000[0m] {[34mlocal.py:[0m349} INFO[0m - [35m(astronomer-cosmos)[0m - Inlets: [][0m
[2024-07-02T15:51:40.641+0000] {local.py:349} INFO - Inlets: []
[2024-07-02T15:51:40.642+0000] {log.py:232} WARNING - [[34m2024-07-02T15:51:40.642+0000[0m] {[34mlocal.py:[0m350} INFO[0m - [35m(astronomer-cosmos)[0m - Outlets: [Dataset(uri='postgres://postgres:5432/***.public.dim_datetime', extra=None)][0m
[2024-07-02T15:51:40.642+0000] {log.py:232} WARNING - [[34m2024-07-02T15:51:40.642+0000[0m] {[34mlocal.py:[0m350} INFO[0m - [35m(astronomer-cosmos)[0m - Outlets: [Dataset(uri='postgres://postgres:5432/***.public.dim_datetime', extra=None)][0m
[2024-07-02T15:51:40.642+0000] {local.py:350} INFO - Outlets: [Dataset(uri='postgres://postgres:5432/airflow.public.dim_datetime', extra=None)]
[2024-07-02T15:51:40.643+0000] {dag.py:3033} INFO - Sync 1 DAGs
[2024-07-02T15:51:40.686+0000] {dag.py:3820} INFO - Setting next_dagrun for pipeline to 2024-07-02T00:00:00+00:00, run_after=2024-07-03T00:00:00+00:00
[2024-07-02T15:51:40.725+0000] {warnings.py:109} WARNING - /home/***/.local/lib/python3.8/site-packages/***/models/baseoperator.py:1476: RemovedInAirflow3Warning: Passing 'execution_date' to 'TaskInstance.xcom_push()' is deprecated.
  context["ti"].xcom_push(key=key, value=value, execution_date=execution_date)

[2024-07-02T15:51:40.754+0000] {taskinstance.py:1138} INFO - Marking task as SUCCESS. dag_id=pipeline, task_id=transform.dim_datetime_run, execution_date=20240701T000000, start_date=20240702T155120, end_date=20240702T155140
[2024-07-02T15:51:40.788+0000] {local_task_job_runner.py:234} INFO - Task exited with return code 0
[2024-07-02T15:51:40.834+0000] {taskinstance.py:3281} INFO - 0 downstream tasks scheduled from follow-on schedule check
