[2024-07-02T15:43:01.772+0000] {taskinstance.py:1957} INFO - Dependencies all met for dep_context=non-requeueable deps ti=<TaskInstance: pipeline.transform.dim_datetime_run manual__2024-07-02T15:42:47.623707+00:00 [queued]>
[2024-07-02T15:43:01.788+0000] {taskinstance.py:1957} INFO - Dependencies all met for dep_context=requeueable deps ti=<TaskInstance: pipeline.transform.dim_datetime_run manual__2024-07-02T15:42:47.623707+00:00 [queued]>
[2024-07-02T15:43:01.788+0000] {taskinstance.py:2171} INFO - Starting attempt 1 of 1
[2024-07-02T15:43:01.813+0000] {taskinstance.py:2192} INFO - Executing <Task(DbtRunLocalOperator): transform.dim_datetime_run> on 2024-07-02 15:42:47.623707+00:00
[2024-07-02T15:43:01.823+0000] {standard_task_runner.py:60} INFO - Started process 1518 to run task
[2024-07-02T15:43:01.828+0000] {standard_task_runner.py:87} INFO - Running: ['***', 'tasks', 'run', 'pipeline', 'transform.dim_datetime_run', 'manual__2024-07-02T15:42:47.623707+00:00', '--job-id', '37', '--raw', '--subdir', 'DAGS_FOLDER/pipeline.py', '--cfg-path', '/tmp/tmph93v7j5o']
[2024-07-02T15:43:01.835+0000] {standard_task_runner.py:88} INFO - Job 37: Subtask transform.dim_datetime_run
[2024-07-02T15:43:01.904+0000] {task_command.py:423} INFO - Running <TaskInstance: pipeline.transform.dim_datetime_run manual__2024-07-02T15:42:47.623707+00:00 [running]> on host e21b7712e0d7
[2024-07-02T15:43:02.038+0000] {taskinstance.py:2481} INFO - Exporting env vars: AIRFLOW_CTX_DAG_OWNER='***' AIRFLOW_CTX_DAG_ID='pipeline' AIRFLOW_CTX_TASK_ID='transform.dim_datetime_run' AIRFLOW_CTX_EXECUTION_DATE='2024-07-02T15:42:47.623707+00:00' AIRFLOW_CTX_TRY_NUMBER='1' AIRFLOW_CTX_DAG_RUN_ID='manual__2024-07-02T15:42:47.623707+00:00'
[2024-07-02T15:43:02.042+0000] {log.py:232} WARNING - [[34m2024-07-02T15:43:02.041+0000[0m] {[34mlocal.py:[0m174} INFO[0m - [35m(astronomer-cosmos)[0m - Could not import dbtRunner. Falling back to subprocess for invoking dbt.[0m
[2024-07-02T15:43:02.042+0000] {log.py:232} WARNING - [[34m2024-07-02T15:43:02.041+0000[0m] {[34mlocal.py:[0m174} INFO[0m - [35m(astronomer-cosmos)[0m - Could not import dbtRunner. Falling back to subprocess for invoking dbt.[0m
[2024-07-02T15:43:02.041+0000] {local.py:174} INFO - Could not import dbtRunner. Falling back to subprocess for invoking dbt.
[2024-07-02T15:43:02.043+0000] {log.py:232} WARNING - [[34m2024-07-02T15:43:02.043+0000[0m] {[34mlocal.py:[0m292} INFO[0m - [35m(astronomer-cosmos)[0m - Cloning project to writable temp directory /tmp/tmpnoybl979 from /opt/***/dossier/dbt[0m
[2024-07-02T15:43:02.043+0000] {log.py:232} WARNING - [[34m2024-07-02T15:43:02.043+0000[0m] {[34mlocal.py:[0m292} INFO[0m - [35m(astronomer-cosmos)[0m - Cloning project to writable temp directory /tmp/tmpnoybl979 from /opt/***/dossier/dbt[0m
[2024-07-02T15:43:02.043+0000] {local.py:292} INFO - Cloning project to writable temp directory /tmp/tmpnoybl979 from /opt/airflow/dossier/dbt
[2024-07-02T15:43:02.046+0000] {log.py:232} WARNING - [[34m2024-07-02T15:43:02.045+0000[0m] {[34mlocal.py:[0m303} INFO[0m - [35m(astronomer-cosmos)[0m - Partial parse is enabled and the latest partial parse file is /tmp/cosmos/pipeline__transform/target/partial_parse.msgpack[0m
[2024-07-02T15:43:02.047+0000] {log.py:232} WARNING - [[34m2024-07-02T15:43:02.045+0000[0m] {[34mlocal.py:[0m303} INFO[0m - [35m(astronomer-cosmos)[0m - Partial parse is enabled and the latest partial parse file is /tmp/cosmos/pipeline__transform/target/partial_parse.msgpack[0m
[2024-07-02T15:43:02.045+0000] {local.py:303} INFO - Partial parse is enabled and the latest partial parse file is /tmp/cosmos/pipeline__transform/target/partial_parse.msgpack
[2024-07-02T15:43:02.064+0000] {log.py:232} WARNING - [[34m2024-07-02T15:43:02.064+0000[0m] {[34mconfig.py:[0m288} INFO[0m - [35m(astronomer-cosmos)[0m - Using user-supplied profiles.yml at /opt/***/dossier/dbt/profiles.yml[0m
[2024-07-02T15:43:02.065+0000] {log.py:232} WARNING - [[34m2024-07-02T15:43:02.064+0000[0m] {[34mconfig.py:[0m288} INFO[0m - [35m(astronomer-cosmos)[0m - Using user-supplied profiles.yml at /opt/***/dossier/dbt/profiles.yml[0m
[2024-07-02T15:43:02.064+0000] {config.py:288} INFO - Using user-supplied profiles.yml at /opt/***/dossier/dbt/profiles.yml
[2024-07-02T15:43:02.066+0000] {log.py:232} WARNING - [[34m2024-07-02T15:43:02.066+0000[0m] {[34mlocal.py:[0m247} INFO[0m - [35m(astronomer-cosmos)[0m - Trying to run the command:
 ['/opt/***/dbt_env/bin/dbt', 'run', '--models', 'dim_datetime', '--project-dir', '/tmp/tmpnoybl979', '--profiles-dir', '/opt/***/dossier/dbt', '--profile', '***', '--target', 'dev']
From /tmp/tmpnoybl979[0m
[2024-07-02T15:43:02.067+0000] {log.py:232} WARNING - [[34m2024-07-02T15:43:02.066+0000[0m] {[34mlocal.py:[0m247} INFO[0m - [35m(astronomer-cosmos)[0m - Trying to run the command:
 ['/opt/***/dbt_env/bin/dbt', 'run', '--models', 'dim_datetime', '--project-dir', '/tmp/tmpnoybl979', '--profiles-dir', '/opt/***/dossier/dbt', '--profile', '***', '--target', 'dev']
From /tmp/tmpnoybl979[0m
[2024-07-02T15:43:02.066+0000] {local.py:247} INFO - Trying to run the command:
 ['/opt/***/dbt_env/bin/dbt', 'run', '--models', 'dim_datetime', '--project-dir', '/tmp/tmpnoybl979', '--profiles-dir', '/opt/***/dossier/dbt', '--profile', '***', '--target', 'dev']
From /tmp/tmpnoybl979
[2024-07-02T15:43:02.069+0000] {log.py:232} WARNING - [[34m2024-07-02T15:43:02.069+0000[0m] {[34msubprocess.py:[0m60} INFO[0m - [35m(astronomer-cosmos)[0m - Tmp dir root location: 
 /tmp[0m
[2024-07-02T15:43:02.069+0000] {log.py:232} WARNING - [[34m2024-07-02T15:43:02.069+0000[0m] {[34msubprocess.py:[0m60} INFO[0m - [35m(astronomer-cosmos)[0m - Tmp dir root location: 
 /tmp[0m
[2024-07-02T15:43:02.069+0000] {subprocess.py:60} INFO - Tmp dir root location: 
 /tmp
[2024-07-02T15:43:02.070+0000] {log.py:232} WARNING - [[34m2024-07-02T15:43:02.070+0000[0m] {[34msubprocess.py:[0m73} INFO[0m - [35m(astronomer-cosmos)[0m - Running command: ['/opt/***/dbt_env/bin/dbt', 'run', '--models', 'dim_datetime', '--project-dir', '/tmp/tmpnoybl979', '--profiles-dir', '/opt/***/dossier/dbt', '--profile', '***', '--target', 'dev'][0m
[2024-07-02T15:43:02.070+0000] {log.py:232} WARNING - [[34m2024-07-02T15:43:02.070+0000[0m] {[34msubprocess.py:[0m73} INFO[0m - [35m(astronomer-cosmos)[0m - Running command: ['/opt/***/dbt_env/bin/dbt', 'run', '--models', 'dim_datetime', '--project-dir', '/tmp/tmpnoybl979', '--profiles-dir', '/opt/***/dossier/dbt', '--profile', '***', '--target', 'dev'][0m
[2024-07-02T15:43:02.070+0000] {subprocess.py:73} INFO - Running command: ['/opt/***/dbt_env/bin/dbt', 'run', '--models', 'dim_datetime', '--project-dir', '/tmp/tmpnoybl979', '--profiles-dir', '/opt/***/dossier/dbt', '--profile', '***', '--target', 'dev']
[2024-07-02T15:43:02.090+0000] {log.py:232} WARNING - [[34m2024-07-02T15:43:02.089+0000[0m] {[34msubprocess.py:[0m84} INFO[0m - [35m(astronomer-cosmos)[0m - Command output:[0m
[2024-07-02T15:43:02.091+0000] {log.py:232} WARNING - [[34m2024-07-02T15:43:02.089+0000[0m] {[34msubprocess.py:[0m84} INFO[0m - [35m(astronomer-cosmos)[0m - Command output:[0m
[2024-07-02T15:43:02.089+0000] {subprocess.py:84} INFO - Command output:
[2024-07-02T15:43:05.145+0000] {log.py:232} WARNING - [[34m2024-07-02T15:43:05.145+0000[0m] {[34msubprocess.py:[0m94} INFO[0m - [35m(astronomer-cosmos)[0m - [0m15:43:05  Running with dbt=1.8.3[0m
[2024-07-02T15:43:05.146+0000] {log.py:232} WARNING - [[34m2024-07-02T15:43:05.145+0000[0m] {[34msubprocess.py:[0m94} INFO[0m - [35m(astronomer-cosmos)[0m - [0m15:43:05  Running with dbt=1.8.3[0m
[2024-07-02T15:43:05.145+0000] {subprocess.py:94} INFO - [0m15:43:05  Running with dbt=1.8.3
[2024-07-02T15:43:05.635+0000] {log.py:232} WARNING - [[34m2024-07-02T15:43:05.635+0000[0m] {[34msubprocess.py:[0m94} INFO[0m - [35m(astronomer-cosmos)[0m - [0m15:43:05  Registered adapter: postgres=1.8.2[0m
[2024-07-02T15:43:05.636+0000] {log.py:232} WARNING - [[34m2024-07-02T15:43:05.635+0000[0m] {[34msubprocess.py:[0m94} INFO[0m - [35m(astronomer-cosmos)[0m - [0m15:43:05  Registered adapter: postgres=1.8.2[0m
[2024-07-02T15:43:05.635+0000] {subprocess.py:94} INFO - [0m15:43:05  Registered adapter: postgres=1.8.2
[2024-07-02T15:43:06.925+0000] {log.py:232} WARNING - [[34m2024-07-02T15:43:06.925+0000[0m] {[34msubprocess.py:[0m94} INFO[0m - [35m(astronomer-cosmos)[0m - [0m15:43:06  Found 7 models, 2 sources, 529 macros[0m
[2024-07-02T15:43:06.926+0000] {log.py:232} WARNING - [[34m2024-07-02T15:43:06.925+0000[0m] {[34msubprocess.py:[0m94} INFO[0m - [35m(astronomer-cosmos)[0m - [0m15:43:06  Found 7 models, 2 sources, 529 macros[0m
[2024-07-02T15:43:06.925+0000] {subprocess.py:94} INFO - [0m15:43:06  Found 7 models, 2 sources, 529 macros
[2024-07-02T15:43:06.929+0000] {log.py:232} WARNING - [[34m2024-07-02T15:43:06.929+0000[0m] {[34msubprocess.py:[0m94} INFO[0m - [35m(astronomer-cosmos)[0m - [0m15:43:06[0m
[2024-07-02T15:43:06.930+0000] {log.py:232} WARNING - [[34m2024-07-02T15:43:06.929+0000[0m] {[34msubprocess.py:[0m94} INFO[0m - [35m(astronomer-cosmos)[0m - [0m15:43:06[0m
[2024-07-02T15:43:06.929+0000] {subprocess.py:94} INFO - [0m15:43:06
[2024-07-02T15:43:07.155+0000] {log.py:232} WARNING - [[34m2024-07-02T15:43:07.155+0000[0m] {[34msubprocess.py:[0m94} INFO[0m - [35m(astronomer-cosmos)[0m - [0m15:43:07  Concurrency: 1 threads (target='dev')[0m
[2024-07-02T15:43:07.157+0000] {log.py:232} WARNING - [[34m2024-07-02T15:43:07.155+0000[0m] {[34msubprocess.py:[0m94} INFO[0m - [35m(astronomer-cosmos)[0m - [0m15:43:07  Concurrency: 1 threads (target='dev')[0m
[2024-07-02T15:43:07.155+0000] {subprocess.py:94} INFO - [0m15:43:07  Concurrency: 1 threads (target='dev')
[2024-07-02T15:43:07.159+0000] {log.py:232} WARNING - [[34m2024-07-02T15:43:07.158+0000[0m] {[34msubprocess.py:[0m94} INFO[0m - [35m(astronomer-cosmos)[0m - [0m15:43:07[0m
[2024-07-02T15:43:07.159+0000] {log.py:232} WARNING - [[34m2024-07-02T15:43:07.158+0000[0m] {[34msubprocess.py:[0m94} INFO[0m - [35m(astronomer-cosmos)[0m - [0m15:43:07[0m
[2024-07-02T15:43:07.158+0000] {subprocess.py:94} INFO - [0m15:43:07
[2024-07-02T15:43:07.175+0000] {log.py:232} WARNING - [[34m2024-07-02T15:43:07.174+0000[0m] {[34msubprocess.py:[0m94} INFO[0m - [35m(astronomer-cosmos)[0m - [0m15:43:07  1 of 1 START sql table model public.dim_datetime ............................... [RUN][0m
[2024-07-02T15:43:07.177+0000] {log.py:232} WARNING - [[34m2024-07-02T15:43:07.174+0000[0m] {[34msubprocess.py:[0m94} INFO[0m - [35m(astronomer-cosmos)[0m - [0m15:43:07  1 of 1 START sql table model public.dim_datetime ............................... [RUN][0m
[2024-07-02T15:43:07.174+0000] {subprocess.py:94} INFO - [0m15:43:07  1 of 1 START sql table model public.dim_datetime ............................... [RUN]
[2024-07-02T15:43:09.965+0000] {log.py:232} WARNING - [[34m2024-07-02T15:43:09.964+0000[0m] {[34msubprocess.py:[0m94} INFO[0m - [35m(astronomer-cosmos)[0m - [0m15:43:09  1 of 1 OK created sql table model public.dim_datetime .......................... [[32mSELECT 23260[0m in 2.77s][0m
[2024-07-02T15:43:09.965+0000] {log.py:232} WARNING - [[34m2024-07-02T15:43:09.964+0000[0m] {[34msubprocess.py:[0m94} INFO[0m - [35m(astronomer-cosmos)[0m - [0m15:43:09  1 of 1 OK created sql table model public.dim_datetime .......................... [[32mSELECT 23260[0m in 2.77s][0m
[2024-07-02T15:43:09.964+0000] {subprocess.py:94} INFO - [0m15:43:09  1 of 1 OK created sql table model public.dim_datetime .......................... [[32mSELECT 23260[0m in 2.77s]
[2024-07-02T15:43:10.007+0000] {log.py:232} WARNING - [[34m2024-07-02T15:43:10.006+0000[0m] {[34msubprocess.py:[0m94} INFO[0m - [35m(astronomer-cosmos)[0m - [0m15:43:10[0m
[2024-07-02T15:43:10.007+0000] {log.py:232} WARNING - [[34m2024-07-02T15:43:10.006+0000[0m] {[34msubprocess.py:[0m94} INFO[0m - [35m(astronomer-cosmos)[0m - [0m15:43:10[0m
[2024-07-02T15:43:10.006+0000] {subprocess.py:94} INFO - [0m15:43:10
[2024-07-02T15:43:10.008+0000] {log.py:232} WARNING - [[34m2024-07-02T15:43:10.008+0000[0m] {[34msubprocess.py:[0m94} INFO[0m - [35m(astronomer-cosmos)[0m - [0m15:43:10  Finished running 1 table model in 0 hours 0 minutes and 3.08 seconds (3.08s).[0m
[2024-07-02T15:43:10.009+0000] {log.py:232} WARNING - [[34m2024-07-02T15:43:10.008+0000[0m] {[34msubprocess.py:[0m94} INFO[0m - [35m(astronomer-cosmos)[0m - [0m15:43:10  Finished running 1 table model in 0 hours 0 minutes and 3.08 seconds (3.08s).[0m
[2024-07-02T15:43:10.008+0000] {subprocess.py:94} INFO - [0m15:43:10  Finished running 1 table model in 0 hours 0 minutes and 3.08 seconds (3.08s).
[2024-07-02T15:43:10.145+0000] {log.py:232} WARNING - [[34m2024-07-02T15:43:10.144+0000[0m] {[34msubprocess.py:[0m94} INFO[0m - [35m(astronomer-cosmos)[0m - [0m15:43:10[0m
[2024-07-02T15:43:10.146+0000] {log.py:232} WARNING - [[34m2024-07-02T15:43:10.144+0000[0m] {[34msubprocess.py:[0m94} INFO[0m - [35m(astronomer-cosmos)[0m - [0m15:43:10[0m
[2024-07-02T15:43:10.144+0000] {subprocess.py:94} INFO - [0m15:43:10
[2024-07-02T15:43:10.149+0000] {log.py:232} WARNING - [[34m2024-07-02T15:43:10.149+0000[0m] {[34msubprocess.py:[0m94} INFO[0m - [35m(astronomer-cosmos)[0m - [0m15:43:10  [32mCompleted successfully[0m[0m
[2024-07-02T15:43:10.150+0000] {log.py:232} WARNING - [[34m2024-07-02T15:43:10.149+0000[0m] {[34msubprocess.py:[0m94} INFO[0m - [35m(astronomer-cosmos)[0m - [0m15:43:10  [32mCompleted successfully[0m[0m
[2024-07-02T15:43:10.149+0000] {subprocess.py:94} INFO - [0m15:43:10  [32mCompleted successfully[0m
[2024-07-02T15:43:10.151+0000] {log.py:232} WARNING - [[34m2024-07-02T15:43:10.150+0000[0m] {[34msubprocess.py:[0m94} INFO[0m - [35m(astronomer-cosmos)[0m - [0m15:43:10[0m
[2024-07-02T15:43:10.151+0000] {log.py:232} WARNING - [[34m2024-07-02T15:43:10.150+0000[0m] {[34msubprocess.py:[0m94} INFO[0m - [35m(astronomer-cosmos)[0m - [0m15:43:10[0m
[2024-07-02T15:43:10.150+0000] {subprocess.py:94} INFO - [0m15:43:10
[2024-07-02T15:43:10.152+0000] {log.py:232} WARNING - [[34m2024-07-02T15:43:10.152+0000[0m] {[34msubprocess.py:[0m94} INFO[0m - [35m(astronomer-cosmos)[0m - [0m15:43:10  Done. PASS=1 WARN=0 ERROR=0 SKIP=0 TOTAL=1[0m
[2024-07-02T15:43:10.153+0000] {log.py:232} WARNING - [[34m2024-07-02T15:43:10.152+0000[0m] {[34msubprocess.py:[0m94} INFO[0m - [35m(astronomer-cosmos)[0m - [0m15:43:10  Done. PASS=1 WARN=0 ERROR=0 SKIP=0 TOTAL=1[0m
[2024-07-02T15:43:10.152+0000] {subprocess.py:94} INFO - [0m15:43:10  Done. PASS=1 WARN=0 ERROR=0 SKIP=0 TOTAL=1
[2024-07-02T15:43:11.680+0000] {log.py:232} WARNING - [[34m2024-07-02T15:43:11.680+0000[0m] {[34msubprocess.py:[0m98} INFO[0m - [35m(astronomer-cosmos)[0m - Command exited with return code 0[0m
[2024-07-02T15:43:11.681+0000] {log.py:232} WARNING - [[34m2024-07-02T15:43:11.680+0000[0m] {[34msubprocess.py:[0m98} INFO[0m - [35m(astronomer-cosmos)[0m - Command exited with return code 0[0m
[2024-07-02T15:43:11.680+0000] {subprocess.py:98} INFO - Command exited with return code 0
[2024-07-02T15:43:11.681+0000] {log.py:232} WARNING - [[34m2024-07-02T15:43:11.681+0000[0m] {[34mlocal.py:[0m254} INFO[0m - [35m(astronomer-cosmos)[0m - [0m15:43:10  Done. PASS=1 WARN=0 ERROR=0 SKIP=0 TOTAL=1[0m
[2024-07-02T15:43:11.682+0000] {log.py:232} WARNING - [[34m2024-07-02T15:43:11.681+0000[0m] {[34mlocal.py:[0m254} INFO[0m - [35m(astronomer-cosmos)[0m - [0m15:43:10  Done. PASS=1 WARN=0 ERROR=0 SKIP=0 TOTAL=1[0m
[2024-07-02T15:43:11.681+0000] {local.py:254} INFO - [0m15:43:10  Done. PASS=1 WARN=0 ERROR=0 SKIP=0 TOTAL=1
[2024-07-02T15:43:11.694+0000] {local.py:138} WARNING - Artifact schema version: https://schemas.getdbt.com/dbt/manifest/v12.json is above dbt-ol supported version 7. This might cause errors.
[2024-07-02T15:43:11.695+0000] {local.py:138} WARNING - Artifact schema version: https://schemas.getdbt.com/dbt/run-results/v6.json is above dbt-ol supported version 5. This might cause errors.
[2024-07-02T15:43:11.701+0000] {log.py:232} WARNING - [[34m2024-07-02T15:43:11.700+0000[0m] {[34mlocal.py:[0m349} INFO[0m - [35m(astronomer-cosmos)[0m - Inlets: [][0m
[2024-07-02T15:43:11.701+0000] {log.py:232} WARNING - [[34m2024-07-02T15:43:11.700+0000[0m] {[34mlocal.py:[0m349} INFO[0m - [35m(astronomer-cosmos)[0m - Inlets: [][0m
[2024-07-02T15:43:11.700+0000] {local.py:349} INFO - Inlets: []
[2024-07-02T15:43:11.702+0000] {log.py:232} WARNING - [[34m2024-07-02T15:43:11.701+0000[0m] {[34mlocal.py:[0m350} INFO[0m - [35m(astronomer-cosmos)[0m - Outlets: [Dataset(uri='postgres://postgres:5432/***.public.dim_datetime', extra=None)][0m
[2024-07-02T15:43:11.702+0000] {log.py:232} WARNING - [[34m2024-07-02T15:43:11.701+0000[0m] {[34mlocal.py:[0m350} INFO[0m - [35m(astronomer-cosmos)[0m - Outlets: [Dataset(uri='postgres://postgres:5432/***.public.dim_datetime', extra=None)][0m
[2024-07-02T15:43:11.701+0000] {local.py:350} INFO - Outlets: [Dataset(uri='postgres://postgres:5432/airflow.public.dim_datetime', extra=None)]
[2024-07-02T15:43:11.702+0000] {dag.py:3033} INFO - Sync 1 DAGs
[2024-07-02T15:43:11.736+0000] {dag.py:3820} INFO - Setting next_dagrun for pipeline to 2024-07-02T00:00:00+00:00, run_after=2024-07-03T00:00:00+00:00
[2024-07-02T15:43:11.769+0000] {warnings.py:109} WARNING - /home/***/.local/lib/python3.8/site-packages/***/models/baseoperator.py:1476: RemovedInAirflow3Warning: Passing 'execution_date' to 'TaskInstance.xcom_push()' is deprecated.
  context["ti"].xcom_push(key=key, value=value, execution_date=execution_date)

[2024-07-02T15:43:11.794+0000] {taskinstance.py:1138} INFO - Marking task as SUCCESS. dag_id=pipeline, task_id=transform.dim_datetime_run, execution_date=20240702T154247, start_date=20240702T154301, end_date=20240702T154311
[2024-07-02T15:43:11.839+0000] {local_task_job_runner.py:234} INFO - Task exited with return code 0
[2024-07-02T15:43:11.871+0000] {taskinstance.py:3281} INFO - 0 downstream tasks scheduled from follow-on schedule check
