[2024-07-02T15:51:40.552+0000] {taskinstance.py:1957} INFO - Dependencies all met for dep_context=non-requeueable deps ti=<TaskInstance: pipeline.transform.fct_invoices_run manual__2024-07-02T15:50:58.446540+00:00 [queued]>
[2024-07-02T15:51:40.564+0000] {taskinstance.py:1957} INFO - Dependencies all met for dep_context=requeueable deps ti=<TaskInstance: pipeline.transform.fct_invoices_run manual__2024-07-02T15:50:58.446540+00:00 [queued]>
[2024-07-02T15:51:40.565+0000] {taskinstance.py:2171} INFO - Starting attempt 1 of 1
[2024-07-02T15:51:40.583+0000] {taskinstance.py:2192} INFO - Executing <Task(DbtRunLocalOperator): transform.fct_invoices_run> on 2024-07-02 15:50:58.446540+00:00
[2024-07-02T15:51:40.590+0000] {standard_task_runner.py:60} INFO - Started process 222 to run task
[2024-07-02T15:51:40.593+0000] {standard_task_runner.py:87} INFO - Running: ['***', 'tasks', 'run', 'pipeline', 'transform.fct_invoices_run', 'manual__2024-07-02T15:50:58.446540+00:00', '--job-id', '17', '--raw', '--subdir', 'DAGS_FOLDER/pipeline.py', '--cfg-path', '/tmp/tmpbq1cxikq']
[2024-07-02T15:51:40.596+0000] {standard_task_runner.py:88} INFO - Job 17: Subtask transform.fct_invoices_run
[2024-07-02T15:51:40.657+0000] {task_command.py:423} INFO - Running <TaskInstance: pipeline.transform.fct_invoices_run manual__2024-07-02T15:50:58.446540+00:00 [running]> on host 907144e2666d
[2024-07-02T15:51:40.759+0000] {taskinstance.py:2481} INFO - Exporting env vars: AIRFLOW_CTX_DAG_OWNER='***' AIRFLOW_CTX_DAG_ID='pipeline' AIRFLOW_CTX_TASK_ID='transform.fct_invoices_run' AIRFLOW_CTX_EXECUTION_DATE='2024-07-02T15:50:58.446540+00:00' AIRFLOW_CTX_TRY_NUMBER='1' AIRFLOW_CTX_DAG_RUN_ID='manual__2024-07-02T15:50:58.446540+00:00'
[2024-07-02T15:51:40.762+0000] {log.py:232} WARNING - [[34m2024-07-02T15:51:40.761+0000[0m] {[34mlocal.py:[0m174} INFO[0m - [35m(astronomer-cosmos)[0m - Could not import dbtRunner. Falling back to subprocess for invoking dbt.[0m
[2024-07-02T15:51:40.762+0000] {log.py:232} WARNING - [[34m2024-07-02T15:51:40.761+0000[0m] {[34mlocal.py:[0m174} INFO[0m - [35m(astronomer-cosmos)[0m - Could not import dbtRunner. Falling back to subprocess for invoking dbt.[0m
[2024-07-02T15:51:40.761+0000] {local.py:174} INFO - Could not import dbtRunner. Falling back to subprocess for invoking dbt.
[2024-07-02T15:51:40.763+0000] {log.py:232} WARNING - [[34m2024-07-02T15:51:40.762+0000[0m] {[34mlocal.py:[0m292} INFO[0m - [35m(astronomer-cosmos)[0m - Cloning project to writable temp directory /tmp/tmpusyjeul9 from /opt/***/dossier/dbt[0m
[2024-07-02T15:51:40.763+0000] {log.py:232} WARNING - [[34m2024-07-02T15:51:40.762+0000[0m] {[34mlocal.py:[0m292} INFO[0m - [35m(astronomer-cosmos)[0m - Cloning project to writable temp directory /tmp/tmpusyjeul9 from /opt/***/dossier/dbt[0m
[2024-07-02T15:51:40.762+0000] {local.py:292} INFO - Cloning project to writable temp directory /tmp/tmpusyjeul9 from /opt/airflow/dossier/dbt
[2024-07-02T15:51:40.765+0000] {log.py:232} WARNING - [[34m2024-07-02T15:51:40.764+0000[0m] {[34mlocal.py:[0m303} INFO[0m - [35m(astronomer-cosmos)[0m - Partial parse is enabled and the latest partial parse file is /tmp/cosmos/pipeline__transform/target/partial_parse.msgpack[0m
[2024-07-02T15:51:40.765+0000] {log.py:232} WARNING - [[34m2024-07-02T15:51:40.764+0000[0m] {[34mlocal.py:[0m303} INFO[0m - [35m(astronomer-cosmos)[0m - Partial parse is enabled and the latest partial parse file is /tmp/cosmos/pipeline__transform/target/partial_parse.msgpack[0m
[2024-07-02T15:51:40.764+0000] {local.py:303} INFO - Partial parse is enabled and the latest partial parse file is /tmp/cosmos/pipeline__transform/target/partial_parse.msgpack
[2024-07-02T15:51:40.777+0000] {log.py:232} WARNING - [[34m2024-07-02T15:51:40.777+0000[0m] {[34mconfig.py:[0m288} INFO[0m - [35m(astronomer-cosmos)[0m - Using user-supplied profiles.yml at /opt/***/dossier/dbt/profiles.yml[0m
[2024-07-02T15:51:40.777+0000] {log.py:232} WARNING - [[34m2024-07-02T15:51:40.777+0000[0m] {[34mconfig.py:[0m288} INFO[0m - [35m(astronomer-cosmos)[0m - Using user-supplied profiles.yml at /opt/***/dossier/dbt/profiles.yml[0m
[2024-07-02T15:51:40.777+0000] {config.py:288} INFO - Using user-supplied profiles.yml at /opt/***/dossier/dbt/profiles.yml
[2024-07-02T15:51:40.778+0000] {log.py:232} WARNING - [[34m2024-07-02T15:51:40.778+0000[0m] {[34mlocal.py:[0m247} INFO[0m - [35m(astronomer-cosmos)[0m - Trying to run the command:
 ['/opt/***/dbt_env/bin/dbt', 'run', '--models', 'fct_invoices', '--project-dir', '/tmp/tmpusyjeul9', '--profiles-dir', '/opt/***/dossier/dbt', '--profile', '***', '--target', 'dev']
From /tmp/tmpusyjeul9[0m
[2024-07-02T15:51:40.778+0000] {log.py:232} WARNING - [[34m2024-07-02T15:51:40.778+0000[0m] {[34mlocal.py:[0m247} INFO[0m - [35m(astronomer-cosmos)[0m - Trying to run the command:
 ['/opt/***/dbt_env/bin/dbt', 'run', '--models', 'fct_invoices', '--project-dir', '/tmp/tmpusyjeul9', '--profiles-dir', '/opt/***/dossier/dbt', '--profile', '***', '--target', 'dev']
From /tmp/tmpusyjeul9[0m
[2024-07-02T15:51:40.778+0000] {local.py:247} INFO - Trying to run the command:
 ['/opt/***/dbt_env/bin/dbt', 'run', '--models', 'fct_invoices', '--project-dir', '/tmp/tmpusyjeul9', '--profiles-dir', '/opt/***/dossier/dbt', '--profile', '***', '--target', 'dev']
From /tmp/tmpusyjeul9
[2024-07-02T15:51:40.779+0000] {log.py:232} WARNING - [[34m2024-07-02T15:51:40.779+0000[0m] {[34msubprocess.py:[0m60} INFO[0m - [35m(astronomer-cosmos)[0m - Tmp dir root location: 
 /tmp[0m
[2024-07-02T15:51:40.779+0000] {log.py:232} WARNING - [[34m2024-07-02T15:51:40.779+0000[0m] {[34msubprocess.py:[0m60} INFO[0m - [35m(astronomer-cosmos)[0m - Tmp dir root location: 
 /tmp[0m
[2024-07-02T15:51:40.779+0000] {subprocess.py:60} INFO - Tmp dir root location: 
 /tmp
[2024-07-02T15:51:40.779+0000] {log.py:232} WARNING - [[34m2024-07-02T15:51:40.779+0000[0m] {[34msubprocess.py:[0m73} INFO[0m - [35m(astronomer-cosmos)[0m - Running command: ['/opt/***/dbt_env/bin/dbt', 'run', '--models', 'fct_invoices', '--project-dir', '/tmp/tmpusyjeul9', '--profiles-dir', '/opt/***/dossier/dbt', '--profile', '***', '--target', 'dev'][0m
[2024-07-02T15:51:40.780+0000] {log.py:232} WARNING - [[34m2024-07-02T15:51:40.779+0000[0m] {[34msubprocess.py:[0m73} INFO[0m - [35m(astronomer-cosmos)[0m - Running command: ['/opt/***/dbt_env/bin/dbt', 'run', '--models', 'fct_invoices', '--project-dir', '/tmp/tmpusyjeul9', '--profiles-dir', '/opt/***/dossier/dbt', '--profile', '***', '--target', 'dev'][0m
[2024-07-02T15:51:40.779+0000] {subprocess.py:73} INFO - Running command: ['/opt/***/dbt_env/bin/dbt', 'run', '--models', 'fct_invoices', '--project-dir', '/tmp/tmpusyjeul9', '--profiles-dir', '/opt/***/dossier/dbt', '--profile', '***', '--target', 'dev']
[2024-07-02T15:51:40.798+0000] {log.py:232} WARNING - [[34m2024-07-02T15:51:40.797+0000[0m] {[34msubprocess.py:[0m84} INFO[0m - [35m(astronomer-cosmos)[0m - Command output:[0m
[2024-07-02T15:51:40.799+0000] {log.py:232} WARNING - [[34m2024-07-02T15:51:40.797+0000[0m] {[34msubprocess.py:[0m84} INFO[0m - [35m(astronomer-cosmos)[0m - Command output:[0m
[2024-07-02T15:51:40.797+0000] {subprocess.py:84} INFO - Command output:
[2024-07-02T15:51:43.242+0000] {log.py:232} WARNING - [[34m2024-07-02T15:51:43.241+0000[0m] {[34msubprocess.py:[0m94} INFO[0m - [35m(astronomer-cosmos)[0m - [0m15:51:43  Running with dbt=1.8.3[0m
[2024-07-02T15:51:43.242+0000] {log.py:232} WARNING - [[34m2024-07-02T15:51:43.241+0000[0m] {[34msubprocess.py:[0m94} INFO[0m - [35m(astronomer-cosmos)[0m - [0m15:51:43  Running with dbt=1.8.3[0m
[2024-07-02T15:51:43.241+0000] {subprocess.py:94} INFO - [0m15:51:43  Running with dbt=1.8.3
[2024-07-02T15:51:43.646+0000] {log.py:232} WARNING - [[34m2024-07-02T15:51:43.645+0000[0m] {[34msubprocess.py:[0m94} INFO[0m - [35m(astronomer-cosmos)[0m - [0m15:51:43  Registered adapter: postgres=1.8.2[0m
[2024-07-02T15:51:43.646+0000] {log.py:232} WARNING - [[34m2024-07-02T15:51:43.645+0000[0m] {[34msubprocess.py:[0m94} INFO[0m - [35m(astronomer-cosmos)[0m - [0m15:51:43  Registered adapter: postgres=1.8.2[0m
[2024-07-02T15:51:43.645+0000] {subprocess.py:94} INFO - [0m15:51:43  Registered adapter: postgres=1.8.2
[2024-07-02T15:51:44.269+0000] {log.py:232} WARNING - [[34m2024-07-02T15:51:44.268+0000[0m] {[34msubprocess.py:[0m94} INFO[0m - [35m(astronomer-cosmos)[0m - [0m15:51:44  Found 7 models, 2 sources, 529 macros[0m
[2024-07-02T15:51:44.269+0000] {log.py:232} WARNING - [[34m2024-07-02T15:51:44.268+0000[0m] {[34msubprocess.py:[0m94} INFO[0m - [35m(astronomer-cosmos)[0m - [0m15:51:44  Found 7 models, 2 sources, 529 macros[0m
[2024-07-02T15:51:44.268+0000] {subprocess.py:94} INFO - [0m15:51:44  Found 7 models, 2 sources, 529 macros
[2024-07-02T15:51:44.273+0000] {log.py:232} WARNING - [[34m2024-07-02T15:51:44.272+0000[0m] {[34msubprocess.py:[0m94} INFO[0m - [35m(astronomer-cosmos)[0m - [0m15:51:44[0m
[2024-07-02T15:51:44.273+0000] {log.py:232} WARNING - [[34m2024-07-02T15:51:44.272+0000[0m] {[34msubprocess.py:[0m94} INFO[0m - [35m(astronomer-cosmos)[0m - [0m15:51:44[0m
[2024-07-02T15:51:44.272+0000] {subprocess.py:94} INFO - [0m15:51:44
[2024-07-02T15:51:44.460+0000] {log.py:232} WARNING - [[34m2024-07-02T15:51:44.460+0000[0m] {[34msubprocess.py:[0m94} INFO[0m - [35m(astronomer-cosmos)[0m - [0m15:51:44  Concurrency: 1 threads (target='dev')[0m
[2024-07-02T15:51:44.460+0000] {log.py:232} WARNING - [[34m2024-07-02T15:51:44.460+0000[0m] {[34msubprocess.py:[0m94} INFO[0m - [35m(astronomer-cosmos)[0m - [0m15:51:44  Concurrency: 1 threads (target='dev')[0m
[2024-07-02T15:51:44.460+0000] {subprocess.py:94} INFO - [0m15:51:44  Concurrency: 1 threads (target='dev')
[2024-07-02T15:51:44.461+0000] {log.py:232} WARNING - [[34m2024-07-02T15:51:44.461+0000[0m] {[34msubprocess.py:[0m94} INFO[0m - [35m(astronomer-cosmos)[0m - [0m15:51:44[0m
[2024-07-02T15:51:44.461+0000] {log.py:232} WARNING - [[34m2024-07-02T15:51:44.461+0000[0m] {[34msubprocess.py:[0m94} INFO[0m - [35m(astronomer-cosmos)[0m - [0m15:51:44[0m
[2024-07-02T15:51:44.461+0000] {subprocess.py:94} INFO - [0m15:51:44
[2024-07-02T15:51:44.474+0000] {log.py:232} WARNING - [[34m2024-07-02T15:51:44.474+0000[0m] {[34msubprocess.py:[0m94} INFO[0m - [35m(astronomer-cosmos)[0m - [0m15:51:44  1 of 1 START sql table model public.fct_invoices ............................... [RUN][0m
[2024-07-02T15:51:44.475+0000] {log.py:232} WARNING - [[34m2024-07-02T15:51:44.474+0000[0m] {[34msubprocess.py:[0m94} INFO[0m - [35m(astronomer-cosmos)[0m - [0m15:51:44  1 of 1 START sql table model public.fct_invoices ............................... [RUN][0m
[2024-07-02T15:51:44.474+0000] {subprocess.py:94} INFO - [0m15:51:44  1 of 1 START sql table model public.fct_invoices ............................... [RUN]
[2024-07-02T15:51:55.379+0000] {log.py:232} WARNING - [[34m2024-07-02T15:51:55.379+0000[0m] {[34msubprocess.py:[0m94} INFO[0m - [35m(astronomer-cosmos)[0m - [0m15:51:55  1 of 1 OK created sql table model public.fct_invoices .......................... [[32mSELECT 1574488[0m in 10.90s][0m
[2024-07-02T15:51:55.379+0000] {log.py:232} WARNING - [[34m2024-07-02T15:51:55.379+0000[0m] {[34msubprocess.py:[0m94} INFO[0m - [35m(astronomer-cosmos)[0m - [0m15:51:55  1 of 1 OK created sql table model public.fct_invoices .......................... [[32mSELECT 1574488[0m in 10.90s][0m
[2024-07-02T15:51:55.379+0000] {subprocess.py:94} INFO - [0m15:51:55  1 of 1 OK created sql table model public.fct_invoices .......................... [[32mSELECT 1574488[0m in 10.90s]
[2024-07-02T15:51:55.392+0000] {log.py:232} WARNING - [[34m2024-07-02T15:51:55.392+0000[0m] {[34msubprocess.py:[0m94} INFO[0m - [35m(astronomer-cosmos)[0m - [0m15:51:55[0m
[2024-07-02T15:51:55.393+0000] {log.py:232} WARNING - [[34m2024-07-02T15:51:55.392+0000[0m] {[34msubprocess.py:[0m94} INFO[0m - [35m(astronomer-cosmos)[0m - [0m15:51:55[0m
[2024-07-02T15:51:55.392+0000] {subprocess.py:94} INFO - [0m15:51:55
[2024-07-02T15:51:55.393+0000] {log.py:232} WARNING - [[34m2024-07-02T15:51:55.393+0000[0m] {[34msubprocess.py:[0m94} INFO[0m - [35m(astronomer-cosmos)[0m - [0m15:51:55  Finished running 1 table model in 0 hours 0 minutes and 11.12 seconds (11.12s).[0m
[2024-07-02T15:51:55.393+0000] {log.py:232} WARNING - [[34m2024-07-02T15:51:55.393+0000[0m] {[34msubprocess.py:[0m94} INFO[0m - [35m(astronomer-cosmos)[0m - [0m15:51:55  Finished running 1 table model in 0 hours 0 minutes and 11.12 seconds (11.12s).[0m
[2024-07-02T15:51:55.393+0000] {subprocess.py:94} INFO - [0m15:51:55  Finished running 1 table model in 0 hours 0 minutes and 11.12 seconds (11.12s).
[2024-07-02T15:51:55.444+0000] {log.py:232} WARNING - [[34m2024-07-02T15:51:55.444+0000[0m] {[34msubprocess.py:[0m94} INFO[0m - [35m(astronomer-cosmos)[0m - [0m15:51:55[0m
[2024-07-02T15:51:55.445+0000] {log.py:232} WARNING - [[34m2024-07-02T15:51:55.444+0000[0m] {[34msubprocess.py:[0m94} INFO[0m - [35m(astronomer-cosmos)[0m - [0m15:51:55[0m
[2024-07-02T15:51:55.444+0000] {subprocess.py:94} INFO - [0m15:51:55
[2024-07-02T15:51:55.445+0000] {log.py:232} WARNING - [[34m2024-07-02T15:51:55.445+0000[0m] {[34msubprocess.py:[0m94} INFO[0m - [35m(astronomer-cosmos)[0m - [0m15:51:55  [32mCompleted successfully[0m[0m
[2024-07-02T15:51:55.445+0000] {log.py:232} WARNING - [[34m2024-07-02T15:51:55.445+0000[0m] {[34msubprocess.py:[0m94} INFO[0m - [35m(astronomer-cosmos)[0m - [0m15:51:55  [32mCompleted successfully[0m[0m
[2024-07-02T15:51:55.445+0000] {subprocess.py:94} INFO - [0m15:51:55  [32mCompleted successfully[0m
[2024-07-02T15:51:55.445+0000] {log.py:232} WARNING - [[34m2024-07-02T15:51:55.445+0000[0m] {[34msubprocess.py:[0m94} INFO[0m - [35m(astronomer-cosmos)[0m - [0m15:51:55[0m
[2024-07-02T15:51:55.446+0000] {log.py:232} WARNING - [[34m2024-07-02T15:51:55.445+0000[0m] {[34msubprocess.py:[0m94} INFO[0m - [35m(astronomer-cosmos)[0m - [0m15:51:55[0m
[2024-07-02T15:51:55.445+0000] {subprocess.py:94} INFO - [0m15:51:55
[2024-07-02T15:51:55.446+0000] {log.py:232} WARNING - [[34m2024-07-02T15:51:55.446+0000[0m] {[34msubprocess.py:[0m94} INFO[0m - [35m(astronomer-cosmos)[0m - [0m15:51:55  Done. PASS=1 WARN=0 ERROR=0 SKIP=0 TOTAL=1[0m
[2024-07-02T15:51:55.446+0000] {log.py:232} WARNING - [[34m2024-07-02T15:51:55.446+0000[0m] {[34msubprocess.py:[0m94} INFO[0m - [35m(astronomer-cosmos)[0m - [0m15:51:55  Done. PASS=1 WARN=0 ERROR=0 SKIP=0 TOTAL=1[0m
[2024-07-02T15:51:55.446+0000] {subprocess.py:94} INFO - [0m15:51:55  Done. PASS=1 WARN=0 ERROR=0 SKIP=0 TOTAL=1
[2024-07-02T15:51:56.728+0000] {log.py:232} WARNING - [[34m2024-07-02T15:51:56.728+0000[0m] {[34msubprocess.py:[0m98} INFO[0m - [35m(astronomer-cosmos)[0m - Command exited with return code 0[0m
[2024-07-02T15:51:56.729+0000] {log.py:232} WARNING - [[34m2024-07-02T15:51:56.728+0000[0m] {[34msubprocess.py:[0m98} INFO[0m - [35m(astronomer-cosmos)[0m - Command exited with return code 0[0m
[2024-07-02T15:51:56.728+0000] {subprocess.py:98} INFO - Command exited with return code 0
[2024-07-02T15:51:56.730+0000] {log.py:232} WARNING - [[34m2024-07-02T15:51:56.729+0000[0m] {[34mlocal.py:[0m254} INFO[0m - [35m(astronomer-cosmos)[0m - [0m15:51:55  Done. PASS=1 WARN=0 ERROR=0 SKIP=0 TOTAL=1[0m
[2024-07-02T15:51:56.730+0000] {log.py:232} WARNING - [[34m2024-07-02T15:51:56.729+0000[0m] {[34mlocal.py:[0m254} INFO[0m - [35m(astronomer-cosmos)[0m - [0m15:51:55  Done. PASS=1 WARN=0 ERROR=0 SKIP=0 TOTAL=1[0m
[2024-07-02T15:51:56.729+0000] {local.py:254} INFO - [0m15:51:55  Done. PASS=1 WARN=0 ERROR=0 SKIP=0 TOTAL=1
[2024-07-02T15:51:56.749+0000] {local.py:138} WARNING - Artifact schema version: https://schemas.getdbt.com/dbt/manifest/v12.json is above dbt-ol supported version 7. This might cause errors.
[2024-07-02T15:51:56.750+0000] {local.py:138} WARNING - Artifact schema version: https://schemas.getdbt.com/dbt/run-results/v6.json is above dbt-ol supported version 5. This might cause errors.
[2024-07-02T15:51:56.760+0000] {log.py:232} WARNING - [[34m2024-07-02T15:51:56.760+0000[0m] {[34mlocal.py:[0m349} INFO[0m - [35m(astronomer-cosmos)[0m - Inlets: [Dataset(uri='postgres://postgres:5432/***.public.dim_customer', extra=None), Dataset(uri='postgres://postgres:5432/***.public.dim_datetime', extra=None), Dataset(uri='postgres://postgres:5432/***.public.dim_product', extra=None)][0m
[2024-07-02T15:51:56.761+0000] {log.py:232} WARNING - [[34m2024-07-02T15:51:56.760+0000[0m] {[34mlocal.py:[0m349} INFO[0m - [35m(astronomer-cosmos)[0m - Inlets: [Dataset(uri='postgres://postgres:5432/***.public.dim_customer', extra=None), Dataset(uri='postgres://postgres:5432/***.public.dim_datetime', extra=None), Dataset(uri='postgres://postgres:5432/***.public.dim_product', extra=None)][0m
[2024-07-02T15:51:56.760+0000] {local.py:349} INFO - Inlets: [Dataset(uri='postgres://postgres:5432/airflow.public.dim_customer', extra=None), Dataset(uri='postgres://postgres:5432/airflow.public.dim_datetime', extra=None), Dataset(uri='postgres://postgres:5432/airflow.public.dim_product', extra=None)]
[2024-07-02T15:51:56.762+0000] {log.py:232} WARNING - [[34m2024-07-02T15:51:56.762+0000[0m] {[34mlocal.py:[0m350} INFO[0m - [35m(astronomer-cosmos)[0m - Outlets: [Dataset(uri='postgres://postgres:5432/***.public.fct_invoices', extra=None)][0m
[2024-07-02T15:51:56.762+0000] {log.py:232} WARNING - [[34m2024-07-02T15:51:56.762+0000[0m] {[34mlocal.py:[0m350} INFO[0m - [35m(astronomer-cosmos)[0m - Outlets: [Dataset(uri='postgres://postgres:5432/***.public.fct_invoices', extra=None)][0m
[2024-07-02T15:51:56.762+0000] {local.py:350} INFO - Outlets: [Dataset(uri='postgres://postgres:5432/airflow.public.fct_invoices', extra=None)]
[2024-07-02T15:51:56.763+0000] {dag.py:3033} INFO - Sync 1 DAGs
[2024-07-02T15:51:56.810+0000] {dag.py:3820} INFO - Setting next_dagrun for pipeline to 2024-07-02T00:00:00+00:00, run_after=2024-07-03T00:00:00+00:00
[2024-07-02T15:51:56.861+0000] {warnings.py:109} WARNING - /home/***/.local/lib/python3.8/site-packages/***/models/baseoperator.py:1476: RemovedInAirflow3Warning: Passing 'execution_date' to 'TaskInstance.xcom_push()' is deprecated.
  context["ti"].xcom_push(key=key, value=value, execution_date=execution_date)

[2024-07-02T15:51:56.922+0000] {taskinstance.py:1138} INFO - Marking task as SUCCESS. dag_id=pipeline, task_id=transform.fct_invoices_run, execution_date=20240702T155058, start_date=20240702T155140, end_date=20240702T155156
[2024-07-02T15:51:57.019+0000] {local_task_job_runner.py:234} INFO - Task exited with return code 0
[2024-07-02T15:51:57.084+0000] {taskinstance.py:3281} INFO - 1 downstream tasks scheduled from follow-on schedule check
