[2024-07-02T15:51:16.311+0000] {taskinstance.py:1957} INFO - Dependencies all met for dep_context=non-requeueable deps ti=<TaskInstance: pipeline.transform.dim_product_run manual__2024-07-02T15:50:58.446540+00:00 [queued]>
[2024-07-02T15:51:16.335+0000] {taskinstance.py:1957} INFO - Dependencies all met for dep_context=requeueable deps ti=<TaskInstance: pipeline.transform.dim_product_run manual__2024-07-02T15:50:58.446540+00:00 [queued]>
[2024-07-02T15:51:16.335+0000] {taskinstance.py:2171} INFO - Starting attempt 1 of 1
[2024-07-02T15:51:16.362+0000] {taskinstance.py:2192} INFO - Executing <Task(DbtRunLocalOperator): transform.dim_product_run> on 2024-07-02 15:50:58.446540+00:00
[2024-07-02T15:51:16.373+0000] {standard_task_runner.py:60} INFO - Started process 102 to run task
[2024-07-02T15:51:16.379+0000] {standard_task_runner.py:87} INFO - Running: ['***', 'tasks', 'run', 'pipeline', 'transform.dim_product_run', 'manual__2024-07-02T15:50:58.446540+00:00', '--job-id', '11', '--raw', '--subdir', 'DAGS_FOLDER/pipeline.py', '--cfg-path', '/tmp/tmp2s_sd7lv']
[2024-07-02T15:51:16.384+0000] {standard_task_runner.py:88} INFO - Job 11: Subtask transform.dim_product_run
[2024-07-02T15:51:16.474+0000] {task_command.py:423} INFO - Running <TaskInstance: pipeline.transform.dim_product_run manual__2024-07-02T15:50:58.446540+00:00 [running]> on host 907144e2666d
[2024-07-02T15:51:16.626+0000] {taskinstance.py:2481} INFO - Exporting env vars: AIRFLOW_CTX_DAG_OWNER='***' AIRFLOW_CTX_DAG_ID='pipeline' AIRFLOW_CTX_TASK_ID='transform.dim_product_run' AIRFLOW_CTX_EXECUTION_DATE='2024-07-02T15:50:58.446540+00:00' AIRFLOW_CTX_TRY_NUMBER='1' AIRFLOW_CTX_DAG_RUN_ID='manual__2024-07-02T15:50:58.446540+00:00'
[2024-07-02T15:51:16.629+0000] {log.py:232} WARNING - [[34m2024-07-02T15:51:16.629+0000[0m] {[34mlocal.py:[0m174} INFO[0m - [35m(astronomer-cosmos)[0m - Could not import dbtRunner. Falling back to subprocess for invoking dbt.[0m
[2024-07-02T15:51:16.630+0000] {log.py:232} WARNING - [[34m2024-07-02T15:51:16.629+0000[0m] {[34mlocal.py:[0m174} INFO[0m - [35m(astronomer-cosmos)[0m - Could not import dbtRunner. Falling back to subprocess for invoking dbt.[0m
[2024-07-02T15:51:16.629+0000] {local.py:174} INFO - Could not import dbtRunner. Falling back to subprocess for invoking dbt.
[2024-07-02T15:51:16.631+0000] {log.py:232} WARNING - [[34m2024-07-02T15:51:16.631+0000[0m] {[34mlocal.py:[0m292} INFO[0m - [35m(astronomer-cosmos)[0m - Cloning project to writable temp directory /tmp/tmpv5utbukf from /opt/***/dossier/dbt[0m
[2024-07-02T15:51:16.631+0000] {log.py:232} WARNING - [[34m2024-07-02T15:51:16.631+0000[0m] {[34mlocal.py:[0m292} INFO[0m - [35m(astronomer-cosmos)[0m - Cloning project to writable temp directory /tmp/tmpv5utbukf from /opt/***/dossier/dbt[0m
[2024-07-02T15:51:16.631+0000] {local.py:292} INFO - Cloning project to writable temp directory /tmp/tmpv5utbukf from /opt/airflow/dossier/dbt
[2024-07-02T15:51:16.634+0000] {log.py:232} WARNING - [[34m2024-07-02T15:51:16.633+0000[0m] {[34mlocal.py:[0m303} INFO[0m - [35m(astronomer-cosmos)[0m - Partial parse is enabled and the latest partial parse file is /opt/***/dossier/dbt/target/partial_parse.msgpack[0m
[2024-07-02T15:51:16.634+0000] {log.py:232} WARNING - [[34m2024-07-02T15:51:16.633+0000[0m] {[34mlocal.py:[0m303} INFO[0m - [35m(astronomer-cosmos)[0m - Partial parse is enabled and the latest partial parse file is /opt/***/dossier/dbt/target/partial_parse.msgpack[0m
[2024-07-02T15:51:16.633+0000] {local.py:303} INFO - Partial parse is enabled and the latest partial parse file is /opt/airflow/dossier/dbt/target/partial_parse.msgpack
[2024-07-02T15:51:16.650+0000] {log.py:232} WARNING - [[34m2024-07-02T15:51:16.650+0000[0m] {[34mconfig.py:[0m288} INFO[0m - [35m(astronomer-cosmos)[0m - Using user-supplied profiles.yml at /opt/***/dossier/dbt/profiles.yml[0m
[2024-07-02T15:51:16.651+0000] {log.py:232} WARNING - [[34m2024-07-02T15:51:16.650+0000[0m] {[34mconfig.py:[0m288} INFO[0m - [35m(astronomer-cosmos)[0m - Using user-supplied profiles.yml at /opt/***/dossier/dbt/profiles.yml[0m
[2024-07-02T15:51:16.650+0000] {config.py:288} INFO - Using user-supplied profiles.yml at /opt/***/dossier/dbt/profiles.yml
[2024-07-02T15:51:16.652+0000] {log.py:232} WARNING - [[34m2024-07-02T15:51:16.651+0000[0m] {[34mlocal.py:[0m247} INFO[0m - [35m(astronomer-cosmos)[0m - Trying to run the command:
 ['/opt/***/dbt_env/bin/dbt', 'run', '--models', 'dim_product', '--project-dir', '/tmp/tmpv5utbukf', '--profiles-dir', '/opt/***/dossier/dbt', '--profile', '***', '--target', 'dev']
From /tmp/tmpv5utbukf[0m
[2024-07-02T15:51:16.653+0000] {log.py:232} WARNING - [[34m2024-07-02T15:51:16.651+0000[0m] {[34mlocal.py:[0m247} INFO[0m - [35m(astronomer-cosmos)[0m - Trying to run the command:
 ['/opt/***/dbt_env/bin/dbt', 'run', '--models', 'dim_product', '--project-dir', '/tmp/tmpv5utbukf', '--profiles-dir', '/opt/***/dossier/dbt', '--profile', '***', '--target', 'dev']
From /tmp/tmpv5utbukf[0m
[2024-07-02T15:51:16.651+0000] {local.py:247} INFO - Trying to run the command:
 ['/opt/***/dbt_env/bin/dbt', 'run', '--models', 'dim_product', '--project-dir', '/tmp/tmpv5utbukf', '--profiles-dir', '/opt/***/dossier/dbt', '--profile', '***', '--target', 'dev']
From /tmp/tmpv5utbukf
[2024-07-02T15:51:16.654+0000] {log.py:232} WARNING - [[34m2024-07-02T15:51:16.654+0000[0m] {[34msubprocess.py:[0m60} INFO[0m - [35m(astronomer-cosmos)[0m - Tmp dir root location: 
 /tmp[0m
[2024-07-02T15:51:16.655+0000] {log.py:232} WARNING - [[34m2024-07-02T15:51:16.654+0000[0m] {[34msubprocess.py:[0m60} INFO[0m - [35m(astronomer-cosmos)[0m - Tmp dir root location: 
 /tmp[0m
[2024-07-02T15:51:16.654+0000] {subprocess.py:60} INFO - Tmp dir root location: 
 /tmp
[2024-07-02T15:51:16.655+0000] {log.py:232} WARNING - [[34m2024-07-02T15:51:16.655+0000[0m] {[34msubprocess.py:[0m73} INFO[0m - [35m(astronomer-cosmos)[0m - Running command: ['/opt/***/dbt_env/bin/dbt', 'run', '--models', 'dim_product', '--project-dir', '/tmp/tmpv5utbukf', '--profiles-dir', '/opt/***/dossier/dbt', '--profile', '***', '--target', 'dev'][0m
[2024-07-02T15:51:16.656+0000] {log.py:232} WARNING - [[34m2024-07-02T15:51:16.655+0000[0m] {[34msubprocess.py:[0m73} INFO[0m - [35m(astronomer-cosmos)[0m - Running command: ['/opt/***/dbt_env/bin/dbt', 'run', '--models', 'dim_product', '--project-dir', '/tmp/tmpv5utbukf', '--profiles-dir', '/opt/***/dossier/dbt', '--profile', '***', '--target', 'dev'][0m
[2024-07-02T15:51:16.655+0000] {subprocess.py:73} INFO - Running command: ['/opt/***/dbt_env/bin/dbt', 'run', '--models', 'dim_product', '--project-dir', '/tmp/tmpv5utbukf', '--profiles-dir', '/opt/***/dossier/dbt', '--profile', '***', '--target', 'dev']
[2024-07-02T15:51:16.677+0000] {log.py:232} WARNING - [[34m2024-07-02T15:51:16.676+0000[0m] {[34msubprocess.py:[0m84} INFO[0m - [35m(astronomer-cosmos)[0m - Command output:[0m
[2024-07-02T15:51:16.677+0000] {log.py:232} WARNING - [[34m2024-07-02T15:51:16.676+0000[0m] {[34msubprocess.py:[0m84} INFO[0m - [35m(astronomer-cosmos)[0m - Command output:[0m
[2024-07-02T15:51:16.676+0000] {subprocess.py:84} INFO - Command output:
[2024-07-02T15:51:22.837+0000] {log.py:232} WARNING - [[34m2024-07-02T15:51:22.836+0000[0m] {[34msubprocess.py:[0m94} INFO[0m - [35m(astronomer-cosmos)[0m - [0m15:51:22  Running with dbt=1.8.3[0m
[2024-07-02T15:51:22.838+0000] {log.py:232} WARNING - [[34m2024-07-02T15:51:22.836+0000[0m] {[34msubprocess.py:[0m94} INFO[0m - [35m(astronomer-cosmos)[0m - [0m15:51:22  Running with dbt=1.8.3[0m
[2024-07-02T15:51:22.836+0000] {subprocess.py:94} INFO - [0m15:51:22  Running with dbt=1.8.3
[2024-07-02T15:51:23.779+0000] {log.py:232} WARNING - [[34m2024-07-02T15:51:23.779+0000[0m] {[34msubprocess.py:[0m94} INFO[0m - [35m(astronomer-cosmos)[0m - [0m15:51:23  Registered adapter: postgres=1.8.2[0m
[2024-07-02T15:51:23.780+0000] {log.py:232} WARNING - [[34m2024-07-02T15:51:23.779+0000[0m] {[34msubprocess.py:[0m94} INFO[0m - [35m(astronomer-cosmos)[0m - [0m15:51:23  Registered adapter: postgres=1.8.2[0m
[2024-07-02T15:51:23.779+0000] {subprocess.py:94} INFO - [0m15:51:23  Registered adapter: postgres=1.8.2
[2024-07-02T15:51:24.372+0000] {log.py:232} WARNING - [[34m2024-07-02T15:51:24.371+0000[0m] {[34msubprocess.py:[0m94} INFO[0m - [35m(astronomer-cosmos)[0m - [0m15:51:24  Unable to do partial parsing because config vars, config profile, or config target have changed[0m
[2024-07-02T15:51:24.373+0000] {log.py:232} WARNING - [[34m2024-07-02T15:51:24.371+0000[0m] {[34msubprocess.py:[0m94} INFO[0m - [35m(astronomer-cosmos)[0m - [0m15:51:24  Unable to do partial parsing because config vars, config profile, or config target have changed[0m
[2024-07-02T15:51:24.371+0000] {subprocess.py:94} INFO - [0m15:51:24  Unable to do partial parsing because config vars, config profile, or config target have changed
[2024-07-02T15:51:31.500+0000] {log.py:232} WARNING - [[34m2024-07-02T15:51:31.499+0000[0m] {[34msubprocess.py:[0m94} INFO[0m - [35m(astronomer-cosmos)[0m - [0m15:51:31  Found 7 models, 2 sources, 529 macros[0m
[2024-07-02T15:51:31.501+0000] {log.py:232} WARNING - [[34m2024-07-02T15:51:31.499+0000[0m] {[34msubprocess.py:[0m94} INFO[0m - [35m(astronomer-cosmos)[0m - [0m15:51:31  Found 7 models, 2 sources, 529 macros[0m
[2024-07-02T15:51:31.499+0000] {subprocess.py:94} INFO - [0m15:51:31  Found 7 models, 2 sources, 529 macros
[2024-07-02T15:51:31.508+0000] {log.py:232} WARNING - [[34m2024-07-02T15:51:31.508+0000[0m] {[34msubprocess.py:[0m94} INFO[0m - [35m(astronomer-cosmos)[0m - [0m15:51:31[0m
[2024-07-02T15:51:31.509+0000] {log.py:232} WARNING - [[34m2024-07-02T15:51:31.508+0000[0m] {[34msubprocess.py:[0m94} INFO[0m - [35m(astronomer-cosmos)[0m - [0m15:51:31[0m
[2024-07-02T15:51:31.508+0000] {subprocess.py:94} INFO - [0m15:51:31
[2024-07-02T15:51:31.930+0000] {log.py:232} WARNING - [[34m2024-07-02T15:51:31.929+0000[0m] {[34msubprocess.py:[0m94} INFO[0m - [35m(astronomer-cosmos)[0m - [0m15:51:31  Concurrency: 1 threads (target='dev')[0m
[2024-07-02T15:51:31.931+0000] {log.py:232} WARNING - [[34m2024-07-02T15:51:31.929+0000[0m] {[34msubprocess.py:[0m94} INFO[0m - [35m(astronomer-cosmos)[0m - [0m15:51:31  Concurrency: 1 threads (target='dev')[0m
[2024-07-02T15:51:31.929+0000] {subprocess.py:94} INFO - [0m15:51:31  Concurrency: 1 threads (target='dev')
[2024-07-02T15:51:31.936+0000] {log.py:232} WARNING - [[34m2024-07-02T15:51:31.935+0000[0m] {[34msubprocess.py:[0m94} INFO[0m - [35m(astronomer-cosmos)[0m - [0m15:51:31[0m
[2024-07-02T15:51:31.937+0000] {log.py:232} WARNING - [[34m2024-07-02T15:51:31.935+0000[0m] {[34msubprocess.py:[0m94} INFO[0m - [35m(astronomer-cosmos)[0m - [0m15:51:31[0m
[2024-07-02T15:51:31.935+0000] {subprocess.py:94} INFO - [0m15:51:31
[2024-07-02T15:51:31.970+0000] {log.py:232} WARNING - [[34m2024-07-02T15:51:31.970+0000[0m] {[34msubprocess.py:[0m94} INFO[0m - [35m(astronomer-cosmos)[0m - [0m15:51:31  1 of 1 START sql table model public.dim_product ................................ [RUN][0m
[2024-07-02T15:51:31.972+0000] {log.py:232} WARNING - [[34m2024-07-02T15:51:31.970+0000[0m] {[34msubprocess.py:[0m94} INFO[0m - [35m(astronomer-cosmos)[0m - [0m15:51:31  1 of 1 START sql table model public.dim_product ................................ [RUN][0m
[2024-07-02T15:51:31.970+0000] {subprocess.py:94} INFO - [0m15:51:31  1 of 1 START sql table model public.dim_product ................................ [RUN]
[2024-07-02T15:51:35.547+0000] {log.py:232} WARNING - [[34m2024-07-02T15:51:35.546+0000[0m] {[34msubprocess.py:[0m94} INFO[0m - [35m(astronomer-cosmos)[0m - [0m15:51:35  1 of 1 OK created sql table model public.dim_product ........................... [[32mSELECT 16282[0m in 3.56s][0m
[2024-07-02T15:51:35.552+0000] {log.py:232} WARNING - [[34m2024-07-02T15:51:35.546+0000[0m] {[34msubprocess.py:[0m94} INFO[0m - [35m(astronomer-cosmos)[0m - [0m15:51:35  1 of 1 OK created sql table model public.dim_product ........................... [[32mSELECT 16282[0m in 3.56s][0m
[2024-07-02T15:51:35.546+0000] {subprocess.py:94} INFO - [0m15:51:35  1 of 1 OK created sql table model public.dim_product ........................... [[32mSELECT 16282[0m in 3.56s]
[2024-07-02T15:51:35.594+0000] {log.py:232} WARNING - [[34m2024-07-02T15:51:35.594+0000[0m] {[34msubprocess.py:[0m94} INFO[0m - [35m(astronomer-cosmos)[0m - [0m15:51:35[0m
[2024-07-02T15:51:35.596+0000] {log.py:232} WARNING - [[34m2024-07-02T15:51:35.594+0000[0m] {[34msubprocess.py:[0m94} INFO[0m - [35m(astronomer-cosmos)[0m - [0m15:51:35[0m
[2024-07-02T15:51:35.594+0000] {subprocess.py:94} INFO - [0m15:51:35
[2024-07-02T15:51:35.600+0000] {log.py:232} WARNING - [[34m2024-07-02T15:51:35.600+0000[0m] {[34msubprocess.py:[0m94} INFO[0m - [35m(astronomer-cosmos)[0m - [0m15:51:35  Finished running 1 table model in 0 hours 0 minutes and 4.08 seconds (4.08s).[0m
[2024-07-02T15:51:35.601+0000] {log.py:232} WARNING - [[34m2024-07-02T15:51:35.600+0000[0m] {[34msubprocess.py:[0m94} INFO[0m - [35m(astronomer-cosmos)[0m - [0m15:51:35  Finished running 1 table model in 0 hours 0 minutes and 4.08 seconds (4.08s).[0m
[2024-07-02T15:51:35.600+0000] {subprocess.py:94} INFO - [0m15:51:35  Finished running 1 table model in 0 hours 0 minutes and 4.08 seconds (4.08s).
[2024-07-02T15:51:35.873+0000] {log.py:232} WARNING - [[34m2024-07-02T15:51:35.872+0000[0m] {[34msubprocess.py:[0m94} INFO[0m - [35m(astronomer-cosmos)[0m - [0m15:51:35[0m
[2024-07-02T15:51:35.874+0000] {log.py:232} WARNING - [[34m2024-07-02T15:51:35.872+0000[0m] {[34msubprocess.py:[0m94} INFO[0m - [35m(astronomer-cosmos)[0m - [0m15:51:35[0m
[2024-07-02T15:51:35.872+0000] {subprocess.py:94} INFO - [0m15:51:35
[2024-07-02T15:51:35.877+0000] {log.py:232} WARNING - [[34m2024-07-02T15:51:35.876+0000[0m] {[34msubprocess.py:[0m94} INFO[0m - [35m(astronomer-cosmos)[0m - [0m15:51:35  [32mCompleted successfully[0m[0m
[2024-07-02T15:51:35.878+0000] {log.py:232} WARNING - [[34m2024-07-02T15:51:35.876+0000[0m] {[34msubprocess.py:[0m94} INFO[0m - [35m(astronomer-cosmos)[0m - [0m15:51:35  [32mCompleted successfully[0m[0m
[2024-07-02T15:51:35.876+0000] {subprocess.py:94} INFO - [0m15:51:35  [32mCompleted successfully[0m
[2024-07-02T15:51:35.880+0000] {log.py:232} WARNING - [[34m2024-07-02T15:51:35.880+0000[0m] {[34msubprocess.py:[0m94} INFO[0m - [35m(astronomer-cosmos)[0m - [0m15:51:35[0m
[2024-07-02T15:51:35.881+0000] {log.py:232} WARNING - [[34m2024-07-02T15:51:35.880+0000[0m] {[34msubprocess.py:[0m94} INFO[0m - [35m(astronomer-cosmos)[0m - [0m15:51:35[0m
[2024-07-02T15:51:35.880+0000] {subprocess.py:94} INFO - [0m15:51:35
[2024-07-02T15:51:35.884+0000] {log.py:232} WARNING - [[34m2024-07-02T15:51:35.883+0000[0m] {[34msubprocess.py:[0m94} INFO[0m - [35m(astronomer-cosmos)[0m - [0m15:51:35  Done. PASS=1 WARN=0 ERROR=0 SKIP=0 TOTAL=1[0m
[2024-07-02T15:51:35.885+0000] {log.py:232} WARNING - [[34m2024-07-02T15:51:35.883+0000[0m] {[34msubprocess.py:[0m94} INFO[0m - [35m(astronomer-cosmos)[0m - [0m15:51:35  Done. PASS=1 WARN=0 ERROR=0 SKIP=0 TOTAL=1[0m
[2024-07-02T15:51:35.883+0000] {subprocess.py:94} INFO - [0m15:51:35  Done. PASS=1 WARN=0 ERROR=0 SKIP=0 TOTAL=1
[2024-07-02T15:51:37.504+0000] {log.py:232} WARNING - [[34m2024-07-02T15:51:37.503+0000[0m] {[34msubprocess.py:[0m98} INFO[0m - [35m(astronomer-cosmos)[0m - Command exited with return code 0[0m
[2024-07-02T15:51:37.505+0000] {log.py:232} WARNING - [[34m2024-07-02T15:51:37.503+0000[0m] {[34msubprocess.py:[0m98} INFO[0m - [35m(astronomer-cosmos)[0m - Command exited with return code 0[0m
[2024-07-02T15:51:37.503+0000] {subprocess.py:98} INFO - Command exited with return code 0
[2024-07-02T15:51:37.507+0000] {log.py:232} WARNING - [[34m2024-07-02T15:51:37.506+0000[0m] {[34mlocal.py:[0m254} INFO[0m - [35m(astronomer-cosmos)[0m - [0m15:51:35  Done. PASS=1 WARN=0 ERROR=0 SKIP=0 TOTAL=1[0m
[2024-07-02T15:51:37.507+0000] {log.py:232} WARNING - [[34m2024-07-02T15:51:37.506+0000[0m] {[34mlocal.py:[0m254} INFO[0m - [35m(astronomer-cosmos)[0m - [0m15:51:35  Done. PASS=1 WARN=0 ERROR=0 SKIP=0 TOTAL=1[0m
[2024-07-02T15:51:37.506+0000] {local.py:254} INFO - [0m15:51:35  Done. PASS=1 WARN=0 ERROR=0 SKIP=0 TOTAL=1
[2024-07-02T15:51:37.528+0000] {local.py:138} WARNING - Artifact schema version: https://schemas.getdbt.com/dbt/manifest/v12.json is above dbt-ol supported version 7. This might cause errors.
[2024-07-02T15:51:37.529+0000] {local.py:138} WARNING - Artifact schema version: https://schemas.getdbt.com/dbt/run-results/v6.json is above dbt-ol supported version 5. This might cause errors.
[2024-07-02T15:51:37.541+0000] {log.py:232} WARNING - [[34m2024-07-02T15:51:37.540+0000[0m] {[34mlocal.py:[0m349} INFO[0m - [35m(astronomer-cosmos)[0m - Inlets: [][0m
[2024-07-02T15:51:37.542+0000] {log.py:232} WARNING - [[34m2024-07-02T15:51:37.540+0000[0m] {[34mlocal.py:[0m349} INFO[0m - [35m(astronomer-cosmos)[0m - Inlets: [][0m
[2024-07-02T15:51:37.540+0000] {local.py:349} INFO - Inlets: []
[2024-07-02T15:51:37.544+0000] {log.py:232} WARNING - [[34m2024-07-02T15:51:37.544+0000[0m] {[34mlocal.py:[0m350} INFO[0m - [35m(astronomer-cosmos)[0m - Outlets: [Dataset(uri='postgres://postgres:5432/***.public.dim_product', extra=None)][0m
[2024-07-02T15:51:37.546+0000] {log.py:232} WARNING - [[34m2024-07-02T15:51:37.544+0000[0m] {[34mlocal.py:[0m350} INFO[0m - [35m(astronomer-cosmos)[0m - Outlets: [Dataset(uri='postgres://postgres:5432/***.public.dim_product', extra=None)][0m
[2024-07-02T15:51:37.544+0000] {local.py:350} INFO - Outlets: [Dataset(uri='postgres://postgres:5432/airflow.public.dim_product', extra=None)]
[2024-07-02T15:51:37.548+0000] {dag.py:3033} INFO - Sync 1 DAGs
[2024-07-02T15:51:37.611+0000] {dag.py:3820} INFO - Setting next_dagrun for pipeline to 2024-07-02T00:00:00+00:00, run_after=2024-07-03T00:00:00+00:00
[2024-07-02T15:51:37.682+0000] {warnings.py:109} WARNING - /home/***/.local/lib/python3.8/site-packages/***/models/baseoperator.py:1476: RemovedInAirflow3Warning: Passing 'execution_date' to 'TaskInstance.xcom_push()' is deprecated.
  context["ti"].xcom_push(key=key, value=value, execution_date=execution_date)

[2024-07-02T15:51:37.725+0000] {taskinstance.py:1138} INFO - Marking task as SUCCESS. dag_id=pipeline, task_id=transform.dim_product_run, execution_date=20240702T155058, start_date=20240702T155116, end_date=20240702T155137
[2024-07-02T15:51:37.810+0000] {local_task_job_runner.py:234} INFO - Task exited with return code 0
[2024-07-02T15:51:37.905+0000] {taskinstance.py:3281} INFO - 0 downstream tasks scheduled from follow-on schedule check
