[2024-07-02T15:24:46.844+0000] {taskinstance.py:1957} INFO - Dependencies all met for dep_context=non-requeueable deps ti=<TaskInstance: pipeline.transform.dim_customer_run manual__2024-07-02T15:24:32.726421+00:00 [queued]>
[2024-07-02T15:24:46.859+0000] {taskinstance.py:1957} INFO - Dependencies all met for dep_context=requeueable deps ti=<TaskInstance: pipeline.transform.dim_customer_run manual__2024-07-02T15:24:32.726421+00:00 [queued]>
[2024-07-02T15:24:46.859+0000] {taskinstance.py:2171} INFO - Starting attempt 1 of 1
[2024-07-02T15:24:46.880+0000] {taskinstance.py:2192} INFO - Executing <Task(DbtRunLocalOperator): transform.dim_customer_run> on 2024-07-02 15:24:32.726421+00:00
[2024-07-02T15:24:46.889+0000] {standard_task_runner.py:60} INFO - Started process 1098 to run task
[2024-07-02T15:24:46.894+0000] {standard_task_runner.py:87} INFO - Running: ['***', 'tasks', 'run', 'pipeline', 'transform.dim_customer_run', 'manual__2024-07-02T15:24:32.726421+00:00', '--job-id', '19', '--raw', '--subdir', 'DAGS_FOLDER/pipeline.py', '--cfg-path', '/tmp/tmpcgs68158']
[2024-07-02T15:24:46.902+0000] {standard_task_runner.py:88} INFO - Job 19: Subtask transform.dim_customer_run
[2024-07-02T15:24:46.972+0000] {task_command.py:423} INFO - Running <TaskInstance: pipeline.transform.dim_customer_run manual__2024-07-02T15:24:32.726421+00:00 [running]> on host e21b7712e0d7
[2024-07-02T15:24:47.107+0000] {taskinstance.py:2481} INFO - Exporting env vars: AIRFLOW_CTX_DAG_OWNER='***' AIRFLOW_CTX_DAG_ID='pipeline' AIRFLOW_CTX_TASK_ID='transform.dim_customer_run' AIRFLOW_CTX_EXECUTION_DATE='2024-07-02T15:24:32.726421+00:00' AIRFLOW_CTX_TRY_NUMBER='1' AIRFLOW_CTX_DAG_RUN_ID='manual__2024-07-02T15:24:32.726421+00:00'
[2024-07-02T15:24:47.111+0000] {log.py:232} WARNING - [[34m2024-07-02T15:24:47.111+0000[0m] {[34mlocal.py:[0m174} INFO[0m - [35m(astronomer-cosmos)[0m - Could not import dbtRunner. Falling back to subprocess for invoking dbt.[0m
[2024-07-02T15:24:47.112+0000] {log.py:232} WARNING - [[34m2024-07-02T15:24:47.111+0000[0m] {[34mlocal.py:[0m174} INFO[0m - [35m(astronomer-cosmos)[0m - Could not import dbtRunner. Falling back to subprocess for invoking dbt.[0m
[2024-07-02T15:24:47.111+0000] {local.py:174} INFO - Could not import dbtRunner. Falling back to subprocess for invoking dbt.
[2024-07-02T15:24:47.113+0000] {log.py:232} WARNING - [[34m2024-07-02T15:24:47.113+0000[0m] {[34mlocal.py:[0m292} INFO[0m - [35m(astronomer-cosmos)[0m - Cloning project to writable temp directory /tmp/tmpvbjg81iz from /opt/***/dossier/dbt[0m
[2024-07-02T15:24:47.113+0000] {log.py:232} WARNING - [[34m2024-07-02T15:24:47.113+0000[0m] {[34mlocal.py:[0m292} INFO[0m - [35m(astronomer-cosmos)[0m - Cloning project to writable temp directory /tmp/tmpvbjg81iz from /opt/***/dossier/dbt[0m
[2024-07-02T15:24:47.113+0000] {local.py:292} INFO - Cloning project to writable temp directory /tmp/tmpvbjg81iz from /opt/airflow/dossier/dbt
[2024-07-02T15:24:47.116+0000] {log.py:232} WARNING - [[34m2024-07-02T15:24:47.115+0000[0m] {[34mlocal.py:[0m303} INFO[0m - [35m(astronomer-cosmos)[0m - Partial parse is enabled and the latest partial parse file is /tmp/cosmos/pipeline__transform/target/partial_parse.msgpack[0m
[2024-07-02T15:24:47.116+0000] {log.py:232} WARNING - [[34m2024-07-02T15:24:47.115+0000[0m] {[34mlocal.py:[0m303} INFO[0m - [35m(astronomer-cosmos)[0m - Partial parse is enabled and the latest partial parse file is /tmp/cosmos/pipeline__transform/target/partial_parse.msgpack[0m
[2024-07-02T15:24:47.115+0000] {local.py:303} INFO - Partial parse is enabled and the latest partial parse file is /tmp/cosmos/pipeline__transform/target/partial_parse.msgpack
[2024-07-02T15:24:47.130+0000] {log.py:232} WARNING - [[34m2024-07-02T15:24:47.130+0000[0m] {[34mconfig.py:[0m288} INFO[0m - [35m(astronomer-cosmos)[0m - Using user-supplied profiles.yml at /opt/***/dossier/dbt/profiles.yml[0m
[2024-07-02T15:24:47.131+0000] {log.py:232} WARNING - [[34m2024-07-02T15:24:47.130+0000[0m] {[34mconfig.py:[0m288} INFO[0m - [35m(astronomer-cosmos)[0m - Using user-supplied profiles.yml at /opt/***/dossier/dbt/profiles.yml[0m
[2024-07-02T15:24:47.130+0000] {config.py:288} INFO - Using user-supplied profiles.yml at /opt/***/dossier/dbt/profiles.yml
[2024-07-02T15:24:47.132+0000] {log.py:232} WARNING - [[34m2024-07-02T15:24:47.132+0000[0m] {[34mlocal.py:[0m247} INFO[0m - [35m(astronomer-cosmos)[0m - Trying to run the command:
 ['/opt/***/dbt_env/bin/dbt', 'run', '--models', 'dim_customer', '--project-dir', '/tmp/tmpvbjg81iz', '--profiles-dir', '/opt/***/dossier/dbt', '--profile', '***', '--target', 'dev']
From /tmp/tmpvbjg81iz[0m
[2024-07-02T15:24:47.133+0000] {log.py:232} WARNING - [[34m2024-07-02T15:24:47.132+0000[0m] {[34mlocal.py:[0m247} INFO[0m - [35m(astronomer-cosmos)[0m - Trying to run the command:
 ['/opt/***/dbt_env/bin/dbt', 'run', '--models', 'dim_customer', '--project-dir', '/tmp/tmpvbjg81iz', '--profiles-dir', '/opt/***/dossier/dbt', '--profile', '***', '--target', 'dev']
From /tmp/tmpvbjg81iz[0m
[2024-07-02T15:24:47.132+0000] {local.py:247} INFO - Trying to run the command:
 ['/opt/***/dbt_env/bin/dbt', 'run', '--models', 'dim_customer', '--project-dir', '/tmp/tmpvbjg81iz', '--profiles-dir', '/opt/***/dossier/dbt', '--profile', '***', '--target', 'dev']
From /tmp/tmpvbjg81iz
[2024-07-02T15:24:47.134+0000] {log.py:232} WARNING - [[34m2024-07-02T15:24:47.134+0000[0m] {[34msubprocess.py:[0m60} INFO[0m - [35m(astronomer-cosmos)[0m - Tmp dir root location: 
 /tmp[0m
[2024-07-02T15:24:47.134+0000] {log.py:232} WARNING - [[34m2024-07-02T15:24:47.134+0000[0m] {[34msubprocess.py:[0m60} INFO[0m - [35m(astronomer-cosmos)[0m - Tmp dir root location: 
 /tmp[0m
[2024-07-02T15:24:47.134+0000] {subprocess.py:60} INFO - Tmp dir root location: 
 /tmp
[2024-07-02T15:24:47.135+0000] {log.py:232} WARNING - [[34m2024-07-02T15:24:47.135+0000[0m] {[34msubprocess.py:[0m73} INFO[0m - [35m(astronomer-cosmos)[0m - Running command: ['/opt/***/dbt_env/bin/dbt', 'run', '--models', 'dim_customer', '--project-dir', '/tmp/tmpvbjg81iz', '--profiles-dir', '/opt/***/dossier/dbt', '--profile', '***', '--target', 'dev'][0m
[2024-07-02T15:24:47.136+0000] {log.py:232} WARNING - [[34m2024-07-02T15:24:47.135+0000[0m] {[34msubprocess.py:[0m73} INFO[0m - [35m(astronomer-cosmos)[0m - Running command: ['/opt/***/dbt_env/bin/dbt', 'run', '--models', 'dim_customer', '--project-dir', '/tmp/tmpvbjg81iz', '--profiles-dir', '/opt/***/dossier/dbt', '--profile', '***', '--target', 'dev'][0m
[2024-07-02T15:24:47.135+0000] {subprocess.py:73} INFO - Running command: ['/opt/***/dbt_env/bin/dbt', 'run', '--models', 'dim_customer', '--project-dir', '/tmp/tmpvbjg81iz', '--profiles-dir', '/opt/***/dossier/dbt', '--profile', '***', '--target', 'dev']
[2024-07-02T15:24:47.155+0000] {log.py:232} WARNING - [[34m2024-07-02T15:24:47.154+0000[0m] {[34msubprocess.py:[0m84} INFO[0m - [35m(astronomer-cosmos)[0m - Command output:[0m
[2024-07-02T15:24:47.155+0000] {log.py:232} WARNING - [[34m2024-07-02T15:24:47.154+0000[0m] {[34msubprocess.py:[0m84} INFO[0m - [35m(astronomer-cosmos)[0m - Command output:[0m
[2024-07-02T15:24:47.154+0000] {subprocess.py:84} INFO - Command output:
[2024-07-02T15:24:50.297+0000] {log.py:232} WARNING - [[34m2024-07-02T15:24:50.297+0000[0m] {[34msubprocess.py:[0m94} INFO[0m - [35m(astronomer-cosmos)[0m - [0m15:24:50  Running with dbt=1.8.3[0m
[2024-07-02T15:24:50.298+0000] {log.py:232} WARNING - [[34m2024-07-02T15:24:50.297+0000[0m] {[34msubprocess.py:[0m94} INFO[0m - [35m(astronomer-cosmos)[0m - [0m15:24:50  Running with dbt=1.8.3[0m
[2024-07-02T15:24:50.297+0000] {subprocess.py:94} INFO - [0m15:24:50  Running with dbt=1.8.3
[2024-07-02T15:24:50.888+0000] {log.py:232} WARNING - [[34m2024-07-02T15:24:50.888+0000[0m] {[34msubprocess.py:[0m94} INFO[0m - [35m(astronomer-cosmos)[0m - [0m15:24:50  Registered adapter: postgres=1.8.2[0m
[2024-07-02T15:24:50.888+0000] {log.py:232} WARNING - [[34m2024-07-02T15:24:50.888+0000[0m] {[34msubprocess.py:[0m94} INFO[0m - [35m(astronomer-cosmos)[0m - [0m15:24:50  Registered adapter: postgres=1.8.2[0m
[2024-07-02T15:24:50.888+0000] {subprocess.py:94} INFO - [0m15:24:50  Registered adapter: postgres=1.8.2
[2024-07-02T15:24:51.582+0000] {log.py:232} WARNING - [[34m2024-07-02T15:24:51.581+0000[0m] {[34msubprocess.py:[0m94} INFO[0m - [35m(astronomer-cosmos)[0m - [0m15:24:51  Found 4 models, 2 sources, 529 macros[0m
[2024-07-02T15:24:51.582+0000] {log.py:232} WARNING - [[34m2024-07-02T15:24:51.581+0000[0m] {[34msubprocess.py:[0m94} INFO[0m - [35m(astronomer-cosmos)[0m - [0m15:24:51  Found 4 models, 2 sources, 529 macros[0m
[2024-07-02T15:24:51.581+0000] {subprocess.py:94} INFO - [0m15:24:51  Found 4 models, 2 sources, 529 macros
[2024-07-02T15:24:51.585+0000] {log.py:232} WARNING - [[34m2024-07-02T15:24:51.584+0000[0m] {[34msubprocess.py:[0m94} INFO[0m - [35m(astronomer-cosmos)[0m - [0m15:24:51[0m
[2024-07-02T15:24:51.585+0000] {log.py:232} WARNING - [[34m2024-07-02T15:24:51.584+0000[0m] {[34msubprocess.py:[0m94} INFO[0m - [35m(astronomer-cosmos)[0m - [0m15:24:51[0m
[2024-07-02T15:24:51.584+0000] {subprocess.py:94} INFO - [0m15:24:51
[2024-07-02T15:24:51.809+0000] {log.py:232} WARNING - [[34m2024-07-02T15:24:51.809+0000[0m] {[34msubprocess.py:[0m94} INFO[0m - [35m(astronomer-cosmos)[0m - [0m15:24:51  Concurrency: 1 threads (target='dev')[0m
[2024-07-02T15:24:51.810+0000] {log.py:232} WARNING - [[34m2024-07-02T15:24:51.809+0000[0m] {[34msubprocess.py:[0m94} INFO[0m - [35m(astronomer-cosmos)[0m - [0m15:24:51  Concurrency: 1 threads (target='dev')[0m
[2024-07-02T15:24:51.809+0000] {subprocess.py:94} INFO - [0m15:24:51  Concurrency: 1 threads (target='dev')
[2024-07-02T15:24:51.811+0000] {log.py:232} WARNING - [[34m2024-07-02T15:24:51.811+0000[0m] {[34msubprocess.py:[0m94} INFO[0m - [35m(astronomer-cosmos)[0m - [0m15:24:51[0m
[2024-07-02T15:24:51.812+0000] {log.py:232} WARNING - [[34m2024-07-02T15:24:51.811+0000[0m] {[34msubprocess.py:[0m94} INFO[0m - [35m(astronomer-cosmos)[0m - [0m15:24:51[0m
[2024-07-02T15:24:51.811+0000] {subprocess.py:94} INFO - [0m15:24:51
[2024-07-02T15:24:51.832+0000] {log.py:232} WARNING - [[34m2024-07-02T15:24:51.832+0000[0m] {[34msubprocess.py:[0m94} INFO[0m - [35m(astronomer-cosmos)[0m - [0m15:24:51  1 of 1 START sql table model public.dim_customer ............................... [RUN][0m
[2024-07-02T15:24:51.833+0000] {log.py:232} WARNING - [[34m2024-07-02T15:24:51.832+0000[0m] {[34msubprocess.py:[0m94} INFO[0m - [35m(astronomer-cosmos)[0m - [0m15:24:51  1 of 1 START sql table model public.dim_customer ............................... [RUN][0m
[2024-07-02T15:24:51.832+0000] {subprocess.py:94} INFO - [0m15:24:51  1 of 1 START sql table model public.dim_customer ............................... [RUN]
[2024-07-02T15:24:53.209+0000] {log.py:232} WARNING - [[34m2024-07-02T15:24:53.209+0000[0m] {[34msubprocess.py:[0m94} INFO[0m - [35m(astronomer-cosmos)[0m - [0m15:24:53  1 of 1 OK created sql table model public.dim_customer .......................... [[32mSELECT 13096[0m in 1.37s][0m
[2024-07-02T15:24:53.210+0000] {log.py:232} WARNING - [[34m2024-07-02T15:24:53.209+0000[0m] {[34msubprocess.py:[0m94} INFO[0m - [35m(astronomer-cosmos)[0m - [0m15:24:53  1 of 1 OK created sql table model public.dim_customer .......................... [[32mSELECT 13096[0m in 1.37s][0m
[2024-07-02T15:24:53.209+0000] {subprocess.py:94} INFO - [0m15:24:53  1 of 1 OK created sql table model public.dim_customer .......................... [[32mSELECT 13096[0m in 1.37s]
[2024-07-02T15:24:53.229+0000] {log.py:232} WARNING - [[34m2024-07-02T15:24:53.229+0000[0m] {[34msubprocess.py:[0m94} INFO[0m - [35m(astronomer-cosmos)[0m - [0m15:24:53[0m
[2024-07-02T15:24:53.229+0000] {log.py:232} WARNING - [[34m2024-07-02T15:24:53.229+0000[0m] {[34msubprocess.py:[0m94} INFO[0m - [35m(astronomer-cosmos)[0m - [0m15:24:53[0m
[2024-07-02T15:24:53.229+0000] {subprocess.py:94} INFO - [0m15:24:53
[2024-07-02T15:24:53.230+0000] {log.py:232} WARNING - [[34m2024-07-02T15:24:53.230+0000[0m] {[34msubprocess.py:[0m94} INFO[0m - [35m(astronomer-cosmos)[0m - [0m15:24:53  Finished running 1 table model in 0 hours 0 minutes and 1.64 seconds (1.64s).[0m
[2024-07-02T15:24:53.230+0000] {log.py:232} WARNING - [[34m2024-07-02T15:24:53.230+0000[0m] {[34msubprocess.py:[0m94} INFO[0m - [35m(astronomer-cosmos)[0m - [0m15:24:53  Finished running 1 table model in 0 hours 0 minutes and 1.64 seconds (1.64s).[0m
[2024-07-02T15:24:53.230+0000] {subprocess.py:94} INFO - [0m15:24:53  Finished running 1 table model in 0 hours 0 minutes and 1.64 seconds (1.64s).
[2024-07-02T15:24:53.307+0000] {log.py:232} WARNING - [[34m2024-07-02T15:24:53.307+0000[0m] {[34msubprocess.py:[0m94} INFO[0m - [35m(astronomer-cosmos)[0m - [0m15:24:53[0m
[2024-07-02T15:24:53.308+0000] {log.py:232} WARNING - [[34m2024-07-02T15:24:53.307+0000[0m] {[34msubprocess.py:[0m94} INFO[0m - [35m(astronomer-cosmos)[0m - [0m15:24:53[0m
[2024-07-02T15:24:53.307+0000] {subprocess.py:94} INFO - [0m15:24:53
[2024-07-02T15:24:53.308+0000] {log.py:232} WARNING - [[34m2024-07-02T15:24:53.308+0000[0m] {[34msubprocess.py:[0m94} INFO[0m - [35m(astronomer-cosmos)[0m - [0m15:24:53  [32mCompleted successfully[0m[0m
[2024-07-02T15:24:53.309+0000] {log.py:232} WARNING - [[34m2024-07-02T15:24:53.308+0000[0m] {[34msubprocess.py:[0m94} INFO[0m - [35m(astronomer-cosmos)[0m - [0m15:24:53  [32mCompleted successfully[0m[0m
[2024-07-02T15:24:53.308+0000] {subprocess.py:94} INFO - [0m15:24:53  [32mCompleted successfully[0m
[2024-07-02T15:24:53.309+0000] {log.py:232} WARNING - [[34m2024-07-02T15:24:53.309+0000[0m] {[34msubprocess.py:[0m94} INFO[0m - [35m(astronomer-cosmos)[0m - [0m15:24:53[0m
[2024-07-02T15:24:53.310+0000] {log.py:232} WARNING - [[34m2024-07-02T15:24:53.309+0000[0m] {[34msubprocess.py:[0m94} INFO[0m - [35m(astronomer-cosmos)[0m - [0m15:24:53[0m
[2024-07-02T15:24:53.309+0000] {subprocess.py:94} INFO - [0m15:24:53
[2024-07-02T15:24:53.311+0000] {log.py:232} WARNING - [[34m2024-07-02T15:24:53.310+0000[0m] {[34msubprocess.py:[0m94} INFO[0m - [35m(astronomer-cosmos)[0m - [0m15:24:53  Done. PASS=1 WARN=0 ERROR=0 SKIP=0 TOTAL=1[0m
[2024-07-02T15:24:53.311+0000] {log.py:232} WARNING - [[34m2024-07-02T15:24:53.310+0000[0m] {[34msubprocess.py:[0m94} INFO[0m - [35m(astronomer-cosmos)[0m - [0m15:24:53  Done. PASS=1 WARN=0 ERROR=0 SKIP=0 TOTAL=1[0m
[2024-07-02T15:24:53.310+0000] {subprocess.py:94} INFO - [0m15:24:53  Done. PASS=1 WARN=0 ERROR=0 SKIP=0 TOTAL=1
[2024-07-02T15:24:54.856+0000] {log.py:232} WARNING - [[34m2024-07-02T15:24:54.855+0000[0m] {[34msubprocess.py:[0m98} INFO[0m - [35m(astronomer-cosmos)[0m - Command exited with return code 0[0m
[2024-07-02T15:24:54.856+0000] {log.py:232} WARNING - [[34m2024-07-02T15:24:54.855+0000[0m] {[34msubprocess.py:[0m98} INFO[0m - [35m(astronomer-cosmos)[0m - Command exited with return code 0[0m
[2024-07-02T15:24:54.855+0000] {subprocess.py:98} INFO - Command exited with return code 0
[2024-07-02T15:24:54.857+0000] {log.py:232} WARNING - [[34m2024-07-02T15:24:54.857+0000[0m] {[34mlocal.py:[0m254} INFO[0m - [35m(astronomer-cosmos)[0m - [0m15:24:53  Done. PASS=1 WARN=0 ERROR=0 SKIP=0 TOTAL=1[0m
[2024-07-02T15:24:54.857+0000] {log.py:232} WARNING - [[34m2024-07-02T15:24:54.857+0000[0m] {[34mlocal.py:[0m254} INFO[0m - [35m(astronomer-cosmos)[0m - [0m15:24:53  Done. PASS=1 WARN=0 ERROR=0 SKIP=0 TOTAL=1[0m
[2024-07-02T15:24:54.857+0000] {local.py:254} INFO - [0m15:24:53  Done. PASS=1 WARN=0 ERROR=0 SKIP=0 TOTAL=1
[2024-07-02T15:24:54.875+0000] {local.py:138} WARNING - Artifact schema version: https://schemas.getdbt.com/dbt/manifest/v12.json is above dbt-ol supported version 7. This might cause errors.
[2024-07-02T15:24:54.876+0000] {local.py:138} WARNING - Artifact schema version: https://schemas.getdbt.com/dbt/run-results/v6.json is above dbt-ol supported version 5. This might cause errors.
[2024-07-02T15:24:54.885+0000] {log.py:232} WARNING - [[34m2024-07-02T15:24:54.884+0000[0m] {[34mlocal.py:[0m349} INFO[0m - [35m(astronomer-cosmos)[0m - Inlets: [][0m
[2024-07-02T15:24:54.885+0000] {log.py:232} WARNING - [[34m2024-07-02T15:24:54.884+0000[0m] {[34mlocal.py:[0m349} INFO[0m - [35m(astronomer-cosmos)[0m - Inlets: [][0m
[2024-07-02T15:24:54.884+0000] {local.py:349} INFO - Inlets: []
[2024-07-02T15:24:54.886+0000] {log.py:232} WARNING - [[34m2024-07-02T15:24:54.885+0000[0m] {[34mlocal.py:[0m350} INFO[0m - [35m(astronomer-cosmos)[0m - Outlets: [Dataset(uri='postgres://postgres:5432/***.public.dim_customer', extra=None)][0m
[2024-07-02T15:24:54.886+0000] {log.py:232} WARNING - [[34m2024-07-02T15:24:54.885+0000[0m] {[34mlocal.py:[0m350} INFO[0m - [35m(astronomer-cosmos)[0m - Outlets: [Dataset(uri='postgres://postgres:5432/***.public.dim_customer', extra=None)][0m
[2024-07-02T15:24:54.885+0000] {local.py:350} INFO - Outlets: [Dataset(uri='postgres://postgres:5432/airflow.public.dim_customer', extra=None)]
[2024-07-02T15:24:54.887+0000] {dag.py:3033} INFO - Sync 1 DAGs
[2024-07-02T15:24:54.923+0000] {dag.py:3820} INFO - Setting next_dagrun for pipeline to 2024-07-02T00:00:00+00:00, run_after=2024-07-03T00:00:00+00:00
[2024-07-02T15:24:54.965+0000] {warnings.py:109} WARNING - /home/***/.local/lib/python3.8/site-packages/***/models/baseoperator.py:1476: RemovedInAirflow3Warning: Passing 'execution_date' to 'TaskInstance.xcom_push()' is deprecated.
  context["ti"].xcom_push(key=key, value=value, execution_date=execution_date)

[2024-07-02T15:24:54.991+0000] {taskinstance.py:1138} INFO - Marking task as SUCCESS. dag_id=pipeline, task_id=transform.dim_customer_run, execution_date=20240702T152432, start_date=20240702T152446, end_date=20240702T152454
[2024-07-02T15:24:55.024+0000] {local_task_job_runner.py:234} INFO - Task exited with return code 0
[2024-07-02T15:24:55.054+0000] {taskinstance.py:3281} INFO - 0 downstream tasks scheduled from follow-on schedule check
