[2024-07-02T15:44:17.184+0000] {taskinstance.py:1957} INFO - Dependencies all met for dep_context=non-requeueable deps ti=<TaskInstance: pipeline.report.report_customer_invoices_run manual__2024-07-02T15:42:47.623707+00:00 [queued]>
[2024-07-02T15:44:17.205+0000] {taskinstance.py:1957} INFO - Dependencies all met for dep_context=requeueable deps ti=<TaskInstance: pipeline.report.report_customer_invoices_run manual__2024-07-02T15:42:47.623707+00:00 [queued]>
[2024-07-02T15:44:17.206+0000] {taskinstance.py:2171} INFO - Starting attempt 1 of 1
[2024-07-02T15:44:17.237+0000] {taskinstance.py:2192} INFO - Executing <Task(DbtRunLocalOperator): report.report_customer_invoices_run> on 2024-07-02 15:42:47.623707+00:00
[2024-07-02T15:44:17.251+0000] {standard_task_runner.py:60} INFO - Started process 1625 to run task
[2024-07-02T15:44:17.255+0000] {standard_task_runner.py:87} INFO - Running: ['***', 'tasks', 'run', 'pipeline', 'report.report_customer_invoices_run', 'manual__2024-07-02T15:42:47.623707+00:00', '--job-id', '43', '--raw', '--subdir', 'DAGS_FOLDER/pipeline.py', '--cfg-path', '/tmp/tmpmtqwidz7']
[2024-07-02T15:44:17.259+0000] {standard_task_runner.py:88} INFO - Job 43: Subtask report.report_customer_invoices_run
[2024-07-02T15:44:17.328+0000] {task_command.py:423} INFO - Running <TaskInstance: pipeline.report.report_customer_invoices_run manual__2024-07-02T15:42:47.623707+00:00 [running]> on host e21b7712e0d7
[2024-07-02T15:44:17.455+0000] {taskinstance.py:2481} INFO - Exporting env vars: AIRFLOW_CTX_DAG_OWNER='***' AIRFLOW_CTX_DAG_ID='pipeline' AIRFLOW_CTX_TASK_ID='report.report_customer_invoices_run' AIRFLOW_CTX_EXECUTION_DATE='2024-07-02T15:42:47.623707+00:00' AIRFLOW_CTX_TRY_NUMBER='1' AIRFLOW_CTX_DAG_RUN_ID='manual__2024-07-02T15:42:47.623707+00:00'
[2024-07-02T15:44:17.461+0000] {log.py:232} WARNING - [[34m2024-07-02T15:44:17.460+0000[0m] {[34mlocal.py:[0m174} INFO[0m - [35m(astronomer-cosmos)[0m - Could not import dbtRunner. Falling back to subprocess for invoking dbt.[0m
[2024-07-02T15:44:17.461+0000] {log.py:232} WARNING - [[34m2024-07-02T15:44:17.460+0000[0m] {[34mlocal.py:[0m174} INFO[0m - [35m(astronomer-cosmos)[0m - Could not import dbtRunner. Falling back to subprocess for invoking dbt.[0m
[2024-07-02T15:44:17.460+0000] {local.py:174} INFO - Could not import dbtRunner. Falling back to subprocess for invoking dbt.
[2024-07-02T15:44:17.463+0000] {log.py:232} WARNING - [[34m2024-07-02T15:44:17.463+0000[0m] {[34mlocal.py:[0m292} INFO[0m - [35m(astronomer-cosmos)[0m - Cloning project to writable temp directory /tmp/tmpct40wonu from /opt/***/dossier/dbt[0m
[2024-07-02T15:44:17.464+0000] {log.py:232} WARNING - [[34m2024-07-02T15:44:17.463+0000[0m] {[34mlocal.py:[0m292} INFO[0m - [35m(astronomer-cosmos)[0m - Cloning project to writable temp directory /tmp/tmpct40wonu from /opt/***/dossier/dbt[0m
[2024-07-02T15:44:17.463+0000] {local.py:292} INFO - Cloning project to writable temp directory /tmp/tmpct40wonu from /opt/airflow/dossier/dbt
[2024-07-02T15:44:17.467+0000] {log.py:232} WARNING - [[34m2024-07-02T15:44:17.466+0000[0m] {[34mlocal.py:[0m303} INFO[0m - [35m(astronomer-cosmos)[0m - Partial parse is enabled and the latest partial parse file is /opt/***/dossier/dbt/target/partial_parse.msgpack[0m
[2024-07-02T15:44:17.468+0000] {log.py:232} WARNING - [[34m2024-07-02T15:44:17.466+0000[0m] {[34mlocal.py:[0m303} INFO[0m - [35m(astronomer-cosmos)[0m - Partial parse is enabled and the latest partial parse file is /opt/***/dossier/dbt/target/partial_parse.msgpack[0m
[2024-07-02T15:44:17.466+0000] {local.py:303} INFO - Partial parse is enabled and the latest partial parse file is /opt/airflow/dossier/dbt/target/partial_parse.msgpack
[2024-07-02T15:44:17.489+0000] {log.py:232} WARNING - [[34m2024-07-02T15:44:17.488+0000[0m] {[34mconfig.py:[0m288} INFO[0m - [35m(astronomer-cosmos)[0m - Using user-supplied profiles.yml at /opt/***/dossier/dbt/profiles.yml[0m
[2024-07-02T15:44:17.489+0000] {log.py:232} WARNING - [[34m2024-07-02T15:44:17.488+0000[0m] {[34mconfig.py:[0m288} INFO[0m - [35m(astronomer-cosmos)[0m - Using user-supplied profiles.yml at /opt/***/dossier/dbt/profiles.yml[0m
[2024-07-02T15:44:17.488+0000] {config.py:288} INFO - Using user-supplied profiles.yml at /opt/***/dossier/dbt/profiles.yml
[2024-07-02T15:44:17.490+0000] {log.py:232} WARNING - [[34m2024-07-02T15:44:17.490+0000[0m] {[34mlocal.py:[0m247} INFO[0m - [35m(astronomer-cosmos)[0m - Trying to run the command:
 ['/opt/***/dbt_env/bin/dbt', 'run', '--models', 'report_customer_invoices', '--project-dir', '/tmp/tmpct40wonu', '--profiles-dir', '/opt/***/dossier/dbt', '--profile', '***', '--target', 'dev']
From /tmp/tmpct40wonu[0m
[2024-07-02T15:44:17.491+0000] {log.py:232} WARNING - [[34m2024-07-02T15:44:17.490+0000[0m] {[34mlocal.py:[0m247} INFO[0m - [35m(astronomer-cosmos)[0m - Trying to run the command:
 ['/opt/***/dbt_env/bin/dbt', 'run', '--models', 'report_customer_invoices', '--project-dir', '/tmp/tmpct40wonu', '--profiles-dir', '/opt/***/dossier/dbt', '--profile', '***', '--target', 'dev']
From /tmp/tmpct40wonu[0m
[2024-07-02T15:44:17.490+0000] {local.py:247} INFO - Trying to run the command:
 ['/opt/***/dbt_env/bin/dbt', 'run', '--models', 'report_customer_invoices', '--project-dir', '/tmp/tmpct40wonu', '--profiles-dir', '/opt/***/dossier/dbt', '--profile', '***', '--target', 'dev']
From /tmp/tmpct40wonu
[2024-07-02T15:44:17.492+0000] {log.py:232} WARNING - [[34m2024-07-02T15:44:17.492+0000[0m] {[34msubprocess.py:[0m60} INFO[0m - [35m(astronomer-cosmos)[0m - Tmp dir root location: 
 /tmp[0m
[2024-07-02T15:44:17.493+0000] {log.py:232} WARNING - [[34m2024-07-02T15:44:17.492+0000[0m] {[34msubprocess.py:[0m60} INFO[0m - [35m(astronomer-cosmos)[0m - Tmp dir root location: 
 /tmp[0m
[2024-07-02T15:44:17.492+0000] {subprocess.py:60} INFO - Tmp dir root location: 
 /tmp
[2024-07-02T15:44:17.494+0000] {log.py:232} WARNING - [[34m2024-07-02T15:44:17.494+0000[0m] {[34msubprocess.py:[0m73} INFO[0m - [35m(astronomer-cosmos)[0m - Running command: ['/opt/***/dbt_env/bin/dbt', 'run', '--models', 'report_customer_invoices', '--project-dir', '/tmp/tmpct40wonu', '--profiles-dir', '/opt/***/dossier/dbt', '--profile', '***', '--target', 'dev'][0m
[2024-07-02T15:44:17.494+0000] {log.py:232} WARNING - [[34m2024-07-02T15:44:17.494+0000[0m] {[34msubprocess.py:[0m73} INFO[0m - [35m(astronomer-cosmos)[0m - Running command: ['/opt/***/dbt_env/bin/dbt', 'run', '--models', 'report_customer_invoices', '--project-dir', '/tmp/tmpct40wonu', '--profiles-dir', '/opt/***/dossier/dbt', '--profile', '***', '--target', 'dev'][0m
[2024-07-02T15:44:17.494+0000] {subprocess.py:73} INFO - Running command: ['/opt/***/dbt_env/bin/dbt', 'run', '--models', 'report_customer_invoices', '--project-dir', '/tmp/tmpct40wonu', '--profiles-dir', '/opt/***/dossier/dbt', '--profile', '***', '--target', 'dev']
[2024-07-02T15:44:17.517+0000] {log.py:232} WARNING - [[34m2024-07-02T15:44:17.517+0000[0m] {[34msubprocess.py:[0m84} INFO[0m - [35m(astronomer-cosmos)[0m - Command output:[0m
[2024-07-02T15:44:17.518+0000] {log.py:232} WARNING - [[34m2024-07-02T15:44:17.517+0000[0m] {[34msubprocess.py:[0m84} INFO[0m - [35m(astronomer-cosmos)[0m - Command output:[0m
[2024-07-02T15:44:17.517+0000] {subprocess.py:84} INFO - Command output:
[2024-07-02T15:44:20.952+0000] {log.py:232} WARNING - [[34m2024-07-02T15:44:20.952+0000[0m] {[34msubprocess.py:[0m94} INFO[0m - [35m(astronomer-cosmos)[0m - [0m15:44:20  Running with dbt=1.8.3[0m
[2024-07-02T15:44:20.953+0000] {log.py:232} WARNING - [[34m2024-07-02T15:44:20.952+0000[0m] {[34msubprocess.py:[0m94} INFO[0m - [35m(astronomer-cosmos)[0m - [0m15:44:20  Running with dbt=1.8.3[0m
[2024-07-02T15:44:20.952+0000] {subprocess.py:94} INFO - [0m15:44:20  Running with dbt=1.8.3
[2024-07-02T15:44:21.462+0000] {log.py:232} WARNING - [[34m2024-07-02T15:44:21.462+0000[0m] {[34msubprocess.py:[0m94} INFO[0m - [35m(astronomer-cosmos)[0m - [0m15:44:21  Registered adapter: postgres=1.8.2[0m
[2024-07-02T15:44:21.463+0000] {log.py:232} WARNING - [[34m2024-07-02T15:44:21.462+0000[0m] {[34msubprocess.py:[0m94} INFO[0m - [35m(astronomer-cosmos)[0m - [0m15:44:21  Registered adapter: postgres=1.8.2[0m
[2024-07-02T15:44:21.462+0000] {subprocess.py:94} INFO - [0m15:44:21  Registered adapter: postgres=1.8.2
[2024-07-02T15:44:21.740+0000] {log.py:232} WARNING - [[34m2024-07-02T15:44:21.740+0000[0m] {[34msubprocess.py:[0m94} INFO[0m - [35m(astronomer-cosmos)[0m - [0m15:44:21  Unable to do partial parsing because config vars, config profile, or config target have changed[0m
[2024-07-02T15:44:21.741+0000] {log.py:232} WARNING - [[34m2024-07-02T15:44:21.740+0000[0m] {[34msubprocess.py:[0m94} INFO[0m - [35m(astronomer-cosmos)[0m - [0m15:44:21  Unable to do partial parsing because config vars, config profile, or config target have changed[0m
[2024-07-02T15:44:21.740+0000] {subprocess.py:94} INFO - [0m15:44:21  Unable to do partial parsing because config vars, config profile, or config target have changed
[2024-07-02T15:44:26.182+0000] {log.py:232} WARNING - [[34m2024-07-02T15:44:26.182+0000[0m] {[34msubprocess.py:[0m94} INFO[0m - [35m(astronomer-cosmos)[0m - [0m15:44:26  Found 7 models, 2 sources, 529 macros[0m
[2024-07-02T15:44:26.183+0000] {log.py:232} WARNING - [[34m2024-07-02T15:44:26.182+0000[0m] {[34msubprocess.py:[0m94} INFO[0m - [35m(astronomer-cosmos)[0m - [0m15:44:26  Found 7 models, 2 sources, 529 macros[0m
[2024-07-02T15:44:26.182+0000] {subprocess.py:94} INFO - [0m15:44:26  Found 7 models, 2 sources, 529 macros
[2024-07-02T15:44:26.188+0000] {log.py:232} WARNING - [[34m2024-07-02T15:44:26.187+0000[0m] {[34msubprocess.py:[0m94} INFO[0m - [35m(astronomer-cosmos)[0m - [0m15:44:26[0m
[2024-07-02T15:44:26.188+0000] {log.py:232} WARNING - [[34m2024-07-02T15:44:26.187+0000[0m] {[34msubprocess.py:[0m94} INFO[0m - [35m(astronomer-cosmos)[0m - [0m15:44:26[0m
[2024-07-02T15:44:26.187+0000] {subprocess.py:94} INFO - [0m15:44:26
[2024-07-02T15:44:26.595+0000] {log.py:232} WARNING - [[34m2024-07-02T15:44:26.594+0000[0m] {[34msubprocess.py:[0m94} INFO[0m - [35m(astronomer-cosmos)[0m - [0m15:44:26  Concurrency: 1 threads (target='dev')[0m
[2024-07-02T15:44:26.599+0000] {log.py:232} WARNING - [[34m2024-07-02T15:44:26.594+0000[0m] {[34msubprocess.py:[0m94} INFO[0m - [35m(astronomer-cosmos)[0m - [0m15:44:26  Concurrency: 1 threads (target='dev')[0m
[2024-07-02T15:44:26.594+0000] {subprocess.py:94} INFO - [0m15:44:26  Concurrency: 1 threads (target='dev')
[2024-07-02T15:44:26.603+0000] {log.py:232} WARNING - [[34m2024-07-02T15:44:26.603+0000[0m] {[34msubprocess.py:[0m94} INFO[0m - [35m(astronomer-cosmos)[0m - [0m15:44:26[0m
[2024-07-02T15:44:26.605+0000] {log.py:232} WARNING - [[34m2024-07-02T15:44:26.603+0000[0m] {[34msubprocess.py:[0m94} INFO[0m - [35m(astronomer-cosmos)[0m - [0m15:44:26[0m
[2024-07-02T15:44:26.603+0000] {subprocess.py:94} INFO - [0m15:44:26
[2024-07-02T15:44:26.637+0000] {log.py:232} WARNING - [[34m2024-07-02T15:44:26.637+0000[0m] {[34msubprocess.py:[0m94} INFO[0m - [35m(astronomer-cosmos)[0m - [0m15:44:26  1 of 1 START sql table model public.report_customer_invoices ................... [RUN][0m
[2024-07-02T15:44:26.639+0000] {log.py:232} WARNING - [[34m2024-07-02T15:44:26.637+0000[0m] {[34msubprocess.py:[0m94} INFO[0m - [35m(astronomer-cosmos)[0m - [0m15:44:26  1 of 1 START sql table model public.report_customer_invoices ................... [RUN][0m
[2024-07-02T15:44:26.637+0000] {subprocess.py:94} INFO - [0m15:44:26  1 of 1 START sql table model public.report_customer_invoices ................... [RUN]
[2024-07-02T15:44:39.515+0000] {log.py:232} WARNING - [[34m2024-07-02T15:44:39.515+0000[0m] {[34msubprocess.py:[0m94} INFO[0m - [35m(astronomer-cosmos)[0m - [0m15:44:39  1 of 1 OK created sql table model public.report_customer_invoices .............. [[32mSELECT 10[0m in 12.87s][0m
[2024-07-02T15:44:39.517+0000] {log.py:232} WARNING - [[34m2024-07-02T15:44:39.515+0000[0m] {[34msubprocess.py:[0m94} INFO[0m - [35m(astronomer-cosmos)[0m - [0m15:44:39  1 of 1 OK created sql table model public.report_customer_invoices .............. [[32mSELECT 10[0m in 12.87s][0m
[2024-07-02T15:44:39.515+0000] {subprocess.py:94} INFO - [0m15:44:39  1 of 1 OK created sql table model public.report_customer_invoices .............. [[32mSELECT 10[0m in 12.87s]
[2024-07-02T15:44:39.538+0000] {log.py:232} WARNING - [[34m2024-07-02T15:44:39.537+0000[0m] {[34msubprocess.py:[0m94} INFO[0m - [35m(astronomer-cosmos)[0m - [0m15:44:39[0m
[2024-07-02T15:44:39.539+0000] {log.py:232} WARNING - [[34m2024-07-02T15:44:39.537+0000[0m] {[34msubprocess.py:[0m94} INFO[0m - [35m(astronomer-cosmos)[0m - [0m15:44:39[0m
[2024-07-02T15:44:39.537+0000] {subprocess.py:94} INFO - [0m15:44:39
[2024-07-02T15:44:39.540+0000] {log.py:232} WARNING - [[34m2024-07-02T15:44:39.540+0000[0m] {[34msubprocess.py:[0m94} INFO[0m - [35m(astronomer-cosmos)[0m - [0m15:44:39  Finished running 1 table model in 0 hours 0 minutes and 13.35 seconds (13.35s).[0m
[2024-07-02T15:44:39.540+0000] {log.py:232} WARNING - [[34m2024-07-02T15:44:39.540+0000[0m] {[34msubprocess.py:[0m94} INFO[0m - [35m(astronomer-cosmos)[0m - [0m15:44:39  Finished running 1 table model in 0 hours 0 minutes and 13.35 seconds (13.35s).[0m
[2024-07-02T15:44:39.540+0000] {subprocess.py:94} INFO - [0m15:44:39  Finished running 1 table model in 0 hours 0 minutes and 13.35 seconds (13.35s).
[2024-07-02T15:44:39.735+0000] {log.py:232} WARNING - [[34m2024-07-02T15:44:39.735+0000[0m] {[34msubprocess.py:[0m94} INFO[0m - [35m(astronomer-cosmos)[0m - [0m15:44:39[0m
[2024-07-02T15:44:39.736+0000] {log.py:232} WARNING - [[34m2024-07-02T15:44:39.735+0000[0m] {[34msubprocess.py:[0m94} INFO[0m - [35m(astronomer-cosmos)[0m - [0m15:44:39[0m
[2024-07-02T15:44:39.735+0000] {subprocess.py:94} INFO - [0m15:44:39
[2024-07-02T15:44:39.737+0000] {log.py:232} WARNING - [[34m2024-07-02T15:44:39.736+0000[0m] {[34msubprocess.py:[0m94} INFO[0m - [35m(astronomer-cosmos)[0m - [0m15:44:39  [32mCompleted successfully[0m[0m
[2024-07-02T15:44:39.737+0000] {log.py:232} WARNING - [[34m2024-07-02T15:44:39.736+0000[0m] {[34msubprocess.py:[0m94} INFO[0m - [35m(astronomer-cosmos)[0m - [0m15:44:39  [32mCompleted successfully[0m[0m
[2024-07-02T15:44:39.736+0000] {subprocess.py:94} INFO - [0m15:44:39  [32mCompleted successfully[0m
[2024-07-02T15:44:39.738+0000] {log.py:232} WARNING - [[34m2024-07-02T15:44:39.738+0000[0m] {[34msubprocess.py:[0m94} INFO[0m - [35m(astronomer-cosmos)[0m - [0m15:44:39[0m
[2024-07-02T15:44:39.738+0000] {log.py:232} WARNING - [[34m2024-07-02T15:44:39.738+0000[0m] {[34msubprocess.py:[0m94} INFO[0m - [35m(astronomer-cosmos)[0m - [0m15:44:39[0m
[2024-07-02T15:44:39.738+0000] {subprocess.py:94} INFO - [0m15:44:39
[2024-07-02T15:44:39.739+0000] {log.py:232} WARNING - [[34m2024-07-02T15:44:39.739+0000[0m] {[34msubprocess.py:[0m94} INFO[0m - [35m(astronomer-cosmos)[0m - [0m15:44:39  Done. PASS=1 WARN=0 ERROR=0 SKIP=0 TOTAL=1[0m
[2024-07-02T15:44:39.740+0000] {log.py:232} WARNING - [[34m2024-07-02T15:44:39.739+0000[0m] {[34msubprocess.py:[0m94} INFO[0m - [35m(astronomer-cosmos)[0m - [0m15:44:39  Done. PASS=1 WARN=0 ERROR=0 SKIP=0 TOTAL=1[0m
[2024-07-02T15:44:39.739+0000] {subprocess.py:94} INFO - [0m15:44:39  Done. PASS=1 WARN=0 ERROR=0 SKIP=0 TOTAL=1
[2024-07-02T15:44:41.004+0000] {log.py:232} WARNING - [[34m2024-07-02T15:44:41.004+0000[0m] {[34msubprocess.py:[0m98} INFO[0m - [35m(astronomer-cosmos)[0m - Command exited with return code 0[0m
[2024-07-02T15:44:41.005+0000] {log.py:232} WARNING - [[34m2024-07-02T15:44:41.004+0000[0m] {[34msubprocess.py:[0m98} INFO[0m - [35m(astronomer-cosmos)[0m - Command exited with return code 0[0m
[2024-07-02T15:44:41.004+0000] {subprocess.py:98} INFO - Command exited with return code 0
[2024-07-02T15:44:41.006+0000] {log.py:232} WARNING - [[34m2024-07-02T15:44:41.006+0000[0m] {[34mlocal.py:[0m254} INFO[0m - [35m(astronomer-cosmos)[0m - [0m15:44:39  Done. PASS=1 WARN=0 ERROR=0 SKIP=0 TOTAL=1[0m
[2024-07-02T15:44:41.006+0000] {log.py:232} WARNING - [[34m2024-07-02T15:44:41.006+0000[0m] {[34mlocal.py:[0m254} INFO[0m - [35m(astronomer-cosmos)[0m - [0m15:44:39  Done. PASS=1 WARN=0 ERROR=0 SKIP=0 TOTAL=1[0m
[2024-07-02T15:44:41.006+0000] {local.py:254} INFO - [0m15:44:39  Done. PASS=1 WARN=0 ERROR=0 SKIP=0 TOTAL=1
[2024-07-02T15:44:41.028+0000] {local.py:138} WARNING - Artifact schema version: https://schemas.getdbt.com/dbt/manifest/v12.json is above dbt-ol supported version 7. This might cause errors.
[2024-07-02T15:44:41.031+0000] {local.py:138} WARNING - Artifact schema version: https://schemas.getdbt.com/dbt/run-results/v6.json is above dbt-ol supported version 5. This might cause errors.
[2024-07-02T15:44:41.043+0000] {log.py:232} WARNING - [[34m2024-07-02T15:44:41.043+0000[0m] {[34mlocal.py:[0m349} INFO[0m - [35m(astronomer-cosmos)[0m - Inlets: [Dataset(uri='postgres://postgres:5432/***.public.dim_customer', extra=None), Dataset(uri='postgres://postgres:5432/***.public.fct_invoices', extra=None)][0m
[2024-07-02T15:44:41.044+0000] {log.py:232} WARNING - [[34m2024-07-02T15:44:41.043+0000[0m] {[34mlocal.py:[0m349} INFO[0m - [35m(astronomer-cosmos)[0m - Inlets: [Dataset(uri='postgres://postgres:5432/***.public.dim_customer', extra=None), Dataset(uri='postgres://postgres:5432/***.public.fct_invoices', extra=None)][0m
[2024-07-02T15:44:41.043+0000] {local.py:349} INFO - Inlets: [Dataset(uri='postgres://postgres:5432/airflow.public.dim_customer', extra=None), Dataset(uri='postgres://postgres:5432/airflow.public.fct_invoices', extra=None)]
[2024-07-02T15:44:41.045+0000] {log.py:232} WARNING - [[34m2024-07-02T15:44:41.045+0000[0m] {[34mlocal.py:[0m350} INFO[0m - [35m(astronomer-cosmos)[0m - Outlets: [Dataset(uri='postgres://postgres:5432/***.public.report_customer_invoices', extra=None)][0m
[2024-07-02T15:44:41.045+0000] {log.py:232} WARNING - [[34m2024-07-02T15:44:41.045+0000[0m] {[34mlocal.py:[0m350} INFO[0m - [35m(astronomer-cosmos)[0m - Outlets: [Dataset(uri='postgres://postgres:5432/***.public.report_customer_invoices', extra=None)][0m
[2024-07-02T15:44:41.045+0000] {local.py:350} INFO - Outlets: [Dataset(uri='postgres://postgres:5432/airflow.public.report_customer_invoices', extra=None)]
[2024-07-02T15:44:41.046+0000] {dag.py:3033} INFO - Sync 1 DAGs
[2024-07-02T15:44:41.095+0000] {dag.py:3820} INFO - Setting next_dagrun for pipeline to 2024-07-02T00:00:00+00:00, run_after=2024-07-03T00:00:00+00:00
[2024-07-02T15:44:41.152+0000] {warnings.py:109} WARNING - /home/***/.local/lib/python3.8/site-packages/***/models/baseoperator.py:1476: RemovedInAirflow3Warning: Passing 'execution_date' to 'TaskInstance.xcom_push()' is deprecated.
  context["ti"].xcom_push(key=key, value=value, execution_date=execution_date)

[2024-07-02T15:44:41.205+0000] {taskinstance.py:1138} INFO - Marking task as SUCCESS. dag_id=pipeline, task_id=report.report_customer_invoices_run, execution_date=20240702T154247, start_date=20240702T154417, end_date=20240702T154441
[2024-07-02T15:44:41.294+0000] {local_task_job_runner.py:234} INFO - Task exited with return code 0
[2024-07-02T15:44:41.338+0000] {taskinstance.py:3281} INFO - 0 downstream tasks scheduled from follow-on schedule check
