[2024-07-02T15:44:06.138+0000] {taskinstance.py:1957} INFO - Dependencies all met for dep_context=non-requeueable deps ti=<TaskInstance: pipeline.check_transform manual__2024-07-02T15:42:47.623707+00:00 [queued]>
[2024-07-02T15:44:06.159+0000] {taskinstance.py:1957} INFO - Dependencies all met for dep_context=requeueable deps ti=<TaskInstance: pipeline.check_transform manual__2024-07-02T15:42:47.623707+00:00 [queued]>
[2024-07-02T15:44:06.161+0000] {taskinstance.py:2171} INFO - Starting attempt 1 of 1
[2024-07-02T15:44:06.193+0000] {taskinstance.py:2192} INFO - Executing <Task(_PythonExternalDecoratedOperator): check_transform> on 2024-07-02 15:42:47.623707+00:00
[2024-07-02T15:44:06.207+0000] {standard_task_runner.py:60} INFO - Started process 1600 to run task
[2024-07-02T15:44:06.213+0000] {standard_task_runner.py:87} INFO - Running: ['***', 'tasks', 'run', 'pipeline', 'check_transform', 'manual__2024-07-02T15:42:47.623707+00:00', '--job-id', '40', '--raw', '--subdir', 'DAGS_FOLDER/pipeline.py', '--cfg-path', '/tmp/tmpfpqks2x0']
[2024-07-02T15:44:06.222+0000] {standard_task_runner.py:88} INFO - Job 40: Subtask check_transform
[2024-07-02T15:44:06.295+0000] {task_command.py:423} INFO - Running <TaskInstance: pipeline.check_transform manual__2024-07-02T15:42:47.623707+00:00 [running]> on host e21b7712e0d7
[2024-07-02T15:44:06.427+0000] {taskinstance.py:2481} INFO - Exporting env vars: AIRFLOW_CTX_DAG_OWNER='***' AIRFLOW_CTX_DAG_ID='pipeline' AIRFLOW_CTX_TASK_ID='check_transform' AIRFLOW_CTX_EXECUTION_DATE='2024-07-02T15:42:47.623707+00:00' AIRFLOW_CTX_TRY_NUMBER='1' AIRFLOW_CTX_DAG_RUN_ID='manual__2024-07-02T15:42:47.623707+00:00'
[2024-07-02T15:44:06.487+0000] {python.py:903} WARNING - When checking for Airflow installed in virtual environment got Command '['/opt/airflow/soda_venv/bin/python', '-c', 'from airflow import __version__; print(__version__)']' returned non-zero exit status 1.
[2024-07-02T15:44:06.489+0000] {python.py:904} WARNING - This means that Airflow is not properly installed by  /opt/***/soda_venv/bin/python. Airflow context keys will not be available. Please Install Airflow 2.8.0 in your environment to access them.
[2024-07-02T15:44:06.893+0000] {process_utils.py:182} INFO - Executing cmd: /opt/***/soda_venv/bin/python /tmp/venv-call8ietg3kr/script.py /tmp/venv-call8ietg3kr/script.in /tmp/venv-call8ietg3kr/script.out /tmp/venv-call8ietg3kr/string_args.txt /tmp/venv-call8ietg3kr/termination.log
[2024-07-02T15:44:06.911+0000] {process_utils.py:186} INFO - Output:
[2024-07-02T15:44:13.898+0000] {process_utils.py:190} INFO - Running Soda Scan ...
[2024-07-02T15:44:13.898+0000] {process_utils.py:190} INFO - INFO   | Soda Core 3.0.45
[2024-07-02T15:44:13.899+0000] {process_utils.py:190} INFO - DEBUG  | Reading configuration file "/opt/***/dossier/soda/configuration/configuration.yml"
[2024-07-02T15:44:13.899+0000] {process_utils.py:190} INFO - DEBUG  | Reading SodaCL file "/opt/***/dossier/soda/checks/transform/fct_invoices.yml"
[2024-07-02T15:44:13.899+0000] {process_utils.py:190} INFO - DEBUG  | Reading SodaCL file "/opt/***/dossier/soda/checks/transform/dim_customer.yml"
[2024-07-02T15:44:13.899+0000] {process_utils.py:190} INFO - DEBUG  | Reading SodaCL file "/opt/***/dossier/soda/checks/transform/dim_product.yml"
[2024-07-02T15:44:13.900+0000] {process_utils.py:190} INFO - DEBUG  | Reading SodaCL file "/opt/***/dossier/soda/checks/transform/dim_datetime.yml"
[2024-07-02T15:44:13.900+0000] {process_utils.py:190} INFO - DEBUG  | Scan execution starts
[2024-07-02T15:44:13.900+0000] {process_utils.py:190} INFO - DEBUG  | Postgres connection properties: host="postgres", port="None", database="***", user="***", options="-c search_path=public", connection_timeout="None"
[2024-07-02T15:44:13.900+0000] {process_utils.py:190} INFO - DEBUG  | Query bdpostgres.fct_invoices.aggregation[0]:
[2024-07-02T15:44:13.901+0000] {process_utils.py:190} INFO - SELECT
[2024-07-02T15:44:13.901+0000] {process_utils.py:190} INFO -   COUNT(CASE WHEN invoice_id IS NULL THEN 1 END)
[2024-07-02T15:44:13.901+0000] {process_utils.py:190} INFO - FROM public.fct_invoices
[2024-07-02T15:44:13.901+0000] {process_utils.py:190} INFO - DEBUG  | Query bdpostgres.dim_customer.aggregation[0]:
[2024-07-02T15:44:13.901+0000] {process_utils.py:190} INFO - SELECT
[2024-07-02T15:44:13.902+0000] {process_utils.py:190} INFO -   COUNT(CASE WHEN customer_id IS NULL THEN 1 END)
[2024-07-02T15:44:13.902+0000] {process_utils.py:190} INFO - FROM public.dim_customer
[2024-07-02T15:44:13.902+0000] {process_utils.py:190} INFO - DEBUG  | Query bdpostgres.dim_product.aggregation[0]:
[2024-07-02T15:44:13.902+0000] {process_utils.py:190} INFO - SELECT
[2024-07-02T15:44:13.902+0000] {process_utils.py:190} INFO -   COUNT(CASE WHEN product_id IS NULL THEN 1 END),
[2024-07-02T15:44:13.902+0000] {process_utils.py:190} INFO -   MIN(price)
[2024-07-02T15:44:13.902+0000] {process_utils.py:190} INFO - FROM public.dim_product
[2024-07-02T15:44:13.902+0000] {process_utils.py:190} INFO - DEBUG  | Query bdpostgres.dim_product.product_id.duplicate_count:
[2024-07-02T15:44:13.903+0000] {process_utils.py:190} INFO - 
[2024-07-02T15:44:13.903+0000] {process_utils.py:190} INFO - WITH frequencies AS (
[2024-07-02T15:44:13.903+0000] {process_utils.py:190} INFO -     SELECT COUNT(*) AS frequency
[2024-07-02T15:44:13.903+0000] {process_utils.py:190} INFO -     FROM public.dim_product
[2024-07-02T15:44:13.903+0000] {process_utils.py:190} INFO -     WHERE product_id IS NOT NULL
[2024-07-02T15:44:13.903+0000] {process_utils.py:190} INFO -     GROUP BY product_id)
[2024-07-02T15:44:13.903+0000] {process_utils.py:190} INFO - SELECT count(*)
[2024-07-02T15:44:13.904+0000] {process_utils.py:190} INFO - FROM frequencies
[2024-07-02T15:44:13.904+0000] {process_utils.py:190} INFO - WHERE frequency > 1
[2024-07-02T15:44:13.904+0000] {process_utils.py:190} INFO - DEBUG  | Query bdpostgres.dim_product.duplicate_count[product_id].failed_rows.aggregated:
[2024-07-02T15:44:13.904+0000] {process_utils.py:190} INFO - 
[2024-07-02T15:44:13.904+0000] {process_utils.py:190} INFO - WITH frequencies AS (
[2024-07-02T15:44:13.904+0000] {process_utils.py:190} INFO -     SELECT product_id, COUNT(*) AS frequency
[2024-07-02T15:44:13.904+0000] {process_utils.py:190} INFO -     FROM public.dim_product
[2024-07-02T15:44:13.905+0000] {process_utils.py:190} INFO -     WHERE product_id IS NOT NULL
[2024-07-02T15:44:13.905+0000] {process_utils.py:190} INFO -     GROUP BY product_id)
[2024-07-02T15:44:13.905+0000] {process_utils.py:190} INFO - SELECT *
[2024-07-02T15:44:13.905+0000] {process_utils.py:190} INFO - FROM frequencies
[2024-07-02T15:44:13.905+0000] {process_utils.py:190} INFO - WHERE frequency > 1
[2024-07-02T15:44:13.905+0000] {process_utils.py:190} INFO - ORDER BY frequency DESC
[2024-07-02T15:44:13.905+0000] {process_utils.py:190} INFO - LIMIT 100
[2024-07-02T15:44:13.905+0000] {process_utils.py:190} INFO - DEBUG  | Query bdpostgres.dim_datetime.aggregation[0]:
[2024-07-02T15:44:13.906+0000] {process_utils.py:190} INFO - SELECT
[2024-07-02T15:44:13.906+0000] {process_utils.py:190} INFO -   COUNT(CASE WHEN NOT (weekday IS NULL) AND NOT (weekday >= 0.0 AND weekday <= 6.0) THEN 1 END),
[2024-07-02T15:44:13.906+0000] {process_utils.py:190} INFO -   COUNT(CASE WHEN datetime_id IS NULL THEN 1 END)
[2024-07-02T15:44:13.906+0000] {process_utils.py:190} INFO - FROM public.dim_datetime
[2024-07-02T15:44:13.906+0000] {process_utils.py:190} INFO - DEBUG  | Query bdpostgres.dim_datetime.datetime_id.duplicate_count:
[2024-07-02T15:44:13.907+0000] {process_utils.py:190} INFO - 
[2024-07-02T15:44:13.907+0000] {process_utils.py:190} INFO - WITH frequencies AS (
[2024-07-02T15:44:13.907+0000] {process_utils.py:190} INFO -     SELECT COUNT(*) AS frequency
[2024-07-02T15:44:13.907+0000] {process_utils.py:190} INFO -     FROM public.dim_datetime
[2024-07-02T15:44:13.907+0000] {process_utils.py:190} INFO -     WHERE datetime_id IS NOT NULL
[2024-07-02T15:44:13.907+0000] {process_utils.py:190} INFO -     GROUP BY datetime_id)
[2024-07-02T15:44:13.908+0000] {process_utils.py:190} INFO - SELECT count(*)
[2024-07-02T15:44:13.908+0000] {process_utils.py:190} INFO - FROM frequencies
[2024-07-02T15:44:13.908+0000] {process_utils.py:190} INFO - WHERE frequency > 1
[2024-07-02T15:44:13.908+0000] {process_utils.py:190} INFO - DEBUG  | Query bdpostgres.dim_datetime.duplicate_count[datetime_id].failed_rows.aggregated:
[2024-07-02T15:44:13.908+0000] {process_utils.py:190} INFO - 
[2024-07-02T15:44:13.908+0000] {process_utils.py:190} INFO - WITH frequencies AS (
[2024-07-02T15:44:13.909+0000] {process_utils.py:190} INFO -     SELECT datetime_id, COUNT(*) AS frequency
[2024-07-02T15:44:13.909+0000] {process_utils.py:190} INFO -     FROM public.dim_datetime
[2024-07-02T15:44:13.909+0000] {process_utils.py:190} INFO -     WHERE datetime_id IS NOT NULL
[2024-07-02T15:44:13.909+0000] {process_utils.py:190} INFO -     GROUP BY datetime_id)
[2024-07-02T15:44:13.909+0000] {process_utils.py:190} INFO - SELECT *
[2024-07-02T15:44:13.909+0000] {process_utils.py:190} INFO - FROM frequencies
[2024-07-02T15:44:13.910+0000] {process_utils.py:190} INFO - WHERE frequency > 1
[2024-07-02T15:44:13.910+0000] {process_utils.py:190} INFO - ORDER BY frequency DESC
[2024-07-02T15:44:13.910+0000] {process_utils.py:190} INFO - LIMIT 100
[2024-07-02T15:44:13.910+0000] {process_utils.py:190} INFO - DEBUG  | Query bdpostgres.fct_invoices.schema[fct_invoices]:
[2024-07-02T15:44:13.910+0000] {process_utils.py:190} INFO - SELECT column_name, data_type, is_nullable
[2024-07-02T15:44:13.910+0000] {process_utils.py:190} INFO - FROM information_schema.columns
[2024-07-02T15:44:13.910+0000] {process_utils.py:190} INFO - WHERE lower(table_name) = 'fct_invoices'
[2024-07-02T15:44:13.911+0000] {process_utils.py:190} INFO -   AND lower(table_catalog) = '***'
[2024-07-02T15:44:13.911+0000] {process_utils.py:190} INFO -   AND lower(table_schema) = 'public'
[2024-07-02T15:44:13.911+0000] {process_utils.py:190} INFO - ORDER BY ORDINAL_POSITION
[2024-07-02T15:44:13.911+0000] {process_utils.py:190} INFO - DEBUG  | Query bdpostgres.failed_rows[failed rows]:
[2024-07-02T15:44:13.911+0000] {process_utils.py:190} INFO - SELECT invoice_id, total
[2024-07-02T15:44:13.911+0000] {process_utils.py:190} INFO - FROM fct_invoices
[2024-07-02T15:44:13.911+0000] {process_utils.py:190} INFO - WHERE total < 0
[2024-07-02T15:44:13.912+0000] {process_utils.py:190} INFO - INFO   | Sending failed row samples to Soda Cloud
[2024-07-02T15:44:13.912+0000] {process_utils.py:190} INFO - DEBUG  | Query bdpostgres.dim_customer.schema[dim_customer]:
[2024-07-02T15:44:13.912+0000] {process_utils.py:190} INFO - SELECT column_name, data_type, is_nullable
[2024-07-02T15:44:13.912+0000] {process_utils.py:190} INFO - FROM information_schema.columns
[2024-07-02T15:44:13.912+0000] {process_utils.py:190} INFO - WHERE lower(table_name) = 'dim_customer'
[2024-07-02T15:44:13.912+0000] {process_utils.py:190} INFO -   AND lower(table_catalog) = '***'
[2024-07-02T15:44:13.913+0000] {process_utils.py:190} INFO -   AND lower(table_schema) = 'public'
[2024-07-02T15:44:13.913+0000] {process_utils.py:190} INFO - ORDER BY ORDINAL_POSITION
[2024-07-02T15:44:13.913+0000] {process_utils.py:190} INFO - DEBUG  | Query bdpostgres.dim_product.schema[dim_product]:
[2024-07-02T15:44:13.913+0000] {process_utils.py:190} INFO - SELECT column_name, data_type, is_nullable
[2024-07-02T15:44:13.913+0000] {process_utils.py:190} INFO - FROM information_schema.columns
[2024-07-02T15:44:13.913+0000] {process_utils.py:190} INFO - WHERE lower(table_name) = 'dim_product'
[2024-07-02T15:44:13.913+0000] {process_utils.py:190} INFO -   AND lower(table_catalog) = '***'
[2024-07-02T15:44:13.914+0000] {process_utils.py:190} INFO -   AND lower(table_schema) = 'public'
[2024-07-02T15:44:13.914+0000] {process_utils.py:190} INFO - ORDER BY ORDINAL_POSITION
[2024-07-02T15:44:13.914+0000] {process_utils.py:190} INFO - DEBUG  | Query bdpostgres.dim_datetime.schema[dim_datetime]:
[2024-07-02T15:44:13.914+0000] {process_utils.py:190} INFO - SELECT column_name, data_type, is_nullable
[2024-07-02T15:44:13.914+0000] {process_utils.py:190} INFO - FROM information_schema.columns
[2024-07-02T15:44:13.914+0000] {process_utils.py:190} INFO - WHERE lower(table_name) = 'dim_datetime'
[2024-07-02T15:44:13.914+0000] {process_utils.py:190} INFO -   AND lower(table_catalog) = '***'
[2024-07-02T15:44:13.915+0000] {process_utils.py:190} INFO -   AND lower(table_schema) = 'public'
[2024-07-02T15:44:13.915+0000] {process_utils.py:190} INFO - ORDER BY ORDINAL_POSITION
[2024-07-02T15:44:13.915+0000] {process_utils.py:190} INFO - INFO   | Scan summary:
[2024-07-02T15:44:13.915+0000] {process_utils.py:190} INFO - DEBUG  | 13/13 queries OK
[2024-07-02T15:44:13.915+0000] {process_utils.py:190} INFO - DEBUG  |   bdpostgres.fct_invoices.aggregation[0] [OK] 0:00:00.972092
[2024-07-02T15:44:13.915+0000] {process_utils.py:190} INFO - DEBUG  |   bdpostgres.dim_customer.aggregation[0] [OK] 0:00:00.002300
[2024-07-02T15:44:13.915+0000] {process_utils.py:190} INFO - DEBUG  |   bdpostgres.dim_product.aggregation[0] [OK] 0:00:00.002166
[2024-07-02T15:44:13.916+0000] {process_utils.py:190} INFO - DEBUG  |   bdpostgres.dim_product.product_id.duplicate_count [OK] 0:00:00.016870
[2024-07-02T15:44:13.916+0000] {process_utils.py:190} INFO - DEBUG  |   bdpostgres.dim_product.duplicate_count[product_id].failed_rows.aggregated [OK] 0:00:00.016638
[2024-07-02T15:44:13.916+0000] {process_utils.py:190} INFO - DEBUG  |   bdpostgres.dim_datetime.aggregation[0] [OK] 0:00:00.003654
[2024-07-02T15:44:13.916+0000] {process_utils.py:190} INFO - DEBUG  |   bdpostgres.dim_datetime.datetime_id.duplicate_count [OK] 0:00:00.014690
[2024-07-02T15:44:13.916+0000] {process_utils.py:190} INFO - DEBUG  |   bdpostgres.dim_datetime.duplicate_count[datetime_id].failed_rows.aggregated [OK] 0:00:00.012134
[2024-07-02T15:44:13.916+0000] {process_utils.py:190} INFO - DEBUG  |   bdpostgres.fct_invoices.schema[fct_invoices] [OK] 0:00:00.012128
[2024-07-02T15:44:13.917+0000] {process_utils.py:190} INFO - DEBUG  |   bdpostgres.failed_rows[failed rows] [OK] 0:00:01.262319
[2024-07-02T15:44:13.917+0000] {process_utils.py:190} INFO - DEBUG  |   bdpostgres.dim_customer.schema[dim_customer] [OK] 0:00:00.005802
[2024-07-02T15:44:13.917+0000] {process_utils.py:190} INFO - DEBUG  |   bdpostgres.dim_product.schema[dim_product] [OK] 0:00:00.004526
[2024-07-02T15:44:13.917+0000] {process_utils.py:190} INFO - DEBUG  |   bdpostgres.dim_datetime.schema[dim_datetime] [OK] 0:00:00.004772
[2024-07-02T15:44:13.917+0000] {process_utils.py:190} INFO - INFO   | 13/13 checks PASSED:
[2024-07-02T15:44:13.917+0000] {process_utils.py:190} INFO - INFO   |     fct_invoices in bdpostgres
[2024-07-02T15:44:13.918+0000] {process_utils.py:190} INFO - INFO   |       Schema Check [/opt/***/dossier/soda/checks/transform/fct_invoices.yml] [PASSED]
[2024-07-02T15:44:13.918+0000] {process_utils.py:190} INFO - INFO   |         schema_measured = [invoice_id text, datetime_id timestamp without time zone, product_id text, customer_id text, quantity integer, total double precision]
[2024-07-02T15:44:13.918+0000] {process_utils.py:190} INFO - INFO   |       All invoices have a positive total amount [/opt/***/dossier/soda/checks/transform/fct_invoices.yml] [PASSED]
[2024-07-02T15:44:13.918+0000] {process_utils.py:190} INFO - INFO   |         value: 0
[2024-07-02T15:44:13.918+0000] {process_utils.py:190} INFO - INFO   |       All invoices have a key [/opt/***/dossier/soda/checks/transform/fct_invoices.yml] [PASSED]
[2024-07-02T15:44:13.919+0000] {process_utils.py:190} INFO - INFO   |         check_value: 0
[2024-07-02T15:44:13.919+0000] {process_utils.py:190} INFO - INFO   |     dim_customer in bdpostgres
[2024-07-02T15:44:13.919+0000] {process_utils.py:190} INFO - INFO   |       Schema Check [/opt/***/dossier/soda/checks/transform/dim_customer.yml] [PASSED]
[2024-07-02T15:44:13.919+0000] {process_utils.py:190} INFO - INFO   |         schema_measured = [customer_id text, country text, iso character varying]
[2024-07-02T15:44:13.919+0000] {process_utils.py:190} INFO - INFO   |       All customers have a key [/opt/***/dossier/soda/checks/transform/dim_customer.yml] [PASSED]
[2024-07-02T15:44:13.919+0000] {process_utils.py:190} INFO - INFO   |         check_value: 0
[2024-07-02T15:44:13.920+0000] {process_utils.py:190} INFO - INFO   |     dim_product in bdpostgres
[2024-07-02T15:44:13.920+0000] {process_utils.py:190} INFO - INFO   |       Schema Check [/opt/***/dossier/soda/checks/transform/dim_product.yml] [PASSED]
[2024-07-02T15:44:13.920+0000] {process_utils.py:190} INFO - INFO   |         schema_measured = [product_id text, stock_code text, description text, price real]
[2024-07-02T15:44:13.920+0000] {process_utils.py:190} INFO - INFO   |       All products are unique [/opt/***/dossier/soda/checks/transform/dim_product.yml] [PASSED]
[2024-07-02T15:44:13.920+0000] {process_utils.py:190} INFO - INFO   |         check_value: 0
[2024-07-02T15:44:13.921+0000] {process_utils.py:190} INFO - INFO   |       All products have a key [/opt/***/dossier/soda/checks/transform/dim_product.yml] [PASSED]
[2024-07-02T15:44:13.921+0000] {process_utils.py:190} INFO - INFO   |         check_value: 0
[2024-07-02T15:44:13.921+0000] {process_utils.py:190} INFO - INFO   |       min(price) fail when < 0 [/opt/***/dossier/soda/checks/transform/dim_product.yml] [PASSED]
[2024-07-02T15:44:13.921+0000] {process_utils.py:190} INFO - INFO   |         check_value: 0.001
[2024-07-02T15:44:13.921+0000] {process_utils.py:190} INFO - INFO   |     dim_datetime in bdpostgres
[2024-07-02T15:44:13.921+0000] {process_utils.py:190} INFO - INFO   |       Schema Check [/opt/***/dossier/soda/checks/transform/dim_datetime.yml] [PASSED]
[2024-07-02T15:44:13.922+0000] {process_utils.py:190} INFO - INFO   |         schema_measured = [datetime_id timestamp without time zone, datetime timestamp with time zone, year double precision, month double precision, day double precision, hour double precision, minute double precision, weekday double precision]
[2024-07-02T15:44:13.922+0000] {process_utils.py:190} INFO - INFO   |       All weekdays are in range 0-6 [/opt/***/dossier/soda/checks/transform/dim_datetime.yml] [PASSED]
[2024-07-02T15:44:13.922+0000] {process_utils.py:190} INFO - INFO   |         check_value: 0
[2024-07-02T15:44:13.922+0000] {process_utils.py:190} INFO - INFO   |       All datetimes are unique [/opt/***/dossier/soda/checks/transform/dim_datetime.yml] [PASSED]
[2024-07-02T15:44:13.922+0000] {process_utils.py:190} INFO - INFO   |         check_value: 0
[2024-07-02T15:44:13.923+0000] {process_utils.py:190} INFO - INFO   |       All datetimes have a key [/opt/***/dossier/soda/checks/transform/dim_datetime.yml] [PASSED]
[2024-07-02T15:44:13.923+0000] {process_utils.py:190} INFO - INFO   |         check_value: 0
[2024-07-02T15:44:13.923+0000] {process_utils.py:190} INFO - INFO   | All is good. No failures. No warnings. No errors.
[2024-07-02T15:44:13.923+0000] {process_utils.py:190} INFO - INFO   | Sending results to Soda Cloud
[2024-07-02T15:44:13.924+0000] {process_utils.py:190} INFO - INFO   | Soda Cloud Trace: 8119287132367876259
[2024-07-02T15:44:14.004+0000] {python.py:201} INFO - Done. Returned value was: None
[2024-07-02T15:44:14.017+0000] {taskinstance.py:1138} INFO - Marking task as SUCCESS. dag_id=pipeline, task_id=check_transform, execution_date=20240702T154247, start_date=20240702T154406, end_date=20240702T154414
[2024-07-02T15:44:14.053+0000] {local_task_job_runner.py:234} INFO - Task exited with return code 0
[2024-07-02T15:44:14.081+0000] {taskinstance.py:3281} INFO - 3 downstream tasks scheduled from follow-on schedule check
