[2024-07-02T15:24:46.823+0000] {taskinstance.py:1957} INFO - Dependencies all met for dep_context=non-requeueable deps ti=<TaskInstance: pipeline.transform.dim_datetime_run manual__2024-07-02T15:24:32.726421+00:00 [queued]>
[2024-07-02T15:24:46.838+0000] {taskinstance.py:1957} INFO - Dependencies all met for dep_context=requeueable deps ti=<TaskInstance: pipeline.transform.dim_datetime_run manual__2024-07-02T15:24:32.726421+00:00 [queued]>
[2024-07-02T15:24:46.839+0000] {taskinstance.py:2171} INFO - Starting attempt 1 of 1
[2024-07-02T15:24:46.859+0000] {taskinstance.py:2192} INFO - Executing <Task(DbtRunLocalOperator): transform.dim_datetime_run> on 2024-07-02 15:24:32.726421+00:00
[2024-07-02T15:24:46.867+0000] {standard_task_runner.py:60} INFO - Started process 1097 to run task
[2024-07-02T15:24:46.870+0000] {standard_task_runner.py:87} INFO - Running: ['***', 'tasks', 'run', 'pipeline', 'transform.dim_datetime_run', 'manual__2024-07-02T15:24:32.726421+00:00', '--job-id', '18', '--raw', '--subdir', 'DAGS_FOLDER/pipeline.py', '--cfg-path', '/tmp/tmprorc9hrv']
[2024-07-02T15:24:46.874+0000] {standard_task_runner.py:88} INFO - Job 18: Subtask transform.dim_datetime_run
[2024-07-02T15:24:46.944+0000] {task_command.py:423} INFO - Running <TaskInstance: pipeline.transform.dim_datetime_run manual__2024-07-02T15:24:32.726421+00:00 [running]> on host e21b7712e0d7
[2024-07-02T15:24:47.058+0000] {taskinstance.py:2481} INFO - Exporting env vars: AIRFLOW_CTX_DAG_OWNER='***' AIRFLOW_CTX_DAG_ID='pipeline' AIRFLOW_CTX_TASK_ID='transform.dim_datetime_run' AIRFLOW_CTX_EXECUTION_DATE='2024-07-02T15:24:32.726421+00:00' AIRFLOW_CTX_TRY_NUMBER='1' AIRFLOW_CTX_DAG_RUN_ID='manual__2024-07-02T15:24:32.726421+00:00'
[2024-07-02T15:24:47.062+0000] {log.py:232} WARNING - [[34m2024-07-02T15:24:47.062+0000[0m] {[34mlocal.py:[0m174} INFO[0m - [35m(astronomer-cosmos)[0m - Could not import dbtRunner. Falling back to subprocess for invoking dbt.[0m
[2024-07-02T15:24:47.063+0000] {log.py:232} WARNING - [[34m2024-07-02T15:24:47.062+0000[0m] {[34mlocal.py:[0m174} INFO[0m - [35m(astronomer-cosmos)[0m - Could not import dbtRunner. Falling back to subprocess for invoking dbt.[0m
[2024-07-02T15:24:47.062+0000] {local.py:174} INFO - Could not import dbtRunner. Falling back to subprocess for invoking dbt.
[2024-07-02T15:24:47.064+0000] {log.py:232} WARNING - [[34m2024-07-02T15:24:47.064+0000[0m] {[34mlocal.py:[0m292} INFO[0m - [35m(astronomer-cosmos)[0m - Cloning project to writable temp directory /tmp/tmph0biut_c from /opt/***/dossier/dbt[0m
[2024-07-02T15:24:47.064+0000] {log.py:232} WARNING - [[34m2024-07-02T15:24:47.064+0000[0m] {[34mlocal.py:[0m292} INFO[0m - [35m(astronomer-cosmos)[0m - Cloning project to writable temp directory /tmp/tmph0biut_c from /opt/***/dossier/dbt[0m
[2024-07-02T15:24:47.064+0000] {local.py:292} INFO - Cloning project to writable temp directory /tmp/tmph0biut_c from /opt/airflow/dossier/dbt
[2024-07-02T15:24:47.066+0000] {log.py:232} WARNING - [[34m2024-07-02T15:24:47.066+0000[0m] {[34mlocal.py:[0m303} INFO[0m - [35m(astronomer-cosmos)[0m - Partial parse is enabled and the latest partial parse file is /tmp/cosmos/pipeline__transform/target/partial_parse.msgpack[0m
[2024-07-02T15:24:47.067+0000] {log.py:232} WARNING - [[34m2024-07-02T15:24:47.066+0000[0m] {[34mlocal.py:[0m303} INFO[0m - [35m(astronomer-cosmos)[0m - Partial parse is enabled and the latest partial parse file is /tmp/cosmos/pipeline__transform/target/partial_parse.msgpack[0m
[2024-07-02T15:24:47.066+0000] {local.py:303} INFO - Partial parse is enabled and the latest partial parse file is /tmp/cosmos/pipeline__transform/target/partial_parse.msgpack
[2024-07-02T15:24:47.083+0000] {log.py:232} WARNING - [[34m2024-07-02T15:24:47.082+0000[0m] {[34mconfig.py:[0m288} INFO[0m - [35m(astronomer-cosmos)[0m - Using user-supplied profiles.yml at /opt/***/dossier/dbt/profiles.yml[0m
[2024-07-02T15:24:47.083+0000] {log.py:232} WARNING - [[34m2024-07-02T15:24:47.082+0000[0m] {[34mconfig.py:[0m288} INFO[0m - [35m(astronomer-cosmos)[0m - Using user-supplied profiles.yml at /opt/***/dossier/dbt/profiles.yml[0m
[2024-07-02T15:24:47.082+0000] {config.py:288} INFO - Using user-supplied profiles.yml at /opt/***/dossier/dbt/profiles.yml
[2024-07-02T15:24:47.084+0000] {log.py:232} WARNING - [[34m2024-07-02T15:24:47.084+0000[0m] {[34mlocal.py:[0m247} INFO[0m - [35m(astronomer-cosmos)[0m - Trying to run the command:
 ['/opt/***/dbt_env/bin/dbt', 'run', '--models', 'dim_datetime', '--project-dir', '/tmp/tmph0biut_c', '--profiles-dir', '/opt/***/dossier/dbt', '--profile', '***', '--target', 'dev']
From /tmp/tmph0biut_c[0m
[2024-07-02T15:24:47.085+0000] {log.py:232} WARNING - [[34m2024-07-02T15:24:47.084+0000[0m] {[34mlocal.py:[0m247} INFO[0m - [35m(astronomer-cosmos)[0m - Trying to run the command:
 ['/opt/***/dbt_env/bin/dbt', 'run', '--models', 'dim_datetime', '--project-dir', '/tmp/tmph0biut_c', '--profiles-dir', '/opt/***/dossier/dbt', '--profile', '***', '--target', 'dev']
From /tmp/tmph0biut_c[0m
[2024-07-02T15:24:47.084+0000] {local.py:247} INFO - Trying to run the command:
 ['/opt/***/dbt_env/bin/dbt', 'run', '--models', 'dim_datetime', '--project-dir', '/tmp/tmph0biut_c', '--profiles-dir', '/opt/***/dossier/dbt', '--profile', '***', '--target', 'dev']
From /tmp/tmph0biut_c
[2024-07-02T15:24:47.086+0000] {log.py:232} WARNING - [[34m2024-07-02T15:24:47.085+0000[0m] {[34msubprocess.py:[0m60} INFO[0m - [35m(astronomer-cosmos)[0m - Tmp dir root location: 
 /tmp[0m
[2024-07-02T15:24:47.086+0000] {log.py:232} WARNING - [[34m2024-07-02T15:24:47.085+0000[0m] {[34msubprocess.py:[0m60} INFO[0m - [35m(astronomer-cosmos)[0m - Tmp dir root location: 
 /tmp[0m
[2024-07-02T15:24:47.085+0000] {subprocess.py:60} INFO - Tmp dir root location: 
 /tmp
[2024-07-02T15:24:47.086+0000] {log.py:232} WARNING - [[34m2024-07-02T15:24:47.086+0000[0m] {[34msubprocess.py:[0m73} INFO[0m - [35m(astronomer-cosmos)[0m - Running command: ['/opt/***/dbt_env/bin/dbt', 'run', '--models', 'dim_datetime', '--project-dir', '/tmp/tmph0biut_c', '--profiles-dir', '/opt/***/dossier/dbt', '--profile', '***', '--target', 'dev'][0m
[2024-07-02T15:24:47.087+0000] {log.py:232} WARNING - [[34m2024-07-02T15:24:47.086+0000[0m] {[34msubprocess.py:[0m73} INFO[0m - [35m(astronomer-cosmos)[0m - Running command: ['/opt/***/dbt_env/bin/dbt', 'run', '--models', 'dim_datetime', '--project-dir', '/tmp/tmph0biut_c', '--profiles-dir', '/opt/***/dossier/dbt', '--profile', '***', '--target', 'dev'][0m
[2024-07-02T15:24:47.086+0000] {subprocess.py:73} INFO - Running command: ['/opt/***/dbt_env/bin/dbt', 'run', '--models', 'dim_datetime', '--project-dir', '/tmp/tmph0biut_c', '--profiles-dir', '/opt/***/dossier/dbt', '--profile', '***', '--target', 'dev']
[2024-07-02T15:24:47.111+0000] {log.py:232} WARNING - [[34m2024-07-02T15:24:47.110+0000[0m] {[34msubprocess.py:[0m84} INFO[0m - [35m(astronomer-cosmos)[0m - Command output:[0m
[2024-07-02T15:24:47.112+0000] {log.py:232} WARNING - [[34m2024-07-02T15:24:47.110+0000[0m] {[34msubprocess.py:[0m84} INFO[0m - [35m(astronomer-cosmos)[0m - Command output:[0m
[2024-07-02T15:24:47.110+0000] {subprocess.py:84} INFO - Command output:
[2024-07-02T15:24:51.293+0000] {log.py:232} WARNING - [[34m2024-07-02T15:24:51.293+0000[0m] {[34msubprocess.py:[0m94} INFO[0m - [35m(astronomer-cosmos)[0m - [0m15:24:51  Running with dbt=1.8.3[0m
[2024-07-02T15:24:51.294+0000] {log.py:232} WARNING - [[34m2024-07-02T15:24:51.293+0000[0m] {[34msubprocess.py:[0m94} INFO[0m - [35m(astronomer-cosmos)[0m - [0m15:24:51  Running with dbt=1.8.3[0m
[2024-07-02T15:24:51.293+0000] {subprocess.py:94} INFO - [0m15:24:51  Running with dbt=1.8.3
[2024-07-02T15:24:51.844+0000] {log.py:232} WARNING - [[34m2024-07-02T15:24:51.844+0000[0m] {[34msubprocess.py:[0m94} INFO[0m - [35m(astronomer-cosmos)[0m - [0m15:24:51  Registered adapter: postgres=1.8.2[0m
[2024-07-02T15:24:51.844+0000] {log.py:232} WARNING - [[34m2024-07-02T15:24:51.844+0000[0m] {[34msubprocess.py:[0m94} INFO[0m - [35m(astronomer-cosmos)[0m - [0m15:24:51  Registered adapter: postgres=1.8.2[0m
[2024-07-02T15:24:51.844+0000] {subprocess.py:94} INFO - [0m15:24:51  Registered adapter: postgres=1.8.2
[2024-07-02T15:24:52.545+0000] {log.py:232} WARNING - [[34m2024-07-02T15:24:52.544+0000[0m] {[34msubprocess.py:[0m94} INFO[0m - [35m(astronomer-cosmos)[0m - [0m15:24:52  Found 4 models, 2 sources, 529 macros[0m
[2024-07-02T15:24:52.545+0000] {log.py:232} WARNING - [[34m2024-07-02T15:24:52.544+0000[0m] {[34msubprocess.py:[0m94} INFO[0m - [35m(astronomer-cosmos)[0m - [0m15:24:52  Found 4 models, 2 sources, 529 macros[0m
[2024-07-02T15:24:52.544+0000] {subprocess.py:94} INFO - [0m15:24:52  Found 4 models, 2 sources, 529 macros
[2024-07-02T15:24:52.548+0000] {log.py:232} WARNING - [[34m2024-07-02T15:24:52.548+0000[0m] {[34msubprocess.py:[0m94} INFO[0m - [35m(astronomer-cosmos)[0m - [0m15:24:52[0m
[2024-07-02T15:24:52.549+0000] {log.py:232} WARNING - [[34m2024-07-02T15:24:52.548+0000[0m] {[34msubprocess.py:[0m94} INFO[0m - [35m(astronomer-cosmos)[0m - [0m15:24:52[0m
[2024-07-02T15:24:52.548+0000] {subprocess.py:94} INFO - [0m15:24:52
[2024-07-02T15:24:52.773+0000] {log.py:232} WARNING - [[34m2024-07-02T15:24:52.773+0000[0m] {[34msubprocess.py:[0m94} INFO[0m - [35m(astronomer-cosmos)[0m - [0m15:24:52  Concurrency: 1 threads (target='dev')[0m
[2024-07-02T15:24:52.774+0000] {log.py:232} WARNING - [[34m2024-07-02T15:24:52.773+0000[0m] {[34msubprocess.py:[0m94} INFO[0m - [35m(astronomer-cosmos)[0m - [0m15:24:52  Concurrency: 1 threads (target='dev')[0m
[2024-07-02T15:24:52.773+0000] {subprocess.py:94} INFO - [0m15:24:52  Concurrency: 1 threads (target='dev')
[2024-07-02T15:24:52.775+0000] {log.py:232} WARNING - [[34m2024-07-02T15:24:52.775+0000[0m] {[34msubprocess.py:[0m94} INFO[0m - [35m(astronomer-cosmos)[0m - [0m15:24:52[0m
[2024-07-02T15:24:52.775+0000] {log.py:232} WARNING - [[34m2024-07-02T15:24:52.775+0000[0m] {[34msubprocess.py:[0m94} INFO[0m - [35m(astronomer-cosmos)[0m - [0m15:24:52[0m
[2024-07-02T15:24:52.775+0000] {subprocess.py:94} INFO - [0m15:24:52
[2024-07-02T15:24:52.794+0000] {log.py:232} WARNING - [[34m2024-07-02T15:24:52.794+0000[0m] {[34msubprocess.py:[0m94} INFO[0m - [35m(astronomer-cosmos)[0m - [0m15:24:52  1 of 1 START sql table model public.dim_datetime ............................... [RUN][0m
[2024-07-02T15:24:52.795+0000] {log.py:232} WARNING - [[34m2024-07-02T15:24:52.794+0000[0m] {[34msubprocess.py:[0m94} INFO[0m - [35m(astronomer-cosmos)[0m - [0m15:24:52  1 of 1 START sql table model public.dim_datetime ............................... [RUN][0m
[2024-07-02T15:24:52.794+0000] {subprocess.py:94} INFO - [0m15:24:52  1 of 1 START sql table model public.dim_datetime ............................... [RUN]
[2024-07-02T15:24:53.948+0000] {log.py:232} WARNING - [[34m2024-07-02T15:24:53.948+0000[0m] {[34msubprocess.py:[0m94} INFO[0m - [35m(astronomer-cosmos)[0m - [0m15:24:53  1 of 1 OK created sql table model public.dim_datetime .......................... [[32mSELECT 23260[0m in 1.15s][0m
[2024-07-02T15:24:53.948+0000] {log.py:232} WARNING - [[34m2024-07-02T15:24:53.948+0000[0m] {[34msubprocess.py:[0m94} INFO[0m - [35m(astronomer-cosmos)[0m - [0m15:24:53  1 of 1 OK created sql table model public.dim_datetime .......................... [[32mSELECT 23260[0m in 1.15s][0m
[2024-07-02T15:24:53.948+0000] {subprocess.py:94} INFO - [0m15:24:53  1 of 1 OK created sql table model public.dim_datetime .......................... [[32mSELECT 23260[0m in 1.15s]
[2024-07-02T15:24:53.963+0000] {log.py:232} WARNING - [[34m2024-07-02T15:24:53.963+0000[0m] {[34msubprocess.py:[0m94} INFO[0m - [35m(astronomer-cosmos)[0m - [0m15:24:53[0m
[2024-07-02T15:24:53.964+0000] {log.py:232} WARNING - [[34m2024-07-02T15:24:53.963+0000[0m] {[34msubprocess.py:[0m94} INFO[0m - [35m(astronomer-cosmos)[0m - [0m15:24:53[0m
[2024-07-02T15:24:53.963+0000] {subprocess.py:94} INFO - [0m15:24:53
[2024-07-02T15:24:53.964+0000] {log.py:232} WARNING - [[34m2024-07-02T15:24:53.964+0000[0m] {[34msubprocess.py:[0m94} INFO[0m - [35m(astronomer-cosmos)[0m - [0m15:24:53  Finished running 1 table model in 0 hours 0 minutes and 1.41 seconds (1.41s).[0m
[2024-07-02T15:24:53.964+0000] {log.py:232} WARNING - [[34m2024-07-02T15:24:53.964+0000[0m] {[34msubprocess.py:[0m94} INFO[0m - [35m(astronomer-cosmos)[0m - [0m15:24:53  Finished running 1 table model in 0 hours 0 minutes and 1.41 seconds (1.41s).[0m
[2024-07-02T15:24:53.964+0000] {subprocess.py:94} INFO - [0m15:24:53  Finished running 1 table model in 0 hours 0 minutes and 1.41 seconds (1.41s).
[2024-07-02T15:24:54.024+0000] {log.py:232} WARNING - [[34m2024-07-02T15:24:54.023+0000[0m] {[34msubprocess.py:[0m94} INFO[0m - [35m(astronomer-cosmos)[0m - [0m15:24:54[0m
[2024-07-02T15:24:54.024+0000] {log.py:232} WARNING - [[34m2024-07-02T15:24:54.023+0000[0m] {[34msubprocess.py:[0m94} INFO[0m - [35m(astronomer-cosmos)[0m - [0m15:24:54[0m
[2024-07-02T15:24:54.023+0000] {subprocess.py:94} INFO - [0m15:24:54
[2024-07-02T15:24:54.024+0000] {log.py:232} WARNING - [[34m2024-07-02T15:24:54.024+0000[0m] {[34msubprocess.py:[0m94} INFO[0m - [35m(astronomer-cosmos)[0m - [0m15:24:54  [32mCompleted successfully[0m[0m
[2024-07-02T15:24:54.025+0000] {log.py:232} WARNING - [[34m2024-07-02T15:24:54.024+0000[0m] {[34msubprocess.py:[0m94} INFO[0m - [35m(astronomer-cosmos)[0m - [0m15:24:54  [32mCompleted successfully[0m[0m
[2024-07-02T15:24:54.024+0000] {subprocess.py:94} INFO - [0m15:24:54  [32mCompleted successfully[0m
[2024-07-02T15:24:54.025+0000] {log.py:232} WARNING - [[34m2024-07-02T15:24:54.025+0000[0m] {[34msubprocess.py:[0m94} INFO[0m - [35m(astronomer-cosmos)[0m - [0m15:24:54[0m
[2024-07-02T15:24:54.026+0000] {log.py:232} WARNING - [[34m2024-07-02T15:24:54.025+0000[0m] {[34msubprocess.py:[0m94} INFO[0m - [35m(astronomer-cosmos)[0m - [0m15:24:54[0m
[2024-07-02T15:24:54.025+0000] {subprocess.py:94} INFO - [0m15:24:54
[2024-07-02T15:24:54.027+0000] {log.py:232} WARNING - [[34m2024-07-02T15:24:54.026+0000[0m] {[34msubprocess.py:[0m94} INFO[0m - [35m(astronomer-cosmos)[0m - [0m15:24:54  Done. PASS=1 WARN=0 ERROR=0 SKIP=0 TOTAL=1[0m
[2024-07-02T15:24:54.027+0000] {log.py:232} WARNING - [[34m2024-07-02T15:24:54.026+0000[0m] {[34msubprocess.py:[0m94} INFO[0m - [35m(astronomer-cosmos)[0m - [0m15:24:54  Done. PASS=1 WARN=0 ERROR=0 SKIP=0 TOTAL=1[0m
[2024-07-02T15:24:54.026+0000] {subprocess.py:94} INFO - [0m15:24:54  Done. PASS=1 WARN=0 ERROR=0 SKIP=0 TOTAL=1
[2024-07-02T15:24:55.106+0000] {log.py:232} WARNING - [[34m2024-07-02T15:24:55.105+0000[0m] {[34msubprocess.py:[0m98} INFO[0m - [35m(astronomer-cosmos)[0m - Command exited with return code 0[0m
[2024-07-02T15:24:55.106+0000] {log.py:232} WARNING - [[34m2024-07-02T15:24:55.105+0000[0m] {[34msubprocess.py:[0m98} INFO[0m - [35m(astronomer-cosmos)[0m - Command exited with return code 0[0m
[2024-07-02T15:24:55.105+0000] {subprocess.py:98} INFO - Command exited with return code 0
[2024-07-02T15:24:55.107+0000] {log.py:232} WARNING - [[34m2024-07-02T15:24:55.107+0000[0m] {[34mlocal.py:[0m254} INFO[0m - [35m(astronomer-cosmos)[0m - [0m15:24:54  Done. PASS=1 WARN=0 ERROR=0 SKIP=0 TOTAL=1[0m
[2024-07-02T15:24:55.107+0000] {log.py:232} WARNING - [[34m2024-07-02T15:24:55.107+0000[0m] {[34mlocal.py:[0m254} INFO[0m - [35m(astronomer-cosmos)[0m - [0m15:24:54  Done. PASS=1 WARN=0 ERROR=0 SKIP=0 TOTAL=1[0m
[2024-07-02T15:24:55.107+0000] {local.py:254} INFO - [0m15:24:54  Done. PASS=1 WARN=0 ERROR=0 SKIP=0 TOTAL=1
[2024-07-02T15:24:55.119+0000] {local.py:138} WARNING - Artifact schema version: https://schemas.getdbt.com/dbt/manifest/v12.json is above dbt-ol supported version 7. This might cause errors.
[2024-07-02T15:24:55.119+0000] {local.py:138} WARNING - Artifact schema version: https://schemas.getdbt.com/dbt/run-results/v6.json is above dbt-ol supported version 5. This might cause errors.
[2024-07-02T15:24:55.125+0000] {log.py:232} WARNING - [[34m2024-07-02T15:24:55.125+0000[0m] {[34mlocal.py:[0m349} INFO[0m - [35m(astronomer-cosmos)[0m - Inlets: [][0m
[2024-07-02T15:24:55.125+0000] {log.py:232} WARNING - [[34m2024-07-02T15:24:55.125+0000[0m] {[34mlocal.py:[0m349} INFO[0m - [35m(astronomer-cosmos)[0m - Inlets: [][0m
[2024-07-02T15:24:55.125+0000] {local.py:349} INFO - Inlets: []
[2024-07-02T15:24:55.126+0000] {log.py:232} WARNING - [[34m2024-07-02T15:24:55.125+0000[0m] {[34mlocal.py:[0m350} INFO[0m - [35m(astronomer-cosmos)[0m - Outlets: [Dataset(uri='postgres://postgres:5432/***.public.dim_datetime', extra=None)][0m
[2024-07-02T15:24:55.126+0000] {log.py:232} WARNING - [[34m2024-07-02T15:24:55.125+0000[0m] {[34mlocal.py:[0m350} INFO[0m - [35m(astronomer-cosmos)[0m - Outlets: [Dataset(uri='postgres://postgres:5432/***.public.dim_datetime', extra=None)][0m
[2024-07-02T15:24:55.125+0000] {local.py:350} INFO - Outlets: [Dataset(uri='postgres://postgres:5432/airflow.public.dim_datetime', extra=None)]
[2024-07-02T15:24:55.127+0000] {dag.py:3033} INFO - Sync 1 DAGs
[2024-07-02T15:24:55.157+0000] {dag.py:3820} INFO - Setting next_dagrun for pipeline to 2024-07-02T00:00:00+00:00, run_after=2024-07-03T00:00:00+00:00
[2024-07-02T15:24:55.195+0000] {warnings.py:109} WARNING - /home/***/.local/lib/python3.8/site-packages/***/models/baseoperator.py:1476: RemovedInAirflow3Warning: Passing 'execution_date' to 'TaskInstance.xcom_push()' is deprecated.
  context["ti"].xcom_push(key=key, value=value, execution_date=execution_date)

[2024-07-02T15:24:55.220+0000] {taskinstance.py:1138} INFO - Marking task as SUCCESS. dag_id=pipeline, task_id=transform.dim_datetime_run, execution_date=20240702T152432, start_date=20240702T152446, end_date=20240702T152455
[2024-07-02T15:24:55.255+0000] {local_task_job_runner.py:234} INFO - Task exited with return code 0
[2024-07-02T15:24:55.282+0000] {taskinstance.py:3281} INFO - 0 downstream tasks scheduled from follow-on schedule check
