[2024-07-02T15:24:57.784+0000] {taskinstance.py:1957} INFO - Dependencies all met for dep_context=non-requeueable deps ti=<TaskInstance: pipeline.transform.fct_invoices_run manual__2024-07-02T15:24:32.726421+00:00 [queued]>
[2024-07-02T15:24:57.797+0000] {taskinstance.py:1957} INFO - Dependencies all met for dep_context=requeueable deps ti=<TaskInstance: pipeline.transform.fct_invoices_run manual__2024-07-02T15:24:32.726421+00:00 [queued]>
[2024-07-02T15:24:57.797+0000] {taskinstance.py:2171} INFO - Starting attempt 1 of 1
[2024-07-02T15:24:57.818+0000] {taskinstance.py:2192} INFO - Executing <Task(DbtRunLocalOperator): transform.fct_invoices_run> on 2024-07-02 15:24:32.726421+00:00
[2024-07-02T15:24:57.829+0000] {standard_task_runner.py:60} INFO - Started process 1128 to run task
[2024-07-02T15:24:57.834+0000] {standard_task_runner.py:87} INFO - Running: ['***', 'tasks', 'run', 'pipeline', 'transform.fct_invoices_run', 'manual__2024-07-02T15:24:32.726421+00:00', '--job-id', '21', '--raw', '--subdir', 'DAGS_FOLDER/pipeline.py', '--cfg-path', '/tmp/tmpuztfjyu6']
[2024-07-02T15:24:57.836+0000] {standard_task_runner.py:88} INFO - Job 21: Subtask transform.fct_invoices_run
[2024-07-02T15:24:57.882+0000] {task_command.py:423} INFO - Running <TaskInstance: pipeline.transform.fct_invoices_run manual__2024-07-02T15:24:32.726421+00:00 [running]> on host e21b7712e0d7
[2024-07-02T15:24:57.951+0000] {taskinstance.py:2481} INFO - Exporting env vars: AIRFLOW_CTX_DAG_OWNER='***' AIRFLOW_CTX_DAG_ID='pipeline' AIRFLOW_CTX_TASK_ID='transform.fct_invoices_run' AIRFLOW_CTX_EXECUTION_DATE='2024-07-02T15:24:32.726421+00:00' AIRFLOW_CTX_TRY_NUMBER='1' AIRFLOW_CTX_DAG_RUN_ID='manual__2024-07-02T15:24:32.726421+00:00'
[2024-07-02T15:24:57.953+0000] {log.py:232} WARNING - [[34m2024-07-02T15:24:57.953+0000[0m] {[34mlocal.py:[0m174} INFO[0m - [35m(astronomer-cosmos)[0m - Could not import dbtRunner. Falling back to subprocess for invoking dbt.[0m
[2024-07-02T15:24:57.953+0000] {log.py:232} WARNING - [[34m2024-07-02T15:24:57.953+0000[0m] {[34mlocal.py:[0m174} INFO[0m - [35m(astronomer-cosmos)[0m - Could not import dbtRunner. Falling back to subprocess for invoking dbt.[0m
[2024-07-02T15:24:57.953+0000] {local.py:174} INFO - Could not import dbtRunner. Falling back to subprocess for invoking dbt.
[2024-07-02T15:24:57.954+0000] {log.py:232} WARNING - [[34m2024-07-02T15:24:57.954+0000[0m] {[34mlocal.py:[0m292} INFO[0m - [35m(astronomer-cosmos)[0m - Cloning project to writable temp directory /tmp/tmp7qujnfwt from /opt/***/dossier/dbt[0m
[2024-07-02T15:24:57.954+0000] {log.py:232} WARNING - [[34m2024-07-02T15:24:57.954+0000[0m] {[34mlocal.py:[0m292} INFO[0m - [35m(astronomer-cosmos)[0m - Cloning project to writable temp directory /tmp/tmp7qujnfwt from /opt/***/dossier/dbt[0m
[2024-07-02T15:24:57.954+0000] {local.py:292} INFO - Cloning project to writable temp directory /tmp/tmp7qujnfwt from /opt/airflow/dossier/dbt
[2024-07-02T15:24:57.955+0000] {log.py:232} WARNING - [[34m2024-07-02T15:24:57.955+0000[0m] {[34mlocal.py:[0m303} INFO[0m - [35m(astronomer-cosmos)[0m - Partial parse is enabled and the latest partial parse file is /tmp/cosmos/pipeline__transform/target/partial_parse.msgpack[0m
[2024-07-02T15:24:57.956+0000] {log.py:232} WARNING - [[34m2024-07-02T15:24:57.955+0000[0m] {[34mlocal.py:[0m303} INFO[0m - [35m(astronomer-cosmos)[0m - Partial parse is enabled and the latest partial parse file is /tmp/cosmos/pipeline__transform/target/partial_parse.msgpack[0m
[2024-07-02T15:24:57.955+0000] {local.py:303} INFO - Partial parse is enabled and the latest partial parse file is /tmp/cosmos/pipeline__transform/target/partial_parse.msgpack
[2024-07-02T15:24:57.965+0000] {log.py:232} WARNING - [[34m2024-07-02T15:24:57.965+0000[0m] {[34mconfig.py:[0m288} INFO[0m - [35m(astronomer-cosmos)[0m - Using user-supplied profiles.yml at /opt/***/dossier/dbt/profiles.yml[0m
[2024-07-02T15:24:57.965+0000] {log.py:232} WARNING - [[34m2024-07-02T15:24:57.965+0000[0m] {[34mconfig.py:[0m288} INFO[0m - [35m(astronomer-cosmos)[0m - Using user-supplied profiles.yml at /opt/***/dossier/dbt/profiles.yml[0m
[2024-07-02T15:24:57.965+0000] {config.py:288} INFO - Using user-supplied profiles.yml at /opt/***/dossier/dbt/profiles.yml
[2024-07-02T15:24:57.966+0000] {log.py:232} WARNING - [[34m2024-07-02T15:24:57.966+0000[0m] {[34mlocal.py:[0m247} INFO[0m - [35m(astronomer-cosmos)[0m - Trying to run the command:
 ['/opt/***/dbt_env/bin/dbt', 'run', '--models', 'fct_invoices', '--project-dir', '/tmp/tmp7qujnfwt', '--profiles-dir', '/opt/***/dossier/dbt', '--profile', '***', '--target', 'dev']
From /tmp/tmp7qujnfwt[0m
[2024-07-02T15:24:57.966+0000] {log.py:232} WARNING - [[34m2024-07-02T15:24:57.966+0000[0m] {[34mlocal.py:[0m247} INFO[0m - [35m(astronomer-cosmos)[0m - Trying to run the command:
 ['/opt/***/dbt_env/bin/dbt', 'run', '--models', 'fct_invoices', '--project-dir', '/tmp/tmp7qujnfwt', '--profiles-dir', '/opt/***/dossier/dbt', '--profile', '***', '--target', 'dev']
From /tmp/tmp7qujnfwt[0m
[2024-07-02T15:24:57.966+0000] {local.py:247} INFO - Trying to run the command:
 ['/opt/***/dbt_env/bin/dbt', 'run', '--models', 'fct_invoices', '--project-dir', '/tmp/tmp7qujnfwt', '--profiles-dir', '/opt/***/dossier/dbt', '--profile', '***', '--target', 'dev']
From /tmp/tmp7qujnfwt
[2024-07-02T15:24:57.967+0000] {log.py:232} WARNING - [[34m2024-07-02T15:24:57.967+0000[0m] {[34msubprocess.py:[0m60} INFO[0m - [35m(astronomer-cosmos)[0m - Tmp dir root location: 
 /tmp[0m
[2024-07-02T15:24:57.967+0000] {log.py:232} WARNING - [[34m2024-07-02T15:24:57.967+0000[0m] {[34msubprocess.py:[0m60} INFO[0m - [35m(astronomer-cosmos)[0m - Tmp dir root location: 
 /tmp[0m
[2024-07-02T15:24:57.967+0000] {subprocess.py:60} INFO - Tmp dir root location: 
 /tmp
[2024-07-02T15:24:57.967+0000] {log.py:232} WARNING - [[34m2024-07-02T15:24:57.967+0000[0m] {[34msubprocess.py:[0m73} INFO[0m - [35m(astronomer-cosmos)[0m - Running command: ['/opt/***/dbt_env/bin/dbt', 'run', '--models', 'fct_invoices', '--project-dir', '/tmp/tmp7qujnfwt', '--profiles-dir', '/opt/***/dossier/dbt', '--profile', '***', '--target', 'dev'][0m
[2024-07-02T15:24:57.968+0000] {log.py:232} WARNING - [[34m2024-07-02T15:24:57.967+0000[0m] {[34msubprocess.py:[0m73} INFO[0m - [35m(astronomer-cosmos)[0m - Running command: ['/opt/***/dbt_env/bin/dbt', 'run', '--models', 'fct_invoices', '--project-dir', '/tmp/tmp7qujnfwt', '--profiles-dir', '/opt/***/dossier/dbt', '--profile', '***', '--target', 'dev'][0m
[2024-07-02T15:24:57.967+0000] {subprocess.py:73} INFO - Running command: ['/opt/***/dbt_env/bin/dbt', 'run', '--models', 'fct_invoices', '--project-dir', '/tmp/tmp7qujnfwt', '--profiles-dir', '/opt/***/dossier/dbt', '--profile', '***', '--target', 'dev']
[2024-07-02T15:24:57.982+0000] {log.py:232} WARNING - [[34m2024-07-02T15:24:57.982+0000[0m] {[34msubprocess.py:[0m84} INFO[0m - [35m(astronomer-cosmos)[0m - Command output:[0m
[2024-07-02T15:24:57.982+0000] {log.py:232} WARNING - [[34m2024-07-02T15:24:57.982+0000[0m] {[34msubprocess.py:[0m84} INFO[0m - [35m(astronomer-cosmos)[0m - Command output:[0m
[2024-07-02T15:24:57.982+0000] {subprocess.py:84} INFO - Command output:
[2024-07-02T15:24:59.815+0000] {log.py:232} WARNING - [[34m2024-07-02T15:24:59.815+0000[0m] {[34msubprocess.py:[0m94} INFO[0m - [35m(astronomer-cosmos)[0m - [0m15:24:59  Running with dbt=1.8.3[0m
[2024-07-02T15:24:59.816+0000] {log.py:232} WARNING - [[34m2024-07-02T15:24:59.815+0000[0m] {[34msubprocess.py:[0m94} INFO[0m - [35m(astronomer-cosmos)[0m - [0m15:24:59  Running with dbt=1.8.3[0m
[2024-07-02T15:24:59.815+0000] {subprocess.py:94} INFO - [0m15:24:59  Running with dbt=1.8.3
[2024-07-02T15:25:00.163+0000] {log.py:232} WARNING - [[34m2024-07-02T15:25:00.163+0000[0m] {[34msubprocess.py:[0m94} INFO[0m - [35m(astronomer-cosmos)[0m - [0m15:25:00  Registered adapter: postgres=1.8.2[0m
[2024-07-02T15:25:00.164+0000] {log.py:232} WARNING - [[34m2024-07-02T15:25:00.163+0000[0m] {[34msubprocess.py:[0m94} INFO[0m - [35m(astronomer-cosmos)[0m - [0m15:25:00  Registered adapter: postgres=1.8.2[0m
[2024-07-02T15:25:00.163+0000] {subprocess.py:94} INFO - [0m15:25:00  Registered adapter: postgres=1.8.2
[2024-07-02T15:25:00.774+0000] {log.py:232} WARNING - [[34m2024-07-02T15:25:00.774+0000[0m] {[34msubprocess.py:[0m94} INFO[0m - [35m(astronomer-cosmos)[0m - [0m15:25:00  Found 4 models, 2 sources, 529 macros[0m
[2024-07-02T15:25:00.775+0000] {log.py:232} WARNING - [[34m2024-07-02T15:25:00.774+0000[0m] {[34msubprocess.py:[0m94} INFO[0m - [35m(astronomer-cosmos)[0m - [0m15:25:00  Found 4 models, 2 sources, 529 macros[0m
[2024-07-02T15:25:00.774+0000] {subprocess.py:94} INFO - [0m15:25:00  Found 4 models, 2 sources, 529 macros
[2024-07-02T15:25:00.779+0000] {log.py:232} WARNING - [[34m2024-07-02T15:25:00.778+0000[0m] {[34msubprocess.py:[0m94} INFO[0m - [35m(astronomer-cosmos)[0m - [0m15:25:00[0m
[2024-07-02T15:25:00.779+0000] {log.py:232} WARNING - [[34m2024-07-02T15:25:00.778+0000[0m] {[34msubprocess.py:[0m94} INFO[0m - [35m(astronomer-cosmos)[0m - [0m15:25:00[0m
[2024-07-02T15:25:00.778+0000] {subprocess.py:94} INFO - [0m15:25:00
[2024-07-02T15:25:01.038+0000] {log.py:232} WARNING - [[34m2024-07-02T15:25:01.038+0000[0m] {[34msubprocess.py:[0m94} INFO[0m - [35m(astronomer-cosmos)[0m - [0m15:25:01  Concurrency: 1 threads (target='dev')[0m
[2024-07-02T15:25:01.038+0000] {log.py:232} WARNING - [[34m2024-07-02T15:25:01.038+0000[0m] {[34msubprocess.py:[0m94} INFO[0m - [35m(astronomer-cosmos)[0m - [0m15:25:01  Concurrency: 1 threads (target='dev')[0m
[2024-07-02T15:25:01.038+0000] {subprocess.py:94} INFO - [0m15:25:01  Concurrency: 1 threads (target='dev')
[2024-07-02T15:25:01.039+0000] {log.py:232} WARNING - [[34m2024-07-02T15:25:01.039+0000[0m] {[34msubprocess.py:[0m94} INFO[0m - [35m(astronomer-cosmos)[0m - [0m15:25:01[0m
[2024-07-02T15:25:01.039+0000] {log.py:232} WARNING - [[34m2024-07-02T15:25:01.039+0000[0m] {[34msubprocess.py:[0m94} INFO[0m - [35m(astronomer-cosmos)[0m - [0m15:25:01[0m
[2024-07-02T15:25:01.039+0000] {subprocess.py:94} INFO - [0m15:25:01
[2024-07-02T15:25:01.060+0000] {log.py:232} WARNING - [[34m2024-07-02T15:25:01.060+0000[0m] {[34msubprocess.py:[0m94} INFO[0m - [35m(astronomer-cosmos)[0m - [0m15:25:01  1 of 1 START sql table model public.fct_invoices ............................... [RUN][0m
[2024-07-02T15:25:01.060+0000] {log.py:232} WARNING - [[34m2024-07-02T15:25:01.060+0000[0m] {[34msubprocess.py:[0m94} INFO[0m - [35m(astronomer-cosmos)[0m - [0m15:25:01  1 of 1 START sql table model public.fct_invoices ............................... [RUN][0m
[2024-07-02T15:25:01.060+0000] {subprocess.py:94} INFO - [0m15:25:01  1 of 1 START sql table model public.fct_invoices ............................... [RUN]
[2024-07-02T15:25:15.730+0000] {log.py:232} WARNING - [[34m2024-07-02T15:25:15.730+0000[0m] {[34msubprocess.py:[0m94} INFO[0m - [35m(astronomer-cosmos)[0m - [0m15:25:15  1 of 1 OK created sql table model public.fct_invoices .......................... [[32mSELECT 2353208[0m in 14.67s][0m
[2024-07-02T15:25:15.731+0000] {log.py:232} WARNING - [[34m2024-07-02T15:25:15.730+0000[0m] {[34msubprocess.py:[0m94} INFO[0m - [35m(astronomer-cosmos)[0m - [0m15:25:15  1 of 1 OK created sql table model public.fct_invoices .......................... [[32mSELECT 2353208[0m in 14.67s][0m
[2024-07-02T15:25:15.730+0000] {subprocess.py:94} INFO - [0m15:25:15  1 of 1 OK created sql table model public.fct_invoices .......................... [[32mSELECT 2353208[0m in 14.67s]
[2024-07-02T15:25:15.744+0000] {log.py:232} WARNING - [[34m2024-07-02T15:25:15.744+0000[0m] {[34msubprocess.py:[0m94} INFO[0m - [35m(astronomer-cosmos)[0m - [0m15:25:15[0m
[2024-07-02T15:25:15.745+0000] {log.py:232} WARNING - [[34m2024-07-02T15:25:15.744+0000[0m] {[34msubprocess.py:[0m94} INFO[0m - [35m(astronomer-cosmos)[0m - [0m15:25:15[0m
[2024-07-02T15:25:15.744+0000] {subprocess.py:94} INFO - [0m15:25:15
[2024-07-02T15:25:15.745+0000] {log.py:232} WARNING - [[34m2024-07-02T15:25:15.745+0000[0m] {[34msubprocess.py:[0m94} INFO[0m - [35m(astronomer-cosmos)[0m - [0m15:25:15  Finished running 1 table model in 0 hours 0 minutes and 14.97 seconds (14.97s).[0m
[2024-07-02T15:25:15.745+0000] {log.py:232} WARNING - [[34m2024-07-02T15:25:15.745+0000[0m] {[34msubprocess.py:[0m94} INFO[0m - [35m(astronomer-cosmos)[0m - [0m15:25:15  Finished running 1 table model in 0 hours 0 minutes and 14.97 seconds (14.97s).[0m
[2024-07-02T15:25:15.745+0000] {subprocess.py:94} INFO - [0m15:25:15  Finished running 1 table model in 0 hours 0 minutes and 14.97 seconds (14.97s).
[2024-07-02T15:25:15.803+0000] {log.py:232} WARNING - [[34m2024-07-02T15:25:15.803+0000[0m] {[34msubprocess.py:[0m94} INFO[0m - [35m(astronomer-cosmos)[0m - [0m15:25:15[0m
[2024-07-02T15:25:15.803+0000] {log.py:232} WARNING - [[34m2024-07-02T15:25:15.803+0000[0m] {[34msubprocess.py:[0m94} INFO[0m - [35m(astronomer-cosmos)[0m - [0m15:25:15[0m
[2024-07-02T15:25:15.803+0000] {subprocess.py:94} INFO - [0m15:25:15
[2024-07-02T15:25:15.804+0000] {log.py:232} WARNING - [[34m2024-07-02T15:25:15.803+0000[0m] {[34msubprocess.py:[0m94} INFO[0m - [35m(astronomer-cosmos)[0m - [0m15:25:15  [32mCompleted successfully[0m[0m
[2024-07-02T15:25:15.804+0000] {log.py:232} WARNING - [[34m2024-07-02T15:25:15.803+0000[0m] {[34msubprocess.py:[0m94} INFO[0m - [35m(astronomer-cosmos)[0m - [0m15:25:15  [32mCompleted successfully[0m[0m
[2024-07-02T15:25:15.803+0000] {subprocess.py:94} INFO - [0m15:25:15  [32mCompleted successfully[0m
[2024-07-02T15:25:15.804+0000] {log.py:232} WARNING - [[34m2024-07-02T15:25:15.804+0000[0m] {[34msubprocess.py:[0m94} INFO[0m - [35m(astronomer-cosmos)[0m - [0m15:25:15[0m
[2024-07-02T15:25:15.804+0000] {log.py:232} WARNING - [[34m2024-07-02T15:25:15.804+0000[0m] {[34msubprocess.py:[0m94} INFO[0m - [35m(astronomer-cosmos)[0m - [0m15:25:15[0m
[2024-07-02T15:25:15.804+0000] {subprocess.py:94} INFO - [0m15:25:15
[2024-07-02T15:25:15.805+0000] {log.py:232} WARNING - [[34m2024-07-02T15:25:15.805+0000[0m] {[34msubprocess.py:[0m94} INFO[0m - [35m(astronomer-cosmos)[0m - [0m15:25:15  Done. PASS=1 WARN=0 ERROR=0 SKIP=0 TOTAL=1[0m
[2024-07-02T15:25:15.805+0000] {log.py:232} WARNING - [[34m2024-07-02T15:25:15.805+0000[0m] {[34msubprocess.py:[0m94} INFO[0m - [35m(astronomer-cosmos)[0m - [0m15:25:15  Done. PASS=1 WARN=0 ERROR=0 SKIP=0 TOTAL=1[0m
[2024-07-02T15:25:15.805+0000] {subprocess.py:94} INFO - [0m15:25:15  Done. PASS=1 WARN=0 ERROR=0 SKIP=0 TOTAL=1
[2024-07-02T15:25:17.060+0000] {log.py:232} WARNING - [[34m2024-07-02T15:25:17.060+0000[0m] {[34msubprocess.py:[0m98} INFO[0m - [35m(astronomer-cosmos)[0m - Command exited with return code 0[0m
[2024-07-02T15:25:17.061+0000] {log.py:232} WARNING - [[34m2024-07-02T15:25:17.060+0000[0m] {[34msubprocess.py:[0m98} INFO[0m - [35m(astronomer-cosmos)[0m - Command exited with return code 0[0m
[2024-07-02T15:25:17.060+0000] {subprocess.py:98} INFO - Command exited with return code 0
[2024-07-02T15:25:17.061+0000] {log.py:232} WARNING - [[34m2024-07-02T15:25:17.061+0000[0m] {[34mlocal.py:[0m254} INFO[0m - [35m(astronomer-cosmos)[0m - [0m15:25:15  Done. PASS=1 WARN=0 ERROR=0 SKIP=0 TOTAL=1[0m
[2024-07-02T15:25:17.061+0000] {log.py:232} WARNING - [[34m2024-07-02T15:25:17.061+0000[0m] {[34mlocal.py:[0m254} INFO[0m - [35m(astronomer-cosmos)[0m - [0m15:25:15  Done. PASS=1 WARN=0 ERROR=0 SKIP=0 TOTAL=1[0m
[2024-07-02T15:25:17.061+0000] {local.py:254} INFO - [0m15:25:15  Done. PASS=1 WARN=0 ERROR=0 SKIP=0 TOTAL=1
[2024-07-02T15:25:17.072+0000] {local.py:138} WARNING - Artifact schema version: https://schemas.getdbt.com/dbt/manifest/v12.json is above dbt-ol supported version 7. This might cause errors.
[2024-07-02T15:25:17.073+0000] {local.py:138} WARNING - Artifact schema version: https://schemas.getdbt.com/dbt/run-results/v6.json is above dbt-ol supported version 5. This might cause errors.
[2024-07-02T15:25:17.077+0000] {log.py:232} WARNING - [[34m2024-07-02T15:25:17.077+0000[0m] {[34mlocal.py:[0m349} INFO[0m - [35m(astronomer-cosmos)[0m - Inlets: [Dataset(uri='postgres://postgres:5432/***.public.dim_customer', extra=None), Dataset(uri='postgres://postgres:5432/***.public.dim_datetime', extra=None), Dataset(uri='postgres://postgres:5432/***.public.dim_product', extra=None)][0m
[2024-07-02T15:25:17.077+0000] {log.py:232} WARNING - [[34m2024-07-02T15:25:17.077+0000[0m] {[34mlocal.py:[0m349} INFO[0m - [35m(astronomer-cosmos)[0m - Inlets: [Dataset(uri='postgres://postgres:5432/***.public.dim_customer', extra=None), Dataset(uri='postgres://postgres:5432/***.public.dim_datetime', extra=None), Dataset(uri='postgres://postgres:5432/***.public.dim_product', extra=None)][0m
[2024-07-02T15:25:17.077+0000] {local.py:349} INFO - Inlets: [Dataset(uri='postgres://postgres:5432/airflow.public.dim_customer', extra=None), Dataset(uri='postgres://postgres:5432/airflow.public.dim_datetime', extra=None), Dataset(uri='postgres://postgres:5432/airflow.public.dim_product', extra=None)]
[2024-07-02T15:25:17.078+0000] {log.py:232} WARNING - [[34m2024-07-02T15:25:17.078+0000[0m] {[34mlocal.py:[0m350} INFO[0m - [35m(astronomer-cosmos)[0m - Outlets: [Dataset(uri='postgres://postgres:5432/***.public.fct_invoices', extra=None)][0m
[2024-07-02T15:25:17.078+0000] {log.py:232} WARNING - [[34m2024-07-02T15:25:17.078+0000[0m] {[34mlocal.py:[0m350} INFO[0m - [35m(astronomer-cosmos)[0m - Outlets: [Dataset(uri='postgres://postgres:5432/***.public.fct_invoices', extra=None)][0m
[2024-07-02T15:25:17.078+0000] {local.py:350} INFO - Outlets: [Dataset(uri='postgres://postgres:5432/airflow.public.fct_invoices', extra=None)]
[2024-07-02T15:25:17.078+0000] {dag.py:3033} INFO - Sync 1 DAGs
[2024-07-02T15:25:17.105+0000] {dag.py:3820} INFO - Setting next_dagrun for pipeline to 2024-07-02T00:00:00+00:00, run_after=2024-07-03T00:00:00+00:00
[2024-07-02T15:25:17.137+0000] {warnings.py:109} WARNING - /home/***/.local/lib/python3.8/site-packages/***/models/baseoperator.py:1476: RemovedInAirflow3Warning: Passing 'execution_date' to 'TaskInstance.xcom_push()' is deprecated.
  context["ti"].xcom_push(key=key, value=value, execution_date=execution_date)

[2024-07-02T15:25:17.173+0000] {taskinstance.py:1138} INFO - Marking task as SUCCESS. dag_id=pipeline, task_id=transform.fct_invoices_run, execution_date=20240702T152432, start_date=20240702T152457, end_date=20240702T152517
[2024-07-02T15:25:17.224+0000] {local_task_job_runner.py:234} INFO - Task exited with return code 0
[2024-07-02T15:25:17.253+0000] {taskinstance.py:3281} INFO - 1 downstream tasks scheduled from follow-on schedule check
