[2024-07-02T12:35:33.150+0000] {taskinstance.py:1957} INFO - Dependencies all met for dep_context=non-requeueable deps ti=<TaskInstance: pipeline.cde_la_table scheduled__2024-07-01T00:00:00+00:00 [queued]>
[2024-07-02T12:35:33.160+0000] {taskinstance.py:1957} INFO - Dependencies all met for dep_context=requeueable deps ti=<TaskInstance: pipeline.cde_la_table scheduled__2024-07-01T00:00:00+00:00 [queued]>
[2024-07-02T12:35:33.160+0000] {taskinstance.py:2171} INFO - Starting attempt 2 of 2
[2024-07-02T12:35:33.248+0000] {taskinstance.py:2192} INFO - Executing <Task(PostgresOperator): cde_la_table> on 2024-07-01 00:00:00+00:00
[2024-07-02T12:35:33.253+0000] {standard_task_runner.py:60} INFO - Started process 555 to run task
[2024-07-02T12:35:33.257+0000] {standard_task_runner.py:87} INFO - Running: ['***', 'tasks', 'run', 'pipeline', 'cde_la_table', 'scheduled__2024-07-01T00:00:00+00:00', '--job-id', '5', '--raw', '--subdir', 'DAGS_FOLDER/pipeline.py', '--cfg-path', '/tmp/tmpdy8m73se']
[2024-07-02T12:35:33.258+0000] {standard_task_runner.py:88} INFO - Job 5: Subtask cde_la_table
[2024-07-02T12:35:33.352+0000] {task_command.py:423} INFO - Running <TaskInstance: pipeline.cde_la_table scheduled__2024-07-01T00:00:00+00:00 [running]> on host 11fbd99a881f
[2024-07-02T12:35:33.455+0000] {taskinstance.py:2481} INFO - Exporting env vars: AIRFLOW_CTX_DAG_OWNER='***' AIRFLOW_CTX_DAG_ID='pipeline' AIRFLOW_CTX_TASK_ID='cde_la_table' AIRFLOW_CTX_EXECUTION_DATE='2024-07-01T00:00:00+00:00' AIRFLOW_CTX_TRY_NUMBER='2' AIRFLOW_CTX_DAG_RUN_ID='scheduled__2024-07-01T00:00:00+00:00'
[2024-07-02T12:35:33.456+0000] {sql.py:276} INFO - Executing: 
            CREATE TABLE IF NOT EXISTS products (
                InvoiceNo TEXT ,
                StockCode TEXT ,
                Description TEXT ,
                Quantity INTEGER ,
                InvoiceDate TIMESTAMP ,
                UnitPrice REAL ,
                CustomerID REAL  ,
                Country TEXT 
            );
[2024-07-02T12:35:33.466+0000] {base.py:83} INFO - Using connection ID 'postgres' for task execution.
[2024-07-02T12:35:33.479+0000] {base.py:83} INFO - Using connection ID 'postgres' for task execution.
[2024-07-02T12:35:33.486+0000] {sql.py:432} INFO - Running statement: 
            CREATE TABLE IF NOT EXISTS products (
                InvoiceNo TEXT ,
                StockCode TEXT ,
                Description TEXT ,
                Quantity INTEGER ,
                InvoiceDate TIMESTAMP ,
                UnitPrice REAL ,
                CustomerID REAL  ,
                Country TEXT 
            );, parameters: None
[2024-07-02T12:35:33.502+0000] {taskinstance.py:1138} INFO - Marking task as SUCCESS. dag_id=pipeline, task_id=cde_la_table, execution_date=20240701T000000, start_date=20240702T123533, end_date=20240702T123533
[2024-07-02T12:35:33.551+0000] {local_task_job_runner.py:234} INFO - Task exited with return code 0
[2024-07-02T12:35:33.589+0000] {taskinstance.py:3281} INFO - 1 downstream tasks scheduled from follow-on schedule check
