[2024-07-02T09:27:09.782+0000] {taskinstance.py:1957} INFO - Dependencies all met for dep_context=non-requeueable deps ti=<TaskInstance: pipeline.cde_la_table scheduled__2024-07-01T00:00:00+00:00 [queued]>
[2024-07-02T09:27:09.807+0000] {taskinstance.py:1957} INFO - Dependencies all met for dep_context=requeueable deps ti=<TaskInstance: pipeline.cde_la_table scheduled__2024-07-01T00:00:00+00:00 [queued]>
[2024-07-02T09:27:09.808+0000] {taskinstance.py:2171} INFO - Starting attempt 1 of 1
[2024-07-02T09:27:09.850+0000] {taskinstance.py:2192} INFO - Executing <Task(PostgresOperator): cde_la_table> on 2024-07-01 00:00:00+00:00
[2024-07-02T09:27:09.873+0000] {standard_task_runner.py:87} INFO - Running: ['***', 'tasks', 'run', 'pipeline', 'cde_la_table', 'scheduled__2024-07-01T00:00:00+00:00', '--job-id', '3', '--raw', '--subdir', 'DAGS_FOLDER/pipeline.py', '--cfg-path', '/tmp/tmp8s_s5jz_']
[2024-07-02T09:27:09.879+0000] {standard_task_runner.py:88} INFO - Job 3: Subtask cde_la_table
[2024-07-02T09:27:09.880+0000] {standard_task_runner.py:60} INFO - Started process 88 to run task
[2024-07-02T09:27:10.037+0000] {task_command.py:423} INFO - Running <TaskInstance: pipeline.cde_la_table scheduled__2024-07-01T00:00:00+00:00 [running]> on host f675adcd3008
[2024-07-02T09:27:10.287+0000] {taskinstance.py:2481} INFO - Exporting env vars: AIRFLOW_CTX_DAG_OWNER='***' AIRFLOW_CTX_DAG_ID='pipeline' AIRFLOW_CTX_TASK_ID='cde_la_table' AIRFLOW_CTX_EXECUTION_DATE='2024-07-01T00:00:00+00:00' AIRFLOW_CTX_TRY_NUMBER='1' AIRFLOW_CTX_DAG_RUN_ID='scheduled__2024-07-01T00:00:00+00:00'
[2024-07-02T09:27:10.290+0000] {sql.py:276} INFO - Executing: 
            CREATE TABLE IF NOT EXISTS products (
                InvoiceNo TEXT ,
                StockCode TEXT ,
                Description TEXT ,
                Quantity INTEGER ,
                InvoiceDate TIMESTAMP ,
                UnitPrice REAL ,
                CustomerID REAL  ,
                Country TEXT 
            );
[2024-07-02T09:27:10.313+0000] {base.py:83} INFO - Using connection ID 'postgres' for task execution.
[2024-07-02T09:27:10.330+0000] {base.py:83} INFO - Using connection ID 'postgres' for task execution.
[2024-07-02T09:27:10.341+0000] {sql.py:432} INFO - Running statement: 
            CREATE TABLE IF NOT EXISTS products (
                InvoiceNo TEXT ,
                StockCode TEXT ,
                Description TEXT ,
                Quantity INTEGER ,
                InvoiceDate TIMESTAMP ,
                UnitPrice REAL ,
                CustomerID REAL  ,
                Country TEXT 
            );, parameters: None
[2024-07-02T09:27:10.371+0000] {taskinstance.py:1138} INFO - Marking task as SUCCESS. dag_id=pipeline, task_id=cde_la_table, execution_date=20240701T000000, start_date=20240702T092709, end_date=20240702T092710
[2024-07-02T09:27:10.428+0000] {local_task_job_runner.py:234} INFO - Task exited with return code 0
[2024-07-02T09:27:10.469+0000] {taskinstance.py:3281} INFO - 0 downstream tasks scheduled from follow-on schedule check
[2024-07-02T12:12:36.714+0000] {taskinstance.py:1957} INFO - Dependencies all met for dep_context=non-requeueable deps ti=<TaskInstance: pipeline.cde_la_table scheduled__2024-07-01T00:00:00+00:00 [queued]>
[2024-07-02T12:12:36.727+0000] {taskinstance.py:1957} INFO - Dependencies all met for dep_context=requeueable deps ti=<TaskInstance: pipeline.cde_la_table scheduled__2024-07-01T00:00:00+00:00 [queued]>
[2024-07-02T12:12:36.727+0000] {taskinstance.py:2171} INFO - Starting attempt 1 of 1
[2024-07-02T12:12:36.747+0000] {taskinstance.py:2192} INFO - Executing <Task(PostgresOperator): cde_la_table> on 2024-07-01 00:00:00+00:00
[2024-07-02T12:12:36.753+0000] {standard_task_runner.py:60} INFO - Started process 207 to run task
[2024-07-02T12:12:36.757+0000] {standard_task_runner.py:87} INFO - Running: ['***', 'tasks', 'run', 'pipeline', 'cde_la_table', 'scheduled__2024-07-01T00:00:00+00:00', '--job-id', '4', '--raw', '--subdir', 'DAGS_FOLDER/pipeline.py', '--cfg-path', '/tmp/tmp4ueeuk1j']
[2024-07-02T12:12:36.759+0000] {standard_task_runner.py:88} INFO - Job 4: Subtask cde_la_table
[2024-07-02T12:12:36.822+0000] {task_command.py:423} INFO - Running <TaskInstance: pipeline.cde_la_table scheduled__2024-07-01T00:00:00+00:00 [running]> on host 11fbd99a881f
[2024-07-02T12:12:36.897+0000] {taskinstance.py:2481} INFO - Exporting env vars: AIRFLOW_CTX_DAG_OWNER='***' AIRFLOW_CTX_DAG_ID='pipeline' AIRFLOW_CTX_TASK_ID='cde_la_table' AIRFLOW_CTX_EXECUTION_DATE='2024-07-01T00:00:00+00:00' AIRFLOW_CTX_TRY_NUMBER='1' AIRFLOW_CTX_DAG_RUN_ID='scheduled__2024-07-01T00:00:00+00:00'
[2024-07-02T12:12:36.898+0000] {sql.py:276} INFO - Executing: 
            CREATE TABLE IF NOT EXISTS products (
                InvoiceNo TEXT ,
                StockCode TEXT ,
                Description TEXT ,
                Quantity INTEGER ,
                InvoiceDate TIMESTAMP ,
                UnitPrice REAL ,
                CustomerID REAL  ,
                Country TEXT 
            );
[2024-07-02T12:12:36.905+0000] {base.py:83} INFO - Using connection ID 'postgres' for task execution.
[2024-07-02T12:12:36.912+0000] {base.py:83} INFO - Using connection ID 'postgres' for task execution.
[2024-07-02T12:12:36.915+0000] {sql.py:432} INFO - Running statement: 
            CREATE TABLE IF NOT EXISTS products (
                InvoiceNo TEXT ,
                StockCode TEXT ,
                Description TEXT ,
                Quantity INTEGER ,
                InvoiceDate TIMESTAMP ,
                UnitPrice REAL ,
                CustomerID REAL  ,
                Country TEXT 
            );, parameters: None
[2024-07-02T12:12:36.927+0000] {taskinstance.py:1138} INFO - Marking task as SUCCESS. dag_id=pipeline, task_id=cde_la_table, execution_date=20240701T000000, start_date=20240702T121236, end_date=20240702T121236
[2024-07-02T12:12:36.969+0000] {local_task_job_runner.py:234} INFO - Task exited with return code 0
[2024-07-02T12:12:36.984+0000] {taskinstance.py:3281} INFO - 0 downstream tasks scheduled from follow-on schedule check
[2024-07-02T14:41:19.077+0000] {taskinstance.py:1957} INFO - Dependencies all met for dep_context=non-requeueable deps ti=<TaskInstance: pipeline.cde_la_table scheduled__2024-07-01T00:00:00+00:00 [queued]>
[2024-07-02T14:41:19.089+0000] {taskinstance.py:1957} INFO - Dependencies all met for dep_context=requeueable deps ti=<TaskInstance: pipeline.cde_la_table scheduled__2024-07-01T00:00:00+00:00 [queued]>
[2024-07-02T14:41:19.090+0000] {taskinstance.py:2171} INFO - Starting attempt 1 of 1
[2024-07-02T14:41:19.111+0000] {taskinstance.py:2192} INFO - Executing <Task(PostgresOperator): cde_la_table> on 2024-07-01 00:00:00+00:00
[2024-07-02T14:41:19.120+0000] {standard_task_runner.py:60} INFO - Started process 317 to run task
[2024-07-02T14:41:19.124+0000] {standard_task_runner.py:87} INFO - Running: ['***', 'tasks', 'run', 'pipeline', 'cde_la_table', 'scheduled__2024-07-01T00:00:00+00:00', '--job-id', '3', '--raw', '--subdir', 'DAGS_FOLDER/pipeline.py', '--cfg-path', '/tmp/tmphur9osqp']
[2024-07-02T14:41:19.127+0000] {standard_task_runner.py:88} INFO - Job 3: Subtask cde_la_table
[2024-07-02T14:41:19.194+0000] {task_command.py:423} INFO - Running <TaskInstance: pipeline.cde_la_table scheduled__2024-07-01T00:00:00+00:00 [running]> on host e21b7712e0d7
[2024-07-02T14:41:19.282+0000] {taskinstance.py:2481} INFO - Exporting env vars: AIRFLOW_CTX_DAG_OWNER='***' AIRFLOW_CTX_DAG_ID='pipeline' AIRFLOW_CTX_TASK_ID='cde_la_table' AIRFLOW_CTX_EXECUTION_DATE='2024-07-01T00:00:00+00:00' AIRFLOW_CTX_TRY_NUMBER='1' AIRFLOW_CTX_DAG_RUN_ID='scheduled__2024-07-01T00:00:00+00:00'
[2024-07-02T14:41:19.284+0000] {sql.py:276} INFO - Executing: 
            CREATE TABLE IF NOT EXISTS products (
                InvoiceNo TEXT ,
                StockCode TEXT ,
                Description TEXT ,
                Quantity INTEGER ,
                InvoiceDate TIMESTAMP ,
                UnitPrice REAL ,
                CustomerID REAL  ,
                Country TEXT 
            );
[2024-07-02T14:41:19.296+0000] {base.py:83} INFO - Using connection ID 'postgres' for task execution.
[2024-07-02T14:41:19.307+0000] {base.py:83} INFO - Using connection ID 'postgres' for task execution.
[2024-07-02T14:41:19.311+0000] {sql.py:432} INFO - Running statement: 
            CREATE TABLE IF NOT EXISTS products (
                InvoiceNo TEXT ,
                StockCode TEXT ,
                Description TEXT ,
                Quantity INTEGER ,
                InvoiceDate TIMESTAMP ,
                UnitPrice REAL ,
                CustomerID REAL  ,
                Country TEXT 
            );, parameters: None
[2024-07-02T14:41:19.329+0000] {taskinstance.py:1138} INFO - Marking task as SUCCESS. dag_id=pipeline, task_id=cde_la_table, execution_date=20240701T000000, start_date=20240702T144119, end_date=20240702T144119
[2024-07-02T14:41:19.377+0000] {local_task_job_runner.py:234} INFO - Task exited with return code 0
[2024-07-02T14:41:19.416+0000] {taskinstance.py:3281} INFO - 1 downstream tasks scheduled from follow-on schedule check
[2024-07-02T15:51:02.184+0000] {taskinstance.py:1957} INFO - Dependencies all met for dep_context=non-requeueable deps ti=<TaskInstance: pipeline.cde_la_table scheduled__2024-07-01T00:00:00+00:00 [queued]>
[2024-07-02T15:51:02.199+0000] {taskinstance.py:1957} INFO - Dependencies all met for dep_context=requeueable deps ti=<TaskInstance: pipeline.cde_la_table scheduled__2024-07-01T00:00:00+00:00 [queued]>
[2024-07-02T15:51:02.200+0000] {taskinstance.py:2171} INFO - Starting attempt 1 of 1
[2024-07-02T15:51:02.220+0000] {taskinstance.py:2192} INFO - Executing <Task(PostgresOperator): cde_la_table> on 2024-07-01 00:00:00+00:00
[2024-07-02T15:51:02.227+0000] {standard_task_runner.py:60} INFO - Started process 69 to run task
[2024-07-02T15:51:02.231+0000] {standard_task_runner.py:87} INFO - Running: ['***', 'tasks', 'run', 'pipeline', 'cde_la_table', 'scheduled__2024-07-01T00:00:00+00:00', '--job-id', '3', '--raw', '--subdir', 'DAGS_FOLDER/pipeline.py', '--cfg-path', '/tmp/tmppoimhljb']
[2024-07-02T15:51:02.234+0000] {standard_task_runner.py:88} INFO - Job 3: Subtask cde_la_table
[2024-07-02T15:51:02.292+0000] {task_command.py:423} INFO - Running <TaskInstance: pipeline.cde_la_table scheduled__2024-07-01T00:00:00+00:00 [running]> on host 907144e2666d
[2024-07-02T15:51:02.383+0000] {taskinstance.py:2481} INFO - Exporting env vars: AIRFLOW_CTX_DAG_OWNER='***' AIRFLOW_CTX_DAG_ID='pipeline' AIRFLOW_CTX_TASK_ID='cde_la_table' AIRFLOW_CTX_EXECUTION_DATE='2024-07-01T00:00:00+00:00' AIRFLOW_CTX_TRY_NUMBER='1' AIRFLOW_CTX_DAG_RUN_ID='scheduled__2024-07-01T00:00:00+00:00'
[2024-07-02T15:51:02.384+0000] {sql.py:276} INFO - Executing: 
            CREATE TABLE IF NOT EXISTS products (
                InvoiceNo TEXT ,
                StockCode TEXT ,
                Description TEXT ,
                Quantity INTEGER ,
                InvoiceDate TIMESTAMP ,
                UnitPrice REAL ,
                CustomerID REAL  ,
                Country TEXT 
            );
[2024-07-02T15:51:02.385+0000] {crypto.py:82} WARNING - empty cryptography key - values will not be stored encrypted.
[2024-07-02T15:51:02.386+0000] {base.py:83} INFO - Using connection ID 'postgres' for task execution.
[2024-07-02T15:51:02.388+0000] {base.py:83} INFO - Using connection ID 'postgres' for task execution.
[2024-07-02T15:51:02.392+0000] {sql.py:432} INFO - Running statement: 
            CREATE TABLE IF NOT EXISTS products (
                InvoiceNo TEXT ,
                StockCode TEXT ,
                Description TEXT ,
                Quantity INTEGER ,
                InvoiceDate TIMESTAMP ,
                UnitPrice REAL ,
                CustomerID REAL  ,
                Country TEXT 
            );, parameters: None
[2024-07-02T15:51:02.409+0000] {taskinstance.py:1138} INFO - Marking task as SUCCESS. dag_id=pipeline, task_id=cde_la_table, execution_date=20240701T000000, start_date=20240702T155102, end_date=20240702T155102
[2024-07-02T15:51:02.442+0000] {local_task_job_runner.py:234} INFO - Task exited with return code 0
[2024-07-02T15:51:02.493+0000] {taskinstance.py:3281} INFO - 1 downstream tasks scheduled from follow-on schedule check
