[2024-07-02T14:57:11.134+0000] {taskinstance.py:1957} INFO - Dependencies all met for dep_context=non-requeueable deps ti=<TaskInstance: pipeline.transform.dim_product_run scheduled__2024-07-01T00:00:00+00:00 [queued]>
[2024-07-02T14:57:11.146+0000] {taskinstance.py:1957} INFO - Dependencies all met for dep_context=requeueable deps ti=<TaskInstance: pipeline.transform.dim_product_run scheduled__2024-07-01T00:00:00+00:00 [queued]>
[2024-07-02T14:57:11.147+0000] {taskinstance.py:2171} INFO - Starting attempt 1 of 1
[2024-07-02T14:57:11.160+0000] {taskinstance.py:2192} INFO - Executing <Task(DbtRunLocalOperator): transform.dim_product_run> on 2024-07-01 00:00:00+00:00
[2024-07-02T14:57:11.166+0000] {standard_task_runner.py:60} INFO - Started process 566 to run task
[2024-07-02T14:57:11.170+0000] {standard_task_runner.py:87} INFO - Running: ['***', 'tasks', 'run', 'pipeline', 'transform.dim_product_run', 'scheduled__2024-07-01T00:00:00+00:00', '--job-id', '8', '--raw', '--subdir', 'DAGS_FOLDER/pipeline.py', '--cfg-path', '/tmp/tmpxgmv_w22']
[2024-07-02T14:57:11.172+0000] {standard_task_runner.py:88} INFO - Job 8: Subtask transform.dim_product_run
[2024-07-02T14:57:11.221+0000] {task_command.py:423} INFO - Running <TaskInstance: pipeline.transform.dim_product_run scheduled__2024-07-01T00:00:00+00:00 [running]> on host e21b7712e0d7
[2024-07-02T14:57:11.309+0000] {taskinstance.py:2481} INFO - Exporting env vars: AIRFLOW_CTX_DAG_OWNER='***' AIRFLOW_CTX_DAG_ID='pipeline' AIRFLOW_CTX_TASK_ID='transform.dim_product_run' AIRFLOW_CTX_EXECUTION_DATE='2024-07-01T00:00:00+00:00' AIRFLOW_CTX_TRY_NUMBER='1' AIRFLOW_CTX_DAG_RUN_ID='scheduled__2024-07-01T00:00:00+00:00'
[2024-07-02T14:57:11.313+0000] {log.py:232} WARNING - [[34m2024-07-02T14:57:11.312+0000[0m] {[34mlocal.py:[0m174} INFO[0m - [35m(astronomer-cosmos)[0m - Could not import dbtRunner. Falling back to subprocess for invoking dbt.[0m
[2024-07-02T14:57:11.313+0000] {log.py:232} WARNING - [[34m2024-07-02T14:57:11.312+0000[0m] {[34mlocal.py:[0m174} INFO[0m - [35m(astronomer-cosmos)[0m - Could not import dbtRunner. Falling back to subprocess for invoking dbt.[0m
[2024-07-02T14:57:11.312+0000] {local.py:174} INFO - Could not import dbtRunner. Falling back to subprocess for invoking dbt.
[2024-07-02T14:57:11.314+0000] {log.py:232} WARNING - [[34m2024-07-02T14:57:11.314+0000[0m] {[34mlocal.py:[0m292} INFO[0m - [35m(astronomer-cosmos)[0m - Cloning project to writable temp directory /tmp/tmpb6uu0jd0 from /opt/***/dossier/dbt[0m
[2024-07-02T14:57:11.314+0000] {log.py:232} WARNING - [[34m2024-07-02T14:57:11.314+0000[0m] {[34mlocal.py:[0m292} INFO[0m - [35m(astronomer-cosmos)[0m - Cloning project to writable temp directory /tmp/tmpb6uu0jd0 from /opt/***/dossier/dbt[0m
[2024-07-02T14:57:11.314+0000] {local.py:292} INFO - Cloning project to writable temp directory /tmp/tmpb6uu0jd0 from /opt/airflow/dossier/dbt
[2024-07-02T14:57:11.315+0000] {log.py:232} WARNING - [[34m2024-07-02T14:57:11.315+0000[0m] {[34mlocal.py:[0m303} INFO[0m - [35m(astronomer-cosmos)[0m - Partial parse is enabled and the latest partial parse file is /opt/***/dossier/dbt/target/partial_parse.msgpack[0m
[2024-07-02T14:57:11.316+0000] {log.py:232} WARNING - [[34m2024-07-02T14:57:11.315+0000[0m] {[34mlocal.py:[0m303} INFO[0m - [35m(astronomer-cosmos)[0m - Partial parse is enabled and the latest partial parse file is /opt/***/dossier/dbt/target/partial_parse.msgpack[0m
[2024-07-02T14:57:11.315+0000] {local.py:303} INFO - Partial parse is enabled and the latest partial parse file is /opt/airflow/dossier/dbt/target/partial_parse.msgpack
[2024-07-02T14:57:11.327+0000] {log.py:232} WARNING - [[34m2024-07-02T14:57:11.327+0000[0m] {[34mconfig.py:[0m288} INFO[0m - [35m(astronomer-cosmos)[0m - Using user-supplied profiles.yml at /opt/***/dossier/dbt/profiles.yml[0m
[2024-07-02T14:57:11.327+0000] {log.py:232} WARNING - [[34m2024-07-02T14:57:11.327+0000[0m] {[34mconfig.py:[0m288} INFO[0m - [35m(astronomer-cosmos)[0m - Using user-supplied profiles.yml at /opt/***/dossier/dbt/profiles.yml[0m
[2024-07-02T14:57:11.327+0000] {config.py:288} INFO - Using user-supplied profiles.yml at /opt/***/dossier/dbt/profiles.yml
[2024-07-02T14:57:11.328+0000] {log.py:232} WARNING - [[34m2024-07-02T14:57:11.328+0000[0m] {[34mlocal.py:[0m247} INFO[0m - [35m(astronomer-cosmos)[0m - Trying to run the command:
 ['/opt/***/dbt_env/bin/dbt', 'run', '--models', 'dim_product', '--project-dir', '/tmp/tmpb6uu0jd0', '--profiles-dir', '/opt/***/dossier/dbt', '--profile', '***', '--target', 'dev']
From /tmp/tmpb6uu0jd0[0m
[2024-07-02T14:57:11.328+0000] {log.py:232} WARNING - [[34m2024-07-02T14:57:11.328+0000[0m] {[34mlocal.py:[0m247} INFO[0m - [35m(astronomer-cosmos)[0m - Trying to run the command:
 ['/opt/***/dbt_env/bin/dbt', 'run', '--models', 'dim_product', '--project-dir', '/tmp/tmpb6uu0jd0', '--profiles-dir', '/opt/***/dossier/dbt', '--profile', '***', '--target', 'dev']
From /tmp/tmpb6uu0jd0[0m
[2024-07-02T14:57:11.328+0000] {local.py:247} INFO - Trying to run the command:
 ['/opt/***/dbt_env/bin/dbt', 'run', '--models', 'dim_product', '--project-dir', '/tmp/tmpb6uu0jd0', '--profiles-dir', '/opt/***/dossier/dbt', '--profile', '***', '--target', 'dev']
From /tmp/tmpb6uu0jd0
[2024-07-02T14:57:11.329+0000] {log.py:232} WARNING - [[34m2024-07-02T14:57:11.329+0000[0m] {[34msubprocess.py:[0m60} INFO[0m - [35m(astronomer-cosmos)[0m - Tmp dir root location: 
 /tmp[0m
[2024-07-02T14:57:11.329+0000] {log.py:232} WARNING - [[34m2024-07-02T14:57:11.329+0000[0m] {[34msubprocess.py:[0m60} INFO[0m - [35m(astronomer-cosmos)[0m - Tmp dir root location: 
 /tmp[0m
[2024-07-02T14:57:11.329+0000] {subprocess.py:60} INFO - Tmp dir root location: 
 /tmp
[2024-07-02T14:57:11.329+0000] {log.py:232} WARNING - [[34m2024-07-02T14:57:11.329+0000[0m] {[34msubprocess.py:[0m73} INFO[0m - [35m(astronomer-cosmos)[0m - Running command: ['/opt/***/dbt_env/bin/dbt', 'run', '--models', 'dim_product', '--project-dir', '/tmp/tmpb6uu0jd0', '--profiles-dir', '/opt/***/dossier/dbt', '--profile', '***', '--target', 'dev'][0m
[2024-07-02T14:57:11.330+0000] {log.py:232} WARNING - [[34m2024-07-02T14:57:11.329+0000[0m] {[34msubprocess.py:[0m73} INFO[0m - [35m(astronomer-cosmos)[0m - Running command: ['/opt/***/dbt_env/bin/dbt', 'run', '--models', 'dim_product', '--project-dir', '/tmp/tmpb6uu0jd0', '--profiles-dir', '/opt/***/dossier/dbt', '--profile', '***', '--target', 'dev'][0m
[2024-07-02T14:57:11.329+0000] {subprocess.py:73} INFO - Running command: ['/opt/***/dbt_env/bin/dbt', 'run', '--models', 'dim_product', '--project-dir', '/tmp/tmpb6uu0jd0', '--profiles-dir', '/opt/***/dossier/dbt', '--profile', '***', '--target', 'dev']
[2024-07-02T14:57:11.344+0000] {log.py:232} WARNING - [[34m2024-07-02T14:57:11.343+0000[0m] {[34msubprocess.py:[0m84} INFO[0m - [35m(astronomer-cosmos)[0m - Command output:[0m
[2024-07-02T14:57:11.344+0000] {log.py:232} WARNING - [[34m2024-07-02T14:57:11.343+0000[0m] {[34msubprocess.py:[0m84} INFO[0m - [35m(astronomer-cosmos)[0m - Command output:[0m
[2024-07-02T14:57:11.343+0000] {subprocess.py:84} INFO - Command output:
[2024-07-02T14:57:13.862+0000] {log.py:232} WARNING - [[34m2024-07-02T14:57:13.861+0000[0m] {[34msubprocess.py:[0m94} INFO[0m - [35m(astronomer-cosmos)[0m - [0m14:57:13  Running with dbt=1.8.3[0m
[2024-07-02T14:57:13.862+0000] {log.py:232} WARNING - [[34m2024-07-02T14:57:13.861+0000[0m] {[34msubprocess.py:[0m94} INFO[0m - [35m(astronomer-cosmos)[0m - [0m14:57:13  Running with dbt=1.8.3[0m
[2024-07-02T14:57:13.861+0000] {subprocess.py:94} INFO - [0m14:57:13  Running with dbt=1.8.3
[2024-07-02T14:57:14.485+0000] {log.py:232} WARNING - [[34m2024-07-02T14:57:14.485+0000[0m] {[34msubprocess.py:[0m94} INFO[0m - [35m(astronomer-cosmos)[0m - [0m14:57:14  Registered adapter: postgres=1.8.2[0m
[2024-07-02T14:57:14.486+0000] {log.py:232} WARNING - [[34m2024-07-02T14:57:14.485+0000[0m] {[34msubprocess.py:[0m94} INFO[0m - [35m(astronomer-cosmos)[0m - [0m14:57:14  Registered adapter: postgres=1.8.2[0m
[2024-07-02T14:57:14.485+0000] {subprocess.py:94} INFO - [0m14:57:14  Registered adapter: postgres=1.8.2
[2024-07-02T14:57:14.842+0000] {log.py:232} WARNING - [[34m2024-07-02T14:57:14.842+0000[0m] {[34msubprocess.py:[0m94} INFO[0m - [35m(astronomer-cosmos)[0m - [0m14:57:14  Unable to do partial parsing because config vars, config profile, or config target have changed[0m
[2024-07-02T14:57:14.843+0000] {log.py:232} WARNING - [[34m2024-07-02T14:57:14.842+0000[0m] {[34msubprocess.py:[0m94} INFO[0m - [35m(astronomer-cosmos)[0m - [0m14:57:14  Unable to do partial parsing because config vars, config profile, or config target have changed[0m
[2024-07-02T14:57:14.842+0000] {subprocess.py:94} INFO - [0m14:57:14  Unable to do partial parsing because config vars, config profile, or config target have changed
[2024-07-02T14:57:19.453+0000] {log.py:232} WARNING - [[34m2024-07-02T14:57:19.452+0000[0m] {[34msubprocess.py:[0m94} INFO[0m - [35m(astronomer-cosmos)[0m - [0m14:57:19  Found 4 models, 2 sources, 529 macros[0m
[2024-07-02T14:57:19.453+0000] {log.py:232} WARNING - [[34m2024-07-02T14:57:19.452+0000[0m] {[34msubprocess.py:[0m94} INFO[0m - [35m(astronomer-cosmos)[0m - [0m14:57:19  Found 4 models, 2 sources, 529 macros[0m
[2024-07-02T14:57:19.452+0000] {subprocess.py:94} INFO - [0m14:57:19  Found 4 models, 2 sources, 529 macros
[2024-07-02T14:57:19.461+0000] {log.py:232} WARNING - [[34m2024-07-02T14:57:19.461+0000[0m] {[34msubprocess.py:[0m94} INFO[0m - [35m(astronomer-cosmos)[0m - [0m14:57:19[0m
[2024-07-02T14:57:19.462+0000] {log.py:232} WARNING - [[34m2024-07-02T14:57:19.461+0000[0m] {[34msubprocess.py:[0m94} INFO[0m - [35m(astronomer-cosmos)[0m - [0m14:57:19[0m
[2024-07-02T14:57:19.461+0000] {subprocess.py:94} INFO - [0m14:57:19
[2024-07-02T14:57:19.754+0000] {log.py:232} WARNING - [[34m2024-07-02T14:57:19.754+0000[0m] {[34msubprocess.py:[0m94} INFO[0m - [35m(astronomer-cosmos)[0m - [0m14:57:19  Concurrency: 1 threads (target='dev')[0m
[2024-07-02T14:57:19.755+0000] {log.py:232} WARNING - [[34m2024-07-02T14:57:19.754+0000[0m] {[34msubprocess.py:[0m94} INFO[0m - [35m(astronomer-cosmos)[0m - [0m14:57:19  Concurrency: 1 threads (target='dev')[0m
[2024-07-02T14:57:19.754+0000] {subprocess.py:94} INFO - [0m14:57:19  Concurrency: 1 threads (target='dev')
[2024-07-02T14:57:19.756+0000] {log.py:232} WARNING - [[34m2024-07-02T14:57:19.756+0000[0m] {[34msubprocess.py:[0m94} INFO[0m - [35m(astronomer-cosmos)[0m - [0m14:57:19[0m
[2024-07-02T14:57:19.757+0000] {log.py:232} WARNING - [[34m2024-07-02T14:57:19.756+0000[0m] {[34msubprocess.py:[0m94} INFO[0m - [35m(astronomer-cosmos)[0m - [0m14:57:19[0m
[2024-07-02T14:57:19.756+0000] {subprocess.py:94} INFO - [0m14:57:19
[2024-07-02T14:57:19.777+0000] {log.py:232} WARNING - [[34m2024-07-02T14:57:19.776+0000[0m] {[34msubprocess.py:[0m94} INFO[0m - [35m(astronomer-cosmos)[0m - [0m14:57:19  1 of 1 START sql table model public.dim_product ................................ [RUN][0m
[2024-07-02T14:57:19.778+0000] {log.py:232} WARNING - [[34m2024-07-02T14:57:19.776+0000[0m] {[34msubprocess.py:[0m94} INFO[0m - [35m(astronomer-cosmos)[0m - [0m14:57:19  1 of 1 START sql table model public.dim_product ................................ [RUN][0m
[2024-07-02T14:57:19.776+0000] {subprocess.py:94} INFO - [0m14:57:19  1 of 1 START sql table model public.dim_product ................................ [RUN]
[2024-07-02T14:57:22.648+0000] {log.py:232} WARNING - [[34m2024-07-02T14:57:22.647+0000[0m] {[34msubprocess.py:[0m94} INFO[0m - [35m(astronomer-cosmos)[0m - [0m14:57:22  1 of 1 OK created sql table model public.dim_product ........................... [[32mSELECT 16282[0m in 2.87s][0m
[2024-07-02T14:57:22.648+0000] {log.py:232} WARNING - [[34m2024-07-02T14:57:22.647+0000[0m] {[34msubprocess.py:[0m94} INFO[0m - [35m(astronomer-cosmos)[0m - [0m14:57:22  1 of 1 OK created sql table model public.dim_product ........................... [[32mSELECT 16282[0m in 2.87s][0m
[2024-07-02T14:57:22.647+0000] {subprocess.py:94} INFO - [0m14:57:22  1 of 1 OK created sql table model public.dim_product ........................... [[32mSELECT 16282[0m in 2.87s]
[2024-07-02T14:57:22.662+0000] {log.py:232} WARNING - [[34m2024-07-02T14:57:22.662+0000[0m] {[34msubprocess.py:[0m94} INFO[0m - [35m(astronomer-cosmos)[0m - [0m14:57:22[0m
[2024-07-02T14:57:22.662+0000] {log.py:232} WARNING - [[34m2024-07-02T14:57:22.662+0000[0m] {[34msubprocess.py:[0m94} INFO[0m - [35m(astronomer-cosmos)[0m - [0m14:57:22[0m
[2024-07-02T14:57:22.662+0000] {subprocess.py:94} INFO - [0m14:57:22
[2024-07-02T14:57:22.663+0000] {log.py:232} WARNING - [[34m2024-07-02T14:57:22.662+0000[0m] {[34msubprocess.py:[0m94} INFO[0m - [35m(astronomer-cosmos)[0m - [0m14:57:22  Finished running 1 table model in 0 hours 0 minutes and 3.20 seconds (3.20s).[0m
[2024-07-02T14:57:22.663+0000] {log.py:232} WARNING - [[34m2024-07-02T14:57:22.662+0000[0m] {[34msubprocess.py:[0m94} INFO[0m - [35m(astronomer-cosmos)[0m - [0m14:57:22  Finished running 1 table model in 0 hours 0 minutes and 3.20 seconds (3.20s).[0m
[2024-07-02T14:57:22.662+0000] {subprocess.py:94} INFO - [0m14:57:22  Finished running 1 table model in 0 hours 0 minutes and 3.20 seconds (3.20s).
[2024-07-02T14:57:22.717+0000] {log.py:232} WARNING - [[34m2024-07-02T14:57:22.717+0000[0m] {[34msubprocess.py:[0m94} INFO[0m - [35m(astronomer-cosmos)[0m - [0m14:57:22[0m
[2024-07-02T14:57:22.717+0000] {log.py:232} WARNING - [[34m2024-07-02T14:57:22.717+0000[0m] {[34msubprocess.py:[0m94} INFO[0m - [35m(astronomer-cosmos)[0m - [0m14:57:22[0m
[2024-07-02T14:57:22.717+0000] {subprocess.py:94} INFO - [0m14:57:22
[2024-07-02T14:57:22.718+0000] {log.py:232} WARNING - [[34m2024-07-02T14:57:22.718+0000[0m] {[34msubprocess.py:[0m94} INFO[0m - [35m(astronomer-cosmos)[0m - [0m14:57:22  [32mCompleted successfully[0m[0m
[2024-07-02T14:57:22.718+0000] {log.py:232} WARNING - [[34m2024-07-02T14:57:22.718+0000[0m] {[34msubprocess.py:[0m94} INFO[0m - [35m(astronomer-cosmos)[0m - [0m14:57:22  [32mCompleted successfully[0m[0m
[2024-07-02T14:57:22.718+0000] {subprocess.py:94} INFO - [0m14:57:22  [32mCompleted successfully[0m
[2024-07-02T14:57:22.719+0000] {log.py:232} WARNING - [[34m2024-07-02T14:57:22.719+0000[0m] {[34msubprocess.py:[0m94} INFO[0m - [35m(astronomer-cosmos)[0m - [0m14:57:22[0m
[2024-07-02T14:57:22.719+0000] {log.py:232} WARNING - [[34m2024-07-02T14:57:22.719+0000[0m] {[34msubprocess.py:[0m94} INFO[0m - [35m(astronomer-cosmos)[0m - [0m14:57:22[0m
[2024-07-02T14:57:22.719+0000] {subprocess.py:94} INFO - [0m14:57:22
[2024-07-02T14:57:22.720+0000] {log.py:232} WARNING - [[34m2024-07-02T14:57:22.720+0000[0m] {[34msubprocess.py:[0m94} INFO[0m - [35m(astronomer-cosmos)[0m - [0m14:57:22  Done. PASS=1 WARN=0 ERROR=0 SKIP=0 TOTAL=1[0m
[2024-07-02T14:57:22.720+0000] {log.py:232} WARNING - [[34m2024-07-02T14:57:22.720+0000[0m] {[34msubprocess.py:[0m94} INFO[0m - [35m(astronomer-cosmos)[0m - [0m14:57:22  Done. PASS=1 WARN=0 ERROR=0 SKIP=0 TOTAL=1[0m
[2024-07-02T14:57:22.720+0000] {subprocess.py:94} INFO - [0m14:57:22  Done. PASS=1 WARN=0 ERROR=0 SKIP=0 TOTAL=1
[2024-07-02T14:57:24.067+0000] {log.py:232} WARNING - [[34m2024-07-02T14:57:24.067+0000[0m] {[34msubprocess.py:[0m98} INFO[0m - [35m(astronomer-cosmos)[0m - Command exited with return code 0[0m
[2024-07-02T14:57:24.067+0000] {log.py:232} WARNING - [[34m2024-07-02T14:57:24.067+0000[0m] {[34msubprocess.py:[0m98} INFO[0m - [35m(astronomer-cosmos)[0m - Command exited with return code 0[0m
[2024-07-02T14:57:24.067+0000] {subprocess.py:98} INFO - Command exited with return code 0
[2024-07-02T14:57:24.068+0000] {log.py:232} WARNING - [[34m2024-07-02T14:57:24.068+0000[0m] {[34mlocal.py:[0m254} INFO[0m - [35m(astronomer-cosmos)[0m - [0m14:57:22  Done. PASS=1 WARN=0 ERROR=0 SKIP=0 TOTAL=1[0m
[2024-07-02T14:57:24.068+0000] {log.py:232} WARNING - [[34m2024-07-02T14:57:24.068+0000[0m] {[34mlocal.py:[0m254} INFO[0m - [35m(astronomer-cosmos)[0m - [0m14:57:22  Done. PASS=1 WARN=0 ERROR=0 SKIP=0 TOTAL=1[0m
[2024-07-02T14:57:24.068+0000] {local.py:254} INFO - [0m14:57:22  Done. PASS=1 WARN=0 ERROR=0 SKIP=0 TOTAL=1
[2024-07-02T14:57:24.080+0000] {local.py:138} WARNING - Artifact schema version: https://schemas.getdbt.com/dbt/manifest/v12.json is above dbt-ol supported version 7. This might cause errors.
[2024-07-02T14:57:24.081+0000] {local.py:138} WARNING - Artifact schema version: https://schemas.getdbt.com/dbt/run-results/v6.json is above dbt-ol supported version 5. This might cause errors.
[2024-07-02T14:57:24.087+0000] {log.py:232} WARNING - [[34m2024-07-02T14:57:24.086+0000[0m] {[34mlocal.py:[0m349} INFO[0m - [35m(astronomer-cosmos)[0m - Inlets: [][0m
[2024-07-02T14:57:24.087+0000] {log.py:232} WARNING - [[34m2024-07-02T14:57:24.086+0000[0m] {[34mlocal.py:[0m349} INFO[0m - [35m(astronomer-cosmos)[0m - Inlets: [][0m
[2024-07-02T14:57:24.086+0000] {local.py:349} INFO - Inlets: []
[2024-07-02T14:57:24.087+0000] {log.py:232} WARNING - [[34m2024-07-02T14:57:24.087+0000[0m] {[34mlocal.py:[0m350} INFO[0m - [35m(astronomer-cosmos)[0m - Outlets: [Dataset(uri='postgres://postgres:5432/***.public.dim_product', extra=None)][0m
[2024-07-02T14:57:24.088+0000] {log.py:232} WARNING - [[34m2024-07-02T14:57:24.087+0000[0m] {[34mlocal.py:[0m350} INFO[0m - [35m(astronomer-cosmos)[0m - Outlets: [Dataset(uri='postgres://postgres:5432/***.public.dim_product', extra=None)][0m
[2024-07-02T14:57:24.087+0000] {local.py:350} INFO - Outlets: [Dataset(uri='postgres://postgres:5432/airflow.public.dim_product', extra=None)]
[2024-07-02T14:57:24.088+0000] {dag.py:3033} INFO - Sync 1 DAGs
[2024-07-02T14:57:24.120+0000] {dag.py:3820} INFO - Setting next_dagrun for pipeline to 2024-07-02T00:00:00+00:00, run_after=2024-07-03T00:00:00+00:00
[2024-07-02T14:57:24.154+0000] {warnings.py:109} WARNING - /home/***/.local/lib/python3.8/site-packages/***/models/baseoperator.py:1476: RemovedInAirflow3Warning: Passing 'execution_date' to 'TaskInstance.xcom_push()' is deprecated.
  context["ti"].xcom_push(key=key, value=value, execution_date=execution_date)

[2024-07-02T14:57:24.175+0000] {taskinstance.py:1138} INFO - Marking task as SUCCESS. dag_id=pipeline, task_id=transform.dim_product_run, execution_date=20240701T000000, start_date=20240702T145711, end_date=20240702T145724
[2024-07-02T14:57:24.209+0000] {local_task_job_runner.py:234} INFO - Task exited with return code 0
[2024-07-02T14:57:24.240+0000] {taskinstance.py:3281} INFO - 1 downstream tasks scheduled from follow-on schedule check
[2024-07-02T15:51:19.693+0000] {taskinstance.py:1957} INFO - Dependencies all met for dep_context=non-requeueable deps ti=<TaskInstance: pipeline.transform.dim_product_run scheduled__2024-07-01T00:00:00+00:00 [queued]>
[2024-07-02T15:51:19.735+0000] {taskinstance.py:1957} INFO - Dependencies all met for dep_context=requeueable deps ti=<TaskInstance: pipeline.transform.dim_product_run scheduled__2024-07-01T00:00:00+00:00 [queued]>
[2024-07-02T15:51:19.740+0000] {taskinstance.py:2171} INFO - Starting attempt 1 of 1
[2024-07-02T15:51:19.779+0000] {taskinstance.py:2192} INFO - Executing <Task(DbtRunLocalOperator): transform.dim_product_run> on 2024-07-01 00:00:00+00:00
[2024-07-02T15:51:19.798+0000] {standard_task_runner.py:60} INFO - Started process 122 to run task
[2024-07-02T15:51:19.810+0000] {standard_task_runner.py:87} INFO - Running: ['***', 'tasks', 'run', 'pipeline', 'transform.dim_product_run', 'scheduled__2024-07-01T00:00:00+00:00', '--job-id', '14', '--raw', '--subdir', 'DAGS_FOLDER/pipeline.py', '--cfg-path', '/tmp/tmp5mmu4d9r']
[2024-07-02T15:51:19.817+0000] {standard_task_runner.py:88} INFO - Job 14: Subtask transform.dim_product_run
[2024-07-02T15:51:19.989+0000] {task_command.py:423} INFO - Running <TaskInstance: pipeline.transform.dim_product_run scheduled__2024-07-01T00:00:00+00:00 [running]> on host 907144e2666d
[2024-07-02T15:51:20.320+0000] {taskinstance.py:2481} INFO - Exporting env vars: AIRFLOW_CTX_DAG_OWNER='***' AIRFLOW_CTX_DAG_ID='pipeline' AIRFLOW_CTX_TASK_ID='transform.dim_product_run' AIRFLOW_CTX_EXECUTION_DATE='2024-07-01T00:00:00+00:00' AIRFLOW_CTX_TRY_NUMBER='1' AIRFLOW_CTX_DAG_RUN_ID='scheduled__2024-07-01T00:00:00+00:00'
[2024-07-02T15:51:20.330+0000] {log.py:232} WARNING - [[34m2024-07-02T15:51:20.329+0000[0m] {[34mlocal.py:[0m174} INFO[0m - [35m(astronomer-cosmos)[0m - Could not import dbtRunner. Falling back to subprocess for invoking dbt.[0m
[2024-07-02T15:51:20.330+0000] {log.py:232} WARNING - [[34m2024-07-02T15:51:20.329+0000[0m] {[34mlocal.py:[0m174} INFO[0m - [35m(astronomer-cosmos)[0m - Could not import dbtRunner. Falling back to subprocess for invoking dbt.[0m
[2024-07-02T15:51:20.329+0000] {local.py:174} INFO - Could not import dbtRunner. Falling back to subprocess for invoking dbt.
[2024-07-02T15:51:20.344+0000] {log.py:232} WARNING - [[34m2024-07-02T15:51:20.344+0000[0m] {[34mlocal.py:[0m292} INFO[0m - [35m(astronomer-cosmos)[0m - Cloning project to writable temp directory /tmp/tmpjow90vsu from /opt/***/dossier/dbt[0m
[2024-07-02T15:51:20.345+0000] {log.py:232} WARNING - [[34m2024-07-02T15:51:20.344+0000[0m] {[34mlocal.py:[0m292} INFO[0m - [35m(astronomer-cosmos)[0m - Cloning project to writable temp directory /tmp/tmpjow90vsu from /opt/***/dossier/dbt[0m
[2024-07-02T15:51:20.344+0000] {local.py:292} INFO - Cloning project to writable temp directory /tmp/tmpjow90vsu from /opt/airflow/dossier/dbt
[2024-07-02T15:51:20.351+0000] {log.py:232} WARNING - [[34m2024-07-02T15:51:20.347+0000[0m] {[34mlocal.py:[0m303} INFO[0m - [35m(astronomer-cosmos)[0m - Partial parse is enabled and the latest partial parse file is /opt/***/dossier/dbt/target/partial_parse.msgpack[0m
[2024-07-02T15:51:20.352+0000] {log.py:232} WARNING - [[34m2024-07-02T15:51:20.347+0000[0m] {[34mlocal.py:[0m303} INFO[0m - [35m(astronomer-cosmos)[0m - Partial parse is enabled and the latest partial parse file is /opt/***/dossier/dbt/target/partial_parse.msgpack[0m
[2024-07-02T15:51:20.347+0000] {local.py:303} INFO - Partial parse is enabled and the latest partial parse file is /opt/airflow/dossier/dbt/target/partial_parse.msgpack
[2024-07-02T15:51:20.394+0000] {log.py:232} WARNING - [[34m2024-07-02T15:51:20.393+0000[0m] {[34mconfig.py:[0m288} INFO[0m - [35m(astronomer-cosmos)[0m - Using user-supplied profiles.yml at /opt/***/dossier/dbt/profiles.yml[0m
[2024-07-02T15:51:20.395+0000] {log.py:232} WARNING - [[34m2024-07-02T15:51:20.393+0000[0m] {[34mconfig.py:[0m288} INFO[0m - [35m(astronomer-cosmos)[0m - Using user-supplied profiles.yml at /opt/***/dossier/dbt/profiles.yml[0m
[2024-07-02T15:51:20.393+0000] {config.py:288} INFO - Using user-supplied profiles.yml at /opt/***/dossier/dbt/profiles.yml
[2024-07-02T15:51:20.401+0000] {log.py:232} WARNING - [[34m2024-07-02T15:51:20.401+0000[0m] {[34mlocal.py:[0m247} INFO[0m - [35m(astronomer-cosmos)[0m - Trying to run the command:
 ['/opt/***/dbt_env/bin/dbt', 'run', '--models', 'dim_product', '--project-dir', '/tmp/tmpjow90vsu', '--profiles-dir', '/opt/***/dossier/dbt', '--profile', '***', '--target', 'dev']
From /tmp/tmpjow90vsu[0m
[2024-07-02T15:51:20.403+0000] {log.py:232} WARNING - [[34m2024-07-02T15:51:20.401+0000[0m] {[34mlocal.py:[0m247} INFO[0m - [35m(astronomer-cosmos)[0m - Trying to run the command:
 ['/opt/***/dbt_env/bin/dbt', 'run', '--models', 'dim_product', '--project-dir', '/tmp/tmpjow90vsu', '--profiles-dir', '/opt/***/dossier/dbt', '--profile', '***', '--target', 'dev']
From /tmp/tmpjow90vsu[0m
[2024-07-02T15:51:20.401+0000] {local.py:247} INFO - Trying to run the command:
 ['/opt/***/dbt_env/bin/dbt', 'run', '--models', 'dim_product', '--project-dir', '/tmp/tmpjow90vsu', '--profiles-dir', '/opt/***/dossier/dbt', '--profile', '***', '--target', 'dev']
From /tmp/tmpjow90vsu
[2024-07-02T15:51:20.405+0000] {log.py:232} WARNING - [[34m2024-07-02T15:51:20.404+0000[0m] {[34msubprocess.py:[0m60} INFO[0m - [35m(astronomer-cosmos)[0m - Tmp dir root location: 
 /tmp[0m
[2024-07-02T15:51:20.405+0000] {log.py:232} WARNING - [[34m2024-07-02T15:51:20.404+0000[0m] {[34msubprocess.py:[0m60} INFO[0m - [35m(astronomer-cosmos)[0m - Tmp dir root location: 
 /tmp[0m
[2024-07-02T15:51:20.404+0000] {subprocess.py:60} INFO - Tmp dir root location: 
 /tmp
[2024-07-02T15:51:20.406+0000] {log.py:232} WARNING - [[34m2024-07-02T15:51:20.406+0000[0m] {[34msubprocess.py:[0m73} INFO[0m - [35m(astronomer-cosmos)[0m - Running command: ['/opt/***/dbt_env/bin/dbt', 'run', '--models', 'dim_product', '--project-dir', '/tmp/tmpjow90vsu', '--profiles-dir', '/opt/***/dossier/dbt', '--profile', '***', '--target', 'dev'][0m
[2024-07-02T15:51:20.407+0000] {log.py:232} WARNING - [[34m2024-07-02T15:51:20.406+0000[0m] {[34msubprocess.py:[0m73} INFO[0m - [35m(astronomer-cosmos)[0m - Running command: ['/opt/***/dbt_env/bin/dbt', 'run', '--models', 'dim_product', '--project-dir', '/tmp/tmpjow90vsu', '--profiles-dir', '/opt/***/dossier/dbt', '--profile', '***', '--target', 'dev'][0m
[2024-07-02T15:51:20.406+0000] {subprocess.py:73} INFO - Running command: ['/opt/***/dbt_env/bin/dbt', 'run', '--models', 'dim_product', '--project-dir', '/tmp/tmpjow90vsu', '--profiles-dir', '/opt/***/dossier/dbt', '--profile', '***', '--target', 'dev']
[2024-07-02T15:51:20.454+0000] {log.py:232} WARNING - [[34m2024-07-02T15:51:20.453+0000[0m] {[34msubprocess.py:[0m84} INFO[0m - [35m(astronomer-cosmos)[0m - Command output:[0m
[2024-07-02T15:51:20.455+0000] {log.py:232} WARNING - [[34m2024-07-02T15:51:20.453+0000[0m] {[34msubprocess.py:[0m84} INFO[0m - [35m(astronomer-cosmos)[0m - Command output:[0m
[2024-07-02T15:51:20.453+0000] {subprocess.py:84} INFO - Command output:
[2024-07-02T15:51:27.529+0000] {log.py:232} WARNING - [[34m2024-07-02T15:51:27.529+0000[0m] {[34msubprocess.py:[0m94} INFO[0m - [35m(astronomer-cosmos)[0m - [0m15:51:27  Running with dbt=1.8.3[0m
[2024-07-02T15:51:27.535+0000] {log.py:232} WARNING - [[34m2024-07-02T15:51:27.529+0000[0m] {[34msubprocess.py:[0m94} INFO[0m - [35m(astronomer-cosmos)[0m - [0m15:51:27  Running with dbt=1.8.3[0m
[2024-07-02T15:51:27.529+0000] {subprocess.py:94} INFO - [0m15:51:27  Running with dbt=1.8.3
[2024-07-02T15:51:28.286+0000] {log.py:232} WARNING - [[34m2024-07-02T15:51:28.286+0000[0m] {[34msubprocess.py:[0m94} INFO[0m - [35m(astronomer-cosmos)[0m - [0m15:51:28  Registered adapter: postgres=1.8.2[0m
[2024-07-02T15:51:28.288+0000] {log.py:232} WARNING - [[34m2024-07-02T15:51:28.286+0000[0m] {[34msubprocess.py:[0m94} INFO[0m - [35m(astronomer-cosmos)[0m - [0m15:51:28  Registered adapter: postgres=1.8.2[0m
[2024-07-02T15:51:28.286+0000] {subprocess.py:94} INFO - [0m15:51:28  Registered adapter: postgres=1.8.2
[2024-07-02T15:51:28.848+0000] {log.py:232} WARNING - [[34m2024-07-02T15:51:28.848+0000[0m] {[34msubprocess.py:[0m94} INFO[0m - [35m(astronomer-cosmos)[0m - [0m15:51:28  Unable to do partial parsing because config vars, config profile, or config target have changed[0m
[2024-07-02T15:51:28.849+0000] {log.py:232} WARNING - [[34m2024-07-02T15:51:28.848+0000[0m] {[34msubprocess.py:[0m94} INFO[0m - [35m(astronomer-cosmos)[0m - [0m15:51:28  Unable to do partial parsing because config vars, config profile, or config target have changed[0m
[2024-07-02T15:51:28.848+0000] {subprocess.py:94} INFO - [0m15:51:28  Unable to do partial parsing because config vars, config profile, or config target have changed
[2024-07-02T15:51:36.013+0000] {log.py:232} WARNING - [[34m2024-07-02T15:51:36.013+0000[0m] {[34msubprocess.py:[0m94} INFO[0m - [35m(astronomer-cosmos)[0m - [0m15:51:36  Found 7 models, 2 sources, 529 macros[0m
[2024-07-02T15:51:36.014+0000] {log.py:232} WARNING - [[34m2024-07-02T15:51:36.013+0000[0m] {[34msubprocess.py:[0m94} INFO[0m - [35m(astronomer-cosmos)[0m - [0m15:51:36  Found 7 models, 2 sources, 529 macros[0m
[2024-07-02T15:51:36.013+0000] {subprocess.py:94} INFO - [0m15:51:36  Found 7 models, 2 sources, 529 macros
[2024-07-02T15:51:36.021+0000] {log.py:232} WARNING - [[34m2024-07-02T15:51:36.020+0000[0m] {[34msubprocess.py:[0m94} INFO[0m - [35m(astronomer-cosmos)[0m - [0m15:51:36[0m
[2024-07-02T15:51:36.022+0000] {log.py:232} WARNING - [[34m2024-07-02T15:51:36.020+0000[0m] {[34msubprocess.py:[0m94} INFO[0m - [35m(astronomer-cosmos)[0m - [0m15:51:36[0m
[2024-07-02T15:51:36.020+0000] {subprocess.py:94} INFO - [0m15:51:36
[2024-07-02T15:51:36.393+0000] {log.py:232} WARNING - [[34m2024-07-02T15:51:36.393+0000[0m] {[34msubprocess.py:[0m94} INFO[0m - [35m(astronomer-cosmos)[0m - [0m15:51:36  Concurrency: 1 threads (target='dev')[0m
[2024-07-02T15:51:36.394+0000] {log.py:232} WARNING - [[34m2024-07-02T15:51:36.393+0000[0m] {[34msubprocess.py:[0m94} INFO[0m - [35m(astronomer-cosmos)[0m - [0m15:51:36  Concurrency: 1 threads (target='dev')[0m
[2024-07-02T15:51:36.393+0000] {subprocess.py:94} INFO - [0m15:51:36  Concurrency: 1 threads (target='dev')
[2024-07-02T15:51:36.395+0000] {log.py:232} WARNING - [[34m2024-07-02T15:51:36.395+0000[0m] {[34msubprocess.py:[0m94} INFO[0m - [35m(astronomer-cosmos)[0m - [0m15:51:36[0m
[2024-07-02T15:51:36.396+0000] {log.py:232} WARNING - [[34m2024-07-02T15:51:36.395+0000[0m] {[34msubprocess.py:[0m94} INFO[0m - [35m(astronomer-cosmos)[0m - [0m15:51:36[0m
[2024-07-02T15:51:36.395+0000] {subprocess.py:94} INFO - [0m15:51:36
[2024-07-02T15:51:36.412+0000] {log.py:232} WARNING - [[34m2024-07-02T15:51:36.412+0000[0m] {[34msubprocess.py:[0m94} INFO[0m - [35m(astronomer-cosmos)[0m - [0m15:51:36  1 of 1 START sql table model public.dim_product ................................ [RUN][0m
[2024-07-02T15:51:36.413+0000] {log.py:232} WARNING - [[34m2024-07-02T15:51:36.412+0000[0m] {[34msubprocess.py:[0m94} INFO[0m - [35m(astronomer-cosmos)[0m - [0m15:51:36  1 of 1 START sql table model public.dim_product ................................ [RUN][0m
[2024-07-02T15:51:36.412+0000] {subprocess.py:94} INFO - [0m15:51:36  1 of 1 START sql table model public.dim_product ................................ [RUN]
[2024-07-02T15:51:39.343+0000] {log.py:232} WARNING - [[34m2024-07-02T15:51:39.342+0000[0m] {[34msubprocess.py:[0m94} INFO[0m - [35m(astronomer-cosmos)[0m - [0m15:51:39  1 of 1 OK created sql table model public.dim_product ........................... [[32mSELECT 16282[0m in 2.92s][0m
[2024-07-02T15:51:39.343+0000] {log.py:232} WARNING - [[34m2024-07-02T15:51:39.342+0000[0m] {[34msubprocess.py:[0m94} INFO[0m - [35m(astronomer-cosmos)[0m - [0m15:51:39  1 of 1 OK created sql table model public.dim_product ........................... [[32mSELECT 16282[0m in 2.92s][0m
[2024-07-02T15:51:39.342+0000] {subprocess.py:94} INFO - [0m15:51:39  1 of 1 OK created sql table model public.dim_product ........................... [[32mSELECT 16282[0m in 2.92s]
[2024-07-02T15:51:39.367+0000] {log.py:232} WARNING - [[34m2024-07-02T15:51:39.367+0000[0m] {[34msubprocess.py:[0m94} INFO[0m - [35m(astronomer-cosmos)[0m - [0m15:51:39[0m
[2024-07-02T15:51:39.368+0000] {log.py:232} WARNING - [[34m2024-07-02T15:51:39.367+0000[0m] {[34msubprocess.py:[0m94} INFO[0m - [35m(astronomer-cosmos)[0m - [0m15:51:39[0m
[2024-07-02T15:51:39.367+0000] {subprocess.py:94} INFO - [0m15:51:39
[2024-07-02T15:51:39.369+0000] {log.py:232} WARNING - [[34m2024-07-02T15:51:39.369+0000[0m] {[34msubprocess.py:[0m94} INFO[0m - [35m(astronomer-cosmos)[0m - [0m15:51:39  Finished running 1 table model in 0 hours 0 minutes and 3.34 seconds (3.34s).[0m
[2024-07-02T15:51:39.369+0000] {log.py:232} WARNING - [[34m2024-07-02T15:51:39.369+0000[0m] {[34msubprocess.py:[0m94} INFO[0m - [35m(astronomer-cosmos)[0m - [0m15:51:39  Finished running 1 table model in 0 hours 0 minutes and 3.34 seconds (3.34s).[0m
[2024-07-02T15:51:39.369+0000] {subprocess.py:94} INFO - [0m15:51:39  Finished running 1 table model in 0 hours 0 minutes and 3.34 seconds (3.34s).
[2024-07-02T15:51:39.537+0000] {log.py:232} WARNING - [[34m2024-07-02T15:51:39.537+0000[0m] {[34msubprocess.py:[0m94} INFO[0m - [35m(astronomer-cosmos)[0m - [0m15:51:39[0m
[2024-07-02T15:51:39.538+0000] {log.py:232} WARNING - [[34m2024-07-02T15:51:39.537+0000[0m] {[34msubprocess.py:[0m94} INFO[0m - [35m(astronomer-cosmos)[0m - [0m15:51:39[0m
[2024-07-02T15:51:39.537+0000] {subprocess.py:94} INFO - [0m15:51:39
[2024-07-02T15:51:39.539+0000] {log.py:232} WARNING - [[34m2024-07-02T15:51:39.538+0000[0m] {[34msubprocess.py:[0m94} INFO[0m - [35m(astronomer-cosmos)[0m - [0m15:51:39  [32mCompleted successfully[0m[0m
[2024-07-02T15:51:39.539+0000] {log.py:232} WARNING - [[34m2024-07-02T15:51:39.538+0000[0m] {[34msubprocess.py:[0m94} INFO[0m - [35m(astronomer-cosmos)[0m - [0m15:51:39  [32mCompleted successfully[0m[0m
[2024-07-02T15:51:39.538+0000] {subprocess.py:94} INFO - [0m15:51:39  [32mCompleted successfully[0m
[2024-07-02T15:51:39.540+0000] {log.py:232} WARNING - [[34m2024-07-02T15:51:39.540+0000[0m] {[34msubprocess.py:[0m94} INFO[0m - [35m(astronomer-cosmos)[0m - [0m15:51:39[0m
[2024-07-02T15:51:39.540+0000] {log.py:232} WARNING - [[34m2024-07-02T15:51:39.540+0000[0m] {[34msubprocess.py:[0m94} INFO[0m - [35m(astronomer-cosmos)[0m - [0m15:51:39[0m
[2024-07-02T15:51:39.540+0000] {subprocess.py:94} INFO - [0m15:51:39
[2024-07-02T15:51:39.541+0000] {log.py:232} WARNING - [[34m2024-07-02T15:51:39.541+0000[0m] {[34msubprocess.py:[0m94} INFO[0m - [35m(astronomer-cosmos)[0m - [0m15:51:39  Done. PASS=1 WARN=0 ERROR=0 SKIP=0 TOTAL=1[0m
[2024-07-02T15:51:39.542+0000] {log.py:232} WARNING - [[34m2024-07-02T15:51:39.541+0000[0m] {[34msubprocess.py:[0m94} INFO[0m - [35m(astronomer-cosmos)[0m - [0m15:51:39  Done. PASS=1 WARN=0 ERROR=0 SKIP=0 TOTAL=1[0m
[2024-07-02T15:51:39.541+0000] {subprocess.py:94} INFO - [0m15:51:39  Done. PASS=1 WARN=0 ERROR=0 SKIP=0 TOTAL=1
[2024-07-02T15:51:40.926+0000] {log.py:232} WARNING - [[34m2024-07-02T15:51:40.926+0000[0m] {[34msubprocess.py:[0m98} INFO[0m - [35m(astronomer-cosmos)[0m - Command exited with return code 0[0m
[2024-07-02T15:51:40.926+0000] {log.py:232} WARNING - [[34m2024-07-02T15:51:40.926+0000[0m] {[34msubprocess.py:[0m98} INFO[0m - [35m(astronomer-cosmos)[0m - Command exited with return code 0[0m
[2024-07-02T15:51:40.926+0000] {subprocess.py:98} INFO - Command exited with return code 0
[2024-07-02T15:51:40.927+0000] {log.py:232} WARNING - [[34m2024-07-02T15:51:40.927+0000[0m] {[34mlocal.py:[0m254} INFO[0m - [35m(astronomer-cosmos)[0m - [0m15:51:39  Done. PASS=1 WARN=0 ERROR=0 SKIP=0 TOTAL=1[0m
[2024-07-02T15:51:40.927+0000] {log.py:232} WARNING - [[34m2024-07-02T15:51:40.927+0000[0m] {[34mlocal.py:[0m254} INFO[0m - [35m(astronomer-cosmos)[0m - [0m15:51:39  Done. PASS=1 WARN=0 ERROR=0 SKIP=0 TOTAL=1[0m
[2024-07-02T15:51:40.927+0000] {local.py:254} INFO - [0m15:51:39  Done. PASS=1 WARN=0 ERROR=0 SKIP=0 TOTAL=1
[2024-07-02T15:51:40.939+0000] {local.py:138} WARNING - Artifact schema version: https://schemas.getdbt.com/dbt/manifest/v12.json is above dbt-ol supported version 7. This might cause errors.
[2024-07-02T15:51:40.939+0000] {local.py:138} WARNING - Artifact schema version: https://schemas.getdbt.com/dbt/run-results/v6.json is above dbt-ol supported version 5. This might cause errors.
[2024-07-02T15:51:40.945+0000] {log.py:232} WARNING - [[34m2024-07-02T15:51:40.945+0000[0m] {[34mlocal.py:[0m349} INFO[0m - [35m(astronomer-cosmos)[0m - Inlets: [][0m
[2024-07-02T15:51:40.945+0000] {log.py:232} WARNING - [[34m2024-07-02T15:51:40.945+0000[0m] {[34mlocal.py:[0m349} INFO[0m - [35m(astronomer-cosmos)[0m - Inlets: [][0m
[2024-07-02T15:51:40.945+0000] {local.py:349} INFO - Inlets: []
[2024-07-02T15:51:40.946+0000] {log.py:232} WARNING - [[34m2024-07-02T15:51:40.946+0000[0m] {[34mlocal.py:[0m350} INFO[0m - [35m(astronomer-cosmos)[0m - Outlets: [Dataset(uri='postgres://postgres:5432/***.public.dim_product', extra=None)][0m
[2024-07-02T15:51:40.946+0000] {log.py:232} WARNING - [[34m2024-07-02T15:51:40.946+0000[0m] {[34mlocal.py:[0m350} INFO[0m - [35m(astronomer-cosmos)[0m - Outlets: [Dataset(uri='postgres://postgres:5432/***.public.dim_product', extra=None)][0m
[2024-07-02T15:51:40.946+0000] {local.py:350} INFO - Outlets: [Dataset(uri='postgres://postgres:5432/airflow.public.dim_product', extra=None)]
[2024-07-02T15:51:40.947+0000] {dag.py:3033} INFO - Sync 1 DAGs
[2024-07-02T15:51:40.979+0000] {dag.py:3820} INFO - Setting next_dagrun for pipeline to 2024-07-02T00:00:00+00:00, run_after=2024-07-03T00:00:00+00:00
[2024-07-02T15:51:41.017+0000] {warnings.py:109} WARNING - /home/***/.local/lib/python3.8/site-packages/***/models/baseoperator.py:1476: RemovedInAirflow3Warning: Passing 'execution_date' to 'TaskInstance.xcom_push()' is deprecated.
  context["ti"].xcom_push(key=key, value=value, execution_date=execution_date)

[2024-07-02T15:51:41.047+0000] {taskinstance.py:1138} INFO - Marking task as SUCCESS. dag_id=pipeline, task_id=transform.dim_product_run, execution_date=20240701T000000, start_date=20240702T155119, end_date=20240702T155141
[2024-07-02T15:51:41.116+0000] {local_task_job_runner.py:234} INFO - Task exited with return code 0
[2024-07-02T15:51:41.166+0000] {taskinstance.py:3281} INFO - 1 downstream tasks scheduled from follow-on schedule check
