[2024-07-02T15:28:29.783+0000] {taskinstance.py:1957} INFO - Dependencies all met for dep_context=non-requeueable deps ti=<TaskInstance: pipeline.cde_la_table manual__2024-07-02T15:28:28.597107+00:00 [queued]>
[2024-07-02T15:28:29.790+0000] {taskinstance.py:1957} INFO - Dependencies all met for dep_context=requeueable deps ti=<TaskInstance: pipeline.cde_la_table manual__2024-07-02T15:28:28.597107+00:00 [queued]>
[2024-07-02T15:28:29.790+0000] {taskinstance.py:2171} INFO - Starting attempt 1 of 1
[2024-07-02T15:28:29.803+0000] {taskinstance.py:2192} INFO - Executing <Task(PostgresOperator): cde_la_table> on 2024-07-02 15:28:28.597107+00:00
[2024-07-02T15:28:29.808+0000] {standard_task_runner.py:60} INFO - Started process 1211 to run task
[2024-07-02T15:28:29.811+0000] {standard_task_runner.py:87} INFO - Running: ['***', 'tasks', 'run', 'pipeline', 'cde_la_table', 'manual__2024-07-02T15:28:28.597107+00:00', '--job-id', '23', '--raw', '--subdir', 'DAGS_FOLDER/pipeline.py', '--cfg-path', '/tmp/tmpktbdj08p']
[2024-07-02T15:28:29.814+0000] {standard_task_runner.py:88} INFO - Job 23: Subtask cde_la_table
[2024-07-02T15:28:29.857+0000] {task_command.py:423} INFO - Running <TaskInstance: pipeline.cde_la_table manual__2024-07-02T15:28:28.597107+00:00 [running]> on host e21b7712e0d7
[2024-07-02T15:28:29.929+0000] {taskinstance.py:2481} INFO - Exporting env vars: AIRFLOW_CTX_DAG_OWNER='***' AIRFLOW_CTX_DAG_ID='pipeline' AIRFLOW_CTX_TASK_ID='cde_la_table' AIRFLOW_CTX_EXECUTION_DATE='2024-07-02T15:28:28.597107+00:00' AIRFLOW_CTX_TRY_NUMBER='1' AIRFLOW_CTX_DAG_RUN_ID='manual__2024-07-02T15:28:28.597107+00:00'
[2024-07-02T15:28:29.930+0000] {sql.py:276} INFO - Executing: 
            CREATE TABLE IF NOT EXISTS products (
                InvoiceNo TEXT ,
                StockCode TEXT ,
                Description TEXT ,
                Quantity INTEGER ,
                InvoiceDate TIMESTAMP ,
                UnitPrice REAL ,
                CustomerID REAL  ,
                Country TEXT 
            );
[2024-07-02T15:28:29.937+0000] {base.py:83} INFO - Using connection ID 'postgres' for task execution.
[2024-07-02T15:28:29.944+0000] {base.py:83} INFO - Using connection ID 'postgres' for task execution.
[2024-07-02T15:28:29.948+0000] {sql.py:432} INFO - Running statement: 
            CREATE TABLE IF NOT EXISTS products (
                InvoiceNo TEXT ,
                StockCode TEXT ,
                Description TEXT ,
                Quantity INTEGER ,
                InvoiceDate TIMESTAMP ,
                UnitPrice REAL ,
                CustomerID REAL  ,
                Country TEXT 
            );, parameters: None
[2024-07-02T15:28:29.957+0000] {taskinstance.py:1138} INFO - Marking task as SUCCESS. dag_id=pipeline, task_id=cde_la_table, execution_date=20240702T152828, start_date=20240702T152829, end_date=20240702T152829
[2024-07-02T15:28:29.983+0000] {local_task_job_runner.py:234} INFO - Task exited with return code 0
[2024-07-02T15:28:30.016+0000] {taskinstance.py:3281} INFO - 1 downstream tasks scheduled from follow-on schedule check
